1791/04/02 12:00:00    NA 0.00   NA  9.8 11.7  9.1 1001.4 1016.2   NA  7.7  49.5   -5.6     NA 10.4 
1791/04/03 12:00:00  1.66 0.00   NA 10.8 11.7  9.9 1001.1 1016.7   NA  7.9  48.8   -7.2     NA 11.3 
1791/04/04 13:00:00  2.70 0.00   NA 11.8 12.8 10.8     NA 1017.1   NA  8.2  46.8   -8.4     NA 11.9 
1791/04/05 13:00:00  0.99 0.00   NA 11.8 12.8 10.9 1003.8 1017.3   NA  8.3  46.2   -9.2     NA 12.1 
1791/04/06 13:00:00  0.91 0.00   NA 12.1 13.3 11.3 1002.3 1017.4   NA  8.4  45.5   -9.2     NA 12.4 
1791/04/07 13:00:00  1.22 0.00   NA 12.2 13.9 11.3  997.9 1017.5   NA  8.4  45.7  -10.5     NA 12.5 
1791/04/08 13:00:00  0.26 0.00   NA 12.2 13.9 11.4 1013.3 1017.5   NA  8.4  45.8  -10.8     NA 12.5 
1791/04/09 13:00:00  1.11 0.00   NA 12.2 14.4 11.4 1006.8 1017.6   NA  8.4  45.4  -11.8     NA 12.7 
1791/04/10 13:00:00  0.64 0.00   NA 12.3 13.9 11.4 1009.9 1017.8   NA  8.4  45.3  -12.5     NA 12.7 
1791/04/11 13:00:00  0.65 0.00   NA 12.6 13.9 11.8 1011.5 1017.8   NA  8.5  44.8  -12.2     NA 13.2 
1791/04/12 13:00:00  0.99 0.00   NA 12.6 13.3 11.8 1007.1 1018.0   NA  8.5  44.4  -13.0     NA 13.1 
1791/04/13 13:00:00  1.22 0.00   NA 13.0 13.3 12.1 1014.4 1017.7   NA  8.4  43.7  -12.1     NA 13.5 
1791/04/14 13:00:00  0.61 0.00   NA 13.1 15.0 12.2 1012.2 1017.6   NA  8.4  43.3  -12.5     NA 13.6 
1791/04/15 13:00:00  1.08 0.00   NA 13.5 15.6 12.6 1007.8 1017.9   NA  8.1  42.8  -13.4     NA 13.8 
1791/04/16 13:00:00  0.42 0.00   NA 13.5 16.1 12.6 1014.4 1017.8   NA  8.1  42.5  -13.2     NA 13.8 
1791/04/17 13:00:00  0.39 0.00   NA 13.5 15.6 12.6 1017.4 1017.8   NA  8.1  42.2  -13.2     NA 13.9 
1791/04/18 13:00:00  1.43 0.00   NA 14.0 17.2 13.0 1016.5 1017.5   NA  7.7  41.2  -12.7     NA 14.4 
1791/04/19 13:00:00  2.16 0.00   NA 14.9 16.1 13.8 1016.1 1017.8   NA  7.3  39.5  -13.0     NA 15.6 
1791/04/20 13:00:00  2.18 0.00   NA 15.8 16.1 14.6 1017.9 1017.8   NA  6.9  37.9  -13.5     NA 16.3 
1791/04/21 13:00:00  2.52 0.00   NA 16.3 16.7 15.1 1022.3 1018.5   NA  6.7  36.3  -15.0     NA 16.8 
1791/04/22 13:00:00  1.79 0.00   NA 16.8 16.7 15.5 1023.4 1018.5   NA  6.5  35.1  -15.9     NA 17.1 
1791/04/23 13:00:00  1.56 0.00   NA 17.3 18.3 16.0 1020.1 1018.8   NA  6.1  34.1  -16.7     NA 17.6 
1791/04/24 13:00:00  0.87 0.00   NA 17.7 18.9 16.4 1015.0 1018.7   NA  5.5  33.5  -16.6     NA 18.1 
1791/04/25 13:00:00  1.34 0.00   NA 18.1 18.3 16.8 1009.2 1018.5   NA  5.4  32.4  -16.6     NA 18.5 
1791/04/26 13:00:00  0.13 0.00   NA 18.1 18.3 16.9 1014.3 1018.6   NA  5.4  32.3  -16.5     NA 18.5 
1791/04/27 13:00:00  2.10 0.00   NA 18.7 19.4 17.5 1017.8 1018.2   NA  5.9  30.7  -16.4     NA 19.1 
1791/04/28 13:00:00    NA   NA   NA   NA 18.9   NA 1018.3     NA   NA   NA  28.9     NA     NA   NA 
1791/05/07 13:00:00    NA   NA   NA   NA 20.0   NA 1022.5     NA   NA   NA  28.5     NA     NA   NA 
1791/05/08 13:00:00    NA 0.00   NA 19.5 20.0 18.6 1022.0 1017.3   NA  5.4  27.3  -16.6     NA 20.6 
1791/05/09 13:00:00  2.39 0.00   NA 19.9 21.1 19.0 1018.8 1016.8   NA  6.6  25.7  -17.5     NA 21.3 
1791/05/10 13:00:00  2.78 0.00   NA 20.1 20.6 19.4 1019.4 1016.3   NA  7.5  23.8  -18.6     NA 21.6 
1791/05/11 13:00:00  3.01 0.00   NA 21.0 21.1 20.1 1020.6 1016.6   NA  7.5  22.1  -20.4     NA 21.9 
1791/05/12 13:00:00  3.18 0.00   NA 21.6 22.2 20.7 1019.7 1016.2   NA  7.7  20.4  -22.3     NA 22.6 
1791/05/13 14:00:00  2.97 0.00   NA 22.4 22.2 21.5 1017.8 1016.0   NA  7.5  19.0  -24.4     NA 23.1 
1791/05/14 14:00:00  2.83 0.00   NA 22.9 22.2 21.9 1016.9 1015.9   NA  7.4  17.2  -25.7     NA 23.5 
1791/05/15 14:00:00  2.65 0.00   NA 23.6 22.8 22.4 1016.0 1015.0   NA  6.3  15.1  -25.7     NA 24.2 
1791/05/16 14:00:00  2.46 0.00   NA 24.1 22.8 22.9 1014.6 1014.2   NA  6.2  13.4  -24.9     NA 24.7 
1791/05/17 14:00:00  3.08 0.00   NA 24.7 23.9 23.4 1013.1 1013.5   NA  5.9  11.2  -23.9     NA 25.2 
1791/05/18 14:00:00  2.23 0.00   NA 26.0 25.6 24.5 1011.9 1013.1   NA  5.0   9.6  -23.2     NA 26.2 
1791/05/19 14:00:00  2.02 0.00   NA 26.9 26.7 25.3 1011.9 1012.9   NA  4.3   8.1  -22.7     NA 27.1 
1791/05/20 13:00:00  1.73 0.00   NA 27.7 27.2 26.2 1012.4 1012.8   NA  3.4   6.9  -22.2     NA 27.5 
1791/05/21 13:00:00  0.70 0.00   NA 27.7 27.2 26.2 1013.0 1012.8   NA  3.4   6.4  -22.4     NA 27.5 
1791/05/22 13:00:00  0.91 0.00   NA 28.0 27.8 26.4 1013.6 1012.8   NA  3.2   5.7  -22.5     NA 27.3 
1791/05/23 13:00:00  1.03 0.00   NA 28.1 27.2 26.5 1013.6 1012.8   NA  3.4   5.0  -22.2     NA 27.2 
1791/05/24 14:00:00  0.94 0.00   NA 28.1 28.3 26.4 1013.9 1012.8   NA  3.4   4.4  -22.8     NA 27.2 
1791/05/25 14:00:00  1.63 0.00   NA 28.0 28.3 26.4 1013.6 1012.9   NA  3.9   3.4  -23.5     NA 27.4 
1791/05/26 14:00:00  1.85 0.00   NA 27.9 27.8 26.5 1013.2 1012.9   NA  4.4   2.1  -24.2     NA 27.7 
1791/05/27 14:00:00  1.91 0.00   NA 27.6 27.8 26.5 1012.3 1012.9   NA  5.3   0.8  -24.9     NA 27.5 
1791/05/28 14:00:00  2.63 0.00   NA 27.6 26.7 26.6 1011.1 1013.0   NA  5.5  -1.0  -25.9     NA 27.5 
1791/05/29 14:00:00  2.69 0.00   NA 27.9 27.2 26.7 1012.4 1013.3   NA  6.5  -3.0  -26.2     NA 27.9 
1791/05/30 14:00:00  3.02 0.00   NA 27.9 27.8 26.7 1013.4 1013.6   NA  7.0  -5.0  -27.4     NA 27.8 
1791/05/31 14:00:00  2.65 0.00   NA 28.0 27.8 26.6 1012.7 1013.8   NA  7.1  -6.6  -28.7     NA 28.0 
1791/06/01 14:00:00  1.84 0.00   NA 27.8 27.8 26.6 1013.1 1014.1   NA  7.2  -7.9  -29.4     NA 27.8 
1791/06/02 14:00:00  2.42 0.00   NA 27.3 27.8 26.3 1013.8 1014.6   NA  7.3  -9.7  -29.1     NA 27.0 
1791/06/03 14:00:00  1.83 0.00   NA 27.0 27.2 25.9 1014.6 1015.3   NA  7.3 -11.1  -28.9     NA 26.4 
1791/06/04 14:00:00  2.30 0.00   NA 26.8 26.7 25.6 1014.8 1015.7   NA  7.3 -12.9  -28.6     NA 26.1 
1791/06/05 14:00:00  2.31 0.00   NA 26.4 26.1 25.1 1015.2 1016.5   NA  7.0 -14.7  -28.2     NA 25.7 
1791/06/06 14:00:00  1.00 0.00   NA 26.2 26.1 24.7 1015.2 1017.0   NA  6.9 -15.4  -27.9     NA 25.5 
1791/06/07 14:00:00  1.23 0.00   NA 25.8 26.1 24.5 1018.4 1017.4   NA  6.7 -16.3  -27.9     NA 25.6 
1791/06/08 14:00:00  2.02 0.00   NA 25.6 25.6 24.3 1018.5 1017.9   NA  6.5 -17.9  -27.8     NA 25.5 
1791/06/09 14:00:00  2.43 0.00   NA 25.5 25.0 23.9 1017.6 1018.8   NA  6.2 -19.8  -27.6     NA 24.9 
1791/06/10 14:00:00  2.46 0.00   NA 25.3 25.0 23.7 1018.1 1019.4   NA  5.9 -21.7  -27.4     NA 23.7 
1791/06/11 14:00:00  1.39 0.00   NA 24.9 25.0 23.4 1016.9 1019.8   NA  5.9 -22.7  -27.1     NA 23.0 
1791/06/12 14:00:00  2.02 0.00   NA 23.9 24.4 22.7 1017.0 1020.3   NA  5.9 -23.8  -25.8     NA 22.6 
1791/06/13 14:00:00  2.65 0.00   NA 22.5 24.4 21.2 1017.2 1020.8   NA  6.2 -25.0  -24.0     NA 21.2 
1791/06/14 13:00:00  3.16 0.00   NA 22.0 23.3 20.2 1013.8 1021.0   NA  6.3 -26.4  -21.9     NA 20.5 
1791/06/15 13:00:00  3.44 0.00   NA 21.2 19.4 19.5 1018.4 1021.1   NA  6.5 -27.1  -19.0     NA 19.9 
1791/06/16 13:00:00  2.19 0.00   NA 21.1 18.9 19.4 1019.1 1021.3   NA  6.5 -27.1  -17.1     NA 20.0 
1791/06/17 13:00:00  3.30 0.00   NA 20.9 18.9 19.0 1015.2 1021.5   NA  6.4 -27.9  -14.4     NA 19.6 
1791/06/18 13:00:00  2.51 0.00   NA 20.5 16.7 19.0 1021.6 1021.6   NA  6.3 -27.9  -12.2     NA 19.2 
1791/06/19 13:00:00  0.35 0.00   NA 20.1 18.3 18.5 1024.5 1021.6   NA  6.5 -28.1  -12.1     NA 18.8 
1791/06/20 13:00:00  0.47 0.00   NA 20.2 18.9 18.4 1026.8 1021.7   NA  6.5 -28.3  -11.7     NA 19.0 
1791/06/21 13:00:00  0.58 0.00   NA 20.1 19.4 18.4 1027.9 1021.8   NA  6.5 -28.6  -11.3     NA 19.0 
1791/06/22 13:00:00  0.50 0.00   NA 20.2 19.4 18.3 1025.6 1021.9   NA  6.5 -28.6  -10.8     NA 19.2 
1791/06/23 13:00:00  0.92 0.00   NA 19.6 18.3 17.7 1022.9 1021.9   NA  6.8 -29.1  -10.2     NA 18.7 
1791/06/24 13:00:00  1.16 0.00   NA 19.5 18.3 17.7 1023.7 1022.0   NA  6.8 -29.8   -9.6     NA 18.6 
1791/06/25 13:00:00  2.15 0.00   NA 18.4 20.0 17.1 1020.1 1021.4   NA  7.6 -31.3   -8.7     NA 17.7 
1791/06/26 12:00:00  1.85 0.00   NA 17.9 18.3 16.7 1027.0 1021.0   NA  8.0 -32.0   -7.3     NA 16.7 
1791/06/27 12:00:00  1.46 0.00   NA 17.8 17.2 16.6 1023.4 1021.1   NA  8.0 -32.5   -6.0     NA 16.8 
1791/06/28 12:00:00  1.43 0.00   NA 17.7 16.7 16.4 1028.5 1021.2   NA  7.9 -32.0   -4.9     NA 16.4 
1791/06/29 12:00:00  0.74 0.00   NA 18.1 17.2 16.8 1025.5 1021.7   NA  7.4 -31.9   -4.2     NA 17.1 
1791/06/30 12:00:00  1.42 0.00   NA 17.5 17.2 16.2 1020.9 1021.3   NA  7.8 -32.7   -3.2     NA 16.1 
1791/07/01 12:00:00  2.97 0.00   NA 16.8 17.2 15.3 1019.8 1021.1   NA  8.1 -33.9   -0.9     NA 16.0 
1791/07/02 12:00:00  3.31 0.00   NA 15.5 16.7 14.3 1017.3 1020.2   NA  8.9 -35.2    1.8     NA 15.6 
1791/07/03 12:00:00  3.52 0.00   NA 15.7 12.8 14.2 1018.6 1020.2   NA  8.6 -35.2    5.2     NA 15.4 
1791/07/04 12:00:00  1.13 0.00   NA 15.7 13.3 14.1 1019.5 1020.2   NA  8.5 -35.2    6.2     NA 15.1 
1791/07/05 11:00:00  3.34 0.00   NA 15.7 13.3 14.1 1008.0 1020.2   NA  8.2 -35.8    9.2     NA 15.7 
1791/07/06 11:00:00  1.78 0.00   NA 15.9 13.3 14.2 1011.1 1020.2   NA  8.2 -35.4   10.9     NA 15.5 
1791/07/07 11:00:00  2.91 0.00   NA 16.4 16.7 14.7 1015.0 1020.2   NA  8.1 -35.2   13.6     NA 15.4 
1791/07/08 11:00:00  3.20 0.00   NA 16.5 16.7 14.9 1016.0 1020.1   NA  7.9 -35.1   16.7     NA 15.4 
1791/07/09 11:00:00  1.93 0.00   NA 15.9 15.6 14.9 1025.2 1020.5   NA  6.0 -34.4   18.3     NA 15.5 
1791/07/10 11:00:00  0.13 0.00   NA 15.9 15.0 14.9 1023.0 1020.6   NA  6.0 -34.3   18.4     NA 15.5 
1791/08/18 11:00:00  0.06 0.00   NA 15.8 18.3 14.6 1004.1 1019.1   NA  7.5 -35.9   19.4     NA 15.2 
1791/08/19 11:00:00  3.65 0.00   NA 17.4 18.3 15.3  998.4 1018.0   NA  8.7 -37.5   22.2     NA 16.5 
1791/08/20 10:00:00  2.96 0.00   NA 17.5 17.8 15.9  993.4 1017.9   NA  8.6 -37.7   25.0     NA 16.4 
1791/08/21 10:00:00  2.28 0.00   NA 16.1 15.6 15.0 1000.9 1017.6   NA  8.9 -38.0   27.2     NA 15.4 
1791/08/22 10:00:00  2.78 0.00   NA 16.6 13.9 15.1 1002.6 1017.7   NA  9.0 -38.6   29.9     NA 15.8 
1791/08/23 10:00:00  2.20 0.00   NA 15.1 12.8 14.4 1015.2 1017.5   NA  9.3 -39.1   32.0     NA 13.9 
1791/08/24 10:00:00  2.40 0.00   NA 15.1 14.4 14.2 1015.2 1017.8   NA  9.5 -39.5   34.3     NA 13.3 
1791/08/25 10:00:00  1.17 0.00   NA 15.2 14.4 13.8 1014.6 1017.9   NA  9.5 -39.6   35.5     NA 13.5 
1791/08/26 09:00:00  2.20 0.00   NA 14.9 15.6 13.0 1005.8 1018.0   NA  9.6 -39.7   37.6     NA 13.5 
1791/08/27 09:00:00  3.18 0.00   NA 14.1 15.0 12.4 1011.3 1018.2   NA  9.7 -39.4   40.8     NA 12.8 
1791/08/28 09:00:00  1.76 0.00   NA 15.5 13.9 13.2 1003.8 1018.9   NA  9.5 -38.9   42.5     NA 14.0 
1791/08/29 09:00:00  3.31 0.00   NA 15.7 11.7 13.2 1014.0 1019.1   NA  9.6 -38.7   45.8     NA 13.8 
1791/08/30 09:00:00  2.47 0.00   NA 15.5 11.7 13.9 1023.0 1020.1   NA  9.2 -38.0   48.0     NA 15.2 
1791/08/31 09:00:00  1.11 0.00   NA 15.0 15.0 13.2 1027.1 1019.4   NA  9.6 -38.3   49.0     NA 13.9 
1791/09/01 09:00:00  2.95 0.00   NA 15.0 16.7 13.1 1030.1 1019.5   NA  9.7 -38.3   52.0     NA 12.7 
1791/09/02 08:00:00  3.30 0.00   NA 14.9 17.8 12.7 1026.3 1019.8   NA  9.9 -38.5   55.1     NA 13.1 
1791/09/03 08:00:00  2.67 0.00   NA 14.6 17.8 12.7 1024.0 1019.7   NA 10.1 -38.5   57.7     NA 13.3 
1791/09/04 08:00:00  3.67 0.00   NA 14.5 17.2 12.4 1023.7 1019.6   NA 10.2 -38.1   61.3     NA 13.2 
1791/09/05 08:00:00  2.30 0.00   NA 14.4 17.2 12.6 1025.0 1020.3   NA  9.8 -37.8   63.6     NA 13.4 
1791/09/06 08:00:00  2.95 0.00   NA 13.9 16.7 12.2 1023.9 1019.2   NA 10.4 -38.0   66.5     NA 12.3 
1791/09/07 07:00:00  3.16 0.00   NA 13.7 16.1 12.2 1024.3 1019.1   NA 10.5 -38.2   69.5     NA 12.7 
1791/09/08 07:00:00  3.17 0.00   NA 13.2 17.2 11.3 1020.0 1018.9   NA 10.5 -38.6   72.6     NA 12.1 
1791/09/09 07:00:00  3.57 0.00   NA 13.0 15.6 11.6 1015.7 1018.6   NA 10.4 -38.7   76.1     NA 11.3 
1791/09/10 07:00:00  3.48 0.00   NA 12.6 15.0 11.1 1017.6 1018.3   NA 10.4 -38.1   79.5     NA 11.5 
1791/09/11 06:00:00  3.70 0.00   NA 12.4 15.6 11.0 1018.3 1018.4   NA 10.5 -38.4   83.0     NA 11.7 
1791/09/12 06:00:00  3.00 0.00   NA 12.3 15.0 11.0 1013.4 1018.4   NA 10.5 -38.7   86.0     NA 11.9 
1791/09/13 06:00:00  2.79 0.00   NA 12.2 15.0 11.2 1016.2 1018.2   NA 10.5 -38.8   88.7     NA 11.4 
1791/09/14 06:00:00  3.63 0.00   NA 12.0 15.0 10.6 1018.8 1017.7   NA 10.5 -38.4   92.3     NA 11.2 
1791/09/15 06:00:00  2.74 0.00   NA 11.9 13.9 10.4 1028.7 1017.3   NA 10.4 -38.0   95.0     NA 11.2 
1791/09/16 06:00:00  1.98 0.00   NA 12.1 13.3 11.0 1025.7 1018.1   NA  9.8 -37.9   96.9     NA 11.3 
1791/09/17 05:00:00  3.77 0.00   NA 12.4 15.0 11.4 1022.9 1017.8   NA  9.6 -37.6  100.4     NA 11.8 
1791/09/18 05:00:00  3.28 0.00   NA 13.1 15.0 11.7 1020.6 1018.6   NA  9.1 -36.8  103.5     NA 12.8 
1791/09/19 05:00:00  2.25 0.00   NA 13.5 14.4 12.1 1001.0 1018.5   NA  9.1 -36.6  105.6     NA 12.8 
1791/09/20 05:00:00  2.07 0.00   NA 14.2 15.0 12.7  992.7 1018.9   NA  8.5 -35.7  107.3     NA 13.2 
1791/09/21 05:00:00  2.46 0.00   NA 14.4 13.9 12.9 1000.8 1018.4   NA  8.4 -35.5  109.6     NA 13.3 
1791/09/22 05:00:00  2.07 0.00   NA 14.9 13.9 13.3  994.6 1017.9   NA  8.3 -35.4  111.6     NA 13.5 
1791/09/23 04:00:00  2.02 0.00   NA 15.4 14.4 13.6 1008.0 1017.4   NA  8.1 -35.1  113.4     NA 13.6 
1791/09/24 04:00:00  1.61 0.00   NA 15.9 12.2 13.6 1015.8 1017.1   NA  8.0 -35.5  114.9     NA 13.8 
1791/09/25 04:00:00  0.62 0.00   NA 16.4 14.4 13.6 1003.1 1016.9   NA  7.8 -35.7  115.4     NA 14.2 
1791/09/26 04:00:00  0.46 0.00   NA 16.4 16.1 13.6 1014.4 1016.9   NA  7.7 -35.4  115.5     NA 14.2 
1791/09/27 04:00:00  0.74 0.00   NA 16.1 17.2 13.7 1015.1 1016.7   NA  7.5 -35.1  116.1     NA 14.9 
1791/09/28 04:00:00  0.92 0.00   NA 16.1 17.8 13.7 1012.2 1016.7   NA  7.5 -35.4  116.9     NA 14.9 
1791/10/12 04:00:00  0.17 0.00   NA 15.5 16.1 14.2     NA 1015.8   NA  7.1 -35.6  119.2     NA 15.3 
1791/10/13 04:00:00  1.85 0.00   NA 15.7 16.7 14.5 1019.1 1016.1   NA  6.0 -34.3  119.9     NA 16.0 
1791/10/14 04:00:00  1.61 0.00   NA 15.2 15.6 14.0 1019.8 1015.9   NA  6.9 -34.6  121.4     NA 15.3 
1791/10/15 04:00:00  0.53 0.00   NA 15.2 16.1 14.0 1009.1 1015.9   NA  6.9 -35.0  121.2     NA 15.4 
1791/10/16 04:00:00  1.08 0.00   NA 15.0 16.1 13.7 1010.6 1015.6   NA  7.2 -35.5  122.0     NA 14.8 
1791/10/17 04:00:00  2.17 0.00   NA 15.0 16.1 13.7 1020.9 1015.5   NA  7.4 -36.0  124.0     NA 15.1 
1791/10/18 04:00:00  1.99 0.00   NA 14.3 17.8 13.3 1016.5 1014.8   NA  7.6 -37.0  125.5     NA 14.6 
1791/10/19 04:00:00  1.50 0.00   NA 13.7 16.7 12.8 1011.2 1014.3   NA  7.9 -37.8  126.6     NA 13.6 
1791/10/20 03:00:00  2.29 0.00   NA 13.0 15.6 12.2 1000.7 1013.7   NA  8.0 -38.7  128.4     NA 12.9 
1791/10/21 03:00:00  2.67 0.00   NA 12.1 15.6 11.7 1013.6 1013.2   NA  8.2 -39.7  130.7     NA 12.4 
1791/10/22 03:00:00  3.05 0.00   NA 11.0 15.6 10.3 1010.0 1011.4   NA  8.7 -41.1  133.2     NA 11.4 
1791/10/23 03:00:00  3.54 0.00   NA 11.0 13.9 10.9 1005.5 1010.6   NA  8.9 -42.4  136.5     NA 11.4 
1791/10/24 03:00:00  3.50 0.00   NA 11.0 15.0 11.0 1003.3 1010.1   NA  9.0 -43.3  140.0     NA 11.7 
1791/10/25 03:00:00  1.35 0.00   NA 11.3 15.0 11.1 1008.6 1010.5   NA  8.7 -43.4  141.4     NA 11.7 
1791/10/26 02:00:00  2.15 0.00   NA 11.5 14.4 10.7 1014.1 1010.8   NA  8.6 -43.8  143.6     NA 11.6 
1791/10/27 02:00:00  0.98 0.00   NA 11.8 12.8 10.6 1002.3 1011.1   NA  7.9 -43.9  144.6     NA 11.6 
1791/10/28 02:00:00  2.54 0.00   NA 11.8 13.9 10.5  999.0 1010.4   NA  8.5 -44.6  147.2     NA 11.4 
1791/10/29 02:00:00  3.12 0.00   NA 12.0 12.8 10.7  998.7 1010.6   NA  8.9 -44.7  150.6     NA 11.8 
1791/10/30 02:00:00  3.29 0.00   NA 11.7 12.2 10.5 1002.3 1010.7   NA  8.7 -44.7  154.2     NA 11.6 
1791/10/31 01:00:00  3.47 0.00   NA 11.6 11.7 11.1 1007.1 1011.0   NA  8.6 -44.8  157.8     NA 11.5 
1791/11/01 01:00:00  3.18 0.00   NA 10.4 12.2 10.5 1011.0 1009.1   NA  9.0 -46.2  160.7     NA 10.3 
1791/11/02 01:00:00  3.11 0.00   NA 11.3 13.3 10.6 1013.5 1009.4   NA  9.1 -46.0  164.2     NA 11.2 
1791/11/23 01:00:00  0.16 0.00   NA 10.2 13.3  9.4  992.2 1007.6   NA  9.1 -48.1  166.3     NA 10.6 
1791/11/24 01:00:00  2.77 0.00   NA  9.7 11.7  9.2  997.8 1007.6   NA  8.6 -48.3  169.6     NA  9.9 
1791/11/25 00:00:00  3.80 0.00   NA 10.4 12.2 10.8 1007.8 1009.8   NA  7.5 -46.8  173.1     NA 11.6 
1791/11/26 00:00:00  6.02 0.00   NA 10.5 15.0 10.4 1004.0 1010.0   NA  8.2 -46.6  179.9     NA 11.8 
1791/11/27 00:00:00  2.93 0.00   NA 11.9 13.9 11.5 1005.8 1011.8   NA  7.7 -44.9  177.7     NA 12.3 
1791/11/29 00:00:00  1.88 0.00   NA 13.7 15.6 13.0 1001.3 1012.5   NA  7.9 -43.6 -178.6     NA 14.2 
1791/11/30 00:00:00  2.84 0.00   NA 14.5 15.6 13.5 1003.8 1013.3   NA  8.0 -42.7 -175.9     NA 14.5 
1791/12/01 00:00:00  3.18 0.00   NA 14.8 15.6 14.4 1008.1 1014.1   NA  7.8 -41.6 -172.9     NA 14.4 
1791/12/01 23:00:00  2.51 0.00   NA 14.7 14.4 14.1 1008.0 1014.3   NA  7.7 -41.0 -170.5     NA 14.6 
1791/12/02 23:00:00  2.96 0.00   NA 15.0 14.4 14.1 1005.2 1015.1   NA  7.5 -40.1 -167.7     NA 14.9 
1791/12/03 23:00:00  2.51 0.00   NA 15.3 15.0 14.6 1013.7 1015.7   NA  7.3 -39.8 -165.2     NA 15.2 
1791/12/04 23:00:00  2.53 0.00   NA 15.1 15.6 14.2 1007.6 1015.8   NA  7.2 -39.7 -162.7     NA 15.2 
1791/12/05 23:00:00  3.56 0.00   NA 15.0 15.6 14.1 1012.7 1015.9   NA  7.1 -39.5 -159.1     NA 15.2 
1791/12/06 22:00:00  3.58 0.00   NA 15.4 16.7 14.3 1017.3 1016.3   NA  6.8 -38.5 -155.9     NA 15.2 
1791/12/07 22:00:00  2.09 0.00   NA 16.0 17.2 14.8 1022.4 1016.4   NA  6.6 -37.8 -154.1     NA 15.8 
1791/12/08 22:00:00  1.63 0.00   NA 16.0 18.3 15.0 1023.0 1016.4   NA  6.5 -37.5 -152.5     NA 15.8 
1791/12/09 22:00:00  2.20 0.00   NA 15.8 18.3 14.9 1018.9 1016.4   NA  6.5 -37.7 -150.4     NA 15.9 
1791/12/10 22:00:00  2.13 0.00   NA 15.3 18.3 14.5 1020.3 1016.1   NA  6.7 -38.0 -148.3     NA 15.0 
1791/12/11 22:00:00  1.61 0.00   NA 15.3 18.3 14.6 1017.7 1016.0   NA  6.7 -38.8 -147.1     NA 15.0 
1791/12/12 22:00:00  1.63 0.00   NA 15.2 19.4 14.5 1016.4 1015.9   NA  6.7 -38.2 -145.6     NA 15.4 
1791/12/13 22:00:00  2.57 0.00   NA 16.5 17.8 15.7 1017.4 1016.1   NA  6.5 -36.2 -145.6     NA 16.5 
1791/12/14 22:00:00  2.80 0.00   NA 17.9 20.0 16.9 1019.2 1016.2   NA  6.5 -34.0 -145.7     NA 17.9 
1791/12/15 22:00:00  3.00 0.00   NA 19.7 21.1 18.9 1017.0 1015.7   NA  6.5 -31.7 -145.7     NA 19.9 
1791/12/16 22:00:00  0.38 0.00   NA 19.7 22.2 18.9 1011.8 1015.7   NA  6.5 -31.9 -145.9     NA 19.9 
1791/12/17 22:00:00  1.31 0.00   NA 19.8 22.8 19.0 1009.3 1015.6   NA  6.5 -31.0 -145.4     NA 20.0 
1791/12/18 22:00:00  0.39 0.00   NA 19.8 23.3 19.1 1012.7 1015.6   NA  6.6 -31.3 -145.4     NA 20.0 
1791/12/19 22:00:00  0.97 0.00   NA 20.7 23.3 19.8 1012.6 1015.4   NA  6.5 -30.6 -145.5     NA 20.8 
1791/12/20 22:00:00  0.35 0.00   NA 20.8 23.3 19.9 1009.1 1015.4   NA  6.5 -30.3 -145.6     NA 20.9 
1791/12/21 22:00:00  1.36 0.00   NA 21.7 23.3 20.7 1009.3 1015.1   NA  6.4 -29.2 -145.8     NA 21.3 
1791/12/22 22:00:00  1.77 0.00   NA 22.7 22.2 22.2 1013.2 1014.5   NA  6.2 -27.9 -145.5     NA 22.1 
1791/12/23 22:00:00  1.88 0.00   NA 23.3 22.8 22.8 1014.0 1014.2   NA  6.1 -26.4 -145.7     NA 22.6 
1791/12/24 22:00:00  3.13 0.00   NA 24.5 24.4 23.7 1012.6 1013.6   NA  6.1 -24.1 -146.4     NA 24.3 
1791/12/25 22:00:00  4.30 0.00   NA 26.0 25.6 25.0 1009.6 1012.6   NA  5.9 -21.1 -147.9     NA 25.8 
1791/12/26 22:00:00  1.61 0.00   NA 26.8 26.1 25.9 1004.6 1011.9   NA  5.6 -19.8 -148.1     NA 26.9 
1791/12/27 22:00:00  1.97 0.00   NA 27.2 26.7 26.2 1004.8 1011.6   NA  5.3 -18.5 -148.9     NA 27.6 
1791/12/28 22:00:00  0.84 0.00   NA 26.9 26.1 26.0 1006.9 1011.8   NA  5.6 -19.1 -148.6     NA 27.0 
1791/12/29 22:00:00  2.15 0.00   NA 27.7 26.7 26.5 1007.8 1011.3   NA  4.8 -17.7 -149.6     NA 28.0 
1792/01/24 22:00:00  0.05 0.00   NA 28.4 28.9 27.1 1009.3 1011.1   NA  5.1 -16.7 -149.8     NA 28.2 
1792/01/25 22:00:00  0.41 0.00   NA 28.1 28.9 26.9 1008.6 1011.4   NA  5.0 -17.0 -149.8     NA 28.3 
1792/01/26 22:00:00  0.51 0.00   NA 28.4 29.4 27.1 1008.2 1011.1   NA  5.1 -16.6 -149.8     NA 28.2 
1792/01/27 22:00:00  0.52 0.00   NA 28.4 29.4 27.1 1008.8 1011.2   NA  5.1 -16.2 -149.8     NA 28.2 
1792/01/28 22:00:00  0.37 0.00   NA 28.5 30.0 27.3 1009.1 1010.9   NA  5.4 -16.0 -149.9     NA 28.4 
1792/01/29 22:00:00  1.13 0.00   NA 28.5 27.8 27.3 1007.6 1010.9   NA  5.3 -15.2 -149.5     NA 28.4 
1792/01/30 22:00:00  0.74 0.00   NA 28.6 28.9 27.4 1007.8 1010.8   NA  5.5 -14.7 -149.2     NA 28.6 
1792/01/31 22:00:00  0.83 0.00   NA 28.6 27.8 27.4 1007.9 1010.8   NA  5.5 -14.3 -149.7     NA 28.6 
1792/02/01 22:00:00  0.83 0.00   NA 28.6 28.3 27.4 1009.2 1010.5   NA  5.5 -13.9 -150.2     NA 28.3 
1792/02/02 22:00:00  1.44 0.00   NA 28.6 28.9 27.5 1009.5 1010.3   NA  5.5 -12.8 -150.2     NA 28.3 
1792/02/03 22:00:00  0.75 0.00   NA 28.6 28.9 27.5 1008.7 1010.4   NA  5.5 -12.2 -150.2     NA 28.3 
1792/02/04 22:00:00  2.36 0.00   NA 28.5 28.9 27.5 1008.4 1010.0   NA  5.5 -10.4 -150.7     NA 28.3 
1792/02/05 22:00:00  1.86 0.00   NA 28.3 28.9 27.5 1009.7 1009.9   NA  5.6  -9.0 -150.9     NA 28.3 
1792/02/06 22:00:00  1.28 0.00   NA 28.2 28.3 27.4 1009.8 1009.8   NA  5.8  -8.0 -150.7     NA 28.2 
1792/02/07 22:00:00  2.05 0.00   NA 27.8 28.3 27.4 1008.7 1009.6   NA  6.1  -6.4 -150.7     NA 27.8 
1792/02/08 22:00:00  2.38 0.00   NA 27.5 27.8 27.0 1008.0 1009.5   NA  6.3  -4.6 -150.8     NA 27.3 
1792/02/09 22:00:00  2.11 0.00   NA 26.9 27.8 26.0 1007.2 1009.4   NA  6.4  -3.0 -151.1     NA 27.3 
1792/02/10 22:00:00  2.03 0.00   NA 26.6 27.2 25.8 1007.2 1009.4   NA  6.4  -1.4 -151.2     NA 27.0 
1792/02/11 22:00:00  1.42 0.00   NA 26.4 26.7 25.7 1008.9 1009.4   NA  6.5  -0.5 -151.8     NA 26.8 
1792/02/12 22:00:00  0.95 0.00   NA 26.4 27.2 25.8 1008.2 1009.3   NA  6.5  -0.0 -152.4     NA 27.2 
1792/02/13 22:00:00  2.24 0.00   NA 26.5 27.8 25.8 1007.2 1009.5   NA  6.7   1.4 -153.4     NA 26.8 
1792/02/14 22:00:00  2.68 0.00   NA 26.8 26.7 25.9 1005.8 1009.7   NA  6.8   3.2 -154.4     NA 26.6 
1792/02/15 22:00:00  2.95 0.00   NA 27.2 26.7 26.0 1006.2 1009.8   NA  6.9   4.9 -155.9     NA 27.0 
1792/02/16 22:00:00  1.67 0.00   NA 27.2 26.7 26.0 1006.2 1010.3   NA  7.5   6.2 -155.9     NA 26.5 
1792/02/17 22:00:00  1.43 0.00   NA 27.2 26.7 26.0 1008.0 1010.6   NA  7.8   7.3 -156.1     NA 26.6 
1792/02/18 22:00:00  1.87 0.00   NA 27.3 26.1 26.0 1007.3 1010.4   NA  7.5   6.7 -154.8     NA 26.7 
1792/02/19 22:00:00  0.76 0.00   NA 27.3 26.7 25.9 1007.7 1010.8   NA  7.9   7.2 -154.5     NA 26.5 
1792/02/20 22:00:00  1.32 0.00   NA 27.3 26.7 25.9 1006.4 1010.8   NA  7.9   8.0 -155.2     NA 26.7 
1792/02/21 22:00:00  1.32 0.00   NA 26.9 25.6 25.7 1006.8 1011.1   NA  8.1   9.0 -155.1     NA 26.7 
1792/02/22 22:00:00  2.37 0.00   NA 26.0 25.6 25.2 1008.3 1011.9   NA  8.2  10.8 -155.5     NA 26.0 
1792/02/23 22:00:00  2.51 0.00   NA 25.7 25.0 24.8 1009.8 1012.9   NA  7.9  12.3 -156.7     NA 25.5 
1792/02/24 22:00:00  1.68 0.00   NA 25.6 25.6 24.5 1011.2 1013.4   NA  7.8  13.6 -156.8     NA 25.3 
1792/02/25 22:00:00  1.40 0.00   NA 25.4 25.6 24.3 1011.9 1014.0   NA  7.7  14.6 -156.4     NA 25.1 
1792/02/26 22:00:00  0.86 0.00   NA 25.2 25.6 24.0 1012.6 1014.5   NA  7.7  15.2 -156.2     NA 24.9 
1792/02/27 22:00:00  0.84 0.00   NA 25.2 25.0 24.0 1013.1 1014.6   NA  7.7  15.9 -156.3     NA 24.9 
1792/02/28 22:00:00  0.91 0.00   NA 25.0 25.6 23.8 1014.0 1015.1   NA  7.6  16.3 -156.9     NA 24.5 
1792/02/29 22:00:00  1.43 0.00   NA 24.8 25.0 23.7 1013.6 1015.6   NA  7.0  17.4 -156.5     NA 24.3 
1792/03/01 22:00:00  1.56 0.00   NA 24.5 24.4 23.4 1013.9 1016.2   NA  5.9  18.3 -155.7     NA 24.4 
1792/03/02 22:00:00    NA   NA   NA   NA 23.9   NA 1017.3     NA   NA   NA  19.1     NA     NA   NA 
1792/03/03 22:00:00    NA   NA   NA   NA 23.3   NA 1017.6     NA   NA   NA  19.4     NA     NA   NA 
1792/03/04 22:00:00    NA   NA   NA   NA 25.0   NA 1017.2     NA   NA   NA  19.4     NA     NA   NA 
1792/03/05 22:00:00    NA   NA   NA   NA 24.4   NA 1017.2     NA   NA   NA  19.9     NA     NA   NA 
1792/03/06 22:00:00    NA   NA   NA   NA 24.4   NA 1017.4     NA   NA   NA  20.7     NA     NA   NA 
1792/03/07 22:00:00    NA   NA   NA   NA 24.4   NA 1015.7     NA   NA   NA  21.3     NA     NA   NA 
1792/03/08 22:00:00    NA   NA   NA   NA 24.4   NA 1016.0     NA   NA   NA    NA     NA     NA   NA 
1792/03/17 23:00:00    NA 0.00   NA 23.8 20.0 22.4 1017.2 1018.3   NA  6.6  22.2 -160.6     NA 23.3 
1792/03/18 23:00:00  2.35 0.00   NA 23.8 19.4 22.3 1017.3 1018.5   NA  6.4  22.9 -158.7     NA 23.2 
1792/03/19 22:00:00  2.46 0.00   NA 23.2 18.9 21.6 1016.8 1019.2   NA  7.2  23.4 -156.8     NA 22.6 
1792/03/20 22:00:00  2.33 0.00   NA 22.8 18.9 21.1 1014.1 1019.8   NA  7.2  24.1 -155.0     NA 22.0 
1792/03/21 22:00:00  2.82 0.00   NA 22.8 18.9 21.2 1017.2 1019.7   NA  7.1  23.5 -152.7     NA 22.4 
1792/03/22 22:00:00  1.95 0.00   NA 22.4 19.4 20.8 1017.9 1020.3   NA  7.1  24.4 -151.4     NA 21.9 
1792/03/23 22:00:00  0.92 0.00   NA 22.2 19.4 20.7 1021.3 1020.4   NA  7.1  24.7 -150.7     NA 21.6 
1792/03/24 22:00:00  0.81 0.00   NA 21.9 18.3 20.3 1022.6 1020.9   NA  7.0  25.3 -150.4     NA 21.4 
1792/03/25 22:00:00  2.07 0.00   NA 21.6 19.4 20.1 1022.5 1021.1   NA  6.9  25.2 -148.6     NA 21.4 
1792/03/26 22:00:00  2.85 0.00   NA 21.9 19.4 20.3 1021.3 1020.9   NA  6.9  24.8 -146.2     NA 21.9 
1792/03/27 22:00:00  1.95 0.00   NA 21.7 18.3 20.1 1022.6 1021.0   NA  6.8  24.4 -144.6     NA 21.6 
1792/03/28 22:00:00  1.98 0.00   NA 21.4 18.3 19.8 1026.0 1021.4   NA  6.8  25.7 -145.5     NA 21.0 
1792/03/29 22:00:00  1.78 0.00   NA 20.4 18.3 18.7 1025.0 1022.2   NA  6.5  27.0 -145.8     NA 19.7 
1792/03/30 22:00:00  2.78 0.00   NA 19.7 18.3 17.9 1023.2 1022.7   NA  6.3  28.1 -143.7     NA 19.0 
1792/03/31 22:00:00  0.34 0.00   NA 20.3 16.7 18.5 1022.9 1022.4   NA  6.4  27.9 -143.5     NA 19.8 
1792/04/01 21:00:00  1.74 0.00   NA 20.1 16.7 18.4 1024.9 1022.4   NA  6.4  27.4 -142.2     NA 19.8 
1792/04/02 22:00:00  1.42 0.00   NA 19.7 17.2 17.9 1027.0 1022.8   NA  6.3  28.2 -143.1     NA 19.0 
1792/04/03 22:00:00  0.48 0.00   NA 19.6 16.7 17.8 1026.8 1022.9   NA  6.3  28.5 -142.8     NA 19.1 
1792/04/04 22:00:00  2.73 0.00   NA 18.5 16.7 16.8 1026.6 1023.5   NA  6.1  30.5 -143.5     NA 18.3 
1792/04/05 22:00:00  2.46 0.00   NA 17.2 15.6 15.6 1027.6 1023.8   NA  6.3  32.4 -143.7     NA 17.4 
1792/04/06 22:00:00  2.09 0.00   NA 15.9 15.6 14.4 1029.2 1024.1   NA  6.9  34.0 -143.6     NA 15.6 
1792/04/07 22:00:00  2.00 0.00   NA 15.2 14.4 13.7 1030.5 1024.0   NA  7.2  35.4 -142.8     NA 14.8 
1792/04/08 22:00:00  0.58 0.00   NA 15.2 15.6 13.7 1029.1 1024.1   NA  7.1  35.9 -142.6     NA 14.9 
1792/04/09 21:00:00  0.93 0.00   NA 15.2 16.1 13.7 1024.7 1024.2   NA  7.1  35.9 -141.7     NA 15.0 
1792/04/10 21:00:00  1.23 0.00   NA 14.5 15.0 13.1 1023.0 1023.8   NA  7.4  36.0 -140.6     NA 14.3 
1792/04/11 21:00:00  2.86 0.00   NA 14.6 15.6 13.1 1025.0 1023.5   NA  7.2  36.1 -137.8     NA 14.5 
1792/04/12 21:00:00  2.90 0.00   NA 14.5 15.6 13.0 1023.0 1023.3   NA  6.9  36.4 -135.0     NA 14.2 
1792/04/13 21:00:00  2.81 0.00   NA 14.1 14.4 12.6 1018.7 1022.5   NA  6.6  36.7 -132.3     NA 13.4 
1792/04/14 21:00:00  3.27 0.00   NA 13.2 15.6 11.9 1012.1 1021.4   NA  6.8  37.1 -129.2     NA 13.5 
1792/04/15 20:00:00  3.09 0.00   NA 12.6 15.6 11.5 1007.0 1020.1   NA  7.3  37.9 -126.5     NA 13.4 
1792/04/16 20:00:00  1.57 0.00   NA 12.0 15.0 11.1 1000.7 1019.5   NA  7.5  38.9 -125.6     NA 12.7 
1792/04/17 20:00:00  1.60 0.00   NA 11.3 15.0 10.7 1003.9 1018.9   NA  5.5  39.3 -124.1     NA 12.6 
1792/04/18 20:00:00  0.40 0.00   NA 11.3 13.9 10.8 1004.9 1018.5   NA  3.2  39.5 -123.7     NA 12.7 
1792/04/19 20:00:00  1.39 0.00   NA 10.9 13.9 10.5 1015.2 1018.8   NA  4.3  40.5 -124.2     NA 11.8 
1792/04/20 20:00:00  1.97 0.00   NA 10.8 14.4 10.2 1014.7 1017.7   NA  2.3  41.5 -122.7     NA 11.7 
1792/04/21 20:00:00  1.43 0.00   NA 10.8 14.4 10.1 1018.8 1017.6   NA  2.5  42.5 -122.1     NA 11.5 
1792/04/22 20:00:00  2.64   NA   NA   NA 13.9   NA 1013.9 1017.3   NA  2.1  40.5 -121.6     NA   NA 
1792/04/23 20:00:00  5.26   NA   NA   NA 13.3   NA 1019.7 1016.9   NA  2.5  44.6 -121.0     NA   NA 
1792/04/24 20:00:00    NA   NA   NA   NA 15.0   NA 1023.2     NA   NA   NA  42.6     NA     NA   NA 
1792/04/25 20:00:00    NA   NA   NA   NA 14.4   NA 1017.5     NA   NA   NA  43.1     NA     NA   NA 
1792/04/26 20:00:00    NA   NA   NA   NA 12.8   NA 1012.7     NA   NA   NA  44.7     NA     NA   NA 
1792/04/27 20:00:00    NA   NA   NA   NA 12.2   NA 1014.9     NA   NA   NA  46.2     NA     NA   NA 
1792/04/28 20:00:00    NA   NA   NA   NA 12.2   NA 1013.5     NA   NA   NA  47.5     NA     NA   NA 
1792/04/29 20:00:00    NA   NA   NA   NA 12.2   NA 1016.4     NA   NA   NA    NA     NA     NA   NA 
1792/04/30 20:00:00    NA   NA   NA   NA 12.8   NA 1019.3     NA   NA   NA  48.3     NA     NA   NA 
1792/10/13 20:00:00    NA   NA   NA   NA   NA   NA     NA     NA   NA   NA    NA -126.5     NA   NA 
1792/10/14 20:00:00    NA 0.00   NA 11.6   NA 11.5     NA 1016.8   NA  3.5  49.1 -126.2     NA 13.2 
1792/10/15 20:00:00  0.77 0.00   NA 12.9   NA 12.0     NA 1017.2   NA  4.2  48.7 -125.5     NA 11.9 
1792/10/16 20:00:00  1.02 0.00   NA 12.0   NA 11.6     NA 1017.1   NA  3.1  48.1 -124.7     NA 11.8 
1792/10/17 20:00:00  0.89 0.00   NA 12.8   NA 12.2     NA 1017.4   NA  4.2  47.5 -124.4     NA 12.7 
1792/10/18 20:00:00  0.38 0.00   NA 12.8   NA 12.1     NA 1017.4   NA  4.2  47.2 -124.1     NA 12.6 
1792/10/19 20:00:00  0.71 0.00   NA 13.4   NA 12.7     NA 1017.6   NA  5.1  46.7 -124.1     NA 13.7 
1792/10/20 20:00:00  0.48 0.00   NA 13.3   NA 12.6     NA 1017.6   NA  5.1  46.3 -124.0     NA 13.6 
1792/10/21 20:00:00  0.37 0.00   NA 13.3 17.8 12.5  998.4 1017.6   NA  5.2  46.2 -124.4     NA 13.5 
1792/10/22 20:00:00  0.80 0.00   NA 13.6 17.8 12.7  985.9 1017.5   NA  6.5  46.1 -125.3     NA 13.6 
1792/10/23 20:00:00  2.07 0.00   NA 13.8 17.8 13.1 1000.0 1018.0   NA  6.6  44.5 -125.9     NA 14.1 
1792/10/24 20:00:00  1.10 0.00   NA 13.4 16.7 12.8  999.2 1017.9   NA  4.9  44.2 -124.8     NA 13.7 
1792/10/25 20:00:00  1.02 0.00   NA 13.7 17.8 13.0 1005.5 1017.9   NA  6.7  44.7 -125.6     NA 14.0 
1792/10/26 20:00:00  1.37 0.00   NA 13.5 16.7 13.0 1011.7 1017.9   NA  6.7  43.6 -125.2     NA 14.2 
1792/10/27 20:00:00  0.24 0.00   NA 13.5 16.7 13.0 1015.3 1017.9   NA  6.7  43.5 -125.2     NA 14.1 
1792/10/28 20:00:00  0.63 0.00   NA 13.5 16.7 12.9 1020.4 1017.8   NA  6.7  43.0 -125.3     NA 14.1 
1792/10/29 20:00:00  0.33 0.00   NA 13.4 17.2 13.0 1021.5 1018.0   NA  6.6  42.8 -125.0     NA 14.5 
1792/10/30 20:00:00  0.35 0.00   NA 13.0 17.8 12.7 1013.5 1018.0   NA  4.7  42.7 -124.7     NA 13.9 
1792/10/31 20:00:00  0.56 0.00   NA 13.4 18.3 12.9 1011.2 1017.9   NA  6.7  42.5 -125.2     NA 14.4 
1792/11/01 20:00:00  0.83 0.00   NA 13.0 18.9 12.7 1004.6 1017.9   NA  4.7  42.2 -124.5     NA 13.8 
1792/11/03 20:00:00  0.65 0.00   NA 13.4 17.8 13.1 1004.4 1018.0   NA  6.5  41.7 -125.7     NA 14.5 
1792/11/04 20:00:00  0.46 0.00   NA 13.4 18.3 13.0 1003.1 1018.0   NA  6.5  41.3 -125.5     NA 14.4 
1792/11/05 20:00:00  0.64 0.00   NA 13.7 17.8 13.3 1014.2 1018.3   NA  6.5  40.8 -125.5     NA 14.7 
1792/11/06 20:00:00  1.32 0.00   NA 13.3 16.7 13.0 1021.9 1018.3   NA  4.1  40.2 -124.5     NA 14.0 
1792/11/07 20:00:00  0.48 0.00   NA 13.2 17.8 13.0 1018.5 1018.3   NA  4.1  40.0 -124.9     NA 14.0 
1792/11/08 20:00:00  0.58 0.00   NA 13.7 16.7 13.3 1022.0 1018.5   NA  5.0  39.9 -124.4     NA 14.7 
1792/11/09 20:00:00  0.59 0.00   NA 13.7 15.6 13.3 1016.6 1018.5   NA  5.0  39.4 -124.5     NA 14.7 
1792/11/10 20:00:00  1.52 0.00   NA 13.9 16.1 13.5     NA 1018.6   NA  4.5  38.7 -123.4     NA 14.0 
1792/11/11 20:00:00  0.54 0.00   NA 13.9 17.2 13.5     NA 1018.6   NA  4.5  38.5 -123.8     NA 14.0 
1792/11/12 20:00:00  0.87 0.00   NA 13.9 17.8 13.4 1019.8 1018.7   NA  4.5  38.3 -123.0     NA 13.9 
1792/11/13 20:00:00  0.43 0.00   NA 13.8 16.7 13.4 1014.4 1018.7   NA  3.1  38.1 -122.6     NA 13.9 
1792/11/14 20:00:00  0.43 0.00   NA 14.1   NA 13.7     NA 1018.8   NA  4.4  37.9 -122.3     NA 14.6 
1792/11/15 20:00:00  0.23 0.00   NA 14.1 14.4 13.6 1017.3 1018.8   NA  4.4  37.7 -122.3     NA 14.5 
1792/11/16 20:00:00  1.06 0.00   NA 14.4 14.4 13.9 1017.8 1018.9   NA  5.2  36.9 -122.3     NA 14.1 
1793/01/15 20:00:00  0.01 0.00   NA 12.6   NA 12.0 1021.4 1020.5   NA  3.5  36.4 -121.9     NA 12.2 
1793/01/16 20:00:00  0.49 0.00   NA 12.6   NA 12.0 1025.7 1020.5   NA  3.5  36.0 -121.9     NA 12.2 
1793/01/17 20:00:00  2.47 0.00   NA 13.5   NA 12.9 1020.0 1020.2   NA  5.5  34.1 -121.9     NA 13.6 
1793/01/18 20:00:00  2.42 0.00   NA 14.6   NA 13.6 1015.8 1019.8   NA  5.8  32.5 -120.7     NA 14.5 
1793/01/19 20:00:00  1.16 0.00   NA 15.1   NA 14.0 1017.0 1019.6   NA  5.9  31.6 -120.6     NA 14.6 
1793/01/20 20:00:00  2.00 0.00   NA 15.7   NA 14.4 1018.8 1019.6   NA  6.0  30.2 -121.3     NA 15.0 
1793/01/21 20:00:00  2.05 0.00   NA 17.0   NA 15.5 1016.8 1019.5   NA  5.7  28.7 -122.0     NA 16.7 
1793/01/22 20:00:00  2.55 0.00   NA 18.0   NA 16.4 1014.1 1019.1   NA  5.5  26.9 -122.9     NA 17.5 
1793/01/23 20:00:00  1.35 0.00   NA 18.7   NA 16.9 1013.3 1019.1   NA  5.5  25.9 -123.3     NA 18.0 
1793/01/24 20:00:00  1.63 0.00   NA 19.1   NA 17.5 1011.1 1019.0   NA  5.6  24.8 -124.1     NA 19.0 
1793/01/25 20:00:00  1.29 0.00   NA 19.6 18.9 17.8 1011.0 1018.5   NA  5.7  23.9 -123.9     NA 19.1 
1793/01/26 20:00:00  2.14 0.00   NA 20.2 20.0 18.3 1017.6 1018.1   NA  5.9  22.2 -123.4     NA 19.8 
1793/01/27 20:00:00  0.85 0.00   NA 20.9 21.1 19.0 1021.0 1017.8   NA  6.1  21.7 -123.8     NA 20.3 
1793/01/28 20:00:00  2.52 0.00   NA 21.6 22.2 19.8 1019.3 1017.6   NA  6.5  20.2 -125.1     NA 21.4 
1793/01/29 20:00:00  2.31 0.00   NA 22.2 21.7 20.4 1018.3 1017.3   NA  6.8  19.6 -126.9     NA 21.9 
1793/01/30 21:00:00  2.42 0.00   NA 22.2 21.7 20.6 1020.2 1017.4   NA  7.0  19.7 -129.0     NA 21.8 
1793/01/31 21:00:00  3.09 0.00   NA 22.3 22.2 20.8 1018.8 1017.3   NA  7.1  19.8 -131.6     NA 22.1 
1793/02/01 21:00:00  2.27 0.00   NA 22.1 22.2 20.6 1017.1 1017.7   NA  7.0  20.0 -133.4     NA 22.1 
1793/02/02 21:00:00  1.63 0.00   NA 22.5 23.9 21.1 1016.9 1017.3   NA  7.2  20.0 -134.8     NA 22.1 
1793/02/03 21:00:00  1.55 0.00   NA 22.7 23.9 21.3 1016.9 1017.1   NA  7.1  19.7 -136.0     NA 22.1 
1793/02/04 21:00:00  1.97 0.00   NA 22.8 23.3 21.4 1016.2 1017.1   NA  7.1  19.4 -137.6     NA 22.2 
1793/02/05 21:00:00  2.09 0.00   NA 22.9 23.3 21.7 1016.2 1017.0   NA  7.1  19.4 -139.3     NA 22.7 
1793/02/06 21:00:00  1.41 0.00   NA 23.0 24.4 21.8 1016.2 1016.9   NA  7.1  19.3 -140.5     NA 22.8 
1793/02/07 21:00:00  1.53 0.00   NA 23.1 23.9 21.9 1016.9 1016.8   NA  7.1  19.2 -141.7     NA 23.1 
1793/02/08 22:00:00  2.13 0.00   NA 23.1 23.3 22.1 1015.5 1016.7   NA  7.1  19.1 -143.6     NA 23.0 
1793/02/09 22:00:00  3.56 0.00   NA 23.4 22.2 22.2 1015.5 1016.4   NA  7.0  19.3 -146.5     NA 23.6 
1793/02/10 22:00:00  3.96 0.00   NA 23.6 23.3 22.4 1016.8 1016.2   NA  6.7  19.6 -149.7     NA 23.6 
1793/02/11 22:00:00  3.58 0.00   NA 23.9 23.3 22.6 1016.7 1015.9   NA  6.3  19.6 -152.7     NA 23.6 
1793/02/12 22:00:00  2.59 0.00   NA 24.2 22.8 22.9 1016.2 1015.8   NA  5.3  19.7 -154.8     NA 24.0 
1793/02/13 22:00:00    NA   NA   NA   NA 22.2   NA 1016.3     NA   NA   NA  20.2     NA     NA   NA 
1793/02/14 22:00:00    NA   NA   NA   NA 22.8   NA 1015.1     NA   NA   NA  20.1     NA     NA   NA 
1793/03/30 22:00:00    NA   NA   NA   NA   NA   NA     NA     NA   NA   NA  22.1     NA     NA   NA 
1793/03/31 23:00:00    NA 0.00   NA 23.4   NA 22.0     NA 1019.0   NA  7.1  23.8 -161.4     NA 22.5 
1793/04/01 23:00:00  2.24 0.00   NA 22.5   NA 20.8     NA 1020.0   NA  6.9  25.4 -162.1     NA 21.3 
1793/04/02 23:00:00  1.52 0.00   NA 22.0   NA 20.1     NA 1020.5   NA  6.8  26.4 -162.9     NA 20.9 
1793/04/03 23:00:00  2.23 0.00   NA 20.5   NA 18.6     NA 1021.5   NA  6.6  28.1 -162.6     NA 19.3 
1793/04/04 23:00:00  0.97 0.00   NA 20.5 23.3 18.6 1025.1 1021.5   NA  6.6  28.7 -162.1     NA 19.4 
1793/04/05 23:00:00  1.12 0.00   NA 19.7 21.1 17.9 1024.5 1022.1   NA  6.5  29.5 -162.5     NA 18.5 
1793/04/06 23:00:00  1.36 0.00   NA 18.7 20.6 17.1 1024.7 1022.5   NA  6.5  30.6 -162.5     NA 17.7 
1793/04/07 23:00:00  2.67 0.00   NA 16.8 15.0 15.5 1024.5 1023.1   NA  6.9  32.2 -161.0     NA 16.1 
1793/04/08 23:00:00  2.72 0.00   NA 16.1 13.9 14.7 1020.4 1023.6   NA  7.0  33.0 -158.7     NA 15.8 
1793/04/09 23:00:00  1.47 0.00   NA 15.3 14.4 14.1 1017.2 1023.9   NA  7.2  34.0 -158.0     NA 15.4 
1793/04/10 22:00:00  3.25 0.00   NA 14.6 15.0 13.7 1012.7 1024.1   NA  7.4  35.4 -155.5     NA 15.2 
1793/04/11 22:00:00  2.43 0.00   NA 15.5 13.3 14.7 1025.4 1024.3   NA  6.9  35.0 -153.3     NA 15.4 
1793/04/12 22:00:00  0.99 0.00   NA 15.6 13.3 14.7 1027.8 1024.4   NA  6.9  34.9 -152.3     NA 15.8 
1793/04/13 22:00:00  2.50 0.00   NA 15.0 14.4 14.0 1025.5 1024.5   NA  7.1  35.5 -150.1     NA 15.4 
1793/04/14 22:00:00  3.79 0.00   NA 14.3 12.2 13.2 1024.8 1024.3   NA  7.4  36.6 -146.8     NA 14.4 
1793/04/15 22:00:00  2.93 0.00   NA 13.7 12.2 12.5 1022.7 1024.1   NA  7.6  37.6 -144.1     NA 14.2 
1793/04/16 21:00:00  3.50 0.00   NA 13.0 11.7 11.9 1022.1 1023.7   NA  7.9  39.0 -141.3     NA 13.1 
1793/04/17 21:00:00  0.86 0.00   NA 12.4 13.3 11.3 1027.5 1023.4   NA  8.2  39.1 -140.5     NA 12.9 
1793/04/18 21:00:00  1.34 0.00   NA 12.6 13.9 11.4 1030.5 1023.4   NA  8.0  39.8 -139.5     NA 12.4 
1793/04/19 21:00:00  2.13 0.00   NA 12.8 12.8 11.4 1036.0 1023.1   NA  7.7  39.9 -137.3     NA 12.2 
1793/04/20 21:00:00  2.11 0.00   NA 12.7 11.7 11.5 1035.3 1022.8   NA  7.4  39.5 -135.2     NA 12.5 
1793/04/21 21:00:00  2.36 0.00   NA 13.2 12.2 11.9 1028.1 1022.6   NA  6.9  38.9 -133.0     NA 12.7 
1793/04/22 21:00:00  2.73 0.00   NA 12.5 12.8 11.3 1022.0 1021.5   NA  6.9  39.2 -130.3     NA 12.5 
1793/04/23 21:00:00  2.05 0.00   NA 12.3 11.1 11.1 1017.1 1020.7   NA  7.0  39.2 -128.3     NA 12.9 
1793/04/24 21:00:00  0.64 0.00   NA 12.2 12.8 11.1 1021.1 1020.2   NA  7.1  39.6 -127.9     NA 12.9 
1793/04/25 20:00:00  0.89 0.00   NA 12.2 12.2 11.2 1022.8 1020.2   NA  7.1  39.7 -127.1     NA 12.9 
1793/04/26 20:00:00  2.13 0.00   NA 11.3 12.2 11.0 1020.7 1018.7   NA  5.7  39.7 -124.9     NA 12.8 
1793/04/27 20:00:00  0.57 0.00   NA 11.7 11.7 11.1 1018.5 1019.2   NA  7.4  39.9 -125.4     NA 12.9 
1793/04/28 20:00:00  0.56 0.00   NA 11.0 12.2 10.8 1017.4 1018.6   NA  4.4  40.1 -124.9     NA 12.1 
1793/04/29 20:00:00  0.42 0.00   NA 11.3 13.3 10.9 1019.3 1019.0   NA  6.9  40.3 -125.2     NA 12.6 
1793/04/30 20:00:00  0.79 0.00   NA 11.0 12.2 10.8 1019.2 1018.5   NA  4.5  40.6 -124.6     NA 12.3 
1793/05/01 20:00:00  0.47 0.00   NA 11.1 12.8 10.9 1018.8 1018.5   NA  4.5  40.9 -124.2     NA 12.3 
1793/05/02 20:00:00  0.30 0.00   NA 11.0 12.8 10.7 1016.6 1018.3   NA  4.4  41.0 -124.0     NA 12.2 
1793/05/05 20:00:00  0.55 0.00   NA 11.3 12.8 11.0 1021.9 1018.8   NA  6.7  41.0 -125.7     NA 12.5 
1793/05/06 20:00:00  0.55 0.00   NA 11.5 12.2 11.1 1024.6 1019.3   NA  7.1  41.1 -126.3     NA 12.7 
1793/05/07 21:00:00  2.19 0.00   NA 11.7 12.2 11.1 1024.7 1020.3   NA  6.8  41.6 -128.5     NA 12.5 
1793/05/08 21:00:00  2.28 0.00   NA 11.4 11.7 10.7 1021.1 1020.9   NA  6.6  42.7 -130.4     NA 11.5 
1793/05/09 21:00:00  2.52 0.00   NA 10.5 11.7  9.8 1027.5 1020.6   NA  7.0  44.1 -132.2     NA 11.3 
1793/05/10 21:00:00  2.40 0.00   NA 10.0 11.1  9.3 1027.7 1020.3   NA  7.2  45.9 -133.0     NA 10.6 
1793/05/11 21:00:00  2.54 0.00   NA 10.5 11.7 10.0 1019.8 1020.3   NA  6.6  44.8 -130.7     NA 11.4 
1793/05/12 21:00:00  2.22 0.00   NA 10.8 12.2 10.3 1018.7 1019.7   NA  6.4  44.5 -128.3     NA 11.6 
1793/05/13 21:00:00  0.30 0.00   NA 10.9 12.8 10.3 1016.0 1019.7   NA  6.4  44.7 -128.6     NA 11.7 
1793/05/14 21:00:00  0.55 0.00   NA 10.7 15.0 10.0 1012.2 1019.4   NA  6.4  45.1 -128.3     NA 11.7 
1793/05/15 21:00:00  1.06 0.00   NA 11.1 16.1 10.3 1017.9 1019.1   NA  6.3  45.9 -127.9     NA 12.0 
1793/05/16 20:00:00  2.31 0.00   NA 10.9 15.6 10.1 1024.3 1018.2   NA  5.8  47.4 -126.7     NA 11.4 
1793/05/17 20:00:00  0.76 0.00   NA 11.0 13.3 10.1 1024.1 1018.2   NA  5.8  47.9 -126.2     NA 11.5 
1793/05/18 20:00:00  1.30 0.00   NA 11.1 12.8 10.2 1024.4 1017.6   NA  3.7  48.8 -125.6     NA 11.1 
1793/05/19 20:00:00  0.64 0.00   NA 10.4 11.7  9.8 1024.6 1017.7   NA  3.2  49.1 -126.2     NA 11.9 
1793/05/20 20:00:00  0.37 0.00   NA 10.4 11.7  9.8 1027.2 1017.7   NA  3.1  49.3 -126.5     NA 11.9 
1793/05/23 20:00:00  0.01 0.00   NA 10.5 11.7 10.0 1008.9 1017.6   NA  3.1  49.3 -126.5     NA 12.0 
1793/05/24 20:00:00  0.01 0.00   NA 10.6 12.2 10.1  994.3 1017.5   NA  3.1  49.3 -126.5     NA 12.1 
1793/05/25 20:00:00  2.41 0.00   NA  9.9 12.2  9.7 1010.2 1016.8   NA  1.5  51.1 -126.5     NA 10.2 
1793/09/22 20:00:00  0.05   NA   NA   NA 12.2   NA 1028.5 1015.3   NA  2.2  56.0 -126.8     NA   NA 
1793/09/23 20:00:00  9.28 0.00   NA 14.2 12.8 13.8 1013.5 1017.0   NA  4.8  48.8 -126.8     NA 14.8 
1793/09/24 20:00:00  0.01 0.00   NA 14.1   NA 13.7 1023.4 1017.0   NA  4.8  48.8 -126.8     NA 14.7 
1793/09/25 20:00:00  9.59   NA   NA   NA   NA   NA 1022.3 1015.1   NA  2.2  56.2 -126.8     NA   NA 
1793/09/26 20:00:00  4.12   NA   NA   NA   NA   NA 1016.9 1015.9   NA  1.7  53.0 -126.8     NA   NA 
1793/09/27 20:00:00  1.26 0.00   NA 12.0   NA 11.6 1020.4 1016.2   NA  1.6  52.1 -126.8     NA 11.8 
1793/09/28 20:00:00  1.03 0.00   NA 11.3 15.0 11.6 1022.8 1016.4   NA  1.7  51.2 -126.8     NA 11.6 
1793/09/29 20:00:00  0.68 0.00   NA 11.7 13.9 11.9 1023.5 1016.7   NA  1.8  50.7 -126.9     NA 12.3 
1793/09/30 20:00:00  2.52 0.00   NA 13.8   NA 13.3 1024.3 1017.1   NA  4.9  48.8 -126.9     NA 14.2 
1793/10/01 20:00:00  0.01 0.00   NA 13.7 14.4 13.3 1020.8 1017.1   NA  5.0  48.8 -126.9     NA 14.1 
1793/10/02 20:00:00  0.00 0.00   NA 13.7 14.4 13.2 1016.6 1017.1   NA  5.0  48.8 -126.9     NA 14.0 
1793/10/03 20:00:00  0.02 0.00   NA 13.6   NA 13.1 1009.9 1017.1   NA  5.0  48.7 -126.9     NA 13.9 
1793/10/04 20:00:00  0.00 0.00   NA 13.6 14.4 13.0 1018.1 1017.2   NA  5.0  48.7 -126.9     NA 13.8 
1793/10/05 20:00:00  0.00 0.00   NA 13.5 14.4 13.0     NA 1017.2   NA  5.1  48.7 -126.9     NA 13.8 
1793/10/08 20:00:00  0.01 0.00   NA 13.3   NA 12.7 1016.5 1017.2   NA  5.2  48.7 -126.9     NA 13.5 
1793/10/09 20:00:00  0.00 0.00   NA 13.3   NA 12.7 1014.0 1017.2   NA  5.2  48.7 -126.9     NA 13.4 
1793/10/10 20:00:00  1.25 0.00   NA 14.7   NA 13.5 1018.7 1017.5   NA  6.6  47.8 -127.4     NA 14.6 
1793/10/11 20:00:00  0.87 0.00   NA 14.2   NA 13.3 1023.4 1017.4   NA  6.2  47.6 -126.4     NA 14.4 
1793/10/12 20:00:00  1.41 0.00   NA 14.2   NA 13.5 1012.4 1017.7   NA  6.0  46.7 -125.6     NA 14.6 
1793/10/13 20:00:00  2.11 0.00   NA 14.0   NA 13.5 1016.4 1017.8   NA  4.9  45.2 -124.7     NA 14.3 
1793/10/14 20:00:00  2.17 0.00   NA 13.6   NA 13.3 1022.6 1018.0   NA  4.6  43.5 -124.5     NA 14.4 
1793/10/15 20:00:00  3.07 0.00   NA 13.4   NA 13.5 1015.8 1018.0   NA  4.1  41.1 -124.7     NA 14.8 
1793/10/16 20:00:00  0.87 0.00   NA 13.7   NA 13.8 1018.4 1018.1   NA  4.0  40.5 -124.6     NA 15.5 
1793/10/17 20:00:00  1.68 0.00   NA 14.3   NA 14.1 1017.5 1017.9   NA  2.7  39.3 -123.8     NA 16.0 
1793/10/18 20:00:00  1.59 0.00   NA 14.6   NA 14.2 1016.0 1017.9   NA  4.3  38.1 -123.4     NA 15.6 
1793/10/19 20:00:00  0.36 0.00   NA 14.9   NA 14.6 1016.3 1017.9   NA  5.4  38.0 -123.1     NA 15.8 
1793/10/24 20:00:00    NA   NA   NA   NA 13.9   NA     NA     NA   NA   NA    NA     NA     NA   NA 
1793/10/25 20:00:00    NA   NA   NA   NA 13.9   NA     NA     NA   NA   NA    NA     NA     NA   NA 
1793/10/26 20:00:00    NA   NA   NA   NA 15.0   NA     NA     NA   NA   NA    NA     NA     NA   NA 
1793/10/27 20:00:00    NA   NA   NA   NA 16.1   NA     NA     NA   NA   NA    NA     NA     NA   NA 
1793/10/28 20:00:00    NA   NA   NA   NA 16.1   NA     NA     NA   NA   NA    NA     NA     NA   NA 
1793/10/29 20:00:00    NA   NA   NA   NA 15.0   NA     NA     NA   NA   NA    NA     NA     NA   NA 
1793/10/30 20:00:00    NA   NA   NA   NA 15.6   NA     NA     NA   NA   NA    NA     NA     NA   NA 
1793/10/31 20:00:00    NA   NA   NA   NA 15.0   NA     NA     NA   NA   NA    NA     NA     NA   NA 
1793/11/01 20:00:00    NA   NA   NA   NA 15.0   NA     NA     NA   NA   NA    NA     NA     NA   NA 
1793/11/02 20:00:00    NA   NA   NA   NA 16.1   NA     NA     NA   NA   NA    NA     NA     NA   NA 
1793/11/03 20:00:00    NA   NA   NA   NA 16.7   NA     NA     NA   NA   NA    NA     NA     NA   NA 
1793/11/04 20:00:00    NA   NA   NA   NA 15.0   NA     NA     NA   NA   NA    NA     NA     NA   NA 
1793/11/06 20:00:00    NA   NA   NA   NA 14.4   NA     NA     NA   NA   NA    NA     NA     NA   NA 
1793/11/07 20:00:00    NA   NA   NA   NA 14.4   NA     NA     NA   NA   NA    NA     NA     NA   NA 
1793/11/08 20:00:00    NA   NA   NA   NA 15.0   NA     NA     NA   NA   NA    NA     NA     NA   NA 
1793/11/09 20:00:00    NA   NA   NA   NA 15.0   NA     NA     NA   NA   NA    NA     NA     NA   NA 
1793/11/10 20:00:00    NA   NA   NA   NA 18.3   NA     NA     NA   NA   NA    NA     NA     NA   NA 
1793/11/18 20:00:00    NA   NA   NA   NA 18.3   NA     NA     NA   NA   NA    NA     NA     NA   NA 
1793/11/22 20:00:00    NA   NA   NA   NA 16.7   NA     NA     NA   NA   NA    NA     NA     NA   NA 
1793/11/23 20:00:00    NA   NA   NA   NA 18.9   NA     NA     NA   NA   NA    NA     NA     NA   NA 
1793/11/24 20:00:00    NA   NA   NA   NA 17.2   NA     NA     NA   NA   NA    NA     NA     NA   NA 
1793/11/25 20:00:00    NA   NA   NA   NA 17.8   NA     NA     NA   NA   NA    NA     NA     NA   NA 
1793/11/26 20:00:00    NA   NA   NA   NA 15.6   NA     NA     NA   NA   NA    NA     NA     NA   NA 
1793/11/27 20:00:00    NA   NA   NA   NA 16.1   NA     NA     NA   NA   NA    NA     NA     NA   NA 
1793/12/09 20:00:00    NA   NA   NA   NA 16.1   NA     NA     NA   NA   NA    NA     NA     NA   NA 
1793/12/10 20:00:00    NA   NA   NA   NA 18.3   NA     NA     NA   NA   NA    NA     NA     NA   NA 
1793/12/11 20:00:00    NA   NA   NA   NA 18.3   NA     NA     NA   NA   NA    NA     NA     NA   NA 
1793/12/12 20:00:00    NA   NA   NA   NA 18.3   NA     NA     NA   NA   NA    NA     NA     NA   NA 
1793/12/13 20:00:00    NA   NA   NA   NA 18.9   NA     NA     NA   NA   NA    NA     NA     NA   NA 
1793/12/14 20:00:00    NA   NA   NA   NA 18.3   NA     NA     NA   NA   NA    NA     NA     NA   NA 
1793/12/15 20:00:00    NA   NA   NA   NA 17.2   NA     NA     NA   NA   NA    NA     NA     NA   NA 
1793/12/16 20:00:00    NA   NA   NA   NA 16.1   NA     NA     NA   NA   NA    NA     NA     NA   NA 
1794/03/13 20:00:00    NA   NA   NA   NA 22.2   NA     NA     NA   NA   NA    NA     NA     NA   NA 
1794/03/14 20:00:00    NA   NA   NA   NA 21.7   NA     NA     NA   NA   NA    NA     NA     NA   NA 
1794/03/15 23:00:00    NA 0.00   NA 23.3 21.1 21.9     NA 1018.5   NA  6.8  23.2 -161.3     NA 22.6 
1794/03/16 23:00:00  1.89 0.00   NA 22.8 20.6 21.4     NA 1019.0   NA  6.8  24.5 -162.2     NA 22.1 
1794/03/17 23:00:00  2.88 0.00   NA 21.5 20.0 20.1     NA 1019.6   NA  7.0  26.7 -162.5     NA 20.7 
1794/03/18 23:00:00  2.26 0.00   NA 19.9 18.9 18.5     NA 1020.1   NA  7.1  28.4 -163.0     NA 19.5 
1794/03/19 23:00:00  2.11 0.00   NA 19.1 15.0 17.7     NA 1020.5   NA  7.2  29.9 -163.7     NA 18.5 
1794/03/20 23:00:00  2.53 0.00   NA 17.2 14.4 15.9     NA 1020.3   NA  7.4  31.9 -164.1     NA 16.7 
1794/03/21 23:00:00  2.81 0.00   NA 14.7 13.9 13.6     NA 1020.2   NA  8.2  34.0 -163.9     NA 14.9 
1794/03/22 23:00:00  1.99 0.00   NA 14.0 13.3 13.0     NA 1020.0   NA  8.5  35.6 -163.6     NA 14.4 
1794/03/23 23:00:00  1.30 0.00   NA 13.2 13.3 12.3     NA 1019.5   NA  8.9  36.4 -164.2     NA 13.7 
1794/03/24 23:00:00  1.48 0.00   NA 12.5 13.3 11.7     NA 1019.1   NA  9.2  37.6 -164.3     NA 12.8 
1794/03/25 23:00:00  3.09 0.00   NA 11.2 12.8 10.4     NA 1018.6   NA  9.5  39.2 -162.0     NA 11.6 
1794/03/26 23:00:00  2.40 0.00   NA 10.4 11.1  9.7     NA 1018.6   NA  9.6  40.8 -160.7     NA 10.7 
1794/03/27 23:00:00  3.44 0.00   NA  8.1  8.3  7.6     NA 1016.4   NA  9.9  43.2 -159.2     NA  8.4 
1794/03/28 23:00:00  2.86 0.00   NA  6.9  7.2  6.3     NA 1015.2   NA 10.0  45.2 -157.9     NA  7.0 
1794/03/29 22:00:00  3.37 0.00   NA  5.8  6.7  5.2     NA 1013.9   NA  9.9  47.5 -156.5     NA  6.1 
1794/03/30 22:00:00  3.42 0.00   NA  4.4  6.7  3.7     NA 1011.7   NA  9.4  50.2 -156.3     NA  4.6 
1794/03/31 22:00:00  3.13 0.00   NA  3.9  6.1  3.1     NA 1010.8   NA  8.9  52.6 -156.1     NA  3.6 
1794/04/01 22:00:00  1.48 0.00   NA  3.8   NA  2.9     NA 1010.5   NA  8.8  53.8 -156.1     NA  3.0 
1794/04/02 22:00:00  1.61 0.00   NA  3.7   NA  2.5     NA 1010.1   NA  8.5  54.8 -157.4     NA  3.2 
1794/04/03 22:00:00  1.14 0.00   NA  3.7   NA  2.4     NA 1009.9   NA  8.0  55.4 -156.4     NA  2.5 
1794/04/04 22:00:00  0.89 0.00   NA  3.9 -1.7  2.5     NA 1010.0   NA  8.1  55.8 -155.4     NA  2.3 
1794/04/05 22:00:00  1.68 0.00   NA  4.1 -1.1  2.7     NA 1010.0   NA  6.7  56.7 -153.6     NA  3.0 
1794/04/06 22:00:00  0.82 0.00   NA  4.1  4.4  2.8     NA 1010.1   NA  7.2  56.6 -152.5     NA  3.6 
1794/04/07 22:00:00  0.36 0.00   NA  4.1  5.0  2.9     NA 1010.2   NA  7.2  56.9 -152.3     NA  3.6 
1794/04/08 22:00:00  0.35 0.00   NA  4.2  4.4  2.9     NA 1010.2   NA  6.9  57.1 -151.9     NA  3.9 
1794/04/09 22:00:00  0.45 0.00   NA  4.3  5.0  2.9     NA 1010.2   NA  6.9  57.3 -151.5     NA  3.9 
1794/04/10 22:00:00  0.23 0.00   NA  4.3  6.1  3.0     NA 1010.3   NA  6.8  57.5 -151.3     NA  3.9 
1794/04/11 22:00:00  1.09 0.00   NA  4.5  5.6  3.0     NA 1010.2   NA  6.5  58.2 -150.6     NA  3.9 
1794/04/12 22:00:00  0.99 0.00   NA  4.5  6.7  2.9     NA 1010.1   NA  4.5  59.0 -150.6     NA  3.5 
1794/04/13 22:00:00    NA   NA   NA   NA  2.8   NA     NA     NA   NA   NA    NA     NA     NA   NA 
1794/04/14 22:00:00    NA   NA   NA   NA  1.1   NA     NA     NA   NA   NA    NA     NA     NA   NA 
1794/04/15 22:00:00    NA   NA   NA   NA  2.2   NA     NA     NA   NA   NA    NA     NA     NA   NA 
1794/04/16 22:00:00    NA   NA   NA   NA -3.3   NA     NA     NA   NA   NA    NA     NA     NA   NA 
1794/04/17 22:00:00    NA   NA   NA   NA  1.1   NA     NA     NA   NA   NA    NA     NA     NA   NA 
1794/04/18 22:00:00    NA   NA   NA   NA -1.1   NA     NA     NA   NA   NA    NA     NA     NA   NA 
1794/04/19 22:00:00    NA   NA   NA   NA -7.2   NA     NA     NA   NA   NA    NA     NA     NA   NA 
1794/10/17 20:00:00    NA 0.00   NA 11.5 12.2 11.2     NA 1016.7   NA  3.6  49.4 -126.7     NA 13.0 
1794/10/18 20:00:00  0.00 0.00   NA 11.4 11.1 11.2     NA 1016.6   NA  3.6  49.4 -126.7     NA 12.9 
1794/10/19 20:00:00  0.95 0.00   NA 13.1 15.6 12.1     NA 1016.8   NA  6.7  48.7 -127.2     NA 12.8 
1794/10/20 21:00:00  1.85 0.00   NA 14.2 13.9 12.9     NA 1017.0   NA  7.3  47.6 -128.7     NA 13.3 
1794/10/21 21:00:00  0.62 0.00   NA 14.2 15.0 12.9     NA 1016.8   NA  7.6  47.4 -129.3     NA 13.0 
1794/10/22 21:00:00  0.98 0.00   NA 14.4 15.0 13.2     NA 1017.0   NA  7.6  46.9 -130.2     NA 13.3 
1794/10/23 21:00:00  1.29 0.00   NA 14.0 15.6 12.6     NA 1016.7   NA  7.5  47.2 -128.8     NA 12.9 
1794/10/24 21:00:00  0.92 0.00   NA 13.7 14.4 12.4     NA 1016.7   NA  7.3  47.2 -127.8     NA 13.1 
1794/10/25 20:00:00  2.09 0.00   NA 13.9 13.9 12.7     NA 1017.1   NA  7.3  46.0 -126.3     NA 13.6 
1794/10/26 20:00:00  0.99 0.00   NA 13.6 13.9 12.8     NA 1017.5   NA  6.7  45.4 -125.6     NA 13.7 
1794/10/27 20:00:00  1.53 0.00   NA 14.1 15.0 13.1     NA 1017.7   NA  7.2  44.4 -126.5     NA 14.1 
1794/10/28 20:00:00  0.25 0.00   NA 14.0 14.4 13.1     NA 1017.6   NA  7.3  44.2 -126.5     NA 14.0 
1794/10/29 20:00:00  0.27 0.00   NA 14.0 14.4 13.0     NA 1017.5   NA  7.4  44.4 -126.4     NA 13.9 
1794/10/30 20:00:00  1.87 0.00   NA 13.4 13.9 12.8     NA 1017.7   NA  6.8  43.2 -125.2     NA 14.0 
1794/10/31 20:00:00  0.44 0.00   NA 13.0 13.9 12.5     NA 1017.7   NA  5.0  43.1 -124.8     NA 13.3 
1794/11/01 20:00:00  0.80 0.00   NA 13.3 14.4 12.9     NA 1017.8   NA  6.7  42.6 -125.2     NA 14.3 
1794/11/02 20:00:00  0.35 0.00   NA 13.3 14.4 12.9     NA 1017.8   NA  6.7  42.3 -125.4     NA 14.3 
1794/11/03 20:00:00  2.31 0.00   NA 13.3 12.8 13.1     NA 1018.3   NA  4.1  40.7 -124.4     NA 14.3 
1794/11/04 20:00:00  3.11 0.00   NA 14.4 11.7 13.9     NA 1018.5   NA  6.1  38.3 -124.8     NA 14.9 
1794/11/05 20:00:00  1.47 0.00   NA 14.4 12.2 14.0     NA 1018.6   NA  5.6  37.6 -123.7     NA 14.8 
1794/12/02 20:00:00  0.10 0.00   NA 13.7   NA 13.2     NA 1019.7   NA  3.6  36.2 -121.8     NA 13.2 
1794/12/03 20:00:00  0.51 0.00   NA 14.4   NA 13.6     NA 1019.7   NA  4.5  35.9 -121.6     NA 13.9 
1794/12/04 20:00:00  0.54 0.00   NA 14.4   NA 13.5     NA 1019.8   NA  4.6  35.5 -121.7     NA 13.8 
1794/12/05 20:00:00  2.18 0.00   NA 15.2   NA 14.3     NA 1019.4   NA  5.5  34.0 -120.8     NA 15.0 
1794/12/06 20:00:00  2.50 0.00   NA 15.9 15.6 14.8     NA 1019.1   NA  5.1  32.3 -119.6     NA 15.4 
1794/12/07 20:00:00  2.94 0.00   NA 17.0 16.1 15.6     NA 1018.5   NA  5.2  30.2 -118.5     NA 16.3 
1794/12/08 20:00:00  2.69 0.00   NA 18.1 15.6 16.5     NA 1017.6   NA  5.3  28.7 -116.9     NA 17.3 
1794/12/09 20:00:00  2.25 0.00   NA 18.9 17.2 17.1     NA 1017.2   NA  5.3  27.9 -115.1     NA 17.9 
1794/12/10 20:00:00  1.66 0.00   NA 19.9 18.9 18.0     NA 1016.8   NA  5.0  26.8 -114.3     NA 18.8 
1794/12/11 20:00:00  1.36 0.00   NA 20.7 20.6 18.3     NA 1016.7   NA  3.7  26.0 -113.5     NA 19.1 
1794/12/12 19:00:00  2.33 0.00   NA 22.7 21.7 20.1     NA 1016.2   NA  3.0  25.2 -111.8     NA 21.3 
1794/12/13 19:00:00  2.13 0.00   NA 23.7 21.7 21.3     NA 1015.4   NA  3.5  23.7 -111.0     NA 22.4 
1794/12/14 19:00:00  1.70 0.00   NA 24.0 21.1 21.6     NA 1015.4   NA  3.9  23.2 -109.7     NA 22.7 
1794/12/15 19:00:00  1.73 0.00   NA 24.7 21.7 22.4     NA 1015.0   NA  4.8  22.2 -108.7     NA 23.7 
1794/12/16 19:00:00  2.37 0.00   NA 25.4 22.2 23.4     NA 1014.5   NA  3.4  21.6 -106.8     NA 24.8 
1794/12/17 19:00:00  0.91 0.00   NA 25.4 22.2 23.4     NA 1014.6   NA  3.4  21.3 -106.1     NA 24.8 
1794/12/18 19:00:00  0.90 0.00   NA 25.4 23.9 23.4     NA 1014.5   NA  2.2  21.0 -105.4     NA 23.6 
1794/12/19 19:00:00  2.30 0.00   NA 26.2 25.0 24.6     NA 1013.8   NA  2.7  19.2 -105.0     NA 25.6 
1794/12/20 19:00:00  1.83 0.00   NA 27.6 27.8 25.9     NA 1013.6   NA  1.8  18.3 -103.9     NA 26.8 
1794/12/21 19:00:00  0.65 0.00   NA 27.7 27.2 26.1     NA 1013.3   NA  2.3  17.9 -103.6     NA 27.0 
1794/12/22 19:00:00  1.40 0.00   NA 27.4 27.8 25.7     NA 1013.3   NA  2.8  17.8 -104.7     NA 26.7 
1794/12/23 19:00:00  1.49 0.00   NA 27.7 26.7 26.0     NA 1013.4   NA  2.3  17.6 -103.5     NA 26.9 
1794/12/24 19:00:00  1.78 0.00   NA 28.1 27.2 26.4     NA 1013.1   NA  2.4  16.5 -102.6     NA 27.7 
1794/12/25 19:00:00  1.36 0.00   NA 28.4 27.2 26.7     NA 1012.9   NA  2.4  15.8 -101.9     NA 27.9 
1794/12/26 19:00:00  0.94 0.00   NA 28.4 28.3 26.7     NA 1012.9   NA  2.4  15.2 -101.4     NA 27.9 
1794/12/27 19:00:00  0.44 0.00   NA 28.4 28.3 26.6     NA 1012.9   NA  2.4  15.0 -101.1     NA 27.9 
1794/12/28 19:00:00  0.75 0.00   NA 28.4 27.8 26.7     NA 1012.7   NA  3.0  14.7 -100.6     NA 28.0 
1794/12/29 19:00:00  0.76 0.00   NA 28.4 27.2 26.7     NA 1012.7   NA  3.0  14.2 -100.2     NA 28.0 
1794/12/30 19:00:00  0.20 0.00   NA 28.3 27.2 26.6     NA 1012.7   NA  3.0  14.1 -100.1     NA 28.0 
1794/12/31 19:00:00  0.83 0.00   NA 27.9 27.2 26.4     NA 1012.5   NA  4.1  13.8  -99.5     NA 28.0 
1795/01/01 19:00:00  1.33 0.00   NA 27.6 27.2 26.1     NA 1012.6   NA  4.4  13.3  -98.6     NA 28.0 
1795/01/02 19:00:00  1.32 0.00   NA 27.0 26.7 25.6     NA 1012.4   NA  5.4  12.6  -97.9     NA 27.1 
1795/01/03 18:00:00  1.30 0.00   NA 26.9 26.1 25.6     NA 1012.2   NA  5.5  11.7  -97.4     NA 26.6 
1795/01/04 19:00:00  1.50 0.00   NA 26.9 25.6 25.7     NA 1012.0   NA  5.7  10.5  -97.6     NA 26.5 
1795/01/05 18:00:00  4.16 0.00   NA 26.8 26.1 25.9     NA 1011.7   NA  5.6   9.5  -94.6     NA 27.0 
1795/01/06 19:00:00  3.83 0.00   NA 26.8 26.7 25.9     NA 1011.8   NA  5.7   8.3  -97.5     NA 26.9 
1795/01/07 18:00:00  6.33 0.00   NA 26.6 26.1 25.5     NA 1011.4   NA  5.1   7.5  -92.8     NA 26.2 
1795/01/08 18:00:00  0.57 0.00   NA 26.6 26.1 25.5     NA 1011.4   NA  5.1   7.2  -92.5     NA 26.2 
1795/01/09 18:00:00  0.23 0.00   NA 26.6 26.7 25.5     NA 1011.4   NA  5.1   7.2  -92.3     NA 26.2 
1795/01/10 18:00:00  0.40 0.00   NA 26.6 25.6 25.5     NA 1011.4   NA  5.2   7.1  -92.0     NA 26.2 
1795/01/11 18:00:00  0.83 0.00   NA 26.8 26.1 25.4     NA 1011.2   NA  4.3   6.8  -91.5     NA 26.0 
1795/01/12 18:00:00  0.42 0.00   NA 26.6 26.1 25.4     NA 1011.3   NA  5.0   7.0  -91.2     NA 26.2 
1795/01/13 18:00:00  1.56 0.00   NA 26.9 26.1 25.4     NA 1011.1   NA  4.0   6.4  -90.2     NA 26.3 
1795/01/14 18:00:00  1.14 0.00   NA 27.1 26.1 25.5     NA 1010.8   NA  3.3   5.6  -89.7     NA 26.0 
1795/01/15 18:00:00  0.27 0.00   NA 27.1 26.7 25.5     NA 1010.8   NA  3.3   5.8  -89.6     NA 26.0 
1795/01/16 18:00:00  0.75 0.00   NA 27.1 26.7 25.5     NA 1010.8   NA  3.3   6.0  -89.0     NA 26.0 
1795/01/17 18:00:00  1.28 0.00   NA 27.3 25.6 25.6     NA 1010.8   NA  3.1   5.8  -88.0     NA 26.3 
1795/01/18 18:00:00  0.48 0.00   NA 27.5 26.1 25.8     NA 1010.7   NA  2.9   5.5  -87.8     NA 26.4 
1795/01/19 18:00:00  0.42 0.00   NA 27.6 25.6 25.9     NA 1010.7   NA  2.9   5.2  -87.8     NA 26.4 
1795/01/20 18:00:00  0.86 0.00   NA 27.6 26.1 25.9     NA 1010.7   NA  2.9   5.3  -87.2     NA 26.4 
1795/01/21 18:00:00  0.28 0.00   NA 27.8 25.6 26.1     NA 1010.6   NA  2.8   5.2  -87.0     NA 26.9 
1795/01/22 18:00:00  0.64 0.00   NA 27.8 27.2 26.2     NA 1010.6   NA  2.8   5.7  -86.9     NA 26.9 
1795/01/23 18:00:00  0.21 0.00   NA 27.8 26.1 26.2     NA 1010.6   NA  2.8   5.5  -86.8     NA 26.9 
1795/01/28 18:00:00  0.21 0.00   NA 27.8 26.7 26.1     NA 1010.5   NA  3.0   4.7  -86.7     NA 27.1 
1795/01/29 18:00:00  1.60 0.00   NA 27.5 27.2 25.8     NA 1010.5   NA  3.3   3.5  -86.7     NA 26.8 
1795/01/30 18:00:00  1.48 0.00   NA 27.1 25.6 25.5     NA 1010.6   NA  3.6   2.6  -87.4     NA 26.4 
1795/01/31 18:00:00  0.54 0.00   NA 27.1 26.7 25.5     NA 1010.5   NA  3.6   2.2  -87.2     NA 26.4 
1795/02/01 18:00:00  2.08 0.00   NA 26.7 26.7 25.4     NA 1010.6   NA  3.6   1.5  -88.7     NA 26.2 
1795/02/02 18:00:00  1.61 0.00   NA 26.8 26.7 25.5     NA 1010.6   NA  3.5   1.4  -90.0     NA 26.1 
1795/02/03 18:00:00  0.08 0.00   NA 26.8 26.1 25.5     NA 1010.7   NA  3.3   1.5  -90.0     NA 26.0 
1795/02/04 18:00:00  1.39 0.00   NA 26.8 25.6 25.6     NA 1010.6   NA  3.4   1.1  -89.0     NA 26.2 
1795/02/05 18:00:00  0.57 0.00   NA 26.3 26.1 25.3     NA 1010.6   NA  3.3   1.0  -88.6     NA 26.3 
1795/02/06 18:00:00  0.94 0.00   NA 26.3 25.6 25.4     NA 1010.6   NA  3.3   0.5  -88.1     NA 26.3 
1795/02/07 18:00:00  0.69 0.00   NA 26.3 25.6 25.3     NA 1010.5   NA  3.3   0.1  -87.7     NA 26.2 
1795/02/08 18:00:00  0.38 0.00   NA 25.9 24.4 25.2     NA 1010.6   NA  3.1  -0.2  -87.7     NA 26.1 
1795/02/09 18:00:00  0.78 0.00   NA 26.0 23.9 25.2     NA 1010.6   NA  3.0  -0.7  -87.9     NA 26.1 
1795/02/10 18:00:00  1.20 0.00   NA 26.1 24.4 25.3     NA 1010.7   NA  3.0  -1.4  -88.6     NA 26.2 
1795/02/11 18:00:00  0.96 0.00   NA 26.5 25.0 25.4     NA 1010.8   NA  3.1  -2.0  -89.0     NA 26.3 
1795/02/12 18:00:00  0.74 0.00   NA 26.4 25.0 25.4     NA 1010.8   NA  3.1  -2.5  -89.3     NA 26.3 
1795/02/13 18:00:00  0.62 0.00   NA 26.4 25.0 25.4     NA 1010.8   NA  3.1  -2.9  -89.6     NA 26.4 
1795/02/14 18:00:00  1.68 0.00   NA 26.4 25.6 25.4     NA 1010.9   NA  3.5  -3.4  -90.8     NA 26.4 
1795/02/15 18:00:00  1.85 0.00   NA 26.3 25.6 25.5     NA 1011.0   NA  4.3  -4.2  -92.0     NA 25.9 
1795/02/16 18:00:00  2.45 0.00   NA 26.3 25.6 25.4     NA 1011.2   NA  5.1  -5.5  -93.4     NA 25.9 
1795/02/17 18:00:00  2.38 0.00   NA 26.2 25.0 25.2     NA 1011.4   NA  5.7  -6.9  -94.7     NA 26.0 
1795/02/18 18:00:00  2.48 0.00   NA 25.5 25.0 24.7     NA 1011.9   NA  6.3  -8.2  -96.1     NA 25.6 
1795/02/19 19:00:00  2.71 0.00   NA 25.3 24.4 24.4     NA 1012.1   NA  6.4  -9.8  -97.6     NA 25.2 
1795/02/20 19:00:00  2.09 0.00   NA 24.8 24.4 23.9     NA 1012.7   NA  6.6 -11.1  -98.5     NA 24.9 
1795/02/21 19:00:00  2.36 0.00   NA 24.6 23.9 23.7     NA 1013.1   NA  6.7 -12.7  -99.5     NA 24.7 
1795/02/22 19:00:00  2.42 0.00   NA 24.5 24.4 23.3     NA 1013.8   NA  6.7 -14.5 -100.2     NA 24.2 
1795/02/23 19:00:00  2.26 0.00   NA 24.2 24.4 23.0     NA 1014.5   NA  6.7 -16.1 -101.0     NA 23.8 
1795/02/24 19:00:00  1.99 0.00   NA 24.4 24.4 23.2     NA 1014.9   NA  6.6 -17.6 -101.2     NA 24.0 
1795/02/25 19:00:00  1.61 0.00   NA 24.1 25.6 23.1     NA 1015.3   NA  6.6 -18.8 -100.9     NA 23.7 
1795/02/26 19:00:00  1.49 0.00   NA 24.2 24.4 23.1     NA 1015.7   NA  6.5 -19.9 -100.7     NA 23.9 
1795/02/27 19:00:00  1.32 0.00   NA 24.4 23.9 23.1     NA 1016.1   NA  6.3 -20.9 -100.2     NA 24.4 
1795/02/28 19:00:00  1.06 0.00   NA 24.6 25.6 23.1     NA 1016.5   NA  6.2 -21.7 -100.1     NA 24.6 
1795/03/01 19:00:00  2.30 0.00   NA 24.4 25.0 22.9     NA 1017.3   NA  5.8 -23.4  -99.6     NA 24.3 
1795/03/02 19:00:00  2.61 0.00   NA 24.0 25.0 22.7     NA 1017.7   NA  5.6 -24.5  -97.7     NA 24.0 
1795/03/03 18:00:00  2.39 0.00   NA 23.8 23.9 22.4     NA 1018.1   NA  5.5 -25.7  -96.3     NA 23.8 
1795/03/04 18:00:00  1.42 0.00   NA 23.6 23.9 22.3     NA 1018.4   NA  5.4 -26.8  -95.8     NA 23.9 
1795/03/05 18:00:00  1.39 0.00   NA 23.7 22.8 22.3     NA 1018.7   NA  5.2 -27.8  -96.1     NA 23.8 
1795/03/06 18:00:00  1.62 0.00   NA 23.4 21.7 22.4     NA 1019.0   NA  5.1 -28.8  -97.0     NA 23.7 
1795/03/07 18:00:00  0.70 0.00   NA 23.3 23.3 22.4     NA 1019.0   NA  5.1 -28.9  -96.3     NA 23.6 
1795/03/08 18:00:00  2.04 0.00   NA 23.0 21.7 22.6     NA 1018.9   NA  5.1 -28.9  -94.5     NA 23.7 
1795/03/09 18:00:00  1.52 0.00   NA 22.9 21.7 22.6     NA 1019.2   NA  5.1 -29.7  -95.5     NA 23.5 
1795/03/10 18:00:00  0.59 0.00   NA 22.7 21.7 22.1     NA 1019.3   NA  5.1 -30.0  -95.9     NA 22.9 
1795/03/11 18:00:00  1.46 0.00   NA 22.6 22.2 21.9     NA 1019.3   NA  5.1 -30.4  -94.6     NA 22.6 
1795/03/12 18:00:00  0.50 0.00   NA 22.5 22.8 21.9     NA 1019.3   NA  5.1 -30.7  -94.3     NA 22.5 
1795/03/13 18:00:00  1.77 0.00   NA 21.7 23.3 20.7     NA 1019.3   NA  5.2 -31.9  -93.5     NA 21.4 
1795/03/14 18:00:00  3.78 0.00   NA 20.6 23.3 19.1     NA 1019.5   NA  5.4 -33.2  -90.4     NA 20.0 
1795/03/15 18:00:00  3.01 0.00   NA 20.4 22.8 19.2     NA 1019.3   NA  5.3 -33.2  -87.6     NA 20.2 
1795/03/16 18:00:00  2.98 0.00   NA 19.8 21.7 19.3     NA 1019.0   NA  5.3 -33.7  -84.9     NA 19.4 
1795/03/17 17:00:00  2.98 0.00   NA 19.6 22.8 18.5     NA 1018.4   NA  5.5 -33.4  -82.2     NA 19.1 
1795/03/18 17:00:00  2.49 0.00   NA 19.1 22.8 17.7     NA 1017.6   NA  6.1 -33.8  -80.0     NA 18.9 
1795/03/19 17:00:00  2.42 0.00   NA 18.8 21.7 17.8     NA 1016.8   NA  6.6 -33.7  -77.7     NA 18.6 
1795/03/20 17:00:00  2.20 0.00   NA 18.5 20.6 17.5     NA 1016.0   NA  7.2 -33.9  -75.7     NA 18.2 
1795/03/21 17:00:00  2.70 0.00   NA 16.9 20.0 16.2     NA 1015.3   NA  6.7 -33.9  -73.2     NA 17.0 
1795/03/22 17:00:00  2.72 0.00   NA 16.0 20.0 15.4     NA 1014.1   NA  1.4 -33.5  -70.7     NA 15.9 
1795/03/23 17:00:00  1.97   NA   NA   NA 20.0   NA     NA 1013.5   NA  1.6 -32.9  -69.0     NA   NA 
1795/03/24 16:00:00  2.23   NA   NA   NA 20.0   NA     NA 1013.3   NA  2.2 -32.9  -67.0     NA   NA 
1795/03/25 16:00:00    NA   NA   NA   NA 16.7   NA     NA     NA   NA   NA    NA     NA     NA   NA 
1795/05/05 16:00:00    NA   NA   NA   NA 15.6   NA     NA     NA   NA   NA    NA     NA     NA   NA 
1795/05/06 17:00:00    NA 0.00   NA 16.6 16.1 15.5     NA 1016.2   NA  6.1 -32.8  -73.7     NA 16.7 
1795/05/07 17:00:00  2.20 0.00   NA 17.8 16.7 16.3     NA 1016.6   NA  6.2 -32.7  -75.7     NA 17.6 
1795/05/08 17:00:00  1.65 0.00   NA 17.7 16.7 16.6     NA 1017.0   NA  6.1 -32.8  -77.2     NA 17.8 
1795/05/09 17:00:00  1.19 0.00   NA 17.4 18.9 16.4     NA 1016.9   NA  6.1 -33.7  -77.6     NA 17.6 
1795/05/10 17:00:00  1.49 0.00   NA 16.8 14.4 16.0     NA 1016.8   NA  6.3 -34.8  -77.4     NA 16.9 
1795/05/11 17:00:00  1.04 0.00   NA 16.3 15.0 15.5     NA 1016.6   NA  6.6 -35.4  -78.1     NA 16.1 
1795/05/12 17:00:00  2.36 0.00   NA 16.0 14.4 15.0     NA 1016.1   NA  7.0 -36.9  -79.5     NA 15.1 
1795/05/13 17:00:00  2.02 0.00   NA 15.1 12.8 13.7     NA 1015.1   NA  7.7 -38.0  -80.8     NA 14.5 
1795/05/14 17:00:00  2.17 0.00   NA 14.3 14.4 13.0     NA 1014.6   NA  8.1 -39.7  -81.0     NA 14.4 
1795/05/15 17:00:00  2.35 0.00   NA 13.2 13.3 12.1     NA 1013.0   NA  8.3 -41.2  -79.7     NA 12.6 
1795/05/16 17:00:00  1.88 0.00   NA 12.6 12.2 11.5     NA 1012.2   NA  8.5 -42.7  -79.5     NA 11.6 
1795/05/17 17:00:00  1.51 0.00   NA 12.0 12.8 11.0     NA 1011.4   NA  8.6 -43.8  -79.1     NA 11.0 
1795/05/18 17:00:00  1.83 0.00   NA 10.8 11.1  9.6     NA 1009.8   NA  8.9 -45.2  -79.1     NA 10.5 
1795/05/19 17:00:00  3.45 0.00   NA 10.0 10.6  8.6     NA 1008.0   NA  9.1 -47.9  -78.5     NA  9.8 
1795/05/20 17:00:00  2.45 0.00   NA  8.9  7.8  8.1     NA 1006.3   NA  9.4 -49.8  -78.5     NA  8.4 
1795/05/21 17:00:00  1.34 0.00   NA  8.3  7.8  8.0     NA 1005.4   NA  9.4 -50.8  -78.8     NA  7.6 
1795/05/22 17:00:00  1.44 0.00   NA  8.1  3.9  7.7     NA 1004.5   NA  9.4 -51.9  -78.3     NA  7.0 
1795/05/23 17:00:00  0.93 0.00   NA  7.6  6.1  7.2     NA 1003.5   NA  9.4 -52.6  -78.2     NA  6.5 
1795/05/24 17:00:00  3.02 0.00   NA  7.0  6.1  5.7     NA 1001.3   NA  9.6 -54.8  -76.7     NA  5.9 
1795/05/25 17:00:00  2.88 0.00   NA  6.0  7.2  4.4     NA  999.2   NA  9.5 -56.1  -73.5     NA  4.9 
1795/05/26 17:00:00  2.62 0.00   NA  5.3  5.0  3.6     NA  998.2   NA  9.2 -57.1  -70.3     NA  3.7 
1795/05/27 17:00:00  1.81 0.00   NA  6.1  3.9  4.6     NA  999.2   NA  8.8 -56.6  -67.9     NA  4.5 
1795/05/28 16:00:00  1.70 0.00   NA  5.4  1.7  4.3     NA  999.3   NA  8.7 -57.0  -65.7     NA  4.3 
1795/05/29 16:00:00  1.97 0.00   NA  4.7  3.3  3.7     NA  999.5   NA  8.7 -56.3  -63.1     NA  3.4 
1795/05/30 16:00:00  2.17 0.00   NA  5.0  3.3  3.3     NA 1000.7   NA  8.7 -55.5  -60.6     NA  3.9 
1795/05/31 16:00:00  2.78 0.00   NA  5.8  2.2  4.2     NA 1002.4   NA  8.8 -53.6  -58.8     NA  5.6 
1795/06/01 16:00:00  2.60 0.00   NA  5.3  2.8  4.1     NA 1003.2   NA  8.9 -52.7  -55.7     NA  4.3 
1795/06/02 16:00:00  3.72 0.00   NA  5.6  2.8  4.6     NA 1004.8   NA  9.0 -50.1  -54.0     NA  3.7 
1795/06/03 16:00:00  3.17 0.00   NA  8.8  5.6  7.1     NA 1007.4   NA  9.4 -47.8  -52.6     NA  6.8 
1795/06/04 15:00:00  2.85 0.00   NA 10.0 10.6  8.6     NA 1008.2   NA  9.7 -46.3  -50.4     NA  7.9 
1795/06/05 15:00:00  2.76 0.00   NA  9.9  6.1  9.6     NA 1008.9   NA  9.6 -45.6  -47.4     NA  9.1 
1795/06/06 15:00:00  1.50 0.00   NA  9.5  8.9  9.3     NA 1008.9   NA  9.6 -45.0  -46.0     NA  9.0 
1795/06/07 15:00:00  2.51 0.00   NA 10.7  9.4 10.1     NA 1010.4   NA  9.4 -43.2  -45.1     NA  9.6 
1795/06/08 15:00:00  2.82 0.00   NA 11.8 10.6 11.2     NA 1011.9   NA  9.3 -41.4  -43.4     NA 10.9 
1795/06/09 15:00:00  1.65 0.00   NA 13.0 13.3 12.3     NA 1012.7   NA  9.2 -40.3  -42.4     NA 11.7 
1795/06/10 15:00:00  2.10 0.00   NA 14.4 15.6 12.3     NA 1013.4   NA  9.3 -39.3  -40.8     NA 12.9 
1795/06/11 15:00:00  2.36 0.00   NA 15.3 15.0 13.4     NA 1014.3   NA  9.3 -38.3  -38.8     NA 14.1 
1795/06/12 14:00:00  3.25 0.00   NA 16.4 11.7 15.4     NA 1016.0   NA  9.1 -36.8  -36.4     NA 15.8 
1795/06/13 14:00:00 11.93 0.00   NA 15.7 12.2 13.8     NA 1017.1   NA  9.2 -36.3  -24.9     NA 14.7 
1795/06/14 13:00:00  3.76 0.00   NA 16.2 12.2 15.2     NA 1018.1   NA  8.9 -35.8  -21.5     NA 15.3 
1795/06/15 14:00:00  6.74 0.00   NA 16.5 13.3 14.8     NA 1018.0   NA  8.9 -35.7  -28.2     NA 15.7 
1795/06/16 14:00:00  3.86 0.00   NA 15.9 13.3 14.4     NA 1018.3   NA  8.9 -35.8  -24.5     NA 14.9 
1795/06/17 13:00:00  2.86 0.00   NA 16.1 16.1 15.1     NA 1018.4   NA  8.9 -35.9  -21.9     NA 15.2 
1795/06/18 13:00:00  3.65 0.00   NA 15.6 16.7 14.7     NA 1017.7   NA  9.3 -36.0  -18.4     NA 16.1 
1795/06/19 13:00:00  2.03 0.00   NA 16.3 16.7 15.1     NA 1018.7   NA  9.1 -35.4  -16.6     NA 15.5 
1795/06/20 14:00:00  7.81 0.00   NA 15.8 16.1 14.4     NA 1018.7   NA  8.9 -35.1  -24.3     NA 14.8 
1795/06/21 13:00:00  3.21 0.00   NA 17.6 13.9 16.1     NA 1020.0   NA  8.4 -33.5  -22.2     NA 16.1 
1795/06/22 13:00:00  2.86 0.00   NA 18.8 15.0 17.3     NA 1021.0   NA  7.9 -31.8  -20.4     NA 17.3 
1795/06/23 13:00:00 11.38 0.00   NA 18.5 16.1 17.0     NA 1021.2   NA  7.6 -31.7  -10.0     NA 17.6 
1795/06/24 13:00:00  0.83 0.00   NA 18.5 15.6 17.0     NA 1021.3   NA  7.6 -31.7   -9.2     NA 17.6 
1795/06/25 12:00:00  2.29 0.00   NA 18.9 17.8 17.4     NA 1021.8   NA  7.1 -30.9   -7.4     NA 18.1 
1795/06/26 12:00:00  3.52 0.00   NA 19.6 18.3 18.0     NA 1022.2   NA  6.3 -28.4   -6.2     NA 18.5 
1795/06/27 12:00:00  3.47 0.00   NA 20.4 18.9 18.9     NA 1022.3   NA  5.9 -25.8   -5.8     NA 19.3 
1795/06/28 12:00:00  2.58 0.00   NA 21.1 18.9 19.2     NA 1021.9   NA  6.1 -23.8   -5.9     NA 19.6 
1795/06/29 12:00:00  1.83 0.00   NA 21.2 19.4 19.3     NA 1021.7   NA  6.3 -22.3   -6.0     NA 20.0 
1795/06/30 12:00:00  2.28 0.00   NA 21.6 20.0 19.7     NA 1021.2   NA  6.6 -20.6   -6.2     NA 20.3 
1795/07/01 12:00:00  2.05 0.00   NA 21.6 20.0 19.8     NA 1020.8   NA  6.8 -19.0   -6.5     NA 20.5 
