1849/04/14 15:00:00  1.16 0.00   NA 15.8 19.1 14.6 1005.4 1018.8   NA  6.9  37.7  -16.9     NA 16.3 
1849/04/14 22:00:00  1.18 0.00   NA 15.9 16.7 14.6 1005.7 1019.2   NA  6.9  37.5  -17.1     NA 16.4 
1849/04/15 08:00:00  1.17 0.00   NA 15.9 15.1 14.7 1009.3 1019.2   NA  6.9  37.2  -17.3     NA 16.5 
1849/04/15 08:00:00    NA 0.00   NA 15.9 15.2 14.7     NA 1019.2   NA  6.9  37.2  -17.3     NA 16.5 
1849/04/15 15:00:00  1.05 0.00   NA 15.9 16.2 14.7 1002.4 1019.2   NA  6.9  37.0  -17.6     NA 16.5 
1849/04/15 15:00:00    NA 0.00   NA 15.9 16.2 14.7     NA 1019.2   NA  6.9  37.0  -17.6     NA 16.5 
1849/04/15 22:00:00  1.05 0.00   NA 16.4 16.2 15.0  992.3 1019.2   NA  6.7  36.9  -17.8     NA 16.8 
1849/04/15 22:00:00    NA 0.00   NA 16.4 16.2 15.0     NA 1019.2   NA  6.7  36.9  -17.8     NA 16.8 
1849/04/16 08:00:00  1.05 0.00   NA 16.5 16.2 15.2  999.0 1019.5   NA  6.7  36.7  -18.2     NA 17.0 
1849/04/16 08:00:00    NA 0.00   NA 16.5 16.2 15.2     NA 1019.5   NA  6.7  36.7  -18.2     NA 17.0 
1849/04/16 15:00:00  1.59 0.00   NA 16.5 16.2 15.2  999.0 1019.5   NA  6.7  36.4  -18.2     NA 17.0 
1849/04/16 15:00:00    NA 0.00   NA 16.5 19.1 15.2     NA 1019.5   NA  6.7  36.4  -18.2     NA 17.0 
1849/04/16 22:00:00  1.54 0.00   NA 16.5 16.2 15.2  992.2 1019.5   NA  6.7  36.0  -18.2     NA 17.0 
1849/04/16 22:00:00    NA 0.00   NA 16.5 16.2 15.2     NA 1019.5   NA  6.7  36.0  -18.2     NA 17.0 
1849/04/17 08:00:00  1.58 0.00   NA 17.0 17.0 15.6  998.7 1019.5   NA  6.5  35.5  -18.2     NA 17.2 
1849/04/17 08:00:00    NA 0.00   NA 17.0 16.2 15.6     NA 1019.5   NA  6.5  35.5  -18.2     NA 17.2 
1849/04/17 15:00:00  2.37 0.00   NA 17.4 18.1 16.1 1001.9 1019.4   NA  6.3  35.0  -18.3     NA 17.7 
1849/04/17 15:00:00    NA 0.00   NA 17.4 21.5 16.1     NA 1019.4   NA  6.3  35.0  -18.3     NA 17.7 
1849/04/17 22:00:00  2.42 0.00   NA 17.4 17.5 16.1  995.3 1019.4   NA  6.3  34.4  -18.4     NA 17.7 
1849/04/17 22:00:00    NA 0.00   NA 17.4 16.9 16.1     NA 1019.4   NA  6.3  34.4  -18.4     NA 17.7 
1849/04/18 08:00:00  2.38 0.00   NA 17.7 17.5 16.5  998.5 1019.3   NA  6.0  33.7  -18.6     NA 18.0 
1849/04/18 08:00:00    NA 0.00   NA 17.7 15.2 16.5     NA 1019.3   NA  6.0  33.7  -18.6     NA 18.0 
1849/04/18 15:00:00  3.49 0.00   NA 18.0 16.9 16.8 1002.0 1019.1   NA  5.9  32.9  -18.9     NA 18.4 
1849/04/18 15:00:00    NA 0.00   NA 18.0 17.5 16.8     NA 1019.1   NA  5.9  32.9  -18.9     NA 18.4 
1849/04/18 22:00:00  3.49 0.00   NA 18.1 16.4 16.9 1002.1 1019.5   NA  6.2  32.2  -19.2     NA 18.4 
1849/04/18 22:00:00    NA 0.00   NA 18.1 17.5 16.9     NA 1019.5   NA  6.2  32.2  -19.2     NA 18.4 
1849/04/19 08:00:00  3.49 0.00   NA 18.4 17.5 17.3 1001.7 1019.3   NA  6.2  31.1  -19.6     NA 18.7 
1849/04/19 08:00:00    NA 0.00   NA 18.4 18.4 17.3     NA 1019.3   NA  6.2  31.1  -19.6     NA 18.7 
1849/04/19 15:00:00  3.74 0.00   NA 18.8 18.7 17.6 1001.5 1019.1   NA  6.4  30.3  -19.8     NA 19.1 
1849/04/19 15:00:00    NA 0.00   NA 18.8 17.9 17.6     NA 1019.1   NA  6.4  30.3  -19.8     NA 19.1 
1849/04/19 22:00:00  3.70 0.00   NA 19.1 18.7 17.9  998.1 1018.9   NA  6.5  29.4  -19.9     NA 19.3 
1849/04/19 22:00:00    NA 0.00   NA 19.1 18.0 17.9     NA 1018.9   NA  6.5  29.4  -19.9     NA 19.3 
1849/04/20 08:00:00  3.74 0.00   NA 19.6 18.4 18.4 1004.7 1018.8   NA  6.6  28.2  -20.1     NA 19.7 
1849/04/20 08:00:00    NA 0.00   NA 19.6 20.0 18.4     NA 1018.8   NA  6.6  28.2  -20.1     NA 19.7 
1849/04/20 15:00:00  3.27 0.00   NA 19.9 19.7 18.7 1007.8 1018.4   NA  6.6  27.5  -20.2     NA 20.1 
1849/04/20 15:00:00    NA 0.00   NA 19.9 18.7 18.7     NA 1018.4   NA  6.6  27.5  -20.2     NA 20.1 
1849/04/20 22:00:00  3.26 0.00   NA 20.2 19.0 19.0 1007.9 1018.0   NA  6.7  26.8  -20.4     NA 20.6 
1849/04/20 22:00:00    NA 0.00   NA 20.2 20.4 19.0     NA 1018.0   NA  6.7  26.8  -20.4     NA 20.6 
1849/04/21 08:00:00  3.26 0.00   NA 20.4 20.0 19.3 1007.6 1017.6   NA  6.8  25.7  -20.6     NA 20.9 
1849/04/21 08:00:00    NA 0.00   NA 20.4 20.9 19.3     NA 1017.6   NA  6.8  25.7  -20.6     NA 20.9 
1849/04/21 15:00:00  3.57 0.00   NA 20.5 21.0 19.5 1007.4 1017.2   NA  7.0  24.9  -20.7     NA 21.1 
1849/04/21 15:00:00    NA 0.00   NA 20.5 20.0 19.5     NA 1017.2   NA  7.0  24.9  -20.7     NA 21.1 
1849/04/21 22:00:00  3.52 0.00   NA 20.5 20.0 19.5 1004.2 1017.2   NA  7.0  24.1  -20.8     NA 21.1 
1849/04/21 22:00:00    NA 0.00   NA 20.5 20.0 19.5     NA 1017.2   NA  7.0  24.1  -20.8     NA 21.1 
1849/04/22 08:00:00  3.56 0.00   NA 20.6 20.0 19.7 1007.4 1016.7   NA  7.3  23.0  -21.0     NA 21.4 
1849/04/22 08:00:00    NA 0.00   NA 20.6 21.2 19.7     NA 1016.7   NA  7.3  23.0  -21.0     NA 21.4 
1849/04/22 15:00:00  3.52 0.00   NA 20.6 21.6 19.7 1007.1 1016.3   NA  7.6  22.2  -20.7     NA 21.5 
1849/04/22 15:00:00    NA 0.00   NA 20.6 21.2 19.7     NA 1016.3   NA  7.6  22.2  -20.7     NA 21.5 
1849/04/22 22:00:00  3.53 0.00   NA 20.7 20.0 19.8 1007.4 1015.8   NA  7.9  21.5  -20.4     NA 21.6 
1849/04/22 22:00:00    NA 0.00   NA 20.7 21.6 19.8     NA 1015.8   NA  7.9  21.5  -20.4     NA 21.6 
1849/04/23 08:00:00  3.50 0.00   NA 20.8 20.1 19.8 1007.2 1015.3   NA  8.1  20.4  -20.1     NA 21.7 
1849/04/23 08:00:00    NA 0.00   NA 20.8 21.2 19.8     NA 1015.3   NA  8.1  20.4  -20.1     NA 21.7 
1849/04/23 15:00:00  3.65 0.00   NA 20.8 22.7 19.9 1006.8 1014.9   NA  8.2  19.6  -20.4     NA 22.0 
1849/04/23 15:00:00    NA 0.00   NA 20.8 21.2 19.9     NA 1014.9   NA  8.2  19.6  -20.4     NA 22.0 
1849/04/23 22:00:00  3.61 0.00   NA 21.1 20.7 20.0 1007.1 1014.5   NA  8.2  18.9  -20.7     NA 22.1 
1849/04/23 22:00:00    NA 0.00   NA 21.1 20.4 20.0     NA 1014.5   NA  8.2  18.9  -20.7     NA 22.1 
1849/04/24 08:00:00  3.64 0.00   NA 21.8 20.0 20.6 1007.1 1014.4   NA  8.1  17.8  -21.2     NA 22.4 
1849/04/24 08:00:00    NA 0.00   NA 21.8 21.9 20.6     NA 1014.4   NA  8.1  17.8  -21.2     NA 22.4 
1849/04/24 15:00:00  4.28 0.00   NA 22.1 22.4 20.9 1006.7 1014.0   NA  8.0  16.8  -21.2     NA 22.7 
1849/04/24 15:00:00    NA 0.00   NA 22.1 21.2 20.9     NA 1014.0   NA  8.0  16.8  -21.2     NA 22.7 
1849/04/24 22:00:00  4.33 0.00   NA 22.4 20.0 21.2 1007.1 1013.6   NA  7.8  15.8  -21.2     NA 23.0 
1849/04/24 22:00:00    NA 0.00   NA 22.4 22.6 21.2     NA 1013.6   NA  7.8  15.8  -21.2     NA 23.0 
1849/04/25 08:00:00  4.30 0.00   NA 22.7 20.6 21.6 1000.1 1013.3   NA  7.6  14.4  -21.3     NA 23.3 
1849/04/25 08:00:00    NA 0.00   NA 22.7 22.5 21.6     NA 1013.3   NA  7.6  14.4  -21.3     NA 23.3 
1849/04/25 15:00:00  4.24 0.00   NA 23.1 22.5 22.0 1003.1 1013.1   NA  7.2  13.5  -21.2     NA 23.7 
1849/04/25 15:00:00    NA 0.00   NA 23.1 22.6 22.0     NA 1013.1   NA  7.2  13.5  -21.2     NA 23.7 
1849/04/25 22:00:00  4.19 0.00   NA 23.7 21.2 22.4 1003.3 1012.8   NA  6.7  12.5  -21.2     NA 24.0 
1849/04/25 22:00:00    NA 0.00   NA 23.7 22.5 22.4     NA 1012.8   NA  6.7  12.5  -21.2     NA 24.0 
1849/04/26 08:00:00  4.23 0.00   NA 24.4 21.2 22.9 1003.2 1012.6   NA  6.1  11.2  -21.2     NA 24.1 
1849/04/26 08:00:00    NA 0.00   NA 24.4 23.9 22.9     NA 1012.6   NA  6.1  11.2  -21.2     NA 24.1 
1849/04/26 15:00:00  3.84 0.00   NA 25.2 25.0 23.5 1002.6 1012.4   NA  5.6  10.3  -21.2     NA 24.9 
1849/04/26 15:00:00    NA 0.00   NA 25.2 23.9 23.5     NA 1012.4   NA  5.6  10.3  -21.2     NA 24.9 
1849/04/26 22:00:00  3.85 0.00   NA 25.9 23.1 24.2  999.5 1012.2   NA  5.1   9.4  -21.1     NA 25.6 
1849/04/26 22:00:00    NA 0.00   NA 25.9 24.6 24.2     NA 1012.2   NA  5.1   9.4  -21.1     NA 25.6 
1849/04/27 08:00:00  3.83 0.00   NA 26.5 23.7 24.9 1002.7 1012.1   NA  4.6   8.2  -21.1     NA 26.4 
1849/04/27 08:00:00    NA 0.00   NA 26.5 25.1 24.9     NA 1012.1   NA  4.6   8.2  -21.1     NA 26.4 
1849/04/27 15:00:00  2.82 0.00   NA 27.2 27.0 25.6  998.8 1011.9   NA  3.9   7.5  -20.9     NA 27.3 
1849/04/27 15:00:00    NA 0.00   NA 27.2 26.2 25.6     NA 1011.9   NA  3.9   7.5  -20.9     NA 27.3 
1849/04/27 22:00:00  2.86 0.00   NA 27.8 25.1 26.1 1002.5 1011.8   NA  3.5   6.9  -20.8     NA 27.5 
1849/04/27 22:00:00    NA 0.00   NA 27.8 26.6 26.1     NA 1011.8   NA  3.5   6.9  -20.8     NA 27.5 
1849/04/28 08:00:00  2.82 0.00   NA 27.8 25.6 26.1 1002.4 1011.8   NA  3.5   6.0  -20.7     NA 27.5 
1849/04/28 08:00:00    NA 0.00   NA 27.8 27.7 26.1     NA 1011.8   NA  3.5   6.0  -20.7     NA 27.5 
1849/04/28 15:00:00  1.70 0.00   NA 28.1 30.1 26.6  998.3 1011.7   NA  3.1   5.6  -20.6     NA 27.5 
1849/04/28 15:00:00    NA 0.00   NA 28.1 27.5 26.6     NA 1011.7   NA  3.1   5.6  -20.6     NA 27.5 
1849/04/28 22:00:00  1.74 0.00   NA 28.1 26.7 26.6 1002.2 1011.7   NA  3.1   5.2  -20.4     NA 27.5 
1849/04/28 22:00:00    NA 0.00   NA 28.1 27.9 26.6     NA 1011.7   NA  3.1   5.2  -20.4     NA 27.5 
1849/04/29 08:00:00  1.70 0.00   NA 28.3 27.4 26.8  998.7 1011.7   NA  2.9   4.7  -20.3     NA 27.6 
1849/04/29 08:00:00    NA 0.00   NA 28.3 27.5 26.8     NA 1011.7   NA  2.9   4.7  -20.3     NA 27.6 
1849/04/29 15:00:00  0.57 0.00   NA 28.3 27.1 26.8 1002.1 1011.7   NA  2.9   4.6  -20.2     NA 27.6 
1849/04/29 15:00:00    NA 0.00   NA 28.3 27.5 26.8     NA 1011.7   NA  2.9   4.6  -20.2     NA 27.6 
1849/04/29 22:00:00  0.59 0.00   NA 28.3 26.2 26.8  998.9 1011.7   NA  2.9   4.5  -20.2     NA 27.6 
1849/04/29 22:00:00    NA 0.00   NA 28.3 25.1 26.8     NA 1011.7   NA  2.9   4.5  -20.2     NA 27.6 
1849/04/30 08:00:00  0.58 0.00   NA 28.3 26.2 26.8  998.9 1011.7   NA  2.9   4.3  -20.1     NA 27.6 
1849/04/30 08:00:00    NA 0.00   NA 28.3 29.1 26.8     NA 1011.7   NA  2.9   4.3  -20.1     NA 27.6 
1849/04/30 15:00:00  1.37 0.00   NA 28.4 27.6 26.9  998.6 1011.7   NA  2.7   4.3  -19.8     NA 27.6 
1849/04/30 15:00:00    NA 0.00   NA 28.4 29.0 26.9     NA 1011.7   NA  2.7   4.3  -19.8     NA 27.6 
1849/04/30 22:00:00  1.37 0.00   NA 28.4 27.5 26.9 1002.0 1011.7   NA  2.7   4.3  -19.4     NA 27.6 
1849/04/30 22:00:00    NA 0.00   NA 28.4 27.6 26.9     NA 1011.7   NA  2.7   4.3  -19.4     NA 27.6 
1849/05/01 08:00:00  1.39 0.00   NA 28.4 26.2 26.9  998.9 1011.7   NA  2.7   4.2  -19.0     NA 27.6 
1849/05/01 08:00:00    NA 0.00   NA 28.4 28.7 26.9     NA 1011.7   NA  2.7   4.2  -19.0     NA 27.6 
1849/05/01 15:00:00  0.71 0.00   NA 28.5 31.9 26.9 1001.3 1011.6   NA  2.7   4.2  -18.9     NA 27.7 
1849/05/01 15:00:00    NA 0.00   NA 28.5 28.7 26.9     NA 1011.6   NA  2.7   4.2  -18.9     NA 27.7 
1849/05/01 22:00:00  0.69 0.00   NA 28.5 27.6 26.9 1002.0 1011.6   NA  2.7   4.1  -18.7     NA 27.7 
1849/05/01 22:00:00    NA 0.00   NA 28.5 29.6 26.9     NA 1011.6   NA  2.7   4.1  -18.7     NA 27.7 
1849/05/02 08:00:00  0.70 0.00   NA 28.5 26.2 26.9  998.9 1011.6   NA  2.7   4.0  -18.5     NA 27.7 
1849/05/02 08:00:00    NA 0.00   NA 28.5 27.9 26.9     NA 1011.6   NA  2.7   4.0  -18.5     NA 27.7 
1849/05/02 15:00:00  1.86 0.00   NA 28.6 26.5 26.9  998.8 1011.6   NA  2.9   4.0  -18.1     NA 27.8 
1849/05/02 15:00:00    NA 0.00   NA 28.6 27.5 26.9     NA 1011.6   NA  2.9   4.0  -18.1     NA 27.8 
1849/05/02 22:00:00  1.82 0.00   NA 28.6 26.2 26.9 1002.2 1011.6   NA  3.0   3.9  -17.7     NA 27.7 
1849/05/02 22:00:00    NA 0.00   NA 28.6 28.5 26.9     NA 1011.6   NA  3.0   3.9  -17.7     NA 27.7 
1849/05/03 08:00:00  1.86 0.00   NA 28.6 27.4 26.9 1002.0 1011.6   NA  3.0   3.8  -17.1     NA 27.7 
1849/05/03 08:00:00    NA 0.00   NA 28.6 30.1 26.9     NA 1011.6   NA  3.0   3.8  -17.1     NA 27.7 
1849/05/03 15:00:00  0.80 0.00   NA 28.6 30.0 26.9 1001.6 1011.6   NA  3.0   3.6  -17.1     NA 27.7 
1849/05/03 15:00:00    NA 0.00   NA 28.6 29.4 26.9     NA 1011.6   NA  3.0   3.6  -17.1     NA 27.7 
1849/05/03 22:00:00  0.80 0.00   NA 28.6 27.5 26.9  998.6 1011.6   NA  3.0   3.5  -17.0     NA 27.7 
1849/05/03 22:00:00    NA 0.00   NA 28.6 28.9 26.9     NA 1011.6   NA  3.0   3.5  -17.0     NA 27.7 
1849/05/04 08:00:00  0.78 0.00   NA 28.6 28.2 26.9 1001.9 1011.6   NA  3.0   3.2  -17.0     NA 27.7 
1849/05/04 08:00:00    NA 0.00   NA 28.6 29.4 26.9     NA 1011.6   NA  3.0   3.2  -17.0     NA 27.7 
1849/05/04 15:00:00  0.32 0.00   NA 28.6 30.0 27.0 1001.6 1011.5   NA  3.2   3.2  -16.9     NA 28.1 
1849/05/04 15:00:00    NA 0.00   NA 28.6 28.7 27.0     NA 1011.5   NA  3.2   3.2  -16.9     NA 28.1 
1849/05/04 22:00:00  0.28 0.00   NA 28.6 27.5 27.0 1002.0 1011.5   NA  3.2   3.2  -16.9     NA 28.1 
1849/05/04 22:00:00    NA 0.00   NA 28.6 26.1 27.0     NA 1011.5   NA  3.2   3.2  -16.9     NA 28.1 
1849/05/05 08:00:00  0.32 0.00   NA 28.6 26.2 27.0 1005.6 1011.6   NA  3.2   3.1  -16.8     NA 28.1 
1849/05/05 08:00:00    NA 0.00   NA 28.6 28.7 27.0     NA 1011.6   NA  3.2   3.1  -16.8     NA 28.1 
1849/05/05 15:00:00  0.84 0.00   NA 28.6 30.7 27.0  998.1 1011.6   NA  3.2   3.0  -16.6     NA 28.1 
1849/05/05 15:00:00    NA 0.00   NA 28.6 28.4 27.0     NA 1011.6   NA  3.2   3.0  -16.6     NA 28.1 
1849/05/05 22:00:00  0.85 0.00   NA 28.5 27.5 26.9 1002.0 1011.6   NA  3.6   2.9  -16.5     NA 27.7 
1849/05/05 22:00:00    NA 0.00   NA 28.5 28.2 26.9     NA 1011.6   NA  3.6   2.9  -16.5     NA 27.7 
1849/05/06 08:00:00  0.83 0.00   NA 28.5 26.9 26.8 1002.1 1011.7   NA  3.7   2.7  -16.3     NA 27.7 
1849/05/06 08:00:00    NA 0.00   NA 28.5 28.7 26.8     NA 1011.7   NA  3.7   2.7  -16.3     NA 27.7 
1849/05/06 15:00:00  0.89 0.00   NA 28.5 31.1 26.8 1001.4 1011.7   NA  3.7   2.5  -16.3     NA 27.7 
1849/05/06 15:00:00    NA 0.00   NA 28.5 28.7 26.8     NA 1011.7   NA  3.7   2.5  -16.3     NA 27.7 
1849/05/06 22:00:00  0.89 0.00   NA 28.5 27.5 26.8 1002.0 1011.7   NA  3.7   2.3  -16.3     NA 27.7 
1849/05/06 22:00:00    NA 0.00   NA 28.5 26.9 26.8     NA 1011.7   NA  3.7   2.3  -16.3     NA 27.7 
1849/05/07 08:00:00  0.90 0.00   NA 28.5 25.7 26.8 1002.3 1011.7   NA  3.7   2.0  -16.4     NA 27.7 
1849/05/07 08:00:00    NA 0.00   NA 28.5 27.5 26.8     NA 1011.7   NA  3.7   2.0  -16.4     NA 27.7 
1849/05/07 15:00:00  0.85 0.00   NA 28.3 25.9 26.8  998.9 1011.7   NA  4.2   1.8  -16.4     NA 27.5 
1849/05/07 15:00:00    NA 0.00   NA 28.3 28.6 26.8     NA 1011.7   NA  4.2   1.8  -16.4     NA 27.5 
1849/05/07 22:00:00  0.89 0.00   NA 28.3 26.2 26.8 1002.2 1011.7   NA  4.2   1.6  -16.4     NA 27.5 
1849/05/07 22:00:00    NA 0.00   NA 28.3 27.9 26.8     NA 1011.7   NA  4.2   1.6  -16.4     NA 27.5 
1849/05/08 08:00:00  0.90 0.00   NA 28.2 25.0 26.8 1002.4 1011.8   NA  4.2   1.4  -16.4     NA 27.5 
1849/05/08 08:00:00    NA 0.00   NA 28.2 28.6 26.8     NA 1011.8   NA  4.2   1.4  -16.4     NA 27.5 
1849/05/08 15:00:00  1.72 0.00   NA 28.2 27.5 26.8 1002.0 1011.8   NA  4.2   1.4  -16.8     NA 27.5 
1849/05/08 15:00:00    NA 0.00   NA 28.2 28.1 26.8     NA 1011.8   NA  4.2   1.4  -16.8     NA 27.5 
1849/05/08 22:00:00  1.73 0.00   NA 28.4 26.2 26.8 1002.2 1011.8   NA  4.1   1.4  -17.2     NA 27.5 
1849/05/08 22:00:00    NA 0.00   NA 28.4 28.4 26.8     NA 1011.8   NA  4.1   1.4  -17.2     NA 27.5 
1849/05/09 08:00:00  1.73 0.00   NA 28.3 27.5 26.8 1002.0 1011.9   NA  4.2   1.4  -17.8     NA 27.5 
1849/05/09 08:00:00    NA 0.00   NA 28.3 28.4 26.8     NA 1011.9   NA  4.2   1.4  -17.8     NA 27.5 
1849/05/09 15:00:00  3.13 0.00   NA 28.0 27.5 26.8 1002.0 1011.9   NA  4.7   0.7  -17.8     NA 27.7 
1849/05/09 15:00:00    NA 0.00   NA 28.0 27.5 26.8     NA 1011.9   NA  4.7   0.7  -17.8     NA 27.7 
1849/05/09 22:00:00    NA   NA   NA   NA 26.2   NA 1002.2     NA   NA   NA   0.0     NA     NA   NA 
1849/05/09 22:00:00    NA 0.00   NA 28.0 27.9 26.8     NA 1011.9   NA  4.7   0.0  -17.8     NA 27.7 
1849/05/10 08:00:00  1.70 0.00   NA 28.0 27.5 26.8 1002.0 1012.0   NA  4.7   0.0  -17.2     NA 27.6 
1849/05/10 08:00:00    NA 0.00   NA 28.0 27.5 26.8     NA 1012.0   NA  4.7   0.0  -17.4     NA 27.6 
1849/05/10 15:00:00    NA   NA   NA   NA 26.2   NA 1002.2     NA   NA   NA   0.0     NA     NA   NA 
1849/05/10 15:00:00    NA 0.00   NA 27.7 27.6 26.8     NA 1012.0   NA  5.2   0.0  -17.2     NA 27.9 
1849/05/10 22:00:00  3.38 0.00   NA 27.7 25.0 26.8 1002.4 1012.0   NA  5.2  -0.2  -18.0     NA 27.9 
1849/05/10 22:00:00    NA 0.00   NA 27.7 27.7 26.8     NA 1012.0   NA  5.2  -0.2  -18.0     NA 27.9 
1849/05/11 08:00:00  3.40 0.00   NA 27.8 26.2 26.7 1002.2 1012.1   NA  5.2  -0.4  -19.1     NA 28.1 
1849/05/11 08:00:00    NA 0.00   NA 27.8 28.7 26.7     NA 1012.1   NA  5.2  -0.4  -19.1     NA 28.1 
1849/05/11 15:00:00  3.06 0.00   NA 27.8 27.5 26.7 1002.0 1012.1   NA  5.2  -0.9  -19.5     NA 28.1 
1849/05/11 15:00:00    NA 0.00   NA 27.8 27.5 26.7     NA 1012.1   NA  5.2  -0.9  -19.5     NA 28.1 
1849/05/11 22:00:00  3.00 0.00   NA 27.9 27.0 26.7 1002.1 1012.2   NA  5.6  -1.4  -20.0     NA 28.2 
1849/05/11 22:00:00    NA 0.00   NA 27.9 27.9 26.7     NA 1012.2   NA  5.6  -1.4  -20.0     NA 28.2 
1849/05/12 08:00:00  3.06 0.00   NA 28.0 27.6 26.8 1002.0 1012.4   NA  6.1  -2.0  -20.7     NA 28.5 
1849/05/12 08:00:00    NA 0.00   NA 28.0 27.0 26.8     NA 1012.4   NA  6.1  -2.0  -20.7     NA 28.5 
1849/05/12 15:00:00  2.49 0.00   NA 27.9 26.1 26.9 1002.2 1012.4   NA  6.1  -2.5  -21.1     NA 28.6 
1849/05/12 15:00:00    NA 0.00   NA 27.9 25.9 26.9     NA 1012.4   NA  6.1  -2.5  -21.1     NA 28.6 
1849/05/12 22:00:00  2.48 0.00   NA 27.9 25.0 26.9 1002.4 1012.4   NA  6.1  -2.9  -21.4     NA 28.6 
1849/05/12 22:00:00    NA 0.00   NA 27.9 27.5 26.9     NA 1012.4   NA  6.1  -2.9  -21.4     NA 28.6 
1849/05/13 08:00:00  2.49 0.00   NA 27.9 27.9 26.9 1001.9 1012.5   NA  6.5  -3.6  -21.9     NA 28.6 
1849/05/13 08:00:00    NA 0.00   NA 27.9 27.5 26.9     NA 1012.5   NA  6.5  -3.6  -21.9     NA 28.6 
1849/05/13 15:00:00  4.01 0.00   NA 28.0 28.2 26.9 1001.9 1012.6   NA  6.8  -4.3  -22.4     NA 28.2 
1849/05/13 15:00:00    NA 0.00   NA 28.0 27.1 26.9     NA 1012.6   NA  6.8  -4.3  -22.4     NA 28.2 
1849/05/13 22:00:00  3.99 0.00   NA 28.0 27.5 26.9 1002.0 1012.8   NA  7.0  -5.1  -22.9     NA 27.8 
1849/05/13 22:00:00    NA 0.00   NA 28.0 27.0 26.9     NA 1012.8   NA  7.0  -5.1  -22.9     NA 27.8 
1849/05/14 09:00:00  4.01 0.00   NA 28.0 28.6 26.9 1001.9 1013.0   NA  7.1  -6.3  -23.7     NA 28.2 
1849/05/14 09:00:00    NA 0.00   NA 28.0 27.5 26.9     NA 1013.0   NA  7.1  -6.3  -23.7     NA 28.2 
1849/05/14 16:00:00  3.71 0.00   NA 28.1 28.7 27.0 1001.8 1013.0   NA  7.1  -7.0  -24.2     NA 28.1 
1849/05/14 16:00:00    NA 0.00   NA 28.1 27.5 27.0     NA 1013.0   NA  7.1  -7.0  -24.2     NA 28.1 
1849/05/14 23:00:00  3.70 0.00   NA 28.0 27.5 26.7 1002.1 1013.2   NA  7.2  -7.6  -24.7     NA 28.2 
1849/05/14 23:00:00    NA 0.00   NA 28.0 27.5 26.7     NA 1013.2   NA  7.2  -7.6  -24.7     NA 28.2 
1849/05/15 09:00:00  3.71 0.00   NA 27.9 27.0 26.5  998.8 1013.4   NA  7.1  -8.6  -25.4     NA 28.1 
1849/05/15 09:00:00    NA 0.00   NA 27.9 27.5 26.5     NA 1013.4   NA  7.1  -8.6  -25.4     NA 28.1 
1849/05/15 16:00:00  4.16 0.00   NA 27.8 27.6 26.4  998.7 1013.5   NA  7.0  -9.3  -26.1     NA 27.8 
1849/05/15 16:00:00    NA 0.00   NA 27.8 26.2 26.4     NA 1013.5   NA  7.0  -9.3  -26.1     NA 27.8 
1849/05/15 23:00:00  4.12 0.00   NA 27.8 26.5 26.4  998.9 1013.5   NA  7.0 -10.0  -26.7     NA 27.8 
1849/05/15 23:00:00    NA 0.00   NA 27.8 27.5 26.4     NA 1013.5   NA  7.0 -10.0  -26.7     NA 27.8 
1849/05/16 09:00:00  4.14 0.00   NA 27.5 26.9 26.3  998.9 1013.8   NA  7.0 -10.9  -27.7     NA 27.4 
1849/05/16 09:00:00    NA 0.00   NA 27.5 27.5 26.3     NA 1013.8   NA  7.0 -10.9  -27.7     NA 27.4 
1849/05/16 16:00:00  4.45 0.00   NA 27.3 27.5 26.2 1002.2 1014.0   NA  6.9 -11.6  -28.4     NA 26.9 
1849/05/16 16:00:00    NA 0.00   NA 27.3 26.2 26.2     NA 1014.0   NA  6.9 -11.6  -28.4     NA 26.9 
1849/05/16 23:00:00  4.44 0.00   NA 27.2 26.2 26.3 1002.4 1014.3   NA  6.8 -12.3  -29.2     NA 26.8 
1849/05/16 23:00:00    NA 0.00   NA 27.2 27.0 26.3     NA 1014.3   NA  6.8 -12.3  -29.2     NA 26.8 
1849/05/17 09:00:00  4.46 0.00   NA 27.0 26.9 26.1 1002.4 1014.6   NA  6.6 -13.3  -30.2     NA 26.9 
1849/05/17 09:00:00    NA 0.00   NA 27.0 26.9 26.1     NA 1014.6   NA  6.6 -13.3  -30.2     NA 26.9 
1849/05/17 16:00:00  3.80 0.00   NA 27.0 27.5 26.1 1002.3 1014.6   NA  6.6 -14.0  -30.8     NA 26.9 
1849/05/17 16:00:00    NA 0.00   NA 27.0 26.2 26.1     NA 1014.6   NA  6.6 -14.0  -30.8     NA 26.9 
1849/05/17 23:00:00  3.80 0.00   NA 27.1 26.2 25.9 1002.5 1014.9   NA  6.4 -14.7  -31.3     NA 26.8 
1849/05/17 23:00:00    NA 0.00   NA 27.1 25.7 25.9     NA 1014.9   NA  6.4 -14.7  -31.3     NA 26.8 
1849/05/18 09:00:00  3.81 0.00   NA 27.1 25.4 25.8 1002.7 1015.3   NA  6.2 -15.7  -32.1     NA 26.5 
1849/05/18 09:00:00    NA 0.00   NA 27.1 25.0 25.8     NA 1015.3   NA  6.2 -15.7  -32.1     NA 26.5 
1849/05/18 16:00:00  3.65 0.00   NA 26.9 26.2 25.5 1002.6 1015.6   NA  6.1 -16.4  -32.5     NA 26.5 
1849/05/18 16:00:00    NA 0.00   NA 26.9 25.2 25.5     NA 1015.6   NA  6.1 -16.4  -32.5     NA 26.5 
1849/05/18 23:00:00  3.65 0.00   NA 26.7 25.0 25.3 1002.8 1015.9   NA  6.0 -17.1  -33.0     NA 26.1 
1849/05/18 23:00:00    NA 0.00   NA 26.7 25.9 25.3     NA 1015.9   NA  6.0 -17.1  -33.0     NA 26.1 
1849/05/19 09:00:00  3.65 0.00   NA 26.5 25.0 25.3 1002.9 1016.3   NA  5.9 -18.1  -33.6     NA 25.8 
1849/05/19 09:00:00    NA 0.00   NA 26.5 25.0 25.3     NA 1016.3   NA  5.9 -18.1  -33.6     NA 25.8 
1849/05/19 16:00:00  1.47 0.00   NA 26.5 26.9 25.3 1006.0 1016.3   NA  5.9 -18.4  -33.8     NA 25.8 
1849/05/19 16:00:00    NA 0.00   NA 26.5 25.0 25.3     NA 1016.3   NA  5.9 -18.4  -33.8     NA 25.8 
1849/05/19 23:00:00  1.47 0.00   NA 26.5 25.0 25.4 1006.3 1016.2   NA  5.8 -18.6  -34.0     NA 26.1 
1849/05/19 23:00:00    NA 0.00   NA 26.5 24.6 25.4     NA 1016.2   NA  5.8 -18.6  -34.0     NA 26.1 
1849/05/20 09:00:00  1.47 0.00   NA 26.4 23.7 25.2 1006.5 1016.6   NA  5.8 -19.0  -34.3     NA 25.5 
1849/05/20 09:00:00    NA 0.00   NA 26.4 27.0 25.2     NA 1016.6   NA  5.8 -19.0  -34.3     NA 25.5 
1849/05/20 16:00:00  1.03 0.00   NA 26.4 26.9 25.2 1006.0 1016.6   NA  5.8 -19.2  -34.4     NA 25.5 
1849/05/20 16:00:00    NA 0.00   NA 26.4 24.4 25.2     NA 1016.6   NA  5.8 -19.2  -34.4     NA 25.5 
1849/05/20 23:00:00  1.08 0.00   NA 26.4 26.2 25.2 1006.1 1016.6   NA  5.8 -19.5  -34.5     NA 25.5 
1849/05/20 23:00:00    NA 0.00   NA 26.4 22.5 25.2     NA 1016.6   NA  5.8 -19.5  -34.5     NA 25.5 
1849/05/21 09:00:00  1.05 0.00   NA 26.4 25.0 25.1 1006.3 1016.7   NA  5.8 -19.8  -34.6     NA 25.5 
1849/05/21 09:00:00    NA 0.00   NA 26.4 23.7 25.1     NA 1016.7   NA  5.8 -19.8  -34.6     NA 25.5 
1849/05/21 16:00:00  1.03 0.00   NA 26.1 25.7 24.8 1002.9 1017.0   NA  5.8 -20.0  -34.7     NA 24.9 
1849/05/21 16:00:00    NA 0.00   NA 26.1 27.5 24.8     NA 1017.0   NA  5.8 -20.0  -34.7     NA 24.9 
1849/05/21 23:00:00  2.76 0.00   NA 26.1 25.0 24.8 1003.0 1017.0   NA  5.8 -20.6  -34.9     NA 24.9 
1849/05/21 23:00:00    NA 0.00   NA 26.1 25.0 24.8     NA 1017.0   NA  5.8 -20.6  -34.9     NA 24.9 
1849/05/22 09:00:00  2.75 0.00   NA 25.7 25.2 24.4 1003.0 1017.2   NA  5.8 -21.5  -35.1     NA 24.5 
1849/05/22 09:00:00    NA 0.00   NA 25.7 25.0 24.4     NA 1017.2   NA  5.8 -21.5  -35.1     NA 24.5 
1849/05/22 16:00:00  2.76 0.00   NA 25.4 24.5 24.0  999.9 1017.4   NA  5.9 -22.1  -35.3     NA 24.2 
1849/05/22 16:00:00    NA 0.00   NA 25.4 23.7 24.0     NA 1017.4   NA  5.9 -22.1  -35.3     NA 24.2 
1849/05/22 23:00:00  1.24 0.00   NA 25.4 24.4 24.0  999.9 1017.4   NA  5.9 -22.2  -35.6     NA 24.2 
1849/05/22 23:00:00    NA 0.00   NA 25.4 23.2 24.0     NA 1017.4   NA  5.9 -22.2  -35.6     NA 24.2 
1849/05/23 09:00:00  1.29 0.00   NA 25.3 22.6 23.9 1003.5 1017.5   NA  5.9 -22.5  -36.0     NA 24.2 
1849/05/23 09:00:00    NA 0.00   NA 25.3 22.5 23.9     NA 1017.5   NA  5.9 -22.5  -36.0     NA 24.2 
1849/05/23 16:00:00  1.24 0.00   NA 25.4 22.5 24.1 1003.6 1017.5   NA  5.9 -22.6  -36.2     NA 24.3 
1849/05/23 16:00:00    NA 0.00   NA 25.4 22.5 24.1     NA 1017.5   NA  5.9 -22.6  -36.2     NA 24.3 
1849/05/23 23:00:00  1.18 0.00   NA 25.4 22.5 24.1 1003.6 1017.5   NA  5.9 -22.6  -36.5     NA 24.3 
1849/05/23 23:00:00    NA 0.00   NA 25.4 21.2 24.1     NA 1017.5   NA  5.9 -22.6  -36.5     NA 24.3 
1849/05/24 09:00:00  1.20 0.00   NA 25.4 22.6 24.0 1003.6 1017.5   NA  5.9 -22.7  -36.9     NA 24.3 
1849/05/24 09:00:00    NA 0.00   NA 25.4 22.0 24.0     NA 1017.5   NA  5.9 -22.7  -36.9     NA 24.3 
1849/05/24 16:00:00  1.18 0.00   NA 25.4 23.7 24.1 1006.8 1017.5   NA  5.9 -22.7  -37.2     NA 24.4 
1849/05/24 16:00:00    NA 0.00   NA 25.4 24.0 24.1     NA 1017.5   NA  5.9 -22.7  -37.2     NA 24.4 
1849/05/24 23:00:00  0.53 0.00   NA 25.4 22.7 24.1 1006.9 1017.5   NA  5.9 -22.7  -37.3     NA 24.4 
1849/05/24 23:00:00    NA 0.00   NA 25.4 22.5 24.1     NA 1017.5   NA  5.9 -22.7  -37.3     NA 24.4 
1849/05/25 09:00:00  0.57 0.00   NA 25.4 23.9 24.1 1003.4 1017.5   NA  5.9 -22.7  -37.5     NA 24.4 
1849/05/25 09:00:00    NA 0.00   NA 25.4 22.5 24.1     NA 1017.5   NA  5.9 -22.7  -37.5     NA 24.4 
1849/05/25 17:00:00  0.54 0.00   NA 25.4 23.9 24.1 1010.1 1017.5   NA  5.9 -22.7  -37.7     NA 24.4 
1849/05/25 17:00:00    NA 0.00   NA 25.4 23.7 24.1     NA 1017.5   NA  5.9 -22.7  -37.7     NA 24.4 
1849/05/26 00:00:00  2.83 0.00   NA 25.4 23.7 24.0 1006.8 1017.5   NA  5.9 -22.9  -38.4     NA 24.3 
1849/05/26 00:00:00    NA 0.00   NA 25.4 22.5 24.0     NA 1017.5   NA  5.9 -22.9  -38.4     NA 24.3 
1849/05/26 10:00:00  2.78 0.00   NA 24.8 23.7 23.4 1010.1 1017.7   NA  6.0 -23.0  -39.3     NA 23.7 
1849/05/26 10:00:00    NA 0.00   NA 24.8 22.0 23.4     NA 1017.7   NA  6.0 -23.0  -39.3     NA 23.7 
1849/05/26 17:00:00  2.82 0.00   NA 24.6 22.5 23.2 1010.4 1017.6   NA  5.9 -23.2  -40.0     NA 23.5 
1849/05/26 17:00:00    NA 0.00   NA 24.6 26.2 23.2     NA 1017.6   NA  5.9 -23.2  -40.0     NA 23.5 
1849/05/27 00:00:00  5.34 0.00   NA 24.2 21.2 22.9 1010.6 1017.5   NA  5.5 -23.1  -41.3     NA 23.1 
1849/05/27 00:00:00    NA 0.00   NA 24.2 22.5 22.9     NA 1017.5   NA  5.5 -23.1  -41.3     NA 23.1 
1849/05/27 10:00:00  5.34 0.00   NA 23.7 22.6 22.5 1007.0 1017.1   NA  2.2 -22.9  -43.2     NA 22.6 
1849/05/27 10:00:00    NA 0.00   NA 23.7 21.2 22.5     NA 1017.1   NA  2.2 -22.9  -43.2     NA 22.6 
1849/05/27 17:00:00  0.00 0.00   NA 23.7 23.2 22.5 1006.9 1017.1   NA  2.2 -22.9  -43.2     NA 22.6 
1849/05/27 17:00:00    NA 0.00   NA 23.7 25.0 22.5     NA 1017.1   NA  2.2 -22.9  -43.2     NA 22.6 
1849/05/28 00:00:00  0.00 0.00   NA 23.7 22.5 22.5 1007.0 1017.1   NA  2.2 -22.9  -43.2     NA 22.5 
1849/05/28 00:00:00    NA 0.00   NA 23.7 21.2 22.5     NA 1017.1   NA  2.2 -22.9  -43.2     NA 22.5 
1849/05/28 10:00:00  0.00 0.00   NA 23.7 22.5 22.5 1007.0 1017.1   NA  2.2 -22.9  -43.2     NA 22.5 
1849/05/28 10:00:00    NA 0.00   NA 23.7 23.2 22.5     NA 1017.1   NA  2.2 -22.9  -43.2     NA 22.5 
1849/05/28 17:00:00  0.00 0.00   NA 23.7 26.2 22.5 1009.7 1017.1   NA  2.2 -22.9  -43.2     NA 22.5 
1849/05/28 17:00:00    NA 0.00   NA 23.7 28.7 22.5     NA 1017.1   NA  2.2 -22.9  -43.2     NA 22.5 
1849/05/29 00:00:00  0.00 0.00   NA 23.6 26.2 22.5 1003.0 1017.2   NA  2.2 -22.9  -43.2     NA 22.5 
1849/05/29 00:00:00    NA 0.00   NA 23.6 21.2 22.5     NA 1017.2   NA  2.2 -22.9  -43.2     NA 22.5 
1849/05/29 10:00:00  0.00 0.00   NA 23.6 23.7 22.5 1000.0 1017.2   NA  2.2 -22.9  -43.2     NA 22.5 
1849/05/29 10:00:00    NA 0.00   NA 23.6 21.2 22.5     NA 1017.2   NA  2.2 -22.9  -43.2     NA 22.5 
1849/05/29 17:00:00  0.00 0.00   NA 23.6 23.7 22.5 1000.0 1017.2   NA  2.2 -22.9  -43.2     NA 22.5 
1849/05/29 17:00:00    NA 0.00   NA 23.6 25.0 22.5     NA 1017.2   NA  2.2 -22.9  -43.2     NA 22.5 
1849/05/30 00:00:00  0.00 0.00   NA 23.6 24.6 22.4  999.9 1017.3   NA  2.2 -22.9  -43.2     NA 22.5 
1849/05/30 00:00:00    NA 0.00   NA 23.6 22.5 22.4     NA 1017.3   NA  2.2 -22.9  -43.2     NA 22.5 
1849/05/30 10:00:00  0.00 0.00   NA 23.6 21.4 22.4  997.1 1017.3   NA  2.2 -22.9  -43.2     NA 22.5 
1849/05/30 10:00:00    NA 0.00   NA 23.6 20.0 22.4     NA 1017.3   NA  2.2 -22.9  -43.2     NA 22.5 
1849/05/30 17:00:00  0.00 0.00   NA 23.6 21.2 22.4  997.1 1017.3   NA  2.2 -22.9  -43.2     NA 22.5 
1849/05/30 17:00:00    NA 0.00   NA 23.6 19.5 22.4     NA 1017.3   NA  2.2 -22.9  -43.2     NA 22.5 
1849/05/31 00:00:00  0.00 0.00   NA 23.5 21.2 22.4  997.1 1017.3   NA  2.2 -22.9  -43.2     NA 22.4 
1849/05/31 00:00:00    NA 0.00   NA 23.5 18.7 22.4     NA 1017.3   NA  2.2 -22.9  -43.2     NA 22.4 
1849/05/31 10:00:00  0.00 0.00   NA 23.5 23.4 22.4 1000.1 1017.3   NA  2.2 -22.9  -43.2     NA 22.4 
1849/05/31 10:00:00    NA 0.00   NA 23.5 22.5 22.4     NA 1017.3   NA  2.2 -22.9  -43.2     NA 22.4 
1849/05/31 17:00:00  0.00 0.00   NA 23.5 23.6 22.4 1000.1 1017.3   NA  2.2 -22.9  -43.2     NA 22.4 
1849/05/31 17:00:00    NA 0.00   NA 23.5 25.0 22.4     NA 1017.3   NA  2.2 -22.9  -43.2     NA 22.4 
1849/06/01 00:00:00  0.00 0.00   NA 23.5 23.7 22.3 1000.0 1017.4   NA  2.2 -22.9  -43.2     NA 22.4 
1849/06/01 00:00:00    NA 0.00   NA 23.5 21.2 22.3     NA 1017.4   NA  2.2 -22.9  -43.2     NA 22.4 
1849/06/01 10:00:00  0.00 0.00   NA 23.5 23.7 22.3  996.7 1017.4   NA  2.2 -22.9  -43.2     NA 22.4 
1849/06/01 10:00:00    NA 0.00   NA 23.5 21.6 22.3     NA 1017.4   NA  2.2 -22.9  -43.2     NA 22.4 
1849/06/01 17:00:00  0.00 0.00   NA 23.5 23.4 22.3 1000.1 1017.4   NA  2.2 -22.9  -43.2     NA 22.4 
1849/06/01 17:00:00    NA 0.00   NA 23.5 25.0 22.3     NA 1017.4   NA  2.2 -22.9  -43.2     NA 22.4 
1849/06/02 00:00:00  0.00 0.00   NA 23.4 24.1 22.3 1000.0 1017.5   NA  2.2 -22.9  -43.2     NA 22.4 
1849/06/02 00:00:00    NA 0.00   NA 23.4 21.2 22.3     NA 1017.5   NA  2.2 -22.9  -43.2     NA 22.4 
1849/06/02 10:00:00  0.00 0.00   NA 23.4 24.4 22.3  996.6 1017.5   NA  2.2 -22.9  -43.2     NA 22.4 
1849/06/02 10:00:00    NA 0.00   NA 23.4 22.5 22.3     NA 1017.5   NA  2.2 -22.9  -43.2     NA 22.4 
1849/06/02 17:00:00  0.00 0.00   NA 23.4 23.7 22.3  996.7 1017.5   NA  2.2 -22.9  -43.2     NA 22.4 
1849/06/02 17:00:00    NA 0.00   NA 23.4 26.2 22.3     NA 1017.5   NA  2.2 -22.9  -43.2     NA 22.4 
1849/06/03 00:00:00  0.00 0.00   NA 23.4 25.0 22.2  996.5 1017.5   NA  2.2 -22.9  -43.2     NA 22.3 
1849/06/03 00:00:00    NA 0.00   NA 23.4 22.5 22.2     NA 1017.5   NA  2.2 -22.9  -43.2     NA 22.3 
1849/06/03 10:00:00  0.00 0.00   NA 23.4 24.2 22.2 1000.0 1017.5   NA  2.2 -22.9  -43.2     NA 22.3 
1849/06/03 10:00:00    NA 0.00   NA 23.4 21.2 22.2     NA 1017.5   NA  2.2 -22.9  -43.2     NA 22.3 
1849/06/03 17:00:00  0.00 0.00   NA 23.4 22.5 22.2 1000.3 1017.5   NA  2.2 -22.9  -43.2     NA 22.3 
1849/06/03 17:00:00    NA 0.00   NA 23.4 23.9 22.2     NA 1017.5   NA  2.2 -22.9  -43.2     NA 22.3 
1849/06/04 00:00:00  0.00 0.00   NA 23.4 23.9 22.2 1000.0 1017.6   NA  2.2 -22.9  -43.2     NA 22.3 
1849/06/04 00:00:00    NA 0.00   NA 23.4 21.2 22.2     NA 1017.6   NA  2.2 -22.9  -43.2     NA 22.3 
1849/06/04 10:00:00  0.00 0.00   NA 23.4 24.6 22.2  999.9 1017.6   NA  2.2 -22.9  -43.2     NA 22.3 
1849/06/04 10:00:00    NA 0.00   NA 23.4 22.4 22.2     NA 1017.6   NA  2.2 -22.9  -43.2     NA 22.3 
1849/06/04 17:00:00  0.00 0.00   NA 23.4 23.7 22.2  996.7 1017.6   NA  2.2 -22.9  -43.2     NA 22.3 
1849/06/04 17:00:00    NA 0.00   NA 23.4 23.2 22.2     NA 1017.6   NA  2.2 -22.9  -43.2     NA 22.3 
1849/06/05 00:00:00  0.00 0.00   NA 23.3 24.9 22.2  996.5 1017.7   NA  2.2 -22.9  -43.2     NA 22.2 
1849/06/05 00:00:00    NA 0.00   NA 23.3 20.0 22.2     NA 1017.7   NA  2.2 -22.9  -43.2     NA 22.2 
1849/06/05 10:00:00  0.00 0.00   NA 23.3 25.1 22.2 1003.2 1017.7   NA  2.2 -22.9  -43.2     NA 22.2 
1849/06/05 10:00:00    NA 0.00   NA 23.3 23.7 22.2     NA 1017.7   NA  2.2 -22.9  -43.2     NA 22.2 
1849/06/05 17:00:00  0.00 0.00   NA 23.3 25.2 22.2 1006.5 1017.7   NA  2.2 -22.9  -43.2     NA 22.2 
1849/06/05 17:00:00    NA 0.00   NA 23.3 28.7 22.2     NA 1017.7   NA  2.2 -22.9  -43.2     NA 22.2 
1849/06/06 00:00:00  0.00 0.00   NA 23.3 27.0 22.1 1006.3 1017.7   NA  2.2 -22.9  -43.2     NA 22.2 
1849/06/06 00:00:00    NA 0.00   NA 23.3 24.6 22.1     NA 1017.7   NA  2.2 -22.9  -43.2     NA 22.2 
1849/06/06 10:00:00  2.13 0.00   NA 23.6 21.2 22.4 1024.0 1018.1   NA  4.8 -23.5  -42.8     NA 22.3 
1849/06/06 10:00:00    NA 0.00   NA 23.6 24.1 22.4     NA 1018.1   NA  4.8 -23.5  -42.8     NA 22.3 
1849/06/06 17:00:00  2.13 0.00   NA 23.6 21.4 22.4 1027.4 1018.1   NA  4.8 -23.9  -42.6     NA 22.3 
1849/06/06 17:00:00    NA 0.00   NA 23.6 23.7 22.4     NA 1018.1   NA  4.8 -23.9  -42.6     NA 22.3 
1849/06/07 00:00:00  2.88 0.00   NA 23.9 20.7 22.3 1027.5 1018.5   NA  6.0 -24.1  -41.9     NA 22.8 
1849/06/07 00:00:00    NA 0.00   NA 23.9 22.5 22.3     NA 1018.5   NA  6.0 -24.1  -41.9     NA 22.8 
1849/06/07 10:00:00  2.89 0.00   NA 24.0 21.9 22.5 1030.7 1018.6   NA  6.1 -24.3  -40.9     NA 22.9 
1849/06/07 10:00:00    NA 0.00   NA 24.0 22.5 22.5     NA 1018.6   NA  6.1 -24.3  -40.9     NA 22.9 
1849/06/07 17:00:00  2.88 0.00   NA 24.0 22.9 22.5 1030.6 1018.6   NA  6.1 -24.5  -40.2     NA 22.9 
1849/06/07 17:00:00    NA 0.00   NA 24.0 22.5 22.5     NA 1018.6   NA  6.1 -24.5  -40.2     NA 22.9 
1849/06/08 00:00:00  1.73 0.00   NA 24.0 21.4 22.6 1030.8 1018.8   NA  6.2 -24.5  -39.8     NA 22.8 
1849/06/08 00:00:00    NA 0.00   NA 24.0 22.9 22.6     NA 1018.8   NA  6.2 -24.5  -39.8     NA 22.8 
1849/06/08 10:00:00  1.74 0.00   NA 24.0 20.7 22.6 1031.0 1018.8   NA  6.2 -24.5  -39.1     NA 22.8 
1849/06/08 10:00:00    NA 0.00   NA 24.0 22.5 22.6     NA 1018.8   NA  6.2 -24.5  -39.1     NA 22.8 
1849/06/08 17:00:00  1.73 0.00   NA 23.8 21.9 22.6 1030.8 1018.9   NA  6.2 -24.5  -38.7     NA 22.8 
1849/06/08 17:00:00    NA 0.00   NA 23.8 22.7 22.6     NA 1018.9   NA  6.2 -24.5  -38.7     NA 22.8 
1849/06/09 00:00:00  2.56 0.00   NA 23.8 21.2 22.6 1030.9 1019.0   NA  6.2 -24.9  -38.3     NA 22.8 
1849/06/09 00:00:00    NA 0.00   NA 23.8 21.2 22.6     NA 1019.0   NA  6.2 -24.9  -38.3     NA 22.8 
1849/06/09 10:00:00  2.55 0.00   NA 23.3 18.7 22.0  970.6 1019.2   NA  6.2 -25.5  -37.7     NA 21.9 
1849/06/09 10:00:00    NA 0.00   NA 23.3 20.7 22.0     NA 1019.2   NA  6.2 -25.5  -37.7     NA 21.9 
1849/06/09 16:00:00  2.56 0.00   NA 23.3 18.7 22.0  967.3 1019.2   NA  6.2 -25.9  -37.3     NA 21.9 
1849/06/09 16:00:00    NA 0.00   NA 23.3 20.9 22.0     NA 1019.2   NA  6.2 -25.9  -37.3     NA 21.9 
1849/06/09 23:00:00  3.03 0.00   NA 22.7 17.9 21.6  977.6 1019.2   NA  6.4 -26.3  -36.6     NA 21.6 
1849/06/09 23:00:00    NA 0.00   NA 22.7 21.2 21.6     NA 1019.2   NA  6.4 -26.3  -36.6     NA 21.6 
1849/06/10 09:00:00  2.98 0.00   NA 22.6 18.7 21.6 1001.1 1019.5   NA  6.4 -26.8  -35.7     NA 21.8 
1849/06/10 09:00:00    NA 0.00   NA 22.6 20.4 21.6     NA 1019.5   NA  6.4 -26.8  -35.7     NA 21.8 
1849/06/10 16:00:00  3.01 0.00   NA 22.1 20.0 21.4 1000.9 1019.4   NA  6.6 -27.1  -35.1     NA 21.5 
1849/06/10 16:00:00    NA 0.00   NA 22.1 21.2 21.4     NA 1019.4   NA  6.6 -27.1  -35.1     NA 21.5 
1849/06/10 23:00:00  3.63 0.00   NA 22.2 20.0 21.3  994.2 1019.5   NA  6.6 -27.5  -34.3     NA 21.6 
1849/06/10 23:00:00    NA 0.00   NA 22.2 20.7 21.3     NA 1019.5   NA  6.6 -27.5  -34.3     NA 21.6 
1849/06/11 09:00:00  3.64 0.00   NA 21.5 18.7 20.4 1001.1 1019.7   NA  6.8 -28.1  -33.1     NA 21.3 
1849/06/11 09:00:00    NA 0.00   NA 21.5 19.6 20.4     NA 1019.7   NA  6.8 -28.1  -33.1     NA 21.3 
1849/06/11 16:00:00  3.61 0.00   NA 21.3 20.0 20.2 1001.0 1019.8   NA  6.8 -28.5  -32.3     NA 21.1 
1849/06/11 16:00:00    NA 0.00   NA 21.3 19.4 20.2     NA 1019.8   NA  6.8 -28.5  -32.3     NA 21.1 
1849/06/11 23:00:00  3.32 0.00   NA 21.2 18.9 20.0 1001.2 1019.9   NA  6.8 -28.8  -31.5     NA 20.7 
1849/06/11 23:00:00    NA 0.00   NA 21.2 18.7 20.0     NA 1019.9   NA  6.8 -28.8  -31.5     NA 20.7 
1849/06/12 09:00:00  3.27 0.00   NA 20.7 18.7 19.3 1008.0 1020.1   NA  7.1 -29.2  -30.4     NA 19.8 
1849/06/12 09:00:00    NA 0.00   NA 20.7 20.0 19.3     NA 1020.1   NA  7.1 -29.2  -30.4     NA 19.8 
1849/06/12 16:00:00  3.30 0.00   NA 20.8 21.2 19.3 1007.7 1020.2   NA  7.1 -29.4  -29.6     NA 19.7 
1849/06/12 16:00:00    NA 0.00   NA 20.8 21.1 19.3     NA 1020.2   NA  7.1 -29.4  -29.6     NA 19.7 
1849/06/12 23:00:00  3.18 0.00   NA 20.9 18.7 19.2 1008.1 1020.3   NA  7.1 -29.9  -28.9     NA 19.6 
1849/06/12 23:00:00    NA 0.00   NA 20.9 18.7 19.2     NA 1020.3   NA  7.1 -29.9  -28.9     NA 19.6 
1849/06/13 09:00:00  3.13 0.00   NA 20.1 20.2 18.5 1007.8 1020.1   NA  7.5 -30.6  -28.1     NA 18.7 
1849/06/13 09:00:00    NA 0.00   NA 20.1 19.5 18.5     NA 1020.1   NA  7.5 -30.6  -28.1     NA 18.7 
1849/06/13 16:00:00  3.16 0.00   NA 19.4 20.0 18.1 1008.0 1019.8   NA  7.8 -31.1  -27.4     NA 18.3 
1849/06/13 16:00:00    NA 0.00   NA 19.4 18.7 18.1     NA 1019.8   NA  7.8 -31.1  -27.4     NA 18.3 
1849/06/13 23:00:00  4.10 0.00   NA 19.3 18.7 18.2 1008.2 1019.8   NA  7.8 -31.3  -26.4     NA 18.1 
1849/06/13 23:00:00    NA 0.00   NA 19.3 18.7 18.2     NA 1019.8   NA  7.8 -31.3  -26.4     NA 18.1 
1849/06/14 09:00:00  4.10 0.00   NA 19.3 17.5 18.2 1001.7 1020.0   NA  7.8 -31.6  -24.9     NA 17.5 
1849/06/14 09:00:00    NA 0.00   NA 19.3 18.7 18.2     NA 1020.0   NA  7.8 -31.6  -24.9     NA 17.5 
1849/06/14 16:00:00  4.08 0.00   NA 19.2 18.7 18.2 1001.5 1020.1   NA  7.8 -31.9  -23.9     NA 17.4 
1849/06/14 16:00:00    NA 0.00   NA 19.2 18.5 18.2     NA 1020.1   NA  7.8 -31.9  -23.9     NA 17.4 
1849/06/14 23:00:00  3.98 0.00   NA 18.6 17.5 17.3 1001.7 1019.6   NA  8.1 -32.1  -22.8     NA 16.9 
1849/06/14 23:00:00    NA 0.00   NA 18.6 16.6 17.3     NA 1019.6   NA  8.1 -32.1  -22.8     NA 16.9 
1849/06/15 09:00:00  4.01 0.00   NA 18.5 16.2 17.1  995.2 1019.8   NA  8.1 -32.3  -21.3     NA 16.7 
1849/06/15 09:00:00    NA 0.00   NA 18.5 16.6 17.1     NA 1019.8   NA  8.1 -32.3  -21.3     NA 16.7 
1849/06/15 15:00:00  3.95 0.00   NA 18.5 18.2 16.8  991.5 1019.8   NA  8.1 -32.5  -20.4     NA 17.0 
1849/06/15 15:00:00    NA 0.00   NA 18.5 17.5 16.8     NA 1019.8   NA  8.1 -32.5  -20.4     NA 17.0 
1849/06/15 22:00:00  4.57 0.00   NA 18.4 17.5 16.7  991.7 1019.8   NA  8.2 -32.6  -19.2     NA 16.8 
1849/06/15 22:00:00    NA 0.00   NA 18.4 16.6 16.7     NA 1019.8   NA  8.2 -32.6  -19.2     NA 16.8 
1849/06/16 08:00:00  4.59 0.00   NA 18.2 15.0 16.5  995.4 1020.0   NA  8.2 -32.8  -17.4     NA 16.7 
1849/06/16 08:00:00    NA 0.00   NA 18.2 15.6 16.5     NA 1020.0   NA  8.2 -32.8  -17.4     NA 16.7 
1849/06/16 15:00:00  4.56 0.00   NA 18.2 16.2 16.5  991.9 1020.0   NA  8.2 -33.0  -16.2     NA 16.6 
1849/06/16 15:00:00    NA 0.00   NA 18.2 16.2 16.5     NA 1020.0   NA  8.2 -33.0  -16.2     NA 16.6 
1849/06/16 22:00:00  4.25 0.00   NA 17.7 15.0 15.9  992.1 1019.6   NA  8.6 -33.1  -15.1     NA 16.2 
1849/06/16 22:00:00    NA 0.00   NA 17.7 16.2 15.9     NA 1019.6   NA  8.6 -33.1  -15.1     NA 16.2 
1849/06/17 08:00:00  4.22 0.00   NA 17.6 15.0 15.7 1002.2 1019.8   NA  8.6 -33.4  -13.5     NA 16.1 
1849/06/17 08:00:00    NA 0.00   NA 17.6 16.0 15.7     NA 1019.8   NA  8.6 -33.4  -13.5     NA 16.1 
1849/06/17 15:00:00  4.23 0.00   NA 17.5 18.2 15.6 1001.7 1019.8   NA  8.6 -33.6  -12.4     NA 16.2 
1849/06/17 15:00:00    NA 0.00   NA 17.5 16.2 15.6     NA 1019.8   NA  8.6 -33.6  -12.4     NA 16.2 
1849/06/17 22:00:00  3.87 0.00   NA 17.5 17.6 15.7 1001.8 1019.8   NA  8.6 -33.7  -11.3     NA 16.1 
1849/06/17 22:00:00    NA 0.00   NA 17.5 17.5 15.7     NA 1019.8   NA  8.6 -33.7  -11.3     NA 16.1 
1849/06/18 08:00:00  3.83 0.00   NA 17.6 14.4 16.0 1005.8 1020.0   NA  8.5 -33.9   -9.9     NA 15.8 
1849/06/18 08:00:00    NA 0.00   NA 17.6 17.5 16.0     NA 1020.0   NA  8.5 -33.9   -9.9     NA 15.8 
1849/06/18 15:00:00  3.85 0.00   NA 16.9 17.1 15.4 1005.3 1019.6   NA  8.8 -34.1   -8.8     NA 15.8 
1849/06/18 15:00:00    NA 0.00   NA 16.9 17.5 15.4     NA 1019.6   NA  8.8 -34.1   -8.8     NA 15.8 
1849/06/18 22:00:00  1.36 0.00   NA 16.9 15.0 15.4 1005.7 1019.6   NA  8.8 -34.3   -8.6     NA 15.8 
1849/06/18 22:00:00    NA 0.00   NA 16.9 17.9 15.4     NA 1019.6   NA  8.8 -34.3   -8.6     NA 15.8 
1849/06/19 08:00:00  1.33 0.00   NA 16.8 18.4 15.4 1008.5 1019.7   NA  8.8 -34.6   -8.2     NA 15.8 
1849/06/19 08:00:00    NA 0.00   NA 16.8 17.5 15.4     NA 1019.7   NA  8.8 -34.6   -8.2     NA 15.8 
1849/06/19 15:00:00  1.34 0.00   NA 16.8 18.9 15.5 1005.1 1019.7   NA  8.8 -34.9   -8.0     NA 15.7 
1849/06/19 15:00:00    NA 0.00   NA 16.8 17.5 15.5     NA 1019.7   NA  8.8 -34.9   -8.0     NA 15.7 
1849/06/19 22:00:00  6.43 0.00   NA 15.9 17.5 14.7 1002.0 1019.2   NA  9.1 -35.3   -6.3     NA 15.5 
1849/06/19 22:00:00    NA 0.00   NA 15.9 16.2 14.7     NA 1019.2   NA  9.1 -35.3   -6.3     NA 15.5 
1849/06/20 08:00:00  6.37 0.00   NA 15.8 17.7 14.6  998.6 1019.5   NA  9.0 -35.9   -3.9     NA 16.1 
1849/06/20 08:00:00    NA 0.00   NA 15.8 16.2 14.6     NA 1019.5   NA  9.0 -35.9   -3.9     NA 16.1 
1849/06/20 14:00:00  6.37 0.00   NA 14.9 17.9 14.0  998.7 1018.7   NA  9.3 -36.3   -2.4     NA 15.7 
1849/06/20 14:00:00    NA 0.00   NA 14.9 16.2 14.0     NA 1018.7   NA  9.3 -36.3   -2.4     NA 15.7 
1849/06/20 21:00:00  2.89 0.00   NA 14.9 16.2 14.1  998.9 1018.8   NA  9.3 -36.2   -1.6     NA 15.5 
1849/06/20 21:00:00    NA 0.00   NA 14.9 15.0 14.1     NA 1018.8   NA  9.3 -36.2   -1.6     NA 15.5 
1849/06/21 07:00:00  2.89 0.00   NA 15.0 14.1 14.2  989.1 1018.9   NA  9.3 -36.2   -0.4     NA 15.4 
1849/06/21 07:00:00    NA 0.00   NA 15.0 14.0 14.2     NA 1018.9   NA  9.3 -36.2   -0.4     NA 15.4 
1849/06/21 14:00:00  2.89 0.00   NA 15.1 14.7 14.3  989.0 1019.0   NA  9.3 -36.2    0.4     NA 15.3 
1849/06/21 14:00:00    NA 0.00   NA 15.1 13.7 14.3     NA 1019.0   NA  9.3 -36.2    0.4     NA 15.3 
1849/06/21 21:00:00  4.74 0.00   NA 15.1 13.1 14.3  989.3 1018.9   NA  9.3 -36.3    1.7     NA 15.3 
1849/06/21 21:00:00    NA 0.00   NA 15.1 12.5 14.3     NA 1018.9   NA  9.3 -36.3    1.7     NA 15.3 
1849/06/22 07:00:00  4.77 0.00   NA 15.1 11.2 13.8  996.4 1018.9   NA  9.2 -36.6    3.6     NA 15.2 
1849/06/22 07:00:00    NA 0.00   NA 15.1 12.5 13.8     NA 1018.9   NA  9.2 -36.6    3.6     NA 15.2 
1849/06/22 14:00:00  4.72 0.00   NA 15.0 12.5 13.7  996.2 1018.9   NA  9.1 -36.7    4.9     NA 15.0 
1849/06/22 14:00:00    NA 0.00   NA 15.0 12.5 13.7     NA 1018.9   NA  9.1 -36.7    4.9     NA 15.0 
1849/06/22 21:00:00  3.60 0.00   NA 15.2 11.2 13.6  996.4 1018.8   NA  9.1 -36.9    5.9     NA 15.0 
1849/06/22 21:00:00    NA 0.00   NA 15.2 12.5 13.6     NA 1018.8   NA  9.1 -36.9    5.9     NA 15.0 
1849/06/23 07:00:00  3.56 0.00   NA 14.6 13.7 13.1  999.4 1017.9   NA  9.4 -37.2    7.3     NA 15.0 
1849/06/23 07:00:00    NA 0.00   NA 14.6 12.5 13.1     NA 1017.9   NA  9.4 -37.2    7.3     NA 15.0 
1849/06/23 13:00:00  3.58 0.00   NA 14.8 15.0 13.3  999.2 1017.9   NA  9.3 -37.4    8.1     NA 14.8 
1849/06/23 13:00:00    NA 0.00   NA 14.8 12.5 13.3     NA 1017.9   NA  9.3 -37.4    8.1     NA 14.8 
1849/06/23 20:00:00  3.93 0.00   NA 15.0 12.5 13.5 1006.4 1017.9   NA  9.3 -37.6    9.2     NA 14.9 
1849/06/23 20:00:00    NA 0.00   NA 15.0 12.0 13.5     NA 1017.9   NA  9.3 -37.6    9.2     NA 14.9 
1849/06/24 06:00:00  3.93 0.00   NA 15.2 11.9 13.7 1006.5 1017.9   NA  9.2 -37.9   10.8     NA 14.6 
1849/06/24 06:00:00    NA 0.00   NA 15.2 12.5 13.7     NA 1017.9   NA  9.2 -37.9   10.8     NA 14.6 
1849/06/24 13:00:00  3.90 0.00   NA 15.1 13.4 13.4 1006.3 1017.2   NA  9.6 -38.1   11.9     NA 14.3 
1849/06/24 13:00:00    NA 0.00   NA 15.1 12.5 13.4     NA 1017.2   NA  9.6 -38.1   11.9     NA 14.3 
1849/06/24 20:00:00  3.62 0.00   NA 15.6 11.2 13.5 1006.7 1017.3   NA  9.6 -38.1   12.9     NA 14.3 
1849/06/24 20:00:00    NA 0.00   NA 15.6 19.4 13.5     NA 1017.3   NA  9.6 -38.1   12.9     NA 14.3 
1849/06/25 06:00:00  3.66 0.00   NA 16.7 16.2 14.0 1029.5 1018.1   NA  9.1 -38.0   14.4     NA 15.2 
1849/06/25 06:00:00    NA 0.00   NA 16.7 20.0 14.0     NA 1018.1   NA  9.1 -38.0   14.4     NA 15.2 
1849/06/25 13:00:00  3.63 0.00   NA 17.1 18.7 14.2 1015.5 1018.1   NA  9.0 -37.9   15.5     NA 15.2 
1849/06/25 13:00:00    NA 0.00   NA 17.1 18.7 14.2     NA 1018.1   NA  9.0 -37.9   15.5     NA 15.2 
1849/06/25 20:00:00  2.37 0.00   NA 17.4 16.6 14.6 1015.9 1018.2   NA  9.0 -38.0   16.1     NA 15.4 
1849/06/25 20:00:00    NA 0.00   NA 17.4 18.7 14.6     NA 1018.2   NA  9.0 -38.0   16.1     NA 15.4 
1849/06/26 06:00:00  2.34 0.00   NA 17.2 17.0 14.5 1015.8 1017.6   NA  9.6 -38.0   17.1     NA 15.6 
1849/06/26 06:00:00    NA 0.00   NA 17.2 20.0 14.5     NA 1017.6   NA  9.6 -38.0   17.1     NA 15.6 
1849/06/26 13:00:00  2.37 0.00   NA 17.2 18.9 14.5 1015.5 1017.6   NA  9.6 -38.1   17.8     NA 15.6 
1849/06/26 13:00:00    NA 0.00   NA 17.2 19.0 14.5     NA 1017.6   NA  9.6 -38.1   17.8     NA 15.6 
1849/06/26 20:00:00  4.49 0.00   NA 17.9 16.2 15.2 1016.0 1017.8   NA  9.7 -38.4   19.0     NA 16.1 
1849/06/26 20:00:00    NA 0.00   NA 17.9 18.7 15.2     NA 1017.8   NA  9.7 -38.4   19.0     NA 16.1 
1849/06/27 06:00:00  4.50 0.00   NA 18.0 18.7 15.5 1008.8 1017.8   NA  9.7 -38.8   20.8     NA 16.1 
1849/06/27 06:00:00    NA 0.00   NA 18.0 18.7 15.5     NA 1017.8   NA  9.7 -38.8   20.8     NA 16.1 
1849/06/27 13:00:00  4.45 0.00   NA 16.7 18.7 15.1  992.0 1017.3   NA  9.8 -39.1   22.0     NA 15.6 
1849/06/27 13:00:00    NA 0.00   NA 16.7 12.5 15.1     NA 1017.3   NA  9.8 -39.1   22.0     NA 15.6 
1849/06/27 20:00:00  3.33 0.00   NA 16.7 17.9 15.1  992.2 1017.3   NA  9.8 -39.3   23.0     NA 15.6 
1849/06/27 20:00:00    NA 0.00   NA 16.7 12.5 15.1     NA 1017.3   NA  9.8 -39.3   23.0     NA 15.6 
1849/06/28 06:00:00  3.32 0.00   NA 16.0 15.5 14.4 1006.1 1017.4   NA  9.7 -39.5   24.3     NA 15.7 
1849/06/28 06:00:00    NA 0.00   NA 16.0 18.7 14.4     NA 1017.4   NA  9.7 -39.5   24.3     NA 15.7 
1849/06/28 12:00:00  3.31 0.00   NA 15.7 15.0 14.4  992.7 1017.4   NA  9.6 -39.6   25.2     NA 15.6 
1849/06/28 12:00:00    NA 0.00   NA 15.7 18.7 14.4     NA 1017.4   NA  9.6 -39.6   25.2     NA 15.6 
1849/06/28 19:00:00  3.51 0.00   NA 15.5 13.7 14.4 1003.0 1017.4   NA  9.6 -39.5   26.2     NA 15.5 
1849/06/28 19:00:00    NA 0.00   NA 15.5 13.7 14.4     NA 1017.4   NA  9.6 -39.5   26.2     NA 15.5 
1849/06/29 05:00:00  3.52 0.00   NA 15.7 13.7 14.4  996.3 1017.4   NA  9.5 -39.3   27.6     NA 15.2 
1849/06/29 05:00:00    NA 0.00   NA 15.7 16.2 14.4     NA 1017.4   NA  9.5 -39.3   27.6     NA 15.2 
1849/06/29 12:00:00  3.53 0.00   NA 15.9 16.0 14.2  995.8 1017.4   NA  9.5 -39.2   28.7     NA 15.2 
1849/06/29 12:00:00    NA 0.00   NA 15.9 16.2 14.2     NA 1017.4   NA  9.5 -39.2   28.7     NA 15.2 
1849/06/29 19:00:00  2.65 0.00   NA 16.2 13.7 14.0 1019.9 1017.4   NA  9.6 -39.2   29.4     NA 15.1 
1849/06/29 19:00:00    NA 0.00   NA 16.2 15.0 14.0     NA 1017.4   NA  9.6 -39.2   29.4     NA 15.1 
1849/06/30 05:00:00  2.62 0.00   NA 16.1 14.4 13.8 1023.1 1017.4   NA  9.6 -39.3   30.5     NA 14.4 
1849/06/30 05:00:00    NA 0.00   NA 16.1 16.5 13.8     NA 1017.4   NA  9.6 -39.3   30.5     NA 14.4 
1849/06/30 12:00:00  2.64 0.00   NA 16.1 15.9 13.9 1022.9 1017.5   NA  9.6 -39.4   31.3     NA 14.1 
1849/06/30 12:00:00    NA 0.00   NA 16.1 16.2 13.9     NA 1017.5   NA  9.6 -39.4   31.3     NA 14.1 
1849/06/30 19:00:00  4.32 0.00   NA 15.8 13.7 13.8 1016.5 1017.5   NA  9.7 -39.6   32.5     NA 14.5 
1849/06/30 19:00:00    NA 0.00   NA 15.8 13.7 13.8     NA 1017.5   NA  9.7 -39.6   32.5     NA 14.5 
1849/07/01 05:00:00  4.35 0.00   NA 16.0 15.2 13.8 1016.2 1017.5   NA  9.8 -39.8   34.3     NA 15.0 
1849/07/01 05:00:00    NA 0.00   NA 16.0 12.5 13.8     NA 1017.5   NA  9.8 -39.8   34.3     NA 15.0 
1849/07/01 12:00:00  4.30 0.00   NA 16.1 15.4 14.0 1016.3 1017.6   NA  9.8 -40.0   35.6     NA 15.3 
1849/07/01 12:00:00    NA 0.00   NA 16.1 12.5 14.0     NA 1017.6   NA  9.8 -40.0   35.6     NA 15.3 
1849/07/01 19:00:00  5.00 0.00   NA 15.5 15.0 13.7 1016.3 1017.8   NA  9.8 -40.0   37.1     NA 15.0 
1849/07/01 19:00:00    NA 0.00   NA 15.5 13.7 13.7     NA 1017.8   NA  9.8 -40.0   37.1     NA 15.0 
1849/07/02 05:00:00  5.02 0.00   NA 15.2 15.1 13.2 1009.6 1018.0   NA  9.9 -40.0   39.2     NA 14.4 
1849/07/02 05:00:00    NA 0.00   NA 15.2 13.7 13.2     NA 1018.0   NA  9.9 -40.0   39.2     NA 14.4 
1849/07/02 11:00:00  5.01 0.00   NA 13.8 16.2 12.5 1009.4 1017.1   NA 10.1 -40.0   40.5     NA 12.4 
1849/07/02 11:00:00    NA 0.00   NA 13.8 13.7 12.5     NA 1017.1   NA 10.1 -40.0   40.5     NA 12.4 
1849/07/02 18:00:00  4.20 0.00   NA 13.6 15.0 12.9 1009.6 1017.2   NA 10.2 -40.1   41.7     NA 11.8 
1849/07/02 18:00:00    NA 0.00   NA 13.6 17.1 12.9     NA 1017.2   NA 10.2 -40.1   41.7     NA 11.8 
1849/07/03 04:00:00  4.19 0.00   NA 13.7 16.2 12.4 1012.8 1017.5   NA 10.2 -40.2   43.5     NA 11.8 
1849/07/03 04:00:00    NA 0.00   NA 13.7 17.5 12.4     NA 1017.5   NA 10.2 -40.2   43.5     NA 11.8 
1849/07/03 11:00:00  4.19 0.00   NA 13.8 18.1 12.2 1012.5 1017.7   NA 10.3 -40.3   44.7     NA 11.9 
1849/07/03 11:00:00    NA 0.00   NA 13.8 16.2 12.2     NA 1017.7   NA 10.3 -40.3   44.7     NA 11.9 
1849/07/03 18:00:00  4.76 0.00   NA 14.4 17.5 11.9 1009.2 1017.9   NA 10.3 -40.2   46.1     NA 12.4 
1849/07/03 18:00:00    NA 0.00   NA 14.4 13.7 11.9     NA 1017.9   NA 10.3 -40.2   46.1     NA 12.4 
1849/07/04 04:00:00  4.76 0.00   NA 13.7 15.0 11.3 1009.6 1018.1   NA 10.2 -40.1   48.1     NA 12.4 
1849/07/04 04:00:00    NA 0.00   NA 13.7 12.9 11.3     NA 1018.1   NA 10.2 -40.1   48.1     NA 12.4 
1849/07/04 11:00:00  4.78 0.00   NA 13.0 15.0 11.1 1009.6 1018.2   NA 10.3 -40.0   49.5     NA 12.6 
1849/07/04 11:00:00    NA 0.00   NA 13.0 12.5 11.1     NA 1018.2   NA 10.3 -40.0   49.5     NA 12.6 
1849/07/04 18:00:00  5.25 0.00   NA 13.1 13.1 11.6 1006.5 1018.2   NA 10.5 -40.1   51.1     NA 11.6 
1849/07/04 18:00:00    NA 0.00   NA 13.1 15.7 11.6     NA 1018.2   NA 10.5 -40.1   51.1     NA 11.6 
1849/07/05 04:00:00  5.25 0.00   NA 14.0 14.7 12.3 1006.3 1018.2   NA 10.8 -40.2   53.3     NA 12.2 
1849/07/05 04:00:00    NA 0.00   NA 14.0 15.7 12.3     NA 1018.2   NA 10.8 -40.2   53.3     NA 12.2 
1849/07/05 10:00:00  5.24 0.00   NA 14.3 15.9 12.4 1006.1 1018.2   NA 10.9 -40.3   54.6     NA 12.1 
1849/07/05 10:00:00    NA 0.00   NA 14.3 15.7 12.4     NA 1018.2   NA 10.9 -40.3   54.6     NA 12.1 
1849/07/05 17:00:00  4.60 0.00   NA 14.5 13.7 12.6 1006.4 1018.2   NA 11.0 -40.1   56.0     NA 12.6 
1849/07/05 17:00:00    NA 0.00   NA 14.5 12.5 12.6     NA 1018.2   NA 11.0 -40.1   56.0     NA 12.6 
1849/07/06 03:00:00  4.64 0.00   NA 15.0  8.7 13.5 1003.9 1019.4   NA 10.7 -39.9   57.9     NA 13.5 
1849/07/06 03:00:00    NA 0.00   NA 15.0 12.0 13.5     NA 1019.4   NA 10.7 -39.9   57.9     NA 13.5 
1849/07/06 10:00:00  4.62 0.00   NA 14.8 11.2 13.6 1003.4 1019.3   NA 10.8 -39.8   59.3     NA 13.0 
1849/07/06 10:00:00    NA 0.00   NA 14.8 12.0 13.6     NA 1019.3   NA 10.8 -39.8   59.3     NA 13.0 
1849/07/06 17:00:00  3.75 0.00   NA 14.7 10.0 13.4 1003.6 1019.3   NA 10.9 -39.4   60.3     NA 13.3 
1849/07/06 17:00:00    NA 0.00   NA 14.7 12.5 13.4     NA 1019.3   NA 10.9 -39.4   60.3     NA 13.3 
1849/07/07 03:00:00  3.79 0.00   NA 14.7 11.2 13.1 1003.4 1020.4   NA 10.3 -38.9   61.7     NA 13.7 
1849/07/07 03:00:00    NA 0.00   NA 14.7 13.7 13.1     NA 1020.4   NA 10.3 -38.9   61.7     NA 13.7 
1849/07/07 10:00:00  3.82 0.00   NA 14.7 12.2 12.8 1003.2 1020.4   NA 10.4 -38.6   62.8     NA 13.8 
1849/07/07 10:00:00    NA 0.00   NA 14.7 13.7 12.8     NA 1020.4   NA 10.4 -38.6   62.8     NA 13.8 
1849/07/07 17:00:00  2.21 0.00   NA 14.6 11.4 12.7 1003.3 1020.5   NA 10.4 -38.3   63.3     NA 13.6 
1849/07/07 17:00:00    NA 0.00   NA 14.6 12.5 12.7     NA 1020.5   NA 10.4 -38.3   63.3     NA 13.6 
1849/07/08 03:00:00  2.22 0.00   NA 14.7 13.7 13.2 1006.3 1021.5   NA  9.9 -37.9   64.0     NA 13.8 
1849/07/08 03:00:00    NA 0.00   NA 14.7 11.7 13.2     NA 1021.5   NA  9.9 -37.9   64.0     NA 13.8 
1849/07/08 10:00:00  2.22 0.00   NA 14.7 13.7 13.2 1016.3 1021.5   NA  9.9 -37.6   64.5     NA 13.8 
1849/07/08 10:00:00    NA 0.00   NA 14.7 12.5 13.2     NA 1021.5   NA  9.9 -37.6   64.5     NA 13.8 
1849/07/08 17:00:00  3.83 0.00   NA 14.6 13.7 13.4 1013.0 1021.5   NA  9.9 -37.4   65.6     NA 13.4 
1849/07/08 17:00:00    NA 0.00   NA 14.6 12.5 13.4     NA 1021.5   NA  9.9 -37.4   65.6     NA 13.4 
1849/07/09 03:00:00  3.84 0.00   NA 14.5 13.4 13.3 1009.6 1021.6   NA  9.9 -37.1   67.1     NA 13.2 
1849/07/09 03:00:00    NA 0.00   NA 14.5 11.2 13.3     NA 1021.6   NA  9.9 -37.1   67.1     NA 13.2 
1849/07/09 09:00:00  3.86 0.00   NA 14.4 12.5 13.2 1006.4 1021.5   NA 10.0 -37.0   68.0     NA 13.2 
1849/07/09 09:00:00    NA 0.00   NA 14.4 11.2 13.2     NA 1021.5   NA 10.0 -37.0   68.0     NA 13.2 
1849/07/09 16:00:00  5.49 0.00   NA 14.1 11.9 13.2 1006.5 1021.4   NA 10.0 -37.2   69.6     NA 13.1 
1849/07/09 16:00:00    NA 0.00   NA 14.1 11.2 13.2     NA 1021.4   NA 10.0 -37.2   69.6     NA 13.1 
1849/07/10 02:00:00  5.47 0.00   NA 14.1 11.2 13.0 1016.7 1021.3   NA 10.1 -37.5   71.8     NA 13.4 
1849/07/10 02:00:00    NA 0.00   NA 14.1  8.7 13.0     NA 1021.3   NA 10.1 -37.5   71.8     NA 13.4 
1849/07/10 09:00:00  5.46 0.00   NA 14.0 11.9 13.1 1013.3 1020.9   NA 10.1 -37.7   73.3     NA 13.6 
1849/07/10 09:00:00    NA 0.00   NA 14.0 11.2 13.1     NA 1020.9   NA 10.1 -37.7   73.3     NA 13.6 
1849/07/10 16:00:00  4.45 0.00   NA 14.0 11.2 13.1 1003.2 1020.8   NA 10.1 -37.6   74.6     NA 13.2 
1849/07/10 16:00:00    NA 0.00   NA 14.0 11.0 13.1     NA 1020.8   NA 10.1 -37.6   74.6     NA 13.2 
1849/07/11 02:00:00  4.42 0.00   NA 13.7 12.5 12.6 1013.2 1020.6   NA 10.0 -37.5   76.4     NA 12.7 
1849/07/11 02:00:00    NA 0.00   NA 13.7 12.5 12.6     NA 1020.6   NA 10.0 -37.5   76.4     NA 12.7 
1849/07/11 09:00:00  4.46 0.00   NA 13.7 12.5 12.3 1006.4 1020.5   NA 10.0 -37.4   77.7     NA 12.7 
1849/07/11 09:00:00    NA 0.00   NA 13.7 13.6 12.3     NA 1020.5   NA 10.0 -37.4   77.7     NA 12.7 
1849/07/11 16:00:00  3.37 0.00   NA 13.6 12.5 12.1 1006.4 1020.3   NA 10.0 -37.3   78.6     NA 12.6 
1849/07/11 16:00:00    NA 0.00   NA 13.6 12.5 12.1     NA 1020.3   NA 10.0 -37.3   78.6     NA 12.6 
1849/07/12 02:00:00  3.39 0.00   NA 13.5 12.4 11.8 1016.5 1020.3   NA 10.0 -37.1   80.0     NA 12.5 
1849/07/12 02:00:00    NA 0.00   NA 13.5 10.0 11.8     NA 1020.3   NA 10.0 -37.1   80.0     NA 12.5 
1849/07/12 09:00:00  3.39 0.00   NA 13.5 12.5 11.7 1016.5 1020.2   NA 10.0 -37.0   80.9     NA 12.2 
1849/07/12 09:00:00    NA 0.00   NA 13.5 11.6 11.7     NA 1020.2   NA 10.0 -37.0   80.9     NA 12.2 
1849/07/12 16:00:00  2.77 0.00   NA 13.4 12.5 11.6 1013.1 1020.1   NA 10.0 -37.2   81.7     NA 12.3 
1849/07/12 16:00:00    NA 0.00   NA 13.4 11.2 11.6     NA 1020.1   NA 10.0 -37.2   81.7     NA 12.3 
1849/07/13 02:00:00  2.74 0.00   NA 13.2 12.0 11.8 1013.2 1020.2   NA 10.0 -37.5   82.7     NA 12.1 
1849/07/13 02:00:00    NA 0.00   NA 13.2 12.2 11.8     NA 1020.2   NA 10.0 -37.5   82.7     NA 12.1 
1849/07/13 08:00:00  2.74 0.00   NA 13.3 12.5 12.1 1013.2 1020.1   NA 10.0 -37.6   83.4     NA 12.0 
1849/07/13 08:00:00    NA 0.00   NA 13.3 13.7 12.1     NA 1020.1   NA 10.0 -37.6   83.4     NA 12.0 
1849/07/13 15:00:00  4.62 0.00   NA 13.2 12.6 12.3 1013.1 1020.0   NA 10.0 -37.9   84.7     NA 11.8 
1849/07/13 15:00:00    NA 0.00   NA 13.2 12.5 12.3     NA 1020.0   NA 10.0 -37.9   84.7     NA 11.8 
1849/07/14 01:00:00  4.58 0.00   NA 12.4 12.0 11.4 1016.6 1018.9   NA 10.5 -38.4   86.5     NA 11.6 
1849/07/14 01:00:00    NA 0.00   NA 12.4 11.2 11.4     NA 1018.9   NA 10.5 -38.4   86.5     NA 11.6 
1849/07/14 08:00:00  4.58 0.00   NA 12.3 12.5 11.3 1013.3 1018.7   NA 10.5 -38.6   87.7     NA 11.7 
1849/07/14 08:00:00    NA 0.00   NA 12.3 13.9 11.3     NA 1018.7   NA 10.5 -38.6   87.7     NA 11.7 
1849/07/14 15:00:00  3.66 0.00   NA 12.2 12.5 11.1 1013.3 1018.5   NA 10.5 -38.8   88.8     NA 11.5 
1849/07/14 15:00:00    NA 0.00   NA 12.2 12.5 11.1     NA 1018.5   NA 10.5 -38.8   88.8     NA 11.5 
1849/07/15 01:00:00  3.61 0.00   NA 11.7 11.2 10.0 1013.5 1017.4   NA 10.9 -39.1   90.2     NA 11.1 
1849/07/15 01:00:00    NA 0.00   NA 11.7 12.1 10.0     NA 1017.4   NA 10.9 -39.1   90.2     NA 11.1 
1849/07/15 08:00:00  3.64 0.00   NA 11.7 11.2  9.9 1006.8 1017.2   NA 10.9 -39.2   91.3     NA 11.0 
1849/07/15 08:00:00    NA 0.00   NA 11.7 12.4  9.9     NA 1017.2   NA 10.9 -39.2   91.3     NA 11.0 
1849/07/15 15:00:00  3.08 0.00   NA 11.6 11.2 10.0 1006.8 1017.0   NA 10.9 -39.2   92.2     NA 11.1 
1849/07/15 15:00:00    NA 0.00   NA 11.6 12.0 10.0     NA 1017.0   NA 10.9 -39.2   92.2     NA 11.1 
1849/07/16 01:00:00  3.09 0.00   NA 11.6 11.9 10.2 1006.7 1016.9   NA 10.8 -39.3   93.5     NA 11.1 
1849/07/16 01:00:00    NA 0.00   NA 11.6 11.2 10.2     NA 1016.9   NA 10.8 -39.3   93.5     NA 11.1 
1849/07/16 08:00:00  3.07 0.00   NA 11.6 12.5 10.4 1009.9 1016.7   NA 10.8 -39.3   94.4     NA 10.8 
1849/07/16 08:00:00    NA 0.00   NA 11.6 12.2 10.4     NA 1016.7   NA 10.8 -39.3   94.4     NA 10.8 
1849/07/16 15:00:00  0.89 0.00   NA 11.6 12.5 10.4 1009.9 1016.7   NA 10.8 -39.4   94.6     NA 10.8 
1849/07/16 15:00:00    NA 0.00   NA 11.6 12.0 10.4     NA 1016.7   NA 10.8 -39.4   94.6     NA 10.8 
1849/07/17 01:00:00  0.91 0.00   NA 11.6 11.2 10.4 1013.5 1016.8   NA 10.8 -39.6   94.9     NA 10.8 
1849/07/17 01:00:00    NA 0.00   NA 11.6 10.0 10.4     NA 1016.8   NA 10.8 -39.6   94.9     NA 10.8 
1849/07/17 08:00:00  0.89 0.00   NA 11.6 12.1 10.5 1013.4 1016.7   NA 10.8 -39.7   95.1     NA 10.8 
1849/07/17 08:00:00    NA 0.00   NA 11.6 12.5 10.5     NA 1016.7   NA 10.8 -39.7   95.1     NA 10.8 
1849/07/17 15:00:00  3.75 0.00   NA 11.6 11.2 10.3 1010.2 1016.6   NA 10.8 -39.7   96.2     NA 10.9 
1849/07/17 15:00:00    NA 0.00   NA 11.6 11.2 10.3     NA 1016.6   NA 10.8 -39.7   96.2     NA 10.9 
1849/07/18 01:00:00  3.72 0.00   NA 11.6 10.7 10.0 1010.3 1016.5   NA 10.7 -39.8   97.8     NA 11.0 
1849/07/18 01:00:00    NA 0.00   NA 11.6 10.0 10.0     NA 1016.5   NA 10.7 -39.8   97.8     NA 11.0 
1849/07/18 07:00:00  3.73 0.00   NA 11.7 11.2  9.8 1010.2 1016.4   NA 10.7 -39.9   98.7     NA 11.1 
1849/07/18 07:00:00    NA 0.00   NA 11.7 12.1  9.8     NA 1016.4   NA 10.7 -39.9   98.7     NA 11.1 
1849/07/18 14:00:00  3.90 0.00   NA 11.7 11.2  9.8 1006.8 1016.3   NA 10.7 -40.0   99.9     NA 11.2 
1849/07/18 14:00:00    NA 0.00   NA 11.7 11.2  9.8     NA 1016.3   NA 10.7 -40.0   99.9     NA 11.2 
1849/07/19 00:00:00  3.91 0.00   NA 11.2 10.4  9.8 1007.0 1015.0   NA 11.0 -40.0  101.5     NA 10.6 
1849/07/19 00:00:00    NA 0.00   NA 11.2 11.2  9.8     NA 1015.0   NA 11.0 -40.0  101.5     NA 10.6 
1849/07/19 07:00:00  3.89 0.00   NA 11.2 10.9 10.0 1003.5 1014.9   NA 10.9 -40.1  102.7     NA 10.4 
1849/07/19 07:00:00    NA 0.00   NA 11.2 12.0 10.0     NA 1014.9   NA 10.9 -40.1  102.7     NA 10.4 
1849/07/19 14:00:00  3.34 0.00   NA 11.3 10.6 10.2  993.4 1014.9   NA 10.8 -40.2  103.7     NA 10.3 
1849/07/19 14:00:00    NA 0.00   NA 11.3 11.2 10.2     NA 1014.9   NA 10.8 -40.2  103.7     NA 10.3 
1849/07/20 00:00:00  3.33 0.00   NA 11.2 11.2  9.9  996.7 1014.7   NA 10.7 -40.3  105.0     NA 10.3 
1849/07/20 00:00:00    NA 0.00   NA 11.2 11.2  9.9     NA 1014.7   NA 10.7 -40.3  105.0     NA 10.3 
1849/07/20 07:00:00  3.33 0.00   NA 11.3 10.4  9.8  993.5 1014.7   NA 10.6 -40.4  106.0     NA 10.6 
1849/07/20 07:00:00    NA 0.00   NA 11.3 11.0  9.8     NA 1014.7   NA 10.6 -40.4  106.0     NA 10.6 
1849/07/20 14:00:00  2.49 0.00   NA 11.3 10.1  9.8  993.5 1014.7   NA 10.6 -40.3  106.8     NA 10.6 
1849/07/20 14:00:00    NA 0.00   NA 11.3 10.0  9.8     NA 1014.7   NA 10.6 -40.3  106.8     NA 10.6 
1849/07/21 00:00:00  2.48 0.00   NA 11.4 10.7 10.0  993.4 1014.6   NA 10.6 -40.2  107.8     NA 10.7 
1849/07/21 00:00:00    NA 0.00   NA 11.4 10.0 10.0     NA 1014.6   NA 10.6 -40.2  107.8     NA 10.7 
1849/07/21 07:00:00  2.49 0.00   NA 11.4 10.7 10.2  993.4 1014.5   NA 10.5 -40.1  108.5     NA 11.0 
1849/07/21 07:00:00    NA 0.00   NA 11.4 10.0 10.2     NA 1014.5   NA 10.5 -40.1  108.5     NA 11.0 
1849/07/21 14:00:00  1.01 0.00   NA 11.4 10.7 10.2  996.8 1014.5   NA 10.5 -40.0  108.8     NA 11.0 
1849/07/21 14:00:00    NA 0.00   NA 11.4 10.0 10.2     NA 1014.5   NA 10.5 -40.0  108.8     NA 11.0 
1849/07/22 00:00:00  1.05 0.00   NA 12.5 10.6 10.9  996.8 1015.5   NA 10.1 -39.9  109.2     NA 11.5 
1849/07/22 00:00:00    NA 0.00   NA 12.5 10.6 10.9     NA 1015.5   NA 10.1 -39.9  109.2     NA 11.5 
1849/07/22 07:00:00  1.01 0.00   NA 12.5 10.6 10.9  996.8 1015.5   NA 10.1 -39.8  109.5     NA 11.5 
1849/07/22 07:00:00    NA 0.00   NA 12.5 11.2 10.9     NA 1015.5   NA 10.1 -39.8  109.5     NA 11.5 
1849/07/22 14:00:00  3.31 0.00   NA 12.7 10.6 10.8  996.8 1015.4   NA 10.1 -39.9  110.5     NA 11.6 
1849/07/22 14:00:00    NA 0.00   NA 12.7 10.7 10.8     NA 1015.4   NA 10.1 -39.9  110.5     NA 11.6 
1849/07/23 00:00:00  3.33 0.00   NA 11.6 12.1 10.1  993.2 1014.3   NA 10.4 -40.0  111.9     NA 10.8 
1849/07/23 00:00:00    NA 0.00   NA 11.6 10.6 10.1     NA 1014.3   NA 10.4 -40.0  111.9     NA 10.8 
1849/07/23 06:00:00  3.30 0.00   NA 11.7 12.1 10.0  989.8 1014.2   NA 10.3 -40.1  112.7     NA 10.8 
1849/07/23 06:00:00    NA 0.00   NA 11.7 11.2 10.0     NA 1014.2   NA 10.3 -40.1  112.7     NA 10.8 
1849/07/23 13:00:00  3.32 0.00   NA 11.8 12.0 10.1  989.8 1014.1   NA 10.3 -40.2  113.7     NA 10.8 
1849/07/23 13:00:00    NA 0.00   NA 11.8 10.6 10.1     NA 1014.1   NA 10.3 -40.2  113.7     NA 10.8 
1849/07/23 13:00:00    NA 0.00   NA 11.8 12.1 10.1     NA 1014.1   NA 10.3 -40.2  113.7     NA 10.8 
1849/07/23 23:00:00  3.34 0.00   NA 11.9 10.0 10.3  990.2 1014.0   NA 10.1 -40.3  115.1     NA 11.0 
1849/07/23 23:00:00    NA 0.00   NA 11.9 12.1 10.3     NA 1014.0   NA 10.1 -40.3  115.1     NA 11.0 
1849/07/24 06:00:00  3.31 0.00   NA 11.8 12.5 10.4  993.1 1014.0   NA 10.0 -40.4  116.1     NA 11.0 
1849/07/24 06:00:00    NA 0.00   NA 11.8 12.1 10.4     NA 1014.0   NA 10.0 -40.4  116.1     NA 11.0 
1849/07/24 13:00:00  1.57 0.00   NA 11.8 11.2 10.4  990.0 1014.0   NA 10.0 -40.6  116.4     NA 11.0 
1849/07/24 13:00:00    NA 0.00   NA 11.8 10.6 10.4     NA 1014.0   NA 10.0 -40.6  116.4     NA 11.0 
1849/07/24 23:00:00  1.59 0.00   NA 11.2 11.0  9.8  990.0 1012.7   NA 10.3 -41.0  116.9     NA 10.7 
1849/07/24 23:00:00    NA 0.00   NA 11.2 11.2  9.8     NA 1012.7   NA 10.3 -41.0  116.9     NA 10.7 
1849/07/25 06:00:00  1.56 0.00   NA 11.1 11.6 10.0  990.0 1012.7   NA 10.3 -41.3  117.2     NA 10.7 
1849/07/25 06:00:00    NA 0.00   NA 11.1 11.2 10.0     NA 1012.7   NA 10.3 -41.3  117.2     NA 10.7 
1849/07/25 13:00:00  0.48 0.00   NA 11.1 11.2 10.0  990.1 1012.7   NA 10.3 -41.2  117.3     NA 10.7 
1849/07/25 13:00:00    NA 0.00   NA 11.1 10.9 10.0     NA 1012.7   NA 10.3 -41.2  117.3     NA 10.7 
1849/07/25 23:00:00  0.49 0.00   NA 11.1 10.6 10.0  990.2 1012.7   NA 10.3 -41.1  117.4     NA 10.7 
1849/07/25 23:00:00    NA 0.00   NA 11.1 10.7 10.0     NA 1012.7   NA 10.3 -41.1  117.4     NA 10.7 
1849/07/26 06:00:00  0.51 0.00   NA 11.1 11.2 10.0  990.0 1012.6   NA 10.3 -41.0  117.5     NA 10.6 
1849/07/26 06:00:00    NA 0.00   NA 11.1 10.7 10.0     NA 1012.6   NA 10.3 -41.0  117.5     NA 10.6 
1849/07/26 13:00:00  2.33 0.00   NA 11.7 11.0 10.6  990.1 1013.8   NA  9.9 -40.9  118.2     NA 10.6 
1849/07/26 13:00:00    NA 0.00   NA 11.7 10.6 10.6     NA 1013.8   NA  9.9 -40.9  118.2     NA 10.6 
1849/07/26 23:00:00  2.34 0.00   NA 11.6 10.1 10.7  997.0 1013.8   NA  9.9 -40.8  119.2     NA 10.5 
1849/07/26 23:00:00    NA 0.00   NA 11.6 11.2 10.7     NA 1013.8   NA  9.9 -40.8  119.2     NA 10.5 
1849/07/27 06:00:00  2.34 0.00   NA 11.6 12.5 10.7  996.6 1013.8   NA  9.9 -40.7  119.9     NA 10.4 
1849/07/27 06:00:00    NA 0.00   NA 11.6 11.2 10.7     NA 1013.8   NA  9.9 -40.7  119.9     NA 10.4 
1849/07/27 13:00:00  3.75 0.00   NA 11.4 11.2 10.6  996.8 1013.8   NA  9.9 -40.7  121.0     NA 10.4 
1849/07/27 13:00:00    NA 0.00   NA 11.4 11.2 10.6     NA 1013.8   NA  9.9 -40.7  121.0     NA 10.4 
1849/07/27 23:00:00  3.77 0.00   NA 11.4 12.1 10.5  996.6 1013.8   NA  9.9 -40.8  122.6     NA 10.7 
1849/07/27 23:00:00    NA 0.00   NA 11.4 11.2 10.5     NA 1013.8   NA  9.9 -40.8  122.6     NA 10.7 
1849/07/28 06:00:00  3.74 0.00   NA 11.5 12.5 10.4  996.6 1013.8   NA  9.9 -40.8  123.8     NA 10.7 
1849/07/28 06:00:00    NA 0.00   NA 11.5 10.0 10.4     NA 1013.8   NA  9.9 -40.8  123.8     NA 10.7 
1849/07/28 13:00:00  2.87 0.00   NA 11.5 11.2 10.3  996.8 1013.8   NA  9.8 -40.7  124.6     NA 10.9 
1849/07/28 13:00:00    NA 0.00   NA 11.5 11.2 10.3     NA 1013.8   NA  9.8 -40.7  124.6     NA 10.9 
1849/07/28 23:00:00  2.89 0.00   NA 11.3 12.1 10.3  986.5 1013.9   NA  9.8 -40.6  125.8     NA 11.1 
1849/07/28 23:00:00    NA 0.00   NA 11.3 11.2 10.3     NA 1013.9   NA  9.8 -40.6  125.8     NA 11.1 
1849/07/29 06:00:00  2.88 0.00   NA 11.3 12.5 10.4  986.4 1013.9   NA  9.8 -40.5  126.7     NA 11.1 
1849/07/29 06:00:00    NA 0.00   NA 11.3 11.2 10.4     NA 1013.9   NA  9.8 -40.5  126.7     NA 11.1 
1849/07/29 13:00:00  2.14 0.00   NA 11.3 11.9 10.5  986.5 1014.0   NA  9.7 -40.9  127.0     NA 10.8 
1849/07/29 13:00:00    NA 0.00   NA 11.3 10.0 10.5     NA 1014.0   NA  9.7 -40.9  127.0     NA 10.8 
1849/07/29 23:00:00  2.10 0.00   NA 10.8 10.0  9.9  986.8 1012.9   NA  9.9 -41.5  127.5     NA 10.3 
1849/07/29 23:00:00    NA 0.00   NA 10.8 10.0  9.9     NA 1012.9   NA  9.9 -41.5  127.5     NA 10.3 
1849/07/30 05:00:00  2.12 0.00   NA 10.7 12.5  9.8  989.9 1012.8   NA 10.0 -41.8  127.9     NA 10.3 
1849/07/30 05:00:00    NA 0.00   NA 10.7 10.0  9.8     NA 1012.8   NA 10.0 -41.8  127.9     NA 10.3 
1849/07/30 12:00:00  1.29 0.00   NA 10.8 10.0  9.8  993.7 1013.0   NA  9.9 -41.6  128.2     NA 10.2 
1849/07/30 12:00:00    NA 0.00   NA 10.8 10.7  9.8     NA 1013.0   NA  9.9 -41.6  128.2     NA 10.2 
1849/07/30 22:00:00  1.30 0.00   NA 10.8 11.2  9.8  990.1 1013.0   NA  9.9 -41.4  128.6     NA 10.2 
1849/07/30 22:00:00    NA 0.00   NA 10.8 11.2  9.8     NA 1013.0   NA  9.9 -41.4  128.6     NA 10.2 
1849/07/31 05:00:00  1.30 0.00   NA 10.8 13.7  9.7  993.0 1012.9   NA  9.9 -41.2  128.9     NA 10.2 
1849/07/31 05:00:00    NA 0.00   NA 10.8 11.2  9.7     NA 1012.9   NA  9.9 -41.2  128.9     NA 10.2 
1849/07/31 12:00:00  2.49 0.00   NA 11.4 11.2 10.4  993.4 1013.9   NA  9.7 -40.6  129.0     NA 10.6 
1849/07/31 12:00:00    NA 0.00   NA 11.4 10.6 10.4     NA 1013.9   NA  9.7 -40.6  129.0     NA 10.6 
1849/07/31 22:00:00  2.49 0.00   NA 12.1 10.0 11.0 1000.4 1014.8   NA  9.3 -39.8  129.1     NA 11.0 
1849/07/31 22:00:00    NA 0.00   NA 12.1  9.5 11.0     NA 1014.8   NA  9.3 -39.8  129.1     NA 11.0 
1849/08/01 05:00:00  2.49 0.00   NA 12.1 10.0 11.0 1003.6 1014.7   NA  9.4 -39.2  129.2     NA 11.0 
1849/08/01 05:00:00    NA 0.00   NA 12.1 12.5 11.0     NA 1014.7   NA  9.4 -39.2  129.2     NA 11.0 
1849/08/01 12:00:00  1.90 0.00   NA 12.1 10.6 11.0 1003.5 1014.7   NA  9.4 -39.0  129.7     NA 11.0 
1849/08/01 12:00:00    NA 0.00   NA 12.1 11.2 11.0     NA 1014.7   NA  9.4 -39.0  129.7     NA 11.0 
1849/08/01 22:00:00  1.88 0.00   NA 12.9 11.2 11.7 1010.1 1015.5   NA  9.0 -38.7  130.3     NA 11.3 
1849/08/01 22:00:00    NA 0.00   NA 12.9 10.6 11.7     NA 1015.5   NA  9.0 -38.7  130.3     NA 11.3 
1849/08/02 05:00:00  1.91 0.00   NA 12.9 11.2 11.7 1010.1 1015.4   NA  9.1 -38.4  130.8     NA 11.3 
1849/08/02 05:00:00    NA 0.00   NA 12.9 13.4 11.7     NA 1015.4   NA  9.1 -38.4  130.8     NA 11.3 
1849/08/02 12:00:00  1.14 0.00   NA 12.9 11.2 11.7 1010.1 1015.5   NA  9.0 -38.3  131.0     NA 11.6 
1849/08/02 12:00:00    NA 0.00   NA 12.9 11.2 11.7     NA 1015.5   NA  9.0 -38.3  131.0     NA 11.6 
1849/08/02 22:00:00  1.13 0.00   NA 12.9 11.2 11.7 1013.4 1015.5   NA  9.0 -38.0  131.4     NA 11.6 
1849/08/02 22:00:00    NA 0.00   NA 12.9 10.0 11.7     NA 1015.5   NA  9.0 -38.0  131.4     NA 11.6 
1849/08/03 05:00:00  1.15 0.00   NA 13.6 11.2 12.2 1010.0 1016.0   NA  8.8 -37.9  131.7     NA 12.4 
1849/08/03 05:00:00    NA 0.00   NA 13.6 13.5 12.2     NA 1016.0   NA  8.8 -37.9  131.7     NA 12.4 
1849/08/03 12:00:00  2.81 0.00   NA 13.6 11.2 12.2 1010.0 1016.1   NA  8.8 -37.7  132.4     NA 12.4 
1849/08/03 12:00:00    NA 0.00   NA 13.6 11.2 12.2     NA 1016.1   NA  8.8 -37.7  132.4     NA 12.4 
1849/08/03 22:00:00  2.82 0.00   NA 13.6 12.9 12.2 1006.4 1016.3   NA  8.7 -37.5  133.5     NA 12.6 
1849/08/03 22:00:00    NA 0.00   NA 13.6 11.2 12.2     NA 1016.3   NA  8.7 -37.5  133.5     NA 12.6 
1849/08/04 05:00:00  2.82 0.00   NA 13.7 13.2 12.2 1009.6 1016.3   NA  8.7 -37.3  134.3     NA 12.6 
1849/08/04 05:00:00    NA 0.00   NA 13.7 13.2 12.2     NA 1016.3   NA  8.7 -37.3  134.3     NA 12.6 
1849/08/04 12:00:00  0.67 0.00   NA 13.7 13.2 12.2 1002.9 1016.3   NA  8.7 -37.2  134.4     NA 12.6 
1849/08/04 12:00:00    NA 0.00   NA 13.7 11.2 12.2     NA 1016.3   NA  8.7 -37.2  134.4     NA 12.6 
1849/08/04 22:00:00  0.67 0.00   NA 13.7 13.7 12.2  992.7 1016.3   NA  8.7 -37.0  134.6     NA 12.6 
1849/08/04 22:00:00    NA 0.00   NA 13.7 12.5 12.2     NA 1016.3   NA  8.7 -37.0  134.6     NA 12.6 
1849/08/05 05:00:00  0.67 0.00   NA 14.3 13.7 12.8  996.0 1016.8   NA  8.5 -36.9  134.7     NA 12.9 
1849/08/05 05:00:00    NA 0.00   NA 14.3 12.5 12.8     NA 1016.8   NA  8.5 -36.9  134.7     NA 12.9 
1849/08/05 12:00:00  1.41 0.00   NA 14.3 13.7 12.8  999.4 1016.8   NA  8.5 -36.7  135.0     NA 12.9 
1849/08/05 12:00:00    NA 0.00   NA 14.3 11.2 12.8     NA 1016.8   NA  8.5 -36.7  135.0     NA 12.9 
1849/08/05 22:00:00  1.42 0.00   NA 14.4 13.7 12.8  992.6 1016.9   NA  8.4 -36.4  135.4     NA 13.0 
1849/08/05 22:00:00    NA 0.00   NA 14.4 11.2 12.8     NA 1016.9   NA  8.4 -36.4  135.4     NA 13.0 
1849/08/06 05:00:00  1.42 0.00   NA 14.4 14.5 12.8  989.1 1016.8   NA  8.4 -36.1  135.7     NA 13.0 
1849/08/06 05:00:00    NA 0.00   NA 14.4 12.5 12.8     NA 1016.8   NA  8.4 -36.1  135.7     NA 13.0 
1849/08/06 12:00:00    NA   NA   NA   NA 14.4   NA  992.5     NA   NA   NA    NA     NA     NA   NA 
1849/08/06 12:00:00    NA   NA   NA   NA 11.2   NA     NA     NA   NA   NA    NA     NA     NA   NA 
