1908/12/01 12:00:00   NA   NA  NA
1908/12/01 12:00:00   NA   NA  NA
1908/12/02 12:00:00   NA   NA  NA
1908/12/02 12:00:00   NA   NA  NA
1908/12/02 23:00:00 0.00 0.00 0.00
1908/12/03 03:00:00 0.00 0.00 0.00
1908/12/03 07:00:00 0.00 0.00 0.00
1908/12/03 11:00:00 0.00 0.00 0.00
1908/12/03 15:00:00 0.00 0.00 0.00
1908/12/03 19:00:00 0.00 0.00 0.00
1908/12/03 23:00:00 0.00 0.00 0.00
1908/12/04 03:00:00 0.00 0.00 0.00
1908/12/04 07:00:00 0.00 0.00 0.00
1908/12/04 11:00:00 0.00 0.00 0.00
1908/12/04 15:00:00 0.00 0.00 0.00
1908/12/04 19:00:00 0.00 0.00 0.00
1908/12/04 23:00:00 0.00 0.00 0.00
1908/12/05 03:00:00 0.00 0.00 0.00
1908/12/05 07:00:00 0.00 0.00 0.00
1908/12/05 11:00:00 0.00 0.00 0.00
1908/12/05 15:00:00 0.00 0.00 0.00
1908/12/05 19:00:00 0.00 0.00 0.00
1908/12/05 23:00:00 0.00 0.00 0.00
1908/12/06 03:00:00 0.00 0.00 0.00
1908/12/06 07:00:00 0.00 0.00 0.00
1908/12/06 11:00:00 0.00 0.00 0.00
1908/12/06 15:00:00 0.00 0.00 0.00
1908/12/06 19:00:00 0.00 0.00 0.00
1908/12/06 23:00:00 0.00 0.00 0.00
1908/12/07 03:00:00 0.00 0.00 0.00
1908/12/07 07:00:00 0.00 0.00 0.00
1908/12/07 11:00:00 0.00 0.00 0.00
1908/12/07 15:00:00 0.00 0.00 0.00
1908/12/07 19:00:00 0.00 0.00 0.00
1908/12/07 23:00:00 0.00 0.00 0.00
1908/12/08 03:00:00 0.00 0.00 0.00
1908/12/08 07:00:00 0.00 0.00 0.00
1908/12/08 11:00:00 0.00 0.00 0.00
1908/12/08 15:00:00 0.00 0.00 0.00
1908/12/08 19:00:00 0.00 0.00 0.00
1908/12/08 23:00:00 0.00 0.00 0.00
1908/12/09 03:00:00 0.00 0.00 0.00
1908/12/09 07:00:00 0.00 0.00 0.00
1908/12/09 11:00:00 0.00 0.00 0.00
1908/12/09 15:00:00 0.00 0.00 0.00
1908/12/09 19:00:00 0.00 0.00 0.00
1908/12/09 23:00:00 0.00 0.00 0.00
1908/12/10 03:00:00 0.00 0.00 0.00
1908/12/10 07:00:00 0.00 0.00 0.00
1908/12/10 11:00:00 0.00 0.00 0.00
1908/12/10 15:00:00 0.00 0.00 0.00
1908/12/10 19:00:00 0.00 0.00 0.00
1908/12/10 23:00:00 0.00 0.00 0.00
1908/12/11 03:00:00 0.00 0.00 0.00
1908/12/11 07:00:00 0.00 0.00 0.00
1908/12/11 11:00:00 0.00 0.00 0.00
1908/12/11 15:00:00 0.00 0.00 0.00
1908/12/11 19:00:00 0.00 0.00 0.00
1908/12/11 23:00:00 0.00 0.00 0.00
1908/12/12 03:00:00 0.00 0.00 0.00
1908/12/12 07:00:00 0.00 0.00 0.00
1908/12/12 11:00:00 0.00 0.00 0.00
1908/12/12 15:00:00 0.00 0.00 0.00
1908/12/12 19:00:00 0.00 0.00 0.00
1908/12/12 23:00:00 0.00 0.00 0.00
1908/12/13 03:00:00 0.00 0.00 0.00
1908/12/13 07:00:00 0.00 0.00 0.00
1908/12/13 11:00:00 0.00 0.00 0.00
1908/12/13 15:00:00 0.00 0.00 0.00
1908/12/13 19:00:00 0.00 0.00 0.00
1908/12/13 23:00:00 0.00 0.00 0.00
1908/12/14 03:00:00 0.00 0.00 0.00
1908/12/14 07:00:00 0.00 0.00 0.00
1908/12/14 11:00:00 0.00 0.00 0.00
1908/12/14 15:00:00 0.00 0.00 0.00
1908/12/14 19:00:00 0.00 0.00 0.00
1908/12/14 23:00:00 0.00 0.00 0.00
1908/12/15 03:00:00 0.00 0.00 0.00
1908/12/15 07:00:00 0.00 0.00 0.00
1908/12/15 11:00:00 0.00 0.00 0.00
1908/12/15 15:00:00 0.00 0.00 0.00
1908/12/15 19:00:00 0.00 0.00 0.00
1908/12/15 23:00:00 0.00 0.00 0.00
1908/12/16 03:00:00 0.00 0.00 0.00
1908/12/16 07:00:00 0.00 0.00 0.00
1908/12/16 11:00:00 0.00 0.00 0.00
1908/12/16 15:00:00 0.00 0.00 0.00
1908/12/16 19:00:00 0.00 0.00 0.00
1908/12/16 23:00:00 0.00 0.00 0.00
1908/12/17 03:00:00 0.00 0.00 0.00
1908/12/17 07:00:00 0.00 0.00 0.00
1908/12/17 11:00:00 0.00 0.00 0.00
1908/12/17 15:00:00 0.00 0.00 0.00
1908/12/17 19:00:00 0.00 0.00 0.00
1908/12/17 23:00:00 0.00 0.00 0.00
1908/12/18 03:00:00 0.00 0.01 0.00
1908/12/18 07:00:00 0.00 0.01 0.00
1908/12/18 11:00:00 0.00 0.01 0.00
1908/12/18 15:00:00 0.00 0.01 0.00
1908/12/18 19:00:00 0.00 0.00 0.00
1908/12/19 00:00:00 0.00 0.03 0.00
1908/12/19 04:00:00 0.00 0.03 0.00
1908/12/19 08:00:00 0.00 0.03 0.00
1908/12/19 12:00:00 0.00 0.03 0.00
1908/12/19 16:00:00 0.00 0.03 0.00
1908/12/19 20:00:00 0.00 0.03 0.01
1908/12/20 00:00:00 0.00 0.04 0.01
1908/12/20 04:00:00 0.00 0.04 0.01
1908/12/20 08:00:00 0.00 0.28 0.03
1908/12/20 12:00:00 0.00 0.28 0.03
1908/12/20 16:00:00 0.00 0.28 0.03
1908/12/20 20:00:00 0.00 0.65 0.21
1908/12/21 00:00:00 0.00 0.63 0.20
1908/12/21 04:00:00 0.00 0.63 0.20
1908/12/21 08:00:00 0.00 0.63 0.20
1908/12/21 12:00:00 0.00 0.60 0.22
1908/12/21 16:00:00 0.00 0.60 0.22
1908/12/21 20:00:00 0.00 0.60 0.22
1908/12/22 00:00:00 0.00 0.58 0.21
1908/12/22 04:00:00 0.00 0.73 0.41
1908/12/22 08:00:00 0.00 0.75 0.42
1908/12/22 12:00:00 0.00 0.75 0.42
1908/12/22 16:00:00 0.00 0.75 0.42
1908/12/22 20:00:00 0.00 0.87 0.58
1908/12/23 00:00:00 0.00 0.85 0.56
1908/12/23 04:00:00 0.00 0.85 0.56
1908/12/23 08:00:00 0.00 0.85 0.56
1908/12/23 12:00:00 0.00 0.85 0.56
1908/12/23 16:00:00 0.00 0.85 0.56
1908/12/23 20:00:00 0.00 0.85 0.56
1908/12/24 00:00:00 0.00 0.83 0.54
1908/12/24 04:00:00 0.00 0.83 0.54
1908/12/24 08:00:00 0.00 0.83 0.54
1908/12/24 12:00:00 0.00 0.87 0.60
1908/12/24 16:00:00 0.00 0.87 0.60
1908/12/24 20:00:00 0.00 0.82 0.61
1908/12/25 00:00:00 0.00 0.80 0.59
1908/12/25 04:00:00 0.00 0.80 0.59
1908/12/25 08:00:00 0.00 0.80 0.59
1908/12/25 12:00:00 0.00 0.80 0.59
1908/12/25 16:00:00 0.00 0.80 0.59
1908/12/25 20:00:00 0.00 0.80 0.59
1908/12/26 00:00:00 0.07 0.92 0.59
1908/12/26 04:00:00 0.07 0.92 0.59
1908/12/26 08:00:00 0.11 0.95 0.61
1908/12/26 12:00:00 0.11 0.95 0.61
1908/12/26 16:00:00 0.11 0.95 0.61
1908/12/26 20:00:00 0.11 0.95 0.61
1908/12/27 00:00:00 0.10 0.94 0.59
1908/12/27 04:00:00 0.10 0.94 0.59
1908/12/27 08:00:00 0.18 0.77 0.62
1908/12/27 12:00:00 0.18 0.77 0.62
1908/12/27 16:00:00 0.18 0.77 0.62
1908/12/27 20:00:00 0.18 0.77 0.62
1908/12/28 00:00:00 0.00 0.87 0.60
1908/12/28 04:00:00 0.00 0.87 0.60
1908/12/28 08:00:00 0.00 0.87 0.60
1908/12/28 12:00:00 0.00 0.87 0.60
1908/12/28 14:00:00 0.00 0.87 0.60
1908/12/28 16:00:00 0.00 0.87 0.60
1908/12/28 18:00:00 0.00 0.87 0.60
1908/12/28 20:00:00 0.00 0.87 0.60
1908/12/28 22:00:00 0.00 0.87 0.60
1908/12/29 00:00:00 0.00 0.87 0.59
1908/12/29 02:00:00 0.00 0.87 0.59
1908/12/29 04:00:00 0.00 0.87 0.59
1908/12/29 06:00:00 0.00 0.87 0.59
1908/12/29 08:00:00 0.00 0.85 0.48
1908/12/29 10:00:00 0.00 0.85 0.48
1908/12/29 12:00:00 0.00 0.85 0.48
1908/12/29 14:00:00 0.00 0.85 0.48
1908/12/29 16:00:00 0.00 0.85 0.48
1908/12/29 18:00:00 0.00 0.85 0.48
1908/12/29 20:00:00 0.00 0.85 0.48
1908/12/29 22:00:00 0.00 0.85 0.48
1908/12/30 00:00:00 0.00 0.78 0.40
1908/12/30 02:00:00 0.00 0.78 0.40
1908/12/30 04:00:00 0.00 0.78 0.40
1908/12/30 06:00:00 0.00 0.78 0.34
1908/12/30 08:00:00 0.00 0.78 0.34
1908/12/30 10:00:00 0.00 0.78 0.34
1908/12/30 12:00:00 0.00 0.78 0.34
1908/12/30 14:00:00 0.00 0.78 0.34
1908/12/30 16:00:00 0.00 0.70 0.25
1908/12/30 18:00:00 0.00 0.66 0.16
1908/12/30 20:00:00 0.00 0.66 0.16
1908/12/30 22:00:00 0.00 0.66 0.16
1908/12/31 00:00:00 0.00 0.66 0.15
1908/12/31 02:00:00 0.00 0.67 0.10
1908/12/31 04:00:00 0.00 0.67 0.10
1908/12/31 06:00:00 0.00 0.67 0.10
1908/12/31 08:00:00 0.00 0.65 0.10
1908/12/31 10:00:00 0.00 0.65 0.10
1908/12/31 12:00:00 0.00 0.65 0.10
1908/12/31 14:00:00 0.00 0.65 0.10
1908/12/31 16:00:00 0.00 0.62 0.09
1908/12/31 18:00:00 0.00 0.62 0.09
1908/12/31 20:00:00 0.00 0.62 0.09
1908/12/31 22:00:00 0.00 0.57 0.06
1908/12/31 23:00:00 0.00 0.57 0.06
1909/01/01 01:00:00 0.00 0.27 0.06
1909/01/01 03:00:00 0.00 0.26 0.05
1909/01/01 05:00:00 0.00 0.26 0.05
1909/01/01 07:00:00 0.00 0.22 0.05
1909/01/01 09:00:00 0.00 0.26 0.06
1909/01/01 11:00:00 0.00 0.28 0.06
1909/01/01 13:00:00 0.00 0.28 0.06
1909/01/01 15:00:00 0.00 0.18 0.05
1909/01/01 17:00:00 0.00 0.19 0.06
1909/01/01 19:00:00 0.03 0.36 0.09
1909/01/01 21:00:00 0.03 0.36 0.09
1909/01/01 23:00:00 0.04 0.48 0.16
1909/01/02 01:00:00 0.04 0.48 0.15
1909/01/02 03:00:00 0.05 0.70 0.33
1909/01/02 05:00:00 0.05 0.70 0.33
1909/01/02 07:00:00 0.10 0.84 0.44
1909/01/02 09:00:00 0.10 0.84 0.44
1909/01/02 11:00:00 0.10 0.84 0.44
1909/01/02 13:00:00 0.37 1.00 0.70
1909/01/02 15:00:00 0.37 1.00 0.70
1909/01/02 17:00:00 0.37 1.00 0.70
1909/01/02 19:00:00 0.37 1.00 0.70
1909/01/02 21:00:00 0.37 1.00 0.70
1909/01/02 23:00:00 0.37 1.00 0.70
1909/01/03 01:00:00 0.36 1.00 0.69
1909/01/03 03:00:00 0.36 1.00 0.69
1909/01/03 11:00:00 0.36 1.00 0.69
1909/01/03 13:00:00 0.36 1.00 0.69
1909/01/03 15:00:00 0.36 1.00 0.69
1909/01/03 17:00:00 0.36 1.00 0.69
1909/01/03 21:00:00 0.36 1.00 0.69
1909/01/03 23:00:00 0.36 1.00 0.69
1909/01/04 01:00:00 0.35 1.00 0.69
1909/01/04 03:00:00 0.35 1.00 0.69
1909/01/04 05:00:00 0.35 1.00 0.69
1909/01/04 09:00:00 0.35 1.00 0.69
1909/01/04 11:00:00 0.35 1.00 0.69
1909/01/04 13:00:00 0.35 1.00 0.69
1909/01/04 15:00:00 0.35 1.00 0.69
1909/01/04 17:00:00 0.35 1.00 0.69
1909/01/04 19:00:00 0.35 1.00 0.69
1909/01/04 23:00:00 0.35 1.00 0.69
1909/01/05 01:00:00 0.34 1.00 0.69
1909/01/05 03:00:00 0.34 1.00 0.69
1909/01/05 05:00:00 0.34 1.00 0.69
1909/01/05 07:00:00 0.34 1.00 0.69
1909/01/05 11:00:00 0.34 1.00 0.69
1909/01/05 13:00:00 0.34 1.00 0.69
1909/01/05 15:00:00 0.34 1.00 0.69
1909/01/05 17:00:00 0.34 1.00 0.69
1909/01/05 19:00:00 0.34 1.00 0.69
1909/01/05 23:00:00 0.34 1.00 0.69
1909/01/06 01:00:00 0.33 1.00 0.68
1909/01/06 05:00:00 0.33 1.00 0.68
1909/01/06 11:00:00 0.33 1.00 0.68
1909/01/06 13:00:00 0.33 1.00 0.68
1909/01/06 15:00:00 0.33 1.00 0.68
1909/01/06 17:00:00 0.33 1.00 0.68
1909/01/06 19:00:00 0.33 1.00 0.68
1909/01/06 23:00:00 0.33 1.00 0.68
1909/01/07 01:00:00 0.32 1.00 0.68
1909/01/07 03:00:00 0.32 1.00 0.68
1909/01/07 05:00:00 0.32 1.00 0.68
1909/01/07 07:00:00 0.32 1.00 0.68
1909/01/07 09:00:00 0.32 1.00 0.68
1909/01/07 11:00:00 0.32 1.00 0.68
1909/01/07 13:00:00 0.32 1.00 0.68
1909/01/07 15:00:00 0.32 1.00 0.68
1909/01/07 17:00:00 0.32 1.00 0.68
1909/01/07 19:00:00 0.32 1.00 0.68
1909/01/07 21:00:00 0.32 1.00 0.68
1909/01/07 23:00:00 0.32 1.00 0.68
1909/01/08 01:00:00 0.30 1.00 0.67
1909/01/08 03:00:00 0.30 1.00 0.67
1909/01/08 05:00:00 0.30 1.00 0.67
1909/01/08 07:00:00 0.30 1.00 0.67
1909/01/08 09:00:00 0.30 1.00 0.67
1909/01/08 11:00:00 0.30 1.00 0.67
1909/01/08 13:00:00 0.30 1.00 0.67
1909/01/08 15:00:00 0.30 1.00 0.67
1909/01/08 17:00:00 0.30 1.00 0.67
1909/01/08 19:00:00 0.30 1.00 0.67
1909/01/08 23:00:00 0.30 1.00 0.67
1909/01/09 01:00:00 0.29 1.00 0.67
1909/01/09 03:00:00 0.29 1.00 0.67
1909/01/09 05:00:00 0.29 1.00 0.67
1909/01/09 07:00:00 0.29 1.00 0.67
1909/01/09 09:00:00 0.29 1.00 0.67
1909/01/09 11:00:00 0.29 1.00 0.70
1909/01/09 13:00:00 0.29 1.00 0.70
1909/01/09 15:00:00 0.29 1.00 0.70
1909/01/09 17:00:00 0.29 1.00 0.70
1909/01/09 19:00:00 0.29 1.00 0.70
1909/01/09 21:00:00 0.29 1.00 0.70
1909/01/09 23:00:00 0.29 1.00 0.70
1909/01/10 01:00:00 0.28 1.00 0.70
1909/01/10 03:00:00 0.28 1.00 0.70
1909/01/10 05:00:00 0.28 1.00 0.70
1909/01/10 07:00:00 0.28 1.00 0.70
1909/01/10 09:00:00 0.28 1.00 0.70
1909/01/10 11:00:00 0.28 1.00 0.70
1909/01/10 13:00:00 0.39 1.00 0.77
1909/01/10 15:00:00 0.39 1.00 0.77
1909/01/10 17:00:00 0.39 1.00 0.77
1909/01/10 19:00:00 0.39 1.00 0.77
1909/01/10 21:00:00 0.39 1.00 0.77
1909/01/10 22:00:00 0.39 1.00 0.77
1909/01/11 00:00:00 0.38 1.00 0.76
1909/01/11 02:00:00 0.38 1.00 0.76
1909/01/11 04:00:00 0.38 1.00 0.76
1909/01/11 06:00:00 0.38 1.00 0.76
1909/01/11 10:00:00 0.38 1.00 0.76
1909/01/11 12:00:00 0.38 1.00 0.76
1909/01/11 14:00:00 0.38 1.00 0.76
1909/01/11 16:00:00 0.38 1.00 0.76
1909/01/11 18:00:00 0.38 1.00 0.76
1909/01/11 20:00:00 0.38 1.00 0.76
1909/01/11 23:00:00 0.27 0.99 0.69
1909/01/12 01:00:00 0.25 0.99 0.68
1909/01/12 03:00:00 0.25 0.99 0.68
1909/01/12 05:00:00 0.36 1.00 0.75
1909/01/12 07:00:00 0.36 1.00 0.75
1909/01/12 09:00:00 0.36 1.00 0.75
1909/01/12 11:00:00 0.36 1.00 0.75
1909/01/12 13:00:00 0.36 1.00 0.75
1909/01/12 15:00:00 0.36 1.00 0.75
1909/01/12 17:00:00 0.35 1.00 0.74
1909/01/12 19:00:00 0.35 1.00 0.74
1909/01/12 21:00:00 0.35 1.00 0.74
1909/01/12 22:00:00 0.35 1.00 0.74
1909/01/13 00:00:00 0.34 1.00 0.73
1909/01/13 02:00:00 0.34 1.00 0.73
1909/01/13 04:00:00 0.34 1.00 0.73
1909/01/13 06:00:00 0.34 1.00 0.73
1909/01/13 08:00:00 0.34 1.00 0.73
1909/01/13 10:00:00 0.34 1.00 0.73
1909/01/13 12:00:00 0.34 1.00 0.73
1909/01/13 14:00:00 0.34 1.00 0.73
1909/01/13 16:00:00 0.39 1.00 0.82
1909/01/13 18:00:00 0.39 1.00 0.82
1909/01/13 20:00:00 0.39 1.00 0.82
1909/01/13 22:00:00 0.39 1.00 0.82
1909/01/14 00:00:00 0.37 1.00 0.81
1909/01/14 02:00:00 0.37 1.00 0.81
1909/01/14 04:00:00 0.37 1.00 0.81
1909/01/14 06:00:00 0.37 1.00 0.81
1909/01/14 08:00:00 0.37 1.00 0.81
1909/01/14 10:00:00 0.37 1.00 0.81
1909/01/14 12:00:00 0.37 1.00 0.81
1909/01/14 14:00:00 0.37 1.00 0.81
1909/01/14 16:00:00 0.37 1.00 0.81
1909/01/14 18:00:00 0.37 1.00 0.81
1909/01/14 20:00:00 0.37 1.00 0.81
1909/01/14 22:00:00 0.37 1.00 0.81
1909/01/15 00:00:00 0.35 1.00 0.80
1909/01/15 02:00:00 0.35 1.00 0.80
1909/01/15 04:00:00 0.35 1.00 0.80
1909/01/15 06:00:00 0.35 1.00 0.80
1909/01/15 08:00:00 0.35 1.00 0.80
1909/01/15 10:00:00 0.35 1.00 0.80
1909/01/15 12:00:00 0.35 1.00 0.80
1909/01/15 14:00:00 0.35 1.00 0.80
1909/01/15 16:00:00 0.35 1.00 0.80
1909/01/15 18:00:00 0.35 1.00 0.80
1909/01/15 20:00:00 0.35 1.00 0.80
1909/01/15 22:00:00 0.35 1.00 0.80
1909/01/16 00:00:00 0.33 1.00 0.79
1909/01/16 02:00:00 0.33 1.00 0.79
1909/01/16 06:00:00 0.28 1.00 0.69
1909/01/16 08:00:00 0.28 1.00 0.69
1909/01/16 10:00:00 0.28 1.00 0.69
1909/01/16 12:00:00 0.28 1.00 0.69
1909/01/16 14:00:00 0.20 0.98 0.65
1909/01/16 16:00:00 0.20 0.98 0.65
1909/01/16 18:00:00 0.20 0.98 0.65
1909/01/16 20:00:00 0.20 0.98 0.65
1909/01/16 23:00:00 0.20 1.00 0.60
1909/01/17 01:00:00 0.18 0.98 0.59
1909/01/17 03:00:00 0.18 0.98 0.59
1909/01/17 05:00:00 0.18 0.98 0.59
1909/01/17 11:00:00 0.18 0.98 0.59
1909/01/17 13:00:00 0.18 0.98 0.59
1909/01/17 15:00:00 0.18 0.98 0.59
1909/01/17 17:00:00 0.18 0.98 0.59
1909/01/17 19:00:00 0.18 0.98 0.59
1909/01/17 21:00:00 0.18 0.98 0.59
1909/01/17 23:00:00 0.18 0.98 0.59
1909/01/18 01:00:00 0.17 0.97 0.57
1909/01/18 03:00:00 0.17 0.97 0.57
1909/01/18 05:00:00 0.17 0.97 0.57
1909/01/18 07:00:00 0.17 0.97 0.57
1909/01/18 09:00:00 0.17 0.97 0.57
1909/01/18 11:00:00 0.17 0.97 0.57
1909/01/18 13:00:00 0.17 0.97 0.57
1909/01/18 15:00:00 0.17 0.97 0.57
1909/01/18 17:00:00 0.17 0.97 0.57
1909/01/18 23:00:00 0.17 0.97 0.57
1909/01/19 01:00:00 0.15 0.96 0.55
1909/01/19 07:00:00 0.15 0.96 0.55
1909/01/19 09:00:00 0.15 0.96 0.55
1909/01/19 11:00:00 0.15 0.96 0.55
1909/01/19 13:00:00 0.15 0.96 0.55
1909/01/19 15:00:00 0.15 0.96 0.55
1909/01/19 17:00:00 0.15 0.96 0.55
1909/01/19 19:00:00 0.15 0.96 0.55
1909/01/19 23:00:00 0.15 0.96 0.55
1909/01/20 01:00:00 0.14 0.95 0.54
1909/01/20 03:00:00 0.14 0.95 0.54
1909/01/20 05:00:00 0.14 0.95 0.54
1909/01/20 07:00:00 0.14 0.95 0.54
1909/01/20 09:00:00 0.14 0.95 0.54
1909/01/20 11:00:00 0.14 0.95 0.54
1909/01/20 13:00:00 0.14 0.95 0.54
1909/01/20 15:00:00 0.14 0.95 0.54
1909/01/20 17:00:00 0.14 0.95 0.54
1909/01/20 19:00:00 0.14 0.95 0.54
1909/01/20 21:00:00 0.14 0.95 0.54
1909/01/20 23:00:00 0.14 0.95 0.54
1909/01/21 01:00:00 0.12 0.93 0.52
1909/01/21 03:00:00 0.12 0.93 0.52
1909/01/21 05:00:00 0.12 0.93 0.52
1909/01/21 07:00:00 0.12 0.93 0.52
1909/01/21 09:00:00 0.12 0.93 0.52
1909/01/21 11:00:00 0.12 0.93 0.52
1909/01/21 13:00:00 0.12 0.93 0.52
1909/01/21 15:00:00 0.12 0.93 0.52
1909/01/21 17:00:00 0.12 0.93 0.52
1909/01/21 19:00:00 0.12 0.93 0.52
1909/01/21 21:00:00 0.12 0.93 0.52
1909/01/21 23:00:00 0.12 0.93 0.52
1909/01/22 01:00:00 0.10 0.92 0.50
1909/01/22 03:00:00 0.10 0.92 0.50
1909/01/22 05:00:00 0.10 0.92 0.50
1909/01/22 07:00:00 0.10 0.92 0.50
1909/01/22 09:00:00 0.10 0.92 0.50
1909/01/22 11:00:00 0.10 0.92 0.50
1909/01/22 13:00:00 0.10 0.92 0.50
1909/01/22 15:00:00 0.10 0.92 0.50
1909/01/22 17:00:00 0.10 0.92 0.50
1909/01/22 19:00:00 0.10 0.92 0.50
1909/01/22 23:00:00 0.10 0.92 0.50
1909/01/23 01:00:00 0.09 0.90 0.48
1909/01/23 03:00:00 0.09 0.90 0.48
1909/01/23 05:00:00 0.09 0.90 0.48
1909/01/23 07:00:00 0.09 0.90 0.48
1909/01/23 09:00:00 0.09 0.90 0.48
1909/01/23 11:00:00 0.09 0.90 0.48
1909/01/23 13:00:00 0.09 0.90 0.48
1909/01/23 15:00:00 0.09 0.90 0.48
1909/01/23 17:00:00 0.09 0.90 0.48
1909/01/23 19:00:00 0.09 0.90 0.48
1909/01/23 21:00:00 0.09 0.90 0.48
1909/01/23 23:00:00 0.09 0.90 0.48
1909/01/24 01:00:00 0.07 0.90 0.46
1909/01/24 03:00:00 0.07 0.96 0.57
1909/01/24 05:00:00 0.07 0.96 0.57
1909/01/24 07:00:00 0.07 0.96 0.57
1909/01/24 09:00:00 0.07 0.96 0.57
1909/01/24 11:00:00 0.07 0.96 0.57
1909/01/24 13:00:00 0.07 0.96 0.57
1909/01/24 15:00:00 0.07 0.96 0.57
1909/01/24 17:00:00 0.07 0.96 0.57
1909/01/24 19:00:00 0.07 0.96 0.57
1909/01/24 21:00:00 0.07 0.96 0.57
1909/01/24 23:00:00 0.07 0.96 0.57
1909/01/25 03:00:00 0.06 0.95 0.55
1909/01/25 05:00:00 0.06 0.90 0.44
1909/01/25 07:00:00 0.06 0.90 0.44
1909/01/25 09:00:00 0.06 0.90 0.44
1909/01/25 11:00:00 0.06 0.90 0.44
1909/01/25 13:00:00 0.06 0.90 0.44
1909/01/25 15:00:00 0.06 0.90 0.44
1909/01/25 17:00:00 0.06 0.90 0.44
1909/01/25 19:00:00 0.06 0.90 0.44
1909/01/25 21:00:00 0.06 0.90 0.44
1909/01/25 23:00:00 0.06 0.90 0.44
1909/01/26 01:00:00 0.04 0.89 0.42
1909/01/26 03:00:00 0.04 0.89 0.42
1909/01/26 05:00:00 0.04 0.89 0.42
1909/01/26 07:00:00 0.04 0.89 0.42
1909/01/26 09:00:00 0.04 0.89 0.42
1909/01/26 11:00:00 0.04 0.89 0.42
1909/01/26 13:00:00 0.04 0.89 0.42
1909/01/26 15:00:00 0.04 0.89 0.42
1909/01/26 17:00:00 0.04 0.89 0.42
1909/01/26 19:00:00 0.04 0.89 0.42
1909/01/26 23:00:00 0.04 0.89 0.42
1909/01/27 01:00:00 0.03 0.89 0.41
1909/01/27 03:00:00 0.03 0.89 0.41
1909/01/27 05:00:00 0.03 0.89 0.41
1909/01/27 07:00:00 0.03 0.89 0.41
1909/01/27 09:00:00 0.03 0.89 0.41
1909/01/27 11:00:00 0.03 0.89 0.41
1909/01/27 13:00:00 0.03 0.89 0.41
1909/01/27 15:00:00 0.03 0.89 0.41
1909/01/27 17:00:00 0.03 0.89 0.41
1909/01/27 19:00:00 0.03 0.89 0.41
1909/01/27 21:00:00 0.03 0.89 0.41
1909/01/27 23:00:00 0.03 0.89 0.41
1909/01/28 01:00:00 0.02 0.89 0.39
1909/01/28 03:00:00 0.02 0.89 0.39
1909/01/28 05:00:00 0.02 0.89 0.39
1909/01/28 07:00:00 0.02 0.89 0.39
1909/01/28 09:00:00 0.02 0.89 0.39
1909/01/28 11:00:00 0.02 0.89 0.39
1909/01/28 13:00:00 0.02 0.89 0.39
1909/01/28 15:00:00 0.02 0.89 0.39
1909/01/28 17:00:00 0.02 0.89 0.39
1909/01/28 19:00:00 0.02 0.89 0.39
1909/01/28 21:00:00 0.02 0.89 0.39
1909/01/28 23:00:00 0.02 0.89 0.39
1909/01/29 01:00:00 0.00 0.88 0.37
1909/01/29 03:00:00 0.00 0.88 0.37
1909/01/29 05:00:00 0.00 0.88 0.37
1909/01/29 07:00:00 0.00 0.88 0.37
1909/01/29 09:00:00 0.00 0.88 0.37
1909/01/29 11:00:00 0.00 0.88 0.37
1909/01/29 13:00:00 0.00 0.88 0.37
1909/01/29 15:00:00 0.00 0.88 0.37
1909/01/29 17:00:00 0.00 0.88 0.37
1909/01/29 19:00:00 0.00 0.88 0.37
1909/01/29 21:00:00 0.00 0.88 0.37
1909/01/29 23:00:00 0.00 0.88 0.37
1909/01/30 01:00:00 0.00 0.88 0.35
1909/01/30 03:00:00 0.00 0.88 0.35
1909/01/30 05:00:00 0.00 0.88 0.35
1909/01/30 07:00:00 0.00 0.88 0.35
1909/01/30 09:00:00 0.00 0.88 0.35
1909/01/30 11:00:00 0.00 0.88 0.35
1909/01/30 13:00:00 0.00 0.88 0.35
1909/01/30 15:00:00 0.00 0.88 0.35
1909/01/30 17:00:00 0.00 0.88 0.35
1909/01/30 19:00:00 0.00 0.88 0.35
1909/01/30 21:00:00 0.00 0.88 0.35
1909/01/30 23:00:00 0.00 0.88 0.35
1909/01/31 01:00:00 0.00 0.88 0.33
1909/01/31 03:00:00 0.00 0.88 0.33
1909/01/31 05:00:00 0.00 0.88 0.33
1909/01/31 07:00:00 0.00 0.88 0.33
1909/01/31 09:00:00 0.00 0.88 0.33
1909/01/31 11:00:00 0.00 0.88 0.33
1909/01/31 13:00:00 0.00 0.88 0.33
1909/01/31 15:00:00 0.00 0.88 0.33
1909/01/31 17:00:00 0.00 0.88 0.33
1909/01/31 19:00:00 0.00 0.88 0.33
1909/01/31 21:00:00 0.00 0.88 0.33
1909/01/31 23:00:00 0.00 0.88 0.33
1909/02/01 01:00:00 0.00 0.87 0.31
1909/02/01 03:00:00 0.00 0.87 0.31
1909/02/01 05:00:00 0.00 0.87 0.31
1909/02/01 07:00:00 0.00 0.87 0.31
1909/02/01 09:00:00 0.00 0.90 0.47
1909/02/01 11:00:00 0.00 0.90 0.47
1909/02/01 13:00:00 0.00 0.90 0.47
1909/02/01 15:00:00 0.00 0.90 0.47
1909/02/01 17:00:00 0.00 0.90 0.47
1909/02/01 19:00:00 0.00 0.90 0.47
1909/02/01 21:00:00 0.00 0.90 0.47
1909/02/01 23:00:00 0.00 0.90 0.47
1909/02/02 01:00:00 0.00 0.89 0.45
1909/02/02 03:00:00 0.00 0.89 0.45
1909/02/02 05:00:00 0.00 0.89 0.45
1909/02/02 07:00:00 0.00 0.89 0.45
1909/02/02 09:00:00 0.00 0.99 0.40
1909/02/02 11:00:00 0.00 0.99 0.40
1909/02/02 13:00:00 0.00 0.99 0.40
1909/02/02 15:00:00 0.00 0.99 0.40
1909/02/02 17:00:00 0.00 0.99 0.40
1909/02/02 21:00:00 0.00 0.99 0.40
1909/02/02 22:00:00 0.00 0.99 0.40
1909/02/03 00:00:00 0.00 0.69 0.14
1909/02/03 02:00:00 0.00 0.69 0.14
1909/02/03 04:00:00 0.00 0.69 0.14
1909/02/03 06:00:00 0.00 0.69 0.14
1909/02/03 08:00:00 0.00 0.69 0.14
1909/02/03 10:00:00 0.00 0.69 0.14
1909/02/03 12:00:00 0.00 0.69 0.14
1909/02/03 14:00:00 0.00 0.69 0.14
1909/02/03 16:00:00 0.00 0.69 0.14
1909/02/03 18:00:00 0.00 0.69 0.14
1909/02/03 20:00:00 0.00 0.69 0.14
1909/02/03 22:00:00 0.00 0.69 0.14
1909/02/04 00:00:00 0.00 0.69 0.13
1909/02/04 02:00:00 0.00 0.69 0.13
1909/02/04 04:00:00 0.00 0.69 0.13
1909/02/04 06:00:00 0.00 0.69 0.13
1909/02/04 08:00:00 0.00 0.69 0.13
1909/02/04 10:00:00 0.00 0.69 0.13
1909/02/04 12:00:00 0.00 0.69 0.13
1909/02/04 14:00:00 0.00 0.69 0.13
1909/02/04 16:00:00 0.00 0.69 0.13
1909/02/04 18:00:00 0.00 0.69 0.13
1909/02/04 22:00:00 0.00 0.69 0.13
1909/02/05 00:00:00 0.00 0.69 0.12
1909/02/05 12:00:00 0.00 0.69 0.12
1909/02/05 14:00:00 0.00 0.69 0.12
1909/02/05 16:00:00 0.00 0.69 0.12
1909/02/05 18:00:00 0.00 0.69 0.12
1909/02/05 22:00:00 0.00 0.69 0.12
1909/02/06 00:00:00 0.00 0.69 0.12
1909/02/06 02:00:00 0.00 0.69 0.12
1909/02/06 04:00:00 0.00 0.69 0.12
1909/02/06 06:00:00 0.00 0.71 0.31
1909/02/06 10:00:00 0.00 0.71 0.31
1909/02/06 12:00:00 0.00 0.71 0.31
1909/02/06 14:00:00 0.00 0.71 0.31
1909/02/06 16:00:00 0.00 0.71 0.31
1909/02/06 18:00:00 0.00 0.71 0.31
1909/02/06 22:00:00 0.00 0.97 0.29
1909/02/07 00:00:00 0.00 0.96 0.28
1909/02/07 02:00:00 0.00 0.96 0.28
1909/02/07 04:00:00 0.00 0.96 0.28
1909/02/07 06:00:00 0.00 0.96 0.28
1909/02/07 10:00:00 0.00 0.96 0.28
1909/02/07 12:00:00 0.00 0.96 0.28
1909/02/07 14:00:00 0.00 0.96 0.28
1909/02/07 16:00:00 0.00 0.96 0.28
1909/02/07 18:00:00 0.00 0.85 0.41
1909/02/07 22:00:00 0.00 0.85 0.41
1909/02/08 00:00:00 0.00 0.85 0.23
1909/02/08 02:00:00 0.00 0.85 0.23
1909/02/08 04:00:00 0.00 0.85 0.23
1909/02/08 06:00:00 0.00 0.85 0.23
1909/02/08 08:00:00 0.00 0.85 0.40
1909/02/08 10:00:00 0.00 0.85 0.40
1909/02/08 12:00:00 0.00 0.96 0.28
1909/02/08 14:00:00 0.00 0.96 0.28
1909/02/08 16:00:00 0.00 0.96 0.28
1909/02/08 18:00:00 0.00 0.69 0.11
1909/02/08 20:00:00 0.00 0.69 0.11
1909/02/08 22:00:00 0.00 0.69 0.11
1909/02/09 00:00:00 0.00 0.69 0.11
1909/02/09 02:00:00 0.00 0.69 0.11
1909/02/09 04:00:00 0.00 0.69 0.11
1909/02/09 06:00:00 0.00 0.69 0.11
1909/02/09 08:00:00 0.00 0.69 0.11
1909/02/09 10:00:00 0.00 0.71 0.30
1909/02/09 12:00:00 0.00 0.71 0.30
1909/02/09 14:00:00 0.00 0.71 0.30
1909/02/09 16:00:00 0.00 0.71 0.30
1909/02/09 18:00:00 0.00 0.71 0.30
1909/02/09 20:00:00 0.00 0.71 0.30
1909/02/09 23:00:00 0.00 0.96 0.27
1909/02/10 01:00:00 0.00 0.95 0.26
1909/02/10 03:00:00 0.00 0.95 0.26
1909/02/10 05:00:00 0.00 0.95 0.26
1909/02/10 07:00:00 0.00 0.89 0.20
1909/02/10 09:00:00 0.00 0.89 0.20
1909/02/10 11:00:00 0.00 0.89 0.20
1909/02/10 13:00:00 0.00 0.89 0.20
1909/02/10 15:00:00 0.00 0.89 0.20
1909/02/10 17:00:00 0.00 0.89 0.20
1909/02/10 19:00:00 0.00 0.89 0.20
1909/02/10 21:00:00 0.00 0.89 0.20
1909/02/10 23:00:00 0.00 0.89 0.20
1909/02/11 01:00:00 0.00 0.89 0.20
1909/02/11 03:00:00 0.00 0.89 0.20
1909/02/11 05:00:00 0.00 0.89 0.20
1909/02/11 07:00:00 0.00 0.89 0.20
1909/02/11 09:00:00 0.00 0.89 0.20
1909/02/11 11:00:00 0.00 0.89 0.20
1909/02/11 13:00:00 0.00 0.89 0.20
1909/02/11 15:00:00 0.00 0.89 0.20
1909/02/11 17:00:00 0.00 0.84 0.22
1909/02/11 19:00:00 0.00 0.84 0.22
1909/02/11 21:00:00 0.00 0.84 0.22
1909/02/11 23:00:00 0.00 0.84 0.22
1909/02/12 01:00:00 0.00 0.84 0.22
1909/02/12 03:00:00 0.00 0.84 0.22
1909/02/12 05:00:00 0.00 0.84 0.22
1909/02/12 07:00:00 0.00 0.84 0.22
1909/02/12 09:00:00 0.00 0.84 0.22
1909/02/12 11:00:00 0.00 0.84 0.22
1909/02/12 13:00:00 0.00 0.84 0.22
1909/02/12 15:00:00 0.00 0.84 0.22
1909/02/12 17:00:00 0.00 0.84 0.22
1909/02/12 19:00:00 0.00 0.84 0.22
1909/02/12 21:00:00 0.00 0.84 0.22
1909/02/12 23:00:00 0.00 0.84 0.22
1909/02/13 01:00:00 0.00 0.84 0.21
1909/02/13 03:00:00 0.00 0.84 0.21
1909/02/13 05:00:00 0.00 0.84 0.21
1909/02/13 07:00:00 0.00 0.84 0.21
1909/02/13 09:00:00 0.00 0.84 0.21
1909/02/13 11:00:00 0.00 0.84 0.21
1909/02/13 13:00:00 0.00 0.84 0.21
1909/02/13 15:00:00 0.00 0.84 0.21
1909/02/13 17:00:00 0.00 0.84 0.21
1909/02/13 19:00:00 0.00 0.84 0.21
1909/02/13 21:00:00 0.00 0.84 0.21
1909/02/13 23:00:00 0.00 0.84 0.21
1909/02/14 01:00:00 0.00 0.83 0.21
1909/02/14 03:00:00 0.00 0.83 0.21
1909/02/14 05:00:00 0.00 0.83 0.21
1909/02/14 07:00:00 0.00 0.83 0.21
1909/02/14 09:00:00 0.00 0.83 0.21
1909/02/14 11:00:00 0.00 0.83 0.21
1909/02/14 13:00:00 0.00 0.83 0.21
1909/02/14 15:00:00 0.00 0.83 0.21
1909/02/14 17:00:00 0.00 0.83 0.21
1909/02/14 19:00:00 0.00 0.83 0.21
1909/02/14 21:00:00 0.00 0.83 0.21
1909/02/14 23:00:00 0.00 0.83 0.21
1909/02/15 01:00:00 0.00 0.83 0.21
1909/02/15 03:00:00 0.00 0.83 0.21
1909/02/15 05:00:00 0.00 0.83 0.21
1909/02/15 07:00:00 0.00 0.83 0.21
1909/02/15 09:00:00 0.00 0.83 0.21
1909/02/15 11:00:00 0.00 0.83 0.21
1909/02/15 13:00:00 0.00 0.83 0.21
1909/02/15 15:00:00 0.00 0.83 0.21
1909/02/15 17:00:00 0.00 0.83 0.21
1909/02/15 19:00:00 0.00 0.83 0.21
1909/02/15 21:00:00 0.00 0.83 0.21
1909/02/15 23:00:00 0.00 0.83 0.21
1909/02/16 01:00:00 0.00 0.83 0.21
1909/02/16 03:00:00 0.00 0.83 0.21
1909/02/16 05:00:00 0.00 0.83 0.21
1909/02/16 07:00:00 0.00 0.83 0.21
1909/02/16 09:00:00 0.00 0.83 0.21
1909/02/16 11:00:00 0.00 0.83 0.21
1909/02/16 13:00:00 0.00 0.83 0.21
1909/02/16 15:00:00 0.00 0.83 0.21
1909/02/16 17:00:00 0.00 0.83 0.21
1909/02/16 19:00:00 0.00 0.83 0.21
1909/02/16 23:00:00 0.00 0.83 0.21
1909/02/17 01:00:00 0.00 0.83 0.21
1909/02/17 03:00:00 0.00 0.83 0.21
1909/02/17 05:00:00 0.00 0.83 0.21
1909/02/17 07:00:00 0.00 0.83 0.21
1909/02/17 09:00:00 0.00 0.83 0.21
1909/02/17 11:00:00 0.00 0.83 0.21
1909/02/17 13:00:00 0.00 0.83 0.21
1909/02/17 15:00:00 0.00 0.83 0.21
1909/02/17 17:00:00 0.00 0.83 0.21
1909/02/17 19:00:00 0.00 0.83 0.21
1909/02/17 21:00:00 0.00 0.83 0.21
1909/02/17 23:00:00 0.00 0.83 0.21
1909/02/18 01:00:00 0.00 0.83 0.22
1909/02/18 03:00:00 0.00 0.83 0.22
1909/02/18 05:00:00 0.00 0.83 0.22
1909/02/18 07:00:00 0.00 0.83 0.22
1909/02/18 09:00:00 0.00 0.83 0.22
1909/02/18 11:00:00 0.00 0.83 0.22
1909/02/18 13:00:00 0.00 0.83 0.22
1909/02/18 15:00:00 0.00 0.83 0.22
1909/02/18 17:00:00 0.00 0.83 0.22
1909/02/18 19:00:00 0.00 0.83 0.22
1909/02/18 21:00:00 0.00 0.83 0.22
1909/02/18 23:00:00 0.00 0.83 0.22
1909/02/19 01:00:00 0.00 0.83 0.22
1909/02/19 03:00:00 0.00 0.83 0.22
1909/02/19 05:00:00 0.00 0.83 0.22
1909/02/19 07:00:00 0.00 0.83 0.22
1909/02/19 09:00:00 0.00 0.83 0.22
1909/02/19 11:00:00 0.00 0.83 0.22
1909/02/19 13:00:00 0.00 0.83 0.22
1909/02/19 15:00:00 0.00 0.83 0.22
1909/02/19 17:00:00 0.00 0.83 0.22
1909/02/19 19:00:00 0.00 0.83 0.22
1909/02/19 21:00:00 0.00 0.83 0.22
1909/02/19 23:00:00 0.00 0.83 0.22
1909/02/20 01:00:00 0.00 0.83 0.22
1909/02/20 03:00:00 0.00 0.83 0.22
1909/02/20 05:00:00 0.00 0.83 0.22
1909/02/20 07:00:00 0.00 0.83 0.22
1909/02/20 09:00:00 0.00 0.83 0.22
1909/02/20 11:00:00 0.00 0.83 0.22
1909/02/20 13:00:00 0.00 0.83 0.22
1909/02/20 15:00:00 0.00 0.83 0.22
1909/02/20 17:00:00 0.00 0.83 0.22
1909/02/20 19:00:00 0.00 0.83 0.22
1909/02/20 21:00:00 0.00 0.83 0.22
1909/02/20 23:00:00 0.00 0.83 0.22
1909/02/21 01:00:00 0.00 0.83 0.23
1909/02/21 03:00:00 0.00 0.83 0.23
1909/02/21 05:00:00 0.00 0.83 0.23
1909/02/21 07:00:00 0.00 0.83 0.23
1909/02/21 09:00:00 0.00 0.83 0.23
1909/02/21 11:00:00 0.00 0.83 0.23
1909/02/21 13:00:00 0.00 0.83 0.23
1909/02/21 15:00:00 0.00 0.83 0.23
1909/02/21 17:00:00 0.00 0.83 0.23
1909/02/21 19:00:00 0.00 0.83 0.23
1909/02/21 21:00:00 0.00 0.83 0.23
1909/02/21 23:00:00 0.00 0.83 0.23
1909/02/22 01:00:00 0.00 0.83 0.25
1909/02/22 03:00:00 0.00 0.83 0.25
1909/02/22 05:00:00 0.00 0.83 0.25
1909/02/22 07:00:00 0.00 0.83 0.25
1909/02/22 09:00:00 0.00 0.83 0.25
1909/02/22 11:00:00 0.00 0.83 0.25
1909/02/22 13:00:00 0.00 0.83 0.25
1909/02/22 15:00:00 0.00 0.83 0.25
1909/02/22 17:00:00 0.00 0.83 0.25
1909/02/22 19:00:00 0.00 0.83 0.25
1909/02/22 21:00:00 0.00 0.83 0.25
1909/02/22 23:00:00 0.00 0.83 0.25
1909/02/23 01:00:00 0.00 0.83 0.26
1909/02/23 03:00:00 0.00 0.83 0.26
1909/02/23 05:00:00 0.00 0.83 0.26
1909/02/23 07:00:00 0.00 0.83 0.26
1909/02/23 09:00:00 0.00 0.83 0.26
1909/02/23 11:00:00 0.00 0.83 0.26
1909/02/23 13:00:00 0.00 0.83 0.26
1909/02/23 15:00:00 0.00 0.83 0.26
1909/02/23 17:00:00 0.00 0.83 0.26
1909/02/23 19:00:00 0.00 0.83 0.26
1909/02/23 21:00:00 0.00 0.83 0.26
1909/02/23 23:00:00 0.00 0.83 0.26
1909/02/24 01:00:00 0.00 0.83 0.28
1909/02/24 03:00:00 0.00 0.83 0.28
1909/02/24 05:00:00 0.00 0.83 0.28
1909/02/24 07:00:00 0.00 0.83 0.28
1909/02/24 09:00:00 0.00 0.83 0.28
1909/02/24 11:00:00 0.00 0.83 0.28
1909/02/24 13:00:00 0.00 0.83 0.28
1909/02/24 15:00:00 0.00 0.83 0.28
1909/02/24 17:00:00 0.00 0.83 0.28
1909/02/24 19:00:00 0.00 0.83 0.28
1909/02/24 23:00:00 0.00 0.83 0.28
1909/02/25 01:00:00 0.02 0.83 0.29
1909/02/25 03:00:00 0.02 0.83 0.29
1909/02/25 05:00:00 0.02 0.83 0.29
1909/02/25 07:00:00 0.02 0.83 0.29
1909/02/25 09:00:00 0.02 0.83 0.29
1909/02/25 11:00:00 0.02 0.83 0.29
1909/02/25 13:00:00 0.02 0.83 0.29
1909/02/25 15:00:00 0.02 0.83 0.29
1909/02/25 17:00:00 0.02 0.83 0.29
1909/02/25 19:00:00 0.02 0.83 0.29
1909/02/25 21:00:00 0.02 0.83 0.29
1909/02/25 23:00:00 0.02 0.83 0.29
1909/02/26 01:00:00 0.03 0.83 0.31
1909/02/26 03:00:00 0.03 0.83 0.31
1909/02/26 05:00:00 0.03 0.83 0.31
1909/02/26 07:00:00 0.03 0.83 0.31
1909/02/26 09:00:00 0.03 0.83 0.31
1909/02/26 11:00:00 0.03 0.83 0.31
1909/02/26 13:00:00 0.03 0.83 0.31
1909/02/26 15:00:00 0.03 0.83 0.31
1909/02/26 17:00:00 0.03 0.83 0.31
1909/02/26 19:00:00 0.03 0.83 0.31
1909/02/26 21:00:00 0.03 0.83 0.31
1909/02/26 23:00:00 0.03 0.83 0.31
1909/02/27 01:00:00 0.05 0.83 0.33
1909/02/27 03:00:00 0.05 0.83 0.33
1909/02/27 05:00:00 0.05 0.83 0.33
1909/02/27 07:00:00 0.05 0.83 0.33
1909/02/27 09:00:00 0.05 0.83 0.33
1909/02/27 11:00:00 0.05 0.83 0.33
1909/02/27 13:00:00 0.05 0.83 0.33
1909/02/27 15:00:00 0.05 0.83 0.33
1909/02/27 17:00:00 0.05 0.83 0.33
1909/02/27 19:00:00 0.05 0.83 0.33
1909/02/27 21:00:00 0.05 0.83 0.33
1909/02/27 23:00:00 0.05 0.83 0.33
1909/02/28 01:00:00 0.07 0.83 0.35
1909/02/28 03:00:00 0.07 0.83 0.35
1909/02/28 05:00:00 0.07 0.83 0.35
1909/02/28 07:00:00 0.07 0.83 0.35
1909/02/28 09:00:00 0.07 0.83 0.35
1909/02/28 11:00:00 0.07 0.83 0.35
1909/02/28 13:00:00 0.07 0.83 0.35
1909/02/28 15:00:00 0.07 0.83 0.35
1909/02/28 17:00:00 0.07 0.83 0.35
1909/02/28 19:00:00 0.07 0.83 0.35
1909/02/28 21:00:00 0.07 0.83 0.35
1909/02/28 23:00:00 0.07 0.83 0.35
1909/03/01 01:00:00 0.08 0.83 0.38
1909/03/01 03:00:00 0.08 0.83 0.38
1909/03/01 05:00:00 0.08 0.83 0.38
1909/03/01 07:00:00 0.08 0.83 0.38
1909/03/01 11:00:00 0.08 0.83 0.38
1909/03/01 13:00:00 0.08 0.83 0.38
1909/03/01 15:00:00 0.08 0.83 0.38
1909/03/01 17:00:00 0.08 0.83 0.38
1909/03/01 19:00:00 0.08 0.83 0.38
1909/03/01 23:00:00 0.08 0.83 0.38
1909/03/02 15:00:00 0.10 0.84 0.40
1909/03/02 19:00:00 0.10 0.84 0.40
1909/03/02 23:00:00 0.10 0.84 0.40
1909/03/03 03:00:00 0.12 0.84 0.42
1909/03/03 07:00:00 0.12 0.84 0.42
1909/03/03 11:00:00 0.12 0.84 0.42
1909/03/03 15:00:00 0.12 0.84 0.42
1909/03/03 19:00:00 0.12 0.84 0.42
1909/03/03 23:00:00 0.12 0.84 0.42
1909/03/04 03:00:00 0.15 0.84 0.44
1909/03/04 07:00:00 0.15 0.84 0.44
1909/03/04 11:00:00 0.15 0.84 0.44
1909/03/04 15:00:00 0.15 0.84 0.44
1909/03/04 19:00:00 0.15 0.84 0.44
1909/03/04 23:00:00 0.15 0.84 0.44
1909/03/05 03:00:00 0.17 0.85 0.47
1909/03/05 07:00:00 0.23 0.85 0.52
1909/03/05 11:00:00 0.30 0.89 0.53
1909/03/05 15:00:00 0.30 0.89 0.53
1909/03/05 19:00:00 0.30 0.89 0.53
1909/03/05 23:00:00 0.14 0.77 0.50
1909/03/06 03:00:00 0.20 0.77 0.52
1909/03/06 07:00:00 0.20 0.77 0.52
1909/03/06 11:00:00 0.40 1.00 0.64
1909/03/06 15:00:00 0.28 0.95 0.61
1909/03/06 19:00:00 0.22 0.92 0.58
1909/03/06 23:00:00 0.18 0.88 0.55
1909/03/07 03:00:00 0.20 0.90 0.57
1909/03/07 07:00:00 0.18 0.95 0.56
1909/03/07 11:00:00 0.18 0.95 0.56
1909/03/07 15:00:00 0.08 0.85 0.38
1909/03/07 19:00:00 0.08 0.85 0.38
1909/03/07 23:00:00 0.08 0.85 0.38
1909/03/08 03:00:00 0.00 0.90 0.13
1909/03/08 07:00:00 0.00 0.97 0.19
1909/03/08 11:00:00 0.00 0.97 0.19
1909/03/08 15:00:00 0.00 0.99 0.21
1909/03/08 19:00:00 0.00 0.89 0.12
1909/03/08 23:00:00 0.00 0.89 0.12
1909/03/09 03:00:00 0.00 0.89 0.13
1909/03/09 07:00:00 0.00 0.89 0.13
1909/03/09 11:00:00 0.00 0.85 0.09
1909/03/09 15:00:00 0.00 0.80 0.07
1909/03/09 19:00:00 0.00 0.80 0.07
1909/03/09 23:00:00 0.00 0.55 0.05
1909/03/10 03:00:00 0.00 0.45 0.04
1909/03/10 07:00:00 0.00 0.45 0.04
1909/03/10 11:00:00 0.00 0.06 0.02
1909/03/10 15:00:00 0.00 0.06 0.02
1909/03/10 19:00:00 0.00 0.06 0.02
1909/03/10 23:00:00 0.00 0.06 0.02
1909/03/11 03:00:00 0.00 0.06 0.01
1909/03/11 07:00:00 0.00 0.06 0.01
1909/03/11 11:00:00 0.00 0.06 0.01
1909/03/11 15:00:00 0.00 0.06 0.01
1909/03/11 19:00:00 0.00 0.06 0.01
1909/03/11 23:00:00 0.00 0.06 0.01
1909/03/12 03:00:00   NA   NA  NA
1909/03/12 07:00:00   NA   NA  NA
1909/03/12 11:00:00 0.33 0.90 0.63
1909/03/12 15:00:00   NA   NA  NA
1909/03/12 19:00:00   NA   NA  NA
1909/03/12 23:00:00 0.00 0.00 0.00
1909/03/13 03:00:00 0.00 0.00 0.00
1909/03/13 07:00:00 0.00 0.00 0.00
1909/03/13 11:00:00 0.00 0.00 0.00
1909/03/13 15:00:00 0.00 0.00 0.00
1909/03/13 19:00:00 0.00 0.00 0.00
1909/03/13 23:00:00 0.00 0.00 0.00
1909/03/14 03:00:00 0.00 0.00 0.00
1909/03/14 15:00:00 0.00 0.00 0.00
1909/03/14 19:00:00 0.00 0.00 0.00
1909/03/14 23:00:00 0.00 0.00 0.00
1909/03/15 03:00:00 0.00 0.00 0.00
1909/03/15 07:00:00 0.00 0.00 0.00
1909/03/15 11:00:00 0.00 0.00 0.00
1909/03/15 15:00:00 0.00 0.00 0.00
1909/03/15 19:00:00 0.00 0.00 0.00
1909/03/15 23:00:00 0.00 0.00 0.00
1909/03/16 03:00:00 0.00 0.00 0.00
1909/03/16 07:00:00 0.00 0.00 0.00
1909/03/16 11:00:00 0.00 0.00 0.00
1909/03/16 15:00:00 0.00 0.00 0.00
1909/03/16 19:00:00 0.00 0.00 0.00
1909/03/16 23:00:00 0.00 0.00 0.00
1909/03/17 03:00:00 0.00 0.00 0.00
1909/03/17 07:00:00 0.00 0.00 0.00
1909/03/17 11:00:00 0.00 0.00 0.00
1909/03/17 15:00:00 0.00 0.00 0.00
1909/03/17 19:00:00 0.00 0.00 0.00
1909/03/17 23:00:00 0.00 0.00 0.00
1909/03/18 03:00:00 0.00 0.00 0.00
1909/03/18 07:00:00 0.00 0.00 0.00
1909/03/18 11:00:00 0.00 0.00 0.00
1909/03/18 15:00:00 0.00 0.00 0.00
1909/03/18 19:00:00 0.00 0.00 0.00
1909/03/18 23:00:00 0.00 0.00 0.00
1909/03/19 03:00:00 0.00 0.00 0.00
1909/03/19 07:00:00 0.00 0.00 0.00
1909/03/19 11:00:00 0.00 0.00 0.00
1909/03/19 15:00:00 0.00 0.00 0.00
1909/03/19 19:00:00 0.00 0.00 0.00
1909/03/19 23:00:00 0.00 0.00 0.00
1909/03/20 03:00:00 0.00 0.00 0.00
1909/03/20 07:00:00 0.00 0.00 0.00
1909/03/20 11:00:00 0.00 0.00 0.00
1909/03/20 15:00:00 0.00 0.00 0.00
1909/03/20 19:00:00 0.00 0.00 0.00
1909/03/20 23:00:00 0.00 0.00 0.00
1909/03/21 03:00:00 0.00 0.00 0.00
1909/03/21 07:00:00 0.00 0.00 0.00
1909/03/21 11:00:00 0.00 0.00 0.00
1909/03/21 15:00:00 0.00 0.00 0.00
1909/03/21 19:00:00 0.00 0.00 0.00
1909/03/21 23:00:00 0.00 0.00 0.00
1909/03/22 03:00:00 0.00 0.00 0.00
1909/03/22 07:00:00 0.00 0.00 0.00
1909/03/22 11:00:00 0.00 0.00 0.00
1909/03/22 15:00:00 0.00 0.00 0.00
1909/03/23 03:00:00 0.00 0.00 0.00
1909/03/23 07:00:00 0.00 0.00 0.00
1909/03/23 11:00:00 0.00 0.00 0.00
1909/03/23 15:00:00 0.00 0.00 0.00
1909/03/23 23:00:00 0.00 0.00 0.00
1909/03/24 11:00:00 0.00 0.00 0.00
1909/03/24 15:00:00 0.00 0.00 0.00
1909/03/24 23:00:00 0.00 0.00 0.00
1909/03/25 03:00:00   NA   NA  NA
1909/03/25 11:00:00   NA   NA  NA
1909/03/25 15:00:00   NA   NA  NA
