1930/11/22 02:00:00   NA   NA  NA
1930/11/22 06:00:00   NA   NA  NA
1930/11/22 10:00:00   NA   NA  NA
1930/11/22 14:00:00   NA   NA  NA
1930/11/22 18:00:00   NA   NA  NA
1930/11/23 02:00:00 0.00 0.00 0.00
1930/11/23 06:00:00 0.00 0.00 0.00
1930/11/23 10:00:00 0.00 0.00 0.00
1930/11/23 14:00:00 0.00 0.00 0.00
1930/11/23 18:00:00 0.00 0.00 0.00
1930/11/23 22:00:00 0.00 0.00 0.00
1930/11/24 02:00:00 0.00 0.00 0.00
1930/11/24 06:00:00 0.00 0.00 0.00
1930/11/24 10:00:00 0.00 0.00 0.00
1930/11/24 14:00:00 0.00 0.00 0.00
1930/11/24 18:00:00 0.00 0.00 0.00
1930/11/24 22:00:00 0.00 0.00 0.00
1930/11/25 02:00:00 0.00 0.00 0.00
1930/11/25 06:00:00 0.00 0.00 0.00
1930/11/25 10:00:00 0.00 0.00 0.00
1930/11/25 14:00:00 0.00 0.00 0.00
1930/11/25 18:00:00 0.00 0.00 0.00
1930/11/25 22:00:00 0.00 0.00 0.00
1930/11/26 02:00:00 0.00 0.00 0.00
1930/11/26 06:00:00 0.00 0.00 0.00
1930/11/26 10:00:00 0.00 0.00 0.00
1930/11/26 14:00:00 0.00 0.00 0.00
1930/11/26 18:00:00 0.00 0.00 0.00
1930/11/26 22:00:00 0.00 0.00 0.00
1930/11/27 02:00:00 0.00 0.00 0.00
1930/11/27 06:00:00 0.00 0.00 0.00
1930/11/27 10:00:00 0.00 0.00 0.00
1930/11/27 14:00:00 0.00 0.00 0.00
1930/11/27 18:00:00 0.00 0.00 0.00
1930/11/27 22:00:00 0.00 0.00 0.00
1930/11/28 01:00:00 0.00 0.00 0.00
1930/11/28 05:00:00 0.00 0.00 0.00
1930/11/28 09:00:00 0.00 0.00 0.00
1930/11/28 13:00:00 0.00 0.00 0.00
1930/11/28 17:00:00 0.00 0.00 0.00
1930/11/28 21:00:00 0.00 0.00 0.00
1930/11/29 01:00:00 0.00 0.00 0.00
1930/11/29 05:00:00 0.00 0.00 0.00
1930/11/29 09:00:00 0.00 0.00 0.00
1930/11/29 13:00:00 0.00 0.00 0.00
1930/11/29 17:00:00 0.00 0.00 0.00
1930/11/29 21:00:00 0.00 0.00 0.00
1930/11/30 01:00:00 0.00 0.00 0.00
1930/11/30 05:00:00 0.00 0.00 0.00
1930/11/30 09:00:00 0.00 0.00 0.00
1930/11/30 13:00:00 0.00 0.00 0.00
1930/11/30 17:00:00 0.00 0.00 0.00
1930/11/30 21:00:00 0.00 0.00 0.00
1930/12/01 01:00:00 0.00 0.00 0.00
1930/12/01 05:00:00 0.00 0.00 0.00
1930/12/01 09:00:00 0.00 0.00 0.00
1930/12/01 13:00:00 0.00 0.00 0.00
1930/12/01 17:00:00 0.00 0.00 0.00
1930/12/01 21:00:00 0.00 0.00 0.00
1930/12/02 01:00:00 0.00 0.00 0.00
1930/12/02 05:00:00 0.00 0.00 0.00
1930/12/02 09:00:00 0.00 0.00 0.00
1930/12/02 13:00:00 0.00 0.00 0.00
1930/12/02 17:00:00 0.00 0.00 0.00
1930/12/02 21:00:00 0.00 0.00 0.00
1930/12/03 01:00:00 0.00 0.00 0.00
1930/12/03 05:00:00 0.00 0.00 0.00
1930/12/03 09:00:00 0.00 0.00 0.00
1930/12/03 13:00:00 0.00 0.00 0.00
1930/12/03 17:00:00 0.00 0.00 0.00
1930/12/03 21:00:00 0.00 0.00 0.00
1930/12/04 01:00:00 0.00 0.00 0.00
1930/12/04 05:00:00 0.00 0.00 0.00
1930/12/04 09:00:00 0.00 0.00 0.00
1930/12/04 13:00:00 0.00 0.00 0.00
1930/12/04 17:00:00 0.00 0.00 0.00
1930/12/04 21:00:00 0.00 0.00 0.00
1930/12/05 01:00:00 0.00 0.00 0.00
1930/12/05 05:00:00 0.00 0.00 0.00
1930/12/05 09:00:00 0.00 0.00 0.00
1930/12/05 13:00:00 0.00 0.00 0.00
1930/12/05 17:00:00 0.00 0.00 0.00
1930/12/05 21:00:00 0.00 0.00 0.00
1930/12/06 01:00:00 0.00 0.00 0.00
1930/12/06 05:00:00 0.00 0.00 0.00
1930/12/06 09:00:00 0.00 0.00 0.00
1930/12/06 13:00:00 0.00 0.00 0.00
1930/12/06 17:00:00 0.00 0.00 0.00
1930/12/06 21:00:00 0.00 0.00 0.00
1930/12/07 01:00:00 0.00 0.00 0.00
1930/12/07 05:00:00 0.00 0.00 0.00
1930/12/07 09:00:00 0.00 0.00 0.00
1930/12/07 13:00:00 0.00 0.00 0.00
1930/12/07 17:00:00 0.00 0.00 0.00
1930/12/07 21:00:00 0.00 0.00 0.00
1930/12/08 01:00:00 0.00 0.00 0.00
1930/12/08 05:00:00 0.00 0.00 0.00
1930/12/08 09:00:00 0.00 0.00 0.00
1930/12/08 13:00:00 0.00 0.01 0.00
1930/12/08 17:00:00 0.00 0.01 0.00
1930/12/08 21:00:00 0.00 0.00 0.00
1930/12/09 01:00:00 0.00 0.00 0.00
1930/12/09 05:00:00 0.00 0.20 0.01
1930/12/09 09:00:00 0.00 0.20 0.01
1930/12/09 13:00:00 0.00 0.20 0.01
1930/12/09 17:00:00 0.00 0.02 0.00
1930/12/09 21:00:00 0.00 0.49 0.04
1930/12/10 00:00:00 0.00 0.48 0.03
1930/12/10 04:00:00 0.00 0.47 0.03
1930/12/10 08:00:00 0.00 0.47 0.03
1930/12/10 12:00:00 0.00 0.38 0.03
1930/12/10 16:00:00 0.00 0.38 0.03
1930/12/10 20:00:00 0.00 0.61 0.13
1930/12/11 00:00:00 0.00 0.61 0.12
1930/12/11 04:00:00 0.00 0.63 0.10
1930/12/11 08:00:00 0.00 0.57 0.07
1930/12/11 12:00:00 0.00 0.57 0.07
1930/12/11 16:00:00 0.00 0.52 0.05
1930/12/11 20:00:00 0.00 0.52 0.05
1930/12/12 00:00:00 0.00 0.48 0.04
1930/12/12 04:00:00 0.00 0.48 0.04
1930/12/12 08:00:00 0.00 0.43 0.02
1930/12/12 12:00:00 0.00 0.43 0.02
1930/12/12 16:00:00 0.00 0.80 0.14
1930/12/12 20:00:00 0.00 0.80 0.14
1930/12/13 00:00:00 0.00 0.78 0.10
1930/12/13 04:00:00 0.00 0.78 0.10
1930/12/13 08:00:00 0.00 0.71 0.09
1930/12/13 12:00:00 0.00 0.55 0.06
1930/12/13 16:00:00 0.00 0.55 0.06
1930/12/13 20:00:00 0.00 0.45 0.05
1930/12/14 00:00:00 0.00 0.33 0.02
1930/12/14 04:00:00 0.00 0.33 0.02
1930/12/14 08:00:00 0.00 0.33 0.02
1930/12/14 12:00:00 0.00 0.72 0.19
1930/12/14 16:00:00 0.00 0.72 0.19
1930/12/14 20:00:00 0.00 0.66 0.17
1930/12/15 00:00:00 0.00 0.64 0.16
1930/12/15 04:00:00 0.00 0.64 0.16
1930/12/15 08:00:00 0.00 0.64 0.16
1930/12/15 12:00:00 0.00 0.64 0.16
1930/12/15 16:00:00 0.00 0.64 0.16
1930/12/15 20:00:00 0.00 0.64 0.16
1930/12/16 00:00:00 0.00 0.63 0.16
1930/12/16 04:00:00 0.00 0.63 0.16
1930/12/16 08:00:00 0.00 0.70 0.18
1930/12/16 12:00:00 0.00 0.70 0.18
1930/12/16 16:00:00 0.00 0.70 0.18
1930/12/16 20:00:00 0.00 0.29 0.02
1930/12/17 00:00:00 0.00 0.37 0.04
1930/12/17 04:00:00 0.00 0.37 0.04
1930/12/17 08:00:00 0.00 0.55 0.06
1930/12/17 12:00:00 0.00 0.55 0.06
1930/12/17 16:00:00 0.00 0.70 0.08
1930/12/17 20:00:00 0.00 0.70 0.08
1930/12/18 00:00:00 0.00 0.76 0.08
1930/12/18 04:00:00 0.00 0.76 0.08
1930/12/18 08:00:00 0.00 0.78 0.11
1930/12/18 12:00:00 0.00 0.88 0.13
1930/12/18 16:00:00 0.00 0.88 0.13
1930/12/18 20:00:00 0.00 1.00 0.17
1930/12/19 00:00:00 0.00 1.00 0.16
1930/12/19 04:00:00 0.00 1.00 0.16
1930/12/19 08:00:00 0.00 1.00 0.18
1930/12/19 12:00:00 0.00 0.48 0.03
1930/12/19 16:00:00 0.00 0.52 0.05
1930/12/19 20:00:00 0.00 0.52 0.05
1930/12/20 00:00:00 0.00 0.51 0.05
1930/12/20 04:00:00 0.00 0.58 0.07
1930/12/20 08:00:00 0.00 0.54 0.08
1930/12/20 12:00:00 0.00 0.54 0.08
1930/12/20 16:00:00 0.00 0.45 0.08
1930/12/20 20:00:00 0.00 0.45 0.08
1930/12/21 01:00:00 0.00 0.44 0.10
1930/12/21 05:00:00 0.00 0.49 0.12
1930/12/21 09:00:00 0.00 0.55 0.13
1930/12/21 13:00:00 0.00 0.50 0.12
1930/12/21 17:00:00 0.00 0.50 0.12
1930/12/21 21:00:00 0.00 0.58 0.11
1930/12/22 01:00:00 0.00 0.60 0.09
1930/12/22 05:00:00 0.00 0.60 0.09
1930/12/22 09:00:00 0.00 0.74 0.10
1930/12/22 13:00:00 0.00 0.97 0.27
1930/12/22 17:00:00 0.00 0.97 0.24
1930/12/22 21:00:00 0.00 0.86 0.23
1930/12/23 01:00:00 0.00 0.73 0.21
1930/12/23 05:00:00 0.00 0.73 0.21
1930/12/23 09:00:00 0.00 0.73 0.21
1930/12/23 13:00:00 0.00 0.69 0.18
1930/12/23 17:00:00 0.00 0.69 0.18
1930/12/23 21:00:00 0.00 0.69 0.18
1930/12/24 01:00:00 0.00 0.67 0.18
1930/12/24 05:00:00 0.00 0.56 0.15
1930/12/24 09:00:00 0.00 0.56 0.15
1930/12/24 13:00:00 0.00 0.49 0.10
1930/12/24 17:00:00 0.00 0.49 0.10
1930/12/24 21:00:00 0.00 0.41 0.09
1930/12/25 01:00:00 0.00 0.39 0.09
1930/12/25 05:00:00 0.00 0.24 0.04
1930/12/25 09:00:00 0.00 0.24 0.04
1930/12/25 13:00:00 0.00 0.20 0.02
1930/12/25 17:00:00 0.00 0.20 0.02
1930/12/25 21:00:00 0.00 0.68 0.28
1930/12/26 02:00:00 0.00 0.60 0.18
1930/12/26 06:00:00 0.00 0.60 0.18
1930/12/26 10:00:00 0.00 0.60 0.18
1930/12/26 14:00:00 0.00 0.60 0.18
1930/12/26 18:00:00 0.00 0.60 0.18
1930/12/26 22:00:00 0.00 0.60 0.18
1930/12/27 02:00:00 0.00 0.59 0.18
1930/12/27 06:00:00 0.00 0.49 0.12
1930/12/27 10:00:00 0.00 0.49 0.12
1930/12/27 14:00:00 0.00 0.49 0.12
1930/12/27 18:00:00 0.00 0.49 0.12
1930/12/27 22:00:00 0.00 0.49 0.12
1930/12/28 02:00:00 0.00 0.11 0.01
1930/12/28 06:00:00 0.00 0.11 0.01
1930/12/28 10:00:00 0.00 0.09 0.01
1930/12/28 14:00:00 0.00 0.24 0.03
1930/12/28 18:00:00 0.00 0.13 0.01
1930/12/28 22:00:00 0.00 0.14 0.01
1930/12/29 02:00:00 0.00 0.14 0.01
1930/12/29 06:00:00 0.00 0.14 0.01
1930/12/29 10:00:00 0.00 0.14 0.01
1930/12/29 14:00:00 0.00 0.14 0.01
1930/12/29 18:00:00 0.00 0.14 0.01
1930/12/29 22:00:00 0.00 0.14 0.01
1930/12/30 02:00:00 0.00 0.57 0.17
1930/12/30 06:00:00 0.00 0.57 0.17
1930/12/30 10:00:00 0.00 0.57 0.17
1930/12/30 14:00:00 0.00 0.57 0.17
1930/12/30 18:00:00 0.00 0.57 0.17
1930/12/30 22:00:00 0.00 0.57 0.17
1930/12/31 02:00:00 0.00 0.56 0.16
1930/12/31 06:00:00 0.00 0.67 0.25
1930/12/31 10:00:00 0.00 0.67 0.25
1930/12/31 14:00:00 0.00 0.67 0.25
1930/12/31 18:00:00 0.00 0.67 0.25
1930/12/31 22:00:00 0.00 0.79 0.47
1931/01/01 02:00:00 0.19 1.00 0.51
1931/01/01 06:00:00 0.03 0.74 0.22
1931/01/01 10:00:00 0.03 0.74 0.22
1931/01/01 14:00:00 0.03 0.74 0.22
1931/01/01 18:00:00 0.03 0.74 0.22
1931/01/01 22:00:00 0.06 0.96 0.46
1931/01/02 02:00:00 0.06 0.96 0.45
1931/01/02 06:00:00 0.19 1.00 0.50
1931/01/02 10:00:00 0.19 1.00 0.50
1931/01/02 14:00:00 0.03 1.00 0.25
1931/01/02 18:00:00 0.03 1.00 0.25
1931/01/02 22:00:00 0.03 1.00 0.25
1931/01/03 02:00:00 0.00 0.57 0.18
1931/01/03 06:00:00 0.00 0.57 0.18
1931/01/03 10:00:00 0.00 0.57 0.18
1931/01/03 14:00:00 0.02 0.42 0.15
1931/01/03 18:00:00 0.02 0.42 0.15
1931/01/03 22:00:00 0.02 0.42 0.15
1931/01/04 02:00:00 0.02 0.42 0.15
1931/01/04 06:00:00 0.02 0.42 0.15
1931/01/04 10:00:00 0.02 0.42 0.15
1931/01/04 14:00:00 0.02 0.42 0.15
1931/01/04 18:00:00 0.02 0.42 0.15
1931/01/04 22:00:00 0.02 0.42 0.15
1931/01/05 02:00:00 0.01 0.41 0.14
1931/01/05 06:00:00 0.01 0.41 0.14
1931/01/05 10:00:00 0.01 0.41 0.14
1931/01/05 14:00:00 0.01 0.41 0.14
1931/01/05 18:00:00 0.01 0.41 0.14
1931/01/05 22:00:00 0.01 0.41 0.14
1931/01/06 02:00:00 0.01 0.41 0.14
1931/01/06 06:00:00 0.00 0.58 0.16
1931/01/06 10:00:00 0.00 0.58 0.16
1931/01/06 14:00:00 0.00 1.00 0.22
1931/01/06 18:00:00 0.00 1.00 0.22
1931/01/06 22:00:00 0.20 1.00 0.47
1931/01/07 02:00:00 0.16 1.00 0.61
1931/01/07 06:00:00 0.21 1.00 0.47
1931/01/07 10:00:00 0.21 1.00 0.47
1931/01/07 14:00:00 0.21 1.00 0.47
1931/01/07 18:00:00 0.21 1.00 0.47
1931/01/07 22:00:00 0.00 1.00 0.21
1931/01/08 02:00:00 0.00 1.00 0.20
1931/01/08 06:00:00 0.00 1.00 0.20
1931/01/08 10:00:00 0.00 0.74 0.16
1931/01/08 14:00:00 0.00 0.74 0.16
1931/01/08 18:00:00 0.00 0.74 0.16
1931/01/08 22:00:00 0.00 0.74 0.16
1931/01/09 02:00:00 0.00 0.73 0.16
1931/01/09 06:00:00 0.01 0.94 0.39
1931/01/09 10:00:00 0.05 0.96 0.49
1931/01/09 14:00:00 0.00 0.34 0.04
1931/01/09 18:00:00 0.01 0.53 0.13
1931/01/09 22:00:00 0.01 0.46 0.16
1931/01/10 03:00:00 0.00 0.45 0.15
1931/01/10 07:00:00 0.00 0.54 0.16
1931/01/10 11:00:00 0.00 0.48 0.11
1931/01/10 15:00:00 0.00 0.46 0.07
1931/01/10 19:00:00 0.00 0.58 0.08
1931/01/10 23:00:00 0.00 0.59 0.11
1931/01/11 03:00:00 0.00 0.37 0.10
1931/01/11 07:00:00 0.00 0.37 0.10
1931/01/11 11:00:00 0.00 0.37 0.10
1931/01/11 15:00:00 0.00 0.37 0.10
1931/01/11 19:00:00 0.00 0.37 0.10
1931/01/11 23:00:00 0.00 0.37 0.10
1931/01/12 03:00:00 0.00 0.37 0.09
1931/01/12 07:00:00 0.00 0.37 0.09
1931/01/12 11:00:00 0.00 0.37 0.09
1931/01/12 15:00:00 0.00 0.37 0.09
1931/01/12 19:00:00 0.00 0.37 0.09
1931/01/12 23:00:00 0.00 0.37 0.09
1931/01/13 03:00:00 0.00 0.36 0.09
1931/01/13 07:00:00 0.00 0.36 0.09
1931/01/13 11:00:00 0.00 0.36 0.09
1931/01/13 15:00:00 0.00 0.36 0.09
1931/01/13 19:00:00 0.00 0.36 0.09
1931/01/13 23:00:00 0.00 0.36 0.09
1931/01/14 03:00:00 0.00 0.36 0.09
1931/01/14 07:00:00 0.00 0.29 0.08
1931/01/14 11:00:00 0.00 0.29 0.08
1931/01/14 15:00:00 0.00 0.34 0.10
1931/01/14 19:00:00 0.00 0.37 0.14
1931/01/14 23:00:00 0.00 0.44 0.10
1931/01/15 03:00:00 0.00 0.28 0.02
1931/01/15 07:00:00 0.00 0.28 0.02
1931/01/15 11:00:00 0.00 0.24 0.02
1931/01/15 15:00:00 0.00 0.24 0.02
1931/01/15 19:00:00 0.00 0.24 0.03
1931/01/15 23:00:00 0.17 1.00 0.60
1931/01/16 04:00:00 0.16 1.00 0.55
1931/01/16 08:00:00 0.00 0.32 0.04
1931/01/16 12:00:00 0.00 0.32 0.04
1931/01/16 16:00:00 0.00 0.70 0.09
1931/01/16 20:00:00 0.00 0.86 0.12
1931/01/17 00:00:00 0.00 0.85 0.12
1931/01/17 04:00:00 0.00 0.99 0.18
1931/01/17 08:00:00 0.00 0.99 0.18
1931/01/17 12:00:00 0.00 0.99 0.18
1931/01/17 16:00:00 0.00 0.88 0.18
1931/01/17 20:00:00 0.00 0.88 0.18
1931/01/18 00:00:00 0.00 0.88 0.18
1931/01/18 04:00:00 0.00 0.88 0.18
1931/01/18 08:00:00 0.00 0.75 0.16
1931/01/18 12:00:00 0.00 0.75 0.16
1931/01/18 16:00:00 0.00 0.75 0.16
1931/01/18 20:00:00 0.00 0.75 0.16
1931/01/19 00:00:00 0.00 0.76 0.16
1931/01/19 04:00:00 0.00 0.76 0.16
1931/01/19 08:00:00 0.00 0.76 0.16
1931/01/19 12:00:00 0.00 0.76 0.16
1931/01/19 16:00:00 0.00 0.76 0.16
1931/01/19 20:00:00 0.00 0.76 0.16
1931/01/20 00:00:00 0.00 0.77 0.16
1931/01/20 04:00:00 0.00 0.77 0.16
1931/01/20 08:00:00 0.00 0.77 0.16
1931/01/20 12:00:00 0.00 0.77 0.16
1931/01/20 16:00:00 0.00 0.77 0.16
1931/01/20 20:00:00 0.00 0.50 0.11
1931/01/21 00:00:00 0.00 0.50 0.10
1931/01/21 04:00:00 0.00 0.50 0.10
1931/01/21 08:00:00 0.00 0.50 0.10
1931/01/21 12:00:00 0.00 0.50 0.10
1931/01/21 16:00:00 0.00 0.50 0.10
1931/01/21 20:00:00 0.00 0.50 0.10
1931/01/22 00:00:00 0.00 0.51 0.10
1931/01/22 04:00:00 0.00 0.51 0.10
1931/01/22 08:00:00 0.00 0.51 0.10
1931/01/22 12:00:00 0.00 0.51 0.10
1931/01/22 16:00:00 0.00 0.51 0.10
1931/01/22 20:00:00 0.00 0.51 0.10
1931/01/23 00:00:00 0.00 0.28 0.06
1931/01/23 04:00:00 0.00 0.28 0.06
1931/01/23 08:00:00 0.00 0.28 0.06
1931/01/23 12:00:00 0.00 0.28 0.06
1931/01/23 16:00:00 0.00 0.28 0.06
1931/01/23 20:00:00 0.00 0.28 0.06
1931/01/24 00:00:00 0.00 0.26 0.05
1931/01/24 04:00:00 0.00 0.26 0.05
1931/01/24 08:00:00 0.00 0.27 0.05
1931/01/24 12:00:00 0.00 0.27 0.05
1931/01/24 16:00:00 0.00 0.27 0.05
1931/01/24 20:00:00 0.00 0.27 0.05
1931/01/25 00:00:00 0.00 0.25 0.05
1931/01/25 04:00:00 0.00 0.26 0.04
1931/01/25 08:00:00 0.00 0.26 0.04
1931/01/25 12:00:00 0.00 0.71 0.36
1931/01/25 16:00:00 0.00 0.72 0.41
1931/01/25 20:00:00 0.00 0.72 0.41
1931/01/26 00:00:00 0.00 0.87 0.40
1931/01/26 04:00:00 0.00 0.87 0.40
1931/01/26 08:00:00 0.00 0.87 0.40
1931/01/26 12:00:00 0.00 0.96 0.38
1931/01/26 16:00:00 0.00 0.96 0.38
1931/01/26 20:00:00 0.00 0.96 0.38
1931/01/27 00:00:00 0.00 1.00 0.42
1931/01/27 04:00:00 0.00 1.00 0.42
1931/01/27 08:00:00 0.00 1.00 0.58
1931/01/27 12:00:00 0.00 1.00 0.58
1931/01/27 16:00:00 0.00 0.80 0.19
1931/01/27 20:00:00 0.00 0.80 0.19
1931/01/28 00:00:00 0.00 0.70 0.22
1931/01/28 05:00:00 0.00 0.85 0.26
1931/01/28 09:00:00 0.00 0.85 0.26
1931/01/28 13:00:00 0.00 1.00 0.37
1931/01/28 17:00:00 0.00 1.00 0.38
1931/01/28 21:00:00 0.00 1.00 0.53
1931/01/29 01:00:00 0.00 1.00 0.52
1931/01/29 05:00:00 0.00 1.00 0.63
1931/01/29 09:00:00 0.00 0.79 0.23
1931/01/29 13:00:00 0.00 0.79 0.23
1931/01/29 17:00:00 0.00 0.69 0.19
1931/01/29 21:00:00 0.00 0.69 0.19
1931/01/30 01:00:00 0.00 0.63 0.17
1931/01/30 05:00:00 0.00 0.56 0.14
1931/01/30 09:00:00 0.00 0.56 0.14
1931/01/30 13:00:00 0.00 0.63 0.17
1931/01/30 17:00:00 0.00 0.63 0.17
1931/01/30 21:00:00 0.25 0.92 0.59
1931/01/31 01:00:00 0.25 0.92 0.58
1931/01/31 05:00:00 0.25 0.92 0.58
1931/01/31 09:00:00 0.00 0.85 0.47
1931/01/31 13:00:00 0.00 0.72 0.31
1931/01/31 17:00:00 0.00 0.72 0.31
1931/01/31 21:00:00 0.00 0.67 0.27
1931/02/01 01:00:00 0.00 0.61 0.19
1931/02/01 06:00:00 0.00 0.61 0.19
1931/02/01 10:00:00 0.00 0.45 0.10
1931/02/01 14:00:00 0.00 0.45 0.10
1931/02/01 18:00:00 0.00 0.45 0.10
1931/02/01 22:00:00 0.00 0.35 0.06
1931/02/02 02:00:00 0.00 0.34 0.05
1931/02/02 06:00:00 0.00 0.34 0.05
1931/02/02 10:00:00 0.00 0.94 0.30
1931/02/02 14:00:00 0.00 0.93 0.37
1931/02/02 18:00:00 0.00 0.93 0.37
1931/02/02 22:00:00 0.00 0.93 0.37
1931/02/03 02:00:00 0.00 0.93 0.37
1931/02/03 06:00:00 0.00 0.93 0.37
1931/02/03 10:00:00 0.00 0.93 0.37
1931/02/03 14:00:00 0.00 0.93 0.37
1931/02/03 18:00:00 0.00 1.00 0.44
1931/02/03 22:00:00 0.00 1.00 0.44
1931/02/04 02:00:00 0.00 1.00 0.44
1931/02/04 06:00:00 0.00 1.00 0.44
1931/02/04 10:00:00 0.00 1.00 0.44
1931/02/04 14:00:00 0.01 0.96 0.45
1931/02/04 18:00:00 0.01 0.96 0.45
1931/02/04 22:00:00 0.00 0.55 0.04
1931/02/05 02:00:00 0.00 0.47 0.05
1931/02/05 06:00:00 0.00 0.47 0.05
1931/02/05 10:00:00 0.00 0.47 0.05
1931/02/05 14:00:00 0.00 0.45 0.06
1931/02/05 18:00:00 0.00 0.45 0.06
1931/02/05 22:00:00 0.00 0.45 0.06
1931/02/06 02:00:00 0.00 0.56 0.09
1931/02/06 06:00:00 0.00 0.56 0.09
1931/02/06 10:00:00 0.00 0.57 0.10
1931/02/06 14:00:00 0.00 0.57 0.10
1931/02/06 18:00:00 0.00 0.58 0.09
1931/02/06 22:00:00 0.00 0.58 0.09
1931/02/07 02:00:00 0.00 0.56 0.09
1931/02/07 06:00:00 0.00 0.29 0.03
1931/02/07 10:00:00 0.00 0.29 0.03
1931/02/07 14:00:00 0.00 0.85 0.29
1931/02/07 18:00:00 0.00 0.85 0.29
1931/02/07 22:00:00 0.00 0.71 0.21
1931/02/08 02:00:00 0.00 0.71 0.20
1931/02/08 07:00:00 0.00 0.76 0.27
1931/02/08 11:00:00 0.00 0.76 0.27
1931/02/08 15:00:00 0.00 0.68 0.20
1931/02/08 19:00:00 0.00 0.68 0.20
1931/02/08 23:00:00 0.00 0.68 0.20
1931/02/09 03:00:00 0.00 0.61 0.13
1931/02/09 07:00:00 0.00 0.61 0.13
1931/02/09 11:00:00 0.00 0.41 0.05
1931/02/09 15:00:00 0.00 0.41 0.05
1931/02/09 19:00:00 0.00 0.41 0.05
1931/02/09 23:00:00 0.00 0.41 0.05
1931/02/10 03:00:00 0.00 0.36 0.04
1931/02/10 07:00:00 0.00 0.36 0.04
1931/02/10 11:00:00 0.00 0.47 0.04
1931/02/10 15:00:00 0.00 0.47 0.04
1931/02/10 19:00:00 0.00 0.88 0.06
1931/02/10 23:00:00 0.00 0.76 0.09
1931/02/11 03:00:00 0.00 0.75 0.09
1931/02/11 07:00:00 0.00 0.55 0.13
1931/02/11 11:00:00 0.00 0.55 0.13
1931/02/11 15:00:00 0.00 0.55 0.13
1931/02/11 19:00:00 0.00 0.51 0.17
1931/02/11 23:00:00 0.00 0.51 0.17
1931/02/12 03:00:00 0.00 0.50 0.17
1931/02/12 07:00:00 0.00 0.39 0.11
1931/02/12 11:00:00 0.00 0.39 0.11
1931/02/12 15:00:00 0.00 0.39 0.11
1931/02/12 19:00:00 0.00 0.49 0.17
1931/02/12 23:00:00 0.00 0.49 0.17
1931/02/13 03:00:00 0.00 0.49 0.18
1931/02/13 07:00:00 0.00 0.51 0.14
1931/02/13 11:00:00 0.00 0.51 0.14
1931/02/13 15:00:00 0.00 0.53 0.17
1931/02/13 19:00:00 0.00 0.53 0.18
1931/02/13 23:00:00 0.00 0.52 0.16
1931/02/14 03:00:00 0.00 0.52 0.15
1931/02/14 08:00:00 0.00 0.75 0.20
1931/02/14 12:00:00 0.00 0.75 0.20
1931/02/14 16:00:00 0.00 0.75 0.20
1931/02/14 20:00:00 0.00 0.75 0.20
1931/02/15 00:00:00 0.00 0.33 0.06
1931/02/15 04:00:00 0.00 0.33 0.06
1931/02/15 08:00:00 0.00 0.33 0.06
1931/02/15 12:00:00 0.00 0.33 0.06
1931/02/15 16:00:00 0.00 0.33 0.06
1931/02/15 20:00:00 0.00 0.33 0.06
1931/02/16 00:00:00 0.00 0.33 0.05
1931/02/16 04:00:00 0.00 0.33 0.05
1931/02/16 08:00:00 0.00 0.41 0.05
1931/02/16 12:00:00 0.00 0.41 0.05
1931/02/16 16:00:00 0.00 0.41 0.05
1931/02/16 20:00:00 0.00 0.41 0.05
1931/02/17 00:00:00 0.00 0.41 0.05
1931/02/17 04:00:00 0.00 0.41 0.05
1931/02/17 08:00:00 0.00 0.41 0.05
1931/02/17 12:00:00 0.00 0.33 0.05
1931/02/17 16:00:00 0.00 0.33 0.05
1931/02/17 20:00:00 0.00 0.33 0.05
1931/02/18 00:00:00 0.00 0.93 0.25
1931/02/18 04:00:00 0.00 0.93 0.25
1931/02/18 08:00:00 0.00 0.93 0.25
1931/02/18 12:00:00 0.00 0.93 0.25
1931/02/18 16:00:00 0.00 0.33 0.05
1931/02/18 20:00:00 0.00 0.33 0.05
1931/02/19 00:00:00 0.00 0.33 0.05
1931/02/19 04:00:00 0.00 0.33 0.05
1931/02/19 08:00:00 0.00 0.33 0.05
1931/02/19 12:00:00 0.00 0.33 0.05
1931/02/19 16:00:00 0.00 0.03 0.01
1931/02/19 20:00:00 0.00 0.03 0.01
1931/02/20 00:00:00 0.00 0.03 0.00
1931/02/20 04:00:00 0.00 0.03 0.00
1931/02/20 08:00:00 0.00 0.03 0.01
1931/02/20 12:00:00 0.00 0.03 0.01
1931/02/20 16:00:00 0.00 0.02 0.01
1931/02/20 20:00:00 0.00 0.02 0.01
1931/02/21 00:00:00 0.00 0.03 0.01
1931/02/21 04:00:00 0.00 0.03 0.01
1931/02/21 07:00:00 0.00 0.03 0.01
1931/02/21 11:00:00 0.00 0.02 0.01
1931/02/21 15:00:00 0.00 0.02 0.01
1931/02/21 19:00:00 0.00 0.02 0.01
1931/02/21 23:00:00 0.00 0.02 0.01
1931/02/22 03:00:00 0.00 0.02 0.01
1931/02/22 07:00:00 0.00 0.01 0.00
1931/02/22 11:00:00 0.00 0.01 0.00
1931/02/22 15:00:00 0.00 0.01 0.00
1931/02/22 19:00:00 0.00 0.01 0.00
1931/02/22 23:00:00 0.00 0.01 0.00
1931/02/23 03:00:00 0.00 0.02 0.00
1931/02/23 07:00:00 0.00 0.01 0.00
1931/02/23 11:00:00 0.00 0.01 0.00
1931/02/23 15:00:00 0.00 0.01 0.00
1931/02/23 19:00:00 0.00 0.01 0.00
1931/02/23 23:00:00 0.00 0.01 0.00
1931/02/24 03:00:00 0.00 0.02 0.00
1931/02/24 07:00:00 0.00 0.02 0.00
1931/02/24 11:00:00 0.00 0.01 0.00
1931/02/24 15:00:00 0.00 0.01 0.00
1931/02/24 19:00:00 0.00 0.01 0.00
1931/02/24 23:00:00 0.00 0.01 0.00
1931/02/25 03:00:00 0.00 0.01 0.00
1931/02/25 07:00:00 0.00 0.01 0.00
1931/02/25 11:00:00 0.00 0.01 0.00
1931/02/25 15:00:00 0.00 0.01 0.00
1931/02/25 19:00:00 0.00 0.01 0.00
1931/02/25 23:00:00 0.00 0.01 0.00
1931/02/26 03:00:00 0.00 0.01 0.00
1931/02/26 07:00:00 0.00 0.01 0.00
1931/02/26 11:00:00 0.00 0.01 0.00
1931/02/26 15:00:00 0.00 0.01 0.00
1931/02/26 19:00:00 0.00 0.01 0.00
1931/02/26 23:00:00 0.00 0.01 0.00
1931/02/27 03:00:00 0.00 0.01 0.00
1931/02/27 06:00:00 0.00 0.00 0.00
1931/02/27 10:00:00 0.00 0.00 0.00
1931/02/27 14:00:00 0.00 0.00 0.00
1931/02/27 18:00:00 0.00 0.00 0.00
1931/02/27 22:00:00 0.00 0.00 0.00
1931/02/28 02:00:00 0.00 0.00 0.00
1931/02/28 06:00:00 0.00 0.00 0.00
1931/02/28 10:00:00 0.00 0.00 0.00
1931/02/28 14:00:00 0.00 0.00 0.00
1931/02/28 18:00:00 0.00 0.00 0.00
1931/02/28 22:00:00 0.00 0.00 0.00
1931/03/01 02:00:00 0.00 0.00 0.00
1931/03/01 06:00:00 0.00 0.00 0.00
1931/03/01 10:00:00 0.00 0.00 0.00
1931/03/01 14:00:00 0.00 0.00 0.00
1931/03/01 18:00:00 0.00 0.00 0.00
1931/03/01 22:00:00 0.00 0.00 0.00
1931/03/02 02:00:00 0.00 0.00 0.00
1931/03/02 06:00:00 0.00 0.00 0.00
1931/03/02 10:00:00 0.00 0.00 0.00
1931/03/02 14:00:00 0.00 0.00 0.00
1931/03/02 18:00:00 0.00 0.00 0.00
1931/03/02 22:00:00 0.00 0.00 0.00
1931/03/03 02:00:00 0.00 0.00 0.00
1931/03/03 06:00:00 0.00 0.00 0.00
1931/03/03 10:00:00 0.00 0.00 0.00
1931/03/03 14:00:00 0.00 0.00 0.00
1931/03/03 18:00:00 0.00 0.00 0.00
1931/03/03 22:00:00 0.00 0.00 0.00
1931/03/04 02:00:00 0.00 0.00 0.00
1931/03/04 05:00:00 0.00 0.00 0.00
1931/03/04 09:00:00 0.00 0.00 0.00
1931/03/04 13:00:00 0.00 0.00 0.00
1931/03/04 17:00:00 0.00 0.00 0.00
1931/03/03 21:00:00   NA   NA  NA
1931/03/05 01:00:00 0.00 0.00 0.00
1931/03/05 05:00:00 0.00 0.00 0.00
1931/03/05 09:00:00 0.00 0.00 0.00
1931/03/05 13:00:00 0.00 0.00 0.00
1931/03/05 17:00:00 0.00 0.00 0.00
1931/03/05 21:00:00 0.00 0.00 0.00
1931/03/06 01:00:00 0.00 0.00 0.00
1931/03/06 05:00:00 0.00 0.00 0.00
1931/03/06 09:00:00 0.00 0.00 0.00
1931/03/06 13:00:00 0.00 0.00 0.00
1931/03/06 17:00:00 0.00 0.00 0.00
1931/03/06 21:00:00 0.00 0.00 0.00
1931/03/07 01:00:00 0.00 0.00 0.00
1931/03/07 05:00:00 0.00 0.00 0.00
1931/03/07 09:00:00 0.00 0.00 0.00
1931/03/07 13:00:00 0.00 0.00 0.00
1931/03/07 17:00:00 0.00 0.00 0.00
1931/03/07 21:00:00 0.00 0.00 0.00
1931/03/08 01:00:00 0.00 0.00 0.00
1931/03/08 04:00:00 0.00 0.00 0.00
1931/03/08 08:00:00 0.00 0.00 0.00
1931/03/08 12:00:00 0.00 0.00 0.00
1931/03/08 16:00:00 0.00 0.00 0.00
1931/03/08 20:00:00 0.00 0.00 0.00
1931/03/09 00:00:00 0.00 0.00 0.00
1931/03/09 04:00:00 0.00 0.00 0.00
1931/03/09 08:00:00 0.00 0.00 0.00
1931/03/09 12:00:00 0.00 0.00 0.00
1931/03/09 16:00:00 0.00 0.00 0.00
1931/03/09 20:00:00 0.00 0.00 0.00
1931/03/10 00:00:00 0.00 0.00 0.00
1931/03/10 04:00:00 0.00 0.00 0.00
1931/03/10 08:00:00 0.00 0.00 0.00
1931/03/10 12:00:00 0.00 0.00 0.00
1931/03/10 16:00:00 0.00 0.00 0.00
1931/03/10 20:00:00 0.00 0.00 0.00
1931/03/11 00:00:00 0.00 0.00 0.00
1931/03/11 04:00:00 0.00 0.00 0.00
1931/03/11 08:00:00 0.00 0.00 0.00
1931/03/11 12:00:00 0.00 0.00 0.00
1931/03/11 16:00:00 0.00 0.00 0.00
1931/03/11 20:00:00 0.00 0.00 0.00
1931/03/12 00:00:00 0.00 0.00 0.00
1931/03/12 03:00:00 0.00 0.00 0.00
1931/03/12 07:00:00 0.00 0.00 0.00
1931/03/12 11:00:00 0.00 0.00 0.00
1931/03/12 15:00:00 0.00 0.00 0.00
1931/03/12 19:00:00 0.00 0.00 0.00
1931/03/12 23:00:00 0.00 0.00 0.00
1931/03/13 03:00:00 0.00 0.00 0.00
1931/03/13 07:00:00 0.00 0.00 0.00
1931/03/13 11:00:00 0.00 0.00 0.00
1931/03/13 15:00:00 0.00 0.00 0.00
1931/03/13 19:00:00 0.00 0.00 0.00
1931/03/13 23:00:00 0.00 0.00 0.00
1931/03/14 03:00:00 0.00 0.00 0.00
1931/03/14 07:00:00 0.00 0.00 0.00
1931/03/14 11:00:00 0.00 0.00 0.00
1931/03/14 15:00:00 0.00 0.00 0.00
1931/03/14 19:00:00 0.00 0.00 0.00
1931/03/14 23:00:00 0.00 0.00 0.00
1931/03/15 03:00:00 0.00 0.00 0.00
1931/03/15 07:00:00 0.00 0.00 0.00
1931/03/15 11:00:00 0.00 0.00 0.00
1931/03/15 15:00:00 0.00 0.00 0.00
1931/03/15 19:00:00 0.00 0.00 0.00
1931/03/15 23:00:00 0.00 0.00 0.00
1931/03/16 02:00:00 0.00 0.00 0.00
1931/03/16 06:00:00 0.00 0.00 0.00
1931/03/16 10:00:00 0.00 0.00 0.00
1931/03/16 14:00:00 0.00 0.00 0.00
1931/03/16 18:00:00 0.00 0.00 0.00
1931/03/16 22:00:00 0.00 0.00 0.00
1931/03/17 02:00:00 0.00 0.00 0.00
1931/03/17 06:00:00 0.00 0.00 0.00
1931/03/17 10:00:00 0.00 0.00 0.00
1931/03/17 14:00:00 0.00 0.00 0.00
1931/03/17 18:00:00 0.00 0.00 0.00
1931/03/17 22:00:00 0.00 0.00 0.00
1931/03/18 02:00:00 0.00 0.00 0.00
1931/03/18 06:00:00 0.00 0.00 0.00
1931/03/18 10:00:00 0.00 0.00 0.00
1931/03/18 14:00:00 0.00 0.00 0.00
1931/03/18 18:00:00 0.00 0.00 0.00
1931/03/18 22:00:00 0.00 0.00 0.00
1931/03/19 02:00:00 0.00 0.00 0.00
1931/03/19 06:00:00 0.00 0.00 0.00
1931/03/19 10:00:00 0.00 0.00 0.00
1931/03/19 14:00:00 0.00 0.00 0.00
1931/03/19 18:00:00 0.00 0.00 0.00
1931/03/19 22:00:00 0.00 0.00 0.00
1931/03/20 02:00:00 0.00 0.00 0.00
1931/03/20 06:00:00 0.00 0.00 0.00
1931/03/20 10:00:00 0.00 0.00 0.00
1931/03/20 14:00:00 0.00 0.00 0.00
1931/03/20 18:00:00 0.00 0.00 0.00
1931/03/20 22:00:00 0.00 0.00 0.00
1931/03/21 02:00:00 0.00 0.00 0.00
1931/03/21 06:00:00 0.00 0.00 0.00
1931/03/21 10:00:00 0.00 0.00 0.00
1931/03/21 14:00:00 0.00 0.00 0.00
1931/03/21 18:00:00 0.00 0.00 0.00
1931/03/21 22:00:00 0.00 0.00 0.00
1931/03/22 02:00:00 0.00 0.00 0.00
1931/03/22 06:00:00 0.00 0.00 0.00
1931/03/22 10:00:00 0.00 0.00 0.00
1931/03/22 14:00:00 0.00 0.00 0.00
1931/03/22 18:00:00 0.00 0.00 0.00
1931/03/22 22:00:00 0.00 0.00 0.00
1931/03/23 02:00:00 0.00 0.00 0.00
1931/03/23 06:00:00 0.00 0.00 0.00
1931/03/23 10:00:00 0.00 0.00 0.00
1931/03/23 14:00:00 0.00 0.00 0.00
1931/03/23 18:00:00 0.00 0.00 0.00
1931/03/23 22:00:00 0.00 0.00 0.00
1931/03/24 02:00:00 0.00 0.00 0.00
1931/03/24 06:00:00 0.00 0.00 0.00
1931/03/24 10:00:00 0.00 0.00 0.00
1931/03/24 14:00:00 0.00 0.00 0.00
1931/03/24 18:00:00 0.00 0.00 0.00
1931/03/24 22:00:00 0.00 0.00 0.00
1931/03/25 02:00:00 0.00 0.00 0.00
1931/03/25 06:00:00   NA   NA  NA
1931/03/25 10:00:00   NA   NA  NA
1931/03/25 14:00:00   NA   NA  NA
1931/03/25 18:00:00   NA   NA  NA
1931/03/25 22:00:00   NA   NA  NA
1931/03/26 02:00:00   NA   NA  NA
1931/03/26 06:00:00   NA   NA  NA
1931/03/26 10:00:00   NA   NA  NA
1931/03/26 14:00:00   NA   NA  NA
1931/03/26 18:00:00   NA   NA  NA
1931/03/26 22:00:00   NA   NA  NA
