1930/11/22 06:00:00    NA   NA 12.7   NA 11.4   NA 1021.3     NA   NA   NA    NA     NA     NA   NA 
1930/11/22 10:00:00    NA   NA 12.3   NA 10.6   NA 1021.5     NA   NA   NA    NA     NA     NA   NA 
1930/11/22 14:00:00    NA   NA 11.6   NA  9.9   NA 1019.7     NA   NA   NA    NA     NA     NA   NA 
1930/11/22 18:00:00    NA   NA 11.3   NA  9.4   NA 1019.7     NA   NA   NA    NA     NA     NA   NA 
1930/11/23 02:00:00    NA 0.00 12.4 12.7 10.3 12.1 1018.3 1012.3   NA  5.7 -44.0  147.6     NA 12.9 
1930/11/23 06:00:00  1.57 0.00 12.6 12.3 10.5 11.6 1015.9 1011.9   NA  8.0 -44.2  147.5     NA 12.1 
1930/11/23 10:00:00  1.57 0.00 12.6 12.3 10.2 11.6 1015.5 1011.9   NA  8.0 -44.4  147.4     NA 12.1 
1930/11/23 14:00:00  1.59 0.00 12.3 12.3  9.4 11.6 1013.0 1011.9   NA  8.0 -44.5  147.3     NA 12.1 
1930/11/23 18:00:00  1.57 0.00 10.0 12.3  8.1 11.6 1011.4 1011.9   NA  8.0 -44.7  147.2     NA 12.1 
1930/11/23 22:00:00  1.57 0.00 11.9 12.3  9.5 11.6 1010.0 1011.9   NA  8.0 -44.9  147.1     NA 12.1 
1930/11/24 02:00:00  1.57 0.00 12.5 11.4 10.0 10.9 1007.8 1011.3   NA  8.6 -45.1  147.0     NA 11.0 
1930/11/24 06:00:00  2.01 0.00 12.7 11.4 10.8 10.9 1005.4 1011.3   NA  8.6 -45.4  147.0     NA 11.0 
1930/11/24 10:00:00  1.93 0.00 11.8 11.4  9.4 10.9 1006.0 1011.3   NA  8.6 -45.6  146.9     NA 11.0 
1930/11/24 14:00:00  2.01 0.00 12.4 11.4  9.1 10.9 1005.3 1011.3   NA  8.6 -45.9  146.9     NA 11.0 
1930/11/24 18:00:00  2.01 0.00  8.6 10.8  8.1 10.5 1005.9 1010.3   NA  8.9 -46.1  146.9     NA 10.3 
1930/11/24 22:00:00  1.93 0.00  8.6 10.8  7.1 10.5 1009.7 1010.3   NA  8.9 -46.4  146.9     NA 10.3 
1930/11/25 02:00:00  2.01 0.00  9.0 10.8  7.3 10.5 1012.9 1010.2   NA  8.9 -46.6  146.8     NA 10.3 
1930/11/25 06:00:00  2.11 0.00 10.0 10.8  7.2 10.5 1015.0 1010.2   NA  8.9 -46.9  146.8     NA 10.3 
1930/11/25 10:00:00  2.10 0.00 10.1 10.3  7.1 10.2 1017.7 1009.2   NA  9.1 -47.2  146.7     NA  9.4 
1930/11/25 14:00:00  2.03 0.00  8.5 10.3  6.7 10.2 1018.6 1009.2   NA  9.1 -47.5  146.7     NA  9.4 
1930/11/25 18:00:00  2.11 0.00  8.4 10.3  6.3 10.2 1018.7 1009.2   NA  9.1 -47.7  146.6     NA  9.4 
1930/11/25 22:00:00  2.10 0.00  8.1 10.3  6.1 10.2 1019.2 1009.2   NA  9.1 -48.0  146.6     NA  9.4 
1930/11/26 02:00:00  2.11 0.00  8.2  9.6  7.5  9.7 1019.1 1008.2   NA  9.3 -48.3  146.5     NA  8.8 
1930/11/26 06:00:00  2.91 0.00  8.1  9.6  7.7  9.7 1016.5 1008.2   NA  9.3 -48.6  146.6     NA  8.8 
1930/11/26 10:00:00  2.91 0.00  8.1  8.7  8.1  8.9 1014.2 1007.2   NA  9.4 -49.0  146.7     NA  7.9 
1930/11/26 14:00:00  2.83 0.00  8.1  8.7  8.3  8.9 1012.2 1007.2   NA  9.4 -49.4  146.8     NA  7.9 
1930/11/26 18:00:00  2.91 0.00  8.1  8.7  8.8  8.9 1010.2 1007.2   NA  9.4 -49.7  146.9     NA  7.9 
1930/11/26 22:00:00  2.91 0.00  7.1  7.8  8.8  7.9 1008.2 1006.0   NA  9.6 -50.1  147.0     NA  7.4 
1930/11/27 02:00:00  2.91 0.00  8.0  7.8  9.1  7.9 1006.1 1005.9   NA  9.6 -50.5  147.2     NA  7.4 
1930/11/27 06:00:00  2.28 0.00  7.5  7.8  8.9  7.9 1003.7 1005.9   NA  9.6 -50.6  147.5     NA  7.4 
1930/11/27 10:00:00  2.23 0.00  7.3  7.8  8.2  7.9 1003.6 1005.9   NA  9.6 -50.8  147.9     NA  7.4 
1930/11/27 14:00:00  2.27 0.00  6.9  7.7  7.3  7.6 1004.4 1005.9   NA  9.6 -50.9  148.3     NA  7.4 
1930/11/27 18:00:00  2.26 0.00  6.6  6.8  7.3  6.9 1004.4 1004.4   NA  9.8 -51.1  148.7     NA  6.5 
1930/11/27 22:00:00  2.22 0.00  5.8  6.9  7.2  6.8 1006.2 1004.4   NA  9.8 -51.2  149.1     NA  6.9 
1930/11/28 01:00:00  2.25 0.00  6.0  6.9  7.3  6.9 1005.4 1004.4   NA  9.8 -51.4  149.4     NA  6.9 
1930/11/28 05:00:00  2.64 0.00  5.7  6.9  6.7  6.9 1003.7 1004.4   NA  9.8 -51.5  149.9     NA  6.9 
1930/11/28 09:00:00  2.60 0.00  6.1  7.0  6.8  6.9 1003.1 1004.4   NA  9.8 -51.7  150.4     NA  7.0 
1930/11/28 13:00:00  2.62 0.00  6.1  7.0  6.6  6.9 1000.9 1004.4   NA  9.8 -51.8  150.9     NA  7.0 
1930/11/28 17:00:00  2.59 0.00  6.4  7.1  6.7  7.1  999.1 1004.4   NA  9.8 -51.9  151.4     NA  7.2 
1930/11/28 21:00:00  2.65 0.00  6.2  6.3  6.6  6.4  999.0 1002.9   NA  9.9 -52.1  152.0     NA  6.4 
1930/11/29 01:00:00  2.57 0.00  5.6  6.5  6.4  6.4  998.4 1002.9   NA  9.9 -52.2  152.4     NA  6.7 
1930/11/29 05:00:00  2.22 0.00  5.7  6.5  5.8  6.4  999.8 1002.9   NA  9.9 -52.4  152.8     NA  6.7 
1930/11/29 09:00:00  2.21 0.00  5.7  6.4  5.1  6.2 1002.2 1002.9   NA  9.9 -52.5  153.2     NA  6.8 
1930/11/29 13:00:00  2.21 0.00  7.1  6.4  4.0  6.2 1002.7 1002.9   NA  9.9 -52.6  153.6     NA  6.8 
1930/11/29 17:00:00  2.20 0.00  6.7  6.6  4.4  6.0 1003.2 1002.8   NA  9.9 -52.8  154.1     NA  6.8 
1930/11/29 21:00:00  2.20 0.00  6.0  6.6  4.0  6.0 1004.9 1002.8   NA  9.9 -52.9  154.5     NA  6.8 
1930/11/30 01:00:00  2.20 0.00  6.7  5.8  4.7  5.1 1006.1 1001.4   NA 10.0 -53.1  154.8     NA  6.0 
1930/11/30 05:00:00  3.02 0.00  5.1  6.0  4.9  5.2 1007.1 1001.3   NA 10.0 -53.3  155.4     NA  5.9 
1930/11/30 09:00:00  3.06 0.00  5.1  6.0  4.3  5.2 1007.5 1001.3   NA 10.0 -53.5  155.9     NA  5.9 
1930/11/30 13:00:00  3.00 0.00  5.0  6.2  3.8  5.7 1008.2 1001.3   NA  9.9 -53.7  156.5     NA  5.7 
1930/11/30 17:00:00  2.99 0.00  4.5  6.3  3.8  6.1 1008.7 1001.2   NA  9.9 -54.0  157.0     NA  5.9 
1930/11/30 21:00:00  2.98 0.00  4.4  5.3   NA  5.1 1010.4  999.8   NA  9.9 -54.2  157.6     NA  5.0 
1930/12/01 01:00:00  2.99 0.00  4.5  5.4  4.4  5.3 1010.5  999.8   NA  9.8 -54.4  158.1     NA  5.3 
1930/12/01 05:00:00  0.69 0.00  4.5  5.4  4.2  5.3 1011.0  999.8   NA  9.8 -54.4  158.2     NA  5.3 
1930/12/01 09:00:00  0.68 0.00  4.6  5.4  3.6  5.3 1011.0  999.8   NA  9.8 -54.4  158.4     NA  5.3 
1930/12/01 13:00:00  0.69 0.00  4.6  5.4  4.4  5.3 1009.7  999.8   NA  9.8 -54.5  158.5     NA  5.3 
1930/12/01 17:00:00  0.68 0.00  4.7  5.4  4.9  5.3 1005.7  999.8   NA  9.8 -54.5  158.7     NA  5.3 
1930/12/01 21:00:00  0.69 0.00  4.7  5.4  6.1  5.3 1004.8  999.8   NA  9.8 -54.5  158.8     NA  5.3 
1930/12/02 01:00:00  0.68 0.00  4.8  5.5  4.9  5.3 1006.7  999.9   NA  9.8 -54.5  159.0     NA  5.3 
1930/12/02 05:00:00  0.00 0.00  4.6  5.5  4.6  5.3 1007.0  999.9   NA  9.8 -54.5  159.0     NA  5.3 
1930/12/02 09:00:00  0.00 0.00  4.6  5.5  4.2  5.3 1008.7  999.9   NA  9.8 -54.5  159.0     NA  5.3 
1930/12/02 13:00:00  0.00 0.00  4.6  5.5  4.3  5.3 1010.3  999.9   NA  9.8 -54.5  159.0     NA  5.3 
1930/12/02 17:00:00  0.00 0.00  4.6  5.5  4.9  5.3 1009.2  999.9   NA  9.8 -54.5  159.0     NA  5.3 
1930/12/02 21:00:00  0.00 0.00  4.7  5.5  4.7  5.3 1007.8  999.9   NA  9.8 -54.5  159.0     NA  5.3 
1930/12/03 01:00:00  0.00 0.00  4.6  5.5  5.6  5.3 1008.9 1000.0   NA  9.8 -54.5  159.0     NA  5.4 
1930/12/03 05:00:00  0.31 0.00  4.6  5.5  6.1  5.3 1009.0 1000.0   NA  9.8 -54.5  159.0     NA  5.4 
1930/12/03 09:00:00  0.24 0.00  4.5  5.5  5.6  5.3 1008.2 1000.0   NA  9.8 -54.6  159.0     NA  5.4 
1930/12/03 13:00:00  0.24 0.00  4.5  5.5  5.1  5.3 1008.7 1000.0   NA  9.8 -54.6  158.9     NA  5.4 
1930/12/03 17:00:00  0.31 0.00  4.5  5.5  4.7  5.3 1008.7 1000.0   NA  9.8 -54.6  158.9     NA  5.4 
1930/12/03 21:00:00  0.31 0.00  4.4  5.5  4.9  5.3 1009.4 1000.0   NA  9.8 -54.7  158.9     NA  5.4 
1930/12/04 01:00:00  0.24 0.00  4.0  5.5  5.5  5.3     NA 1000.1   NA  9.8 -54.7  158.9     NA  5.4 
1930/12/04 05:00:00  0.47 0.00  4.1  5.5  5.6  5.3 1007.0 1000.1   NA  9.8 -54.8  158.9     NA  5.4 
1930/12/04 09:00:00  0.48 0.00  4.1  5.5  6.3  5.3 1004.6 1000.1   NA  9.8 -54.8  158.9     NA  5.4 
1930/12/04 13:00:00  0.40 0.00  4.2  5.5  5.6  5.3     NA 1000.1   NA  9.8 -54.9  158.8     NA  5.4 
1930/12/04 17:00:00  0.47 0.00  4.2  5.5   NA  5.3 1006.9 1000.1   NA  9.8 -54.9  158.8     NA  5.4 
1930/12/04 21:00:00  0.48 0.00  3.9  5.5   NA  5.3     NA 1000.1   NA  9.8 -55.0  158.8     NA  5.4 
1930/12/05 01:00:00  0.47 0.00  3.5  4.7   NA  4.3     NA  998.7   NA  9.7 -55.1  158.8     NA  4.8 
1930/12/05 05:00:00  2.24 0.00  4.0  4.7  4.9  4.3 1008.9  998.7   NA  9.7 -55.3  158.7     NA  4.8 
1930/12/05 09:00:00  2.32 0.00  3.7  4.7  4.4  4.3 1006.6  998.7   NA  9.7 -55.6  158.7     NA  4.8 
1930/12/05 13:00:00  2.24 0.00  3.3  4.7  4.4  4.3 1003.5  998.7   NA  9.7 -55.9  158.7     NA  4.8 
1930/12/05 17:00:00  2.24 0.00  3.7  3.9  4.6  3.2 1000.3  997.3   NA  9.6 -56.2  158.7     NA  3.9 
1930/12/05 21:00:00  2.32 0.00  3.7  3.9   NA  3.2  995.6  997.3   NA  9.6 -56.5  158.6     NA  3.9 
1930/12/06 01:00:00  2.24 0.00  3.2  4.0  5.0  3.2  992.3  997.4   NA  9.6 -56.8  158.6     NA  4.0 
1930/12/06 05:00:00  1.66 0.00  3.1  4.0  3.9  3.2  992.6  997.4   NA  9.6 -57.0  158.9     NA  4.0 
1930/12/06 09:00:00  1.57 0.00  3.0  3.3  3.9  2.4  994.2  996.0   NA  9.5 -57.1  159.1     NA  3.3 
1930/12/06 13:00:00  1.65 0.00  3.0  3.3  2.7  2.4  996.6  996.0   NA  9.5 -57.3  159.3     NA  3.3 
1930/12/06 17:00:00  1.56 0.00  3.0  3.3  2.3  2.4  998.8  996.0   NA  9.5 -57.5  159.6     NA  3.3 
1930/12/06 21:00:00  1.65 0.00  3.0  3.3  2.7  2.4 1001.2  996.0   NA  9.5 -57.6  159.8     NA  3.3 
1930/12/07 01:00:00  1.58 0.00  3.0  3.4  3.1  2.7 1003.3  996.2   NA  9.5 -57.8  160.0     NA  3.4 
1930/12/07 05:00:00  2.03 0.00  2.4  2.7  3.3  2.3 1003.7  994.8   NA  9.4 -58.1  160.2     NA  2.7 
1930/12/07 09:00:00  1.97 0.00  2.4  2.7  3.3  2.3 1001.0  994.8   NA  9.4 -58.3  160.3     NA  2.7 
1930/12/07 13:00:00  1.95 0.00  2.8  2.7  3.8  2.3  994.1  994.8   NA  9.4 -58.5  160.5     NA  2.7 
1930/12/07 17:00:00  2.01 0.00  2.4  2.7  3.7  2.3  992.3  994.8   NA  9.4 -58.8  160.6     NA  2.7 
1930/12/07 21:00:00  2.03 0.00  1.4  2.0  2.4  2.0  993.1  993.4   NA  9.2 -59.0  160.8     NA  0.0 
1930/12/08 01:00:00  1.96 0.00  1.3  2.0  1.7  2.0  996.8  993.6   NA  9.2 -59.3  161.0     NA  0.0 
1930/12/08 05:00:00  2.24 0.01  1.4  2.3  1.4  2.4  997.9  993.6   NA  9.2 -59.5  161.2     NA  0.0 
1930/12/08 09:00:00  2.17 0.01  2.4  2.3  1.4  2.4  995.8  993.6   NA  9.2 -59.8  161.4     NA  0.0 
1930/12/08 13:00:00  2.25 0.00  0.9  1.5  0.2  2.0  993.5  992.5   NA  9.0 -60.1  161.6     NA  0.0 
1930/12/08 17:00:00  2.24 0.00  1.2  1.5  0.4  2.0  990.5  992.5   NA  9.0 -60.3  161.8     NA  0.0 
1930/12/08 21:00:00  2.23 0.00  1.1  1.7  0.1  2.2  991.7  992.6   NA  9.0 -60.6  162.0     NA  0.0 
1930/12/09 01:00:00  2.18 0.00  0.6  1.8 -0.5  2.2  993.3  992.7   NA  9.0 -60.9  162.2     NA  0.0 
1930/12/09 05:00:00  2.18 0.01  0.3  0.8  0.0  1.5  994.3  991.8   NA  8.6 -61.1  162.5     NA  0.0 
1930/12/09 09:00:00  2.20 0.01  0.2  0.8  0.0  1.5  994.1  991.8   NA  8.6 -61.4  162.7     NA  0.0 
1930/12/09 13:00:00  2.25 0.01  0.1  0.8  0.0  1.5  994.0  991.8   NA  8.6 -61.7  162.9     NA  0.0 
1930/12/09 17:00:00  2.19 0.01 -0.1  1.1 -0.1  1.7  992.1  991.9   NA  8.7 -61.9  163.2     NA  0.0 
1930/12/09 21:00:00  2.17 0.20 -0.4  0.3 -0.4  1.1  991.0  990.9   NA  8.3 -62.2  163.4     NA  0.0 
1930/12/10 00:00:00  2.18 0.20 -0.1  0.4 -0.2  1.1  989.8  991.1   NA  8.3 -62.4  163.6     NA  0.0 
1930/12/10 04:00:00  2.20 0.00 -0.3  0.6 -1.0  1.2  988.2  991.1   NA  8.3 -62.5  164.2     NA  0.0 
1930/12/10 08:00:00  2.13 0.00 -0.7  0.6 -2.3  1.2  988.1  991.1   NA  8.3 -62.6  164.7     NA  0.0 
1930/12/10 12:00:00  2.19 0.00 -0.9  0.7 -2.8  1.4  987.6  991.1   NA  8.3 -62.8  165.3     NA  0.0 
1930/12/10 16:00:00  2.15 0.00 -0.8  0.7 -3.6  1.4  986.9  991.1   NA  8.3 -62.9  165.8     NA  0.0 
1930/12/10 20:00:00  2.17 0.20 -1.1 -0.3 -3.2  0.8  985.4  990.1   NA  7.9 -63.0  166.4     NA  0.0 
1930/12/11 00:00:00  2.13 0.19 -0.5 -0.3 -2.7  0.9  984.4  990.3   NA  7.9 -63.1  166.9     NA  0.0 
1930/12/11 04:00:00  2.29 0.22  0.2 -0.3 -2.3  0.9  983.4  990.2   NA  8.0 -63.2  167.5     NA  0.0 
1930/12/11 08:00:00  2.22 0.22 -0.6 -0.3 -2.3  0.8  983.2  990.2   NA  8.0 -63.4  168.1     NA  0.0 
1930/12/11 12:00:00  2.27 0.22 -0.3 -0.3 -2.4  0.8  983.2  990.2   NA  8.0 -63.5  168.7     NA  0.0 
1930/12/11 16:00:00  2.26 0.21 -0.2  0.1 -2.6  0.8  982.2  990.1   NA  8.1 -63.6  169.3     NA  0.0 
1930/12/11 20:00:00  2.26 0.21 -0.5  0.1 -3.1  0.8  982.0  990.1   NA  8.1 -63.8  169.9     NA  0.0 
1930/12/12 00:00:00  2.20 0.20 -0.6  0.4 -3.2  0.9  982.1  990.2   NA  8.1 -63.9  170.4     NA  0.0 
1930/12/12 04:00:00  1.59 0.20 -0.6  0.4   NA  0.9  982.1  990.2   NA  8.1 -63.9  170.9     NA  0.0 
1930/12/12 08:00:00  1.58 0.19 -1.2  0.5 -2.8  1.1  982.6  990.1   NA  8.1 -63.9  171.3     NA  0.0 
1930/12/12 12:00:00  1.59 0.19 -1.6  0.5 -2.9  1.1  983.8  990.1   NA  8.1 -64.0  171.8     NA  0.0 
1930/12/12 16:00:00  1.61 0.30 -1.6 -0.2 -3.5  0.6  985.1  989.0   NA  7.8 -64.0  172.3     NA  0.0 
1930/12/12 20:00:00  1.59 0.30 -1.7 -0.2 -3.8  0.6  986.5  989.0   NA  7.8 -64.0  172.7     NA  0.0 
1930/12/13 00:00:00  1.57 0.27 -1.6 -0.1 -3.8  0.9  988.6  989.1   NA  7.8 -64.1  173.2     NA  0.0 
1930/12/13 04:00:00  2.23 0.27 -1.3 -0.1 -3.3  0.9  990.1  989.1   NA  7.8 -64.1  173.8     NA  0.0 
1930/12/13 08:00:00  2.26 0.22 -1.5 -0.1 -3.4  1.0  992.3  989.1   NA  7.8 -64.2  174.5     NA  0.0 
1930/12/13 12:00:00  2.22 0.21 -1.6 -0.0 -3.4  1.0  993.5  989.0   NA  7.9 -64.2  175.1     NA  0.0 
1930/12/13 16:00:00  2.24 0.21 -1.5 -0.0 -3.3  1.0  994.5  989.0   NA  7.9 -64.3  175.8     NA  0.0 
1930/12/13 20:00:00  2.21 0.20 -0.9  0.1 -2.7  1.1  995.4  988.9   NA  7.9 -64.3  176.5     NA  0.0 
1930/12/14 00:00:00  2.22 0.19 -0.5  0.3 -2.3  1.4  996.3  989.0   NA  7.9 -64.4  177.1     NA  0.0 
1930/12/14 04:00:00  1.79 0.19 -1.0  0.3 -2.2  1.4  996.7  989.0   NA  7.9 -64.6  177.3     NA  0.0 
1930/12/14 08:00:00  1.78 0.19 -0.3  0.3 -1.7  1.4  997.1  989.0   NA  7.9 -64.8  177.5     NA  0.0 
1930/12/14 12:00:00  1.79 0.27 -0.4 -0.2 -1.3  1.1  997.7  988.2   NA  7.6 -65.0  177.8     NA  0.0 
1930/12/14 16:00:00  1.77 0.27 -0.6 -0.2 -1.4  1.1  998.7  988.2   NA  7.6 -65.2  178.0     NA  0.0 
1930/12/14 20:00:00  1.71 0.24 -1.3 -0.1 -1.7  1.2  999.8  988.1   NA  7.6 -65.4  178.2     NA  0.0 
1930/12/15 00:00:00  1.79 0.22 -1.1 -0.1 -0.6  1.3 1000.5  988.3   NA  7.6 -65.6  178.4     NA  0.0 
1930/12/15 04:00:00  0.08 0.22 -1.0 -0.1 -0.1  1.3 1001.6  988.3   NA  7.6 -65.6  178.4     NA  0.0 
1930/12/15 08:00:00  0.08 0.22 -0.7 -0.1 -0.6  1.3 1002.3  988.3   NA  7.6 -65.6  178.5     NA  0.0 
1930/12/15 12:00:00  0.08 0.22 -0.7 -0.1 -0.9  1.3 1002.6  988.3   NA  7.6 -65.7  178.5     NA  0.0 
1930/12/15 16:00:00  0.08 0.22 -0.8 -0.1 -0.7  1.3 1002.3  988.3   NA  7.6 -65.7  178.5     NA  0.0 
1930/12/15 20:00:00  0.08 0.22 -0.9 -0.1 -1.1  1.3 1001.9  988.3   NA  7.6 -65.7  178.5     NA  0.0 
1930/12/16 00:00:00  0.08 0.21 -0.6 -0.1 -0.7  1.4 1001.0  988.5   NA  7.6 -65.7  178.5     NA  0.0 
1930/12/16 04:00:00  1.54 0.21 -0.5 -0.1 -0.7  1.4  999.5  988.5   NA  7.6 -65.5  178.2     NA  0.0 
1930/12/16 08:00:00  1.61 0.24 -0.7 -0.1 -0.7  1.3  997.9  988.6   NA  7.6 -65.3  177.9     NA  0.0 
1930/12/16 12:00:00  1.55 0.24 -1.2 -0.1 -1.1  1.3  994.8  988.6   NA  7.6 -65.2  177.6     NA  0.0 
1930/12/16 16:00:00  1.62 0.24 -1.2 -0.1 -1.1  1.3  995.3  988.6   NA  7.6 -65.0  177.3     NA  0.0 
1930/12/16 20:00:00  1.56 0.17 -1.5  0.3 -0.9  1.6  997.8  989.4   NA  7.9 -64.9  177.0     NA  0.0 
1930/12/17 00:00:00  1.62 0.16 -0.4  0.2 -0.6  1.5  999.4  989.7   NA  7.8 -64.7  176.7     NA  0.0 
1930/12/17 04:00:00  1.95 0.16 -0.9  0.2 -1.1  1.5 1000.0  989.7   NA  7.8 -64.6  176.2     NA  0.0 
1930/12/17 08:00:00  1.89 0.17 -0.9  0.1 -0.9  1.4 1000.0  989.7   NA  7.8 -64.5  175.7     NA  0.0 
1930/12/17 12:00:00  1.96 0.17 -0.8  0.1 -0.5  1.4 1000.1  989.7   NA  7.8 -64.4  175.2     NA  0.0 
1930/12/17 16:00:00  1.90 0.18 -1.2 -0.0 -0.6  1.3 1001.7  989.8   NA  7.8 -64.3  174.6     NA  0.0 
1930/12/17 20:00:00  1.97 0.18 -1.3 -0.0 -0.1  1.3 1002.5  989.8   NA  7.8 -64.2  174.1     NA  0.0 
1930/12/18 00:00:00  1.94 0.22 -1.3  0.0 -0.1  1.3 1002.9  990.1   NA  7.7 -64.0  173.6     NA  0.0 
1930/12/18 04:00:00  1.80 0.22 -0.6  0.0 -0.1  1.3 1002.2  990.1   NA  7.7 -64.1  173.0     NA  0.0 
1930/12/18 08:00:00  1.77 0.24 -0.9 -0.0 -0.1  1.0 1001.6  990.2   NA  7.7 -64.1  172.5     NA  0.0 
1930/12/18 12:00:00  1.79 0.24 -0.5 -0.0  0.0  0.8 1001.7  990.3   NA  7.7 -64.1  172.0     NA  0.0 
1930/12/18 16:00:00  1.77 0.24 -0.9 -0.0 -1.3  0.8 1001.0  990.3   NA  7.7 -64.2  171.5     NA  0.0 
1930/12/18 20:00:00  1.80 0.19 -0.4 -0.1 -0.6  0.6 1001.9  990.4   NA  7.6 -64.2  170.9     NA  0.0 
1930/12/19 00:00:00  1.77 0.17 -0.6 -0.1 -0.6  0.6 1005.4  990.6   NA  7.6 -64.2  170.4     NA  0.0 
1930/12/19 04:00:00  1.48 0.17 -0.6 -0.1 -0.6  0.6 1009.5  990.6   NA  7.6 -64.1  170.0     NA  0.0 
1930/12/19 08:00:00  1.52 0.17 -0.6 -0.2 -0.9  0.6 1012.9  990.7   NA  7.6 -64.0  169.6     NA  0.0 
1930/12/19 12:00:00  1.49 0.13 -0.8  0.4 -0.9  1.1 1014.9  991.7   NA  7.9 -64.0  169.2     NA  0.0 
1930/12/19 16:00:00  1.53 0.14 -0.8  0.0 -0.4  1.2 1016.2  991.7   NA  7.9 -63.9  168.8     NA  0.0 
1930/12/19 20:00:00  1.53 0.14 -0.3  0.0  0.0  1.2 1017.8  991.7   NA  7.9 -63.8  168.4     NA  0.0 
1930/12/20 00:00:00  1.50 0.13 -0.6  0.1  0.0  1.2 1017.8  991.9   NA  7.9 -63.7  168.0     NA  0.0 
1930/12/20 04:00:00  2.00 0.13 -0.6  0.0  0.9  1.2 1017.6  991.9   NA  7.8 -63.6  167.5     NA  0.0 
1930/12/20 08:00:00  2.01 0.18 -0.5  0.0  0.3  1.2 1017.1  992.0   NA  7.8 -63.6  166.9     NA  0.0 
1930/12/20 12:00:00  1.97 0.18 -0.7  0.0 -0.2  1.2 1017.4  992.0   NA  7.8 -63.6  166.3     NA  0.0 
1930/12/20 16:00:00  2.02 0.18 -0.4 -0.1   NA  1.2 1015.4  992.0   NA  7.8 -63.5  165.7     NA  0.0 
1930/12/20 20:00:00  2.01 0.18 -1.0 -0.1   NA  1.2 1013.2  992.0   NA  7.8 -63.5  165.1     NA  0.0 
1930/12/21 01:00:00  2.01 0.20 -0.6 -0.0  0.4  1.1 1008.4  992.2   NA  7.7 -63.5  164.5     NA  0.0 
1930/12/21 05:00:00  3.02 0.17 -0.4  0.0  0.6  1.0 1002.9  992.2   NA  7.7 -63.5  163.6     NA  0.0 
1930/12/21 09:00:00  2.98 0.19 -0.4  0.0  0.6  0.9  997.4  992.2   NA  7.6 -63.6  162.8     NA  0.0 
1930/12/21 13:00:00  3.01 0.20 -0.2  0.1  0.6  0.8  991.8  992.2   NA  7.6 -63.6  161.9     NA  0.0 
1930/12/21 17:00:00  2.98 0.20 -0.2  0.1  0.6  0.8  985.3  992.2   NA  7.6 -63.7  161.0     NA  0.0 
1930/12/21 21:00:00  3.00 0.17 -0.2  0.1  0.3  0.7  982.2  992.2   NA  7.6 -63.7  160.2     NA  0.0 
1930/12/22 01:00:00  2.96 0.16 -0.3  0.1  0.5  0.7  978.9  992.4   NA  7.5 -63.8  159.2     NA  0.0 
1930/12/22 05:00:00  2.62 0.15 -0.9  0.1  0.0  0.6  976.4  992.4   NA  7.5 -63.9  158.5     NA  0.0 
1930/12/22 09:00:00  2.59 0.15 -1.1  0.1 -0.6  0.5  975.2  992.5   NA  7.5 -63.9  157.8     NA  0.0 
1930/12/22 13:00:00  2.58 0.27 -0.8 -0.0 -0.9 -0.1  974.5  991.8   NA  7.1 -64.0  157.0     NA  0.0 
1930/12/22 17:00:00  2.62 0.27 -0.2 -0.1 -0.7 -0.1  974.0  991.9   NA  7.1 -64.1  156.3     NA  0.0 
1930/12/22 21:00:00  2.57 0.29 -0.3 -0.0 -0.6 -0.1  974.8  991.9   NA  7.1 -64.2  155.5     NA  0.0 
1930/12/23 01:00:00  2.56 0.32 -0.1 -0.1 -1.1  0.0  976.1  992.1   NA  7.0 -64.2  154.8     NA  0.0 
1930/12/23 05:00:00  0.85 0.32 -0.1 -0.1 -0.9  0.0  977.4  992.1   NA  7.0 -64.3  154.5     NA  0.0 
1930/12/23 09:00:00  0.85 0.32 -0.1 -0.1 -0.8  0.0  979.3  992.1   NA  7.0 -64.3  154.2     NA  0.0 
1930/12/23 13:00:00  0.87 0.34 -0.4 -0.1 -0.6  0.1  980.5  992.1   NA  7.0 -64.3  154.0     NA  0.0 
1930/12/23 17:00:00  0.85 0.34 -0.5 -0.1 -0.9  0.1  979.2  992.1   NA  7.0 -64.3  153.7     NA  0.0 
1930/12/23 21:00:00  0.85 0.34 -0.7 -0.1 -0.8  0.1  980.3  992.1   NA  7.0 -64.3  153.5     NA  0.0 
1930/12/24 01:00:00  0.86 0.33 -0.6 -0.0 -0.7  0.2  982.1  992.3   NA  7.0 -64.4  153.2     NA  0.0 
1930/12/24 05:00:00  1.57 0.32 -0.8 -0.0 -0.6  0.3  985.1  992.3   NA  7.0 -64.4  152.8     NA  0.0 
1930/12/24 09:00:00  1.60 0.32 -0.1 -0.0 -0.1  0.3  988.1  992.3   NA  7.0 -64.4  152.3     NA  0.0 
1930/12/24 13:00:00  1.57 0.30 -0.2  0.0 -0.7  0.4  990.9  992.3   NA  6.9 -64.4  151.8     NA  0.0 
1930/12/24 17:00:00  1.61 0.30 -0.2  0.0 -0.7  0.4  991.8  992.3   NA  6.9 -64.4  151.3     NA  0.0 
1930/12/24 21:00:00  1.57 0.26 -0.4 -0.0 -0.6  0.5  994.5  992.4   NA  6.9 -64.4  150.9     NA  0.0 
1930/12/25 01:00:00  1.60 0.25 -0.7  0.0 -0.4  0.5  994.1  992.5   NA  6.9 -64.4  150.4     NA  0.0 
1930/12/25 05:00:00  1.92 0.20 -0.5  0.0 -0.4  0.6  995.4  992.5   NA  6.9 -64.5  149.9     NA  0.0 
1930/12/25 09:00:00  1.90 0.20 -0.5  0.0 -0.9  0.6  996.3  992.5   NA  6.9 -64.7  149.4     NA  0.0 
1930/12/25 13:00:00  1.91 0.15 -0.8  0.0 -1.8  0.6  996.0  992.5   NA  6.9 -64.8  149.0     NA  0.0 
1930/12/25 17:00:00  1.90 0.15 -1.3  0.0 -1.3  0.6  997.9  992.5   NA  6.9 -65.0  148.5     NA  0.0 
1930/12/25 21:00:00  1.88 0.24 -0.8 -0.1 -1.1  0.2  996.5  992.2   NA  6.7 -65.1  148.1     NA  0.0 
1930/12/26 02:00:00  1.88 0.16 -0.7 -0.1 -0.4  0.3  996.8  992.3   NA  6.7 -65.3  147.5     NA  0.0 
1930/12/26 06:00:00  0.21 0.16 -0.6 -0.1 -0.3  0.3  995.9  992.3   NA  6.7 -65.3  147.5     NA  0.0 
1930/12/26 10:00:00  0.21 0.16 -0.9 -0.1  0.0  0.3  995.9  992.3   NA  6.7 -65.2  147.4     NA  0.0 
1930/12/26 14:00:00  0.21 0.16 -1.0 -0.1 -0.1  0.3  994.5  992.3   NA  6.7 -65.2  147.3     NA  0.0 
1930/12/26 18:00:00  0.21 0.16 -1.2 -0.1 -0.4  0.3  993.2  992.3   NA  6.7 -65.2  147.3     NA  0.0 
1930/12/26 22:00:00  0.21 0.16 -1.0 -0.1 -0.4  0.3  991.3  992.3   NA  6.7 -65.2  147.2     NA  0.0 
1930/12/27 02:00:00  0.21 0.16 -0.7 -0.1 -0.6  0.4  987.3  992.4   NA  6.7 -65.2  147.2     NA  0.0 
1930/12/27 06:00:00  0.78 0.11 -0.6 -0.0 -0.5  0.4  983.7  992.4   NA  6.7 -65.2  147.0     NA  0.0 
1930/12/27 10:00:00  0.81 0.11 -0.4 -0.0 -0.4  0.4  980.1  992.4   NA  6.7 -65.1  146.7     NA  0.0 
1930/12/27 14:00:00  0.78 0.11 -1.0 -0.0 -1.0  0.4  978.7  992.4   NA  6.7 -65.1  146.5     NA  0.0 
1930/12/27 18:00:00  0.81 0.11 -1.0 -0.0 -1.2  0.4  977.8  992.4   NA  6.7 -65.0  146.3     NA  0.0 
1930/12/27 22:00:00  0.78 0.11 -0.1 -0.0 -1.2  0.4  979.4  992.4   NA  6.7 -65.0  146.1     NA  0.0 
1930/12/28 02:00:00  0.80 0.05 -0.3  0.2 -1.5  1.0  982.0  992.9   NA  6.9 -65.0  145.8     NA  0.0 
1930/12/28 06:00:00  1.87 0.05 -0.2  0.2 -1.5  1.0  985.0  992.9   NA  6.9 -65.0  145.3     NA  0.0 
1930/12/28 10:00:00  1.86 0.06 -0.5  0.2 -0.8  0.9  986.9  992.8   NA  6.9 -65.0  144.7     NA  0.0 
1930/12/28 14:00:00  1.83 0.11 -0.6 -0.0 -1.2  0.5  988.9  992.6   NA  6.8 -65.0  144.1     NA  0.0 
1930/12/28 18:00:00  1.87 0.11 -0.4 -0.0   NA  0.4  990.5  992.5   NA  6.8 -65.0  143.6     NA  0.0 
1930/12/28 22:00:00  1.86 0.12 -0.3 -0.0 -1.1  0.2  990.7  992.5   NA  6.9 -65.0  143.0     NA  0.0 
1930/12/29 02:00:00  1.86 0.12 -0.3 -0.0 -2.2  0.3  992.3  992.6   NA  6.9 -65.1  142.4     NA  0.0 
1930/12/29 06:00:00  1.33 0.12   NA -0.0   NA  0.3  992.6  992.6   NA  6.9 -65.2  142.3     NA  0.0 
1930/12/29 10:00:00  1.34 0.12   NA -0.0   NA  0.3  992.3  992.6   NA  6.9 -65.4  142.2     NA  0.0 
1930/12/29 14:00:00  1.26 0.12 -0.5 -0.0 -2.8  0.3  991.8  992.6   NA  6.9 -65.6  142.2     NA  0.0 
1930/12/29 18:00:00  1.34 0.12 -0.4 -0.0 -2.1  0.3  990.5  992.6   NA  6.9 -65.7  142.1     NA  0.0 
1930/12/29 22:00:00  1.33 0.12 -0.8 -0.0   NA  0.3  991.6  992.6   NA  6.9 -65.9  142.0     NA  0.0 
1930/12/30 02:00:00  1.33 0.16 -1.2 -0.1 -3.1 -0.1  990.6  992.7   NA  6.4 -66.1  142.0     NA  0.0 
1930/12/30 06:00:00  0.50 0.16 -1.3 -0.1   NA -0.1  988.9  992.7   NA  6.4 -66.1  141.8     NA  0.0 
1930/12/30 10:00:00  0.50 0.16 -1.3 -0.1 -1.7 -0.1  988.9  992.7   NA  6.4 -66.1  141.6     NA  0.0 
1930/12/30 14:00:00  0.47 0.16 -1.4 -0.1 -1.6 -0.1  987.6  992.7   NA  6.4 -66.1  141.5     NA  0.0 
1930/12/30 18:00:00  0.51 0.16 -1.3 -0.1 -1.7 -0.1  986.3  992.7   NA  6.4 -66.1  141.3     NA  0.0 
1930/12/30 22:00:00  0.50 0.16 -1.2 -0.1 -2.2 -0.1  985.1  992.7   NA  6.4 -66.1  141.2     NA  0.0 
1930/12/31 02:00:00  0.50 0.19 -1.2 -0.1 -2.2 -0.1  986.3  992.8   NA  6.3 -66.1  141.0     NA  0.0 
1930/12/31 06:00:00  0.76 0.22 -1.3 -0.1 -2.1 -0.1  986.4  992.8   NA  6.5 -66.1  140.8     NA  0.0 
1930/12/31 10:00:00  0.80 0.22 -1.3 -0.1 -1.7 -0.1  987.6  992.8   NA  6.5 -66.0  140.5     NA  0.0 
1930/12/31 14:00:00  0.76 0.22 -1.3 -0.1 -1.7 -0.1  988.5  992.8   NA  6.5 -66.0  140.3     NA  0.0 
1930/12/31 18:00:00  0.79 0.22 -1.3 -0.1 -1.6 -0.1  988.7  992.8   NA  6.5 -66.0  140.0     NA  0.0 
1930/12/31 22:00:00  0.77 0.30 -1.3  0.0 -1.3  0.1  989.5  992.8   NA  6.6 -66.0  139.8     NA  0.0 
1931/01/01 02:00:00  0.77 0.32 -1.3  0.1 -1.4  0.1  990.2  992.9   NA  6.6 -66.0  139.5     NA  0.0 
1931/01/01 06:00:00  0.42 0.30 -1.3  0.1 -1.2  0.1  989.9  992.9   NA  6.9 -66.0  139.4     NA  0.0 
1931/01/01 10:00:00  0.44 0.30 -1.5  0.1 -2.1  0.1  989.8  992.9   NA  6.9 -66.0  139.3     NA  0.0 
1931/01/01 14:00:00  0.42 0.30 -1.6  0.1 -1.5  0.1  989.4  992.9   NA  6.9 -66.0  139.1     NA  0.0 
1931/01/01 18:00:00  0.42 0.30 -1.7  0.1 -1.6  0.1  988.5  992.9   NA  6.9 -66.0  139.0     NA  0.0 
1931/01/01 22:00:00  0.44 0.35 -1.6 -0.1 -1.7  0.0  988.8  992.8   NA  6.9 -65.9  138.9     NA  0.0 
1931/01/02 02:00:00  0.41 0.35 -1.4 -0.0 -1.7  0.0  989.4  992.9   NA  6.8 -65.9  138.8     NA  0.0 
1931/01/02 06:00:00  1.52 0.33 -1.6  0.1 -1.7  0.2  989.7  993.0   NA  6.5 -66.0  139.2     NA  0.0 
1931/01/02 10:00:00  1.54 0.33 -1.3  0.1 -1.7  0.2  989.9  993.0   NA  6.5 -66.1  139.6     NA  0.0 
1931/01/02 14:00:00  1.48 0.27 -1.4 -0.1 -1.7 -0.1  990.7  993.1   NA  6.4 -66.2  140.1     NA  0.0 
1931/01/02 18:00:00  1.50 0.27 -1.3 -0.1 -1.8 -0.1  991.7  993.1   NA  6.4 -66.2  140.5     NA  0.0 
1931/01/02 22:00:00  1.53 0.27 -1.3 -0.1 -2.2 -0.1  992.4  993.1   NA  6.4 -66.3  140.9     NA  0.0 
1931/01/03 02:00:00  1.50 0.27 -1.2 -0.1 -1.3 -0.1  992.3  993.2   NA  6.2 -66.4  141.4     NA  0.0 
1931/01/03 06:00:00  0.95 0.27 -1.4 -0.1 -0.8 -0.1  993.7  993.2   NA  6.2 -66.5  141.6     NA  0.0 
1931/01/03 10:00:00  0.97 0.27 -1.3 -0.1 -0.1 -0.1  995.6  993.2   NA  6.2 -66.6  141.8     NA  0.0 
1931/01/03 14:00:00  1.00 0.26 -1.1 -0.1  0.4 -0.1  998.8  993.2   NA  6.0 -66.7  142.0     NA  0.0 
1931/01/03 18:00:00  0.97 0.26 -1.1 -0.1 -0.4 -0.1  999.9  993.2   NA  6.0 -66.8  142.2     NA  0.0 
1931/01/03 22:00:00  0.94 0.26 -1.1 -0.1 -2.8 -0.1 1001.9  993.2   NA  6.0 -66.9  142.4     NA  0.0 
1931/01/04 02:00:00  0.95 0.25 -1.0 -0.0 -1.2 -0.2 1002.3  993.3   NA  6.0 -67.0  142.7     NA  0.0 
1931/01/04 06:00:00  0.03 0.25 -1.0 -0.0  0.5 -0.2 1001.9  993.3   NA  6.0 -67.0  142.6     NA  0.0 
1931/01/04 10:00:00  0.00 0.25 -1.0 -0.0  0.0 -0.2 1002.2  993.3   NA  6.0 -67.0  142.6     NA  0.0 
1931/01/04 14:00:00  0.03 0.25 -1.0 -0.0 -3.1 -0.2 1002.5  993.3   NA  6.0 -67.0  142.6     NA  0.0 
1931/01/04 18:00:00  0.08 0.25 -1.1 -0.0 -3.8 -0.2 1002.6  993.3   NA  6.0 -67.0  142.6     NA  0.0 
1931/01/04 22:00:00  0.03 0.25 -1.0 -0.0 -1.6 -0.2 1002.0  993.3   NA  6.0 -67.0  142.6     NA  0.0 
1931/01/05 02:00:00  0.00 0.25 -0.8 -0.0 -0.9 -0.2 1002.9  993.4   NA  6.0 -67.0  142.6     NA  0.0 
1931/01/05 06:00:00  0.00 0.25 -0.5 -0.0 -1.2 -0.2 1001.4  993.4   NA  6.0 -67.0  142.6     NA  0.0 
1931/01/05 10:00:00  0.00 0.25   NA -0.0   NA -0.2 1000.2  993.4   NA  6.0 -67.0  142.6     NA  0.0 
1931/01/05 14:00:00  0.00 0.25 -0.7 -0.0 -2.1 -0.2  998.4  993.4   NA  6.0 -67.0  142.6     NA  0.0 
1931/01/05 18:00:00  0.00 0.25 -0.9 -0.0 -3.0 -0.2  996.6  993.4   NA  6.0 -67.0  142.6     NA  0.0 
1931/01/05 22:00:00  0.00 0.25 -0.8 -0.0 -1.6 -0.2  996.8  993.4   NA  6.0 -67.0  142.6     NA  0.0 
1931/01/06 02:00:00  0.00 0.25 -0.4 -0.0 -1.6 -0.2  996.5  993.5   NA  6.0 -67.0  142.6     NA  0.0 
1931/01/06 06:00:00  2.08 0.26 -0.3 -0.0 -1.1 -0.1  997.2  993.5   NA  6.2 -66.9  142.0     NA  0.0 
1931/01/06 10:00:00  2.10 0.26 -0.3 -0.0 -1.3 -0.1  998.2  993.5   NA  6.2 -66.8  141.3     NA  0.0 
1931/01/06 14:00:00  2.10 0.28 -1.1 -0.0 -2.2 -0.1  997.6  993.4   NA  6.4 -66.7  140.7     NA  0.0 
1931/01/06 18:00:00  2.10 0.28 -1.0 -0.0 -2.8 -0.1  997.9  993.4   NA  6.4 -66.6  140.1     NA  0.0 
1931/01/06 22:00:00  2.11 0.32 -1.2  0.1 -2.0  0.1  998.5  993.4   NA  6.5 -66.5  139.4     NA  0.0 
1931/01/07 02:00:00  2.13 0.35 -1.1  0.1 -1.7 -0.0  999.8  993.4   NA  6.6 -66.4  138.8     NA  0.0 
1931/01/07 06:00:00  0.79 0.32 -1.1  0.2 -1.2  0.1 1000.5  993.5   NA  6.5 -66.4  139.0     NA  0.0 
1931/01/07 10:00:00  0.78 0.32 -0.8  0.2 -1.2  0.1 1001.2  993.5   NA  6.5 -66.3  139.2     NA  0.0 
1931/01/07 14:00:00  0.79 0.32 -1.1  0.2 -1.4  0.1 1000.6  993.5   NA  6.5 -66.3  139.5     NA  0.0 
1931/01/07 18:00:00  0.79 0.32 -1.3  0.2 -1.2  0.1  999.6  993.5   NA  6.5 -66.3  139.8     NA  0.0 
1931/01/07 22:00:00  0.78 0.28 -1.2 -0.0 -1.8 -0.2  999.2  993.5   NA  6.4 -66.3  140.0     NA  0.0 
1931/01/08 02:00:00  0.80 0.28 -0.8 -0.0 -0.9 -0.2  997.7  993.6   NA  6.4 -66.3  140.2     NA  0.0 
1931/01/08 06:00:00  1.39 0.28 -0.8 -0.0 -0.8 -0.2  997.3  993.6   NA  6.4 -66.1  140.1     NA  0.0 
1931/01/08 10:00:00  1.39 0.29 -1.2  0.2 -1.7  0.1  996.4  993.5   NA  6.8 -65.9  140.0     NA  0.0 
1931/01/08 14:00:00  1.40 0.29 -1.2  0.2 -2.4  0.1  996.2  993.5   NA  6.8 -65.8  139.8     NA  0.0 
1931/01/08 18:00:00  1.40 0.29 -1.3  0.2 -2.4  0.1  995.9  993.5   NA  6.8 -65.6  139.7     NA  0.0 
1931/01/08 22:00:00  1.47 0.29 -0.6  0.2 -1.4  0.1  996.9  993.5   NA  6.8 -65.4  139.5     NA  0.0 
1931/01/09 02:00:00  1.38 0.29 -0.2  0.2 -1.0  0.1  997.3  993.6   NA  6.8 -65.2  139.3     NA  0.0 
1931/01/09 06:00:00  2.45 0.30  0.4  0.1 -1.4 -0.1  997.9  993.5   NA  6.8 -65.1  138.7     NA  0.0 
1931/01/09 10:00:00  2.46 0.21 -0.3  0.1 -1.3 -0.2  997.3  993.4   NA  6.8 -65.0  138.0     NA  0.0 
1931/01/09 14:00:00  2.44 0.19 -0.3  0.2 -1.7  0.2  997.1  993.5   NA  6.8 -64.9  137.3     NA  0.0 
1931/01/09 18:00:00  2.48 0.19 -0.3  0.2 -1.0  0.2  995.4  993.5   NA  6.8 -64.8  136.6     NA  0.0 
1931/01/09 22:00:00  2.49 0.19  0.4  0.2 -1.4  0.1  994.1  993.4   NA  6.7 -64.7  135.9     NA  0.0 
1931/01/10 03:00:00  2.48 0.18 -1.5  0.2 -0.6  0.1  993.5  993.4   NA  6.8 -64.5  135.1     NA  0.0 
1931/01/10 07:00:00  2.98 0.20 -1.0  0.2 -0.1  0.1  989.8  993.3   NA  6.8 -64.6  134.2     NA  0.0 
1931/01/10 11:00:00  3.02 0.20 -1.1  0.3 -0.9  0.2  989.0  993.2   NA  6.7 -64.6  133.3     NA  0.0 
1931/01/10 15:00:00  2.97 0.19 -1.2  0.3 -1.0  0.3  986.4  993.0   NA  6.7 -64.7  132.4     NA  0.0 
1931/01/10 19:00:00  3.00 0.22 -1.3  0.3 -1.0  0.4  985.6  992.9   NA  6.7 -64.7  131.5     NA  0.0 
1931/01/10 23:00:00  2.96 0.26 -0.9  0.4 -0.9  0.2  984.1  992.8   NA  6.6 -64.8  130.6     NA  0.0 
1931/01/11 03:00:00  2.98 0.33 -1.6  0.3 -1.7  0.0  984.4  992.7   NA  6.5 -64.8  129.7     NA  0.0 
1931/01/11 07:00:00  0.20 0.33 -1.7  0.3 -1.7  0.0  982.7  992.7   NA  6.5 -64.8  129.6     NA  0.0 
1931/01/11 11:00:00  0.20 0.33 -1.6  0.3 -1.9  0.0  980.5  992.7   NA  6.5 -64.8  129.5     NA  0.0 
1931/01/11 15:00:00  0.20 0.33 -1.7  0.3 -2.1  0.0  979.7  992.7   NA  6.5 -64.8  129.5     NA  0.0 
1931/01/11 19:00:00  0.20 0.33 -1.6  0.3 -1.4  0.0  981.6  992.7   NA  6.5 -64.8  129.4     NA  0.0 
1931/01/11 23:00:00  0.20 0.33 -1.6  0.3 -1.2  0.0  985.6  992.7   NA  6.5 -64.8  129.3     NA  0.0 
1931/01/12 03:00:00  0.08 0.32 -1.5  0.3 -0.9 -0.0  988.7  992.7   NA  6.5 -64.8  129.3     NA  0.0 
1931/01/12 07:00:00  0.00 0.32 -1.4  0.3 -1.5 -0.0  988.7  992.7   NA  6.5 -64.8  129.3     NA  0.0 
1931/01/12 11:00:00  0.08 0.32 -1.0  0.3 -1.6 -0.0  987.5  992.7   NA  6.5 -64.8  129.3     NA  0.0 
1931/01/12 15:00:00  0.08 0.32 -1.1  0.3 -1.1 -0.0  984.2  992.7   NA  6.5 -64.8  129.3     NA  0.0 
1931/01/12 19:00:00  0.08 0.32 -1.0  0.3 -0.6 -0.0  982.2  992.7   NA  6.5 -64.8  129.3     NA  0.0 
1931/01/12 23:00:00  0.00 0.32 -1.2  0.3 -0.1 -0.0  989.2  992.7   NA  6.5 -64.8  129.3     NA  0.0 
1931/01/13 03:00:00  0.08 0.32 -1.5  0.4 -0.7 -0.1  993.0  992.7   NA  6.6 -64.8  129.3     NA  0.0 
1931/01/13 07:00:00  0.28 0.32 -1.6  0.4 -0.7 -0.1  994.6  992.7   NA  6.6 -64.8  129.4     NA  0.0 
1931/01/13 11:00:00  0.33 0.32 -1.5  0.4 -0.1 -0.1  995.1  992.7   NA  6.6 -64.8  129.5     NA  0.0 
1931/01/13 15:00:00  0.28 0.32 -1.4  0.4 -0.4 -0.1  995.0  992.7   NA  6.6 -64.9  129.6     NA  0.0 
1931/01/13 19:00:00  0.28 0.32 -1.5  0.4 -1.0 -0.1  994.8  992.7   NA  6.6 -64.9  129.6     NA  0.0 
1931/01/13 23:00:00  0.33 0.32 -1.2  0.4  0.0 -0.1  995.1  992.7   NA  6.6 -64.9  129.7     NA  0.0 
1931/01/14 03:00:00  0.28 0.31 -1.2  0.4 -0.1 -0.1  995.9  992.6   NA  6.6 -64.9  129.8     NA  0.0 
1931/01/14 07:00:00  2.59 0.35 -0.9  0.3  0.1 -0.2  996.4  992.5   NA  6.5 -64.9  129.0     NA  0.0 
1931/01/14 11:00:00  2.62 0.35 -0.7  0.3 -0.6 -0.2  996.7  992.5   NA  6.5 -64.9  128.2     NA  0.0 
1931/01/14 15:00:00  2.59 0.34 -1.4  0.3 -2.8 -0.3  997.8  992.3   NA  6.4 -64.9  127.4     NA  0.0 
1931/01/14 19:00:00  2.60 0.30 -0.8  0.3 -2.8 -0.3  999.3  992.1   NA  6.4 -64.9  126.6     NA  0.0 
1931/01/14 23:00:00  2.63 0.25 -0.7  0.3 -1.7 -0.4  999.5  992.0   NA  6.3 -64.8  125.8     NA  0.0 
1931/01/15 03:00:00  2.60 0.24 -0.8  0.4 -0.6 -0.5  999.3  991.7   NA  6.3 -64.8  125.0     NA  0.0 
1931/01/15 07:00:00  1.90 0.24 -1.1  0.4 -0.3 -0.5 1000.1  991.7   NA  6.3 -64.9  124.4     NA  0.0 
1931/01/15 11:00:00  1.93 0.24 -0.5  0.4 -1.6 -0.4  999.3  991.6   NA  6.2 -64.9  123.8     NA  0.0 
1931/01/15 15:00:00  1.88 0.24  0.3  0.4 -2.3 -0.4  999.2  991.6   NA  6.2 -64.9  123.2     NA  0.0 
1931/01/15 19:00:00  1.92 0.24 -1.3  0.4 -2.2 -0.3 1000.0  991.4   NA  6.2 -65.0  122.7     NA  0.0 
1931/01/15 23:00:00  1.89 0.29 -1.1  0.0 -2.1 -1.2 1000.1  991.4   NA  6.0 -65.0  122.1     NA  0.0 
1931/01/16 04:00:00  1.89 0.29 -1.1  0.0 -1.6 -1.2 1000.3  991.2   NA  5.9 -65.0  121.5     NA  0.0 
1931/01/16 08:00:00  2.23 0.25  0.2  0.5 -1.3 -0.4 1001.0  990.9   NA  6.1 -65.0  120.8     NA  0.0 
1931/01/16 12:00:00  2.21 0.25 -1.8  0.5 -2.3 -0.4 1001.3  990.9   NA  6.1 -64.9  120.2     NA  0.0 
1931/01/16 16:00:00  2.24 0.25 -1.6  0.5 -4.0 -0.3 1002.2  990.7   NA  6.0 -64.8  119.5     NA  0.0 
1931/01/16 20:00:00  2.22 0.21 -1.1  0.5 -3.7 -0.2 1003.1  990.6   NA  6.0 -64.7  118.9     NA  0.0 
1931/01/17 00:00:00  2.25 0.21 -1.2  0.5 -2.9 -0.2 1004.2  990.5   NA  6.0 -64.6  118.2     NA  0.0 
1931/01/17 04:00:00  2.27 0.20 -0.6  0.4 -2.3 -0.0 1006.6  990.3   NA  5.9 -64.5  117.6     NA  0.0 
1931/01/17 08:00:00  0.88 0.20 -0.6  0.4 -0.9 -0.0 1007.6  990.3   NA  5.9 -64.5  117.3     NA  0.0 
1931/01/17 12:00:00  0.88 0.20 -0.9  0.4 -1.7 -0.0 1007.5  990.3   NA  5.9 -64.4  117.1     NA  0.0 
1931/01/17 16:00:00  0.88 0.21 -0.8  0.3 -2.0  0.1 1006.8  990.1   NA  5.9 -64.4  116.8     NA  0.0 
1931/01/17 20:00:00  0.88 0.21 -0.9  0.3 -1.4  0.1 1005.1  990.1   NA  5.9 -64.4  116.5     NA  0.0 
1931/01/18 00:00:00  0.88 0.21 -0.8  0.3 -1.4  0.0 1000.6  990.0   NA  5.9 -64.4  116.3     NA  0.0 
1931/01/18 04:00:00  0.86 0.21  0.0  0.3 -0.8  0.0  999.5  990.0   NA  5.9 -64.3  116.0     NA  0.0 
1931/01/18 08:00:00  0.23 0.24 -0.7  0.4 -0.9  0.1  996.4  989.8   NA  5.9 -64.3  116.0     NA  0.0 
1931/01/18 12:00:00  0.21 0.24 -1.4  0.4 -0.6  0.1  994.6  989.8   NA  5.9 -64.3  115.9     NA  0.0 
1931/01/18 16:00:00  0.23 0.24 -1.7  0.4 -0.8  0.1  994.0  989.8   NA  5.9 -64.3  115.8     NA  0.0 
1931/01/18 20:00:00  0.25 0.24 -1.7  0.4 -0.7  0.1  994.4  989.8   NA  5.9 -64.3  115.8     NA  0.0 
1931/01/19 00:00:00  0.20 0.23 -1.5  0.4 -0.4 -0.0  994.7  989.7   NA  5.9 -64.3  115.7     NA  0.0 
1931/01/19 04:00:00  0.25 0.23 -1.6  0.4  0.1 -0.0  996.2  989.7   NA  5.9 -64.3  115.6     NA  0.0 
1931/01/19 08:00:00  0.28 0.23 -1.6  0.4  0.2 -0.0  997.2  989.7   NA  5.9 -64.3  115.5     NA  0.0 
1931/01/19 12:00:00  0.31 0.23 -1.6  0.4 -0.6 -0.0  998.6  989.7   NA  5.9 -64.3  115.5     NA  0.0 
1931/01/19 16:00:00  0.28 0.23 -1.7  0.4 -1.7 -0.0  998.7  989.7   NA  5.9 -64.3  115.4     NA  0.0 
1931/01/19 20:00:00  0.28 0.23 -1.7  0.4 -2.2 -0.0  999.4  989.7   NA  5.9 -64.4  115.3     NA  0.0 
1931/01/20 00:00:00  0.31 0.23 -1.7  0.4 -2.4 -0.2  999.6  989.6   NA  5.9 -64.4  115.2     NA  0.0 
1931/01/20 04:00:00  0.28 0.23 -1.7  0.4 -2.3 -0.2 1001.6  989.6   NA  5.9 -64.4  115.1     NA  0.0 
1931/01/20 08:00:00  0.15 0.23 -1.7  0.4 -2.1 -0.2 1002.2  989.6   NA  5.9 -64.4  115.1     NA  0.0 
1931/01/20 12:00:00  0.15 0.23 -1.7  0.4 -1.7 -0.2 1003.0  989.6   NA  5.9 -64.4  115.0     NA  0.0 
1931/01/20 16:00:00  0.15 0.23 -1.8  0.4 -1.9 -0.2 1003.4  989.6   NA  5.9 -64.4  115.0     NA  0.0 
1931/01/20 20:00:00  0.13 0.23 -1.7  0.5 -1.7 -0.2 1003.5  989.4   NA  5.9 -64.4  115.0     NA  0.0 
1931/01/21 00:00:00  0.15 0.23 -1.7  0.5 -0.6 -0.3 1002.7  989.3   NA  5.9 -64.4  114.9     NA  0.0 
1931/01/21 04:00:00  0.15 0.23 -1.8  0.5 -0.9 -0.3 1002.6  989.3   NA  5.9 -64.4  114.9     NA  0.0 
1931/01/21 08:00:00  0.13 0.23 -0.7  0.5  0.0 -0.3 1002.0  989.3   NA  5.9 -64.4  114.9     NA  0.0 
1931/01/21 12:00:00  0.07 0.23 -1.3  0.5 -0.6 -0.3 1000.6  989.3   NA  5.9 -64.4  114.8     NA  0.0 
1931/01/21 16:00:00  0.13 0.23 -1.4  0.5 -1.2 -0.3 1000.2  989.3   NA  5.9 -64.4  114.8     NA  0.0 
1931/01/21 20:00:00  0.10 0.23 -1.5  0.5 -0.6 -0.3  997.6  989.3   NA  5.9 -64.4  114.8     NA  0.0 
1931/01/22 00:00:00  0.10 0.23 -1.5  0.5  0.0 -0.5  993.9  989.2   NA  5.9 -64.4  114.8     NA  0.0 
1931/01/22 04:00:00  0.10 0.23 -1.4  0.5 -0.5 -0.5  989.6  989.2   NA  5.9 -64.4  114.7     NA  0.0 
1931/01/22 08:00:00  0.50 0.23 -1.7  0.5 -0.6 -0.5  984.5  989.2   NA  5.9 -64.4  114.6     NA  0.0 
1931/01/22 12:00:00  0.51 0.23 -1.2  0.5 -0.6 -0.5  980.4  989.2   NA  5.9 -64.4  114.4     NA  0.0 
1931/01/22 16:00:00  0.47 0.23  0.4  0.5 -0.3 -0.5  976.1  989.2   NA  5.9 -64.4  114.3     NA  0.0 
1931/01/22 20:00:00  0.50 0.23  0.5  0.5  0.0 -0.5  975.0  989.2   NA  5.9 -64.4  114.1     NA  0.0 
1931/01/23 00:00:00  0.51 0.22  0.5  0.5  0.0 -0.6  975.9  989.0   NA  5.9 -64.4  114.0     NA  0.0 
1931/01/23 04:00:00  0.49 0.22  0.5  0.5 -1.2 -0.6  978.2  989.0   NA  5.9 -64.4  113.8     NA  0.0 
1931/01/23 08:00:00  0.56 0.22  0.6  0.5 -1.1 -0.6  980.2  989.0   NA  5.9 -64.5  113.7     NA  0.0 
1931/01/23 12:00:00  0.53 0.22  0.5  0.5 -1.1 -0.6  982.5  989.0   NA  5.9 -64.5  113.6     NA  0.0 
1931/01/23 16:00:00  0.50 0.22  0.4  0.5 -2.1 -0.6  985.6  989.0   NA  5.9 -64.6  113.5     NA  0.0 
1931/01/23 20:00:00  0.55 0.22  0.0  0.5 -2.6 -0.6  988.1  989.0   NA  5.9 -64.6  113.4     NA  0.0 
1931/01/24 00:00:00  0.53 0.22 -0.2  0.5 -2.6 -0.7  988.8  988.9   NA  5.9 -64.7  113.2     NA  0.0 
1931/01/24 04:00:00  0.55 0.22 -0.4  0.5 -2.3 -0.7  989.3  988.9   NA  5.9 -64.7  113.1     NA  0.0 
1931/01/24 08:00:00  0.70 0.23 -0.5  0.5 -2.2 -0.8  989.0  988.8   NA  5.9 -64.7  112.9     NA  0.0 
1931/01/24 12:00:00  0.70 0.23  0.1  0.5 -2.4 -0.8  989.3  988.8   NA  5.9 -64.8  112.7     NA  0.0 
1931/01/24 16:00:00  0.70 0.23 -0.6  0.5 -3.7 -0.8  991.1  988.8   NA  5.9 -64.8  112.5     NA  0.0 
1931/01/24 20:00:00  0.73 0.23 -0.5  0.5 -3.9 -0.8  991.5  988.8   NA  5.9 -64.8  112.3     NA  0.0 
1931/01/25 00:00:00  0.66 0.23 -1.1  0.5 -1.8 -0.9  991.8  988.6   NA  5.9 -64.9  112.2     NA  0.0 
1931/01/25 04:00:00  0.72 0.23 -0.6  0.6 -2.3 -0.9  992.7  988.5   NA  5.9 -64.9  112.0     NA  0.0 
1931/01/25 08:00:00  1.41 0.23 -1.7  0.6 -2.4 -0.9  993.0  988.5   NA  5.9 -65.0  111.5     NA  0.0 
1931/01/25 12:00:00  1.41 0.28 -1.6  0.3 -2.7 -1.5  992.1  988.8   NA  5.5 -65.0  111.1     NA  0.0 
1931/01/25 16:00:00  1.40 0.28 -1.4  0.3 -3.2 -1.7  992.6  988.7   NA  5.5 -65.0  110.7     NA  0.0 
1931/01/25 20:00:00  1.42 0.28 -1.5  0.3 -3.3 -1.7  992.4  988.7   NA  5.5 -65.1  110.3     NA  0.0 
1931/01/26 00:00:00  1.40 0.32 -1.4  0.2 -3.3 -1.9  992.6  988.5   NA  5.4 -65.1  109.9     NA  0.0 
1931/01/26 04:00:00  1.40 0.32 -1.3  0.2 -2.7 -1.9  993.7  988.5   NA  5.4 -65.2  109.4     NA  0.0 
1931/01/26 08:00:00  1.11 0.32 -1.3  0.2 -2.6 -1.9  994.5  988.5   NA  5.4 -65.2  109.1     NA  0.0 
1931/01/26 12:00:00  1.11 0.32 -1.1  0.2 -2.9 -1.8  995.7  988.5   NA  5.4 -65.2  108.7     NA  0.0 
1931/01/26 16:00:00  1.10 0.32 -1.6  0.2 -3.9 -1.8  997.9  988.5   NA  5.4 -65.2  108.4     NA  0.0 
1931/01/26 20:00:00  1.11 0.32 -1.7  0.2 -4.6 -1.8  999.0  988.5   NA  5.4 -65.1  108.1     NA  0.0 
1931/01/27 00:00:00  1.11 0.31 -1.7  0.2 -4.4 -1.9 1000.4  988.4   NA  5.5 -65.1  107.7     NA  0.0 
1931/01/27 04:00:00  1.12 0.31 -1.0  0.2 -3.7 -1.9 1001.9  988.4   NA  5.5 -65.1  107.4     NA  0.0 
1931/01/27 08:00:00  1.97 0.29 -0.8 -0.0 -2.8 -2.3 1002.9  988.4   NA  5.7 -65.1  106.8     NA  0.0 
1931/01/27 12:00:00  1.93 0.29 -0.8 -0.0 -2.7 -2.3 1003.8  988.4   NA  5.7 -65.0  106.2     NA  0.0 
1931/01/27 16:00:00  1.98 0.26 -1.6  0.2 -3.7 -1.8 1004.0  988.1   NA  6.1 -65.0  105.6     NA  0.0 
1931/01/27 20:00:00  1.95 0.26 -0.5  0.2 -4.3 -1.8 1004.5  988.1   NA  6.1 -64.9  105.0     NA  0.0 
1931/01/28 00:00:00  1.97 0.28  0.6  0.2 -3.7 -2.4 1005.2  988.0   NA  6.1 -64.8  104.4     NA  0.0 
1931/01/28 05:00:00  1.97 0.26 -0.1  0.2 -2.8 -2.5 1003.4  988.0   NA  6.1 -64.8  103.8     NA  0.0 
1931/01/28 09:00:00  2.58 0.26 -0.1  0.2 -2.2 -2.5 1001.3  988.0   NA  6.1 -64.7  103.0     NA  0.0 
1931/01/28 13:00:00  2.62 0.36 -0.6  0.1 -2.8 -2.3  998.2  988.1   NA  6.1 -64.5  102.3     NA  0.0 
1931/01/28 17:00:00  2.63 0.38 -1.1  0.1 -2.1 -2.4  993.5  988.1   NA  6.0 -64.4  101.6     NA  0.0 
1931/01/28 21:00:00  2.64 0.43 -1.4 -0.0 -0.6 -2.4  988.6  988.1   NA  6.0 -64.3  100.8     NA  0.0 
1931/01/29 01:00:00  2.62 0.42 -0.5 -0.0 -0.1 -2.5  987.6  988.0   NA  6.0 -64.2  100.1     NA  0.0 
1931/01/29 05:00:00  2.66 0.48 -0.2 -0.2 -0.7 -2.4  984.5  988.1   NA  6.0 -64.0   99.3     NA  0.0 
1931/01/29 09:00:00  1.96 0.32 -0.9  0.3 -1.3 -1.2  982.5  988.1   NA  6.3 -64.0   98.8     NA  0.0 
1931/01/29 13:00:00  1.96 0.32 -0.2  0.3 -0.6 -1.2  981.2  988.1   NA  6.3 -63.9   98.2     NA  0.0 
1931/01/29 17:00:00  1.98 0.28 -0.3  0.3 -0.4 -1.3  980.4  988.1   NA  6.3 -63.9   97.6     NA  0.0 
1931/01/29 21:00:00  1.96 0.28 -0.3  0.3  0.0 -1.3  978.9  988.1   NA  6.3 -63.8   97.1     NA  0.0 
1931/01/30 01:00:00  2.00 0.27  0.4  0.4  0.2 -1.5  977.4  988.1   NA  6.3 -63.7   96.5     NA  0.0 
1931/01/30 05:00:00  1.97 0.26 -0.3  0.4 -0.1 -1.7  977.3  988.1   NA  6.4 -63.7   95.9     NA  0.0 
1931/01/30 09:00:00  0.78 0.26 -0.8  0.4 -0.7 -1.7  977.6  988.1   NA  6.4 -63.8   96.0     NA  0.0 
1931/01/30 13:00:00  0.86 0.27 -1.2  0.4 -1.6 -1.5  975.5  988.1   NA  6.3 -63.9   96.0     NA  0.0 
1931/01/30 17:00:00  0.78 0.27 -1.1  0.4 -1.6 -1.5  974.9  988.1   NA  6.3 -64.0   96.0     NA  0.0 
1931/01/30 21:00:00  0.78 0.34 -1.5 -0.2 -2.9 -2.3  974.8  988.1   NA  6.0 -64.1   96.1     NA  0.0 
1931/01/31 01:00:00  0.86 0.34 -1.6 -0.2 -1.6 -2.4  974.5  988.0   NA  6.0 -64.2   96.1     NA  0.0 
1931/01/31 05:00:00  0.78 0.34 -1.3 -0.2 -1.6 -2.4  975.1  988.0   NA  6.0 -64.3   96.1     NA  0.0 
1931/01/31 09:00:00  2.28 0.37 -1.1 -0.1 -1.8 -2.5  975.6  988.0   NA  6.0 -64.4   95.5     NA  0.0 
1931/01/31 13:00:00  2.27 0.33 -1.7  0.1 -3.8 -2.5  976.7  988.0   NA  6.1 -64.5   94.8     NA  0.0 
1931/01/31 17:00:00  2.27 0.33 -1.3  0.1 -4.1 -2.5  978.0  988.0   NA  6.1 -64.6   94.2     NA  0.0 
1931/01/31 21:00:00  2.25 0.26 -1.4  0.2 -2.8 -2.3  979.8  988.0   NA  6.2 -64.7   93.5     NA  0.0 
1931/02/01 01:00:00  2.25 0.23 -1.1  0.3 -2.1 -2.4  980.9  988.0   NA  6.2 -64.8   92.9     NA  0.0 
1931/02/01 06:00:00  2.24 0.23 -1.6  0.3 -1.7 -2.4  980.5  988.0   NA  6.2 -64.9   92.2     NA  0.0 
1931/02/01 10:00:00  0.99 0.21 -1.5  0.3 -0.2 -2.4  982.9  988.0   NA  6.2 -64.9   91.9     NA  0.0 
1931/02/01 14:00:00  1.02 0.21 -1.5  0.3 -0.4 -2.4  985.0  988.0   NA  6.2 -64.9   91.6     NA  0.0 
1931/02/01 18:00:00  0.99 0.21 -1.6  0.3 -0.9 -2.4  986.7  988.0   NA  6.2 -64.9   91.3     NA  0.0 
1931/02/01 22:00:00  0.99 0.21 -1.6  0.4 -1.5 -2.4  986.7  988.0   NA  6.2 -64.9   91.0     NA  0.0 
1931/02/02 02:00:00  0.99 0.21 -1.3  0.4 -1.1 -2.6  986.7  987.9   NA  6.2 -64.9   90.7     NA  0.0 
1931/02/02 06:00:00  1.01 0.21 -1.5  0.4 -0.9 -2.6  986.8  987.9   NA  6.2 -65.0   90.4     NA  0.0 
1931/02/02 10:00:00  1.05 0.30 -1.4  0.2 -0.7 -3.1  985.3  988.2   NA  6.2 -65.1   90.2     NA  0.0 
1931/02/02 14:00:00  0.99 0.30 -1.4  0.2 -0.9 -3.0  984.4  988.2   NA  6.2 -65.2   90.0     NA  0.0 
1931/02/02 18:00:00  1.03 0.30 -1.5  0.2 -1.1 -3.0  984.4  988.2   NA  6.2 -65.3   89.8     NA  0.0 
1931/02/02 22:00:00  1.05 0.30 -1.4  0.2 -1.3 -3.0  984.4  988.2   NA  6.2 -65.4   89.6     NA  0.0 
1931/02/03 02:00:00  0.98 0.30 -1.5  0.2 -1.4 -3.1  984.6  988.1   NA  6.2 -65.5   89.4     NA  0.0 
1931/02/03 06:00:00  1.03 0.30 -1.7  0.2 -1.0 -3.1  984.3  988.1   NA  6.2 -65.6   89.2     NA  0.0 
1931/02/03 10:00:00  0.39 0.30 -1.4  0.2 -0.6 -3.1  984.5  988.1   NA  6.2 -65.6   89.1     NA  0.0 
1931/02/03 14:00:00  0.42 0.30 -1.5  0.2 -1.2 -3.1  984.3  988.1   NA  6.2 -65.5   89.0     NA  0.0 
1931/02/03 18:00:00  0.39 0.24 -1.6  0.0 -1.2 -2.9  984.3  988.1   NA  6.1 -65.5   88.9     NA  0.0 
1931/02/03 22:00:00  0.40 0.24 -1.6  0.0 -1.2 -2.9  984.2  988.1   NA  6.1 -65.5   88.8     NA  0.0 
1931/02/04 02:00:00  0.42 0.24 -1.7  0.0 -1.2 -3.0  983.7  988.0   NA  6.1 -65.5   88.7     NA  0.0 
1931/02/04 06:00:00  0.39 0.24 -1.2  0.0 -0.7 -3.0  984.3  988.0   NA  6.1 -65.4   88.6     NA  0.0 
1931/02/04 10:00:00  1.34 0.24 -1.3  0.0 -1.2 -3.0  985.9  988.0   NA  6.1 -65.3   88.3     NA  0.0 
1931/02/04 14:00:00  1.39 0.23 -1.5  0.1 -1.6 -2.9  986.7  988.0   NA  6.0 -65.2   88.0     NA  0.0 
1931/02/04 18:00:00  1.37 0.23 -1.5  0.1 -1.5 -2.9  988.0  988.0   NA  6.0 -65.1   87.6     NA  0.0 
1931/02/04 22:00:00  1.40 0.21 -1.5  0.5 -0.8 -2.3  989.4  987.8   NA  6.2 -65.0   87.3     NA  0.0 
1931/02/05 02:00:00  1.35 0.20 -1.5  0.4 -1.1 -2.4  990.6  987.7   NA  6.2 -64.8   87.0     NA  0.0 
1931/02/05 06:00:00  1.40 0.20 -0.9  0.4 -0.1 -2.4  991.4  987.7   NA  6.2 -64.7   86.7     NA  0.0 
1931/02/05 10:00:00  1.32 0.20 -1.0  0.4 -0.1 -2.4  992.2  987.7   NA  6.2 -64.7   86.3     NA  0.0 
1931/02/05 14:00:00  1.35 0.18 -0.9  0.5 -0.6 -2.3  993.5  987.7   NA  6.1 -64.8   85.9     NA  0.0 
1931/02/05 18:00:00  1.32 0.18 -0.6  0.5 -1.0 -2.3  995.8  987.7   NA  6.1 -64.8   85.5     NA  0.0 
1931/02/05 22:00:00  1.35 0.18 -1.3  0.5 -1.3 -2.3  997.7  987.7   NA  6.1 -64.8   85.0     NA  0.0 
1931/02/06 02:00:00  1.32 0.17 -1.6  0.6 -0.9 -2.5  998.0  987.6   NA  6.1 -64.8   84.6     NA  0.0 
1931/02/06 06:00:00  1.35 0.17 -0.5  0.6 -1.1 -2.5  998.5  987.6   NA  6.1 -64.8   84.2     NA  0.0 
1931/02/06 10:00:00  1.47 0.03  0.8  0.6 -0.9 -2.6  997.6  987.7   NA  6.1 -64.8   83.8     NA  0.0 
1931/02/06 14:00:00  1.47 0.03  0.5  0.6 -1.4 -2.6  995.3  987.7   NA  6.1 -64.7   83.3     NA  0.0 
1931/02/06 18:00:00  1.43 0.07  0.1  0.5 -3.2 -2.7  992.9  987.7   NA  6.1 -64.7   82.9     NA  0.0 
1931/02/06 22:00:00  1.47 0.07 -1.2  0.5 -1.8 -2.7  990.1  987.7   NA  6.1 -64.7   82.5     NA  0.0 
1931/02/07 02:00:00  1.47 0.06 -1.6  0.5 -0.7 -2.9  986.0  987.6   NA  6.1 -64.6   82.0     NA  0.0 
1931/02/07 06:00:00  1.47 0.07  0.3  0.6 -1.0 -2.8  983.2  987.7   NA  6.1 -64.6   81.6     NA  0.0 
1931/02/07 10:00:00  2.46 0.07 -0.6  0.6 -1.0 -2.8  983.1  987.7   NA  6.1 -64.8   81.1     NA  0.0 
1931/02/07 14:00:00  2.45 0.25 -0.7  0.1 -1.7 -3.6  983.1  987.8   NA  5.9 -65.1   80.6     NA  0.0 
1931/02/07 18:00:00  2.38 0.25 -1.2  0.1 -2.1 -3.6  981.9  987.8   NA  5.9 -65.3   80.1     NA  0.0 
1931/02/07 22:00:00  2.43 0.23  0.0  0.3 -2.7 -3.3  982.5  987.8   NA  5.9 -65.6   79.6     NA  0.0 
1931/02/08 02:00:00  2.42 0.23 -0.1  0.3 -2.6 -3.4  984.2  987.7   NA  5.9 -65.8   79.1     NA  0.0 
1931/02/08 07:00:00  2.40 0.26 -1.3  0.2 -2.6 -4.3  986.7  988.2   NA  5.8 -66.1   78.6     NA  0.0 
1931/02/08 11:00:00  1.33 0.26 -1.5  0.2 -2.8 -4.3  988.4  988.2   NA  5.8 -66.1   78.2     NA  0.0 
1931/02/08 15:00:00  1.30 0.25 -1.4  0.2 -2.8 -4.3  990.8  988.2   NA  5.7 -66.2   77.8     NA  0.0 
1931/02/08 19:00:00  1.30 0.25 -1.5  0.2 -4.0 -4.3  993.3  988.2   NA  5.7 -66.3   77.4     NA  0.0 
1931/02/08 23:00:00  1.30 0.25 -1.2  0.2 -3.9 -4.3  995.7  988.2   NA  5.7 -66.3   77.0     NA  0.0 
1931/02/09 03:00:00  1.32 0.25 -1.6  0.3 -4.0 -4.6  997.7  988.2   NA  5.7 -66.4   76.6     NA  0.0 
1931/02/09 07:00:00  1.30 0.25 -0.5  0.3 -3.3 -4.6 1000.0  988.2   NA  5.7 -66.5   76.2     NA  0.0 
1931/02/09 11:00:00  1.25 0.24 -1.4  0.5 -2.5 -4.8 1001.4  988.2   NA  5.7 -66.6   76.0     NA  0.0 
1931/02/09 15:00:00  1.28 0.24 -0.2  0.5 -1.9 -4.8 1001.1  988.2   NA  5.7 -66.7   75.7     NA  0.0 
1931/02/09 19:00:00  1.25 0.24 -0.9  0.5 -2.2 -4.8 1001.1  988.2   NA  5.7 -66.8   75.4     NA  0.0 
1931/02/09 23:00:00  1.28 0.24 -0.3  0.5 -2.8 -4.8 1000.2  988.2   NA  5.7 -66.9   75.1     NA  0.0 
1931/02/10 03:00:00  1.24 0.41 -0.9  0.4 -2.0 -5.6  997.9  988.5   NA  5.3 -67.0   74.8     NA  0.0 
1931/02/10 07:00:00  1.27 0.41 -0.8  0.4 -1.8 -5.6  996.7  988.5   NA  5.3 -67.2   74.5     NA  0.0 
1931/02/10 11:00:00  2.07 0.41 -1.5  0.4 -1.4 -5.5  995.3  988.7   NA  5.5 -67.3   73.9     NA  0.0 
1931/02/10 15:00:00  2.06 0.41 -0.7  0.4 -3.4 -5.5  994.0  988.7   NA  5.5 -67.4   73.2     NA  0.0 
1931/02/10 19:00:00  2.02 0.41 -0.6  0.3 -5.0 -5.5  994.1  988.8   NA  5.6 -67.5   72.6     NA  0.0 
1931/02/10 23:00:00  2.05 0.41  0.0  0.3 -5.9 -5.6  995.0  988.9   NA  5.8 -67.6   72.0     NA  0.0 
1931/02/11 03:00:00  2.07 0.40 -0.6  0.3 -6.5 -5.8  995.3  988.8   NA  5.8 -67.8   71.4     NA  0.0 
1931/02/11 07:00:00  2.01 0.40 -0.6  0.2 -5.6 -6.0  996.1  988.9   NA  6.0 -67.9   70.7     NA  0.0 
1931/02/11 11:00:00  1.36 0.40 -0.6  0.2 -5.2 -6.0  996.5  988.9   NA  6.0 -67.8   70.4     NA  0.0 
1931/02/11 15:00:00  1.41 0.40 -1.1  0.2 -4.7 -6.0  996.7  988.9   NA  6.0 -67.6   70.0     NA  0.0 
1931/02/11 19:00:00  1.36 0.28 -1.1  0.2 -6.7 -6.3  997.8  989.1   NA  6.0 -67.5   69.7     NA  0.0 
1931/02/11 23:00:00  1.37 0.28 -1.3  0.2 -5.4 -6.3  999.6  989.1   NA  6.0 -67.4   69.4     NA  0.0 
1931/02/12 03:00:00  1.37 0.28 -0.3  0.2 -5.6 -6.5 1000.5  989.0   NA  6.1 -67.3   69.0     NA  0.0 
1931/02/12 07:00:00  1.42 0.27 -0.6  0.1 -5.3 -6.7 1001.6  989.1   NA  6.1 -67.1   68.7     NA  0.0 
1931/02/12 11:00:00  1.14 0.27 -0.7  0.1 -4.7 -6.7 1002.3  989.1   NA  6.1 -67.2   68.4     NA  0.0 
1931/02/12 15:00:00  1.16 0.27 -1.0  0.1 -5.4 -6.7  999.6  989.1   NA  6.1 -67.3   68.1     NA  0.0 
1931/02/12 19:00:00  1.13 0.29 -1.2  0.1 -5.8 -6.9  997.2  989.3   NA  6.1 -67.4   67.8     NA  0.0 
1931/02/12 23:00:00  1.19 0.29 -1.0  0.1 -5.6 -6.9  995.3  989.3   NA  6.1 -67.5   67.5     NA  0.0 
1931/02/13 03:00:00  1.13 0.28 -1.0  0.1 -5.6 -7.0  992.7  989.2   NA  6.1 -67.7   67.3     NA  0.0 
1931/02/13 07:00:00  1.13 0.28 -0.7  0.1 -3.7 -7.0  990.4  989.3   NA  6.1 -67.8   67.0     NA  0.0 
1931/02/13 11:00:00  2.27 0.28 -0.4  0.1 -2.8 -7.0  990.2  989.3   NA  6.1 -67.7   66.2     NA  0.0 
1931/02/13 15:00:00  2.25 0.29 -0.2  0.1 -2.5 -5.8  989.6  989.5   NA  6.2 -67.6   65.5     NA  0.0 
1931/02/13 19:00:00  2.30 0.29 -0.1  0.2 -2.2 -5.7  988.4  989.6   NA  6.3 -67.6   64.7     NA  0.0 
1931/02/13 23:00:00  2.26 0.30  0.1  0.2 -2.2 -5.7  987.4  989.6   NA  6.3 -67.5   64.0     NA  0.0 
1931/02/14 03:00:00  2.30 0.30 -0.2  0.2 -2.8 -5.8  988.7  989.5   NA  6.3 -67.4   63.2     NA  0.0 
1931/02/14 08:00:00  2.28 0.30 -0.2  0.2 -2.7 -5.7  988.9  989.6   NA  6.3 -67.4   62.3     NA  0.0 
1931/02/14 12:00:00  0.89 0.30 -0.2  0.2 -2.2 -5.7  988.7  989.6   NA  6.3 -67.3   62.2     NA  0.0 
1931/02/14 16:00:00  0.90 0.30 -0.1  0.2 -1.6 -5.7  989.7  989.6   NA  6.3 -67.2   62.1     NA  0.0 
1931/02/14 20:00:00  0.89 0.30 -0.1  0.2 -1.6 -5.7  990.0  989.6   NA  6.3 -67.0   62.1     NA  0.0 
1931/02/15 00:00:00  0.97 0.24 -0.1  0.2 -0.6 -5.6  988.7  989.4   NA  6.3 -66.9   62.0     NA  0.0 
1931/02/15 04:00:00  0.90 0.24 -0.1  0.2 -0.3 -5.6  985.6  989.4   NA  6.3 -66.8   61.9     NA  0.0 
1931/02/15 08:00:00  0.89 0.24  0.0  0.2  0.4 -5.6  983.3  989.4   NA  6.3 -66.7   61.8     NA  0.0 
1931/02/15 12:00:00  0.14 0.24 -0.2  0.2  0.3 -5.6  984.2  989.4   NA  6.3 -66.7   61.8     NA  0.0 
1931/02/15 16:00:00  0.14 0.24 -0.1  0.2 -0.4 -5.6  983.8  989.4   NA  6.3 -66.7   61.9     NA  0.0 
1931/02/15 20:00:00  0.12 0.24 -0.1  0.2 -0.4 -5.6  984.2  989.4   NA  6.3 -66.7   61.9     NA  0.0 
1931/02/16 00:00:00  0.20 0.24  0.0  0.2 -0.4 -5.7  984.2  989.3   NA  6.3 -66.8   61.9     NA  0.0 
1931/02/16 04:00:00  0.14 0.24 -0.3  0.2 -0.6 -5.7  985.0  989.3   NA  6.3 -66.8   62.0     NA  0.0 
1931/02/16 08:00:00  0.14 0.23 -0.2  0.1 -0.5 -5.9  987.0  989.3   NA  6.2 -66.8   62.0     NA  0.0 
1931/02/16 12:00:00  0.06 0.23 -0.2  0.1 -0.7 -5.9  989.3  989.3   NA  6.2 -66.8   62.0     NA  0.0 
1931/02/16 16:00:00  0.06 0.23 -0.2  0.1 -0.8 -5.9  992.0  989.3   NA  6.2 -66.8   62.0     NA  0.0 
1931/02/16 20:00:00  0.06 0.23 -0.1  0.1 -1.1 -5.9  994.4  989.3   NA  6.2 -66.8   62.1     NA  0.0 
1931/02/17 00:00:00  0.06 0.22 -0.1  0.1 -1.7 -5.9  996.4  989.2   NA  6.2 -66.8   62.1     NA  0.0 
1931/02/17 04:00:00  0.06 0.22 -0.2  0.1 -1.7 -5.9  998.3  989.2   NA  6.2 -66.8   62.1     NA  0.0 
1931/02/17 08:00:00  0.06 0.22 -0.1  0.1 -1.5 -5.9 1000.1  989.2   NA  6.2 -66.8   62.1     NA  0.0 
1931/02/17 12:00:00  0.79 0.23  0.0  0.2 -1.4 -5.7 1000.7  989.3   NA  6.3 -66.8   61.9     NA  0.0 
1931/02/17 16:00:00  0.77 0.23 -0.3  0.2 -2.2 -5.7 1001.2  989.3   NA  6.3 -66.9   61.8     NA  0.0 
1931/02/17 20:00:00  0.74 0.23 -0.2  0.2 -2.2 -5.7 1000.2  989.3   NA  6.3 -67.0   61.6     NA  0.0 
1931/02/18 00:00:00  0.79 0.29  0.0  0.1 -2.2 -5.6  999.5  989.4   NA  6.5 -67.0   61.4     NA  0.0 
1931/02/18 04:00:00  0.77 0.29 -0.3  0.1 -2.9 -5.6  998.2  989.4   NA  6.5 -67.1   61.2     NA  0.0 
1931/02/18 08:00:00  0.78 0.29 -0.4  0.1 -3.3 -5.6  999.0  989.4   NA  6.5 -67.2   61.0     NA  0.0 
1931/02/18 12:00:00  0.98 0.29 -0.6  0.1 -2.9 -5.6  998.4  989.4   NA  6.5 -67.1   61.1     NA  0.0 
1931/02/18 16:00:00  0.99 0.23 -0.4  0.1 -3.1 -5.6  995.5  989.2   NA  6.3 -66.9   61.2     NA  0.0 
1931/02/18 20:00:00  0.98 0.23 -0.4  0.1 -3.4 -5.6  993.0  989.2   NA  6.3 -66.8   61.3     NA  0.0 
1931/02/19 00:00:00  0.91 0.22 -0.1  0.1 -3.3 -5.6  991.1  989.2   NA  6.4 -66.7   61.5     NA  0.0 
1931/02/19 04:00:00  1.00 0.22  0.1  0.1 -2.5 -5.6  987.9  989.2   NA  6.4 -66.6   61.6     NA  0.0 
1931/02/19 08:00:00  0.99 0.22  0.4  0.1 -1.9 -5.6  987.1  989.2   NA  6.4 -66.5   61.7     NA  0.0 
1931/02/19 12:00:00  2.21 0.22  0.6  0.1 -2.5 -5.6  985.6  989.2   NA  6.4 -66.2   61.8     NA  0.0 
1931/02/19 16:00:00  2.21 0.14  0.6  0.3 -2.3 -4.9  984.0  989.0   NA  6.7 -65.9   62.0     NA  0.0 
1931/02/19 20:00:00  2.29 0.14  0.2  0.3 -2.3 -5.0  984.1  989.0   NA  6.6 -65.6   62.1     NA  0.0 
1931/02/20 00:00:00  2.21 0.13 -0.6  0.3 -2.0 -5.0  983.5  989.0   NA  6.7 -65.3   62.3     NA  0.0 
1931/02/20 04:00:00  2.22 0.13  0.6  0.3 -1.4 -5.0  983.4  989.0   NA  6.7 -65.1   62.4     NA  0.0 
1931/02/20 08:00:00  2.24 0.00  0.5  0.6 -1.1 -3.9  985.6  989.1   NA  7.1 -64.8   62.6     NA  0.0 
1931/02/20 12:00:00  1.43 0.00  0.6  0.6 -1.3 -3.9  987.6  989.1   NA  7.1 -64.7   62.9     NA  0.0 
1931/02/20 16:00:00  1.41 0.00  0.6  0.7 -1.1 -4.0  988.5  989.1   NA  7.0 -64.5   63.2     NA  0.0 
1931/02/20 20:00:00  1.44 0.00  0.9  0.7 -0.5 -4.0  988.0  989.1   NA  7.0 -64.4   63.5     NA  0.0 
1931/02/21 00:00:00  1.42 0.00  0.8  0.7 -0.6 -4.0  987.0  989.0   NA  7.1 -64.3   63.8     NA  0.0 
1931/02/21 04:00:00  1.45 0.00  0.7  0.6 -0.2 -3.9  982.8  989.0   NA  7.0 -64.1   64.1     NA  0.0 
1931/02/21 07:00:00  1.41 0.00  0.7  0.6  0.0 -3.9  980.4  989.0   NA  7.0 -64.0   64.4     NA  0.0 
1931/02/21 11:00:00  1.75 0.00  0.7  0.9  1.1 -2.6  981.9  989.5   NA  7.3 -63.8   64.7     NA  0.0 
1931/02/21 15:00:00  1.73 0.00  0.6  0.9  1.1 -2.6  983.3  989.5   NA  7.3 -63.6   64.9     NA  0.0 
1931/02/21 19:00:00  1.82 0.00  1.1  1.0  1.2 -2.4  986.6  989.4   NA  7.3 -63.4   65.2     NA  0.0 
1931/02/21 23:00:00  1.76 0.00  1.3  1.0  1.3 -2.4  986.8  989.4   NA  7.3 -63.2   65.5     NA  0.0 
1931/02/22 03:00:00  1.76 0.00  1.4  1.0  1.2 -2.4  986.4  989.4   NA  7.3 -63.1   65.8     NA  0.0 
1931/02/22 07:00:00  1.76 0.00  1.5  1.5  1.6 -1.2  986.6  989.7   NA  7.7 -62.9   66.0     NA  0.0 
1931/02/22 11:00:00  2.32 0.00  1.5  1.5  1.7 -1.2  987.0  989.7   NA  7.7 -62.7   66.6     NA  0.0 
1931/02/22 15:00:00  2.36 0.00  1.5  1.5  1.5 -1.3  987.4  989.6   NA  7.7 -62.6   67.2     NA  0.0 
1931/02/22 19:00:00  2.34 0.00  1.7  1.5  1.3 -1.3  988.3  989.6   NA  7.7 -62.4   67.8     NA  0.0 
1931/02/22 23:00:00  2.38 0.00  1.6  1.6  1.3 -1.2  989.6  989.5   NA  7.6 -62.3   68.3     NA  0.0 
1931/02/23 03:00:00  2.36 0.00  1.7  1.6  1.5 -1.2  988.4  989.4   NA  7.7 -62.1   68.9     NA  0.0 
1931/02/23 07:00:00  2.36 0.01  1.7  1.8  1.3  0.0  986.6  989.8   NA  8.1 -62.0   69.5     NA  0.0 
1931/02/23 11:00:00  1.31 0.01  1.7  1.8  0.7  0.0  981.1  989.8   NA  8.1 -61.9   69.8     NA  0.0 
1931/02/23 15:00:00  1.27 0.01  1.7  1.8  0.9  0.2  975.0  989.7   NA  8.1 -61.9   70.1     NA  0.0 
1931/02/23 19:00:00  1.31 0.01  1.5  1.8  1.5  0.2  974.8  989.7   NA  8.1 -61.9   70.5     NA  0.0 
1931/02/23 23:00:00  1.30 0.01  1.6  1.8  1.4  0.2  975.6  989.7   NA  8.1 -61.8   70.8     NA  0.0 
1931/02/24 03:00:00  1.28 0.01  1.5  1.8  1.4  0.2  974.7  989.5   NA  8.1 -61.8   71.2     NA  0.0 
1931/02/24 07:00:00  1.31 0.01  1.3  1.8  0.8  0.2  974.9  989.5   NA  8.1 -61.8   71.5     NA  0.0 
1931/02/24 11:00:00  2.19 0.01  1.3  1.7  1.6  0.1  973.9  989.4   NA  8.1 -61.6   72.0     NA  0.0 
1931/02/24 15:00:00  2.20 0.01  1.3  1.7  1.1  0.1  973.7  989.4   NA  8.1 -61.5   72.6     NA  0.0 
1931/02/24 19:00:00  2.24 0.01  1.1  1.7  1.3  0.0  974.6  989.2   NA  8.1 -61.3   73.1     NA  0.0 
1931/02/24 23:00:00  2.21 0.01  1.4  1.7  1.6  0.0  976.1  989.2   NA  8.1 -61.2   73.6     NA  0.0 
1931/02/25 03:00:00  2.22 0.01  1.4  1.6  1.6  0.1  978.0  989.1   NA  8.1 -61.0   74.1     NA  0.0 
1931/02/25 07:00:00  2.26 0.01  1.5  1.7  1.5  0.7  979.2  989.6   NA  8.7 -60.9   74.6     NA  0.0 
1931/02/25 11:00:00  2.13 0.01  1.6  1.7  1.8  0.7  979.7  989.6   NA  8.7 -60.7   74.9     NA  0.0 
1931/02/25 15:00:00  2.15 0.01  1.5  1.6  1.4  0.7  979.0  989.5   NA  8.7 -60.4   75.3     NA  0.0 
1931/02/25 19:00:00  2.20 0.01  1.5  1.6  1.1  0.7  975.9  989.5   NA  8.7 -60.2   75.6     NA  0.0 
1931/02/25 23:00:00  2.14 0.01  1.6  1.7  1.0  1.3  972.6  990.4   NA  9.2 -60.0   75.9     NA  0.0 
1931/02/26 03:00:00  2.15 0.01  1.7  1.6  1.2  1.2  969.6  990.3   NA  9.3 -59.7   76.2     NA  0.0 
1931/02/26 07:00:00  2.19 0.01  1.7  1.6  1.7  1.2  969.0  990.3   NA  9.3 -59.5   76.5     NA  0.0 
1931/02/26 11:00:00  3.15 0.01  1.7  1.7  1.4  1.1  970.0  990.1   NA  9.2 -59.2   77.1     NA  0.0 
1931/02/26 15:00:00  3.19 0.01  1.6  1.8  1.1  1.5  971.3  991.5   NA  9.7 -59.0   77.7     NA  1.1 
1931/02/26 19:00:00  3.18 0.01  1.5  1.8  1.0  1.4  974.0  991.4   NA  9.7 -58.7   78.3     NA  1.3 
1931/02/26 23:00:00  3.19 0.01  1.6  1.8  0.9  1.4  976.3  991.4   NA  9.7 -58.4   78.9     NA  1.3 
1931/02/27 03:00:00  3.21 0.01  1.7  1.7  1.4  1.4  979.9  991.2   NA  9.7 -58.1   79.5     NA  1.5 
1931/02/27 06:00:00  3.23 0.01  1.8  2.0  1.8  1.8  980.8  992.5   NA 10.1 -57.9   80.0     NA  2.1 
1931/02/27 10:00:00  1.85 0.01  1.8  2.0  0.9  1.8  978.8  992.5   NA 10.1 -57.8   80.4     NA  2.1 
1931/02/27 14:00:00  1.82 0.01  1.8  2.0  0.9  1.8  972.3  992.5   NA 10.1 -57.7   80.8     NA  2.1 
1931/02/27 18:00:00  1.86 0.00  1.6  2.0  0.7  1.8  965.2  992.4   NA 10.1 -57.6   81.2     NA  2.0 
1931/02/27 22:00:00  1.83 0.00  1.3  2.0  1.7  1.8  964.4  992.4   NA 10.1 -57.5   81.6     NA  2.0 
1931/02/28 02:00:00  1.83 0.00  1.1  2.0  1.3  1.8  965.1  992.2   NA 10.2 -57.4   82.0     NA  2.0 
1931/02/28 06:00:00  1.87 0.00  1.5  2.0  1.3  1.8  965.5  992.2   NA 10.2 -57.3   82.4     NA  2.0 
1931/02/28 10:00:00  2.82 0.00  2.2  2.0  2.2  1.8  964.2  992.2   NA 10.2 -57.1   82.9     NA  2.0 
1931/02/28 14:00:00  2.85 0.00  2.2  2.4  1.2  2.1  965.6  993.5   NA 10.5 -56.8   83.4     NA  2.3 
1931/02/28 18:00:00  2.84 0.00  2.3  2.4  1.7  2.1  968.8  993.5   NA 10.5 -56.6   83.9     NA  2.3 
1931/02/28 22:00:00  2.82 0.00  2.6  2.6  1.1  2.1  969.5  993.3   NA 10.5 -56.3   84.4     NA  2.3 
1931/03/01 02:00:00  2.86 0.00  2.5  2.6  2.2  2.1  975.1  993.4   NA 10.6 -56.1   84.9     NA  2.3 
1931/03/01 06:00:00  2.88 0.00  2.7  3.0  2.2  2.5  979.7  994.6   NA 11.0 -55.8   85.3     NA  2.7 
1931/03/01 10:00:00  3.18 0.00  2.6  3.0  2.4  2.5  985.5  994.6   NA 11.0 -55.6   86.0     NA  2.7 
1931/03/01 14:00:00  3.16 0.00  2.3  3.0  1.8  2.6  989.2  994.5   NA 11.0 -55.4   86.6     NA  2.8 
1931/03/01 18:00:00  3.21 0.00  1.7  3.0  1.7  2.7  988.7  994.4   NA 11.0 -55.2   87.2     NA  2.6 
1931/03/01 22:00:00  3.18 0.00  2.3  3.0  1.7  2.7  983.6  994.4   NA 11.0 -55.0   87.9     NA  2.6 
1931/03/02 02:00:00  3.23 0.00  3.3  3.4  1.5  3.3  976.3  995.9   NA 11.3 -54.8   88.5     NA  2.9 
1931/03/02 06:00:00  3.23 0.00  3.2  3.5  3.3  3.4  971.1  995.8   NA 11.3 -54.6   89.1     NA  3.0 
1931/03/02 10:00:00  3.47 0.00  2.6  3.5  2.8  3.4  971.3  995.8   NA 11.3 -54.4   89.8     NA  3.0 
1931/03/02 14:00:00  3.44 0.00  2.6  3.5  2.9  3.4  972.3  995.7   NA 11.2 -54.3   90.5     NA  3.3 
1931/03/02 18:00:00  3.50 0.00  3.1  3.6  2.8  3.5  968.5  995.5   NA 11.2 -54.1   91.2     NA  3.4 
1931/03/02 22:00:00  3.47 0.00  3.9  4.1  2.9  4.1  968.2  997.5   NA 11.4 -53.9   91.9     NA  4.1 
1931/03/03 02:00:00  3.52 0.00  3.1  4.1  2.9  4.1  972.9  997.4   NA 11.4 -53.7   92.7     NA  4.2 
1931/03/03 06:00:00  3.51 0.00  3.4  4.1  3.2  4.0  979.0  997.3   NA 11.4 -53.6   93.3     NA  4.2 
1931/03/03 10:00:00  3.95 0.00  3.4  4.0  3.6  3.9  988.1  997.2   NA 11.3 -53.3   94.1     NA  4.0 
1931/03/03 14:00:00  3.97 0.00  3.8  4.0  2.1  3.9  992.5  997.2   NA 11.3 -53.0   94.8     NA  4.0 
1931/03/03 18:00:00  3.99 0.00  3.7  4.6  1.1  4.2  997.2  999.0   NA 11.4 -52.7   95.5     NA  4.7 
1931/03/03 22:00:00  4.01 0.00  4.6  4.6  3.5  4.0 1000.6  998.9   NA 11.4 -52.5   96.2     NA  4.8 
1931/03/04 02:00:00  4.03 0.00  4.4  4.6  3.9  3.9 1001.9  999.0   NA 11.4 -52.2   97.0     NA  4.8 
1931/03/04 05:00:00  4.04 0.00  3.9  5.1  3.6  4.3 1004.1 1000.8   NA 11.4 -52.0   97.6     NA  5.5 
1931/03/04 09:00:00  2.76 0.00  4.2  5.2  4.1  4.1 1005.7 1000.7   NA 11.4 -51.9   98.2     NA  5.5 
1931/03/04 13:00:00  2.79 0.00  4.3  5.2  4.1  4.1 1006.0 1000.7   NA 11.4 -51.8   98.7     NA  5.5 
1931/03/04 17:00:00  2.77 0.00  3.9  5.2  4.4  4.1 1005.3 1000.6   NA 11.4 -51.7   99.3     NA  5.3 
1931/03/03 21:00:00    NA   NA  3.8   NA  4.4   NA 1003.9     NA   NA   NA    NA     NA     NA   NA 
1931/03/05 01:00:00    NA 0.00  3.9  5.1  4.4  4.1 1001.3 1000.6   NA 11.4 -51.5  100.4     NA  5.4 
1931/03/05 05:00:00  2.81 0.00  4.0  5.1  4.4  4.1  997.4 1000.6   NA 11.4 -51.5  101.0     NA  5.4 
1931/03/05 09:00:00  2.82 0.00  4.1  5.1  4.3  4.2  988.7 1000.6   NA 11.4 -51.4  101.5     NA  5.5 
1931/03/05 13:00:00  2.78 0.00  4.1  5.2  3.1  4.4  983.0 1000.5   NA 11.4 -51.3  102.1     NA  5.7 
1931/03/05 17:00:00  2.84 0.00  4.9  5.2  4.3  4.4  982.7 1000.5   NA 11.4 -51.3  102.7     NA  5.7 
1931/03/05 21:00:00  2.79 0.00  4.2  5.2  3.9  4.6  982.5 1000.5   NA 11.4 -51.2  103.3     NA  5.8 
1931/03/06 01:00:00  2.84 0.00  3.6  5.2  3.4  4.6  983.8 1000.5   NA 11.4 -51.2  103.9     NA  5.8 
1931/03/06 05:00:00  2.80 0.00  4.2  5.3  4.3  4.9  984.5 1000.5   NA 11.4 -51.1  104.4     NA  5.7 
1931/03/06 09:00:00  2.99 0.00  4.3  5.8  4.2  5.7  985.7 1002.4   NA 11.4 -51.0  105.0     NA  6.2 
1931/03/06 13:00:00  3.04 0.00  4.4  5.7  3.8  5.8  988.3 1002.4   NA 11.4 -50.9  105.6     NA  6.2 
1931/03/06 17:00:00  3.00 0.00  4.2  5.7  4.0  5.9  992.2 1002.4   NA 11.3 -50.7  106.2     NA  6.2 
1931/03/06 21:00:00  3.01 0.00  4.7  5.7  3.1  5.9  996.7 1002.4   NA 11.3 -50.6  106.7     NA  6.2 
1931/03/07 01:00:00  3.07 0.00  4.8  5.5  4.4  5.8  998.3 1002.5   NA 11.3 -50.5  107.3     NA  6.0 
1931/03/07 05:00:00  3.01 0.00  4.8  5.5  5.0  5.8  997.7 1002.5   NA 11.3 -50.3  107.9     NA  6.0 
1931/03/07 09:00:00  3.72 0.00  5.1  5.6  5.3  5.6  995.5 1002.5   NA 11.3 -50.2  108.6     NA  6.0 
1931/03/07 13:00:00  3.68 0.00  5.2  5.7  6.0  5.4  994.1 1002.5   NA 11.3 -50.1  109.3     NA  5.9 
1931/03/07 17:00:00  3.74 0.00  4.6  6.5  6.0  6.0  995.1 1004.3   NA 11.2 -50.0  110.1     NA  6.8 
1931/03/07 21:00:00  3.72 0.00  4.7  6.5  6.1  6.0  996.6 1004.3   NA 11.2 -49.9  110.8     NA  6.8 
1931/03/08 01:00:00  3.76 0.00  5.5  6.5  6.6  6.2  997.9 1004.5   NA 11.2 -49.7  111.5     NA  6.8 
1931/03/08 04:00:00  3.74 0.00  4.9  6.6  6.4  6.4  997.3 1004.6   NA 11.2 -49.6  112.1     NA  6.7 
1931/03/08 08:00:00  1.82 0.00  4.8  6.6  6.1  6.4  999.5 1004.6   NA 11.2 -49.5  112.5     NA  6.7 
1931/03/08 12:00:00  1.87 0.00  5.0  6.6  4.4  6.4 1001.2 1004.6   NA 11.2 -49.4  112.8     NA  6.7 
1931/03/08 16:00:00  1.86 0.00  5.0  7.0  4.0  6.6 1000.2 1004.6   NA 11.2 -49.3  113.1     NA  6.8 
1931/03/08 20:00:00  1.88 0.00  5.7  7.0  3.5  6.6 1002.5 1004.6   NA 11.2 -49.2  113.5     NA  6.8 
1931/03/09 00:00:00  1.84 0.00  6.5  6.9  4.4  6.6 1005.5 1004.8   NA 11.2 -49.1  113.8     NA  6.8 
1931/03/09 04:00:00  1.88 0.00  6.6  7.1  4.9  6.8 1007.1 1004.9   NA 11.2 -49.0  114.1     NA  6.8 
1931/03/09 08:00:00  2.39 0.00  6.6  7.8  5.1  7.3 1008.9 1006.4   NA 11.1 -48.9  114.6     NA  7.5 
1931/03/09 12:00:00  2.42 0.00  6.7  8.1  5.1  7.5 1010.6 1006.5   NA 11.1 -48.9  115.0     NA  7.6 
1931/03/09 16:00:00  2.43 0.00  6.9  8.1  4.6  7.5 1010.2 1006.5   NA 11.1 -48.8  115.5     NA  7.6 
1931/03/09 20:00:00  2.40 0.00  6.6  8.1  5.6  7.5 1009.2 1006.5   NA 11.1 -48.7  116.0     NA  7.6 
1931/03/10 00:00:00  2.45 0.00  7.5  8.4  6.2  8.0 1008.2 1006.7   NA 11.1 -48.6  116.4     NA  7.8 
1931/03/10 04:00:00  2.40 0.00  7.6  8.4  7.3  8.0 1006.6 1006.7   NA 11.1 -48.5  116.9     NA  7.8 
1931/03/10 08:00:00  3.22 0.00  7.6  8.6  7.5  8.4 1004.9 1006.8   NA 11.1 -48.4  117.5     NA  8.0 
1931/03/10 12:00:00  3.22 0.00  7.5  8.7  7.9  8.7 1003.6 1006.9   NA 11.1 -48.3  118.1     NA  8.3 
1931/03/10 16:00:00  3.28 0.00  7.7  8.7  7.3  8.7 1003.7 1006.9   NA 11.1 -48.2  118.7     NA  8.3 
1931/03/10 20:00:00  3.24 0.00  7.7  8.9  6.1  9.0 1003.3 1007.0   NA 11.1 -48.1  119.3     NA  8.2 
1931/03/11 00:00:00  3.22 0.00  7.6  8.9  7.2  9.0 1002.1 1007.2   NA 11.1 -48.0  119.9     NA  8.1 
1931/03/11 04:00:00  3.27 0.00  7.9  9.8  6.7  9.7 1000.5 1008.8   NA 10.8 -47.9  120.5     NA  9.0 
1931/03/11 08:00:00  3.61 0.00  8.2  9.7  6.9  9.7  999.0 1009.0   NA 10.8 -47.8  121.2     NA  8.9 
1931/03/11 12:00:00  3.65 0.00  8.6  9.7  4.8  9.7  999.7 1009.0   NA 10.8 -47.7  121.9     NA  8.9 
1931/03/11 16:00:00  3.63 0.00  8.1  9.7  5.5  9.7  999.9 1009.2   NA 10.8 -47.5  122.5     NA  8.9 
1931/03/11 20:00:00  3.69 0.00  8.7  9.8  9.4  9.7  999.6 1009.3   NA 10.8 -47.4  123.2     NA  8.9 
1931/03/12 00:00:00  3.63 0.00  9.8  9.7  6.7  9.7 1002.4 1009.5   NA 10.8 -47.3  123.9     NA  8.8 
1931/03/12 03:00:00  3.68 0.00  9.8  9.9  7.2  9.9 1004.8 1009.7   NA 10.8 -47.2  124.5     NA  9.0 
1931/03/12 07:00:00  3.33 0.00  9.7 10.2  7.7 10.2 1007.2 1009.9   NA 10.8 -47.1  125.1     NA  9.4 
1931/03/12 11:00:00  3.27 0.00  9.3 10.2  7.2 10.2 1009.9 1009.9   NA 10.8 -47.0  125.7     NA  9.4 
1931/03/12 15:00:00  3.34 0.00  9.4 11.0  7.2 10.8 1010.7 1011.6   NA 10.3 -46.9  126.3     NA 10.3 
1931/03/12 19:00:00  3.35 0.00  9.5 11.0  7.7 10.8 1010.7 1011.6   NA 10.3 -46.8  126.9     NA 10.3 
1931/03/12 23:00:00  3.35 0.00  9.3 11.1  7.8 11.0 1009.4 1011.8   NA 10.3 -46.7  127.5     NA 10.4 
1931/03/13 03:00:00  3.31 0.00  9.4 11.2  8.3 11.1 1007.5 1012.2   NA 10.2 -46.6  128.1     NA 10.8 
1931/03/13 07:00:00  3.48 0.00 10.0 11.2  9.0 11.1 1006.3 1012.2   NA 10.2 -46.6  128.8     NA 10.8 
1931/03/13 11:00:00  3.52 0.00 10.4 11.2  9.7 11.3 1003.7 1012.4   NA 10.2 -46.5  129.4     NA 10.8 
1931/03/13 15:00:00  3.49 0.00 10.3 11.3 10.0 11.3 1002.0 1012.6   NA 10.1 -46.4  130.1     NA 10.8 
1931/03/13 19:00:00  3.55 0.00  9.9 11.3 10.4 11.3 1000.8 1012.6   NA 10.1 -46.3  130.7     NA 10.8 
1931/03/13 23:00:00  3.51 0.00  9.9 11.3 10.4 11.3  998.9 1012.8   NA 10.0 -46.2  131.3     NA 10.8 
1931/03/14 03:00:00  3.52 0.00  9.8 11.3 10.3 11.3  999.9 1012.9   NA 10.1 -46.1  132.0     NA 10.8 
1931/03/14 07:00:00  3.88 0.00 10.0 12.0 10.3 11.8 1002.4 1014.5   NA  9.6 -46.0  132.7     NA 11.7 
1931/03/14 11:00:00  3.82 0.00 10.1 12.0  9.9 11.8 1005.0 1014.6   NA  9.5 -45.9  133.4     NA 11.9 
1931/03/14 15:00:00  3.90 0.00 10.5 12.2  9.9 11.8 1009.3 1014.8   NA  9.4 -45.8  134.1     NA 12.2 
1931/03/14 19:00:00  3.89 0.00 10.3 12.2  9.4 11.8 1012.0 1014.8   NA  9.4 -45.7  134.8     NA 12.2 
1931/03/14 23:00:00  3.86 0.00 10.0 12.3  9.4 11.8 1015.3 1014.8   NA  9.3 -45.6  135.5     NA 12.3 
1931/03/15 03:00:00  3.91 0.00 10.2 12.4  9.6 11.8 1017.6 1014.9   NA  9.3 -45.5  136.2     NA 12.4 
1931/03/15 07:00:00  3.96 0.00 10.4 12.4 10.1 11.8 1018.4 1014.9   NA  9.3 -45.4  136.9     NA 12.4 
1931/03/15 11:00:00  3.94 0.00 11.0 12.5  9.9 11.9 1020.0 1014.9   NA  9.2 -45.3  137.6     NA 12.3 
1931/03/15 15:00:00  3.96 0.00 11.9 12.6  9.9 11.9 1021.2 1014.9   NA  9.1 -45.3  138.3     NA 11.9 
1931/03/15 19:00:00  3.96 0.00 12.1 12.8  9.9 11.9 1021.3 1014.9   NA  9.0 -45.2  139.1     NA 11.8 
1931/03/15 23:00:00  3.97 0.00 11.2 12.8 10.1 11.9 1022.7 1014.9   NA  9.0 -45.1  139.8     NA 11.8 
1931/03/16 02:00:00  3.95 0.00 11.3 13.0 10.7 11.8 1023.7 1015.0   NA  9.0 -45.0  140.4     NA 11.7 
1931/03/16 06:00:00  3.14 0.00 10.7 13.6 10.7 12.4 1023.5 1015.8   NA  8.5 -44.9  140.9     NA 12.4 
1931/03/16 10:00:00  3.15 0.00 11.9 13.9 11.0 12.4 1024.9 1015.8   NA  8.3 -44.8  141.5     NA 12.7 
1931/03/16 14:00:00  3.18 0.00 12.1 13.9 10.9 12.5 1025.4 1015.7   NA  8.2 -44.6  142.0     NA 13.1 
1931/03/16 18:00:00  3.16 0.00 11.7 13.9 11.0 12.5 1025.3 1015.7   NA  8.2 -44.5  142.6     NA 13.1 
1931/03/16 22:00:00  3.17 0.00 11.8 13.9 11.1 12.6 1027.0 1015.7   NA  8.2 -44.3  143.1     NA 13.2 
1931/03/17 02:00:00  3.18 0.00 12.2 13.9 11.7 12.6 1026.3 1015.8   NA  8.2 -44.2  143.6     NA 13.2 
1931/03/17 06:00:00  2.68 0.00 12.1 14.1 11.4 12.7 1025.9 1015.7   NA  8.0 -44.1  144.1     NA 13.5 
1931/03/17 10:00:00  2.68 0.00 12.4 14.1 11.4 12.7 1027.0 1015.7   NA  8.0 -44.0  144.6     NA 13.5 
1931/03/17 14:00:00  2.68 0.00 12.6 15.1 11.2 13.5 1026.4 1016.1   NA  5.8 -43.9  145.0     NA 15.2 
1931/03/17 18:00:00  2.67 0.00 13.2 15.1 11.4 13.5 1025.3 1016.1   NA  5.8 -43.9  145.5     NA 15.2 
1931/03/17 22:00:00  2.69 0.00 14.1 15.1 12.1 13.5 1025.7 1016.1   NA  5.8 -43.8  146.0     NA 15.2 
1931/03/18 02:00:00  2.72 0.00 14.8 14.9 12.3 13.7 1024.3 1016.1   NA  5.1 -43.7  146.4     NA 15.2 
1931/03/18 06:00:00  0.45 0.00 14.3 14.9 13.1 13.7 1021.0 1016.1   NA  5.1 -43.7  146.5     NA 15.2 
1931/03/18 10:00:00  0.41 0.00 14.3 14.9 12.8 13.7 1019.6 1016.1   NA  5.1 -43.6  146.6     NA 15.2 
1931/03/18 14:00:00  0.45 0.00 14.2 14.9 11.1 13.7 1017.0 1016.1   NA  5.1 -43.6  146.6     NA 15.2 
1931/03/18 18:00:00  0.50 0.00   NA 14.9 11.3 13.7 1014.1 1016.1   NA  5.1 -43.6  146.7     NA 15.2 
1931/03/18 22:00:00  0.46 0.00 14.4 14.9 13.4 13.7 1012.5 1016.1   NA  5.1 -43.6  146.8     NA 15.2 
1931/03/19 02:00:00  0.43 0.00 15.5 14.9 17.7 13.7 1009.9 1016.2   NA  5.1 -43.5  146.8     NA 15.2 
1931/03/19 06:00:00  0.46 0.00   NA 14.9   NA 13.7 1008.6 1016.2   NA  5.1 -43.5  146.9     NA 15.2 
1931/03/19 10:00:00  0.41 0.00   NA 14.9   NA 13.7     NA 1016.2   NA  5.1 -43.5  147.0     NA 15.2 
1931/03/19 14:00:00  0.46 0.00   NA 15.3   NA 14.3     NA 1016.2   NA  5.6 -43.4  147.0     NA 15.6 
1931/03/19 18:00:00  0.46 0.00   NA 15.3   NA 14.3     NA 1016.2   NA  5.6 -43.4  147.1     NA 15.6 
1931/03/19 22:00:00  0.41 0.00   NA 15.3   NA 14.3     NA 1016.2   NA  5.6 -43.4  147.2     NA 15.6 
1931/03/20 02:00:00  0.46 0.00   NA 15.3   NA 14.3     NA 1016.2   NA  5.6 -43.3  147.2     NA 15.6 
1931/03/20 06:00:00  0.50 0.00   NA 15.3   NA 14.3     NA 1016.2   NA  5.6 -43.3  147.3     NA 15.6 
1931/03/20 10:00:00  0.46 0.00   NA 15.3   NA 14.3     NA 1016.2   NA  5.6 -43.3  147.4     NA 15.6 
1931/03/20 14:00:00  0.41 0.00   NA 15.3   NA 14.3     NA 1016.2   NA  5.6 -43.2  147.4     NA 15.6 
1931/03/20 18:00:00  0.46 0.00   NA 15.3   NA 14.3     NA 1016.2   NA  5.6 -43.2  147.5     NA 15.6 
1931/03/20 22:00:00  0.46 0.00   NA 15.3   NA 14.3     NA 1016.2   NA  5.6 -43.2  147.6     NA 15.6 
1931/03/21 02:00:00  0.41 0.00   NA 15.3   NA 14.2     NA 1016.2   NA  5.6 -43.1  147.6     NA 15.5 
1931/03/21 06:00:00  0.46 0.00   NA 15.3   NA 14.2     NA 1016.2   NA  5.6 -43.1  147.7     NA 15.5 
1931/03/21 10:00:00  0.50 0.00   NA 15.3   NA 14.2     NA 1016.2   NA  5.6 -43.1  147.8     NA 15.5 
1931/03/21 14:00:00  0.46 0.00   NA 15.3   NA 14.2     NA 1016.2   NA  5.6 -43.1  147.8     NA 15.5 
1931/03/21 18:00:00  0.41 0.00   NA 15.3   NA 14.2     NA 1016.2   NA  5.6 -43.0  147.9     NA 15.5 
1931/03/21 22:00:00  0.46 0.00   NA 17.3   NA 15.5     NA 1016.6   NA  3.3 -43.0  148.0     NA 16.6 
1931/03/22 02:00:00  0.46 0.00   NA 17.2   NA 15.4     NA 1016.6   NA  5.5 -43.0  148.0     NA 16.6 
1931/03/22 06:00:00  0.41 0.00   NA 17.2   NA 15.4     NA 1016.6   NA  5.5 -42.9  148.1     NA 16.6 
1931/03/22 10:00:00  0.46 0.00 14.6 17.2 15.0 15.4 1025.1 1016.6   NA  5.5 -42.9  148.2     NA 16.6 
1931/03/22 14:00:00  0.50 0.00 14.1 17.2 11.8 15.4 1026.5 1016.6   NA  5.5 -42.9  148.2     NA 16.6 
1931/03/22 18:00:00  0.46 0.00 14.1 17.2 11.9 15.4 1026.5 1016.6   NA  5.5 -42.8  148.3     NA 16.6 
1931/03/22 22:00:00  0.41 0.00 15.6 17.2 12.4 15.4 1027.5 1016.6   NA  5.5 -42.8  148.4     NA 16.6 
1931/03/23 02:00:00  0.46 0.00 16.6 17.2 13.9 15.4 1027.5 1016.7   NA  5.5 -42.8  148.4     NA 16.6 
1931/03/23 06:00:00  2.04 0.00 16.5 17.2 15.6 15.4 1025.2 1016.7   NA  5.5 -42.5  148.5     NA 16.6 
1931/03/23 10:00:00  2.04 0.00 16.3 17.2 16.1 15.4 1024.8 1016.7   NA  5.5 -42.2  148.6     NA 16.6 
1931/03/23 14:00:00  2.04 0.00 16.2 17.8 15.7 16.3 1023.9 1017.1   NA  5.2 -42.0  148.6     NA 17.2 
1931/03/23 18:00:00  1.97 0.00 16.3 17.8 14.2 16.3 1022.2 1017.1   NA  5.2 -41.7  148.7     NA 17.2 
1931/03/23 22:00:00  2.04 0.00 16.1 17.8 14.2 16.3 1022.4 1017.1   NA  5.2 -41.5  148.7     NA 17.2 
1931/03/24 02:00:00  2.04 0.00 16.0 17.8 15.0 16.3 1020.1 1017.1   NA  5.2 -41.2  148.8     NA 17.2 
1931/03/24 06:00:00  1.50 0.00 16.1 17.8 15.8 16.3 1019.3 1017.1   NA  5.2 -41.1  148.6     NA 17.2 
1931/03/24 10:00:00  1.51 0.00 16.1 18.3 15.6 16.8 1019.0 1017.5   NA  6.4 -40.9  148.4     NA 17.7 
1931/03/24 14:00:00  1.56 0.00 16.2 18.3 14.3 16.8 1020.2 1017.5   NA  6.4 -40.8  148.3     NA 17.7 
1931/03/24 18:00:00  1.47 0.00 15.2 18.3 14.4 16.8 1020.5 1017.5   NA  6.4 -40.6  148.1     NA 17.7 
1931/03/24 22:00:00  1.51 0.00 16.3 18.3 14.5 16.7 1022.8 1017.5   NA  5.6 -40.5  147.9     NA 17.9 
1931/03/25 02:00:00  1.51 0.00 17.0 18.3 15.4 16.7 1023.9 1017.6   NA  5.6 -40.4  147.7     NA 17.9 
1931/03/25 06:00:00    NA   NA 17.0   NA 15.0   NA 1023.4     NA   NA   NA    NA     NA     NA   NA 
1931/03/25 10:00:00    NA   NA 16.5   NA 14.7   NA 1024.5     NA   NA   NA    NA     NA     NA   NA 
1931/03/25 14:00:00    NA   NA 16.8   NA 15.2   NA 1024.7     NA   NA   NA    NA     NA     NA   NA 
1931/03/25 18:00:00    NA   NA 16.9   NA 15.6   NA 1023.4     NA   NA   NA    NA     NA     NA   NA 
1931/03/25 22:00:00    NA   NA 16.4   NA 16.2   NA 1023.5     NA   NA   NA    NA     NA     NA   NA 
1931/03/26 02:00:00    NA   NA 16.7   NA 15.0   NA 1021.9     NA   NA   NA    NA     NA     NA   NA 
1931/03/26 06:00:00    NA   NA 17.4   NA 17.7   NA 1019.6     NA   NA   NA    NA     NA     NA   NA 
1931/03/26 10:00:00    NA   NA 18.0   NA 18.3   NA 1019.3     NA   NA   NA    NA     NA     NA   NA 
1931/03/26 14:00:00    NA   NA 17.8   NA 17.9   NA 1020.4     NA   NA   NA    NA     NA     NA   NA 
1931/03/26 18:00:00    NA   NA   NA   NA 16.8   NA 1019.3     NA   NA   NA    NA     NA     NA   NA 
1931/03/26 22:00:00    NA   NA 17.8   NA 17.8   NA 1019.5     NA   NA   NA    NA     NA     NA   NA 
