1903/11/27 15:00:00   NA   NA  NA
1903/11/27 16:00:00   NA   NA  NA
1903/11/27 17:00:00   NA   NA  NA
1903/11/27 18:00:00   NA   NA  NA
1903/11/27 19:00:00   NA   NA  NA
1903/11/27 21:00:00   NA   NA  NA
1903/11/27 22:00:00   NA   NA  NA
1903/11/27 23:00:00   NA   NA  NA
1903/11/28 00:00:00   NA   NA  NA
1903/11/28 01:00:00   NA   NA  NA
1903/11/28 02:00:00   NA   NA  NA
1903/11/28 03:00:00   NA   NA  NA
1903/11/28 04:00:00   NA   NA  NA
1903/11/28 05:00:00   NA   NA  NA
1903/11/28 06:00:00   NA   NA  NA
1903/11/28 07:00:00   NA   NA  NA
1903/11/28 08:00:00   NA   NA  NA
1903/11/28 09:00:00   NA   NA  NA
1903/11/28 10:00:00   NA   NA  NA
1903/11/28 11:00:00   NA   NA  NA
1903/11/28 12:00:00   NA   NA  NA
1903/11/28 13:00:00   NA   NA  NA
1903/11/28 16:00:00 0.00 0.28 0.03
1903/11/28 17:00:00 0.00 0.28 0.03
1903/11/28 18:00:00 0.00 0.28 0.03
1903/11/28 19:00:00 0.00 0.28 0.03
1903/11/28 20:00:00 0.00 0.28 0.03
1903/11/28 21:00:00 0.00 0.28 0.03
1903/11/28 22:00:00 0.00 0.27 0.03
1903/11/28 23:00:00 0.00 0.27 0.03
1903/11/29 00:00:00 0.00 0.25 0.02
1903/11/29 01:00:00 0.00 0.25 0.02
1903/11/29 02:00:00 0.00 0.25 0.02
1903/11/29 03:00:00 0.00 0.25 0.02
1903/11/29 04:00:00 0.00 0.18 0.02
1903/11/29 05:00:00 0.00 0.18 0.02
1903/11/29 06:00:00 0.00 0.11 0.01
1903/11/29 07:00:00 0.00 0.11 0.01
1903/11/29 08:00:00 0.00 0.11 0.01
1903/11/29 09:00:00 0.00 0.11 0.01
1903/11/29 10:00:00 0.00 0.11 0.01
1903/11/29 11:00:00 0.00 0.05 0.00
1903/11/29 12:00:00 0.00 0.05 0.00
1903/11/29 13:00:00 0.00 0.05 0.00
1903/11/29 14:00:00 0.00 0.05 0.00
1903/11/29 15:00:00 0.00 0.05 0.00
1903/11/29 16:00:00 0.00 0.05 0.00
1903/11/29 17:00:00 0.00 0.05 0.00
1903/11/29 18:00:00 0.00 0.05 0.00
1903/11/29 19:00:00 0.00 0.05 0.00
1903/11/29 20:00:00 0.00 0.05 0.00
1903/11/29 21:00:00 0.00 0.05 0.00
1903/11/29 22:00:00 0.00 0.05 0.00
1903/11/29 23:00:00 0.00 0.05 0.00
1903/11/30 00:00:00 0.00 0.05 0.00
1903/11/30 01:00:00 0.00 0.04 0.00
1903/11/30 02:00:00 0.00 0.04 0.00
1903/11/30 03:00:00 0.00 0.04 0.00
1903/11/30 04:00:00 0.00 0.04 0.00
1903/11/30 05:00:00 0.00 0.04 0.00
1903/11/30 06:00:00 0.00 0.03 0.00
1903/11/30 07:00:00 0.00 0.03 0.00
1903/11/30 08:00:00 0.00 0.03 0.00
1903/11/30 09:00:00 0.00 0.03 0.00
1903/11/30 10:00:00 0.00 0.03 0.00
1903/11/30 11:00:00 0.00 0.03 0.00
1903/11/30 12:00:00 0.00 0.03 0.00
1903/11/30 13:00:00 0.00 0.02 0.00
1903/11/30 14:00:00 0.00 0.02 0.00
1903/11/30 16:00:00 0.00 0.02 0.00
1903/11/30 17:00:00 0.00 0.02 0.00
1903/11/30 18:00:00 0.00 0.00 0.00
1903/11/30 19:00:00 0.00 0.00 0.00
1903/11/30 20:00:00 0.00 0.00 0.00
1903/11/30 21:00:00 0.00 0.00 0.00
1903/11/30 22:00:00 0.00 0.00 0.00
1903/11/30 23:00:00 0.00 0.00 0.00
1903/12/01 00:00:00 0.00 0.00 0.00
1903/12/01 01:00:00 0.00 0.00 0.00
1903/12/01 02:00:00 0.00 0.00 0.00
1903/12/01 03:00:00 0.00 0.00 0.00
1903/12/01 04:00:00 0.00 0.00 0.00
1903/12/01 05:00:00 0.00 0.00 0.00
1903/12/01 06:00:00 0.00 0.00 0.00
1903/12/01 07:00:00 0.00 0.00 0.00
1903/12/01 08:00:00 0.00 0.00 0.00
1903/12/01 09:00:00 0.00 0.00 0.00
1903/12/01 10:00:00 0.00 0.00 0.00
1903/12/01 11:00:00 0.00 0.00 0.00
1903/12/01 12:00:00 0.00 0.00 0.00
1903/12/01 13:00:00 0.00 0.00 0.00
1903/12/01 14:00:00 0.00 0.00 0.00
1903/12/01 15:00:00 0.00 0.00 0.00
1903/12/01 16:00:00 0.00 0.00 0.00
1903/12/01 17:00:00 0.00 0.00 0.00
1903/12/01 18:00:00 0.00 0.00 0.00
1903/12/01 19:00:00 0.00 0.00 0.00
1903/12/01 20:00:00 0.00 0.00 0.00
1903/12/01 21:00:00 0.00 0.00 0.00
1903/12/01 22:00:00 0.00 0.00 0.00
1903/12/01 23:00:00 0.00 0.00 0.00
1903/12/02 00:00:00 0.00 0.00 0.00
1903/12/02 01:00:00 0.00 0.00 0.00
1903/12/02 02:00:00 0.00 0.00 0.00
1903/12/02 03:00:00 0.00 0.00 0.00
1903/12/02 04:00:00 0.00 0.00 0.00
1903/12/02 05:00:00 0.00 0.00 0.00
1903/12/02 06:00:00 0.00 0.00 0.00
1903/12/02 07:00:00 0.00 0.00 0.00
1903/12/02 08:00:00 0.00 0.00 0.00
1903/12/02 09:00:00 0.00 0.00 0.00
1903/12/02 10:00:00 0.00 0.00 0.00
1903/12/02 11:00:00 0.00 0.00 0.00
1903/12/02 12:00:00 0.00 0.00 0.00
1903/12/02 13:00:00 0.00 0.00 0.00
1903/12/02 14:00:00 0.00 0.00 0.00
1903/12/02 15:00:00 0.00 0.00 0.00
1903/12/02 16:00:00 0.00 0.00 0.00
1903/12/02 17:00:00   NA   NA  NA
1903/12/02 18:00:00   NA   NA  NA
1903/12/02 19:00:00   NA   NA  NA
1903/12/02 20:00:00   NA   NA  NA
1903/12/02 21:00:00   NA   NA  NA
1903/12/02 22:00:00   NA   NA  NA
1903/12/02 23:00:00   NA   NA  NA
1903/12/03 00:00:00   NA   NA  NA
1903/12/03 01:00:00   NA   NA  NA
1903/12/03 02:00:00   NA   NA  NA
1903/12/03 03:00:00   NA   NA  NA
1903/12/03 04:00:00   NA   NA  NA
1903/12/02 05:00:00   NA   NA  NA
1903/12/02 06:00:00   NA   NA  NA
1903/12/02 07:00:00   NA   NA  NA
1903/12/02 08:00:00   NA   NA  NA
1903/12/02 09:00:00   NA   NA  NA
1903/12/02 10:00:00   NA   NA  NA
1903/12/02 11:00:00   NA   NA  NA
1903/12/02 11:00:00   NA   NA  NA
1903/12/02 12:00:00   NA   NA  NA
1903/12/02 12:00:00   NA   NA  NA
1903/12/02 13:00:00   NA   NA  NA
1903/12/02 16:00:00 0.00 0.00 0.00
1903/12/02 17:00:00 0.00 0.00 0.00
1903/12/02 20:00:00 0.00 0.00 0.00
1903/12/03 00:00:00 0.00 0.00 0.00
1903/12/03 04:00:00 0.00 0.00 0.00
1903/12/04 08:00:00 0.00 0.00 0.00
1903/12/05 12:00:00 0.00 0.00 0.00
1903/12/06 12:00:00 0.00 0.00 0.00
1903/12/08 04:00:00 0.00 0.00 0.00
1903/12/08 08:00:00 0.00 0.00 0.00
1903/12/08 12:00:00 0.00 0.00 0.00
1903/12/09 12:00:00 0.00 0.00 0.00
1903/12/09 16:00:00 0.00 0.00 0.00
1903/12/09 20:00:00 0.00 0.00 0.00
1903/12/10 00:00:00 0.00 0.00 0.00
1903/12/10 12:00:00 0.00 0.00 0.00
1903/12/10 16:00:00 0.00 0.00 0.00
1903/12/10 20:00:00 0.00 0.00 0.00
1903/12/11 00:00:00 0.00 0.00 0.00
1903/12/11 04:00:00 0.00 0.00 0.00
1903/12/11 12:00:00 0.00 0.00 0.00
1903/12/11 16:00:00 0.00 0.00 0.00
1903/12/11 20:00:00 0.00 0.00 0.00
1903/12/12 00:00:00 0.00 0.00 0.00
1903/12/12 12:00:00 0.00 0.00 0.00
1903/12/12 16:00:00 0.00 0.00 0.00
1903/12/12 20:00:00 0.00 0.00 0.00
1903/12/13 00:00:00 0.00 0.00 0.00
1903/12/13 12:00:00 0.00 0.00 0.00
1903/12/13 16:00:00 0.00 0.00 0.00
1903/12/13 20:00:00 0.00 0.00 0.00
1903/12/14 00:00:00 0.00 0.00 0.00
1903/12/14 04:00:00 0.00 0.00 0.00
1903/12/14 12:00:00 0.00 0.00 0.00
1903/12/14 16:00:00 0.00 0.00 0.00
1903/12/14 20:00:00 0.00 0.00 0.00
1903/12/15 00:00:00 0.00 0.00 0.00
1903/12/15 12:00:00 0.00 0.00 0.00
1903/12/15 16:00:00 0.00 0.00 0.00
1903/12/15 21:00:00 0.00 0.00 0.00
1903/12/16 00:00:00 0.00 0.00 0.00
1903/12/16 12:00:00 0.00 0.00 0.00
1903/12/16 16:00:00 0.00 0.00 0.00
1903/12/16 20:00:00 0.00 0.00 0.00
1903/12/17 00:00:00 0.00 0.00 0.00
1903/12/17 12:00:00 0.00 0.00 0.00
1903/12/17 16:00:00 0.00 0.00 0.00
1903/12/17 20:00:00 0.00 0.00 0.00
1903/12/18 00:00:00 0.00 0.00 0.00
1903/12/18 12:00:00 0.00 0.00 0.00
1903/12/18 16:00:00 0.00 0.00 0.00
1903/12/18 20:00:00 0.00 0.00 0.00
1903/12/19 00:00:00 0.00 0.00 0.00
1903/12/19 12:00:00 0.00 0.00 0.00
1903/12/19 16:00:00 0.00 0.00 0.00
1903/12/19 20:00:00 0.00 0.00 0.00
1903/12/20 00:00:00 0.00 0.00 0.00
1903/12/20 04:00:00 0.00 0.00 0.00
1903/12/20 12:00:00 0.00 0.00 0.00
1903/12/20 16:00:00 0.00 0.00 0.00
1903/12/20 20:00:00 0.00 0.00 0.00
1903/12/21 00:00:00 0.00 0.00 0.00
1903/12/21 04:00:00 0.00 0.00 0.00
1903/12/21 12:00:00 0.00 0.00 0.00
1903/12/21 14:00:00 0.00 0.00 0.00
1903/12/21 16:00:00 0.00 0.00 0.00
1903/12/21 20:00:00 0.00 0.00 0.00
1903/12/22 00:00:00 0.00 0.00 0.00
1903/12/22 12:00:00 0.00 0.00 0.00
1903/12/22 16:00:00 0.00 0.00 0.00
1903/12/22 20:00:00 0.00 0.00 0.00
1903/12/23 00:00:00 0.00 0.00 0.00
1903/12/23 08:00:00 0.00 0.00 0.00
1903/12/23 10:00:00 0.00 0.00 0.00
1903/12/23 12:00:00 0.00 0.00 0.00
1903/12/23 16:00:00 0.00 0.00 0.00
1903/12/23 20:00:00 0.00 0.00 0.00
1903/12/23 22:00:00 0.00 0.00 0.00
1903/12/24 00:00:00 0.00 0.00 0.00
1903/12/24 12:00:00 0.00 0.00 0.00
1903/12/24 16:00:00 0.00 0.00 0.00
1903/12/25 16:00:00 0.00 0.00 0.00
1903/12/26 16:00:00 0.00 0.00 0.00
1903/12/27 16:00:00 0.00 0.00 0.00
1903/12/28 16:00:00 0.00 0.00 0.00
1903/12/29 16:00:00 0.00 0.00 0.00
1903/12/30 16:00:00 0.00 0.00 0.00
1903/12/31 16:00:00 0.00 0.00 0.00
1904/01/01 16:00:00 0.00 0.00 0.00
1904/01/02 16:00:00 0.00 0.00 0.00
1904/01/03 16:00:00 0.00 0.00 0.00
1904/01/04 16:00:00 0.00 0.00 0.00
1904/01/05 16:00:00 0.00 0.00 0.00
1904/01/06 16:00:00 0.00 0.00 0.00
1904/01/07 16:00:00 0.00 0.00 0.00
1904/01/08 16:00:00 0.00 0.00 0.00
1904/01/09 16:00:00 0.00 0.00 0.00
1904/01/10 16:00:00 0.00 0.00 0.00
1904/01/11 16:00:00 0.00 0.00 0.00
1904/01/12 16:00:00 0.00 0.00 0.00
1904/01/13 16:00:00 0.00 0.00 0.00
1904/01/14 16:00:00 0.00 0.00 0.00
1904/01/15 16:00:00 0.00 0.00 0.00
1904/01/16 16:00:00 0.00 0.00 0.00
1904/01/17 16:00:00 0.00 0.00 0.00
1904/01/18 16:00:00 0.00 0.00 0.00
1904/01/19 16:00:00 0.00 0.00 0.00
1904/01/20 16:00:00 0.00 0.00 0.00
1904/01/21 16:00:00 0.00 0.00 0.00
1904/01/22 12:00:00 0.00 0.00 0.00
1904/01/22 13:00:00 0.00 0.00 0.00
1904/01/22 14:00:00 0.00 0.00 0.00
1904/01/22 15:00:00 0.00 0.00 0.00
1904/01/22 16:00:00 0.00 0.00 0.00
1904/01/22 17:00:00 0.00 0.00 0.00
1904/01/22 18:00:00 0.00 0.00 0.00
1904/01/22 19:00:00 0.00 0.00 0.00
1904/01/22 20:00:00 0.00 0.00 0.00
1904/01/22 21:00:00 0.00 0.00 0.00
1904/01/22 22:00:00 0.00 0.00 0.00
1904/01/22 23:00:00 0.00 0.00 0.00
1904/01/23 00:00:00 0.00 0.00 0.00
1904/01/23 01:00:00 0.00 0.00 0.00
1904/01/23 02:00:00 0.00 0.00 0.00
1904/01/23 03:00:00 0.00 0.00 0.00
1904/01/23 04:00:00 0.00 0.00 0.00
1904/01/23 05:00:00 0.00 0.00 0.00
1904/01/23 06:00:00 0.00 0.00 0.00
1904/01/23 07:00:00 0.00 0.00 0.00
1904/01/23 08:00:00 0.00 0.00 0.00
1904/01/23 09:00:00 0.00 0.00 0.00
1904/01/23 10:00:00 0.00 0.00 0.00
1904/01/23 11:00:00 0.00 0.00 0.00
1904/01/23 12:00:00 0.00 0.00 0.00
1904/01/23 13:00:00 0.00 0.00 0.00
1904/01/23 14:00:00 0.00 0.00 0.00
1904/01/23 15:00:00 0.00 0.00 0.00
1904/01/23 16:00:00 0.00 0.00 0.00
1904/01/23 17:00:00 0.00 0.00 0.00
1904/01/23 18:00:00 0.00 0.00 0.00
1904/01/23 19:00:00 0.00 0.00 0.00
1904/01/23 20:00:00 0.00 0.00 0.00
1904/01/23 21:00:00 0.00 0.00 0.00
1904/01/23 22:00:00 0.00 0.00 0.00
1904/01/23 23:00:00 0.00 0.00 0.00
1904/01/24 00:00:00 0.00 0.00 0.00
1904/01/24 01:00:00 0.00 0.00 0.00
1904/01/24 02:00:00 0.00 0.00 0.00
1904/01/24 03:00:00 0.00 0.00 0.00
1904/01/24 04:00:00 0.00 0.00 0.00
1904/01/24 05:00:00 0.00 0.00 0.00
1904/01/24 06:00:00 0.00 0.00 0.00
1904/01/24 07:00:00 0.00 0.00 0.00
1904/01/24 08:00:00 0.00 0.00 0.00
1904/01/24 09:00:00 0.00 0.00 0.00
1904/01/24 10:00:00 0.00 0.00 0.00
1904/01/24 11:00:00 0.00 0.00 0.00
1904/01/24 12:00:00 0.00 0.00 0.00
1904/01/24 13:00:00 0.00 0.00 0.00
1904/01/24 14:00:00 0.00 0.00 0.00
1904/01/24 15:00:00 0.00 0.00 0.00
1904/01/24 16:00:00 0.00 0.00 0.00
1904/01/24 17:00:00 0.00 0.00 0.00
1904/01/24 18:00:00 0.00 0.00 0.00
1904/01/24 19:00:00 0.00 0.00 0.00
1904/01/24 20:00:00 0.00 0.00 0.00
1904/01/24 21:00:00 0.00 0.00 0.00
1904/01/24 22:00:00 0.00 0.00 0.00
1904/01/24 23:00:00 0.00 0.00 0.00
1904/01/25 00:00:00 0.00 0.00 0.00
1904/01/25 01:00:00 0.00 0.00 0.00
1904/01/25 02:00:00 0.00 0.00 0.00
1904/01/25 03:00:00 0.00 0.00 0.00
1904/01/25 04:00:00 0.00 0.00 0.00
1904/01/25 05:00:00 0.00 0.00 0.00
1904/01/25 06:00:00 0.00 0.00 0.00
1904/01/25 07:00:00 0.00 0.00 0.00
1904/01/25 08:00:00 0.00 0.00 0.00
1904/01/25 09:00:00 0.00 0.00 0.00
1904/01/25 10:00:00 0.00 0.00 0.00
1904/01/25 11:00:00 0.00 0.00 0.00
1904/01/25 12:00:00 0.00 0.00 0.00
1904/01/25 13:00:00 0.00 0.00 0.00
1904/01/25 14:00:00 0.00 0.00 0.00
1904/01/25 15:00:00 0.00 0.00 0.00
1904/01/25 16:00:00 0.00 0.00 0.00
1904/01/25 17:00:00 0.00 0.00 0.00
1904/01/25 18:00:00 0.00 0.00 0.00
1904/01/25 19:00:00 0.00 0.00 0.00
1904/01/25 20:00:00 0.00 0.00 0.00
1904/01/25 21:00:00 0.00 0.00 0.00
1904/01/25 22:00:00 0.00 0.00 0.00
1904/01/25 23:00:00 0.00 0.00 0.00
1904/01/26 00:00:00 0.00 0.00 0.00
1904/01/26 01:00:00 0.00 0.00 0.00
1904/01/26 02:00:00 0.00 0.00 0.00
1904/01/26 03:00:00 0.00 0.00 0.00
1904/01/26 04:00:00 0.00 0.00 0.00
1904/01/26 05:00:00 0.00 0.00 0.00
1904/01/26 06:00:00 0.00 0.00 0.00
1904/01/26 07:00:00 0.00 0.00 0.00
1904/01/26 08:00:00 0.00 0.00 0.00
1904/01/26 09:00:00 0.00 0.00 0.00
1904/01/26 10:00:00 0.00 0.00 0.00
1904/01/26 11:00:00 0.00 0.00 0.00
1904/01/26 12:00:00 0.00 0.00 0.00
1904/01/26 13:00:00 0.00 0.00 0.00
1904/01/26 14:00:00 0.00 0.00 0.00
1904/01/26 15:00:00 0.00 0.00 0.00
1904/01/26 16:00:00 0.00 0.00 0.00
1904/01/26 17:00:00 0.00 0.00 0.00
1904/01/26 18:00:00 0.00 0.00 0.00
1904/01/26 19:00:00 0.00 0.00 0.00
1904/01/26 20:00:00 0.00 0.00 0.00
1904/01/26 21:00:00 0.00 0.00 0.00
1904/01/26 22:00:00 0.00 0.00 0.00
1904/01/26 23:00:00 0.00 0.00 0.00
1904/01/27 00:00:00 0.00 0.00 0.00
1904/01/27 01:00:00 0.00 0.00 0.00
1904/01/27 02:00:00 0.00 0.00 0.00
1904/01/27 03:00:00 0.00 0.00 0.00
1904/01/27 04:00:00 0.00 0.00 0.00
1904/01/27 05:00:00 0.00 0.00 0.00
1904/01/27 06:00:00 0.00 0.00 0.00
1904/01/27 07:00:00 0.00 0.00 0.00
1904/01/27 08:00:00 0.00 0.00 0.00
1904/01/27 09:00:00 0.00 0.00 0.00
1904/01/27 10:00:00 0.00 0.00 0.00
1904/01/27 11:00:00 0.00 0.00 0.00
1904/01/27 12:00:00 0.00 0.00 0.00
1904/01/27 13:00:00 0.00 0.00 0.00
1904/01/27 14:00:00 0.00 0.00 0.00
1904/01/27 15:00:00 0.00 0.00 0.00
1904/01/27 16:00:00 0.00 0.00 0.00
1904/01/27 17:00:00 0.00 0.00 0.00
1904/01/27 18:00:00 0.00 0.00 0.00
1904/01/27 19:00:00 0.00 0.00 0.00
1904/01/27 20:00:00 0.00 0.00 0.00
1904/01/27 21:00:00 0.00 0.00 0.00
1904/01/27 22:00:00 0.00 0.00 0.00
1904/01/27 23:00:00 0.00 0.00 0.00
1904/01/28 00:00:00 0.00 0.00 0.00
1904/01/28 01:00:00 0.00 0.00 0.00
1904/01/28 02:00:00 0.00 0.00 0.00
1904/01/28 03:00:00 0.00 0.00 0.00
1904/01/28 04:00:00 0.00 0.00 0.00
1904/01/28 05:00:00 0.00 0.00 0.00
1904/01/28 06:00:00 0.00 0.00 0.00
1904/01/28 07:00:00 0.00 0.00 0.00
1904/01/28 08:00:00 0.00 0.00 0.00
1904/01/28 09:00:00 0.00 0.00 0.00
1904/01/28 10:00:00 0.00 0.00 0.00
1904/01/28 11:00:00 0.00 0.00 0.00
1904/01/28 12:00:00 0.00 0.00 0.00
1904/01/28 13:00:00 0.00 0.00 0.00
1904/01/28 14:00:00 0.00 0.00 0.00
1904/01/28 15:00:00 0.00 0.00 0.00
1904/01/28 16:00:00 0.00 0.00 0.00
1904/01/28 17:00:00 0.00 0.00 0.00
1904/01/28 18:00:00 0.00 0.00 0.00
1904/01/28 19:00:00 0.00 0.00 0.00
1904/01/28 20:00:00 0.00 0.00 0.00
1904/01/28 21:00:00 0.00 0.00 0.00
1904/01/28 22:00:00 0.00 0.00 0.00
1904/01/28 23:00:00 0.00 0.00 0.00
1904/01/29 00:00:00 0.00 0.00 0.00
1904/01/29 01:00:00 0.00 0.00 0.00
1904/01/29 02:00:00 0.00 0.00 0.00
1904/01/29 03:00:00 0.00 0.00 0.00
1904/01/29 04:00:00 0.00 0.00 0.00
1904/01/29 05:00:00 0.00 0.00 0.00
1904/01/29 06:00:00 0.00 0.00 0.00
1904/01/29 07:00:00 0.00 0.00 0.00
1904/01/29 08:00:00 0.00 0.00 0.00
1904/01/29 09:00:00 0.00 0.00 0.00
1904/01/29 10:00:00 0.00 0.00 0.00
1904/01/29 11:00:00 0.00 0.00 0.00
1904/01/29 12:00:00 0.00 0.00 0.00
1904/01/29 13:00:00 0.00 0.00 0.00
1904/01/29 14:00:00 0.00 0.00 0.00
1904/01/29 15:00:00 0.00 0.00 0.00
1904/01/29 16:00:00 0.00 0.00 0.00
1904/01/29 17:00:00 0.00 0.00 0.00
1904/01/29 18:00:00 0.00 0.00 0.00
1904/01/29 19:00:00 0.00 0.00 0.00
1904/01/29 20:00:00 0.00 0.00 0.00
1904/01/29 21:00:00 0.00 0.00 0.00
1904/01/29 22:00:00 0.00 0.00 0.00
1904/01/29 23:00:00 0.00 0.00 0.00
1904/01/30 00:00:00 0.00 0.00 0.00
1904/01/30 01:00:00 0.00 0.00 0.00
1904/01/30 02:00:00 0.00 0.00 0.00
1904/01/30 03:00:00 0.00 0.00 0.00
1904/01/30 04:00:00 0.00 0.00 0.00
1904/01/30 05:00:00 0.00 0.00 0.00
1904/01/30 06:00:00 0.00 0.00 0.00
1904/01/30 07:00:00 0.00 0.00 0.00
1904/01/30 08:00:00 0.00 0.00 0.00
1904/01/30 09:00:00 0.00 0.00 0.00
1904/01/30 10:00:00 0.00 0.00 0.00
1904/01/30 11:00:00 0.00 0.00 0.00
1904/01/30 12:00:00 0.00 0.00 0.00
1904/01/30 13:00:00 0.00 0.00 0.00
1904/01/30 14:00:00 0.00 0.00 0.00
1904/01/30 15:00:00 0.00 0.00 0.00
1904/01/30 16:00:00 0.00 0.00 0.00
1904/01/30 17:00:00 0.00 0.00 0.00
1904/01/30 18:00:00 0.00 0.00 0.00
1904/01/30 19:00:00 0.00 0.00 0.00
1904/01/30 20:00:00 0.00 0.00 0.00
1904/01/30 21:00:00 0.00 0.00 0.00
1904/01/30 22:00:00 0.00 0.00 0.00
1904/01/30 23:00:00 0.00 0.00 0.00
1904/01/31 00:00:00 0.00 0.00 0.00
1904/01/31 01:00:00 0.00 0.00 0.00
1904/01/31 02:00:00 0.00 0.00 0.00
1904/01/31 03:00:00 0.00 0.00 0.00
1904/01/31 04:00:00 0.00 0.00 0.00
1904/01/31 05:00:00 0.00 0.00 0.00
1904/01/31 06:00:00 0.00 0.00 0.00
1904/01/31 07:00:00 0.00 0.00 0.00
1904/01/31 08:00:00 0.00 0.00 0.00
1904/01/31 09:00:00 0.00 0.00 0.00
1904/01/31 10:00:00 0.00 0.00 0.00
1904/01/31 11:00:00 0.00 0.00 0.00
1904/01/31 12:00:00 0.00 0.00 0.00
1904/01/31 13:00:00 0.00 0.00 0.00
1904/01/31 14:00:00 0.00 0.00 0.00
1904/01/31 16:00:00 0.00 0.00 0.00
1904/02/01 12:00:00 0.00 0.00 0.00
1904/02/01 16:00:00 0.00 0.00 0.00
1904/02/02 12:00:00 0.00 0.00 0.00
1904/02/03 12:00:00 0.00 0.00 0.00
1904/02/03 16:00:00 0.00 0.00 0.00
1904/02/04 12:00:00 0.00 0.00 0.00
1904/02/04 20:00:00 0.00 0.00 0.00
1904/02/05 12:00:00 0.00 0.00 0.00
1904/02/06 12:00:00 0.00 0.00 0.00
1904/02/07 13:00:00 0.00 0.00 0.00
1904/02/08 12:00:00 0.00 0.00 0.00
1904/02/09 12:00:00 0.00 0.00 0.00
1904/02/09 13:00:00 0.00 0.00 0.00
1904/02/09 22:00:00 0.00 0.00 0.00
1904/02/09 23:00:00 0.00 0.00 0.00
1904/02/10 00:00:00 0.00 0.00 0.00
1904/02/10 01:00:00 0.00 0.00 0.00
1904/02/10 02:00:00 0.00 0.00 0.00
1904/02/10 03:00:00 0.00 0.00 0.00
1904/02/10 04:00:00 0.00 0.00 0.00
1904/02/10 05:00:00 0.00 0.00 0.00
1904/02/10 06:00:00 0.00 0.00 0.00
1904/02/10 07:00:00 0.00 0.00 0.00
1904/02/10 08:00:00 0.00 0.00 0.00
1904/02/10 09:00:00 0.00 0.00 0.00
1904/02/10 10:00:00 0.00 0.00 0.00
1904/02/10 11:00:00 0.00 0.00 0.00
1904/02/10 12:00:00 0.00 0.00 0.00
1904/02/10 13:00:00 0.00 0.00 0.00
1904/02/10 14:00:00 0.00 0.00 0.00
1904/02/10 15:00:00 0.00 0.00 0.00
1904/02/10 16:00:00 0.00 0.00 0.00
1904/02/10 17:00:00 0.00 0.00 0.00
1904/02/10 18:00:00 0.00 0.00 0.00
1904/02/10 19:00:00 0.00 0.00 0.00
1904/02/10 20:00:00 0.00 0.00 0.00
1904/02/10 21:00:00 0.00 0.00 0.00
1904/02/10 22:00:00 0.00 0.00 0.00
1904/02/10 23:00:00 0.00 0.00 0.00
1904/02/11 00:00:00 0.00 0.00 0.00
1904/02/11 01:00:00 0.00 0.00 0.00
1904/02/11 02:00:00 0.00 0.00 0.00
1904/02/11 03:00:00 0.00 0.00 0.00
1904/02/11 04:00:00 0.00 0.00 0.00
1904/02/11 05:00:00 0.00 0.00 0.00
1904/02/11 06:00:00 0.00 0.00 0.00
1904/02/11 07:00:00 0.00 0.00 0.00
1904/02/11 08:00:00 0.00 0.00 0.00
1904/02/11 09:00:00 0.00 0.00 0.00
1904/02/11 10:00:00 0.00 0.00 0.00
1904/02/11 11:00:00 0.00 0.00 0.00
1904/02/11 12:00:00 0.00 0.00 0.00
1904/02/11 13:00:00 0.00 0.00 0.00
1904/02/11 14:00:00 0.00 0.00 0.00
1904/02/11 15:00:00 0.00 0.00 0.00
1904/02/11 16:00:00 0.00 0.00 0.00
1904/02/11 17:00:00 0.00 0.00 0.00
1904/02/11 18:00:00 0.00 0.00 0.00
1904/02/11 19:00:00 0.00 0.00 0.00
1904/02/11 20:00:00 0.00 0.00 0.00
1904/02/11 21:00:00 0.00 0.00 0.00
1904/02/11 22:00:00 0.00 0.00 0.00
1904/02/11 23:00:00 0.00 0.00 0.00
1904/02/12 00:00:00 0.00 0.00 0.00
1904/02/12 01:00:00 0.00 0.00 0.00
1904/02/12 02:00:00 0.00 0.00 0.00
1904/02/12 03:00:00 0.00 0.00 0.00
1904/02/12 04:00:00 0.00 0.00 0.00
1904/02/12 05:00:00 0.00 0.00 0.00
1904/02/12 06:00:00 0.00 0.00 0.00
1904/02/12 07:00:00 0.00 0.00 0.00
1904/02/12 08:00:00 0.00 0.00 0.00
1904/02/12 09:00:00 0.00 0.00 0.00
1904/02/12 10:00:00 0.00 0.00 0.00
1904/02/12 11:00:00 0.00 0.00 0.00
1904/02/12 12:00:00 0.00 0.00 0.00
1904/02/12 13:00:00 0.00 0.00 0.00
1904/02/12 14:00:00 0.00 0.00 0.00
1904/02/12 15:00:00   NA   NA  NA
1904/02/12 15:00:00 0.00 0.00 0.00
1904/02/12 16:00:00 0.00 0.00 0.00
1904/02/12 17:00:00 0.00 0.00 0.00
1904/02/12 18:00:00 0.00 0.00 0.00
1904/02/12 19:00:00 0.00 0.00 0.00
1904/02/12 20:00:00 0.00 0.00 0.00
1904/02/12 21:00:00 0.00 0.00 0.00
1904/02/12 22:00:00 0.00 0.00 0.00
1904/02/12 23:00:00 0.00 0.00 0.00
1904/02/13 00:00:00 0.00 0.00 0.00
1904/02/13 01:00:00 0.00 0.00 0.00
1904/02/13 02:00:00 0.00 0.00 0.00
1904/02/13 03:00:00 0.00 0.00 0.00
1904/02/13 04:00:00 0.00 0.00 0.00
1904/02/13 05:00:00 0.00 0.00 0.00
1904/02/13 06:00:00 0.00 0.00 0.00
1904/02/13 07:00:00 0.00 0.00 0.00
1904/02/13 08:00:00 0.00 0.00 0.00
1904/02/13 09:00:00 0.00 0.00 0.00
1904/02/13 10:00:00 0.00 0.00 0.00
1904/02/13 11:00:00 0.00 0.00 0.00
1904/02/13 12:00:00 0.00 0.00 0.00
1904/02/13 13:00:00 0.00 0.00 0.00
1904/02/13 14:00:00 0.00 0.00 0.00
1904/02/13 15:00:00 0.00 0.00 0.00
1904/02/13 16:00:00 0.00 0.00 0.00
1904/02/13 17:00:00 0.00 0.23 0.01
1904/02/13 18:00:00 0.00 0.23 0.01
1904/02/13 19:00:00 0.00 0.23 0.01
1904/02/13 20:00:00 0.00 0.23 0.01
1904/02/13 21:00:00 0.00 0.24 0.01
1904/02/13 22:00:00 0.00 0.24 0.01
1904/02/13 23:00:00 0.00 0.24 0.01
1904/02/14 00:00:00 0.00 0.01 0.00
1904/02/14 01:00:00 0.00 0.01 0.00
1904/02/14 02:00:00 0.00 0.01 0.00
1904/02/14 03:00:00 0.00 0.01 0.00
1904/02/14 04:00:00 0.00 0.01 0.00
1904/02/14 05:00:00 0.00 0.01 0.00
1904/02/14 06:00:00 0.00 0.01 0.00
1904/02/14 07:00:00 0.00 0.01 0.00
1904/02/14 08:00:00 0.00 0.01 0.00
1904/02/14 09:00:00 0.00 0.01 0.00
1904/02/14 10:00:00 0.00 0.01 0.00
1904/02/14 11:00:00 0.00 0.01 0.00
1904/02/14 12:00:00 0.00 0.01 0.00
1904/02/14 13:00:00 0.00 0.01 0.00
1904/02/14 14:00:00 0.00 0.01 0.00
1904/02/14 15:00:00 0.00 0.01 0.00
1904/02/14 16:00:00 0.00 0.01 0.00
1904/02/14 17:00:00 0.00 0.01 0.00
1904/02/14 18:00:00 0.00 0.01 0.00
1904/02/14 19:00:00 0.00 0.01 0.00
1904/02/14 20:00:00 0.00 0.01 0.00
1904/02/14 21:00:00 0.00 0.01 0.00
1904/02/14 22:00:00 0.00 0.01 0.00
1904/02/15 11:00:00 0.00 0.01 0.00
1904/02/15 15:00:00 0.00 0.01 0.00
1904/02/15 19:00:00 0.00 0.01 0.00
1904/02/15 23:00:00 0.00 0.01 0.00
1904/02/16 11:00:00 0.00 0.01 0.00
1904/02/16 15:00:00 0.00 0.01 0.00
1904/02/16 19:00:00 0.00 0.01 0.00
1904/02/16 23:00:00 0.00 0.01 0.00
1904/02/17 11:00:00 0.00 0.02 0.00
1904/02/17 15:00:00 0.00 0.02 0.00
1904/02/17 23:00:00 0.00 0.02 0.00
1904/02/18 11:00:00 0.00 0.02 0.01
1904/02/18 15:00:00 0.00 0.02 0.01
1904/02/19 11:00:00 0.00 0.02 0.01
1904/02/19 15:00:00 0.00 0.02 0.01
1904/02/19 23:00:00 0.00 0.02 0.01
1904/02/20 11:00:00 0.00 0.03 0.01
1904/02/20 23:00:00 0.00 0.03 0.01
1904/02/21 04:00:00 0.00 0.03 0.01
1904/02/21 05:00:00 0.00 0.03 0.01
1904/02/21 06:00:00 0.00 0.03 0.01
1904/02/21 07:00:00 0.00 0.03 0.01
1904/02/21 08:00:00 0.00 0.03 0.01
1904/02/21 09:00:00 0.00 0.03 0.01
1904/02/21 10:00:00 0.00 0.03 0.01
1904/02/21 11:00:00 0.00 0.03 0.01
1904/02/21 19:00:00 0.00 0.03 0.01
1904/02/21 23:00:00 0.00 0.03 0.01
1904/02/22 11:00:00 0.00 0.03 0.01
1904/02/22 13:00:00 0.00 0.03 0.01
1904/02/22 14:00:00 0.00 0.03 0.01
1904/02/22 15:00:00 0.00 0.03 0.01
1904/02/22 16:00:00 0.00 0.03 0.01
1904/02/22 17:00:00 0.00 0.03 0.01
1904/02/22 18:00:00 0.00 0.03 0.01
1904/02/22 19:00:00 0.00 0.03 0.01
1904/02/22 20:00:00 0.00 0.03 0.01
1904/02/22 21:00:00 0.00 0.03 0.01
1904/02/22 22:00:00 0.00 0.03 0.01
1904/02/22 23:00:00 0.00 0.03 0.01
1904/02/23 00:00:00 0.00 0.14 0.01
1904/02/23 01:00:00 0.00 0.14 0.01
1904/02/23 02:00:00 0.00 0.14 0.01
1904/02/23 03:00:00 0.00 0.11 0.02
1904/02/23 04:00:00 0.00 0.11 0.02
1904/02/23 05:00:00 0.00 0.11 0.02
1904/02/23 06:00:00 0.00 0.11 0.02
1904/02/23 07:00:00 0.00 0.11 0.02
1904/02/23 08:00:00 0.00 0.05 0.02
1904/02/23 09:00:00 0.00 0.05 0.02
1904/02/23 10:00:00 0.00 0.05 0.02
1904/02/23 11:00:00 0.00 0.05 0.02
1904/02/23 12:00:00 0.00 0.05 0.02
1904/02/23 13:00:00 0.00 0.05 0.02
1904/02/23 14:00:00 0.00 0.05 0.02
1904/02/23 15:00:00 0.00 0.11 0.02
1904/02/23 16:00:00 0.00 0.11 0.02
1904/02/23 17:00:00 0.00 0.11 0.02
1904/02/23 18:00:00 0.00 0.11 0.02
1904/02/23 19:00:00 0.00 0.11 0.02
1904/02/23 20:00:00 0.00 0.11 0.02
1904/02/23 21:00:00 0.00 0.19 0.02
1904/02/23 22:00:00 0.00 0.19 0.02
1904/02/23 23:00:00 0.00 0.19 0.02
1904/02/24 00:00:00 0.00 0.19 0.03
1904/02/24 01:00:00 0.00 0.51 0.07
1904/02/24 02:00:00 0.00 0.51 0.07
1904/02/24 03:00:00 0.00 0.51 0.07
1904/02/24 04:00:00 0.00 0.53 0.06
1904/02/24 05:00:00 0.00 0.53 0.06
1904/02/24 06:00:00 0.00 0.53 0.06
1904/02/24 07:00:00 0.00 0.53 0.06
1904/02/24 08:00:00 0.00 0.53 0.06
1904/02/24 09:00:00 0.00 0.53 0.06
1904/02/24 10:00:00 0.00 0.53 0.06
1904/02/24 11:00:00 0.00 0.53 0.06
1904/02/24 12:00:00 0.00 0.53 0.06
1904/02/24 13:00:00 0.00 0.53 0.06
1904/02/24 14:00:00 0.00 0.53 0.06
1904/02/24 15:00:00 0.00 0.53 0.06
1904/02/24 16:00:00 0.00 0.53 0.06
1904/02/24 17:00:00 0.00 0.43 0.04
1904/02/24 18:00:00 0.00 0.27 0.03
1904/02/24 19:00:00 0.00 0.27 0.03
1904/02/24 20:00:00 0.00 0.27 0.03
1904/02/24 21:00:00 0.00 0.27 0.03
1904/02/24 22:00:00 0.00 0.27 0.03
1904/02/24 23:00:00 0.00 0.27 0.03
1904/02/25 00:00:00 0.00 0.26 0.03
1904/02/25 01:00:00 0.00 0.26 0.03
1904/02/25 02:00:00 0.00 0.20 0.03
1904/02/25 03:00:00 0.00 0.20 0.03
1904/02/25 04:00:00 0.00 0.20 0.03
1904/02/25 05:00:00 0.00 0.20 0.03
1904/02/25 06:00:00 0.00 0.20 0.03
1904/02/25 07:00:00 0.00 0.20 0.03
1904/02/25 08:00:00 0.00 0.50 0.06
1904/02/25 09:00:00 0.00 0.50 0.06
1904/02/25 10:00:00 0.00 0.44 0.06
1904/02/25 11:00:00 0.00 0.44 0.06
1904/02/25 12:00:00 0.00 0.44 0.06
1904/02/25 13:00:00 0.00 0.44 0.06
1904/02/25 14:00:00   NA   NA  NA
1904/02/25 14:00:00 0.00 0.44 0.06
1904/02/25 15:00:00 0.00 0.44 0.06
1904/02/25 16:00:00 0.00 0.44 0.06
1904/02/25 17:00:00 0.00 0.44 0.06
1904/02/25 18:00:00 0.00 0.44 0.06
1904/02/25 19:00:00 0.00 0.41 0.06
1904/02/25 20:00:00 0.00 0.41 0.06
1904/02/25 21:00:00 0.00 0.41 0.06
1904/02/25 22:00:00 0.00 0.41 0.06
1904/02/25 23:00:00 0.00 0.72 0.08
1904/02/26 00:00:00 0.00 0.71 0.08
1904/02/26 01:00:00 0.00 0.71 0.08
1904/02/26 02:00:00 0.00 0.71 0.08
1904/02/26 03:00:00 0.00 0.71 0.08
1904/02/26 04:00:00 0.00 0.71 0.08
1904/02/26 05:00:00 0.00 0.69 0.08
1904/02/26 06:00:00 0.00 0.69 0.08
1904/02/26 07:00:00 0.00 0.69 0.08
1904/02/26 08:00:00 0.00 0.69 0.08
1904/02/26 09:00:00 0.00 0.69 0.08
1904/02/26 10:00:00 0.00 0.69 0.08
1904/02/26 11:00:00 0.00 0.69 0.08
1904/02/26 12:00:00 0.00 0.69 0.08
1904/02/26 13:00:00 0.00 0.69 0.08
1904/02/26 14:00:00 0.00 0.69 0.08
1904/02/26 15:00:00 0.00 0.75 0.08
1904/02/26 16:00:00 0.00 0.77 0.08
1904/02/26 17:00:00 0.00 0.77 0.08
1904/02/26 18:00:00 0.00 0.77 0.08
1904/02/26 19:00:00 0.00 0.77 0.08
1904/02/26 20:00:00 0.00 0.77 0.08
1904/02/26 21:00:00 0.00 0.77 0.08
1904/02/26 22:00:00 0.00 0.77 0.08
1904/02/26 23:00:00 0.00 0.77 0.08
1904/02/27 00:00:00 0.00 0.77 0.08
1904/02/27 01:00:00 0.00 0.77 0.08
1904/02/27 02:00:00 0.00 0.77 0.08
1904/02/27 03:00:00 0.00 0.77 0.08
1904/02/27 04:00:00 0.00 0.77 0.08
1904/02/27 05:00:00 0.00 0.77 0.08
1904/02/27 06:00:00 0.00 0.76 0.08
1904/02/27 07:00:00 0.00 0.76 0.08
1904/02/27 08:00:00 0.00 0.76 0.08
1904/02/27 09:00:00 0.00 0.76 0.08
1904/02/27 10:00:00 0.00 0.76 0.08
1904/02/27 11:00:00 0.00 0.76 0.08
1904/02/27 12:00:00 0.00 0.76 0.08
1904/02/27 13:00:00 0.00 0.76 0.08
1904/02/27 14:00:00 0.00 0.76 0.08
1904/02/27 15:00:00 0.00 0.76 0.08
1904/02/27 16:00:00 0.00 0.76 0.08
1904/02/27 17:00:00 0.00 0.76 0.08
1904/02/27 18:00:00 0.00 0.66 0.08
1904/02/27 19:00:00 0.00 0.66 0.08
1904/02/27 20:00:00 0.00 0.66 0.08
1904/02/27 21:00:00 0.00 0.66 0.08
1904/02/27 22:00:00 0.00 0.66 0.08
1904/02/27 23:00:00 0.00 0.66 0.08
1904/02/28 00:00:00 0.00 0.67 0.08
1904/02/28 01:00:00 0.00 0.67 0.08
1904/02/28 02:00:00 0.00 0.52 0.07
1904/02/28 03:00:00 0.00 0.52 0.07
1904/02/28 04:00:00 0.00 0.52 0.07
1904/02/28 05:00:00 0.00 0.52 0.07
1904/02/28 06:00:00 0.00 0.52 0.07
1904/02/28 07:00:00 0.00 0.52 0.07
1904/02/28 08:00:00 0.00 0.52 0.07
1904/02/28 09:00:00 0.00 0.52 0.07
1904/02/28 10:00:00 0.00 0.31 0.05
1904/02/28 11:00:00 0.00 0.31 0.05
1904/02/28 12:00:00 0.00 0.31 0.05
1904/02/28 13:00:00 0.00 0.31 0.05
1904/02/28 14:00:00 0.00 0.31 0.05
1904/02/28 15:00:00 0.00 0.31 0.05
1904/02/28 16:00:00 0.00 0.31 0.05
1904/02/28 17:00:00 0.00 0.31 0.05
1904/02/28 18:00:00 0.00 0.31 0.05
1904/02/28 19:00:00 0.00 0.31 0.05
1904/02/28 20:00:00 0.00 0.31 0.05
1904/02/28 21:00:00 0.00 0.31 0.05
1904/02/28 22:00:00 0.00 0.31 0.05
1904/02/28 23:00:00 0.00 0.65 0.08
1904/02/29 00:00:00 0.00 0.57 0.07
1904/02/29 01:00:00 0.00 0.57 0.07
1904/02/29 02:00:00 0.00 0.57 0.07
1904/02/29 03:00:00 0.00 0.57 0.07
1904/02/29 04:00:00 0.00 0.57 0.07
1904/02/29 05:00:00 0.00 0.57 0.07
1904/02/29 06:00:00 0.00 0.57 0.07
1904/02/29 07:00:00 0.00 0.57 0.07
1904/02/29 08:00:00 0.00 0.57 0.07
1904/02/29 09:00:00 0.00 0.57 0.07
1904/02/29 10:00:00 0.00 0.57 0.07
1904/02/29 11:00:00 0.00 0.57 0.07
1904/02/29 12:00:00 0.00 0.57 0.07
1904/02/29 13:00:00 0.00 0.87 0.11
1904/02/29 14:00:00 0.00 0.87 0.11
1904/02/29 15:00:00 0.00 0.87 0.11
1904/02/29 16:00:00 0.00 0.82 0.10
1904/02/29 17:00:00 0.00 0.82 0.10
1904/02/29 18:00:00 0.00 0.82 0.10
1904/02/29 19:00:00 0.00 0.82 0.10
1904/02/29 20:00:00 0.00 0.82 0.10
1904/02/29 21:00:00 0.00 0.82 0.10
1904/02/29 22:00:00 0.00 0.82 0.10
1904/02/29 23:00:00 0.00 0.82 0.10
1904/03/01 00:00:00 0.00 0.64 0.07
1904/03/01 01:00:00 0.00 0.64 0.07
1904/03/01 02:00:00 0.00 0.64 0.07
1904/03/01 03:00:00 0.00 0.64 0.07
1904/03/01 04:00:00 0.00 0.64 0.07
1904/03/01 05:00:00 0.00 0.64 0.07
1904/03/01 06:00:00 0.00 0.64 0.07
1904/03/01 07:00:00 0.00 0.64 0.07
1904/03/01 08:00:00 0.00 0.29 0.04
1904/03/01 09:00:00 0.00 0.29 0.04
1904/03/01 10:00:00 0.00 0.29 0.04
1904/03/01 11:00:00 0.00 0.29 0.04
1904/03/01 12:00:00 0.00 0.29 0.04
1904/03/01 13:00:00 0.00 0.29 0.04
1904/03/01 14:00:00 0.00 0.29 0.04
1904/03/01 15:00:00 0.00 0.29 0.04
1904/03/01 16:00:00 0.00 0.29 0.04
1904/03/01 17:00:00 0.00 0.55 0.09
1904/03/01 18:00:00 0.00 0.55 0.09
1904/03/01 19:00:00 0.00 0.55 0.09
1904/03/01 20:00:00 0.00 0.64 0.08
1904/03/01 21:00:00 0.00 0.64 0.08
1904/03/01 22:00:00 0.00 0.64 0.08
1904/03/01 23:00:00 0.00 0.64 0.08
1904/03/02 00:00:00 0.00 0.66 0.08
1904/03/02 01:00:00 0.00 0.66 0.08
1904/03/02 02:00:00 0.00 0.66 0.08
1904/03/02 03:00:00 0.00 0.66 0.08
1904/03/02 04:00:00 0.00 0.96 0.15
1904/03/02 05:00:00 0.00 0.96 0.15
1904/03/02 06:00:00 0.00 0.96 0.15
1904/03/02 07:00:00 0.00 0.96 0.15
1904/03/02 08:00:00 0.00 0.96 0.15
1904/03/02 09:00:00 0.00 0.96 0.15
1904/03/02 10:00:00 0.00 0.96 0.15
1904/03/02 11:00:00 0.00 0.96 0.15
1904/03/02 12:00:00 0.00 0.96 0.15
1904/03/02 13:00:00 0.00 0.96 0.15
1904/03/02 14:00:00 0.00 1.00 0.23
1904/03/02 15:00:00 0.00 1.00 0.21
1904/03/02 16:00:00 0.00 1.00 0.21
1904/03/02 17:00:00 0.00 1.00 0.21
1904/03/02 18:00:00 0.00 1.00 0.21
1904/03/02 19:00:00 0.00 1.00 0.21
1904/03/02 20:00:00 0.00 1.00 0.21
1904/03/02 21:00:00 0.00 1.00 0.21
1904/03/02 22:00:00 0.00 1.00 0.21
1904/03/02 23:00:00 0.00 1.00 0.21
1904/03/03 00:00:00 0.00 0.96 0.20
1904/03/03 01:00:00 0.00 0.96 0.20
1904/03/03 02:00:00 0.00 0.96 0.20
1904/03/03 03:00:00 0.00 0.96 0.20
1904/03/03 04:00:00 0.00 0.96 0.20
1904/03/03 05:00:00 0.00 0.95 0.19
1904/03/03 06:00:00 0.00 0.95 0.19
1904/03/03 07:00:00 0.00 0.95 0.19
1904/03/03 08:00:00 0.00 0.85 0.33
1904/03/03 09:00:00 0.00 0.76 0.28
1904/03/03 10:00:00 0.00 0.76 0.28
1904/03/03 11:00:00 0.00 0.76 0.28
1904/03/03 12:00:00 0.00 0.76 0.28
1904/03/03 13:00:00   NA   NA  NA
1904/03/03 13:00:00 0.00 0.79 0.32
1904/03/03 14:00:00 0.00 0.79 0.32
1904/03/03 15:00:00 0.00 0.76 0.28
1904/03/03 16:00:00 0.00 0.76 0.28
1904/03/03 17:00:00 0.00 0.76 0.28
1904/03/03 18:00:00 0.00 0.76 0.28
1904/03/03 19:00:00 0.00 0.76 0.28
1904/03/03 20:00:00 0.00 0.76 0.28
1904/03/03 21:00:00 0.00 0.76 0.28
1904/03/03 22:00:00 0.00 0.76 0.28
1904/03/03 23:00:00 0.00 0.76 0.28
1904/03/04 00:00:00 0.00 0.78 0.29
1904/03/04 01:00:00 0.00 0.78 0.29
1904/03/04 02:00:00 0.00 0.78 0.29
1904/03/04 03:00:00 0.00 0.78 0.29
1904/03/04 04:00:00 0.00 0.78 0.29
1904/03/04 05:00:00 0.00 0.78 0.29
1904/03/04 06:00:00 0.00 0.78 0.29
1904/03/04 07:00:00 0.00 0.78 0.29
1904/03/04 08:00:00 0.00 0.78 0.29
1904/03/04 09:00:00 0.00 0.78 0.29
1904/03/04 10:00:00 0.00 0.78 0.29
1904/03/04 11:00:00 0.00 0.78 0.29
1904/03/04 12:00:00 0.00 0.78 0.29
1904/03/04 13:00:00 0.00 0.78 0.29
1904/03/04 14:00:00 0.00 0.78 0.29
1904/03/04 15:00:00 0.00 0.78 0.29
1904/03/04 16:00:00 0.00 0.78 0.29
1904/03/04 17:00:00 0.00 0.78 0.29
1904/03/04 18:00:00 0.00 0.78 0.29
1904/03/04 19:00:00 0.00 0.78 0.29
1904/03/04 20:00:00 0.00 0.78 0.29
1904/03/04 21:00:00 0.00 0.78 0.29
1904/03/04 22:00:00 0.00 0.78 0.29
1904/03/04 23:00:00 0.00 0.78 0.29
1904/03/05 00:00:00 0.00 0.80 0.30
1904/03/05 01:00:00 0.00 0.80 0.30
1904/03/05 02:00:00 0.00 0.80 0.30
1904/03/05 03:00:00 0.00 0.80 0.30
1904/03/05 04:00:00 0.00 0.80 0.30
1904/03/05 05:00:00 0.00 0.80 0.30
1904/03/05 06:00:00 0.00 0.80 0.30
1904/03/05 07:00:00 0.00 0.80 0.30
1904/03/05 08:00:00 0.00 0.80 0.30
1904/03/05 09:00:00 0.00 0.80 0.30
1904/03/05 10:00:00 0.00 0.80 0.30
1904/03/05 11:00:00 0.00 0.80 0.30
1904/03/05 12:00:00 0.00 0.80 0.30
1904/03/05 13:00:00 0.00 0.86 0.34
1904/03/05 14:00:00 0.00 0.86 0.34
1904/03/05 15:00:00 0.00 0.86 0.34
1904/03/05 16:00:00 0.00 0.86 0.34
1904/03/05 17:00:00 0.00 0.86 0.34
1904/03/05 18:00:00 0.00 0.86 0.34
1904/03/05 19:00:00 0.00 0.86 0.34
1904/03/05 20:00:00 0.00 0.86 0.34
1904/03/05 21:00:00 0.00 0.86 0.34
1904/03/05 22:00:00 0.00 0.86 0.34
1904/03/05 23:00:00 0.00 0.81 0.30
1904/03/06 00:00:00 0.00 0.83 0.31
1904/03/06 01:00:00 0.00 0.84 0.39
1904/03/06 02:00:00 0.00 0.84 0.39
1904/03/06 03:00:00 0.00 0.84 0.39
1904/03/06 04:00:00 0.00 0.84 0.39
1904/03/06 05:00:00 0.00 0.84 0.39
1904/03/06 06:00:00 0.00 0.84 0.39
1904/03/06 07:00:00 0.00 0.84 0.39
1904/03/06 08:00:00 0.00 0.84 0.39
1904/03/06 09:00:00 0.00 0.85 0.38
1904/03/06 10:00:00 0.00 0.85 0.38
1904/03/06 11:00:00 0.00 0.85 0.38
1904/03/06 12:00:00 0.00 0.85 0.38
1904/03/06 13:00:00 0.00 0.85 0.38
1904/03/06 14:00:00 0.00 0.85 0.38
1904/03/06 15:00:00 0.00 0.85 0.38
1904/03/06 16:00:00 0.00 0.85 0.38
1904/03/06 17:00:00 0.00 0.85 0.38
1904/03/06 18:00:00 0.00 0.85 0.38
1904/03/06 19:00:00 0.00 0.85 0.38
1904/03/06 20:00:00 0.00 0.85 0.38
1904/03/06 21:00:00 0.00 0.85 0.38
1904/03/06 22:00:00 0.00 0.85 0.38
1904/03/06 23:00:00 0.00 0.85 0.38
1904/03/07 00:00:00 0.00 0.85 0.39
1904/03/07 01:00:00 0.00 0.85 0.39
1904/03/07 02:00:00 0.00 0.85 0.39
1904/03/07 03:00:00 0.00 0.85 0.39
1904/03/07 04:00:00 0.00 0.85 0.39
1904/03/07 05:00:00 0.00 0.85 0.39
1904/03/07 06:00:00 0.00 0.85 0.39
1904/03/07 07:00:00 0.00 0.85 0.39
1904/03/07 08:00:00 0.00 0.85 0.39
1904/03/07 09:00:00 0.00 0.85 0.39
1904/03/07 10:00:00 0.00 0.85 0.39
1904/03/07 11:00:00 0.00 0.85 0.39
1904/03/07 12:00:00 0.00 0.85 0.39
1904/03/07 13:00:00 0.09 1.00 0.64
1904/03/07 14:00:00 0.09 1.00 0.64
1904/03/07 15:00:00 0.09 1.00 0.64
1904/03/07 16:00:00 0.09 1.00 0.64
1904/03/07 17:00:00 0.09 1.00 0.64
1904/03/07 18:00:00 0.09 1.00 0.64
1904/03/07 19:00:00 0.09 1.00 0.64
1904/03/07 20:00:00 0.09 1.00 0.64
1904/03/07 21:00:00 0.09 1.00 0.64
1904/03/07 22:00:00 0.09 1.00 0.64
1904/03/07 23:00:00 0.09 1.00 0.64
1904/03/08 00:00:00 0.11 1.00 0.64
1904/03/08 01:00:00 0.11 1.00 0.64
1904/03/08 02:00:00 0.11 1.00 0.64
1904/03/08 03:00:00 0.11 1.00 0.64
1904/03/08 04:00:00 0.11 1.00 0.64
1904/03/08 05:00:00 0.11 1.00 0.64
1904/03/08 06:00:00 0.11 1.00 0.64
1904/03/08 07:00:00 0.11 1.00 0.64
1904/03/08 08:00:00 0.11 1.00 0.64
1904/03/08 09:00:00 0.11 1.00 0.64
1904/03/08 10:00:00 0.11 1.00 0.64
1904/03/08 11:00:00 0.11 1.00 0.64
1904/03/08 12:00:00 0.11 1.00 0.64
1904/03/08 13:00:00 0.11 1.00 0.64
1904/03/08 14:00:00 0.11 1.00 0.64
1904/03/08 15:00:00 0.11 1.00 0.64
1904/03/08 16:00:00 0.11 1.00 0.64
1904/03/08 17:00:00 0.11 1.00 0.64
1904/03/08 18:00:00 0.11 1.00 0.64
1904/03/08 19:00:00 0.11 1.00 0.64
1904/03/08 20:00:00 0.11 1.00 0.64
1904/03/08 21:00:00 0.11 1.00 0.64
1904/03/08 22:00:00 0.11 1.00 0.64
1904/03/08 23:00:00 0.11 1.00 0.64
1904/03/09 00:00:00 0.14 1.00 0.65
1904/03/09 01:00:00 0.14 1.00 0.65
1904/03/09 02:00:00 0.14 1.00 0.65
1904/03/09 03:00:00 0.14 1.00 0.65
1904/03/09 04:00:00 0.14 1.00 0.65
1904/03/09 05:00:00 0.14 1.00 0.65
1904/03/09 06:00:00 0.14 1.00 0.65
1904/03/09 07:00:00 0.14 1.00 0.65
1904/03/09 08:00:00 0.14 1.00 0.65
1904/03/09 09:00:00 0.14 1.00 0.65
1904/03/09 10:00:00 0.14 1.00 0.65
1904/03/09 11:00:00 0.14 1.00 0.65
1904/03/09 12:00:00 0.14 1.00 0.65
1904/03/09 13:00:00 0.14 1.00 0.65
1904/03/09 14:00:00 0.14 1.00 0.65
1904/03/09 15:00:00 0.14 1.00 0.65
1904/03/09 16:00:00 0.14 1.00 0.65
1904/03/09 17:00:00 0.14 1.00 0.65
1904/03/09 18:00:00 0.14 1.00 0.65
1904/03/09 19:00:00 0.14 1.00 0.65
1904/03/09 20:00:00 0.14 1.00 0.65
1904/03/09 21:00:00 0.14 1.00 0.65
1904/03/09 22:00:00 0.14 1.00 0.65
1904/03/09 23:00:00 0.14 1.00 0.65
1904/03/10 00:00:00 0.16 1.00 0.65
1904/03/10 01:00:00 0.16 1.00 0.65
1904/03/10 02:00:00 0.16 1.00 0.65
1904/03/10 03:00:00 0.16 1.00 0.65
1904/03/10 04:00:00 0.16 1.00 0.65
1904/03/10 05:00:00 0.16 1.00 0.65
1904/03/10 06:00:00 0.16 1.00 0.65
1904/03/10 07:00:00 0.16 1.00 0.65
1904/03/10 08:00:00 0.16 1.00 0.65
1904/03/10 09:00:00 0.16 1.00 0.65
1904/03/10 10:00:00 0.16 1.00 0.65
1904/03/10 11:00:00 0.16 1.00 0.65
1904/03/10 12:00:00 0.16 1.00 0.65
1904/03/10 13:00:00 0.16 1.00 0.65
1904/03/10 14:00:00 0.16 1.00 0.65
1904/03/10 15:00:00 0.16 1.00 0.65
1904/03/10 16:00:00 0.16 1.00 0.65
1904/03/10 17:00:00 0.16 1.00 0.65
1904/03/10 18:00:00 0.16 1.00 0.65
1904/03/10 19:00:00 0.16 1.00 0.65
1904/03/10 20:00:00 0.16 1.00 0.65
1904/03/10 21:00:00 0.16 1.00 0.65
1904/03/10 22:00:00 0.16 1.00 0.65
1904/03/10 23:00:00 0.16 1.00 0.65
1904/03/11 00:00:00 0.19 1.00 0.66
1904/03/11 01:00:00 0.19 1.00 0.66
1904/03/11 02:00:00 0.19 1.00 0.66
1904/03/11 03:00:00 0.19 1.00 0.66
1904/03/11 04:00:00 0.19 1.00 0.66
1904/03/11 05:00:00 0.19 1.00 0.66
1904/03/11 06:00:00 0.19 1.00 0.66
1904/03/11 07:00:00 0.19 1.00 0.66
1904/03/11 08:00:00 0.19 1.00 0.66
1904/03/11 09:00:00 0.19 1.00 0.66
1904/03/11 10:00:00 0.19 1.00 0.66
1904/03/11 11:00:00 0.19 1.00 0.66
1904/03/11 12:00:00 0.19 1.00 0.66
1904/03/11 13:00:00 0.19 1.00 0.66
1904/03/11 14:00:00 0.19 1.00 0.66
1904/03/11 15:00:00 0.19 1.00 0.66
1904/03/11 16:00:00 0.19 1.00 0.66
1904/03/11 17:00:00 0.19 1.00 0.66
1904/03/11 18:00:00 0.19 1.00 0.66
1904/03/11 19:00:00 0.19 1.00 0.66
1904/03/11 20:00:00 0.19 1.00 0.66
1904/03/11 21:00:00 0.19 1.00 0.66
1904/03/11 22:00:00 0.19 1.00 0.66
1904/03/11 23:00:00 0.19 1.00 0.66
1904/03/12 00:00:00 0.21 1.00 0.66
1904/03/12 01:00:00 0.21 1.00 0.66
1904/03/12 02:00:00 0.21 1.00 0.66
1904/03/12 03:00:00 0.21 1.00 0.66
1904/03/12 04:00:00 0.21 1.00 0.66
1904/03/12 05:00:00 0.21 1.00 0.66
1904/03/12 06:00:00 0.21 1.00 0.66
1904/03/12 07:00:00 0.21 1.00 0.66
1904/03/12 08:00:00 0.21 1.00 0.66
1904/03/12 09:00:00 0.21 1.00 0.66
1904/03/12 10:00:00 0.21 1.00 0.66
1904/03/12 11:00:00 0.21 1.00 0.66
1904/03/12 12:00:00 0.21 1.00 0.66
1904/03/12 13:00:00 0.21 1.00 0.66
1904/03/12 14:00:00 0.21 1.00 0.66
1904/03/12 15:00:00 0.21 1.00 0.66
1904/03/12 16:00:00 0.00 1.00 0.52
1904/03/12 17:00:00 0.00 1.00 0.52
1904/03/12 18:00:00 0.00 1.00 0.52
1904/03/12 19:00:00 0.00 1.00 0.52
1904/03/12 20:00:00 0.00 1.00 0.52
1904/03/12 21:00:00 0.00 1.00 0.52
1904/03/12 22:00:00 0.00 1.00 0.52
1904/03/12 23:00:00 0.00 1.00 0.52
1904/03/13 00:00:00 0.00 1.00 0.53
1904/03/13 01:00:00 0.00 1.00 0.53
1904/03/13 02:00:00 0.00 1.00 0.53
1904/03/13 03:00:00 0.00 1.00 0.53
1904/03/13 04:00:00 0.00 1.00 0.53
1904/03/13 05:00:00 0.00 1.00 0.53
1904/03/13 06:00:00 0.00 1.00 0.53
1904/03/13 07:00:00 0.00 1.00 0.53
1904/03/13 08:00:00 0.00 1.00 0.53
1904/03/13 09:00:00 0.00 1.00 0.53
1904/03/13 10:00:00 0.00 1.00 0.53
1904/03/13 11:00:00 0.00 1.00 0.53
1904/03/13 12:00:00 0.00 1.00 0.53
1904/03/13 14:00:00 0.00 1.00 0.53
1904/03/13 15:00:00 0.00 1.00 0.53
1904/03/13 16:00:00 0.00 1.00 0.55
1904/03/13 17:00:00 0.00 1.00 0.55
1904/03/13 18:00:00 0.00 1.00 0.55
1904/03/13 19:00:00 0.00 1.00 0.55
1904/03/13 20:00:00 0.00 1.00 0.55
1904/03/13 21:00:00 0.00 1.00 0.55
1904/03/13 22:00:00 0.00 1.00 0.55
1904/03/13 23:00:00 0.00 1.00 0.55
1904/03/14 00:00:00 0.00 1.00 0.56
1904/03/14 01:00:00 0.00 1.00 0.56
1904/03/14 02:00:00 0.00 1.00 0.56
1904/03/14 03:00:00 0.00 1.00 0.56
1904/03/14 04:00:00 0.00 1.00 0.56
1904/03/14 05:00:00 0.00 1.00 0.56
1904/03/14 06:00:00 0.00 1.00 0.56
1904/03/14 07:00:00 0.00 1.00 0.56
1904/03/14 08:00:00 0.00 1.00 0.56
1904/03/14 09:00:00 0.00 1.00 0.56
1904/03/14 10:00:00 0.00 1.00 0.56
1904/03/14 11:00:00 0.00 1.00 0.56
1904/03/14 12:00:00 0.00 1.00 0.56
1904/03/14 13:00:00 0.00 1.00 0.56
1904/03/14 14:00:00 0.00 1.00 0.56
1904/03/14 15:00:00 0.00 1.00 0.56
1904/03/14 16:00:00 0.00 1.00 0.56
1904/03/14 17:00:00 0.00 1.00 0.56
1904/03/14 18:00:00 0.00 1.00 0.56
1904/03/14 19:00:00 0.00 1.00 0.56
1904/03/14 20:00:00 0.00 1.00 0.56
1904/03/14 21:00:00 0.00 1.00 0.56
1904/03/14 22:00:00 0.00 1.00 0.56
1904/03/14 23:00:00 0.00 1.00 0.56
1904/03/15 00:00:00 0.00 1.00 0.57
1904/03/15 01:00:00 0.00 1.00 0.57
1904/03/15 02:00:00 0.00 1.00 0.57
1904/03/15 03:00:00 0.00 1.00 0.57
1904/03/15 04:00:00 0.00 1.00 0.57
1904/03/15 05:00:00 0.00 1.00 0.57
1904/03/15 06:00:00 0.00 1.00 0.57
1904/03/15 07:00:00 0.00 1.00 0.57
1904/03/15 08:00:00 0.00 1.00 0.57
1904/03/15 09:00:00 0.00 1.00 0.57
1904/03/15 10:00:00 0.00 1.00 0.57
1904/03/15 11:00:00 0.00 1.00 0.57
1904/03/15 12:00:00 0.00 1.00 0.57
1904/03/15 13:00:00 0.00 1.00 0.57
1904/03/15 14:00:00 0.00 1.00 0.57
1904/03/15 15:00:00 0.00 1.00 0.57
1904/03/15 16:00:00 0.00 1.00 0.57
1904/03/15 17:00:00 0.00 1.00 0.39
1904/03/15 18:00:00 0.00 1.00 0.39
1904/03/15 19:00:00 0.00 1.00 0.39
1904/03/15 20:00:00 0.00 1.00 0.39
1904/03/15 21:00:00 0.00 1.00 0.39
1904/03/15 22:00:00 0.00 1.00 0.39
1904/03/15 23:00:00 0.00 1.00 0.39
1904/03/16 00:00:00 0.00 1.00 0.39
1904/03/16 01:00:00 0.00 1.00 0.39
1904/03/16 02:00:00 0.00 1.00 0.39
1904/03/16 03:00:00 0.00 1.00 0.39
1904/03/16 04:00:00 0.00 1.00 0.39
1904/03/16 05:00:00 0.00 1.00 0.39
1904/03/16 06:00:00 0.00 1.00 0.38
1904/03/16 07:00:00 0.00 1.00 0.33
1904/03/16 08:00:00 0.00 1.00 0.33
1904/03/16 09:00:00 0.00 1.00 0.33
1904/03/16 10:00:00 0.00 1.00 0.33
1904/03/16 11:00:00 0.00 1.00 0.33
1904/03/16 12:00:00 0.00 1.00 0.33
1904/03/16 13:00:00 0.00 1.00 0.33
1904/03/16 14:00:00 0.00 1.00 0.33
1904/03/16 15:00:00 0.00 1.00 0.33
1904/03/16 16:00:00 0.00 1.00 0.33
1904/03/16 17:00:00 0.00 1.00 0.30
1904/03/16 18:00:00 0.00 1.00 0.30
1904/03/16 19:00:00 0.00 1.00 0.30
1904/03/16 20:00:00 0.00 1.00 0.30
1904/03/16 21:00:00 0.00 1.00 0.30
1904/03/16 22:00:00 0.00 1.00 0.30
1904/03/16 23:00:00 0.00 0.99 0.29
1904/03/17 00:00:00 0.00 0.99 0.29
1904/03/17 01:00:00 0.00 0.99 0.29
1904/03/17 02:00:00 0.00 0.99 0.29
1904/03/17 03:00:00 0.00 0.99 0.29
1904/03/17 04:00:00 0.00 0.97 0.31
1904/03/17 05:00:00 0.00 0.97 0.31
1904/03/17 06:00:00 0.00 0.97 0.31
1904/03/17 07:00:00 0.00 0.97 0.31
1904/03/17 08:00:00 0.00 0.97 0.31
1904/03/17 09:00:00 0.00 0.91 0.30
1904/03/17 10:00:00 0.00 0.91 0.30
1904/03/17 11:00:00 0.00 0.91 0.30
1904/03/17 12:00:00 0.00 0.91 0.30
1904/03/17 13:00:00   NA   NA  NA
1904/03/17 13:00:00 0.00 0.91 0.30
1904/03/17 14:00:00 0.00 0.91 0.30
1904/03/17 15:00:00 0.00 0.91 0.30
1904/03/17 16:00:00 0.00 0.91 0.30
1904/03/17 17:00:00 0.00 0.89 0.35
1904/03/17 18:00:00 0.00 0.89 0.35
1904/03/17 19:00:00 0.00 0.89 0.35
1904/03/17 20:00:00 0.00 0.89 0.35
1904/03/17 21:00:00 0.00 0.89 0.35
1904/03/17 22:00:00 0.00 0.89 0.35
1904/03/17 23:00:00 0.00 0.89 0.35
1904/03/18 00:00:00 0.00 0.92 0.36
1904/03/18 01:00:00 0.00 0.92 0.36
1904/03/18 02:00:00 0.00 0.92 0.36
1904/03/18 03:00:00 0.00 0.92 0.36
1904/03/18 04:00:00 0.00 0.92 0.36
1904/03/18 05:00:00 0.00 0.92 0.36
1904/03/18 06:00:00 0.00 0.92 0.36
1904/03/18 07:00:00 0.00 0.94 0.43
1904/03/18 08:00:00 0.00 0.94 0.43
1904/03/18 09:00:00 0.00 0.94 0.43
1904/03/18 10:00:00 0.00 0.94 0.43
1904/03/18 11:00:00 0.00 0.94 0.43
1904/03/18 12:00:00 0.00 0.94 0.43
1904/03/18 13:00:00 0.00 0.94 0.43
1904/03/18 14:00:00 0.00 0.94 0.43
1904/03/18 15:00:00 0.00 0.94 0.43
1904/03/18 16:00:00 0.00 0.94 0.43
1904/03/18 17:00:00 0.00 0.94 0.43
1904/03/18 18:00:00 0.00 0.94 0.43
1904/03/18 19:00:00 0.00 0.94 0.43
1904/03/18 20:00:00 0.00 0.94 0.43
1904/03/18 21:00:00 0.00 0.94 0.43
1904/03/18 22:00:00 0.00 0.94 0.43
1904/03/18 23:00:00 0.00 0.94 0.43
1904/03/19 00:00:00 0.00 0.96 0.45
1904/03/19 01:00:00 0.00 0.96 0.45
1904/03/19 02:00:00 0.00 0.96 0.45
1904/03/19 03:00:00 0.00 0.96 0.45
1904/03/19 04:00:00 0.00 0.96 0.45
1904/03/19 05:00:00 0.00 0.94 0.37
1904/03/19 06:00:00 0.00 0.94 0.37
1904/03/19 07:00:00 0.00 0.94 0.37
1904/03/19 08:00:00 0.00 0.94 0.37
1904/03/19 09:00:00 0.00 0.94 0.37
1904/03/19 10:00:00 0.00 0.94 0.37
1904/03/19 11:00:00 0.00 0.94 0.37
1904/03/19 12:00:00 0.00 0.94 0.37
1904/03/19 13:00:00 0.00 0.94 0.37
1904/03/19 14:00:00 0.00 0.94 0.37
1904/03/19 15:00:00 0.00 0.94 0.37
1904/03/19 16:00:00 0.00 0.94 0.37
1904/03/19 17:00:00 0.00 0.94 0.37
1904/03/19 18:00:00 0.00 0.94 0.37
1904/03/19 19:00:00 0.00 0.94 0.37
1904/03/19 20:00:00 0.00 0.94 0.37
1904/03/19 21:00:00 0.00 0.94 0.37
1904/03/19 22:00:00 0.00 0.94 0.37
1904/03/19 23:00:00 0.00 0.94 0.37
1904/03/20 00:00:00 0.00 0.96 0.38
1904/03/20 01:00:00 0.00 0.93 0.32
1904/03/20 02:00:00 0.00 0.93 0.32
1904/03/20 03:00:00 0.00 0.93 0.32
1904/03/20 04:00:00 0.00 0.93 0.32
1904/03/20 05:00:00 0.00 0.93 0.32
1904/03/20 06:00:00 0.00 0.93 0.32
1904/03/20 07:00:00 0.00 0.93 0.32
1904/03/20 08:00:00 0.00 0.93 0.32
1904/03/20 09:00:00 0.00 0.93 0.32
1904/03/20 10:00:00 0.00 0.93 0.32
1904/03/20 11:00:00 0.00 0.93 0.32
1904/03/20 12:00:00 0.00 0.93 0.32
1904/03/20 13:00:00 0.00 0.93 0.32
1904/03/20 14:00:00 0.00 0.93 0.32
1904/03/20 15:00:00 0.00 0.93 0.32
1904/03/20 16:00:00 0.00 0.93 0.32
1904/03/20 17:00:00 0.00 0.94 0.18
1904/03/20 18:00:00 0.00 0.94 0.18
1904/03/20 19:00:00 0.00 0.87 0.20
1904/03/20 20:00:00 0.00 0.87 0.20
1904/03/20 21:00:00 0.00 0.87 0.20
1904/03/20 22:00:00 0.00 0.87 0.20
1904/03/20 23:00:00 0.00 0.87 0.20
1904/03/21 00:00:00 0.00 0.87 0.21
1904/03/21 01:00:00 0.00 0.87 0.21
1904/03/21 02:00:00 0.00 0.87 0.22
1904/03/21 03:00:00 0.00 0.87 0.22
1904/03/21 04:00:00 0.00 0.87 0.22
1904/03/21 05:00:00 0.00 0.87 0.22
1904/03/21 06:00:00 0.00 0.87 0.22
1904/03/21 07:00:00 0.00 0.87 0.08
1904/03/21 08:00:00 0.00 0.87 0.08
1904/03/21 09:00:00 0.00 0.83 0.07
1904/03/21 10:00:00 0.00 0.83 0.07
1904/03/21 11:00:00 0.00 0.83 0.07
1904/03/21 12:00:00 0.00 0.83 0.07
1904/03/21 13:00:00 0.00 0.83 0.07
1904/03/21 14:00:00 0.00 0.83 0.07
1904/03/21 15:00:00 0.00 0.75 0.06
1904/03/21 16:00:00 0.00 0.75 0.06
1904/03/21 17:00:00 0.00 0.75 0.06
1904/03/21 18:00:00 0.00 0.75 0.06
1904/03/21 19:00:00 0.00 0.75 0.06
1904/03/21 20:00:00 0.00 0.75 0.06
1904/03/21 21:00:00 0.00 0.69 0.07
1904/03/21 22:00:00 0.00 0.69 0.07
1904/03/21 23:00:00 0.00 0.69 0.07
1904/03/22 00:00:00 0.00 0.70 0.09
1904/03/22 01:00:00 0.00 0.70 0.09
1904/03/22 02:00:00 0.00 0.63 0.18
1904/03/22 03:00:00 0.00 0.69 0.04
1904/03/22 04:00:00 0.00 0.69 0.04
1904/03/22 05:00:00 0.00 0.69 0.04
1904/03/22 06:00:00 0.00 0.69 0.04
1904/03/22 07:00:00 0.00 0.67 0.05
1904/03/22 08:00:00 0.00 0.67 0.05
1904/03/22 09:00:00 0.00 0.67 0.05
1904/03/22 10:00:00 0.00 0.67 0.05
1904/03/22 11:00:00 0.00 0.67 0.05
1904/03/22 12:00:00 0.00 0.67 0.05
1904/03/22 13:00:00 0.00 0.54 0.07
1904/03/22 14:00:00 0.00 0.54 0.07
1904/03/22 15:00:00 0.00 0.67 0.05
1904/03/22 16:00:00 0.00 0.67 0.05
1904/03/22 17:00:00 0.00 0.67 0.05
1904/03/22 18:00:00 0.00 0.67 0.05
1904/03/22 19:00:00 0.00 0.67 0.05
1904/03/22 20:00:00 0.00 0.67 0.05
1904/03/22 21:00:00 0.00 0.67 0.05
1904/03/22 22:00:00 0.00 0.67 0.05
1904/03/22 23:00:00 0.00 0.67 0.05
1904/03/23 00:00:00 0.00 0.68 0.06
1904/03/23 01:00:00 0.00 0.68 0.06
1904/03/23 02:00:00 0.00 0.68 0.06
1904/03/23 03:00:00 0.00 0.69 0.05
1904/03/23 04:00:00 0.00 0.69 0.05
1904/03/23 05:00:00 0.00 0.69 0.05
1904/03/23 06:00:00 0.00 0.69 0.05
1904/03/23 07:00:00 0.00 0.69 0.05
1904/03/23 08:00:00 0.00 0.69 0.05
1904/03/23 09:00:00 0.00 0.69 0.05
1904/03/23 10:00:00 0.00 0.69 0.05
1904/03/23 11:00:00 0.00 0.69 0.05
1904/03/23 12:00:00 0.00 0.69 0.05
1904/03/23 13:00:00 0.00 0.69 0.05
1904/03/23 14:00:00 0.00 0.69 0.05
1904/03/23 15:00:00 0.00 0.69 0.05
1904/03/23 16:00:00 0.00 0.69 0.05
1904/03/23 17:00:00 0.00 0.69 0.05
1904/03/23 18:00:00 0.00 0.69 0.05
1904/03/23 19:00:00 0.00 0.69 0.05
1904/03/23 20:00:00 0.00 0.69 0.05
1904/03/23 21:00:00 0.00 0.69 0.05
1904/03/23 22:00:00 0.00 0.69 0.05
1904/03/23 23:00:00 0.00 0.69 0.05
1904/03/24 00:00:00 0.00 0.70 0.06
1904/03/24 01:00:00 0.00 0.70 0.06
1904/03/24 02:00:00 0.00 0.70 0.06
1904/03/24 03:00:00 0.00 0.70 0.06
1904/03/24 04:00:00 0.00 0.70 0.06
1904/03/24 05:00:00 0.00 0.70 0.06
1904/03/24 06:00:00 0.00 0.70 0.06
1904/03/24 07:00:00 0.00 0.70 0.06
1904/03/24 08:00:00 0.00 0.70 0.06
1904/03/24 09:00:00 0.00 0.70 0.06
1904/03/24 10:00:00 0.00 0.70 0.06
1904/03/24 11:00:00 0.00 0.70 0.06
1904/03/24 12:00:00 0.00 0.70 0.06
1904/03/24 13:00:00 0.00 0.70 0.06
1904/03/24 14:00:00 0.00 0.70 0.06
1904/03/24 15:00:00 0.00 0.70 0.06
1904/03/24 16:00:00 0.00 0.70 0.06
1904/03/24 17:00:00 0.00 0.70 0.06
1904/03/24 18:00:00 0.00 0.70 0.06
1904/03/24 19:00:00 0.00 0.46 0.03
1904/03/24 20:00:00 0.00 0.46 0.03
1904/03/24 21:00:00 0.00 0.46 0.03
1904/03/24 22:00:00 0.00 0.46 0.03
1904/03/24 23:00:00 0.00 0.46 0.03
1904/03/25 00:00:00 0.00 0.52 0.04
1904/03/25 01:00:00 0.00 0.52 0.04
1904/03/25 02:00:00 0.00 0.14 0.01
1904/03/25 03:00:00 0.00 0.14 0.01
1904/03/25 04:00:00 0.00 0.14 0.01
1904/03/25 05:00:00 0.00 0.14 0.01
1904/03/25 06:00:00 0.00 0.14 0.01
1904/03/25 07:00:00 0.00 0.14 0.01
1904/03/25 08:00:00 0.00 0.14 0.01
1904/03/25 09:00:00 0.00 0.02 0.00
1904/03/25 10:00:00 0.00 0.02 0.00
1904/03/25 11:00:00 0.00 0.02 0.00
1904/03/25 12:00:00 0.00 0.02 0.00
1904/03/25 13:00:00 0.00 0.02 0.00
1904/03/25 14:00:00 0.00 0.02 0.00
1904/03/25 15:00:00 0.00 0.02 0.00
1904/03/25 16:00:00 0.00 0.02 0.00
1904/03/25 17:00:00 0.00 0.02 0.00
1904/03/25 18:00:00 0.00 0.02 0.00
1904/03/25 19:00:00 0.00 0.02 0.00
1904/03/25 20:00:00 0.00 0.14 0.01
1904/03/25 21:00:00 0.00 0.14 0.01
1904/03/25 22:00:00 0.00 0.14 0.01
1904/03/25 23:00:00 0.00 0.14 0.01
1904/03/26 00:00:00 0.00 0.17 0.01
1904/03/26 01:00:00 0.00 0.17 0.01
1904/03/26 02:00:00 0.00 0.17 0.01
1904/03/26 03:00:00 0.00 0.17 0.01
1904/03/26 04:00:00 0.00 0.17 0.01
1904/03/26 05:00:00 0.00 0.17 0.01
1904/03/26 06:00:00 0.00 0.17 0.01
1904/03/26 07:00:00 0.00 0.53 0.04
1904/03/26 08:00:00 0.00 0.53 0.04
1904/03/26 09:00:00 0.00 0.53 0.04
1904/03/26 10:00:00 0.00 0.53 0.04
1904/03/26 11:00:00 0.00 0.47 0.04
1904/03/26 12:00:00 0.00 0.47 0.04
1904/03/26 13:00:00 0.00 0.47 0.04
1904/03/26 14:00:00 0.00 0.47 0.04
1904/03/26 15:00:00 0.00 0.47 0.04
1904/03/26 16:00:00 0.00 0.53 0.04
1904/03/26 17:00:00 0.00 0.53 0.04
1904/03/26 18:00:00 0.00 0.53 0.04
1904/03/26 19:00:00 0.00 0.53 0.04
1904/03/26 20:00:00 0.00 0.53 0.04
1904/03/26 21:00:00 0.00 0.53 0.04
1904/03/26 22:00:00 0.00 0.53 0.04
1904/03/26 23:00:00 0.00 0.53 0.04
1904/03/27 00:00:00 0.00 0.53 0.05
1904/03/27 01:00:00 0.00 0.53 0.05
1904/03/27 02:00:00 0.00 0.53 0.05
1904/03/27 03:00:00 0.00 0.53 0.05
1904/03/27 04:00:00 0.00 0.53 0.05
1904/03/27 05:00:00 0.00 0.53 0.05
1904/03/27 06:00:00 0.00 0.53 0.05
1904/03/27 07:00:00 0.00 0.53 0.05
1904/03/27 08:00:00 0.00 0.53 0.05
1904/03/27 09:00:00 0.00 0.53 0.05
1904/03/27 10:00:00 0.00 0.53 0.05
1904/03/27 11:00:00 0.00 0.53 0.05
1904/03/27 12:00:00 0.00 0.20 0.01
1904/03/27 13:00:00 0.00 0.20 0.01
1904/03/27 14:00:00 0.00 0.20 0.01
1904/03/27 15:00:00 0.00 0.20 0.01
1904/03/27 16:00:00 0.00 0.20 0.01
1904/03/27 17:00:00 0.00 0.20 0.01
1904/03/27 18:00:00 0.00 0.20 0.01
1904/03/27 19:00:00 0.00 0.20 0.01
1904/03/27 20:00:00 0.00 0.20 0.01
1904/03/27 21:00:00 0.00 0.20 0.01
1904/03/27 22:00:00 0.00 0.20 0.01
1904/03/27 23:00:00 0.00 0.20 0.01
1904/03/28 00:00:00 0.00 0.24 0.01
1904/03/28 01:00:00 0.00 0.24 0.01
1904/03/28 02:00:00 0.00 0.24 0.01
1904/03/28 03:00:00 0.00 0.24 0.01
1904/03/28 04:00:00 0.00 0.24 0.01
1904/03/28 05:00:00 0.00 0.24 0.01
1904/03/28 06:00:00 0.00 0.24 0.01
1904/03/28 07:00:00 0.00 0.24 0.01
1904/03/28 08:00:00 0.00 0.24 0.01
1904/03/28 09:00:00 0.00 0.24 0.01
1904/03/28 10:00:00 0.00 0.24 0.01
1904/03/28 11:00:00 0.00 0.24 0.01
1904/03/28 12:00:00 0.00 0.24 0.01
1904/03/28 13:00:00 0.00 0.03 0.00
1904/03/28 14:00:00 0.00 0.03 0.00
1904/03/28 15:00:00 0.00 0.03 0.00
1904/03/28 16:00:00 0.00 0.03 0.00
1904/03/28 17:00:00 0.00 0.03 0.00
1904/03/28 18:00:00 0.00 0.03 0.00
1904/03/28 19:00:00 0.00 0.03 0.00
1904/03/28 20:00:00 0.00 0.03 0.00
1904/03/28 21:00:00 0.00 0.03 0.00
1904/03/28 22:00:00 0.00 0.03 0.00
1904/03/28 23:00:00 0.00 0.03 0.00
1904/03/29 00:00:00 0.00 0.03 0.01
1904/03/29 01:00:00 0.00 0.03 0.01
1904/03/29 02:00:00 0.00 0.03 0.01
1904/03/29 03:00:00 0.00 0.04 0.01
1904/03/29 04:00:00 0.00 0.04 0.01
1904/03/29 05:00:00 0.00 0.04 0.01
1904/03/29 06:00:00 0.00 0.04 0.01
1904/03/29 07:00:00 0.00 0.04 0.01
1904/03/29 08:00:00 0.00 0.04 0.01
1904/03/29 09:00:00 0.00 0.04 0.01
1904/03/29 10:00:00 0.00 0.04 0.01
1904/03/29 11:00:00 0.00 0.04 0.01
1904/03/29 12:00:00 0.00 0.04 0.02
1904/03/29 13:00:00 0.00 0.04 0.02
1904/03/29 14:00:00 0.00 0.04 0.02
1904/03/29 15:00:00 0.00 0.04 0.02
1904/03/29 16:00:00 0.00 0.04 0.02
1904/03/29 17:00:00 0.00 0.03 0.02
1904/03/29 18:00:00 0.00 0.03 0.02
1904/03/29 19:00:00 0.00 0.03 0.02
1904/03/29 20:00:00 0.00 0.03 0.02
1904/03/29 21:00:00 0.00 0.03 0.02
1904/03/29 22:00:00 0.00 0.04 0.02
1904/03/29 23:00:00 0.00 0.04 0.02
1904/03/30 00:00:00 0.00 0.04 0.03
1904/03/30 01:00:00 0.00 0.04 0.03
1904/03/30 02:00:00 0.00 0.04 0.03
1904/03/30 03:00:00 0.00 0.04 0.03
1904/03/30 04:00:00 0.00 0.04 0.02
1904/03/30 05:00:00 0.00 0.04 0.02
1904/03/30 06:00:00 0.00 0.04 0.02
1904/03/30 07:00:00 0.00 0.04 0.02
1904/03/30 08:00:00 0.00 0.04 0.02
1904/03/30 09:00:00 0.00 0.04 0.02
1904/03/30 10:00:00 0.00 0.04 0.02
1904/03/30 11:00:00 0.00 0.04 0.02
1904/03/30 12:00:00 0.00 0.04 0.02
1904/03/30 13:00:00 0.00 0.04 0.02
1904/03/30 14:00:00 0.00 0.04 0.02
1904/03/30 15:00:00 0.00 0.04 0.02
1904/03/30 16:00:00 0.00 0.04 0.02
1904/03/30 17:00:00 0.00 0.04 0.02
1904/03/30 18:00:00 0.00 0.04 0.02
1904/03/30 19:00:00 0.00 0.04 0.02
1904/03/30 20:00:00 0.00 0.04 0.02
1904/03/30 21:00:00 0.00 0.04 0.02
1904/03/30 22:00:00 0.00 0.04 0.02
1904/03/30 23:00:00 0.00 0.04 0.02
1904/03/31 00:00:00 0.00 0.04 0.02
1904/03/31 01:00:00 0.00 0.04 0.02
1904/03/31 02:00:00 0.00 0.05 0.02
1904/03/31 03:00:00 0.00 0.05 0.02
1904/03/31 04:00:00 0.00 0.05 0.02
1904/03/31 05:00:00 0.00 0.05 0.02
1904/03/31 06:00:00 0.00 0.05 0.02
1904/03/31 07:00:00 0.00 0.05 0.02
1904/03/31 08:00:00 0.00 0.05 0.02
1904/03/31 09:00:00 0.00 0.05 0.02
1904/03/31 10:00:00 0.00 0.05 0.02
1904/03/31 11:00:00 0.00 0.05 0.02
1904/03/31 12:00:00 0.00 0.05 0.02
1904/03/31 13:00:00 0.00 0.05 0.02
1904/03/31 14:00:00 0.00 0.05 0.02
1904/03/31 15:00:00 0.00 0.05 0.02
1904/03/31 16:00:00 0.00 0.05 0.02
1904/03/31 17:00:00 0.00 0.05 0.02
1904/03/31 18:00:00 0.00 0.05 0.02
1904/03/31 19:00:00 0.00 0.05 0.02
1904/03/31 20:00:00 0.00 0.05 0.02
1904/03/31 21:00:00 0.00 0.05 0.02
1904/03/31 22:00:00 0.00 0.05 0.02
1904/03/31 23:00:00 0.00 0.05 0.02
1904/04/01 00:00:00 0.00 0.05 0.02
1904/04/01 01:00:00 0.00 0.05 0.02
1904/04/01 02:00:00 0.00 0.05 0.02
1904/04/01 03:00:00 0.00 0.05 0.02
1904/04/01 04:00:00 0.00 0.05 0.02
1904/04/01 05:00:00 0.00 0.05 0.02
1904/04/01 06:00:00 0.00 0.05 0.02
1904/04/01 07:00:00 0.00 0.05 0.02
1904/04/01 08:00:00 0.00 0.05 0.02
1904/04/01 09:00:00 0.00 0.05 0.02
1904/04/01 10:00:00 0.00 0.05 0.02
1904/04/01 11:00:00 0.00 0.05 0.02
1904/04/01 12:00:00 0.00 0.05 0.02
1904/04/01 13:00:00 0.00 0.05 0.02
1904/04/01 14:00:00 0.00 0.05 0.02
1904/04/01 15:00:00 0.00 0.05 0.02
1904/04/01 16:00:00 0.00 0.05 0.02
1904/04/01 17:00:00 0.00 0.05 0.02
1904/04/01 18:00:00 0.00 0.05 0.02
1904/04/01 19:00:00 0.00 0.05 0.02
1904/04/01 20:00:00 0.00 0.05 0.02
1904/04/01 21:00:00 0.00 0.05 0.02
1904/04/01 22:00:00 0.00 0.05 0.02
1904/04/01 23:00:00 0.00 0.05 0.02
1904/04/02 00:00:00 0.00 0.06 0.02
1904/04/02 01:00:00 0.00 0.06 0.02
1904/04/02 02:00:00 0.00 0.06 0.02
1904/04/02 03:00:00 0.00 0.06 0.02
1904/04/02 04:00:00 0.00 0.06 0.02
1904/04/02 05:00:00 0.00 0.06 0.02
1904/04/02 06:00:00 0.00 0.06 0.02
1904/04/02 07:00:00 0.00 0.06 0.02
1904/04/02 08:00:00 0.00 0.06 0.02
1904/04/02 09:00:00 0.00 0.05 0.01
1904/04/02 10:00:00 0.00 0.05 0.01
1904/04/02 11:00:00 0.00 0.05 0.01
1904/04/02 12:00:00 0.00 0.05 0.01
1904/04/02 13:00:00 0.00 0.05 0.01
1904/04/02 14:00:00 0.00 0.05 0.01
1904/04/02 15:00:00 0.00 0.05 0.01
1904/04/02 16:00:00 0.00 0.05 0.01
1904/04/02 17:00:00 0.00 0.04 0.01
1904/04/02 18:00:00 0.00 0.04 0.01
1904/04/02 19:00:00 0.00 0.04 0.01
1904/04/02 20:00:00 0.00 0.04 0.01
1904/04/02 21:00:00 0.00 0.04 0.01
1904/04/02 22:00:00 0.00 0.04 0.01
1904/04/02 23:00:00 0.00 0.04 0.00
1904/04/03 00:00:00 0.00 0.04 0.00
1904/04/03 01:00:00 0.00 0.04 0.00
1904/04/03 02:00:00 0.00 0.04 0.00
1904/04/03 03:00:00 0.00 0.04 0.00
1904/04/03 04:00:00 0.00 0.04 0.00
1904/04/03 05:00:00 0.00 0.04 0.00
1904/04/03 06:00:00 0.00 0.04 0.00
1904/04/03 07:00:00 0.00 0.04 0.00
1904/04/03 08:00:00 0.00 0.04 0.00
1904/04/03 09:00:00 0.00 0.04 0.00
1904/04/03 10:00:00 0.00 0.04 0.00
1904/04/03 11:00:00 0.00 0.04 0.00
1904/04/03 12:00:00 0.00 0.01 0.00
1904/04/03 13:00:00 0.00 0.01 0.00
1904/04/03 14:00:00 0.00 0.01 0.00
1904/04/03 15:00:00 0.00 0.01 0.00
1904/04/03 16:00:00 0.00 0.01 0.00
1904/04/03 17:00:00 0.00 0.01 0.00
1904/04/03 18:00:00 0.00 0.01 0.00
1904/04/03 19:00:00 0.00 0.01 0.00
1904/04/03 20:00:00 0.00 0.01 0.00
1904/04/03 21:00:00 0.00 0.01 0.00
1904/04/03 22:00:00 0.00 0.01 0.00
1904/04/03 23:00:00 0.00 0.01 0.00
1904/04/04 00:00:00 0.00 0.01 0.00
1904/04/04 01:00:00 0.00 0.01 0.00
1904/04/04 02:00:00 0.00 0.00 0.00
1904/04/04 03:00:00 0.00 0.00 0.00
1904/04/04 04:00:00 0.00 0.00 0.00
1904/04/04 05:00:00 0.00 0.00 0.00
1904/04/04 06:00:00 0.00 0.00 0.00
1904/04/04 07:00:00 0.00 0.00 0.00
1904/04/04 08:00:00 0.00 0.00 0.00
1904/04/04 09:00:00 0.00 0.00 0.00
1904/04/04 10:00:00 0.00 0.00 0.00
1904/04/04 11:00:00 0.00 0.00 0.00
1904/04/04 12:00:00 0.00 0.00 0.00
1904/04/04 13:00:00 0.00 0.00 0.00
1904/04/04 14:00:00 0.00 0.00 0.00
1904/04/04 15:00:00 0.00 0.00 0.00
1904/04/04 16:00:00 0.00 0.00 0.00
1904/04/04 17:00:00 0.00 0.00 0.00
1904/04/04 18:00:00 0.00 0.00 0.00
1904/04/04 19:00:00 0.00 0.00 0.00
1904/04/04 20:00:00 0.00 0.00 0.00
1904/04/04 21:00:00 0.00 0.00 0.00
1904/04/04 22:00:00 0.00 0.00 0.00
1904/04/04 23:00:00 0.00 0.00 0.00
1904/04/05 00:00:00 0.00 0.00 0.00
1904/04/05 01:00:00 0.00 0.00 0.00
1904/04/05 02:00:00 0.00 0.00 0.00
1904/04/05 03:00:00 0.00 0.00 0.00
1904/04/05 04:00:00 0.00 0.00 0.00
1904/04/05 05:00:00 0.00 0.00 0.00
1904/04/05 06:00:00 0.00 0.00 0.00
1904/04/05 07:00:00 0.00 0.00 0.00
1904/04/05 08:00:00 0.00 0.00 0.00
1904/04/05 09:00:00 0.00 0.00 0.00
1904/04/05 10:00:00 0.00 0.00 0.00
1904/04/05 11:00:00 0.00 0.00 0.00
1904/04/05 12:00:00 0.00 0.00 0.00
1904/04/05 13:00:00 0.00 0.00 0.00
1904/04/05 14:00:00 0.00 0.00 0.00
1904/04/05 15:00:00 0.00 0.00 0.00
1904/04/05 16:00:00 0.00 0.00 0.00
1904/04/05 17:00:00 0.00 0.00 0.00
1904/04/05 18:00:00 0.00 0.00 0.00
1904/04/05 19:00:00 0.00 0.00 0.00
1904/04/05 20:00:00 0.00 0.00 0.00
1904/04/05 21:00:00 0.00 0.00 0.00
1904/04/05 22:00:00 0.00 0.00 0.00
1904/04/05 23:00:00 0.00 0.00 0.00
1904/04/06 00:00:00 0.00 0.00 0.00
1904/04/06 01:00:00 0.00 0.00 0.00
1904/04/06 02:00:00 0.00 0.00 0.00
1904/04/06 03:00:00 0.00 0.00 0.00
1904/04/06 04:00:00 0.00 0.00 0.00
1904/04/06 05:00:00 0.00 0.00 0.00
1904/04/06 06:00:00 0.00 0.00 0.00
1904/04/06 07:00:00 0.00 0.00 0.00
1904/04/06 08:00:00 0.00 0.00 0.00
1904/04/06 09:00:00 0.00 0.00 0.00
1904/04/06 10:00:00 0.00 0.00 0.00
1904/04/06 11:00:00 0.00 0.00 0.00
1904/04/06 12:00:00 0.00 0.00 0.00
1904/04/06 13:00:00 0.00 0.00 0.00
1904/04/06 14:00:00 0.00 0.00 0.00
1904/04/06 15:00:00 0.00 0.00 0.00
1904/04/06 16:00:00 0.00 0.00 0.00
1904/04/06 17:00:00 0.00 0.00 0.00
1904/04/06 18:00:00 0.00 0.00 0.00
1904/04/06 19:00:00 0.00 0.00 0.00
1904/04/06 20:00:00 0.00 0.00 0.00
1904/04/06 21:00:00 0.00 0.00 0.00
1904/04/06 22:00:00 0.00 0.00 0.00
1904/04/06 23:00:00 0.00 0.00 0.00
1904/04/07 00:00:00 0.00 0.00 0.00
1904/04/07 01:00:00 0.00 0.00 0.00
1904/04/07 02:00:00 0.00 0.00 0.00
1904/04/07 03:00:00 0.00 0.00 0.00
1904/04/07 04:00:00 0.00 0.00 0.00
1904/04/07 05:00:00 0.00 0.00 0.00
1904/04/07 06:00:00 0.00 0.00 0.00
1904/04/07 07:00:00 0.00 0.00 0.00
1904/04/07 08:00:00 0.00 0.00 0.00
1904/04/07 09:00:00 0.00 0.00 0.00
1904/04/07 10:00:00 0.00 0.00 0.00
1904/04/07 11:00:00 0.00 0.00 0.00
1904/04/07 12:00:00 0.00 0.00 0.00
1904/04/07 13:00:00 0.00 0.00 0.00
1904/04/07 14:00:00 0.00 0.00 0.00
1904/04/07 15:00:00 0.00 0.00 0.00
1904/04/07 16:00:00 0.00 0.00 0.00
1904/04/07 17:00:00 0.00 0.00 0.00
1904/04/07 18:00:00 0.00 0.00 0.00
1904/04/07 19:00:00 0.00 0.00 0.00
1904/04/07 20:00:00 0.00 0.00 0.00
1904/04/07 21:00:00 0.00 0.00 0.00
1904/04/07 22:00:00 0.00 0.00 0.00
1904/04/07 23:00:00 0.00 0.00 0.00
1904/04/08 00:00:00 0.00 0.00 0.00
1904/04/08 01:00:00 0.00 0.00 0.00
1904/04/08 02:00:00 0.00 0.00 0.00
1904/04/08 03:00:00 0.00 0.00 0.00
1904/04/08 04:00:00 0.00 0.00 0.00
1904/04/08 05:00:00 0.00 0.00 0.00
1904/04/08 06:00:00 0.00 0.00 0.00
1904/04/08 07:00:00 0.00 0.00 0.00
1904/04/08 08:00:00 0.00 0.00 0.00
1904/04/08 09:00:00 0.00 0.00 0.00
1904/04/08 10:00:00 0.00 0.00 0.00
1904/04/08 11:00:00 0.00 0.00 0.00
1904/04/08 12:00:00 0.00 0.00 0.00
1904/04/08 13:00:00 0.00 0.00 0.00
1904/04/08 14:00:00 0.00 0.00 0.00
1904/04/08 15:00:00 0.00 0.00 0.00
1904/04/08 16:00:00 0.00 0.00 0.00
1904/04/08 17:00:00 0.00 0.00 0.00
1904/04/08 18:00:00 0.00 0.00 0.00
1904/04/08 19:00:00 0.00 0.00 0.00
1904/04/08 20:00:00 0.00 0.00 0.00
1904/04/08 21:00:00 0.00 0.00 0.00
1904/04/08 22:00:00 0.00 0.00 0.00
1904/04/08 23:00:00 0.00 0.00 0.00
1904/04/09 00:00:00 0.00 0.00 0.00
1904/04/09 01:00:00 0.00 0.00 0.00
1904/04/09 02:00:00 0.00 0.00 0.00
1904/04/09 03:00:00 0.00 0.00 0.00
1904/04/09 04:00:00 0.00 0.00 0.00
1904/04/09 05:00:00 0.00 0.00 0.00
1904/04/09 06:00:00 0.00 0.00 0.00
1904/04/09 07:00:00 0.00 0.00 0.00
1904/04/09 08:00:00 0.00 0.00 0.00
1904/04/09 09:00:00 0.00 0.00 0.00
1904/04/09 10:00:00 0.00 0.00 0.00
1904/04/09 11:00:00 0.00 0.00 0.00
1904/04/09 12:00:00 0.00 0.00 0.00
1904/04/09 13:00:00 0.00 0.00 0.00
1904/04/09 14:00:00 0.00 0.00 0.00
1904/04/09 15:00:00 0.00 0.00 0.00
1904/04/09 16:00:00 0.00 0.00 0.00
1904/04/09 17:00:00 0.00 0.00 0.00
1904/04/09 18:00:00 0.00 0.00 0.00
1904/04/09 19:00:00 0.00 0.00 0.00
1904/04/09 20:00:00 0.00 0.00 0.00
1904/04/09 21:00:00 0.00 0.00 0.00
1904/04/09 22:00:00 0.00 0.00 0.00
1904/04/09 23:00:00 0.00 0.00 0.00
1904/04/10 00:00:00 0.00 0.00 0.00
1904/04/10 01:00:00 0.00 0.00 0.00
1904/04/10 02:00:00 0.00 0.00 0.00
1904/04/10 03:00:00 0.00 0.00 0.00
1904/04/10 04:00:00 0.00 0.00 0.00
1904/04/10 05:00:00 0.00 0.00 0.00
1904/04/10 06:00:00 0.00 0.00 0.00
1904/04/10 07:00:00 0.00 0.00 0.00
1904/04/10 08:00:00 0.00 0.00 0.00
1904/04/10 09:00:00 0.00 0.00 0.00
1904/04/10 10:00:00 0.00 0.00 0.00
1904/04/10 11:00:00 0.00 0.00 0.00
1904/04/10 12:00:00 0.00 0.00 0.00
1904/04/10 13:00:00 0.00 0.00 0.00
1904/04/10 14:00:00 0.00 0.00 0.00
1904/04/10 15:00:00 0.00 0.00 0.00
1904/04/10 16:00:00 0.00 0.00 0.00
1904/04/10 17:00:00 0.00 0.00 0.00
1904/04/10 18:00:00 0.00 0.00 0.00
1904/04/10 19:00:00 0.00 0.00 0.00
1904/04/10 20:00:00 0.00 0.00 0.00
1904/04/10 21:00:00 0.00 0.00 0.00
1904/04/10 22:00:00 0.00 0.00 0.00
1904/04/10 23:00:00 0.00 0.00 0.00
1904/04/11 00:00:00 0.00 0.00 0.00
1904/04/11 01:00:00 0.00 0.00 0.00
1904/04/11 02:00:00 0.00 0.00 0.00
1904/04/11 03:00:00 0.00 0.00 0.00
1904/04/11 04:00:00 0.00 0.00 0.00
1904/04/11 05:00:00 0.00 0.00 0.00
1904/04/11 06:00:00 0.00 0.00 0.00
1904/04/11 07:00:00 0.00 0.00 0.00
1904/04/11 08:00:00 0.00 0.00 0.00
1904/04/11 09:00:00 0.00 0.00 0.00
1904/04/11 10:00:00 0.00 0.00 0.00
1904/04/11 11:00:00 0.00 0.00 0.00
1904/04/11 12:00:00 0.00 0.00 0.00
1904/04/11 13:00:00 0.00 0.00 0.00
1904/04/11 14:00:00 0.00 0.00 0.00
1904/04/11 15:00:00 0.00 0.00 0.00
1904/04/11 16:00:00 0.00 0.00 0.00
1904/04/11 17:00:00 0.00 0.00 0.00
1904/04/11 18:00:00 0.00 0.00 0.00
1904/04/11 19:00:00 0.00 0.00 0.00
1904/04/11 20:00:00 0.00 0.00 0.00
1904/04/11 21:00:00 0.00 0.00 0.00
1904/04/11 22:00:00 0.00 0.00 0.00
1904/04/11 23:00:00 0.00 0.00 0.00
1904/04/12 00:00:00 0.00 0.00 0.00
1904/04/12 01:00:00 0.00 0.00 0.00
1904/04/12 02:00:00 0.00 0.00 0.00
1904/04/12 03:00:00 0.00 0.00 0.00
1904/04/12 04:00:00 0.00 0.00 0.00
1904/04/12 05:00:00 0.00 0.00 0.00
1904/04/12 06:00:00 0.00 0.00 0.00
1904/04/12 07:00:00 0.00 0.00 0.00
1904/04/12 08:00:00 0.00 0.00 0.00
1904/04/12 09:00:00 0.00 0.00 0.00
1904/04/12 10:00:00 0.00 0.00 0.00
1904/04/12 11:00:00 0.00 0.00 0.00
1904/04/12 12:00:00 0.00 0.00 0.00
1904/04/12 13:00:00 0.00 0.00 0.00
1904/04/12 14:00:00 0.00 0.00 0.00
1904/04/12 15:00:00 0.00 0.00 0.00
1904/04/12 16:00:00 0.00 0.00 0.00
1904/04/12 17:00:00 0.00 0.00 0.00
1904/04/12 18:00:00 0.00 0.00 0.00
1904/04/12 19:00:00 0.00 0.00 0.00
1904/04/12 20:00:00 0.00 0.00 0.00
1904/04/12 21:00:00 0.00 0.00 0.00
1904/04/12 22:00:00 0.00 0.00 0.00
1904/04/12 23:00:00 0.00 0.00 0.00
1904/04/13 00:00:00 0.00 0.00 0.00
1904/04/13 01:00:00 0.00 0.00 0.00
1904/04/13 02:00:00 0.00 0.00 0.00
1904/04/13 03:00:00 0.00 0.00 0.00
1904/04/13 04:00:00 0.00 0.00 0.00
1904/04/13 05:00:00 0.00 0.00 0.00
1904/04/13 06:00:00 0.00 0.00 0.00
1904/04/13 07:00:00 0.00 0.00 0.00
1904/04/13 08:00:00 0.00 0.00 0.00
1904/04/13 09:00:00 0.00 0.00 0.00
1904/04/13 10:00:00 0.00 0.00 0.00
1904/04/13 11:00:00 0.00 0.00 0.00
1904/04/13 12:00:00 0.00 0.00 0.00
1904/04/13 13:00:00 0.00 0.00 0.00
1904/04/13 14:00:00 0.00 0.00 0.00
1904/04/13 15:00:00 0.00 0.00 0.00
1904/04/13 16:00:00 0.00 0.00 0.00
1904/04/13 17:00:00 0.00 0.00 0.00
1904/04/13 18:00:00 0.00 0.00 0.00
1904/04/13 19:00:00 0.00 0.00 0.00
1904/04/13 20:00:00 0.00 0.00 0.00
1904/04/13 21:00:00 0.00 0.00 0.00
1904/04/13 22:00:00 0.00 0.00 0.00
1904/04/13 23:00:00 0.00 0.00 0.00
1904/04/14 00:00:00 0.00 0.00 0.00
1904/04/14 01:00:00 0.00 0.00 0.00
1904/04/14 02:00:00 0.00 0.00 0.00
1904/04/14 03:00:00 0.00 0.00 0.00
1904/04/14 04:00:00 0.00 0.00 0.00
1904/04/14 05:00:00 0.00 0.00 0.00
1904/04/14 06:00:00 0.00 0.00 0.00
1904/04/14 07:00:00 0.00 0.00 0.00
1904/04/14 08:00:00 0.00 0.00 0.00
1904/04/14 09:00:00 0.00 0.00 0.00
1904/04/14 10:00:00 0.00 0.00 0.00
1904/04/14 11:00:00 0.00 0.00 0.00
1904/04/14 12:00:00 0.00 0.00 0.00
1904/04/14 13:00:00 0.00 0.00 0.00
1904/04/14 14:00:00 0.00 0.00 0.00
1904/04/14 15:00:00 0.00 0.00 0.00
1904/04/14 16:00:00 0.00 0.00 0.00
1904/04/14 17:00:00 0.00 0.00 0.00
1904/04/14 18:00:00 0.00 0.00 0.00
1904/04/14 19:00:00 0.00 0.00 0.00
1904/04/14 20:00:00 0.00 0.00 0.00
1904/04/14 21:00:00 0.00 0.00 0.00
1904/04/14 22:00:00 0.00 0.00 0.00
1904/04/14 23:00:00 0.00 0.00 0.00
1904/04/15 00:00:00 0.00 0.00 0.00
1904/04/15 01:00:00 0.00 0.00 0.00
1904/04/15 02:00:00 0.00 0.00 0.00
1904/04/15 03:00:00 0.00 0.00 0.00
1904/04/15 04:00:00 0.00 0.00 0.00
1904/04/15 05:00:00 0.00 0.00 0.00
1904/04/15 06:00:00 0.00 0.00 0.00
1904/04/15 07:00:00 0.00 0.00 0.00
1904/04/15 08:00:00 0.00 0.00 0.00
1904/04/15 09:00:00 0.00 0.00 0.00
1904/04/15 10:00:00 0.00 0.00 0.00
1904/04/15 11:00:00 0.00 0.00 0.00
1904/04/15 12:00:00 0.00 0.00 0.00
1904/04/15 13:00:00 0.00 0.00 0.00
1904/04/15 14:00:00 0.00 0.00 0.00
1904/04/15 15:00:00 0.00 0.00 0.00
1904/04/15 16:00:00 0.00 0.00 0.00
1904/04/15 17:00:00 0.00 0.00 0.00
1904/04/15 18:00:00 0.00 0.00 0.00
1904/04/15 19:00:00 0.00 0.00 0.00
1904/04/15 20:00:00 0.00 0.00 0.00
1904/04/15 21:00:00 0.00 0.00 0.00
1904/04/15 22:00:00 0.00 0.00 0.00
1904/04/15 23:00:00 0.00 0.00 0.00
1904/04/16 00:00:00 0.00 0.00 0.00
1904/04/16 01:00:00 0.00 0.00 0.00
1904/04/16 02:00:00 0.00 0.00 0.00
1904/04/16 03:00:00 0.00 0.00 0.00
1904/04/16 04:00:00 0.00 0.00 0.00
1904/04/16 05:00:00 0.00 0.00 0.00
1904/04/16 06:00:00 0.00 0.00 0.00
1904/04/16 07:00:00 0.00 0.00 0.00
1904/04/16 08:00:00 0.00 0.00 0.00
1904/04/16 09:00:00 0.00 0.00 0.00
1904/04/16 10:00:00 0.00 0.00 0.00
1904/04/16 11:00:00 0.00 0.00 0.00
1904/04/16 12:00:00 0.00 0.00 0.00
1904/04/16 13:00:00 0.00 0.00 0.00
1904/04/16 14:00:00 0.00 0.00 0.00
1904/04/16 15:00:00 0.00 0.00 0.00
1904/04/16 16:00:00 0.00 0.00 0.00
1904/04/16 17:00:00 0.00 0.00 0.00
1904/04/16 18:00:00 0.00 0.00 0.00
1904/04/16 19:00:00 0.00 0.00 0.00
1904/04/16 20:00:00 0.00 0.00 0.00
1904/04/16 21:00:00 0.00 0.00 0.00
1904/04/16 22:00:00 0.00 0.00 0.00
1904/04/16 23:00:00 0.00 0.00 0.00
1904/04/17 00:00:00 0.00 0.00 0.00
1904/04/17 01:00:00 0.00 0.00 0.00
1904/04/17 02:00:00 0.00 0.00 0.00
1904/04/17 03:00:00 0.00 0.00 0.00
1904/04/17 04:00:00 0.00 0.00 0.00
1904/04/17 05:00:00 0.00 0.00 0.00
1904/04/17 06:00:00 0.00 0.00 0.00
1904/04/17 07:00:00 0.00 0.00 0.00
1904/04/17 08:00:00 0.00 0.00 0.00
1904/04/17 09:00:00 0.00 0.00 0.00
1904/04/17 10:00:00 0.00 0.00 0.00
1904/04/17 11:00:00 0.00 0.00 0.00
1904/04/17 12:00:00 0.00 0.00 0.00
1904/04/17 13:00:00 0.00 0.00 0.00
1904/04/17 14:00:00 0.00 0.00 0.00
1904/04/17 15:00:00 0.00 0.00 0.00
1904/04/17 16:00:00 0.00 0.00 0.00
1904/04/17 17:00:00 0.00 0.00 0.00
1904/04/17 18:00:00 0.00 0.00 0.00
1904/04/17 19:00:00 0.00 0.00 0.00
1904/04/17 20:00:00 0.00 0.00 0.00
1904/04/17 21:00:00 0.00 0.00 0.00
1904/04/17 22:00:00 0.00 0.00 0.00
1904/04/17 23:00:00 0.00 0.00 0.00
1904/04/18 00:00:00 0.00 0.00 0.00
1904/04/18 01:00:00 0.00 0.00 0.00
1904/04/18 02:00:00 0.00 0.00 0.00
1904/04/18 03:00:00 0.00 0.00 0.00
1904/04/18 04:00:00 0.00 0.00 0.00
1904/04/18 05:00:00 0.00 0.00 0.00
1904/04/18 06:00:00 0.00 0.00 0.00
1904/04/18 07:00:00 0.00 0.00 0.00
1904/04/18 08:00:00 0.00 0.00 0.00
1904/04/18 09:00:00 0.00 0.00 0.00
1904/04/18 10:00:00 0.00 0.00 0.00
1904/04/18 11:00:00 0.00 0.00 0.00
1904/04/18 12:00:00 0.00 0.00 0.00
1904/04/18 13:00:00 0.00 0.00 0.00
1904/04/18 14:00:00 0.00 0.00 0.00
1904/04/18 15:00:00 0.00 0.00 0.00
1904/04/18 16:00:00 0.00 0.00 0.00
1904/04/18 17:00:00 0.00 0.00 0.00
1904/04/18 18:00:00 0.00 0.00 0.00
1904/04/18 19:00:00 0.00 0.00 0.00
1904/04/18 20:00:00 0.00 0.00 0.00
1904/04/18 21:00:00 0.00 0.00 0.00
1904/04/18 22:00:00 0.00 0.00 0.00
1904/04/18 23:00:00 0.00 0.00 0.00
1904/04/19 00:00:00 0.00 0.00 0.00
1904/04/19 01:00:00 0.00 0.00 0.00
1904/04/19 02:00:00 0.00 0.00 0.00
1904/04/19 03:00:00 0.00 0.00 0.00
1904/04/19 04:00:00 0.00 0.00 0.00
1904/04/19 05:00:00 0.00 0.00 0.00
1904/04/19 06:00:00 0.00 0.00 0.00
1904/04/19 07:00:00 0.00 0.00 0.00
1904/04/19 08:00:00 0.00 0.00 0.00
1904/04/19 09:00:00 0.00 0.00 0.00
1904/04/19 10:00:00 0.00 0.00 0.00
1904/04/19 11:00:00 0.00 0.00 0.00
1904/04/19 12:00:00 0.00 0.00 0.00
1904/04/19 13:00:00 0.00 0.00 0.00
1904/04/19 14:00:00 0.00 0.00 0.00
1904/04/19 15:00:00 0.00 0.00 0.00
1904/04/19 16:00:00 0.00 0.00 0.00
1904/04/19 17:00:00 0.00 0.00 0.00
1904/04/19 18:00:00 0.00 0.00 0.00
1904/04/19 19:00:00 0.00 0.00 0.00
1904/04/19 20:00:00 0.00 0.00 0.00
1904/04/19 21:00:00 0.00 0.00 0.00
1904/04/19 22:00:00 0.00 0.00 0.00
1904/04/19 23:00:00 0.00 0.00 0.00
1904/04/20 00:00:00 0.00 0.00 0.00
1904/04/20 01:00:00 0.00 0.00 0.00
1904/04/20 02:00:00 0.00 0.00 0.00
1904/04/20 03:00:00 0.00 0.00 0.00
1904/04/20 04:00:00 0.00 0.00 0.00
1904/04/20 05:00:00 0.00 0.00 0.00
1904/04/20 06:00:00 0.00 0.00 0.00
1904/04/20 07:00:00 0.00 0.00 0.00
1904/04/20 08:00:00 0.00 0.00 0.00
1904/04/20 09:00:00 0.00 0.00 0.00
1904/04/20 10:00:00 0.00 0.00 0.00
1904/04/20 11:00:00 0.00 0.00 0.00
1904/04/20 12:00:00 0.00 0.00 0.00
1904/04/20 13:00:00 0.00 0.00 0.00
1904/04/20 14:00:00 0.00 0.00 0.00
1904/04/20 15:00:00 0.00 0.00 0.00
1904/04/20 16:00:00 0.00 0.00 0.00
1904/04/20 17:00:00 0.00 0.00 0.00
1904/04/20 18:00:00 0.00 0.00 0.00
1904/04/20 19:00:00 0.00 0.00 0.00
1904/04/20 20:00:00 0.00 0.00 0.00
1904/04/20 21:00:00 0.00 0.00 0.00
1904/04/20 22:00:00 0.00 0.00 0.00
1904/04/20 23:00:00 0.00 0.00 0.00
1904/04/21 00:00:00 0.00 0.00 0.00
1904/04/21 01:00:00 0.00 0.00 0.00
1904/04/21 02:00:00 0.00 0.00 0.00
1904/04/21 03:00:00 0.00 0.00 0.00
1904/04/21 04:00:00 0.00 0.00 0.00
1904/04/21 05:00:00 0.00 0.00 0.00
1904/04/21 06:00:00 0.00 0.00 0.00
1904/04/21 07:00:00 0.00 0.00 0.00
1904/04/21 08:00:00 0.00 0.00 0.00
1904/04/21 09:00:00 0.00 0.00 0.00
1904/04/21 10:00:00 0.00 0.00 0.00
1904/04/21 11:00:00 0.00 0.00 0.00
1904/04/21 12:00:00 0.00 0.00 0.00
1904/04/21 13:00:00 0.00 0.00 0.00
1904/04/21 14:00:00 0.00 0.00 0.00
1904/04/21 15:00:00 0.00 0.00 0.00
1904/04/21 16:00:00 0.00 0.00 0.00
1904/04/21 17:00:00 0.00 0.00 0.00
1904/04/21 18:00:00 0.00 0.00 0.00
1904/04/21 19:00:00 0.00 0.00 0.00
1904/04/21 20:00:00 0.00 0.00 0.00
1904/04/21 21:00:00 0.00 0.00 0.00
1904/04/21 22:00:00 0.00 0.00 0.00
1904/04/21 23:00:00 0.00 0.00 0.00
1904/04/22 00:00:00 0.00 0.00 0.00
1904/04/22 01:00:00 0.00 0.00 0.00
1904/04/22 02:00:00 0.00 0.00 0.00
1904/04/22 03:00:00 0.00 0.00 0.00
1904/04/22 04:00:00 0.00 0.00 0.00
1904/04/22 05:00:00 0.00 0.00 0.00
1904/04/22 06:00:00 0.00 0.00 0.00
1904/04/22 07:00:00 0.00 0.00 0.00
1904/04/22 08:00:00 0.00 0.00 0.00
1904/04/22 09:00:00 0.00 0.00 0.00
1904/04/22 10:00:00 0.00 0.00 0.00
1904/04/22 11:00:00 0.00 0.00 0.00
1904/04/22 12:00:00 0.00 0.00 0.00
1904/04/22 13:00:00 0.00 0.00 0.00
1904/04/22 14:00:00 0.00 0.00 0.00
1904/04/22 15:00:00 0.00 0.00 0.00
1904/04/22 16:00:00 0.00 0.00 0.00
1904/04/22 17:00:00 0.00 0.00 0.00
1904/04/22 18:00:00 0.00 0.00 0.00
1904/04/22 19:00:00 0.00 0.00 0.00
1904/04/22 20:00:00 0.00 0.00 0.00
1904/04/22 21:00:00 0.00 0.00 0.00
1904/04/22 22:00:00 0.00 0.00 0.00
1904/04/22 23:00:00 0.00 0.00 0.00
1904/04/23 00:00:00 0.00 0.00 0.00
1904/04/23 01:00:00 0.00 0.00 0.00
1904/04/23 02:00:00 0.00 0.00 0.00
1904/04/23 03:00:00 0.00 0.00 0.00
1904/04/23 04:00:00 0.00 0.00 0.00
1904/04/23 05:00:00 0.00 0.00 0.00
1904/04/23 06:00:00 0.00 0.00 0.00
1904/04/23 07:00:00 0.00 0.00 0.00
1904/04/23 08:00:00 0.00 0.00 0.00
1904/04/23 09:00:00 0.00 0.00 0.00
1904/04/23 10:00:00 0.00 0.00 0.00
1904/04/23 11:00:00 0.00 0.00 0.00
1904/04/23 12:00:00 0.00 0.00 0.00
1904/04/23 13:00:00 0.00 0.00 0.00
1904/04/23 14:00:00 0.00 0.00 0.00
1904/04/23 15:00:00 0.00 0.00 0.00
1904/04/23 16:00:00 0.00 0.00 0.00
1904/04/23 17:00:00 0.00 0.00 0.00
1904/04/23 18:00:00 0.00 0.00 0.00
1904/04/23 19:00:00 0.00 0.00 0.00
1904/04/23 20:00:00 0.00 0.00 0.00
1904/04/23 21:00:00 0.00 0.00 0.00
1904/04/23 22:00:00 0.00 0.00 0.00
1904/04/23 23:00:00 0.00 0.00 0.00
1904/04/24 00:00:00 0.00 0.00 0.00
1904/04/24 01:00:00 0.00 0.00 0.00
1904/04/24 02:00:00 0.00 0.00 0.00
1904/04/24 03:00:00 0.00 0.00 0.00
1904/04/24 04:00:00 0.00 0.00 0.00
1904/04/24 05:00:00 0.00 0.00 0.00
1904/04/24 06:00:00 0.00 0.00 0.00
1904/04/24 07:00:00 0.00 0.00 0.00
1904/04/24 08:00:00 0.00 0.00 0.00
1904/04/24 09:00:00 0.00 0.00 0.00
1904/04/24 10:00:00 0.00 0.00 0.00
1904/04/24 11:00:00 0.00 0.00 0.00
1904/04/24 12:00:00 0.00 0.00 0.00
1904/04/24 13:00:00 0.00 0.00 0.00
1904/04/24 14:00:00 0.00 0.00 0.00
1904/04/24 15:00:00 0.00 0.00 0.00
1904/04/24 16:00:00 0.00 0.00 0.00
1904/04/24 17:00:00 0.00 0.00 0.00
1904/04/24 18:00:00 0.00 0.00 0.00
1904/04/24 19:00:00 0.00 0.00 0.00
1904/04/24 20:00:00 0.00 0.00 0.00
1904/04/24 21:00:00 0.00 0.00 0.00
1904/04/24 22:00:00 0.00 0.00 0.00
1904/04/24 23:00:00 0.00 0.00 0.00
1904/04/25 00:00:00 0.00 0.00 0.00
1904/04/25 01:00:00 0.00 0.00 0.00
1904/04/25 02:00:00 0.00 0.00 0.00
1904/04/25 03:00:00 0.00 0.00 0.00
1904/04/25 04:00:00 0.00 0.00 0.00
1904/04/25 05:00:00 0.00 0.00 0.00
1904/04/25 06:00:00 0.00 0.00 0.00
1904/04/25 07:00:00 0.00 0.00 0.00
1904/04/25 08:00:00 0.00 0.00 0.00
1904/04/25 09:00:00 0.00 0.00 0.00
1904/04/25 10:00:00 0.00 0.00 0.00
1904/04/25 11:00:00 0.00 0.00 0.00
1904/04/25 12:00:00   NA   NA  NA
1904/04/25 12:00:00 0.00 0.00 0.00
1904/04/25 13:00:00 0.00 0.00 0.00
1904/04/25 14:00:00 0.00 0.00 0.00
1904/04/25 15:00:00 0.00 0.00 0.00
1904/04/25 16:00:00 0.00 0.00 0.00
1904/04/25 17:00:00 0.00 0.00 0.00
1904/04/25 18:00:00 0.00 0.00 0.00
1904/04/25 19:00:00 0.00 0.00 0.00
1904/04/25 20:00:00 0.00 0.00 0.00
1904/04/25 21:00:00 0.00 0.00 0.00
1904/04/25 22:00:00 0.00 0.00 0.00
1904/04/25 23:00:00 0.00 0.00 0.00
1904/04/26 00:00:00 0.00 0.00 0.00
1904/04/26 01:00:00 0.00 0.00 0.00
1904/04/26 02:00:00 0.00 0.00 0.00
1904/04/26 03:00:00 0.00 0.00 0.00
1904/04/26 04:00:00 0.00 0.00 0.00
1904/04/26 05:00:00 0.00 0.00 0.00
1904/04/26 06:00:00 0.00 0.00 0.00
1904/04/26 07:00:00 0.00 0.00 0.00
1904/04/26 08:00:00 0.00 0.00 0.00
1904/04/26 09:00:00 0.00 0.00 0.00
1904/04/26 10:00:00 0.00 0.00 0.00
1904/04/26 11:00:00 0.00 0.00 0.00
1904/04/26 12:00:00 0.00 0.00 0.00
1904/04/26 13:00:00 0.00 0.00 0.00
1904/04/26 14:00:00 0.00 0.00 0.00
1904/04/26 15:00:00 0.00 0.00 0.00
1904/04/26 16:00:00 0.00 0.00 0.00
1904/04/26 17:00:00 0.00 0.00 0.00
1904/04/26 18:00:00 0.00 0.00 0.00
1904/04/26 19:00:00 0.00 0.00 0.00
1904/04/26 20:00:00 0.00 0.00 0.00
1904/04/26 21:00:00 0.00 0.00 0.00
1904/04/26 22:00:00 0.00 0.00 0.00
1904/04/26 23:00:00 0.00 0.00 0.00
1904/04/27 00:00:00 0.00 0.00 0.00
1904/04/27 01:00:00 0.00 0.00 0.00
1904/04/27 02:00:00 0.00 0.00 0.00
1904/04/27 03:00:00 0.00 0.00 0.00
1904/04/27 04:00:00 0.00 0.00 0.00
1904/04/27 05:00:00 0.00 0.00 0.00
1904/04/27 06:00:00 0.00 0.00 0.00
1904/04/27 07:00:00 0.00 0.00 0.00
1904/04/27 08:00:00 0.00 0.00 0.00
1904/04/27 09:00:00 0.00 0.00 0.00
1904/04/27 10:00:00 0.00 0.00 0.00
1904/04/27 11:00:00 0.00 0.00 0.00
1904/04/27 12:00:00 0.00 0.00 0.00
1904/04/27 13:00:00 0.00 0.00 0.00
1904/04/27 14:00:00 0.00 0.00 0.00
1904/04/27 15:00:00 0.00 0.00 0.00
1904/04/27 16:00:00 0.00 0.00 0.00
1904/04/27 17:00:00 0.00 0.00 0.00
1904/04/27 18:00:00 0.00 0.00 0.00
1904/04/27 19:00:00 0.00 0.00 0.00
1904/04/27 20:00:00 0.00 0.00 0.00
1904/04/27 21:00:00 0.00 0.00 0.00
1904/04/27 22:00:00 0.00 0.00 0.00
1904/04/27 23:00:00 0.00 0.00 0.00
1904/04/28 00:00:00 0.00 0.00 0.00
1904/04/28 01:00:00 0.00 0.00 0.00
1904/04/28 02:00:00 0.00 0.00 0.00
1904/04/28 03:00:00 0.00 0.00 0.00
1904/04/28 04:00:00 0.00 0.00 0.00
1904/04/28 05:00:00 0.00 0.00 0.00
1904/04/28 06:00:00 0.00 0.00 0.00
1904/04/28 07:00:00 0.00 0.00 0.00
1904/04/28 08:00:00 0.00 0.00 0.00
1904/04/28 09:00:00 0.00 0.00 0.00
1904/04/28 10:00:00 0.00 0.00 0.00
1904/04/28 11:00:00 0.00 0.00 0.00
1904/04/28 12:00:00 0.00 0.00 0.00
1904/04/28 13:00:00 0.00 0.00 0.00
1904/04/28 14:00:00 0.00 0.00 0.00
1904/04/28 15:00:00 0.00 0.00 0.00
1904/04/28 16:00:00 0.00 0.00 0.00
1904/04/28 17:00:00 0.00 0.00 0.00
1904/04/28 18:00:00 0.00 0.00 0.00
1904/04/28 19:00:00 0.00 0.00 0.00
1904/04/28 20:00:00 0.00 0.00 0.00
1904/04/28 21:00:00 0.00 0.00 0.00
1904/04/28 22:00:00 0.00 0.00 0.00
1904/04/28 23:00:00 0.00 0.00 0.00
1904/04/29 00:00:00 0.00 0.00 0.00
1904/04/29 01:00:00 0.00 0.00 0.00
1904/04/29 02:00:00 0.00 0.00 0.00
1904/04/29 03:00:00 0.00 0.00 0.00
1904/04/29 04:00:00 0.00 0.00 0.00
1904/04/29 05:00:00 0.00 0.00 0.00
1904/04/29 06:00:00 0.00 0.00 0.00
1904/04/29 07:00:00 0.00 0.00 0.00
1904/04/29 08:00:00 0.00 0.00 0.00
1904/04/29 09:00:00 0.00 0.00 0.00
1904/04/29 10:00:00 0.00 0.00 0.00
1904/04/29 11:00:00 0.00 0.00 0.00
1904/04/29 12:00:00 0.00 0.00 0.00
1904/04/29 13:00:00 0.00 0.00 0.00
1904/04/29 14:00:00 0.00 0.00 0.00
1904/04/29 15:00:00 0.00 0.00 0.00
1904/04/29 16:00:00 0.00 0.00 0.00
1904/04/29 17:00:00 0.00 0.00 0.00
1904/04/29 18:00:00 0.00 0.00 0.00
1904/04/29 19:00:00 0.00 0.00 0.00
1904/04/29 20:00:00 0.00 0.00 0.00
1904/04/29 21:00:00 0.00 0.00 0.00
1904/04/29 22:00:00 0.00 0.00 0.00
1904/04/29 23:00:00 0.00 0.00 0.00
1904/04/30 00:00:00 0.00 0.00 0.00
1904/04/30 01:00:00 0.00 0.00 0.00
1904/04/30 02:00:00 0.00 0.00 0.00
1904/04/30 03:00:00 0.00 0.00 0.00
1904/04/30 04:00:00 0.00 0.00 0.00
1904/04/30 05:00:00 0.00 0.00 0.00
1904/04/30 06:00:00 0.00 0.00 0.00
1904/04/30 07:00:00 0.00 0.00 0.00
1904/04/30 08:00:00 0.00 0.00 0.00
1904/04/30 09:00:00 0.00 0.00 0.00
1904/04/30 10:00:00 0.00 0.00 0.00
1904/04/30 11:00:00 0.00 0.00 0.00
1904/04/30 12:00:00 0.00 0.00 0.00
1904/04/30 13:00:00 0.00 0.00 0.00
1904/04/30 14:00:00 0.00 0.00 0.00
1904/04/30 15:00:00 0.00 0.00 0.00
1904/04/30 16:00:00 0.00 0.00 0.00
1904/04/30 17:00:00 0.00 0.00 0.00
1904/04/30 18:00:00 0.00 0.00 0.00
1904/04/30 19:00:00 0.00 0.00 0.00
1904/04/30 20:00:00 0.00 0.00 0.00
1904/04/30 21:00:00 0.00 0.00 0.00
1904/04/30 22:00:00 0.00 0.00 0.00
1904/04/30 23:00:00 0.00 0.00 0.00
1904/05/01 00:00:00 0.00 0.00 0.00
1904/05/01 01:00:00 0.00 0.00 0.00
1904/05/01 02:00:00 0.00 0.00 0.00
1904/05/01 03:00:00 0.00 0.00 0.00
1904/05/01 04:00:00 0.00 0.00 0.00
1904/05/01 05:00:00 0.00 0.00 0.00
1904/05/01 06:00:00 0.00 0.00 0.00
1904/05/01 07:00:00 0.00 0.00 0.00
1904/05/01 08:00:00 0.00 0.00 0.00
1904/05/01 09:00:00 0.00 0.00 0.00
1904/05/01 10:00:00 0.00 0.00 0.00
1904/05/01 11:00:00   NA   NA  NA
1904/05/01 11:00:00 0.00 0.00 0.00
1904/05/01 12:00:00 0.00 0.00 0.00
1904/05/01 13:00:00 0.00 0.00 0.00
1904/05/01 14:00:00 0.00 0.00 0.00
1904/05/01 15:00:00 0.00 0.00 0.00
1904/05/01 16:00:00 0.00 0.00 0.00
1904/05/01 17:00:00 0.00 0.00 0.00
1904/05/01 18:00:00 0.00 0.00 0.00
1904/05/01 19:00:00 0.00 0.00 0.00
1904/05/01 20:00:00 0.00 0.00 0.00
1904/05/01 21:00:00 0.00 0.00 0.00
1904/05/01 22:00:00 0.00 0.00 0.00
1904/05/01 23:00:00 0.00 0.00 0.00
1904/05/02 00:00:00 0.00 0.00 0.00
1904/05/02 01:00:00 0.00 0.00 0.00
1904/05/02 02:00:00 0.00 0.00 0.00
1904/05/02 03:00:00 0.00 0.00 0.00
1904/05/02 04:00:00 0.00 0.00 0.00
1904/05/02 05:00:00 0.00 0.00 0.00
1904/05/02 06:00:00 0.00 0.00 0.00
1904/05/02 07:00:00 0.00 0.00 0.00
1904/05/02 08:00:00 0.00 0.00 0.00
1904/05/02 09:00:00 0.00 0.00 0.00
1904/05/02 10:00:00 0.00 0.00 0.00
1904/05/02 11:00:00 0.00 0.00 0.00
1904/05/02 12:00:00 0.00 0.00 0.00
1904/05/02 13:00:00 0.00 0.00 0.00
1904/05/02 14:00:00 0.00 0.00 0.00
1904/05/02 15:00:00 0.00 0.00 0.00
1904/05/02 16:00:00 0.00 0.00 0.00
1904/05/02 17:00:00 0.00 0.00 0.00
1904/05/02 18:00:00 0.00 0.00 0.00
1904/05/02 19:00:00 0.00 0.00 0.00
1904/05/02 20:00:00 0.00 0.00 0.00
1904/05/02 21:00:00 0.00 0.00 0.00
1904/05/02 22:00:00 0.00 0.00 0.00
1904/05/02 23:00:00 0.00 0.00 0.00
1904/05/03 00:00:00 0.00 0.00 0.00
1904/05/03 01:00:00 0.00 0.00 0.00
1904/05/03 02:00:00 0.00 0.00 0.00
1904/05/03 03:00:00 0.00 0.00 0.00
1904/05/03 04:00:00 0.00 0.00 0.00
1904/05/03 05:00:00 0.00 0.00 0.00
1904/05/03 06:00:00 0.00 0.00 0.00
1904/05/03 07:00:00 0.00 0.00 0.00
1904/05/03 08:00:00 0.00 0.00 0.00
1904/05/03 09:00:00 0.00 0.00 0.00
1904/05/03 10:00:00 0.00 0.00 0.00
1904/05/03 11:00:00 0.00 0.00 0.00
1904/05/03 12:00:00 0.00 0.00 0.00
1904/05/03 13:00:00 0.00 0.00 0.00
1904/05/03 14:00:00 0.00 0.00 0.00
1904/05/03 15:00:00 0.00 0.00 0.00
1904/05/03 16:00:00 0.00 0.00 0.00
1904/05/03 17:00:00 0.00 0.00 0.00
1904/05/03 18:00:00 0.00 0.00 0.00
1904/05/03 19:00:00 0.00 0.00 0.00
1904/05/03 20:00:00 0.00 0.00 0.00
1904/05/03 21:00:00 0.00 0.00 0.00
1904/05/03 22:00:00 0.00 0.00 0.00
1904/05/03 23:00:00 0.00 0.00 0.00
1904/05/04 00:00:00 0.00 0.00 0.00
1904/05/04 01:00:00 0.00 0.00 0.00
1904/05/04 02:00:00 0.00 0.00 0.00
1904/05/04 03:00:00 0.00 0.00 0.00
1904/05/04 04:00:00 0.00 0.00 0.00
1904/05/04 05:00:00 0.00 0.00 0.00
1904/05/04 06:00:00 0.00 0.00 0.00
1904/05/04 07:00:00 0.00 0.00 0.00
1904/05/04 08:00:00 0.00 0.00 0.00
1904/05/04 09:00:00 0.00 0.00 0.00
1904/05/04 10:00:00 0.00 0.00 0.00
1904/05/04 11:00:00 0.00 0.00 0.00
1904/05/04 12:00:00 0.00 0.00 0.00
1904/05/04 13:00:00 0.00 0.00 0.00
1904/05/04 14:00:00 0.00 0.00 0.00
1904/05/04 15:00:00 0.00 0.00 0.00
1904/05/04 16:00:00 0.00 0.00 0.00
1904/05/04 17:00:00 0.00 0.00 0.00
1904/05/04 18:00:00 0.00 0.00 0.00
1904/05/04 19:00:00 0.00 0.00 0.00
1904/05/04 20:00:00 0.00 0.00 0.00
1904/05/04 21:00:00 0.00 0.00 0.00
1904/05/04 22:00:00 0.00 0.00 0.00
1904/05/04 23:00:00 0.00 0.00 0.00
1904/05/05 03:00:00 0.00 0.00 0.00
1904/05/05 04:00:00 0.00 0.00 0.00
1904/05/05 05:00:00 0.00 0.00 0.00
1904/05/05 07:00:00 0.00 0.00 0.00
1904/05/05 11:00:00 0.00 0.00 0.00
1904/05/05 15:00:00 0.00 0.00 0.00
1904/05/05 19:00:00 0.00 0.00 0.00
1904/05/06 05:00:00 0.00 0.00 0.00
1904/05/06 07:00:00 0.00 0.00 0.00
1904/05/07 11:00:00 0.00 0.00 0.00
1904/05/08 08:00:00 0.00 0.00 0.00
1904/05/08 19:00:00 0.00 0.00 0.00
1904/05/09 07:00:00 0.00 0.00 0.00
1904/05/09 08:00:00 0.00 0.00 0.00
1904/05/10 11:00:00 0.00 0.00 0.00
1904/05/11 11:00:00 0.00 0.00 0.00
1904/05/12 11:00:00 0.00 0.00 0.00
1904/05/13 11:00:00 0.00 0.00 0.00
1904/05/14 07:00:00 0.00 0.00 0.00
1904/05/15 07:00:00 0.00 0.00 0.00
1904/05/16 11:00:00 0.00 0.00 0.00
1904/05/17 11:00:00 0.00 0.00 0.00
1904/05/18 12:00:00 0.00 0.00 0.00
1904/05/19 11:00:00 0.00 0.00 0.00
1904/05/20 07:00:00 0.00 0.00 0.00
1904/05/21 11:00:00 0.00 0.00 0.00
1904/05/22 07:00:00 0.00 0.00 0.00
1904/05/22 11:00:00 0.00 0.00 0.00
1904/05/22 15:00:00 0.00 0.00 0.00
1904/05/23 07:00:00 0.00 0.00 0.00
1904/05/23 11:00:00 0.00 0.00 0.00
1904/05/23 15:00:00 0.00 0.00 0.00
1904/05/23 19:00:00 0.00 0.00 0.00
1904/05/23 23:00:00 0.00 0.00 0.00
1904/05/24 03:00:00 0.00 0.00 0.00
1904/05/24 07:00:00 0.00 0.00 0.00
1904/05/24 11:00:00 0.00 0.00 0.00
1904/05/24 19:00:00 0.00 0.00 0.00
1904/05/24 23:00:00 0.00 0.00 0.00
1904/05/25 03:00:00 0.00 0.00 0.00
1904/05/25 07:00:00 0.00 0.00 0.00
1904/05/25 12:00:00 0.00 0.00 0.00
1904/05/25 16:00:00 0.00 0.00 0.00
1904/05/25 20:00:00 0.00 0.00 0.00
1904/05/26 00:00:00 0.00 0.00 0.00
1904/05/26 04:00:00 0.00 0.00 0.00
1904/05/26 08:00:00 0.00 0.00 0.00
1904/05/26 12:00:00 0.00 0.00 0.00
1904/05/26 21:00:00 0.00 0.00 0.00
1904/05/27 00:00:00 0.00 0.00 0.00
1904/05/27 04:00:00 0.00 0.00 0.00
1904/05/27 08:00:00 0.00 0.00 0.00
1904/05/27 12:00:00 0.00 0.00 0.00
1904/05/27 16:00:00 0.00 0.00 0.00
1904/05/27 20:00:00 0.00 0.00 0.00
1904/05/28 00:00:00 0.00 0.00 0.00
1904/05/28 04:00:00 0.00 0.00 0.00
1904/05/28 08:00:00 0.00 0.00 0.00
1904/05/28 12:00:00 0.00 0.00 0.00
1904/05/28 16:00:00 0.00 0.00 0.00
1904/05/28 21:00:00 0.00 0.00 0.00
1904/05/29 00:00:00 0.00 0.00 0.00
1904/05/29 04:00:00 0.00 0.00 0.00
1904/05/29 08:00:00 0.00 0.00 0.00
1904/05/29 12:00:00 0.00 0.00 0.00
1904/05/29 16:00:00 0.00 0.00 0.00
1904/05/29 20:00:00 0.00 0.00 0.00
1904/05/30 00:00:00 0.00 0.00 0.00
1904/05/30 04:00:00 0.00 0.00 0.00
1904/05/30 08:00:00 0.00 0.00 0.00
1904/05/30 12:00:00 0.00 0.00 0.00
1904/05/30 16:00:00 0.00 0.00 0.00
1904/05/31 12:00:00 0.00 0.00 0.00
1904/06/01 12:00:00 0.00 0.00 0.00
1904/06/02 16:00:00 0.00 0.00 0.00
1904/06/02 20:00:00 0.00 0.00 0.00
1904/06/03 00:00:00 0.00 0.00 0.00
1904/06/03 04:00:00 0.00 0.00 0.00
1904/06/03 08:00:00 0.00 0.00 0.00
1904/06/03 12:00:00 0.00 0.00 0.00
1904/06/03 16:00:00 0.00 0.00 0.00
1904/06/03 20:00:00 0.00 0.00 0.00
1904/06/04 00:00:00 0.00 0.00 0.00
1904/06/04 04:00:00 0.00 0.00 0.00
1904/06/04 08:00:00 0.00 0.00 0.00
1904/06/04 13:00:00 0.00 0.00 0.00
1904/06/04 17:00:00 0.00 0.00 0.00
1904/06/04 21:00:00 0.00 0.00 0.00
1904/06/05 01:00:00 0.00 0.00 0.00
1904/06/05 05:00:00 0.00 0.00 0.00
1904/06/05 09:00:00 0.00 0.00 0.00
1904/06/05 13:00:00 0.00 0.00 0.00
1904/06/05 17:00:00 0.00 0.00 0.00
1904/06/05 21:00:00 0.00 0.00 0.00
1904/06/06 01:00:00 0.00 0.00 0.00
1904/06/06 05:00:00 0.00 0.00 0.00
1904/06/06 09:00:00 0.00 0.00 0.00
1904/06/06 13:00:00 0.00 0.00 0.00
1904/06/06 17:00:00 0.00 0.00 0.00
1904/06/06 21:00:00 0.00 0.00 0.00
1904/06/07 01:00:00 0.00 0.00 0.00
1904/06/07 05:00:00 0.00 0.00 0.00
1904/06/07 09:00:00 0.00 0.00 0.00
1904/06/07 23:00:00 0.00 0.00 0.00
1904/06/08 13:00:00 0.00 0.00 0.00
1904/06/09 09:00:00 0.00 0.00 0.00
1904/06/10 13:00:00 0.00 0.00 0.00
1904/06/10 17:00:00 0.00 0.00 0.00
1904/06/10 22:00:00 0.00 0.00 0.00
1904/06/11 01:00:00 0.00 0.00 0.00
1904/06/11 05:00:00 0.00 0.00 0.00
1904/06/11 09:00:00 0.00 0.00 0.00
1904/06/11 13:00:00 0.00 0.00 0.00
1904/06/11 17:00:00 0.00 0.00 0.00
1904/06/11 21:00:00 0.00 0.00 0.00
1904/06/12 01:00:00 0.00 0.00 0.00
1904/06/12 05:00:00 0.00 0.00 0.00
1904/06/12 09:00:00 0.00 0.00 0.00
1904/06/12 13:00:00 0.00 0.00 0.00
1904/06/12 17:00:00 0.00 0.00 0.00
1904/06/12 21:00:00 0.00 0.00 0.00
1904/06/13 01:00:00 0.00 0.00 0.00
1904/06/13 05:00:00 0.00 0.00 0.00
1904/06/13 09:00:00 0.00 0.00 0.00
1904/06/13 13:00:00 0.00 0.00 0.00
1904/06/13 17:00:00 0.00 0.00 0.00
1904/06/13 21:00:00 0.00 0.00 0.00
1904/06/14 01:00:00 0.00 0.00 0.00
1904/06/14 05:00:00 0.00 0.00 0.00
1904/06/14 09:00:00 0.00 0.00 0.00
1904/06/14 13:00:00 0.00 0.00 0.00
1904/06/14 17:00:00 0.00 0.00 0.00
1904/06/14 21:00:00 0.00 0.00 0.00
1904/06/15 01:00:00 0.00 0.00 0.00
1904/06/15 05:00:00 0.00 0.00 0.00
1904/06/15 09:00:00 0.00 0.00 0.00
1904/06/15 10:00:00 0.00 0.00 0.00
1904/06/15 13:00:00 0.00 0.00 0.00
1904/06/15 17:00:00 0.00 0.00 0.00
1904/06/15 21:00:00 0.00 0.00 0.00
1904/06/16 01:00:00 0.00 0.00 0.00
1904/06/16 05:00:00 0.00 0.00 0.00
1904/06/16 09:00:00 0.00 0.00 0.00
1904/06/16 13:00:00 0.00 0.00 0.00
1904/06/16 17:00:00 0.00 0.00 0.00
1904/06/16 21:00:00 0.00 0.00 0.00
1904/06/17 01:00:00 0.00 0.00 0.00
1904/06/17 05:00:00 0.00 0.00 0.00
1904/06/17 09:00:00 0.00 0.00 0.00
1904/06/17 13:00:00 0.00 0.00 0.00
1904/06/17 17:00:00 0.00 0.00 0.00
1904/06/17 21:00:00 0.00 0.00 0.00
1904/06/18 01:00:00 0.00 0.00 0.00
1904/06/18 05:00:00 0.00 0.00 0.00
1904/06/18 09:00:00 0.00 0.00 0.00
1904/06/18 13:00:00 0.00 0.00 0.00
1904/06/18 17:00:00 0.00 0.00 0.00
1904/06/18 21:00:00 0.00 0.00 0.00
1904/06/19 01:00:00 0.00 0.00 0.00
1904/06/19 05:00:00 0.00 0.00 0.00
1904/06/19 09:00:00 0.00 0.00 0.00
1904/06/19 13:00:00 0.00 0.00 0.00
1904/06/19 17:00:00 0.00 0.00 0.00
1904/06/19 21:00:00 0.00 0.00 0.00
1904/06/20 01:00:00 0.00 0.00 0.00
1904/06/20 05:00:00 0.00 0.00 0.00
1904/06/20 09:00:00 0.00 0.00 0.00
1904/06/20 13:00:00 0.00 0.00 0.00
1904/06/20 17:00:00 0.00 0.00 0.00
1904/06/20 21:00:00 0.00 0.00 0.00
1904/06/21 01:00:00 0.00 0.00 0.00
1904/06/21 05:00:00 0.00 0.00 0.00
1904/06/21 09:00:00 0.00 0.00 0.00
1904/06/21 14:00:00 0.00 0.00 0.00
1904/06/21 18:00:00 0.00 0.00 0.00
1904/06/21 22:00:00 0.00 0.00 0.00
1904/06/22 02:00:00 0.00 0.00 0.00
1904/06/22 06:00:00 0.00 0.00 0.00
1904/06/22 10:00:00 0.00 0.00 0.00
1904/06/22 14:00:00 0.00 0.00 0.00
1904/06/22 18:00:00 0.00 0.00 0.00
1904/06/22 22:00:00 0.00 0.00 0.00
1904/06/23 02:00:00 0.00 0.00 0.00
1904/06/23 06:00:00 0.00 0.00 0.00
1904/06/23 10:00:00 0.00 0.00 0.00
1904/06/23 14:00:00 0.00 0.00 0.00
1904/06/23 18:00:00 0.00 0.00 0.00
1904/06/23 22:00:00 0.00 0.00 0.00
1904/06/24 02:00:00 0.00 0.00 0.00
1904/06/24 06:00:00 0.00 0.00 0.00
1904/06/24 10:00:00 0.00 0.00 0.00
1904/06/24 14:00:00 0.00 0.00 0.00
1904/06/24 18:00:00 0.00 0.00 0.00
1904/06/24 22:00:00 0.00 0.00 0.00
1904/06/25 02:00:00 0.00 0.00 0.00
1904/06/25 06:00:00 0.00 0.00 0.00
1904/06/25 10:00:00 0.00 0.00 0.00
1904/06/25 14:00:00 0.00 0.00 0.00
1904/06/25 18:00:00 0.00 0.00 0.00
1904/06/25 22:00:00 0.00 0.00 0.00
1904/06/26 02:00:00 0.00 0.00 0.00
1904/06/26 06:00:00 0.00 0.00 0.00
1904/06/26 10:00:00 0.00 0.00 0.00
1904/06/26 14:00:00 0.00 0.00 0.00
1904/06/26 18:00:00 0.00 0.00 0.00
1904/06/26 22:00:00 0.00 0.00 0.00
1904/06/27 02:00:00 0.00 0.00 0.00
1904/06/27 06:00:00 0.00 0.00 0.00
1904/06/27 10:00:00 0.00 0.00 0.00
1904/06/27 14:00:00 0.00 0.00 0.00
1904/06/27 18:00:00 0.00 0.00 0.00
1904/06/27 22:00:00 0.00 0.00 0.00
1904/06/28 02:00:00 0.00 0.00 0.00
1904/06/28 06:00:00 0.00 0.00 0.00
1904/06/28 10:00:00 0.00 0.00 0.00
1904/06/28 14:00:00 0.00 0.00 0.00
1904/06/28 19:00:00 0.00 0.00 0.00
1904/06/28 22:00:00 0.00 0.00 0.00
1904/06/29 02:00:00 0.00 0.00 0.00
1904/06/29 06:00:00 0.00 0.00 0.00
1904/06/29 10:00:00 0.00 0.00 0.00
1904/06/29 14:00:00 0.00 0.00 0.00
1904/06/29 18:00:00 0.00 0.00 0.00
1904/06/29 22:00:00 0.00 0.00 0.00
1904/06/30 02:00:00 0.00 0.00 0.00
1904/06/30 06:00:00 0.00 0.00 0.00
1904/06/30 10:00:00 0.00 0.00 0.00
1904/06/30 14:00:00 0.00 0.00 0.00
1904/06/30 18:00:00 0.00 0.00 0.00
1904/06/30 22:00:00 0.00 0.00 0.00
1904/07/01 02:00:00 0.00 0.00 0.00
1904/07/01 06:00:00 0.00 0.00 0.00
1904/07/01 10:00:00 0.00 0.00 0.00
1904/07/01 14:00:00 0.00 0.00 0.00
1904/07/01 18:00:00 0.00 0.00 0.00
1904/07/01 22:00:00 0.00 0.00 0.00
1904/07/02 02:00:00 0.00 0.00 0.00
1904/07/02 06:00:00 0.00 0.00 0.00
1904/07/02 10:00:00 0.00 0.00 0.00
1904/07/02 14:00:00 0.00 0.00 0.00
1904/07/02 18:00:00 0.00 0.00 0.00
1904/07/02 22:00:00 0.00 0.00 0.00
1904/07/03 02:00:00 0.00 0.00 0.00
1904/07/03 06:00:00 0.00 0.00 0.00
1904/07/03 10:00:00 0.00 0.00 0.00
1904/07/03 14:00:00 0.00 0.00 0.00
1904/07/03 18:00:00 0.00 0.00 0.00
1904/07/03 22:00:00 0.00 0.00 0.00
1904/07/04 02:00:00 0.00 0.00 0.00
1904/07/04 06:00:00 0.00 0.00 0.00
1904/07/04 10:00:00 0.00 0.00 0.00
1904/07/04 14:00:00 0.00 0.00 0.00
1904/07/04 18:00:00 0.00 0.00 0.00
1904/07/04 22:00:00 0.00 0.00 0.00
1904/07/05 02:00:00 0.00 0.00 0.00
1904/07/05 06:00:00 0.00 0.00 0.00
1904/07/05 10:00:00 0.00 0.00 0.00
1904/07/06 22:00:00 0.00 0.00 0.00
1904/07/07 02:00:00 0.00 0.00 0.00
1904/07/07 06:00:00 0.00 0.00 0.00
1904/07/07 10:00:00 0.00 0.00 0.00
1904/07/07 14:00:00 0.00 0.00 0.00
1904/07/07 18:00:00 0.00 0.00 0.00
1904/07/07 22:00:00 0.00 0.00 0.00
1904/07/08 02:00:00 0.00 0.00 0.00
1904/07/08 06:00:00 0.00 0.00 0.00
1904/07/08 10:00:00 0.00 0.00 0.00
1904/07/08 14:00:00 0.00 0.00 0.00
1904/07/08 18:00:00 0.00 0.00 0.00
1904/07/08 22:00:00 0.00 0.00 0.00
1904/07/09 02:00:00 0.00 0.00 0.00
1904/07/09 06:00:00 0.00 0.00 0.00
1904/07/09 10:00:00 0.00 0.00 0.00
1904/07/09 13:00:00 0.00 0.00 0.00
1904/07/09 17:00:00 0.00 0.00 0.00
1904/07/09 21:00:00 0.00 0.00 0.00
1904/07/10 01:00:00 0.00 0.00 0.00
1904/07/10 05:00:00 0.00 0.00 0.00
1904/07/10 09:00:00 0.00 0.00 0.00
1904/07/10 13:00:00 0.00 0.00 0.00
1904/07/10 17:00:00 0.00 0.00 0.00
1904/07/10 21:00:00 0.00 0.00 0.00
1904/07/11 01:00:00 0.00 0.00 0.00
1904/07/11 05:00:00 0.00 0.00 0.00
1904/07/11 09:00:00 0.00 0.00 0.00
1904/07/11 13:00:00 0.00 0.00 0.00
1904/07/11 17:00:00 0.00 0.00 0.00
1904/07/11 21:00:00 0.00 0.00 0.00
1904/07/12 01:00:00 0.00 0.00 0.00
1904/07/12 05:00:00 0.00 0.00 0.00
1904/07/12 09:00:00 0.00 0.00 0.00
1904/07/12 13:00:00 0.00 0.00 0.00
1904/07/12 17:00:00 0.00 0.00 0.00
1904/07/12 21:00:00 0.00 0.00 0.00
1904/07/13 01:00:00 0.00 0.00 0.00
1904/07/13 05:00:00 0.00 0.00 0.00
1904/07/13 09:00:00 0.00 0.00 0.00
1904/07/13 13:00:00 0.00 0.00 0.00
1904/07/13 17:00:00 0.00 0.00 0.00
1904/07/13 21:00:00 0.00 0.00 0.00
1904/07/14 01:00:00 0.00 0.00 0.00
1904/07/14 05:00:00 0.00 0.00 0.00
1904/07/14 09:00:00 0.00 0.00 0.00
1904/07/14 12:00:00 0.00 0.00 0.00
1904/07/14 16:00:00   NA   NA  NA
1904/07/14 20:00:00   NA   NA  NA
1904/07/15 00:00:00   NA   NA  NA
1904/07/15 04:00:00   NA   NA  NA
1904/07/15 08:00:00   NA   NA  NA
1904/07/15 12:00:00   NA   NA  NA
1904/07/15 16:00:00   NA   NA  NA
