1787/05/15 12:00:00  0.85 0.00   NA 11.3 15.0 11.3 1018.6 1015.3   NA  6.5  49.5   -4.4     NA 12.6 
1787/05/16 12:00:00  1.98 0.00   NA 12.1 16.1 11.8 1012.9 1015.6   NA  6.7  48.5   -6.2     NA 12.9 
1787/05/17 12:00:00  1.29 0.00   NA 11.8 16.1 11.5 1015.9 1015.5   NA  6.9  49.0   -7.4     NA 12.7 
1787/05/18 13:00:00  1.31 0.00   NA 12.1 15.6 11.6 1018.6 1015.5   NA  7.0  49.0   -9.1     NA 12.9 
1787/05/19 13:00:00  1.57 0.00   NA 12.5 15.6 12.0 1013.9 1016.0   NA  7.0  48.2  -10.5     NA 13.5 
1787/05/20 13:00:00  1.20 0.00   NA 13.0 16.1 12.4 1018.3 1016.5   NA  6.9  47.6  -11.4     NA 13.9 
1787/05/21 13:00:00  0.26 0.00   NA 13.0 16.7 12.5 1016.6 1016.5   NA  6.9  47.4  -11.4     NA 13.9 
1787/05/22 13:00:00  0.46 0.00   NA 13.1 17.2 12.6 1023.0 1016.6   NA  6.9  47.0  -11.3     NA 14.0 
1787/05/23 13:00:00  2.06 0.00   NA 13.8 16.7 13.2 1016.3 1017.3   NA  6.7  45.4  -11.2     NA 14.7 
1787/05/24 13:00:00  1.64 0.00   NA 14.3 17.2 13.6 1013.5 1017.6   NA  6.7  44.1  -11.0     NA 15.1 
1787/05/25 13:00:00  2.50 0.00   NA 15.1 17.8 14.4 1024.4 1018.0   NA  6.7  42.2  -11.5     NA 16.1 
1787/05/26 13:00:00  2.56 0.00   NA 15.9 17.8 15.2 1023.7 1018.6   NA  6.4  40.4  -12.6     NA 17.0 
1787/05/27 13:00:00  2.88 0.00   NA 16.9 18.9 16.0 1024.7 1019.1   NA  6.3  38.4  -13.9     NA 18.0 
1787/05/28 13:00:00  3.03 0.00   NA 17.7 18.9 16.8 1021.0 1019.5   NA  6.1  36.1  -14.4     NA 18.6 
1787/05/29 13:00:00  3.71 0.00   NA 18.9 18.3 17.9 1015.9 1019.9   NA  5.0  33.6  -16.0     NA 19.8 
1787/05/30 13:00:00  2.13 0.00   NA 19.4 19.4 18.4 1016.9 1020.0   NA  4.8  32.2  -17.1     NA 20.2 
1787/05/31 13:00:00  2.49 0.00   NA 19.8 20.6 18.8 1015.9 1019.2   NA  5.4  30.5  -16.1     NA 20.4 
1787/06/01 13:00:00  1.53 0.00   NA 19.8 19.4 19.0 1016.9 1018.5   NA  5.6  29.5  -15.3     NA 20.7 
1787/06/02 13:00:00  0.22 0.00   NA 19.9 21.7 19.1 1016.6 1018.6   NA  5.6  29.4  -15.4     NA 20.8 
1787/06/03 13:00:00  1.50 0.00   NA 20.3   NA 19.5     NA 1018.5   NA  4.9  28.5  -16.2     NA 21.2 
1787/06/04 13:00:00  0.00 0.00   NA 20.4 22.2 19.5 1019.3 1018.5   NA  4.9  28.5  -16.2     NA 21.2 
1787/06/05 13:00:00  0.00 0.00   NA 20.4 22.2 19.5 1019.3 1018.5   NA  4.9  28.5  -16.2     NA 21.2 
1787/06/06 13:00:00  0.00 0.00   NA 20.4 23.3 19.6 1022.7 1018.6   NA  5.0  28.5  -16.2     NA 21.3 
1787/06/07 13:00:00  0.00 0.00   NA 20.5 22.2 19.6 1019.0 1018.6   NA  5.0  28.5  -16.2     NA 21.3 
1787/06/08 13:00:00  0.00 0.00   NA 20.5 21.1 19.7 1019.3 1018.6   NA  5.0  28.5  -16.2     NA 21.4 
1787/06/09 13:00:00  0.00 0.00   NA 20.6 21.1 19.7 1015.9 1018.6   NA  5.0  28.5  -16.2     NA 21.4 
1787/06/10 13:00:00  0.36 0.00   NA 20.6 22.2 19.8 1016.6 1018.7   NA  5.0  28.2  -16.2     NA 21.4 
1787/06/11 13:00:00  0.61 0.00   NA 20.7 21.7 20.0 1018.3 1018.2   NA  5.7  27.7  -16.2     NA 21.8 
1787/06/12 13:00:00  0.48 0.00   NA 20.8 22.2 20.0 1019.0 1018.2   NA  5.8  27.4  -16.2     NA 21.8 
1787/06/13 13:00:00  1.75 0.00   NA 21.1 22.2 20.3 1015.9 1018.1   NA  6.3  26.3  -17.2     NA 22.1 
1787/06/14 13:00:00  2.03 0.00   NA 21.4 22.8 20.7 1015.9 1018.0   NA  7.0  25.1  -18.3     NA 22.5 
1787/06/15 13:00:00  2.71 0.00   NA 21.5 23.3 20.8 1016.3 1017.4   NA  7.9  23.2  -19.4     NA 22.8 
1787/06/16 13:00:00  2.96 0.00   NA 21.6 22.8 21.0 1015.9 1016.8   NA  8.3  21.2  -20.5     NA 23.1 
1787/06/17 13:00:00  3.60 0.00   NA 22.3 22.8 21.5 1019.6 1015.9   NA  7.6  18.6  -21.5     NA 23.2 
1787/06/18 13:00:00  3.06 0.00   NA 23.1 23.9 22.3 1015.9 1015.5   NA  6.4  16.2  -22.1     NA 23.9 
1787/06/19 13:00:00  2.32 0.00   NA 24.4 25.0 23.2 1014.6 1014.8   NA  5.4  14.5  -22.7     NA 24.7 
1787/06/20 14:00:00  1.70 0.00   NA 24.9 27.2 23.8 1019.0 1014.9   NA  5.0  13.3  -23.3     NA 25.2 
1787/06/21 14:00:00  2.30 0.00   NA 26.0 26.7 24.8 1020.7 1014.5   NA  4.2  11.5  -23.1     NA 26.1 
1787/06/22 14:00:00  1.53 0.00   NA 26.8 27.8 25.4 1020.7 1014.3   NA  3.7  10.4  -22.6     NA 26.6 
1787/06/23 14:00:00  1.24 0.00   NA 27.3 26.7 25.8 1017.3 1014.2   NA  3.4   9.5  -22.5     NA 26.6 
1787/06/24 13:00:00  0.63 0.00   NA 27.3 26.7 25.8 1016.9 1014.2   NA  3.4   9.0  -22.5     NA 26.6 
1787/06/25 13:00:00  0.94 0.00   NA 27.5 27.2 26.0 1016.9 1014.2   NA  3.3   8.3  -22.3     NA 26.8 
1787/06/26 13:00:00  0.26 0.00   NA 27.5 27.8 26.0 1016.9 1014.2   NA  3.4   8.4  -22.2     NA 26.8 
1787/06/27 13:00:00  0.45 0.00   NA 27.5 27.2 26.0 1017.3 1014.2   NA  3.4   8.1  -22.1     NA 26.8 
1787/06/28 13:00:00  1.22 0.00   NA 27.6 26.7 26.1 1016.6 1014.2   NA  3.7   7.3  -21.6     NA 26.9 
1787/06/29 13:00:00  0.59 0.00   NA 27.6 27.2 26.1 1017.6 1014.2   NA  3.8   7.3  -21.1     NA 26.9 
1787/06/30 13:00:00  0.80 0.00   NA 27.6 27.8 26.1 1017.3 1014.1   NA  4.1   7.2  -20.5     NA 26.6 
1787/07/01 13:00:00  0.97 0.00   NA 27.6 27.2 26.0 1018.3 1014.2   NA  4.6   6.5  -20.2     NA 26.7 
1787/07/02 13:00:00  1.01 0.00   NA 27.6 27.2 26.0 1017.9 1014.2   NA  4.4   6.3  -21.0     NA 26.9 
1787/07/03 13:00:00  0.69 0.00   NA 27.6 27.2 26.0 1017.9 1014.2   NA  4.5   6.3  -21.6     NA 26.9 
1787/07/04 13:00:00  0.97 0.00   NA 27.7 27.2 26.0 1018.6 1014.2   NA  4.4   6.2  -22.3     NA 27.1 
1787/07/05 13:00:00  0.85 0.00   NA 27.6 27.2 26.0 1018.3 1014.3   NA  5.0   5.5  -22.5     NA 27.0 
1787/07/06 13:00:00  1.37 0.00   NA 27.5 27.2 25.8 1016.3 1014.3   NA  5.2   5.4  -21.4     NA 26.9 
1787/07/07 13:00:00  1.14 0.00   NA 27.6 27.2 26.0 1017.3 1014.3   NA  5.1   5.2  -22.3     NA 27.0 
1787/07/08 14:00:00  1.43 0.00   NA 27.5 26.7 25.9 1018.3 1014.3   NA  5.5   4.4  -23.2     NA 27.1 
1787/07/09 14:00:00  1.17 0.00   NA 27.2 26.7 25.7 1018.3 1014.4   NA  5.9   3.6  -23.6     NA 26.8 
1787/07/10 13:00:00  3.24 0.00   NA 26.9 26.1 25.4 1017.9 1014.5   NA  6.0   3.3  -21.2     NA 26.5 
1787/07/11 14:00:00  4.84 0.00   NA 27.2 26.1 25.8 1017.9 1014.4   NA  5.8   3.0  -25.1     NA 27.0 
1787/07/12 14:00:00  1.11 0.00   NA 27.0 25.6 25.5 1017.9 1014.5   NA  6.1   2.2  -25.4     NA 26.6 
1787/07/13 14:00:00  1.59 0.00   NA 26.6 26.1 25.2 1017.9 1014.5   NA  6.1   1.2  -26.1     NA 26.4 
1787/07/14 14:00:00  1.76 0.00   NA 26.3 26.1 25.0 1016.9 1014.7   NA  6.2  -0.2  -26.3     NA 25.8 
1787/07/15 14:00:00  0.24 0.00   NA 26.3 26.1 25.0 1017.6 1014.7   NA  6.3  -0.3  -26.4     NA 25.8 
1787/07/16 14:00:00  1.24 0.00   NA 26.4 26.1 25.1 1018.3 1014.8   NA  6.4  -1.2  -26.4     NA 26.0 
1787/07/17 14:00:00  1.61 0.00   NA 26.3 26.1 25.2 1018.3 1015.0   NA  6.6  -2.5  -26.4     NA 26.3 
1787/07/18 14:00:00  2.18 0.00   NA 26.6 26.7 25.4 1017.9 1015.3   NA  7.1  -4.2  -26.3     NA 26.6 
1787/07/19 14:00:00  2.69 0.00   NA 26.7 27.2 25.5 1018.3 1015.7   NA  7.6  -6.0  -27.2     NA 26.5 
1787/07/20 14:00:00  0.70 0.00   NA 26.7 26.7 25.4 1018.3 1015.7   NA  7.6  -6.6  -27.3     NA 26.5 
1787/07/21 14:00:00  1.89 0.00   NA 26.5 26.7 25.1 1018.6 1016.2   NA  7.9  -8.0  -27.4     NA 26.4 
1787/07/22 14:00:00  1.58 0.00   NA 26.4 26.1 25.0 1019.0 1016.4   NA  8.0  -9.1  -28.1     NA 26.5 
1787/07/23 14:00:00  1.22 0.00   NA 26.1 25.0 24.8 1020.3 1016.7   NA  8.0 -10.0  -28.1     NA 26.0 
1787/07/24 14:00:00  2.92 0.00   NA 25.8 25.6 24.3 1021.7 1017.2   NA  8.0 -11.5  -26.3     NA 25.1 
1787/07/25 14:00:00  2.27 0.00   NA 25.1 24.4 24.0 1022.7 1017.9   NA  7.9 -13.3  -26.4     NA 24.3 
1787/07/26 14:00:00  1.29 0.00   NA 25.0 24.4 23.8 1022.7 1018.3   NA  7.7 -14.1  -27.0     NA 24.3 
1787/07/27 14:00:00  2.97 0.00   NA 24.7 23.9 23.3 1022.7 1019.1   NA  7.3 -16.4  -27.3     NA 23.8 
1787/07/28 14:00:00  2.46 0.00   NA 24.3 23.3 23.0 1023.4 1019.9   NA  6.8 -18.1  -28.2     NA 23.4 
1787/07/29 14:00:00  2.35 0.00   NA 24.3 22.8 22.8 1024.0 1020.3   NA  6.5 -19.4  -29.6     NA 23.1 
1787/07/30 14:00:00  2.32 0.00   NA 23.9 23.3 22.5 1024.7 1020.5   NA  6.3 -20.4  -31.1     NA 23.2 
1787/07/31 14:00:00  2.08 0.00   NA 23.5 23.3 22.3 1024.0 1020.7   NA  6.3 -21.6  -32.4     NA 23.1 
1787/08/01 14:00:00  2.31 0.00   NA 23.1 23.3 22.0 1021.7 1020.7   NA  6.3 -22.4  -34.1     NA 22.5 
1787/08/02 14:00:00  2.98 0.00   NA 22.7 23.9 21.7 1019.3 1020.5   NA  6.4 -23.0  -36.5     NA 22.0 
1787/08/03 14:00:00  1.96 0.00   NA 22.9   NA 21.9     NA 1020.1   NA  6.6 -23.1  -38.1     NA 22.4 
1787/08/04 14:00:00  1.95 0.00   NA 22.9 22.2 21.8 1024.7 1019.8   NA  6.8 -23.2  -39.8     NA 22.5 
1787/08/05 14:00:00  1.99 0.00   NA 22.1 21.7 21.6 1024.7 1019.1   NA  5.0 -22.9  -41.4     NA 21.0 
1787/08/06 15:00:00  1.96 0.00   NA 21.8 23.3 21.0 1019.3 1018.6   NA  2.4 -22.8  -43.1     NA 21.3 
1787/08/07 15:00:00  0.00 0.00   NA 21.8   NA 21.0     NA 1018.5   NA  2.4 -22.8  -43.1     NA 21.3 
1787/08/08 15:00:00  0.00 0.00   NA 21.8   NA 20.9     NA 1018.5   NA  2.4 -22.8  -43.1     NA 21.3 
1787/08/09 15:00:00  0.00 0.00   NA 21.8   NA 20.9     NA 1018.4   NA  2.4 -22.8  -43.1     NA 21.3 
1787/08/10 15:00:00  0.00 0.00   NA 21.8   NA 20.9     NA 1018.3   NA  2.4 -22.8  -43.1     NA 21.3 
1787/08/11 15:00:00  0.00 0.00   NA 21.8   NA 20.9     NA 1018.3   NA  2.4 -22.8  -43.1     NA 21.3 
1787/08/12 15:00:00  0.00 0.00   NA 21.8   NA 20.9     NA 1018.2   NA  2.4 -22.8  -43.1     NA 21.3 
1787/08/13 15:00:00  0.00 0.00   NA 21.7   NA 20.9     NA 1018.2   NA  2.4 -22.8  -43.1     NA 21.3 
1787/08/14 15:00:00  0.00 0.00   NA 21.7   NA 20.9     NA 1018.1   NA  2.4 -22.8  -43.1     NA 21.4 
1787/08/15 15:00:00  0.00 0.00   NA 21.7   NA 20.9     NA 1018.1   NA  2.5 -22.8  -43.1     NA 21.4 
1787/08/16 15:00:00  0.00 0.00   NA 21.7   NA 20.9     NA 1018.0   NA  2.5 -22.8  -43.1     NA 21.4 
1787/08/17 15:00:00  0.00 0.00   NA 21.7   NA 20.9     NA 1018.0   NA  2.5 -22.8  -43.1     NA 21.4 
1787/08/18 15:00:00  0.00 0.00   NA 21.7   NA 20.9     NA 1017.9   NA  2.5 -22.8  -43.1     NA 21.4 
1787/08/19 15:00:00  0.00 0.00   NA 21.7   NA 20.9     NA 1017.9   NA  2.5 -22.8  -43.1     NA 21.4 
1787/08/20 15:00:00  0.00 0.00   NA 21.7   NA 20.9     NA 1017.8   NA  2.5 -22.8  -43.1     NA 21.4 
1787/08/21 15:00:00  0.00 0.00   NA 21.7   NA 20.9     NA 1017.8   NA  2.5 -22.8  -43.1     NA 21.4 
1787/08/22 15:00:00  0.00 0.00   NA 21.7   NA 20.9     NA 1017.8   NA  2.5 -22.8  -43.1     NA 21.4 
1787/08/23 15:00:00  0.00 0.00   NA 21.7   NA 20.9     NA 1017.7   NA  2.5 -22.8  -43.1     NA 21.5 
1787/08/24 15:00:00  0.00 0.00   NA 21.6   NA 20.9     NA 1017.7   NA  2.5 -22.8  -43.1     NA 21.5 
1787/08/25 15:00:00  0.00 0.00   NA 21.6   NA 20.9     NA 1017.7   NA  2.5 -22.8  -43.1     NA 21.5 
1787/08/26 15:00:00  0.00 0.00   NA 21.6   NA 20.9     NA 1017.6   NA  2.5 -22.8  -43.1     NA 21.5 
1787/08/27 15:00:00  0.00 0.00   NA 21.6   NA 20.9     NA 1017.6   NA  2.5 -22.8  -43.1     NA 21.5 
1787/08/28 15:00:00  0.00 0.00   NA 21.6   NA 20.9     NA 1017.6   NA  2.5 -22.8  -43.1     NA 21.5 
1787/08/29 15:00:00  0.00 0.00   NA 21.6   NA 20.9     NA 1017.5   NA  2.5 -22.8  -43.1     NA 21.6 
1787/08/30 15:00:00  0.00 0.00   NA 21.6   NA 20.9     NA 1017.5   NA  2.5 -22.8  -43.1     NA 21.6 
1787/08/31 15:00:00  0.00 0.00   NA 21.6   NA 20.9     NA 1017.5   NA  2.6 -22.8  -43.1     NA 21.6 
1787/09/01 15:00:00  0.00 0.00   NA 21.6   NA 20.9     NA 1017.4   NA  2.6 -22.8  -43.1     NA 21.6 
1787/09/02 15:00:00  0.00 0.00   NA 21.6   NA 20.9     NA 1017.4   NA  2.6 -22.8  -43.1     NA 21.6 
1787/09/03 15:00:00  0.00 0.00   NA 21.5   NA 20.9     NA 1017.4   NA  2.6 -22.8  -43.1     NA 21.6 
1787/09/04 15:00:00  0.00 0.00   NA 21.5   NA 20.9     NA 1017.4   NA  2.6 -22.8  -43.1     NA 21.7 
1787/09/05 15:00:00  0.74 0.00   NA 21.8 22.8 21.2 1019.0 1017.9   NA  6.1 -23.2  -42.7     NA 21.8 
1787/09/06 15:00:00  1.58 0.00   NA 22.0 22.8 21.2 1018.3 1018.1   NA  7.1 -24.3  -42.2     NA 22.3 
1787/09/07 15:00:00  2.63 0.00   NA 22.0 23.3 21.0 1019.0 1018.7   NA  7.5 -25.5  -40.3     NA 22.5 
1787/09/08 15:00:00  1.28 0.00   NA 21.9 21.1 20.9 1023.0 1018.9   NA  7.5 -25.6  -39.2     NA 22.5 
1787/09/09 15:00:00  2.05 0.00   NA 21.2 20.0 20.2 1024.7 1019.5   NA  7.5 -26.1  -37.6     NA 21.4 
1787/09/10 14:00:00  1.42 0.00   NA 21.5 20.0 20.5 1023.4 1019.6   NA  7.3 -25.6  -36.6     NA 21.4 
1787/09/11 14:00:00  1.96 0.00   NA 20.4 21.7 19.5 1021.3 1019.8   NA  7.5 -27.1  -36.6     NA 21.0 
1787/09/12 14:00:00  2.10 0.00   NA 19.6 21.7 18.7 1020.7 1020.0   NA  7.5 -28.4  -35.5     NA 20.1 
1787/09/13 14:00:00  2.63 0.00   NA 18.9 21.1 18.0 1020.7 1020.4   NA  7.5 -29.3  -33.4     NA 19.3 
1787/09/14 14:00:00  1.92 0.00   NA 18.3 21.1 17.2 1020.3 1020.5   NA  7.7 -30.3  -32.1     NA 18.0 
1787/09/15 14:00:00  0.63 0.00   NA 18.3 20.0 17.0 1023.0 1020.6   NA  7.7 -30.4  -31.5     NA 17.8 
1787/09/16 14:00:00  0.50 0.00   NA 18.4 21.1 17.1 1024.4 1020.6   NA  7.7 -30.5  -31.1     NA 17.9 
1787/09/17 14:00:00  2.48 0.00   NA 17.5 20.0 16.0 1021.7 1020.7   NA  7.8 -31.4  -29.1     NA 16.7 
1787/09/18 14:00:00  3.04 0.00   NA 16.5 18.9 14.7 1020.7 1020.5   NA  7.9 -32.0  -26.4     NA 15.9 
1787/09/19 14:00:00  2.01 0.00   NA 16.4 15.6 14.9 1020.3 1020.5   NA  7.8 -32.1  -24.6     NA 15.8 
1787/09/20 14:00:00  1.78 0.00   NA 17.1 15.6 15.7 1023.4 1020.6   NA  7.6 -31.6  -23.1     NA 16.7 
1787/09/21 14:00:00  0.67 0.00   NA 16.5 15.0 15.0 1027.8 1020.4   NA  7.8 -32.1  -23.1     NA 15.7 
1787/09/22 13:00:00  1.76 0.00   NA 16.0 15.6 14.5 1025.4 1020.2   NA  8.0 -33.0  -22.1     NA 14.9 
1787/09/23 13:00:00  2.05 0.00   NA 16.0 17.2 14.8 1014.6 1020.2   NA  8.1 -33.4  -20.2     NA 15.1 
1787/09/24 13:00:00  3.24 0.00   NA 15.2 13.9 14.5 1013.9 1020.0   NA  8.3 -34.1  -17.3     NA 14.7 
1787/09/25 13:00:00  3.22 0.00   NA 15.2 12.2 14.4 1013.5 1020.1   NA  8.2 -34.3  -14.3     NA 15.4 
1787/09/26 13:00:00  3.21 0.00   NA 15.6 13.9 14.4 1022.7 1020.4   NA  8.2 -34.2  -11.2     NA 15.5 
1787/09/27 13:00:00  3.25 0.00   NA 15.3 15.6 14.2 1024.7 1020.7   NA  8.0 -34.2   -8.2     NA 14.9 
1787/09/28 12:00:00  4.06 0.00   NA 15.1 16.7 13.8 1014.6 1021.1   NA  7.9 -34.2   -4.5     NA 14.2 
1787/09/29 12:00:00  2.24 0.00   NA 15.1 15.0 13.8 1016.3 1021.3   NA  7.7 -34.2   -2.4     NA 14.6 
1787/09/30 12:00:00  0.95 0.00   NA 15.1 13.3 13.7 1017.3 1021.3   NA  7.6 -34.0   -1.6     NA 14.8 
1787/10/01 12:00:00  1.96 0.00   NA 15.1 15.6 13.5 1014.9 1021.4   NA  7.4 -34.4    0.2     NA 14.7 
1787/10/02 12:00:00  1.53 0.00   NA 14.6 15.6 13.1 1021.7 1020.9   NA  7.6 -35.1    1.4     NA 14.2 
1787/10/03 12:00:00  0.75 0.00   NA 14.7 16.7 13.2 1023.4 1020.8   NA  7.4 -35.2    2.1     NA 14.0 
1787/10/04 12:00:00  1.39 0.00   NA 14.8 17.8 13.2 1020.7 1020.8   NA  7.3 -35.4    3.4     NA 14.0 
1787/10/05 12:00:00  1.06 0.00   NA 14.9 17.2 13.2 1023.4 1020.7   NA  7.2 -35.3    4.4     NA 14.0 
1787/10/06 12:00:00  1.24 0.00   NA 14.1 17.8 12.5 1022.7 1019.9   NA  7.4 -36.2    5.1     NA 14.2 
1787/10/07 12:00:00  0.54 0.00   NA 14.1 16.7 12.5 1013.5 1020.0   NA  7.3 -36.5    5.4     NA 14.2 
1787/10/08 12:00:00  2.09 0.00   NA 14.3 15.6 13.0 1014.9 1019.6   NA  7.1 -36.6    7.4     NA 14.3 
1787/10/09 11:00:00  2.30 0.00   NA 14.5 15.6 13.2 1015.6 1019.3   NA  7.0 -36.1    9.4     NA 14.2 
1787/10/10 11:00:00  3.25 0.00   NA 15.6 15.6 14.5 1031.5 1019.0   NA  7.1 -35.3   12.4     NA 14.9 
1787/10/11 11:00:00  2.19 0.00   NA 16.0 15.6 15.1 1029.8 1018.5   NA  7.4 -35.0   14.4     NA 15.2 
1787/10/12 11:00:00  2.08 0.00   NA 16.4 16.7 15.4 1023.7 1018.1   NA  7.6 -34.2   16.1     NA 16.5 
1787/10/13 11:00:00  1.25 0.00   NA 16.4 17.2 15.4 1017.6 1017.8   NA  7.3 -34.0   17.3     NA 16.8 
1787/10/14 11:00:00  1.26 0.00   NA 16.3 16.1 15.4 1017.9 1017.5   NA  6.0 -34.2   18.4     NA 16.9 
1787/10/15 11:00:00  0.00 0.00   NA 16.4 16.1 15.5 1017.9 1017.4   NA  6.0 -34.2   18.4     NA 16.9 
1787/10/16 11:00:00  0.00 0.00   NA 16.4 16.7 15.5 1021.3 1017.4   NA  6.0 -34.2   18.4     NA 16.9 
1787/10/17 11:00:00  0.00 0.00   NA 16.4 16.7 15.5 1021.3 1017.4   NA  6.0 -34.2   18.4     NA 17.0 
1787/10/18 11:00:00  0.00 0.00   NA 16.5 20.6 15.6 1017.9 1017.3   NA  6.0 -34.2   18.4     NA 17.0 
1787/10/19 11:00:00  0.00 0.00   NA 16.5 19.4 15.6 1016.3 1017.3   NA  6.0 -34.2   18.4     NA 17.0 
1787/10/20 11:00:00  0.00 0.00   NA 16.5 17.2 15.6 1015.9 1017.3   NA  6.0 -34.2   18.4     NA 17.1 
1787/10/21 11:00:00  0.00 0.00   NA 16.6 16.7 15.7 1015.9 1017.2   NA  6.0 -34.2   18.4     NA 17.1 
1787/10/22 11:00:00  0.00 0.00   NA 16.6 17.2 15.7 1019.3 1017.2   NA  6.0 -34.2   18.4     NA 17.1 
1787/10/23 11:00:00  0.00 0.00   NA 16.6 17.2 15.8 1022.7 1017.2   NA  6.0 -34.2   18.4     NA 17.2 
1787/10/24 11:00:00  0.00 0.00   NA 16.7 17.2 15.8 1021.3 1017.2   NA  6.0 -34.2   18.4     NA 17.2 
1787/10/25 11:00:00  0.00 0.00   NA 16.7 17.2 15.9 1015.9 1017.1   NA  6.0 -34.2   18.4     NA 17.2 
1787/10/26 11:00:00  0.00 0.00   NA 16.7 17.2 15.9 1021.3 1017.1   NA  6.0 -34.2   18.4     NA 17.2 
1787/10/27 11:00:00  0.00 0.00   NA 16.8 16.7 16.0 1023.4 1017.1   NA  6.0 -34.2   18.4     NA 17.3 
1787/10/28 11:00:00  0.00 0.00   NA 16.8 19.4 16.0 1019.3 1017.0   NA  6.0 -34.2   18.4     NA 17.3 
1787/10/29 11:00:00  0.00 0.00   NA 16.8 18.9 16.1 1016.6 1017.0   NA  6.0 -34.2   18.4     NA 17.3 
1787/10/30 11:00:00  0.00 0.00   NA 16.9 20.0 16.1 1012.2 1017.0   NA  6.0 -34.2   18.4     NA 17.4 
1787/10/31 11:00:00  0.00 0.00   NA 16.9 19.4 16.2 1015.9 1016.9   NA  6.0 -34.2   18.4     NA 17.4 
1787/11/01 11:00:00  0.00 0.00   NA 16.9 18.3 16.2 1019.3 1016.9   NA  6.0 -34.2   18.4     NA 17.4 
1787/11/02 11:00:00  0.00 0.00   NA 17.0 18.3 16.3 1017.9 1016.9   NA  6.0 -34.2   18.4     NA 17.4 
1787/11/03 11:00:00  0.00 0.00   NA 17.0 17.8 16.3 1020.3 1016.9   NA  6.0 -34.2   18.4     NA 17.5 
1787/11/04 11:00:00  0.00 0.00   NA 17.0 18.3 16.4 1017.9 1016.8   NA  6.0 -34.2   18.4     NA 17.5 
1787/11/05 11:00:00  0.00 0.00   NA 17.1 18.9 16.4 1016.9 1016.8   NA  6.0 -34.2   18.4     NA 17.5 
1787/11/06 11:00:00  0.00 0.00   NA 17.1 18.3 16.5 1017.9 1016.8   NA  6.0 -34.2   18.4     NA 17.5 
1787/11/07 11:00:00  0.00 0.00   NA 17.1 17.8 16.5 1012.5 1016.7   NA  6.0 -34.2   18.4     NA 17.6 
1787/11/08 11:00:00  0.00 0.00   NA 17.2 17.8 16.6 1013.5 1016.7   NA  6.0 -34.2   18.4     NA 17.6 
1787/11/09 11:00:00  0.00 0.00   NA 17.2 17.8 16.6 1012.5 1016.7   NA  6.0 -34.2   18.4     NA 17.6 
1787/11/10 11:00:00  0.00 0.00   NA 17.2 17.8 16.7 1015.9 1016.6   NA  6.0 -34.2   18.4     NA 17.7 
1787/11/11 11:00:00  0.00 0.00   NA 17.3 18.3 16.7 1019.3 1016.6   NA  6.0 -34.2   18.4     NA 17.7 
1787/11/12 11:00:00  0.00 0.00   NA 17.3 18.3 16.8 1017.9 1016.5   NA  6.0 -34.2   18.4     NA 17.7 
1787/11/13 11:00:00  1.49 0.00   NA 17.5 17.2 16.6 1029.5 1016.8   NA  7.2 -34.1   17.0     NA 17.6 
1787/11/14 11:00:00  2.10 0.00   NA 17.6 17.2 15.8 1027.1 1017.4   NA  7.3 -35.1   15.5     NA 17.2 
1787/11/15 11:00:00  0.94 0.00   NA 17.4 16.7 15.6 1033.9 1017.6   NA  7.2 -35.2   14.6     NA 16.8 
1787/11/16 11:00:00  0.29 0.00   NA 17.4 17.8 15.6 1024.4 1017.6   NA  7.2 -35.4   14.4     NA 16.9 
1787/11/17 11:00:00  1.56 0.00   NA 16.9 16.1 14.9 1020.7 1017.7   NA  7.0 -36.4   13.5     NA 15.9 
1787/11/18 11:00:00  1.04 0.00   NA 16.4 16.1 14.1 1027.1 1017.4   NA  7.2 -37.1   13.1     NA 15.2 
1787/11/19 11:00:00  0.36 0.00   NA 16.4 18.3 14.1 1019.3 1017.4   NA  7.2 -37.4   13.0     NA 15.3 
1787/11/20 11:00:00  0.56 0.00   NA 16.3 17.8 14.2 1015.6 1017.6   NA  7.2 -37.4   12.5     NA 15.4 
1787/11/21 11:00:00  3.09 0.00   NA 16.9 18.3 14.0 1011.9 1016.5   NA  7.6 -38.4   15.2     NA 15.3 
1787/11/22 11:00:00  3.32 0.00   NA 18.0 18.3 14.2 1012.9 1015.6   NA  8.0 -39.0   18.4     NA 16.3 
1787/11/23 11:00:00  3.02 0.00   NA 18.6 18.3 15.3 1014.2 1015.1   NA  7.9 -39.1   21.5     NA 17.2 
1787/11/24 10:00:00  2.71 0.00   NA 17.2 17.2 14.7 1018.3 1014.7   NA  7.7 -39.1   24.1     NA 15.9 
1787/11/25 10:00:00  1.65 0.00   NA 17.8 16.1 15.8 1016.3 1014.6   NA  7.5 -38.5   25.5     NA 16.7 
1787/11/26 10:00:00  3.00 0.00   NA 17.8 16.7 15.8 1022.7 1014.4   NA  7.6 -38.1   28.5     NA 17.1 
1787/11/27 10:00:00  0.87 0.00   NA 18.1 16.7 16.1 1022.7 1014.2   NA  7.6 -38.3   29.3     NA 17.8 
1787/11/28 10:00:00  2.15 0.00   NA 17.2 16.7 15.4 1018.6 1013.8   NA  7.9 -39.1   31.1     NA 16.6 
1787/11/29 10:00:00  2.16 0.00   NA 17.1 17.8 15.1 1013.2 1013.5   NA  8.0 -39.6   33.2     NA 16.2 
1787/11/30 10:00:00  1.30 0.00   NA 15.7 18.9 14.4 1019.0 1012.8   NA  8.2 -40.0   32.1     NA 15.3 
1787/12/01 10:00:00  3.39 0.00   NA 15.1 15.6 14.1 1021.3 1012.4   NA  8.2 -40.1   35.5     NA 14.7 
1787/12/02 10:00:00  1.62 0.00   NA 15.0 16.1 13.3 1024.0 1012.2   NA  8.2 -40.0   37.1     NA 15.1 
1787/12/03 09:00:00  4.03 0.00   NA 14.9 16.7 13.3 1011.5 1012.2   NA  8.3 -40.2   41.1     NA 14.6 
1787/12/04 09:00:00  3.42 0.00   NA 14.4 15.6 13.4 1011.9 1012.4   NA  8.4 -40.4   44.5     NA 14.5 
1787/12/05 09:00:00  1.96 0.00   NA 14.3 14.4 13.2 1011.9 1012.5   NA  8.4 -40.1   46.5     NA 13.9 
1787/12/06 09:00:00  1.99 0.00   NA 14.0 15.6 12.9 1003.0 1012.7   NA  8.4 -40.5   48.5     NA 13.0 
1787/12/07 09:00:00  2.80 0.00   NA 14.1 16.1 13.0 1008.1 1012.8   NA  8.5 -40.3   51.3     NA 13.6 
1787/12/08 08:00:00  2.23 0.00   NA 14.5 14.4 13.1 1016.6 1012.9   NA  8.6 -40.2   53.5     NA 14.0 
1787/12/09 08:00:00  2.89 0.00   NA 15.0 16.1 13.5 1007.8 1013.0   NA  8.8 -40.3   56.5     NA 13.9 
1787/12/10 08:00:00  3.15 0.00   NA 14.5 15.0 12.6 1009.5 1011.9   NA  9.3 -41.1   59.5     NA 13.3 
1787/12/11 08:00:00  2.75 0.00   NA 14.9 15.0 14.4 1015.2 1013.1   NA  9.0 -40.6   62.2     NA 14.8 
1787/12/12 08:00:00  3.09 0.00   NA 14.5 17.8 13.8 1015.6 1013.2   NA  8.9 -40.6   65.4     NA 15.0 
1787/12/13 07:00:00  4.20 0.00   NA 13.8 16.7 13.6 1011.2 1013.4   NA  8.8 -40.6   69.5     NA 14.7 
1787/12/14 07:00:00  3.53 0.00   NA 13.5 16.7 12.6 1026.4 1012.5   NA  9.1 -41.0   73.1     NA 13.7 
1787/12/15 07:00:00  2.11 0.00   NA 13.8 16.1 13.3 1015.9 1014.1   NA  8.6 -40.6   75.1     NA 14.9 
1787/12/16 07:00:00  3.34 0.00   NA 13.3 16.1 12.6 1021.3 1013.4   NA  9.0 -41.1   78.5     NA 14.0 
1787/12/17 07:00:00  2.67 0.00   NA 13.1 16.1 12.4 1018.6 1013.9   NA  9.0 -41.1   81.2     NA 13.2 
1787/12/18 06:00:00  2.21 0.00   NA 13.0 12.8 12.3 1018.6 1014.2   NA  9.0 -41.1   83.4     NA 13.1 
1787/12/19 06:00:00  2.66 0.00   NA 13.1 12.8 12.4 1018.6 1014.5   NA  9.1 -41.1   86.2     NA 13.8 
1787/12/20 06:00:00  1.94 0.00   NA 12.9 12.8 12.0 1014.6 1014.5   NA  9.1 -41.0   88.2     NA 13.6 
1787/12/21 06:00:00  2.02 0.00   NA 12.8 13.3 11.9 1009.1 1014.4   NA  9.1 -41.1   90.2     NA 13.4 
1787/12/22 06:00:00  3.00 0.00   NA 12.9 15.0 11.6 1009.8 1014.0   NA  9.2 -41.2   93.3     NA 13.6 
1787/12/23 06:00:00  2.98 0.00   NA 13.4 17.2 12.1 1018.3 1013.6   NA  9.3 -41.3   96.4     NA 13.4 
1787/12/24 05:00:00  2.13 0.00   NA 13.2 15.0 12.7 1017.6 1013.3   NA  9.3 -41.4   98.5     NA 13.5 
1787/12/25 05:00:00  3.78 0.00   NA 12.4 16.7 11.6 1011.9 1011.5   NA  9.7 -42.1  102.4     NA 12.7 
1787/12/26 05:00:00  2.71 0.00   NA 12.0 13.9 11.2 1016.6 1011.1   NA  9.6 -42.2  105.2     NA 12.0 
1787/12/27 05:00:00  2.98 0.00   NA 12.3 15.0 11.5 1017.3 1010.8   NA  9.5 -42.4  108.3     NA 12.0 
1787/12/28 05:00:00  3.03 0.00   NA 12.6 14.4 11.6 1019.6 1010.6   NA  9.3 -42.6  111.5     NA 12.6 
1787/12/29 04:00:00  3.66 0.00   NA 12.2 15.6 11.3 1006.8 1009.6   NA  9.6 -43.4  115.1     NA 12.7 
1787/12/30 04:00:00  2.78 0.00   NA 11.9 12.8 11.4 1001.0 1009.9   NA  9.4 -43.5  118.0     NA 12.7 
1787/12/31 04:00:00  3.69 0.00   NA 12.1 13.3 11.6 1004.1 1010.3   NA  9.2 -43.6  122.0     NA 12.4 
1788/01/01 04:00:00  2.97 0.00   NA 11.8 13.9 10.9  994.2 1009.7   NA  9.5 -44.1  125.1     NA 11.5 
1788/01/02 03:00:00  3.32 0.00   NA 12.2 13.9 12.0  992.2 1010.8   NA  8.9 -43.3  128.4     NA 12.6 
1788/01/03 03:00:00  3.85 0.00   NA 12.4 13.3 11.7 1005.4 1011.1   NA  8.6 -43.4  132.5     NA 12.9 
1788/01/04 03:00:00  2.63 0.00   NA 12.7 15.0 11.9 1015.6 1011.2   NA  8.3 -43.6  135.3     NA 13.1 
1788/01/05 03:00:00  3.52 0.00   NA 12.7 12.8 11.4 1011.9 1010.8   NA  8.4 -44.0  139.0     NA 13.2 
1788/01/06 03:00:00  3.14 0.00   NA 12.9 13.3 12.4 1014.2 1010.7   NA  8.1 -44.0  142.4     NA 13.1 
1788/01/07 02:00:00  2.96 0.00   NA 13.4 11.1 13.0 1014.6 1010.6   NA  7.7 -44.1  145.5     NA 13.4 
1788/01/08 02:00:00  1.90 0.00   NA 14.7 17.8 13.7 1013.2 1010.9   NA  5.6 -43.5  147.4     NA 16.2 
1788/01/09 02:00:00  1.51 0.00   NA 15.2 18.9 14.2 1002.4 1010.8   NA  8.0 -43.6  149.0     NA 15.8 
1788/01/10 02:00:00  0.35 0.00   NA 15.2 16.1 14.3  999.7 1010.8   NA  8.0 -43.4  149.3     NA 15.8 
1788/01/11 02:00:00  1.70 0.00   NA 16.2 17.8 15.7 1004.1 1011.4   NA  7.7 -42.3  150.3     NA 16.4 
1788/01/12 02:00:00  1.43 0.00   NA 16.8 16.7 16.4 1010.8 1011.9   NA  7.7 -41.2  150.5     NA 17.2 
1788/01/13 02:00:00  1.67 0.00   NA 17.5 18.9 17.0 1005.8 1012.5   NA  7.6 -40.0  151.2     NA 17.5 
1788/01/14 02:00:00  2.75 0.00   NA 19.6 18.3 18.5 1014.6 1013.0   NA  7.6 -38.1  152.5     NA 19.4 
1788/01/15 02:00:00  1.37 0.00   NA 20.4 23.3 19.0 1025.7 1012.9   NA  7.1 -37.4  151.5     NA 19.8 
1788/01/16 02:00:00  0.18 0.00   NA 20.4 23.9 19.0 1002.4 1013.0   NA  7.1 -37.4  151.3     NA 19.8 
1788/01/17 02:00:00  0.31 0.00   NA 20.5 22.2 19.0 1010.5 1013.0   NA  7.1 -37.2  151.5     NA 19.9 
1788/01/18 02:00:00  2.20 0.00   NA 22.1 22.2 20.4 1015.6 1013.0   NA  6.3 -35.5  151.4     NA 21.5 
1788/01/19 02:00:00  1.82 0.00   NA 22.7 21.1 21.2 1027.1 1012.8   NA  4.2 -34.3  150.4     NA 21.7 
1788/01/20 02:00:00  1.05 0.00   NA 22.9 23.3 21.8 1022.7 1012.7   NA  5.0 -33.9  151.2     NA 22.0 
1788/01/21 02:00:00  0.00 0.00   NA 22.9 23.9 21.8 1023.0 1012.7   NA  5.0 -33.9  151.2     NA 22.0 
1788/01/22 02:00:00  0.00 0.00   NA 22.9 23.3 21.9 1023.0 1012.8   NA  5.0 -33.9  151.2     NA 22.0 
1788/01/23 02:00:00  0.00 0.00   NA 22.9 23.3 21.9 1021.7 1012.8   NA  5.0 -33.9  151.2     NA 22.0 
1788/01/24 02:00:00  0.00 0.00   NA 22.9 23.9 21.9 1014.9 1012.9   NA  5.0 -33.9  151.2     NA 22.0 
1788/01/25 02:00:00  0.00 0.00   NA 22.9 21.1 21.9 1015.2 1012.9   NA  5.0 -33.9  151.2     NA 22.0 
1788/01/26 02:00:00  0.00 0.00   NA 23.0 21.1 21.9 1015.2 1013.0   NA  5.0 -33.9  151.2     NA 22.0 
1788/01/27 02:00:00  0.00 0.00   NA 23.0 23.3 21.9 1015.9 1013.1   NA  5.0 -33.9  151.2     NA 22.0 
1788/01/28 02:00:00  0.00 0.00   NA 23.0 23.3 22.0 1012.5 1013.1   NA  5.0 -33.9  151.2     NA 22.0 
1788/01/29 02:00:00  0.00 0.00   NA 23.0 21.1 22.0 1014.9 1013.2   NA  5.0 -33.9  151.2     NA 22.0 
1788/01/30 02:00:00  0.00 0.00   NA 23.0 22.2 22.0 1011.2 1013.2   NA  5.0 -33.9  151.2     NA 22.0 
1788/01/31 02:00:00  0.00 0.00   NA 23.0 26.7 22.0 1003.0 1013.3   NA  5.0 -33.9  151.2     NA 22.0 
1788/02/01 02:00:00  0.00 0.00   NA 23.1 22.2 22.0 1015.2 1013.3   NA  5.0 -33.9  151.2     NA 22.0 
1788/02/02 02:00:00  0.00 0.00   NA 23.1 22.8 22.0 1012.5 1013.4   NA  5.0 -33.9  151.2     NA 22.0 
1788/02/03 02:00:00  0.00 0.00   NA 23.1 22.8 22.1 1012.5 1013.5   NA  5.0 -33.9  151.2     NA 22.0 
1788/02/04 02:00:00  0.00 0.00   NA 23.1 23.3 22.1 1014.2 1013.5   NA  5.0 -33.9  151.2     NA 22.0 
1788/02/05 02:00:00  0.00 0.00   NA 23.1 23.3 22.1  995.6 1013.6   NA  5.0 -33.9  151.2     NA 22.0 
1788/02/06 02:00:00  0.00 0.00   NA 23.1 23.3 22.1  998.3 1013.6   NA  5.0 -33.9  151.2     NA 22.0 
1788/02/07 02:00:00  0.00 0.00   NA 23.2 23.3 22.1 1002.4 1013.7   NA  5.0 -33.9  151.2     NA 22.0 
1788/02/08 02:00:00  0.00 0.00   NA 23.2 24.4 22.1 1012.5 1013.8   NA  5.0 -33.9  151.2     NA 22.0 
1788/02/09 02:00:00  0.00 0.00   NA 23.2 24.4 22.1 1014.6 1013.8   NA  5.0 -33.9  151.2     NA 22.0 
1788/02/10 02:00:00  0.00 0.00   NA 23.2 24.4 22.1  999.0 1013.9   NA  5.0 -33.9  151.2     NA 22.0 
1788/02/11 02:00:00  0.00 0.00   NA 23.2 22.8 22.2 1000.0 1013.9   NA  5.0 -33.9  151.2     NA 21.9 
1788/02/12 02:00:00  0.00 0.00   NA 23.2 23.9 22.2  997.6 1014.0   NA  5.0 -33.9  151.2     NA 21.9 
1788/02/13 02:00:00  0.00 0.00   NA 23.2 23.9 22.2 1005.1 1014.1   NA  5.0 -33.9  151.2     NA 21.9 
1788/02/14 02:00:00  0.00 0.00   NA 23.3 19.4 22.2 1009.1 1014.1   NA  5.0 -33.9  151.2     NA 21.9 
1788/02/15 02:00:00  0.00 0.00   NA 23.3 19.4 22.2 1022.7 1014.2   NA  5.0 -33.9  151.2     NA 21.9 
1788/02/16 02:00:00  0.00 0.00   NA 23.3 18.3 22.2 1025.1 1014.2   NA  5.0 -33.9  151.2     NA 21.9 
1788/02/17 02:00:00  0.00 0.00   NA 23.3 22.8 22.2 1013.9 1014.3   NA  5.0 -33.9  151.2     NA 21.9 
1788/02/18 02:00:00  0.00 0.00   NA 23.3 25.0 22.2 1013.5 1014.4   NA  5.0 -33.9  151.2     NA 21.9 
