1800/10/20 11:00:00  1.34 0.00   NA 15.1 14.4 13.6 1036.0 1016.1   NA  6.2  50.2   -1.3     NA 14.0 
1800/10/21 11:00:00  0.98 0.00   NA 14.9 11.2 13.5 1032.8 1016.3   NA  7.4  50.0   -2.4     NA 14.0 
1800/10/22 11:00:00  1.19 0.00   NA 14.5 12.5 13.3 1032.8 1016.1   NA  7.8  49.6   -3.7     NA 13.7 
1800/10/23 11:00:00  2.54 0.00   NA 14.4 16.2 13.6 1032.8 1016.2   NA  8.1  48.1   -5.8     NA 14.0 
1800/10/24 11:00:00  1.11 0.00   NA 15.0 15.0 14.2 1029.6 1016.4   NA  8.1  47.5   -6.6     NA 14.5 
1800/10/25 11:00:00  2.29 0.00   NA 15.7 17.5 14.7 1023.2 1016.5   NA  8.3  47.0   -9.1     NA 15.0 
1800/10/26 11:00:00  4.71 0.00   NA 16.6 13.7 15.7 1023.2 1017.5   NA  7.6  43.4  -10.2     NA 16.5 
1800/10/27 11:00:00  1.75 0.00   NA 17.1 15.5 16.1 1029.6 1017.7   NA  7.6  42.7  -11.8     NA 16.6 
1800/10/28 11:00:00  3.72 0.00   NA 18.7 16.5 17.4 1029.6 1018.4   NA  6.9  39.8  -11.4     NA 18.0 
1800/10/29 11:00:00  4.57 0.00   NA 20.1 20.0 18.7 1036.0 1018.4   NA  6.5  36.3  -11.8     NA 19.3 
1800/10/30 11:00:00  3.76 0.00   NA 21.1 19.4 19.8 1016.8 1018.2   NA  6.1  33.3  -11.9     NA 20.7 
1800/10/31 11:00:00  3.18 0.00   NA 21.4 22.5 20.2 1023.2 1018.0   NA  6.2  31.0  -12.9     NA 21.2 
1800/11/01 10:00:00  4.09 0.00   NA 22.1 23.1 21.1 1026.4 1017.6   NA  5.2  28.8  -15.5     NA 22.3 
1800/11/02 10:00:00  0.94 0.00   NA 22.3   NA 21.2     NA 1017.8   NA  4.8  28.5  -16.3     NA 22.2 
1800/11/13 10:00:00    NA   NA   NA   NA   NA   NA     NA     NA   NA   NA    NA     NA     NA   NA 
1800/11/14 10:00:00    NA 0.00   NA 22.3 22.2 21.1 1026.4 1017.5   NA  5.9  26.0  -17.8     NA 22.4 
1800/11/15 10:00:00  3.92 0.00   NA 22.8 22.5 21.7 1021.6 1016.6   NA  6.5  23.3  -19.2     NA 23.2 
1800/11/16 10:00:00  4.35 0.00   NA 23.5 24.0 22.3 1020.0 1015.5   NA  6.8  20.0  -20.2     NA 24.0 
1800/11/17 10:00:00  4.23 0.00   NA 25.7 25.0 24.5 1016.8 1013.9   NA  7.0  16.8  -19.8     NA 25.5 
1800/11/18 10:00:00  3.13 0.00   NA 26.8 26.2 25.6 1016.8 1013.2   NA  6.4  14.3  -19.6     NA 26.4 
1800/11/19 10:00:00  1.43 0.00   NA 27.3 27.5 26.0 1013.6 1013.0   NA  5.8  13.2  -19.6     NA 26.9 
1800/11/20 10:00:00  4.11 0.00   NA 28.4 27.9 27.1 1013.6 1012.2   NA  3.4  10.2  -18.4     NA 28.2 
1800/11/21 10:00:00  2.01 0.00   NA 28.6 29.0 27.3 1013.6 1011.9   NA  2.4   9.0  -17.5     NA 28.5 
1800/11/22 10:00:00  1.12 0.00   NA 28.6 28.7 27.3 1013.6 1011.9   NA  2.4   8.1  -17.3     NA 28.5 
1800/11/23 10:00:00  0.90 0.00   NA 28.6 31.0 27.3 1016.8 1011.8   NA  2.2   7.7  -16.7     NA 28.5 
1800/11/24 10:00:00  0.04 0.00   NA 28.6 30.0 27.3 1015.2 1011.8   NA  2.2   7.7  -16.7     NA 28.5 
1800/11/25 10:00:00  0.18 0.00   NA 28.6 30.0 27.3 1018.4 1011.8   NA  2.2   7.7  -16.6     NA 28.5 
1800/11/26 10:00:00  0.77 0.00   NA 28.6 27.5 27.3 1016.8 1011.8   NA  2.2   7.1  -16.3     NA 28.5 
1800/11/27 10:00:00  0.19 0.00   NA 28.4 29.7 27.0 1016.8 1011.8   NA  2.4   7.0  -16.3     NA 28.4 
1800/11/28 10:00:00  0.34 0.00   NA 28.4 28.1 27.0 1020.0 1011.8   NA  2.4   6.8  -16.1     NA 28.4 
1800/11/29 10:00:00  0.18 0.00   NA 28.4 31.0 27.0 1016.8 1011.8   NA  2.4   6.7  -16.1     NA 28.4 
1800/11/30 10:00:00  0.07 0.00   NA 28.4 28.4 27.0 1018.4 1011.8   NA  2.3   6.6  -16.1     NA 28.3 
1800/12/01 10:00:00  1.53 0.00   NA 28.1 27.5 26.7 1018.4 1011.7   NA  2.7   5.5  -16.2     NA 28.1 
1800/12/02 10:00:00  1.27 0.00   NA 27.9 29.0 26.4 1016.8 1011.7   NA  3.2   4.5  -16.4     NA 27.5 
1800/12/03 10:00:00  1.39 0.00   NA 27.6 27.5 26.0 1016.8 1011.8   NA  3.9   3.7  -17.2     NA 26.6 
1800/12/04 10:00:00  0.65 0.00   NA 27.6 27.5 26.0 1018.4 1011.8   NA  3.8   3.3  -17.4     NA 26.6 
1800/12/05 10:00:00  0.61 0.00   NA 27.1 27.2 25.7 1016.8 1011.9   NA  4.5   2.8  -17.2     NA 26.7 
1800/12/06 10:00:00  0.91 0.00   NA 27.2 28.1 25.7 1017.7 1011.9   NA  4.4   2.5  -17.8     NA 26.7 
1800/12/07 10:00:00  0.45 0.00   NA 27.2 25.7 25.7 1018.4 1011.9   NA  4.4   2.1  -17.8     NA 26.7 
1800/12/08 10:00:00  2.59 0.00   NA 27.1 28.4 25.6 1016.8 1011.9   NA  4.5   2.2  -19.8     NA 26.6 
1800/12/09 10:00:00  0.94 0.00   NA 27.1 26.9 25.6 1014.5 1011.9   NA  4.4   2.4  -19.1     NA 26.6 
1800/12/10 10:00:00  2.25 0.00   NA 26.6 26.9 25.5 1016.8 1011.9   NA  4.8   1.4  -17.7     NA 26.8 
1800/12/11 10:00:00  4.43 0.00   NA 26.8 27.5 25.7 1016.8 1011.9   NA  5.0   1.3  -21.1     NA 27.0 
1800/12/12 10:00:00  2.14 0.00   NA 26.2 27.7 25.4 1018.4 1012.0   NA  5.7  -0.3  -21.3     NA 26.9 
1800/12/13 10:00:00  2.49 0.00   NA 26.6 27.9 25.6 1018.4 1012.1   NA  6.1  -1.2  -23.1     NA 27.4 
1800/12/14 10:00:00  1.78 0.00   NA 26.8 27.9 25.8 1016.8 1012.2   NA  6.5  -2.1  -24.0     NA 27.4 
1800/12/15 10:00:00  1.50 0.00   NA 26.8 27.7 25.8 1018.4 1012.2   NA  6.4  -3.0  -24.9     NA 27.4 
1800/12/16 10:00:00  1.92 0.00   NA 26.8 27.5 25.8 1018.4 1012.2   NA  6.7  -3.9  -26.0     NA 27.0 
1800/12/17 10:00:00  1.57 0.00   NA 26.8 27.5 25.7 1020.0 1012.3   NA  6.9  -4.9  -26.7     NA 27.1 
1800/12/18 10:00:00  2.18 0.00   NA 26.8 26.5 25.6 1016.8 1012.6   NA  7.1  -6.5  -27.1     NA 27.3 
1800/12/19 10:00:00  1.94 0.00   NA 26.6 27.2 25.6 1020.0 1013.0   NA  7.1  -8.0  -27.4     NA 27.5 
1800/12/20 10:00:00  2.03 0.00   NA 26.4 27.2 25.6 1016.8 1013.2   NA  7.1  -9.6  -27.4     NA 27.3 
1800/12/21 10:00:00  2.07 0.00   NA 26.3 26.2 25.5 1016.8 1013.7   NA  7.0 -11.2  -27.7     NA 26.7 
1800/12/22 10:00:00  9.57 0.00   NA 27.0 28.1 26.0 1026.4 1012.1   NA  6.6  -3.8  -27.5     NA 27.2 
1800/12/23 10:00:00 13.46 0.00   NA 26.2 28.1 25.2 1020.0 1014.5   NA  6.6 -14.2  -27.2     NA 26.9 
1800/12/24 10:00:00  1.93 0.00   NA 26.1 31.2 25.0 1020.0 1014.7   NA  6.5 -15.7  -27.2     NA 27.0 
1800/12/25 10:00:00  2.65 0.00   NA 25.7 31.4 24.7 1020.0 1015.6   NA  6.1 -17.4  -25.9     NA 26.4 
1800/12/26 10:00:00  1.86 0.00   NA 25.4 31.2 24.7 1023.2 1015.7   NA  6.1 -17.0  -24.5     NA 25.9 
1800/12/27 10:00:00  3.98 0.00   NA 25.3 31.7 24.3 1020.0 1016.7   NA  5.6 -20.1  -23.7     NA 25.5 
1800/12/28 10:00:00  1.62 0.00   NA 25.4 31.4 24.4 1016.8 1016.9   NA  5.4 -21.2  -23.2     NA 25.5 
1800/12/29 10:00:00  1.12 0.00   NA 25.3 31.2 24.4 1023.2 1017.1   NA  5.3 -22.1  -23.1     NA 25.5 
1800/12/30 10:00:00  1.60 0.00   NA 25.3 26.9 24.1 1020.0 1017.4   NA  5.2 -23.3  -23.0     NA 25.5 
1800/12/31 10:00:00  0.93 0.00   NA 25.0 31.4 24.0 1020.0 1017.5   NA  5.2 -24.0  -23.3     NA 25.0 
1801/01/01 10:00:00  1.25 0.00   NA 25.1 31.2 24.1 1020.0 1017.5   NA  5.1 -25.0  -23.2     NA 25.0 
1801/01/02 10:00:00  0.62 0.00   NA 25.1 28.1 24.0 1016.8 1017.6   NA  5.0 -24.9  -22.6     NA 25.0 
1801/01/03 10:00:00  0.78 0.00   NA 24.6 25.9 23.9 1023.2 1017.7   NA  5.0 -25.3  -22.1     NA 24.6 
1801/01/04 10:00:00  1.01 0.00   NA 24.7 29.4 23.7 1020.0 1017.9   NA  5.1 -26.1  -22.0     NA 25.0 
1801/01/05 10:00:00  1.01 0.00   NA 24.8 25.6 23.8 1016.8 1017.9   NA  5.0 -26.6  -21.3     NA 25.1 
1801/01/06 10:00:00  2.00 0.00   NA 24.6 28.1 23.6 1020.0 1018.1   NA  4.9 -26.1  -19.7     NA 24.9 
1801/01/07 10:00:00  1.03 0.00   NA 25.0 25.0 23.8 1023.2 1018.2   NA  4.8 -25.8  -18.9     NA 24.8 
1801/01/08 10:00:00  1.60 0.00   NA 24.5 30.1 23.3 1026.4 1018.2   NA  5.1 -27.0  -19.0     NA 24.5 
1801/01/09 10:00:00  2.08 0.00   NA 24.1 31.2 23.1 1026.4 1018.2   NA  5.3 -28.5  -18.3     NA 24.4 
1801/01/10 10:00:00  1.84 0.00   NA 23.7 33.1 22.8 1026.4 1018.4   NA  5.5 -29.8  -17.5     NA 24.4 
1801/01/11 10:00:00  1.93 0.00   NA 22.5 28.1 21.6 1026.4 1018.0   NA  5.9 -31.0  -16.5     NA 23.1 
1801/01/12 11:00:00  2.50 0.00   NA 22.3 27.5 21.4 1029.6 1018.2   NA  5.7 -31.7  -14.4     NA 23.1 
1801/01/13 11:00:00  1.92 0.00   NA 22.0 25.2 20.5 1023.2 1018.1   NA  5.9 -32.3  -12.7     NA 22.5 
1801/01/14 11:00:00  2.20 0.00   NA 21.3 26.9 20.0 1026.4 1018.0   NA  6.1 -33.0  -10.9     NA 21.8 
1801/01/15 11:00:00  3.17 0.00   NA 20.8 26.9 19.9 1023.2 1018.1   NA  6.0 -33.1   -7.9     NA 21.7 
1801/01/16 11:00:00  2.53 0.00   NA 20.9 21.9 19.8 1020.0 1018.2   NA  5.9 -33.2   -5.6     NA 21.5 
1801/01/17 11:00:00  3.24 0.00   NA 20.7 20.1 19.3 1016.8 1018.1   NA  5.8 -33.0   -2.5     NA 20.5 
1801/01/18 11:00:00  1.43 0.00   NA 21.3 19.7 19.9 1026.4 1018.3   NA  5.3 -32.7   -1.2     NA 21.2 
1801/01/19 12:00:00  3.02 0.00   NA 21.4 21.0 20.3 1036.0 1018.2   NA  5.1 -31.6    1.2     NA 21.3 
1801/01/20 12:00:00  2.06 0.00   NA 20.6 22.6 19.1 1029.6 1018.1   NA  5.6 -33.1    0.6     NA 20.5 
1801/01/21 12:00:00  1.80 0.00   NA 19.8 25.1 18.3 1029.6 1017.9   NA  6.0 -34.5    0.3     NA 19.8 
1801/01/22 12:00:00  1.49 0.00   NA 19.0 28.1 17.3 1026.4 1017.5   NA  6.4 -35.7    0.3     NA 18.4 
1801/01/23 12:00:00  0.73 0.00   NA 18.1 18.9 16.5 1020.0 1016.9   NA  6.9 -36.2    0.6     NA 17.4 
1801/01/24 12:00:00  4.25 0.00   NA 19.3 17.2 17.5 1026.4 1017.3   NA  6.2 -35.7    4.6     NA 17.9 
1801/01/25 12:00:00  1.73 0.00   NA 19.2 18.5 17.3 1026.4 1016.9   NA  6.2 -35.1    6.2     NA 18.8 
1801/01/26 12:00:00  1.64 0.00   NA 20.0 19.4 18.0 1020.0 1016.9   NA  5.9 -34.7    7.6     NA 19.2 
1801/01/27 12:00:00  0.87 0.00   NA 20.0 19.4 18.1 1026.4 1016.7   NA  6.0 -34.5    8.4     NA 19.0 
1801/01/28 12:00:00  0.43 0.00   NA 20.0 22.6 18.1 1029.6 1016.7   NA  6.0 -34.4    8.8     NA 19.0 
1801/01/29 12:00:00  0.83 0.00   NA 20.1 21.7 18.1 1029.6 1016.4   NA  6.1 -34.1    9.5     NA 19.0 
1801/01/30 12:00:00  1.16 0.00   NA 20.2 19.9 18.1 1023.2 1016.1   NA  6.2 -34.5   10.5     NA 19.3 
1801/01/31 12:00:00  3.12 0.00   NA 20.4 20.1 18.6 1016.8 1015.1   NA  6.9 -34.9   13.4     NA 19.4 
1801/02/01 13:00:00  2.36 0.00   NA 20.5 22.5 19.3 1020.0 1014.3   NA  7.6 -34.0   15.3     NA 20.0 
1801/02/02 13:00:00  1.46 0.00   NA 20.5 27.5 19.1 1013.6 1014.2   NA  7.5 -34.0   16.7     NA 19.6 
1801/02/03 13:00:00  3.11 0.00   NA 21.0 18.1 19.4 1013.6 1013.6   NA  6.6 -35.0   19.4     NA 19.7 
1801/02/04 13:00:00  1.84 0.00   NA 21.6 18.5 20.2 1016.8 1013.3   NA  6.3 -35.2   21.1     NA 20.3 
1801/02/05 13:00:00  3.52 0.00   NA 22.3 20.1 19.7 1016.8 1013.0   NA  6.6 -36.8   23.9     NA 20.9 
1801/02/06 13:00:00  5.00 0.00   NA 21.8 20.6 19.9 1029.6 1013.1   NA  7.0 -37.0   28.8     NA 20.6 
1801/02/07 13:00:00  2.61 0.00   NA 23.3 21.0 21.8 1023.2 1013.3   NA  7.3 -35.0   29.2     NA 22.4 
1801/02/08 14:00:00  1.47 0.00   NA 22.1 28.9 20.7 1020.0 1013.5   NA  7.2 -35.4   30.4     NA 21.3 
1801/02/09 14:00:00  1.40 0.00   NA 21.1 27.4 19.5 1016.8 1013.6   NA  7.0 -36.2   31.4     NA 20.2 
1801/02/10 14:00:00  3.06 0.00   NA 21.4 24.1 19.8 1016.8 1014.1   NA  6.9 -36.8   34.3     NA 20.7 
1801/02/11 14:00:00  1.96 0.00   NA 21.2 28.1 19.6 1016.8 1014.5   NA  6.8 -36.8   36.2     NA 20.1 
1801/02/12 14:00:00  1.84 0.00   NA 21.0 28.7 19.7 1020.0 1014.6   NA  6.7 -36.2   37.9     NA 20.1 
1801/02/13 14:00:00  2.01 0.00   NA 22.0 30.0 20.5 1023.2 1015.1   NA  6.6 -35.7   39.7     NA 21.3 
1801/02/14 14:00:00  1.09 0.00   NA 21.1 27.5 19.8 1026.4 1015.2   NA  6.6 -36.3   40.4     NA 20.3 
1801/02/15 14:00:00  0.84 0.00   NA 21.9 27.5 20.5 1026.4 1015.3   NA  6.6 -35.9   40.9     NA 21.4 
1801/02/16 14:00:00  1.42 0.00   NA 22.7 24.1 21.3 1026.4 1015.2   NA  6.6 -34.8   40.5     NA 22.0 
1801/02/17 14:00:00  1.74 0.00   NA 23.4 26.9 22.0 1020.0 1014.8   NA  6.6 -33.5   40.7     NA 23.4 
1801/02/18 14:00:00  0.91 0.00   NA 24.2 33.9 22.7 1023.2 1014.5   NA  6.7 -32.8   40.9     NA 24.2 
1801/02/19 14:00:00  0.64 0.00   NA 23.3 26.5 21.9 1020.0 1015.1   NA  6.6 -33.3   41.0     NA 23.7 
1801/02/20 14:00:00  0.70 0.00   NA 23.3 34.6 21.9 1020.0 1015.1   NA  6.6 -33.0   41.6     NA 23.7 
1801/02/21 14:00:00  1.88 0.00   NA 23.1 25.6 21.9 1026.4 1015.4   NA  6.7 -33.6   43.2     NA 23.4 
1801/02/22 14:00:00  1.65 0.00   NA 22.9 23.9 21.7 1020.0 1015.6   NA  6.7 -33.2   44.7     NA 23.1 
1801/02/23 15:00:00  2.02 0.00   NA 24.3 23.9 23.1 1020.0 1014.9   NA  7.2 -31.8   45.5     NA 24.3 
1801/02/24 15:00:00  2.30 0.00   NA 24.7 26.2 23.6 1023.2 1014.7   NA  7.4 -30.4   46.7     NA 24.8 
1801/02/25 15:00:00  2.15 0.00   NA 25.7 25.6 24.7 1020.0 1014.1   NA  7.8 -28.9   47.6     NA 25.8 
1801/02/26 15:00:00  0.76 0.00   NA 25.6 31.4 24.6 1020.0 1014.3   NA  7.6 -28.6   48.1     NA 25.5 
1801/02/27 15:00:00  1.19 0.00   NA 25.0 29.9 24.0 1020.0 1014.9   NA  7.4 -29.5   48.0     NA 24.9 
1801/02/28 15:00:00  1.51 0.00   NA 24.4 30.0 23.3 1016.8 1015.5   NA  7.2 -30.2   49.1     NA 24.3 
1801/03/01 15:00:00  2.06 0.00   NA 24.5 32.4 23.2 1020.0 1015.8   NA  7.1 -30.8   50.9     NA 24.2 
1801/03/02 15:00:00  2.38 0.00   NA 23.9 30.6 22.5 1020.0 1016.7   NA  6.8 -31.4   52.9     NA 24.0 
1801/03/03 15:00:00  1.24 0.00   NA 23.8 28.7 22.4 1016.8 1016.9   NA  6.6 -31.9   53.9     NA 24.0 
1801/03/04 15:00:00  1.44 0.00   NA 23.5 19.4 22.0  993.5 1017.3   NA  6.5 -31.6   55.1     NA 23.4 
1801/03/05 15:00:00  1.48 0.00   NA 23.3 22.1 21.9 1016.8 1017.6   NA  6.4 -31.5   56.5     NA 23.1 
1801/03/06 15:00:00  1.87 0.00   NA 23.9 23.7 22.5 1020.0 1017.4   NA  6.5 -30.5   57.7     NA 23.7 
1801/03/07 15:00:00  1.06 0.00   NA 24.5 23.7 23.1 1016.8 1017.0   NA  6.7 -29.7   57.9     NA 24.5 
1801/03/08 15:00:00  1.26 0.00   NA 24.9 26.9 23.6 1020.0 1016.7   NA  6.8 -28.7   58.1     NA 24.9 
1801/03/09 15:00:00  0.92 0.00   NA 24.9 26.2 23.6 1016.8 1016.8   NA  6.7 -28.2   58.7     NA 24.9 
1801/03/10 16:00:00  4.16 0.00   NA 26.2 26.9 24.9 1026.4 1015.5   NA  7.0 -25.3   60.4     NA 26.1 
1801/03/11 16:00:00  3.30 0.00   NA 27.1 26.4 25.9 1018.4 1014.1   NA  6.9 -22.8   60.5     NA 27.2 
1801/03/12 16:00:00  1.75 0.00   NA 27.3 26.7 26.2 1016.8 1013.7   NA  6.8 -21.4   60.9     NA 27.5 
1801/03/13 16:00:00  1.48 0.00   NA 27.6 26.9 26.4 1020.0 1013.3   NA  6.7 -20.3   60.7     NA 27.5 
1801/03/14 15:00:00  2.07 0.00   NA 27.8 27.0 26.6 1015.2 1013.0   NA  6.6 -19.9   59.0     NA 27.8 
1801/03/15 15:00:00  1.68 0.00   NA 27.8 27.2 26.8 1020.0 1013.1   NA  6.3 -19.9   57.6     NA 27.8 
1801/03/16 15:00:00  0.45 0.00   NA 27.7 28.4 26.7 1016.8 1013.5   NA  6.2 -20.2   57.5     NA 27.7 
1801/04/25 15:00:00  0.00 0.00   NA 26.8 24.5 25.5 1016.8 1015.1   NA  6.7 -20.2   57.3     NA 26.2 
1801/04/26 15:00:00  3.23 0.00   NA 26.3 23.7 25.2 1023.2 1015.5   NA  7.5 -21.3   59.7     NA 26.0 
1801/04/27 15:00:00  2.94 0.00   NA 26.3 23.2 24.6 1020.0 1016.1   NA  7.3 -22.7   57.8     NA 25.5 
1801/04/28 15:00:00  1.65 0.00   NA 25.9 23.5 23.9 1024.8 1016.6   NA  7.3 -23.9   57.9     NA 25.1 
1801/04/29 15:00:00  1.58 0.00   NA 25.0 22.2 23.3 1025.8 1017.5   NA  7.3 -25.1   58.5     NA 24.0 
1801/04/30 15:00:00  1.10 0.00   NA 25.0 22.7 23.2 1023.2 1017.6   NA  7.2 -25.8   58.1     NA 23.9 
1801/05/01 15:00:00  2.13 0.00   NA 23.9 22.2 22.5 1022.6 1018.4   NA  7.0 -27.5   58.3     NA 22.8 
1801/05/02 16:00:00  2.66 0.00   NA 23.2 22.1 21.7 1020.6 1019.0   NA  6.8 -28.6   60.3     NA 22.1 
1801/05/03 16:00:00  3.02 0.00   NA 23.2 22.2 21.3 1022.6 1019.2   NA  6.7 -28.9   63.0     NA 21.8 
1801/05/04 16:00:00  2.11 0.00   NA 22.3 20.5 20.2 1024.2 1019.7   NA  6.6 -29.2   64.8     NA 20.8 
1801/05/05 16:00:00  2.34 0.00   NA 22.8 21.0 20.7 1024.2 1019.4   NA  6.6 -29.0   66.9     NA 21.7 
1801/05/06 16:00:00  1.11 0.00   NA 22.6 20.7 20.5 1028.3 1019.5   NA  6.5 -28.6   67.8     NA 21.3 
1801/05/07 16:00:00  2.39 0.00   NA 21.4 20.5 19.7 1028.0 1020.0   NA  6.5 -30.5   67.7     NA 20.0 
1801/05/08 16:00:00  1.75 0.00   NA 20.9 20.0 19.1 1023.2 1019.9   NA  6.5 -31.6   68.5     NA 19.3 
1801/05/09 16:00:00  2.31 0.00   NA 20.0 20.5 18.3 1018.7 1019.8   NA  6.7 -32.2   70.6     NA 18.2 
1801/05/10 16:00:00  3.03 0.00   NA 19.4 20.5 17.9 1005.1 1019.7   NA  6.8 -32.8   73.3     NA 18.3 
1801/05/11 17:00:00  3.94 0.00   NA 18.8 18.4 16.9 1016.8 1019.5   NA  7.2 -33.5   76.9     NA 17.4 
1801/05/12 17:00:00  3.05 0.00   NA 18.5 13.7 16.4 1024.2 1019.4   NA  7.3 -33.7   79.7     NA 17.5 
1801/05/13 17:00:00  2.96 0.00   NA 18.3 15.7 16.7 1028.0 1019.4   NA  7.3 -33.6   82.5     NA 16.7 
1801/05/14 17:00:00  1.83 0.00   NA 17.9 15.2 16.2 1021.6 1019.4   NA  7.2 -33.6   84.2     NA 16.7 
1801/05/15 17:00:00  3.93 0.00   NA 17.9 13.0 15.6 1027.0 1019.3   NA  7.3 -33.4   87.9     NA 16.6 
1801/05/16 17:00:00  1.84 0.00   NA 18.5 13.2 16.4 1026.4 1019.3   NA  7.0 -32.9   89.5     NA 16.5 
1801/05/17 18:00:00  1.26 0.00   NA 18.4 13.9 16.5 1029.0 1019.2   NA  7.1 -32.3   90.5     NA 16.4 
1801/05/18 18:00:00  3.75 0.00   NA 17.2 15.5 15.7 1028.3 1018.6   NA  7.4 -33.9   93.4     NA 15.9 
1801/05/19 18:00:00  4.08 0.00   NA 16.5 15.2 14.7 1020.0 1017.9   NA  7.8 -34.5   97.2     NA 15.0 
1801/05/20 18:00:00  4.34 0.00   NA 15.6 14.4 14.0 1018.7 1017.0   NA  8.2 -35.1  101.3     NA 14.8 
1801/05/21 18:00:00  3.09 0.00   NA 16.7 14.2 15.0 1023.2 1017.3   NA  7.9 -34.8  104.2     NA 15.3 
1801/05/22 19:00:00  1.85 0.00   NA 17.0 18.2 15.3 1025.8 1017.2   NA  7.9 -34.6  106.0     NA 15.1 
1801/05/23 19:00:00  2.76 0.00   NA 17.4 15.4 15.6 1027.4 1017.2   NA  8.0 -34.2  108.6     NA 15.4 
1801/05/24 19:00:00  2.32 0.00   NA 18.5 17.1 16.5 1026.4 1017.2   NA  7.6 -33.7  110.7     NA 16.7 
1801/05/25 19:00:00  0.79 0.00   NA 18.8 18.5 16.6 1023.2 1017.2   NA  7.7 -33.9  111.4     NA 17.0 
1801/05/26 19:00:00  1.37 0.00   NA 19.2 19.0 16.8 1021.3 1017.1   NA  7.7 -33.8  112.7     NA 17.2 
1801/05/27 19:00:00  2.34 0.00   NA 19.6 18.2 16.6 1025.1 1016.9   NA  7.9 -34.6  114.7     NA 16.7 
1801/05/28 19:00:00  0.23 0.00   NA 19.6 18.5 16.6 1029.0 1016.9   NA  8.0 -34.8  114.8     NA 16.6 
1801/05/29 19:00:00  0.73 0.00   NA 19.6 17.7 16.6 1029.6 1016.8   NA  8.0 -34.2  114.8     NA 16.6 
1801/05/30 19:00:00  1.11 0.00   NA 20.4 17.2 17.1 1028.6 1017.0   NA  5.8 -33.4  115.1     NA 17.9 
1801/05/31 19:00:00  0.13 0.00   NA 20.3 14.7 17.1 1029.0 1017.0   NA  5.8 -33.5  115.1     NA 17.9 
1801/06/01 19:00:00  0.21 0.00   NA 20.3 14.7 17.1 1028.6 1016.9   NA  5.8 -33.3  115.2     NA 17.8 
1801/06/02 19:00:00  0.27 0.00   NA 20.3 15.2 17.0 1029.0 1016.9   NA  5.9 -33.5  115.2     NA 17.8 
1801/06/03 19:00:00  0.33 0.00   NA 20.3 14.7 17.0 1029.6 1016.9   NA  5.9 -33.3  115.2     NA 17.7 
1801/06/04 19:00:00  0.37 0.00   NA 20.2 16.0 17.0 1032.2 1016.8   NA  5.9 -33.5  115.4     NA 17.7 
1801/06/05 19:00:00  0.03 0.00   NA 20.2 17.2 16.9 1030.6 1016.8   NA  5.9 -33.5  115.4     NA 17.6 
1801/06/06 19:00:00  0.03 0.00   NA 20.2 15.0 16.9 1029.6 1016.8   NA  6.0 -33.5  115.4     NA 17.6 
1801/06/07 19:00:00  0.03 0.00   NA 20.2 14.6 16.8 1021.9 1016.8   NA  6.0 -33.5  115.4     NA 17.5 
1801/06/08 19:00:00  0.17 0.00   NA 20.1 15.0 16.8 1010.4 1016.8   NA  6.0 -33.5  115.3     NA 17.4 
1801/06/09 19:00:00  0.16 0.00   NA 20.1 16.0 16.8 1007.9 1016.7   NA  6.0 -33.4  115.1     NA 17.4 
1801/06/10 19:00:00  0.64 0.00   NA 19.9 17.0 16.7  998.3 1016.7   NA  7.8 -33.8  114.7     NA 17.0 
1801/06/11 19:00:00  0.42 0.00   NA 19.2 18.0 16.1 1005.7 1016.4   NA  8.4 -34.1  114.8     NA 16.1 
1801/06/12 19:00:00  0.70 0.00   NA 19.2 18.1 16.1 1008.9 1016.4   NA  8.4 -34.6  114.9     NA 16.1 
1801/06/13 19:00:00  0.25 0.00   NA 19.2 16.9 16.1 1018.4 1016.4   NA  8.4 -34.4  114.9     NA 16.0 
1801/06/14 19:00:00  1.18 0.00   NA 19.7 17.2 16.6 1016.1 1016.7   NA  7.9 -33.5  114.8     NA 16.8 
1801/06/15 19:00:00  1.29 0.00   NA 20.2 17.0 17.0 1015.2 1017.0   NA  5.7 -32.6  115.3     NA 17.6 
1801/06/16 19:00:00  0.15 0.00   NA 20.1 16.7 17.0 1018.7 1017.1   NA  5.7 -32.7  115.4     NA 17.6 
1801/06/17 19:00:00  0.16 0.00   NA 20.1 17.0 17.0 1012.0 1017.1   NA  5.7 -32.7  115.2     NA 17.5 
1801/06/18 19:00:00  0.62 0.00   NA 20.1 17.0 16.9 1013.6 1017.1   NA  5.7 -32.3  115.5     NA 17.5 
1801/06/19 19:00:00  1.23 0.00   NA 20.3 16.0 17.3 1020.0 1017.4   NA  7.1 -31.6  114.6     NA 17.8 
1801/06/20 19:00:00  1.80 0.00   NA 20.6 17.4 17.7 1026.4 1017.7   NA  7.1 -30.5  113.6     NA 18.5 
1801/06/21 19:00:00  0.95 0.00   NA 21.3 16.7 18.2 1026.4 1017.9   NA  6.7 -29.8  113.5     NA 19.1 
1801/06/22 19:00:00  3.12 0.00   NA 22.4 17.5 19.2 1029.6 1017.8   NA  6.2 -27.4  113.6     NA 19.8 
1801/06/23 19:00:00  1.96 0.00   NA 22.8 18.7 19.7 1023.2 1017.8   NA  6.5 -26.0  112.9     NA 20.5 
1801/06/24 19:00:00  2.20 0.00   NA 23.5 21.0 20.6 1021.6 1017.5   NA  6.1 -24.3  113.0     NA 21.8 
1801/06/25 19:00:00  0.46 0.00   NA 23.9 20.0 21.0 1020.0 1017.3   NA  4.9 -24.0  113.1     NA 21.9 
1801/06/26 19:00:00  0.35 0.00   NA 23.8 22.5 20.9 1023.2 1017.3   NA  4.9 -23.8  113.3     NA 21.8 
1801/06/27 19:00:00  1.07 0.00   NA 23.5 23.1 20.3 1022.2 1017.8   NA  4.9 -24.6  113.3     NA 21.4 
1801/06/28 19:00:00  0.21 0.00   NA 23.4 24.4 20.2 1023.2 1017.8   NA  4.9 -24.8  113.3     NA 21.3 
1801/06/29 19:00:00  0.08 0.00   NA 23.4 23.1 20.2 1023.2 1017.9   NA  4.9 -24.8  113.4     NA 21.3 
1801/06/30 19:00:00  0.09 0.00   NA 23.3 21.7 20.1 1020.0 1018.0   NA  4.9 -24.7  113.5     NA 21.2 
1801/07/01 19:00:00  0.35 0.00   NA 23.3 22.5 20.1 1021.6 1018.0   NA  4.9 -25.0  113.5     NA 21.1 
1801/07/02 19:00:00  0.43 0.00   NA 22.9 21.0 19.6 1016.8 1018.3   NA  5.2 -25.3  113.5     NA 20.4 
1801/07/03 19:00:00  0.25 0.00   NA 22.8 18.9 19.5 1015.5 1018.4   NA  5.2 -25.5  113.4     NA 20.3 
1801/07/04 19:00:00  0.98 0.00   NA 23.1 20.0 19.9 1021.6 1018.2   NA  4.9 -24.7  113.4     NA 21.0 
1801/07/05 19:00:00  0.10 0.00   NA 23.1 17.9 19.8 1020.0 1018.3   NA  4.9 -24.8  113.4     NA 20.9 
1801/07/06 19:00:00  0.23 0.00   NA 23.0 18.7 19.8 1021.9 1018.3   NA  4.9 -24.9  113.2     NA 20.8 
1801/07/07 19:00:00  0.05 0.00   NA 23.0 19.4 19.7 1023.2 1018.4   NA  4.9 -24.9  113.2     NA 20.8 
1801/07/08 19:00:00  0.04 0.00   NA 23.0 20.6 19.7 1021.6 1018.5   NA  4.9 -24.9  113.2     NA 20.7 
1801/07/09 19:00:00  0.05 0.00   NA 22.9 17.2 19.7 1022.6 1018.5   NA  4.9 -24.9  113.3     NA 20.7 
1801/07/10 19:00:00  0.05 0.00   NA 22.9 19.2 19.6 1023.2 1018.6   NA  4.9 -24.8  113.3     NA 20.6 
1801/07/11 19:00:00  0.04 0.00   NA 22.8 18.5 19.6 1023.2 1018.6   NA  4.9 -24.8  113.4     NA 20.6 
1801/07/12 19:00:00  0.05 0.00   NA 22.8 21.2 19.5 1016.8 1018.7   NA  4.9 -24.8  113.4     NA 20.5 
1801/07/13 19:00:00  0.38 0.00   NA 22.8 19.1 19.5 1010.4 1018.7   NA  4.9 -24.6  113.2     NA 20.5 
1801/07/14 19:00:00  0.32 0.00   NA 22.7 20.0 19.5 1015.2 1018.7   NA  5.0 -24.3  113.2     NA 20.4 
1801/07/15 19:00:00  2.60 0.00   NA 23.4 22.5 20.7 1018.4 1017.9   NA  5.7 -22.3  113.1     NA 21.4 
1801/07/16 19:00:00  2.04 0.00   NA 23.7 22.0 21.5 1021.6 1017.5   NA  5.9 -21.1  114.2     NA 21.1 
1801/07/17 19:00:00  0.64 0.00   NA 23.7 21.2 21.5 1020.0 1017.5   NA  5.8 -21.1  114.7     NA 21.1 
1801/07/18 19:00:00  0.36 0.00   NA 23.7 21.6 21.5 1016.8 1017.5   NA  5.8 -21.3  114.9     NA 21.0 
1801/07/19 19:00:00  0.40 0.00   NA 23.7 22.6 21.5 1016.8 1017.5   NA  5.8 -21.5  114.6     NA 21.0 
1801/07/20 19:00:00  0.63 0.00   NA 23.6 21.6 21.5 1018.1 1017.5   NA  5.8 -21.5  114.1     NA 21.0 
1801/07/21 19:00:00  0.10 0.00   NA 23.6 18.7 21.4 1023.2 1017.5   NA  5.8 -21.5  114.2     NA 20.9 
1801/07/22 19:00:00  0.14 0.00   NA 23.6 18.1 21.4 1022.2 1017.5   NA  5.8 -21.6  114.3     NA 20.9 
1801/07/23 19:00:00  2.14 0.00   NA 23.6 21.0 22.1 1021.3 1017.0   NA  5.7 -20.1  115.2     NA 21.4 
1801/07/24 19:00:00  1.59 0.00   NA 24.2 22.0 22.6 1020.0 1016.5   NA  5.9 -19.1  116.0     NA 22.6 
1801/07/25 19:00:00  0.57 0.00   NA 24.2 22.2 22.6 1019.4 1016.5   NA  5.7 -19.2  116.5     NA 22.4 
1801/07/26 19:00:00  1.14 0.00   NA 24.0 22.1 22.7 1018.1 1016.4   NA  5.5 -19.5  117.4     NA 22.5 
1801/07/27 19:00:00  1.11 0.00   NA 23.6 23.7 22.2 1020.0 1016.8   NA  4.7 -20.3  117.6     NA 21.2 
1801/07/28 19:00:00  0.13 0.00   NA 23.6 23.5 22.2 1018.7 1016.8   NA  4.7 -20.2  117.7     NA 21.2 
1801/07/29 19:00:00  0.82 0.00   NA 23.3 22.1 22.4 1016.8 1016.8   NA  4.7 -20.0  118.3     NA 21.9 
1801/07/30 19:00:00  0.59 0.00   NA 23.8 21.6 22.8 1016.1 1016.3   NA  5.5 -19.7  118.7     NA 22.3 
1801/07/31 19:00:00  1.22 0.00   NA 24.1 21.7 22.9 1018.4 1016.2   NA  5.5 -19.2  119.5     NA 22.4 
1801/08/01 19:00:00  0.24 0.00   NA 24.1 21.0 22.9 1018.7 1016.2   NA  5.5 -19.2  119.7     NA 22.4 
1801/08/02 20:00:00  1.10 0.00   NA 24.3 22.2 23.5 1020.0 1015.7   NA  5.5 -18.7  120.5     NA 23.1 
1801/08/03 20:00:00  1.38 0.00   NA 24.4 22.7 23.5 1021.6 1015.6   NA  5.1 -18.1  121.4     NA 22.8 
1801/08/04 20:00:00  0.92 0.00   NA 24.6 22.7 23.8 1020.0 1015.1   NA  4.9 -17.5  121.8     NA 23.8 
1801/08/05 20:00:00  0.77 0.00   NA 25.2 24.5 24.1 1018.7 1014.7   NA  4.5 -16.9  121.9     NA 24.4 
1801/08/06 20:00:00  1.17 0.00   NA 24.8 27.7 24.1 1017.7 1014.6   NA  4.1 -16.0  122.2     NA 24.1 
1801/08/07 20:00:00  1.11 0.00   NA 25.5 29.4 24.6 1018.7 1014.2   NA  3.7 -15.7  123.0     NA 24.8 
1801/08/08 20:00:00  0.54 0.00   NA 25.5 28.2 24.6 1014.9 1014.1   NA  3.7 -15.3  123.2     NA 24.9 
1801/08/09 20:00:00  1.05 0.00   NA 25.5 27.1 24.7 1015.2 1014.1   NA  3.4 -15.1  124.0     NA 25.1 
1801/08/10 20:00:00  0.41 0.00   NA 25.5 30.5 24.8 1016.1 1014.1   NA  3.3 -15.0  124.3     NA 25.1 
1801/08/11 20:00:00  0.41 0.00   NA 25.9 28.7 25.0 1016.1 1013.7   NA  3.6 -14.8  124.5     NA 25.8 
1801/08/12 20:00:00  0.82 0.00   NA 25.9 28.9 25.1 1015.2 1013.7   NA  3.6 -14.3  124.9     NA 25.8 
1801/08/13 20:00:00  0.50 0.00   NA 25.9 27.9 25.0 1015.8 1013.7   NA  3.5 -14.0  125.2     NA 25.4 
1801/08/14 20:00:00  0.57 0.00   NA 26.1 28.7 25.3 1015.8 1013.4   NA  3.9 -13.9  125.7     NA 26.0 
1801/08/15 20:00:00  0.40 0.00   NA 26.1 28.2 25.3 1016.8 1013.4   NA  3.9 -13.6  125.6     NA 26.0 
1801/08/16 20:00:00  0.23 0.00   NA 26.1 29.2 25.3 1017.7 1013.3   NA  3.9 -13.4  125.6     NA 26.0 
1801/08/17 20:00:00  0.54 0.00   NA 26.1 21.6 25.3 1015.5 1013.3   NA  3.8 -13.0  125.8     NA 26.1 
1801/08/18 20:00:00  0.93 0.00   NA 26.4 24.0 25.5 1017.4 1013.1   NA  4.0 -12.3  126.0     NA 26.0 
1801/08/19 20:00:00  1.90 0.00   NA 26.8 25.5 25.9 1019.0 1012.5   NA  4.7 -11.0  126.6     NA 26.7 
1801/08/20 20:00:00  2.90 0.00   NA 26.8 25.0 26.0 1015.2 1012.5   NA  4.5 -10.4  124.5     NA 26.6 
1801/08/21 20:00:00  1.27 0.00   NA 26.8 25.0 26.0 1013.6 1012.5   NA  4.6 -10.3  123.5     NA 26.6 
1801/08/22 20:00:00  0.13 0.00   NA 26.8 24.7 26.0 1017.7 1012.5   NA  4.6 -10.2  123.5     NA 26.6 
1801/08/23 20:00:00  0.14 0.00   NA 26.8 25.5 26.0 1015.8 1012.4   NA  4.6 -10.1  123.6     NA 26.6 
1801/08/24 20:00:00  -nan 0.00   NA 26.8 26.7 26.0 1015.8 1012.4   NA  4.5 -10.1  123.6     NA 26.6 
1801/08/25 20:00:00  -nan 0.00   NA 26.8 28.1 26.0 1016.5 1012.4   NA  4.5 -10.1  123.6     NA 26.7 
1801/08/26 20:00:00  0.02 0.00   NA 26.8 24.7 26.0 1017.1 1012.4   NA  4.4 -10.1  123.6     NA 26.7 
1801/08/27 20:00:00  0.00 0.00   NA 26.9 25.5 26.0 1017.1 1012.4   NA  4.4 -10.1  123.6     NA 26.7 
1801/08/28 20:00:00  0.00 0.00   NA 26.9 27.2 26.1 1013.6 1012.4   NA  4.4 -10.1  123.6     NA 26.8 
1801/08/29 20:00:00  0.00 0.00   NA 26.9 26.9 26.1 1016.1 1012.4   NA  4.3 -10.1  123.6     NA 26.8 
1801/08/30 20:00:00  0.00 0.00   NA 26.9 26.9 26.1 1016.1 1012.3   NA  4.3 -10.1  123.6     NA 26.8 
1801/08/31 20:00:00  0.01 0.00   NA 26.9 26.7 26.1 1016.1 1012.3   NA  4.3 -10.1  123.6     NA 26.8 
1801/09/01 20:00:00  0.01 0.00   NA 26.9 26.7 26.1 1016.1 1012.3   NA  4.2 -10.1  123.6     NA 26.9 
1801/09/02 20:00:00  0.00 0.00   NA 26.9 26.2 26.1 1013.6 1012.3   NA  4.2 -10.1  123.6     NA 26.9 
1801/09/03 20:00:00  0.00 0.00   NA 27.0 26.6 26.2 1014.5 1012.3   NA  4.1 -10.1  123.6     NA 26.9 
1801/09/04 20:00:00  0.00 0.00   NA 27.0 26.7 26.2 1016.8 1012.2   NA  4.1 -10.1  123.6     NA 27.0 
1801/09/05 20:00:00  0.01 0.00   NA 27.0 26.6 26.2 1015.5 1012.2   NA  4.1 -10.1  123.5     NA 27.0 
1801/09/06 20:00:00  0.01 0.00   NA 27.0 26.5 26.2 1013.6 1012.2   NA  4.0 -10.1  123.5     NA 27.0 
1801/09/07 20:00:00  0.00 0.00   NA 27.0 26.6 26.2 1015.5 1012.2   NA  4.0 -10.1  123.5     NA 27.0 
1801/09/08 20:00:00  0.00 0.00   NA 27.0 27.4 26.2 1015.2 1012.2   NA  4.0 -10.1  123.5     NA 27.1 
1801/09/09 20:00:00  0.00 0.00   NA 27.1 27.5 26.3 1014.5 1012.1   NA  3.9 -10.1  123.5     NA 27.1 
1801/09/10 20:00:00  0.01 0.00   NA 27.1 27.1 26.3 1015.2 1012.1   NA  3.9 -10.1  123.5     NA 27.1 
1801/09/11 20:00:00  0.00 0.00   NA 27.1 26.9 26.3 1014.2 1012.1   NA  3.9 -10.1  123.5     NA 27.2 
1801/09/12 20:00:00  0.01 0.00   NA 27.1 26.5 26.3 1014.2 1012.1   NA  3.8 -10.1  123.5     NA 27.2 
1801/09/13 20:00:00  0.00 0.00   NA 27.1 27.0 26.3 1015.2 1012.0   NA  3.8 -10.1  123.5     NA 27.2 
1801/09/14 20:00:00  0.00 0.00   NA 27.2 27.7 26.4 1014.2 1012.0   NA  3.8 -10.1  123.5     NA 27.3 
1801/09/15 20:00:00  0.00 0.00   NA 27.2 27.6 26.4 1013.3 1012.0   NA  3.8 -10.1  123.5     NA 27.3 
1801/09/16 20:00:00  0.01 0.00   NA 27.2 26.7 26.4 1016.8 1012.0   NA  3.7 -10.1  123.5     NA 27.3 
1801/09/17 20:00:00  0.01 0.00   NA 27.2 26.2 26.4 1014.2 1011.9   NA  3.7 -10.1  123.5     NA 27.4 
1801/09/18 20:00:00  0.00 0.00   NA 27.3 26.2 26.5 1013.6 1011.9   NA  3.7 -10.1  123.5     NA 27.4 
1801/09/19 20:00:00  0.00 0.00   NA 27.3 25.6 26.5 1012.0 1011.9   NA  3.7 -10.1  123.5     NA 27.4 
1801/09/20 20:00:00  0.00 0.00   NA 27.3 28.1 26.5 1013.3 1011.9   NA  3.7 -10.1  123.5     NA 27.5 
1801/09/21 20:00:00  0.01 0.00   NA 27.4 25.0 26.6 1015.2 1011.8   NA  3.6 -10.1  123.5     NA 27.5 
1801/09/22 20:00:00  0.00 0.00   NA 27.4 26.2 26.6 1013.6 1011.8   NA  3.6 -10.1  123.5     NA 27.5 
1801/09/23 20:00:00  0.01 0.00   NA 27.4 26.5 26.6 1014.9 1011.7   NA  3.6 -10.1  123.5     NA 27.6 
1801/09/24 20:00:00  0.00 0.00   NA 27.5 27.6 26.7 1012.0 1011.7   NA  3.6 -10.1  123.5     NA 27.6 
1801/09/25 20:00:00  0.00 0.00   NA 27.5 27.4 26.7 1011.0 1011.7   NA  3.6 -10.1  123.5     NA 27.6 
1801/09/26 20:00:00  0.01 0.00   NA 27.6 26.7 26.7 1014.9 1011.6   NA  3.6 -10.1  123.5     NA 27.7 
1801/09/27 20:00:00  0.00 0.00   NA 27.6 25.5 26.8 1015.8 1011.6   NA  3.6 -10.1  123.5     NA 27.7 
1801/09/28 20:00:00  0.01 0.00   NA 27.6 27.2 26.8 1016.1 1011.6   NA  3.6 -10.1  123.5     NA 27.7 
1801/09/29 20:00:00  0.00 0.00   NA 27.7 27.2 26.9 1013.6 1011.5   NA  3.5 -10.1  123.5     NA 27.7 
1801/09/30 20:00:00  0.00 0.00   NA 27.7 24.7 26.9 1015.8 1011.5   NA  3.5 -10.1  123.5     NA 27.8 
1801/10/01 20:00:00  0.01 0.00   NA 27.8 27.0 26.9 1014.2 1011.4   NA  3.5 -10.1  123.5     NA 27.8 
1801/10/02 20:00:00  0.00 0.00   NA 27.8 26.6 27.0 1014.9 1011.4   NA  3.5 -10.1  123.5     NA 27.8 
1801/10/03 20:00:00  0.01 0.00   NA 27.9 26.7 27.0 1015.2 1011.3   NA  3.5 -10.1  123.5     NA 27.9 
1801/10/04 20:00:00  0.00 0.00   NA 27.9 26.7 27.1 1015.2 1011.3   NA  3.5 -10.1  123.5     NA 27.9 
1801/10/05 20:00:00  0.00 0.00   NA 27.9 27.5 27.1 1013.6 1011.3   NA  3.5 -10.1  123.5     NA 27.9 
1801/10/06 20:00:00  0.01 0.00   NA 28.0 27.5 27.1 1016.1 1011.2   NA  3.5 -10.1  123.5     NA 28.0 
1801/10/07 20:00:00  0.00 0.00   NA 28.0 27.5 27.2 1016.1 1011.2   NA  3.5 -10.1  123.5     NA 28.0 
1801/10/08 20:00:00  0.00 0.00   NA 28.1 27.5 27.2 1015.8 1011.1   NA  3.5 -10.1  123.5     NA 28.0 
1801/10/09 20:00:00  0.01 0.00   NA 28.1 27.2 27.3 1012.9 1011.1   NA  3.5 -10.1  123.5     NA 28.1 
1801/10/10 20:00:00  0.00 0.00   NA 28.1 27.2 27.3 1017.7 1011.1   NA  3.4 -10.1  123.5     NA 28.1 
1801/10/11 20:00:00  0.01 0.00   NA 28.2 26.7 27.3 1017.4 1011.0   NA  3.4 -10.1  123.5     NA 28.1 
1801/10/12 20:00:00  0.00 0.00   NA 28.2 27.1 27.4 1017.4 1011.0   NA  3.4 -10.1  123.5     NA 28.2 
1801/10/13 20:00:00  0.00 0.00   NA 28.3 26.9 27.4 1012.0 1010.9   NA  3.4 -10.1  123.5     NA 28.2 
1801/10/14 20:00:00  0.01 0.00   NA 28.3 26.7 27.5 1014.2 1010.9   NA  3.4 -10.0  123.5     NA 28.2 
1801/10/15 20:00:00  0.00 0.00   NA 28.4 26.7 27.5 1014.2 1010.8   NA  3.4 -10.0  123.5     NA 28.3 
1801/10/16 20:00:00  0.01 0.00   NA 28.4 26.7 27.5 1012.3 1010.8   NA  3.4 -10.0  123.5     NA 28.3 
1801/10/17 20:00:00  0.00 0.00   NA 28.4 26.9 27.6 1012.9 1010.7   NA  3.3 -10.0  123.5     NA 28.3 
1801/10/18 20:00:00  0.00 0.00   NA 28.5 26.9 27.6 1013.6 1010.7   NA  3.3 -10.0  123.5     NA 28.4 
1801/10/19 20:00:00  0.00 0.00   NA 28.5 27.5 27.6 1012.9 1010.7   NA  3.3 -10.0  123.5     NA 28.4 
1801/10/20 20:00:00  0.01 0.00   NA 28.5 28.0 27.7 1014.9 1010.6   NA  3.3 -10.0  123.5     NA 28.5 
1801/10/21 20:00:00  0.01 0.00   NA 28.6 28.0 27.7 1015.8 1010.6   NA  3.3 -10.0  123.5     NA 28.5 
1801/10/22 20:00:00  0.00 0.00   NA 28.6 28.1 27.7 1014.5 1010.5   NA  3.2 -10.0  123.5     NA 28.5 
1801/10/23 20:00:00  0.00 0.00   NA 28.6 27.7 27.8 1013.6 1010.5   NA  3.2 -10.0  123.5     NA 28.6 
1801/10/24 20:00:00  0.00 0.00   NA 28.7 27.9 27.8 1011.3 1010.4   NA  3.2 -10.0  123.5     NA 28.6 
1801/10/25 20:00:00  0.01 0.00   NA 28.7 26.9 27.8 1013.6 1010.4   NA  3.2 -10.0  123.5     NA 28.6 
1801/10/26 20:00:00  0.00 0.00   NA 28.8 27.9 27.9 1012.9 1010.3   NA  3.2 -10.0  123.5     NA 28.7 
1801/10/27 20:00:00  0.01 0.00   NA 28.8 27.7 27.9 1013.6 1010.3   NA  3.1 -10.0  123.5     NA 28.7 
1801/10/28 20:00:00  0.00 0.00   NA 28.8 27.9 27.9 1014.5 1010.2   NA  3.1 -10.0  123.5     NA 28.7 
1801/10/29 20:00:00  0.00 0.00   NA 28.9 27.6 28.0 1012.9 1010.2   NA  3.1 -10.0  123.5     NA 28.8 
1801/10/30 20:00:00  0.00 0.00   NA 28.9 28.4 28.0 1011.5 1010.1   NA  3.1 -10.0  123.5     NA 28.8 
1801/10/31 20:00:00  0.01 0.00   NA 28.9 28.6 28.0 1011.0 1010.1   NA  3.0 -10.0  123.5     NA 28.9 
1801/11/01 20:00:00  0.01 0.00   NA 28.9 28.1 28.1 1012.0 1010.0   NA  3.0 -10.0  123.4     NA 28.9 
1801/11/02 20:00:00  0.00 0.00   NA 29.0 29.5 28.1 1015.2 1010.0   NA  3.0 -10.0  123.4     NA 28.9 
1801/11/03 20:00:00  0.00 0.00   NA 29.0 29.2 28.1 1012.0 1009.9   NA  3.0 -10.0  123.4     NA 29.0 
1801/11/04 20:00:00  0.00 0.00   NA 29.0   NA 28.2     NA 1009.9   NA  3.0 -10.0  123.4     NA 29.0 
1801/11/05 20:00:00  0.01 0.00   NA 29.1   NA 28.2     NA 1009.8   NA  3.0 -10.0  123.4     NA 29.0 
1801/11/06 20:00:00  0.01 0.00   NA 29.1 28.0 28.2 1012.0 1009.8   NA  2.9 -10.0  123.4     NA 29.1 
1801/11/07 20:00:00  0.00 0.00   NA 29.1 27.5 28.3 1015.2 1009.7   NA  2.9 -10.0  123.4     NA 29.1 
1801/11/08 20:00:00  0.00 0.00   NA 29.2   NA 28.3     NA 1009.7   NA  2.9 -10.0  123.4     NA 29.2 
1801/11/09 20:00:00  0.00 0.00   NA 29.2 27.0 28.3 1014.2 1009.6   NA  2.9 -10.0  123.4     NA 29.2 
1801/11/10 20:00:00  0.00 0.00   NA 29.2 27.5 28.3 1015.2 1009.6   NA  2.9 -10.0  123.4     NA 29.2 
1801/11/11 20:00:00  0.02 0.00   NA 29.1 28.1 28.4 1015.2 1009.5   NA  2.4 -10.0  123.4     NA 29.1 
1801/11/12 20:00:00  0.00 0.00   NA 29.1 27.9 28.4 1012.6 1009.5   NA  2.4 -10.0  123.4     NA 29.2 
1801/11/13 20:00:00  0.00 0.00   NA 29.1 28.2 28.4 1020.0 1009.5   NA  2.4 -10.0  123.4     NA 29.2 
1801/11/14 20:00:00  0.43 0.00   NA 29.1 27.5 28.5 1013.6 1009.4   NA  2.4 -10.0  123.1     NA 29.2 
1801/11/15 20:00:00  1.08 0.00   NA 29.1 27.5 28.3 1013.6 1009.4   NA  2.7  -9.7  122.3     NA 29.2 
1801/11/16 20:00:00  0.82 0.00   NA 29.3 30.0 28.3 1013.6 1009.5   NA  3.1 -10.0  121.8     NA 29.0 
1801/11/17 20:00:00  1.48 0.00   NA 29.4 28.5 28.4 1013.6 1009.4   NA  3.4 -11.0  121.2     NA 29.4 
1801/11/18 20:00:00  1.52 0.00   NA 29.2 30.2 28.3 1015.2 1009.4   NA  3.5 -11.6  120.2     NA 29.1 
1801/11/19 19:00:00  1.38 0.00   NA 29.2 30.0 28.2 1015.2 1009.5   NA  3.7 -11.5  119.1     NA 29.0 
1801/11/20 19:00:00  0.98 0.00   NA 29.3 27.5 28.0 1015.2 1009.6   NA  4.0 -11.6  118.3     NA 28.6 
1801/11/21 19:00:00  1.09 0.00   NA 29.2 29.6 27.9 1015.2 1009.6   NA  4.0 -12.3  118.7     NA 28.3 
1801/11/22 19:00:00  0.94 0.00   NA 28.9 29.6 27.7 1013.6 1009.6   NA  4.0 -13.0  118.9     NA 28.2 
1801/11/23 19:00:00  1.32 0.00   NA 29.2 28.7 28.0 1013.6 1009.4   NA  3.9 -14.0  119.3     NA 28.6 
1801/11/24 19:00:00  1.27 0.00   NA 28.9 28.4 27.8 1012.0 1009.3   NA  4.1 -14.9  119.7     NA 28.5 
1801/11/25 20:00:00  1.00 0.00   NA 28.7 26.1 27.6 1013.6 1009.3   NA  4.3 -15.6  120.0     NA 28.5 
1801/11/26 20:00:00  0.71 0.00   NA 28.6 27.1 27.7 1014.9 1009.0   NA  4.8 -16.1  120.1     NA 28.5 
1801/11/27 19:00:00  0.45 0.00   NA 28.8 26.7 27.6 1013.6 1009.2   NA  4.4 -16.0  119.8     NA 28.6 
1801/11/28 19:00:00  1.40 0.00   NA 28.5 26.2 27.4 1015.2 1009.4   NA  4.4 -15.4  118.9     NA 28.1 
1801/11/29 19:00:00  1.37 0.00   NA 28.8 27.1 27.4 1012.0 1009.5   NA  4.3 -14.8  118.0     NA 28.2 
1801/11/30 19:00:00  0.74 0.00   NA 28.8 26.7 27.4 1012.0 1009.4   NA  4.3 -14.9  117.4     NA 28.2 
1801/12/01 19:00:00  1.05 0.00   NA 28.7 27.0 27.2 1015.2 1009.6   NA  4.4 -14.9  116.6     NA 28.2 
1801/12/02 19:00:00  1.30 0.00   NA 28.1 27.4 26.7 1013.6 1009.8   NA  4.8 -15.1  115.5     NA 27.4 
1801/12/03 19:00:00  1.56 0.00   NA 27.9 26.2 26.5 1013.6 1010.0   NA  4.9 -15.0  114.3     NA 27.0 
1801/12/04 19:00:00  1.39 0.00   NA 27.7 26.4 26.3 1012.0 1010.2   NA  5.1 -15.2  113.2     NA 26.8 
1801/12/05 19:00:00  2.34 0.00   NA 27.4 26.9 25.9 1012.0 1010.7   NA  5.5 -15.7  111.4     NA 26.7 
1801/12/06 19:00:00  1.95 0.00   NA 26.7 25.0 24.9 1014.5 1011.4   NA  6.1 -16.1  109.9     NA 26.0 
1801/12/07 19:00:00  1.84 0.00   NA 26.5 24.5 24.8 1013.6 1011.6   NA  6.3 -16.4  108.4     NA 25.8 
1801/12/08 19:00:00  1.99 0.00   NA 25.6 23.7 24.4 1016.8 1012.1   NA  6.7 -17.4  107.2     NA 24.9 
1801/12/09 19:00:00  1.98 0.00   NA 25.1 23.7 23.9 1015.8 1012.7   NA  7.1 -18.6  106.2     NA 24.1 
1801/12/10 18:00:00  2.61 0.00   NA 24.4 22.5 23.0 1016.8 1013.6   NA  7.4 -19.8  104.5     NA 24.0 
1801/12/11 18:00:00  2.11 0.00   NA 23.6 22.2 22.1 1016.8 1014.5   NA  7.6 -21.1  103.4     NA 23.2 
1801/12/12 18:00:00  1.97 0.00   NA 23.1 21.7 21.7 1018.4 1015.1   NA  7.5 -22.5  102.8     NA 22.6 
1801/12/13 18:00:00  2.11 0.00   NA 22.4 21.9 20.9 1020.0 1015.9   NA  7.4 -24.1  102.2     NA 21.7 
1801/12/14 18:00:00  2.32 0.00   NA 22.1 21.2 20.5 1020.0 1016.8   NA  6.9 -25.5  101.0     NA 21.2 
1801/12/15 18:00:00  1.68 0.00   NA 21.7 19.4 20.1 1016.8 1017.1   NA  6.7 -26.6  100.2     NA 21.0 
1801/12/16 18:00:00  1.90 0.00   NA 21.2 19.4 19.9 1018.4 1017.6   NA  6.3 -27.7   99.1     NA 20.6 
1801/12/17 18:00:00  0.99 0.00   NA 20.8 19.2 19.5 1023.2 1018.0   NA  5.9 -28.4   98.8     NA 20.5 
1801/12/18 18:00:00  2.62 0.00   NA 20.2 18.5 18.7 1016.8 1017.7   NA  6.2 -29.0  101.1     NA 19.2 
1801/12/19 18:00:00  1.71 0.00   NA 20.3 17.7 18.8 1021.6 1017.3   NA  6.4 -29.5  102.5     NA 19.1 
1801/12/20 18:00:00  1.20 0.00   NA 20.3 18.7 18.7 1021.6 1017.0   NA  6.7 -29.9  103.5     NA 19.5 
1801/12/21 19:00:00  2.32 0.00   NA 19.9 18.1 18.2 1021.6 1016.5   NA  7.0 -30.3  105.5     NA 18.9 
1801/12/22 19:00:00  1.20 0.00   NA 20.0 17.1 18.3 1020.0 1016.1   NA  7.3 -30.3  106.6     NA 18.9 
1801/12/23 19:00:00  3.28 0.00   NA 20.3 17.5 18.8 1021.6 1015.0   NA  8.2 -30.1  109.6     NA 19.5 
1801/12/24 19:00:00  1.15 0.00   NA 20.5 19.0 19.0 1023.2 1014.5   NA  8.4 -30.1  110.6     NA 19.8 
1801/12/25 19:00:00  1.99 0.00   NA 19.9 17.1 18.3 1021.6 1015.0   NA  7.8 -31.4  109.7     NA 18.9 
1801/12/26 19:00:00  0.77 0.00   NA 19.9 16.9 18.3 1018.4 1015.0   NA  7.8 -31.9  109.2     NA 18.9 
1801/12/27 19:00:00  1.67 0.00   NA 20.1 16.5 18.6 1021.6 1014.6   NA  8.1 -31.7  110.7     NA 19.3 
1801/12/28 19:00:00  0.28 0.00   NA 20.1 17.5 18.6 1020.0 1014.5   NA  8.1 -31.8  110.9     NA 19.4 
1801/12/29 19:00:00  0.68 0.00   NA 19.6 17.5 18.1 1018.4 1014.7   NA  7.8 -32.0  110.4     NA 19.1 
1801/12/30 19:00:00  1.03 0.00   NA 19.9 17.5 18.4 1018.4 1014.4   NA  8.1 -32.0  111.3     NA 19.2 
1801/12/31 19:00:00  1.81 0.00   NA 19.2 16.2 17.7 1018.4 1014.8   NA  7.3 -33.2  110.4     NA 18.4 
1802/01/01 19:00:00  1.55 0.00   NA 18.3 18.1 16.9 1016.8 1015.3   NA  6.6 -34.1  109.5     NA 17.9 
1802/01/02 19:00:00  0.91 0.00   NA 18.6 17.2 17.1 1013.6 1015.0   NA  6.9 -34.1  110.4     NA 18.0 
1802/01/03 19:00:00  0.80 0.00   NA 18.9 18.7 17.3 1010.4 1014.7   NA  7.2 -34.1  111.1     NA 18.1 
1802/01/04 19:00:00  3.59 0.00   NA 19.1 18.1 17.2 1006.3 1014.1   NA  7.2 -35.2  114.2     NA 18.1 
1802/01/05 19:00:00  3.88 0.00   NA 18.2 14.4 16.8 1009.5 1013.8   NA  6.8 -36.5  117.7     NA 18.1 
1802/01/06 20:00:00  3.00 0.00   NA 17.2 14.1 15.8 1015.2 1013.7   NA  6.8 -37.6  120.2     NA 17.3 
1802/01/07 20:00:00  3.82 0.00   NA 15.5 15.0 14.1 1007.9 1013.8   NA  7.2 -39.6  123.2     NA 14.9 
1802/01/08 20:00:00  3.84 0.00   NA 13.8 12.1 13.1  999.9 1012.8   NA  8.0 -41.2  126.5     NA 13.6 
1802/01/09 20:00:00  3.75 0.00   NA 13.9 13.0 13.5 1003.1 1012.9   NA  7.8 -42.0  130.3     NA 14.1 
1802/01/10 21:00:00  4.68 0.00   NA 13.0 16.2 12.3 1006.3 1011.6   NA  8.3 -43.0  135.1     NA 13.3 
1802/01/11 21:00:00  4.24 0.00   NA 13.6 14.0 12.3 1003.1 1011.6   NA  7.9 -43.8  139.6     NA 14.2 
1802/01/12 21:00:00  3.86 0.00   NA 14.1 12.5 13.3 1003.1 1011.4   NA  7.7 -43.6  143.8     NA 14.0 
1802/01/13 21:00:00  2.84 0.00   NA 14.5 13.1 13.9 1016.8 1011.2   NA  5.1 -43.7  146.8     NA 15.4 
1802/01/14 21:00:00  0.52 0.00   NA 15.0 13.1 14.1 1020.0 1011.2   NA  5.6 -43.4  147.2     NA 16.2 
1802/01/15 21:00:00  0.22 0.00   NA 15.0 12.9 14.2 1010.4 1011.2   NA  5.6 -43.2  147.3     NA 16.2 
1802/01/16 21:00:00  0.06 0.00   NA 15.1 12.9 14.2 1006.3 1011.3   NA  5.6 -43.2  147.3     NA 16.1 
1802/01/17 21:00:00  0.06 0.00   NA 15.1 15.0 14.3  995.1 1011.3   NA  5.6 -43.2  147.4     NA 16.1 
1802/01/18 21:00:00  0.03 0.00   NA 15.1 16.2 14.3  993.5 1011.3   NA  5.6 -43.2  147.4     NA 16.1 
1802/01/19 21:00:00  0.01 0.00   NA 15.2 15.7 14.3 1001.5 1011.4   NA  5.6 -43.2  147.4     NA 16.1 
1802/01/20 21:00:00  0.13 0.00   NA 15.2 14.1 14.4  996.7 1011.5   NA  5.6 -43.1  147.4     NA 16.0 
1802/01/21 21:00:00  0.23 0.00   NA 15.2   NA 14.4     NA 1011.5   NA  5.5 -43.2  147.3     NA 16.0 
1802/01/22 21:00:00  0.02 0.00   NA 15.3   NA 14.4     NA 1011.6   NA  5.5 -43.2  147.3     NA 15.9 
1802/01/23 21:00:00  0.01 0.00   NA 15.3   NA 14.5     NA 1011.6   NA  5.5 -43.2  147.3     NA 15.9 
1802/01/24 21:00:00  0.02 0.00   NA 15.3 22.4 14.5     NA 1011.7   NA  5.5 -43.2  147.3     NA 15.8 
1802/01/25 21:00:00  0.01 0.00   NA 15.3 21.9 14.5     NA 1011.8   NA  5.5 -43.2  147.3     NA 15.8 
1802/01/26 21:00:00  0.02 0.00   NA 15.4 18.7 14.5 1007.9 1011.8   NA  5.5 -43.2  147.3     NA 15.7 
1802/01/27 21:00:00  0.01 0.00   NA 15.4 18.7 14.6  989.4 1011.9   NA  5.5 -43.2  147.3     NA 15.7 
1802/01/28 21:00:00  0.02 0.00   NA 15.4 18.7 14.6 1010.4 1012.0   NA  5.5 -43.2  147.4     NA 15.6 
1802/01/29 21:00:00  0.01 0.00   NA 15.4 18.7 14.6  999.9 1012.0   NA  5.5 -43.2  147.4     NA 15.6 
1802/01/30 21:00:00  0.02 0.00   NA 15.4 16.2 14.6 1021.9 1012.1   NA  5.5 -43.2  147.4     NA 15.5 
1802/01/31 21:00:00  0.01 0.00   NA 15.5 18.1 14.7 1013.6 1012.2   NA  5.5 -43.2  147.4     NA 15.5 
1802/02/01 21:00:00  0.02 0.00   NA 15.5 18.1 14.7 1018.4 1012.2   NA  5.4 -43.2  147.4     NA 15.4 
1802/02/02 21:00:00  0.01 0.00   NA 15.5 17.2 14.7 1020.0 1012.3   NA  5.4 -43.2  147.4     NA 15.4 
1802/02/03 21:00:00  0.02 0.00   NA 15.5 18.7 14.7 1016.8 1012.4   NA  5.4 -43.1  147.4     NA 15.3 
1802/02/04 21:00:00  0.02 0.00   NA 15.5 18.7 14.7 1016.8 1012.4   NA  5.4 -43.1  147.5     NA 15.3 
1802/02/05 21:00:00  0.02 0.00   NA 15.6 18.1 14.7 1013.6 1012.5   NA  5.4 -43.1  147.5     NA 15.2 
1802/02/06 21:00:00  0.01 0.00   NA 15.6 18.6 14.8 1006.3 1012.6   NA  5.4 -43.1  147.5     NA 15.2 
1802/02/07 21:00:00  0.02 0.00   NA 15.6 16.2 14.8 1012.0 1012.6   NA  5.4 -43.1  147.5     NA 15.1 
1802/02/08 21:00:00  0.01 0.00   NA 15.6 16.9 14.8 1012.0 1012.7   NA  5.4 -43.1  147.5     NA 15.1 
1802/02/09 21:00:00  0.02 0.00   NA 15.6 18.5 14.8 1002.2 1012.8   NA  5.4 -43.1  147.5     NA 15.1 
1802/02/10 21:00:00  0.01 0.00   NA 15.6 19.0 14.8 1004.7 1012.9   NA  5.4 -43.1  147.5     NA 15.1 
1802/02/11 21:00:00  0.02 0.00   NA 15.6 16.9 14.8 1007.9 1012.9   NA  5.4 -43.1  147.5     NA 15.0 
1802/02/12 21:00:00  0.01 0.00   NA 15.7 17.5 14.8 1010.4 1013.0   NA  5.4 -43.1  147.5     NA 15.0 
1802/02/13 21:00:00  0.02 0.00   NA 15.7 17.5 14.8 1015.2 1013.1   NA  5.4 -43.1  147.6     NA 15.0 
1802/02/14 21:00:00  0.01 0.00   NA 15.7 17.9 14.8 1015.2 1013.2   NA  5.4 -43.1  147.6     NA 15.0 
1802/02/15 21:00:00  0.02 0.00   NA 15.7 21.1 14.8 1022.9 1013.3   NA  5.4 -43.1  147.6     NA 15.0 
1802/02/16 21:00:00  0.01 0.00   NA 15.7 18.6 14.8 1013.6 1013.4   NA  5.3 -43.1  147.6     NA 14.9 
1802/02/17 21:00:00  0.02 0.00   NA 15.7 20.6 14.8 1016.8 1013.5   NA  5.3 -43.1  147.6     NA 14.9 
1802/02/18 21:00:00  0.55 0.00   NA 16.3 16.2 14.8 1023.2 1013.6   NA  6.7 -43.0  148.2     NA 15.1 
1802/02/19 21:00:00  0.42 0.00   NA 17.1 18.7 15.8 1013.6 1014.2   NA  5.3 -42.7  148.2     NA 16.1 
1802/02/20 21:00:00  0.17 0.00   NA 17.1 19.2 15.8 1009.5 1014.3   NA  5.3 -42.7  148.0     NA 16.1 
1802/02/21 21:00:00  0.03 0.00   NA 17.2 18.7 15.8 1007.9 1014.4   NA  5.3 -42.7  148.0     NA 16.1 
1802/02/22 21:00:00  0.03 0.00   NA 17.2 15.7 15.8 1019.0 1014.5   NA  5.3 -42.7  148.1     NA 16.1 
1802/02/23 21:00:00  0.03 0.00   NA 17.2 17.2 15.8 1010.4 1014.5   NA  5.3 -42.7  148.1     NA 16.1 
1802/02/24 21:00:00  0.02 0.00   NA 17.2 15.0 15.8 1004.7 1014.6   NA  5.3 -42.7  148.1     NA 16.2 
1802/02/25 21:00:00  0.03 0.00   NA 17.2 15.0 15.8 1024.8 1014.7   NA  5.3 -42.7  148.1     NA 16.2 
1802/02/26 21:00:00  0.03 0.00   NA 17.2 17.5 15.8 1020.0 1014.8   NA  5.3 -42.8  148.2     NA 16.2 
1802/02/27 21:00:00  0.03 0.00   NA 17.3 17.5 15.8 1024.2 1014.9   NA  5.3 -42.8  148.2     NA 16.2 
1802/02/28 21:00:00  0.53 0.00   NA 16.3 18.7 14.8 1024.2 1014.6   NA  6.7 -43.1  148.6     NA 15.3 
1802/03/01 21:00:00  0.93 0.00   NA 17.0 16.9 15.7 1020.0 1015.1   NA  7.1 -42.9  149.5     NA 16.7 
1802/03/02 21:00:00  1.00 0.00   NA 17.3 17.5 15.8 1020.0 1015.2   NA  5.3 -42.2  149.0     NA 16.3 
1802/03/03 21:00:00  0.67 0.00   NA 18.0 18.4 16.8 1018.4 1015.6   NA  5.1 -41.7  148.9     NA 17.2 
1802/03/04 21:00:00  0.64 0.00   NA 17.9 18.1 16.7 1013.6 1015.7   NA  6.8 -41.5  149.5     NA 17.6 
1802/03/05 21:00:00  0.23 0.00   NA 17.9 16.2 16.7 1013.6 1015.8   NA  6.8 -41.6  149.3     NA 17.6 
1802/03/06 21:00:00  0.96 0.00   NA 17.3 17.7 15.7 1018.4 1015.5   NA  5.3 -42.2  148.7     NA 16.4 
1802/03/07 21:00:00  0.16 0.00   NA 17.3 18.2 15.7 1011.1 1015.6   NA  5.3 -42.1  148.6     NA 16.5 
1802/03/08 21:00:00  0.32 0.00   NA 18.0 14.4 16.7 1016.8 1016.0   NA  5.1 -41.8  148.6     NA 17.2 
1802/03/09 21:00:00  0.18 0.00   NA 18.0 15.0 16.6 1010.4 1016.1   NA  5.1 -41.7  148.6     NA 17.2 
1802/03/10 21:00:00  0.86 0.00   NA 17.9 13.1 16.5 1026.4 1016.2   NA  6.8 -41.6  149.5     NA 17.6 
1802/03/11 21:00:00  1.21 0.00   NA 17.4 17.2 15.6 1013.6 1015.9   NA  5.4 -42.3  148.6     NA 16.6 
1802/03/12 21:00:00  1.18 0.00   NA 17.1 17.0 15.6 1007.9 1016.0   NA  7.3 -42.2  149.8     NA 16.8 
1802/03/13 21:00:00  0.79 0.00   NA 17.9 20.0 16.5 1009.5 1016.4   NA  6.8 -41.6  149.9     NA 17.6 
1802/03/14 21:00:00  0.54 0.00   NA 17.9 16.7 16.5 1018.4 1016.5   NA  6.8 -41.4  149.4     NA 17.5 
1802/03/15 21:00:00  0.45 0.00   NA 17.9 16.0 16.4 1020.0 1016.5   NA  6.9 -41.0  149.4     NA 17.5 
1802/03/16 21:00:00  0.64 0.00   NA 17.9 15.7 16.4 1025.8 1016.6   NA  6.9 -41.4  149.8     NA 17.5 
1802/03/17 21:00:00  1.15 0.00   NA 18.4 16.0 17.1 1029.6 1017.0   NA  6.3 -40.8  148.9     NA 17.8 
1802/03/18 21:00:00  1.24 0.00   NA 18.5 17.7 16.9 1020.0 1017.2   NA  5.6 -40.6  147.7     NA 18.1 
1802/03/19 21:00:00  0.21 0.00   NA 18.4 19.2 16.9 1013.6 1017.2   NA  5.6 -40.7  147.8     NA 18.1 
1802/03/20 21:00:00  0.57 0.00   NA 18.4 16.9 16.8 1015.2 1017.3   NA  5.6 -40.4  147.5     NA 18.0 
1802/03/21 21:00:00  0.56 0.00   NA 18.3 15.0 16.4  995.1 1017.4   NA  5.7 -40.5  147.0     NA 18.1 
1802/03/22 21:00:00  1.48 0.00   NA 18.4 15.0 17.0 1010.4 1017.6   NA  6.5 -39.4  147.5     NA 17.7 
1802/03/23 21:00:00  1.93 0.00   NA 19.4 14.2 17.6 1015.2 1017.6   NA  7.4 -39.1  149.4     NA 18.1 
1802/03/24 21:00:00  1.11 0.00   NA 19.1 16.2 17.6 1020.0 1017.6   NA  6.3 -38.4  148.7     NA 17.8 
1802/03/25 21:00:00  0.87 0.00   NA 19.8 13.7 18.0 1024.8 1017.7   NA  6.6 -38.9  149.3     NA 18.4 
1802/03/26 21:00:00  0.64 0.00   NA 19.0 15.0 17.5 1036.0 1017.8   NA  6.3 -38.7  148.7     NA 17.8 
1802/03/27 21:00:00  0.79 0.00   NA 18.7 16.0 17.1 1034.4 1017.9   NA  7.0 -39.0  148.1     NA 17.8 
1802/03/28 21:00:00  1.65 0.00   NA 18.0 17.2 16.5 1032.8 1018.0   NA  6.2 -39.5  146.5     NA 17.4 
1802/03/29 21:00:00  1.34 0.00   NA 17.8 18.1 16.3 1034.4 1018.0   NA  4.5 -38.8  145.6     NA 16.8 
1802/03/30 21:00:00  1.03 0.00   NA 17.6 16.5 16.1 1036.0 1018.1   NA  5.2 -38.6  144.6     NA 16.4 
1802/03/31 21:00:00  1.35 0.00   NA 17.3 16.2 15.9 1034.4 1018.2   NA  5.5 -38.9  143.3     NA 16.3 
1802/04/01 21:00:00  1.32 0.00   NA 17.0 17.9 15.6 1031.2 1018.3   NA  5.5 -38.3  142.2     NA 16.3 
1802/04/02 21:00:00  0.96 0.00   NA 16.8 20.0 15.5 1029.6 1018.4   NA  5.7 -38.3  141.3     NA 16.1 
1802/04/03 21:00:00  1.25 0.00   NA 17.2 18.6 15.7 1029.6 1018.5   NA  5.0 -37.9  140.2     NA 16.5 
1802/04/04 21:00:00  0.47 0.00   NA 17.2 18.1 15.7 1023.2 1018.6   NA  5.0 -37.9  140.6     NA 16.4 
1802/04/05 21:00:00  0.50 0.00   NA 17.2 17.5 15.7 1039.2 1018.6   NA  5.0 -37.8  140.2     NA 16.4 
1802/04/06 21:00:00  0.44 0.00   NA 17.2 17.5 15.7 1018.4 1018.7   NA  5.0 -37.5  140.0     NA 16.3 
1802/04/07 21:00:00  0.76 0.00   NA 17.2 16.2 15.6 1018.4 1018.7   NA  5.8 -37.0  139.6     NA 16.3 
1802/04/08 21:00:00  1.31 0.00   NA 17.4 16.2 16.1 1020.0 1018.9   NA  4.9 -36.0  139.4     NA 16.7 
1802/04/09 21:00:00  1.19 0.00   NA 18.5 16.9 16.9 1018.4 1019.0   NA  4.9 -35.6  138.4     NA 17.8 
1802/04/10 21:00:00  0.26 0.00   NA 18.5 17.5 16.9 1015.2 1019.1   NA  4.9 -35.6  138.2     NA 17.7 
1802/04/11 21:00:00  0.45 0.00   NA 18.4 17.5 16.9 1009.5 1019.1   NA  5.6 -35.7  137.7     NA 17.9 
1802/04/12 21:00:00  0.36 0.00   NA 18.4 17.5 16.9 1007.9 1019.2   NA  5.6 -35.5  138.0     NA 17.8 
1802/04/13 21:00:00  0.49 0.00   NA 18.4 16.2 16.8 1021.0 1019.2   NA  4.9 -35.2  138.3     NA 17.5 
1802/04/14 21:00:00  0.46 0.00   NA 18.3 15.6 16.8 1031.2 1019.2   NA  5.6 -35.1  137.9     NA 17.7 
1802/04/15 21:00:00  0.88 0.00   NA 18.3 15.0 16.8 1029.6 1019.3   NA  5.6 -35.5  137.3     NA 17.7 
1802/04/16 21:00:00  0.71 0.00   NA 18.2 18.5 16.7 1023.2 1019.3   NA  5.8 -35.3  136.7     NA 17.8 
1802/04/17 21:00:00  0.85 0.00   NA 18.8 16.9 17.1 1024.8 1019.3   NA  4.5 -34.7  137.1     NA 17.8 
1802/04/18 21:00:00  0.16 0.00   NA 18.8 17.5 17.1 1021.6 1019.4   NA  4.5 -34.7  137.3     NA 17.7 
1802/04/19 21:00:00  0.53 0.00   NA 18.5 15.4 17.0 1015.2 1019.4   NA  4.8 -34.7  136.8     NA 17.8 
1802/04/20 21:00:00  0.42 0.00   NA 18.7 13.5 17.0 1018.4 1019.4   NA  4.5 -34.6  137.2     NA 17.6 
1802/04/21 21:00:00  0.17 0.00   NA 18.6 15.0 17.0 1020.0 1019.4   NA  4.5 -34.7  137.0     NA 17.5 
1802/04/22 21:00:00  0.41 0.00   NA 18.4 14.4 16.9 1013.6 1019.4   NA  4.8 -34.6  136.7     NA 17.6 
1802/04/23 21:00:00  0.29 0.00   NA 18.4 14.5 16.9 1023.2 1019.4   NA  4.8 -34.8  136.5     NA 17.5 
1802/04/24 21:00:00  0.75 0.00   NA 18.0 15.6 16.4 1029.6 1019.3   NA  5.9 -35.4  136.5     NA 17.3 
1802/04/25 21:00:00  0.59 0.00   NA 17.9 15.0 16.4 1032.8 1019.3   NA  6.1 -35.3  135.9     NA 17.0 
1802/04/26 21:00:00  0.96 0.00   NA 18.3 17.5 16.8 1031.2 1019.3   NA  5.1 -34.8  135.2     NA 17.6 
1802/04/27 20:00:00  1.24 0.00   NA 18.8 16.4 17.5 1031.2 1019.3   NA  5.0 -33.9  134.8     NA 18.3 
1802/04/28 20:00:00  0.18 0.00   NA 18.8 17.0 17.4 1026.4 1019.3   NA  5.0 -33.8  134.8     NA 18.3 
1802/04/29 20:00:00  1.10 0.00   NA 18.8 18.5 17.6 1020.0 1019.2   NA  5.9 -33.6  133.8     NA 18.2 
1802/04/30 20:00:00  1.09 0.00   NA 19.1 16.1 18.1 1012.0 1019.2   NA  4.7 -32.8  133.9     NA 18.4 
1802/05/01 20:00:00  0.81 0.00   NA 19.1 18.5 18.1 1009.5 1019.2   NA  4.7 -32.8  133.2     NA 18.3 
1802/05/02 20:00:00  0.59 0.00   NA 19.1 17.9 18.1 1015.2 1019.2   NA  4.7 -32.5  133.6     NA 18.3 
1802/05/03 20:00:00  0.69 0.00   NA 18.7 17.1 17.5 1022.6 1019.2   NA  5.9 -33.0  133.4     NA 18.0 
1802/05/04 20:00:00  0.52 0.00   NA 19.0 17.5 18.1 1016.8 1019.1   NA  5.0 -32.8  133.0     NA 18.0 
1802/05/05 20:00:00  0.54 0.00   NA 19.0 17.9 18.0 1013.6 1019.1   NA  5.0 -32.4  132.8     NA 17.9 
1802/05/06 20:00:00  1.49 0.00   NA 18.6 14.7 17.4 1020.0 1019.1   NA  6.0 -33.4  133.4     NA 17.8 
1802/05/07 20:00:00  0.46 0.00   NA 18.6 15.0 17.3 1022.6 1019.1   NA  6.0 -33.2  133.1     NA 17.7 
1802/05/08 20:00:00  1.46 0.00   NA 18.9 15.0 17.7 1020.0 1018.9   NA  5.5 -32.6  131.9     NA 17.6 
1802/05/09 20:00:00  2.19 0.00   NA 17.8 17.1 16.6 1009.5 1018.8   NA  6.7 -34.2  131.7     NA 16.7 
1802/05/10 20:00:00  2.21 0.00   NA 17.3 16.7 16.0 1011.1 1018.6   NA  6.8 -35.9  132.0     NA 16.4 
1802/05/11 20:00:00  1.80 0.00   NA 15.9 14.7 14.7 1016.8 1017.9   NA  7.3 -37.1  132.9     NA 14.7 
1802/05/12 20:00:00  1.57 0.00   NA 15.3 15.0 13.9 1020.0 1017.7   NA  7.5 -38.1  133.9     NA 13.8 
1802/05/13 21:00:00  3.81 0.00   NA 14.1 13.1 13.0 1013.6 1017.1   NA  8.1 -40.6  135.9     NA 12.8 
1802/05/14 21:00:00  1.99 0.00   NA 13.7 13.4 12.3 1013.6 1016.7   NA  8.4 -41.8  137.2     NA 12.6 
1802/05/15 21:00:00  1.25 0.00   NA 13.0 10.5 11.5 1024.8 1015.8   NA  8.8 -42.8  136.9     NA 12.1 
1802/05/16 21:00:00  0.89 0.00   NA 12.4  9.2 10.7 1028.0 1015.2   NA  9.2 -43.4  137.3     NA 11.7 
1802/05/17 21:00:00  1.91 0.00   NA 12.3 10.0 11.2 1020.0 1015.6   NA  9.1 -43.2  139.4     NA 11.9 
1802/05/18 21:00:00  1.69 0.00   NA 12.5 11.7 11.7 1018.4 1015.9   NA  8.9 -43.7  141.0     NA 11.8 
1802/05/19 21:00:00  4.79 0.00   NA 13.2 13.1 11.9 1013.6 1016.2   NA  5.6 -43.7  146.2     NA 11.5 
1802/05/20 21:00:00  1.24 0.00   NA 13.4 11.2 12.1 1010.4 1016.2   NA  6.0 -43.3  147.5     NA 11.6 
1802/05/21 21:00:00  0.23 0.00   NA 13.3 11.2 12.1 1018.4 1016.2   NA  6.0 -43.3  147.7     NA 11.6 
1802/05/22 21:00:00  0.22 0.00   NA 13.3 13.7 12.0 1013.6 1016.2   NA  6.0 -43.3  148.0     NA 11.6 
1802/05/23 21:00:00  1.29 0.00   NA 14.3 15.0 12.4 1010.4 1016.8   NA  7.8 -42.7  149.1     NA 12.5 
1802/05/24 21:00:00  1.00 0.00   NA 15.0 14.4 13.1 1010.4 1017.4   NA  7.2 -42.0  149.3     NA 13.2 
1802/05/25 21:00:00  0.68 0.00   NA 14.3 14.1 12.5 1009.5 1016.8   NA  5.7 -42.2  148.7     NA 12.3 
1802/05/26 21:00:00  0.17 0.00   NA 14.2 15.1 12.4 1007.9 1016.8   NA  5.7 -42.0  148.7     NA 12.3 
1802/05/27 21:00:00  0.90 0.00   NA 14.8 14.4 13.0 1006.3 1017.4   NA  7.2 -41.4  149.2     NA 13.1 
1802/05/28 21:00:00  0.42 0.00   NA 14.8 14.4 12.9 1013.6 1017.3   NA  7.2 -41.1  149.1     NA 13.0 
1802/05/29 22:00:00  1.39 0.00   NA 14.8 15.4 12.9 1021.6 1017.3   NA  8.0 -41.2  150.5     NA 13.5 
1802/05/30 22:00:00  0.54 0.00   NA 14.8 15.0 12.9 1013.6 1017.2   NA  8.0 -41.6  150.3     NA 13.5 
1802/05/31 21:00:00  0.51 0.00   NA 14.7 13.7 12.8 1018.4 1017.3   NA  7.3 -41.4  149.9     NA 12.9 
1802/06/01 21:00:00  0.85 0.00   NA 14.7 13.1 12.8 1026.4 1017.4   NA  5.4 -41.4  149.0     NA 12.5 
1802/06/02 21:00:00  0.62 0.00   NA 14.6 12.5 12.8 1018.4 1017.3   NA  7.3 -41.7  149.5     NA 12.9 
1802/06/03 22:00:00  1.03 0.00   NA 14.0 12.5 12.2 1009.5 1016.5   NA  8.2 -42.4  150.1     NA 12.7 
1802/06/04 22:00:00  1.69 0.00   NA 14.7 13.7 12.8 1003.1 1017.2   NA  8.0 -41.1  150.8     NA 13.3 
1802/06/05 22:00:00  3.93 0.00   NA 16.8 12.5 14.9 1011.1 1018.0   NA  7.9 -38.7  153.2     NA 15.1 
1802/06/06 22:00:00  2.72 0.00   NA 18.1 14.4 16.0 1020.0 1018.5   NA  7.9 -36.6  153.8     NA 15.7 
1802/06/07 22:00:00  3.06 0.00   NA 19.4 15.5 16.6 1024.8 1019.1   NA  7.3 -34.4  152.8     NA 16.4 
1802/06/08 22:00:00  1.05 0.00   NA 19.9 16.2 16.9 1023.2 1019.1   NA  6.7 -33.7  152.2     NA 16.5 
1802/06/09 22:00:00  0.70 0.00   NA 19.8 18.1 16.8 1013.6 1019.1   NA  6.8 -33.8  152.8     NA 16.5 
1802/06/10 22:00:00  6.54 0.00   NA 16.6 17.0 14.4 1015.2 1018.3   NA  8.0 -38.8  151.9     NA 14.1 
1802/06/11 22:00:00  6.94 0.00   NA 19.0 15.5 16.3 1013.6 1019.3   NA  5.4 -33.4  151.9     NA 15.6 
1802/06/12 22:00:00  0.08 0.00   NA 19.0 15.0 16.2 1015.2 1019.3   NA  5.5 -33.4  151.9     NA 15.6 
1802/06/13 22:00:00  0.84 0.00   NA 19.0 14.0 16.3 1010.4 1019.1   NA  7.4 -34.1  152.0     NA 16.1 
1802/06/14 22:00:00  0.64 0.00   NA 18.9 13.7 16.1 1015.2 1019.3   NA  5.5 -33.8  151.5     NA 15.5 
1802/06/15 22:00:00  0.14 0.00   NA 18.8 14.6 16.0 1015.2 1019.3   NA  5.5 -33.8  151.6     NA 15.5 
1802/06/16 22:00:00  0.39 0.00   NA 18.8 13.1 16.0 1020.0 1019.3   NA  5.5 -33.5  151.8     NA 15.5 
1802/06/17 22:00:00  0.78 0.00   NA 18.8 11.9 16.0 1012.0 1019.0   NA  7.5 -34.1  152.0     NA 15.9 
1802/06/18 22:00:00  0.84 0.00   NA 18.7 12.5 15.9 1009.5 1019.3   NA  5.6 -33.6  151.5     NA 15.4 
1802/06/19 22:00:00  0.26 0.00   NA 18.6 13.7 15.8 1015.2 1019.3   NA  5.6 -33.8  151.4     NA 15.4 
1802/06/20 22:00:00  0.11 0.00   NA 18.6 13.1 15.8 1020.0 1019.3   NA  5.6 -33.8  151.3     NA 15.3 
1802/06/21 22:00:00  0.16 0.00   NA 18.5 12.5 15.7 1018.4 1019.3   NA  5.6 -33.8  151.2     NA 15.3 
1802/06/22 22:00:00  0.04 0.00   NA 18.5 11.2 15.7 1022.6 1019.3   NA  5.6 -33.8  151.2     NA 15.2 
1802/06/23 22:00:00  0.09 0.00   NA 18.5 12.5 15.6 1023.2 1019.3   NA  5.6 -33.9  151.2     NA 15.2 
1802/06/24 22:00:00  0.00 0.00   NA 18.4 10.6 15.6 1021.3 1019.3   NA  5.6 -33.9  151.2     NA 15.2 
1802/06/25 22:00:00  0.00 0.00   NA 18.4   NA 15.6     NA 1019.3   NA  5.6 -33.9  151.2     NA 15.1 
1802/06/26 22:00:00  0.00 0.00   NA 18.3 12.4 15.5 1018.4 1019.2   NA  5.6 -33.9  151.2     NA 15.1 
1802/06/27 22:00:00  0.00 0.00   NA 18.3 12.2 15.5 1029.6 1019.2   NA  5.6 -33.9  151.2     NA 15.1 
1802/06/28 22:00:00  0.00 0.00   NA 18.3 12.2 15.4     NA 1019.2   NA  5.6 -33.9  151.2     NA 15.1 
1802/06/29 22:00:00  0.00 0.00   NA 18.2 15.0 15.4     NA 1019.2   NA  5.6 -33.9  151.2     NA 15.0 
1802/06/30 22:00:00  0.00 0.00   NA 18.2 15.6 15.3 1016.8 1019.2   NA  5.6 -33.9  151.2     NA 15.0 
1802/07/01 22:00:00  0.00 0.00   NA 18.2 13.7 15.3 1021.6 1019.2   NA  5.6 -33.9  151.2     NA 15.0 
1802/07/02 22:00:00  0.00 0.00   NA 18.1 15.4 15.3 1023.2 1019.1   NA  5.7 -33.9  151.2     NA 14.9 
1802/07/03 22:00:00  0.00 0.00   NA 18.1 23.7 15.2     NA 1019.1   NA  5.7 -33.9  151.2     NA 14.9 
1802/07/04 22:00:00  0.00 0.00   NA 18.0 20.0 15.2     NA 1019.1   NA  5.7 -33.9  151.2     NA 14.9 
1802/07/05 22:00:00  0.00 0.00   NA 18.0 16.2 15.1     NA 1019.1   NA  5.7 -33.9  151.2     NA 14.8 
1802/07/06 22:00:00  0.01 0.00   NA 18.0 15.6 15.1     NA 1019.1   NA  5.7 -33.9  151.2     NA 14.8 
1802/07/07 22:00:00  0.00 0.00   NA 17.9 22.0 15.1     NA 1019.0   NA  5.7 -33.9  151.2     NA 14.8 
1802/07/08 22:00:00  0.00 0.00   NA 17.9 13.7 15.0     NA 1019.0   NA  5.7 -33.9  151.2     NA 14.8 
1802/07/09 22:00:00  0.00 0.00   NA 17.9 14.0 15.0 1011.1 1019.0   NA  5.7 -33.9  151.2     NA 14.7 
1802/07/10 22:00:00  0.00 0.00   NA 17.9 16.0 15.0 1014.2 1019.0   NA  5.7 -33.9  151.2     NA 14.7 
1802/07/11 22:00:00  0.00 0.00   NA 17.8 13.1 14.9 1012.6 1018.9   NA  5.7 -33.9  151.2     NA 14.7 
1802/07/12 22:00:00  0.00 0.00   NA 17.8 16.6 14.9 1016.8 1018.9   NA  5.7 -33.9  151.2     NA 14.7 
1802/07/13 22:00:00  0.00 0.00   NA 17.8 17.2 14.9 1017.7 1018.9   NA  5.7 -33.9  151.2     NA 14.7 
1802/07/14 22:00:00  0.00 0.00   NA 17.8 20.2 14.9 1023.8 1018.8   NA  5.7 -33.9  151.2     NA 14.6 
1802/07/15 22:00:00  0.00 0.00   NA 17.7 17.5 14.9 1017.7 1018.8   NA  5.7 -33.9  151.2     NA 14.6 
1802/07/16 22:00:00  0.00 0.00   NA 17.7 14.7 14.9 1024.5 1018.8   NA  5.7 -33.9  151.2     NA 14.6 
1802/07/17 22:00:00  0.00 0.00   NA 17.7 13.7 14.8 1021.0 1018.7   NA  5.7 -33.9  151.2     NA 14.6 
1802/07/18 22:00:00  0.01 0.00   NA 17.7   NA 14.8 1017.7 1018.7   NA  5.7 -33.9  151.2     NA 14.6 
1802/07/19 22:00:00  0.00 0.00   NA 17.7 16.9 14.9 1019.7 1018.6   NA  5.7 -33.9  151.2     NA 14.6 
1802/07/20 22:00:00  0.00 0.00   NA 17.6 11.9 14.9 1016.1 1018.6   NA  5.7 -33.9  151.2     NA 14.6 
1802/07/21 22:00:00  0.00 0.00   NA 17.6 17.7 14.9 1013.6 1018.6   NA  5.7 -33.9  151.2     NA 14.6 
1802/07/22 22:00:00  0.00 0.00   NA 17.6 14.0 14.9 1017.7 1018.5   NA  5.7 -33.9  151.2     NA 14.6 
1802/07/23 22:00:00  0.00 0.00   NA 17.6 15.4 14.9 1017.4 1018.5   NA  5.7 -33.9  151.2     NA 14.6 
1802/07/24 22:00:00  0.00 0.00   NA 17.6 13.1 14.9 1021.9 1018.4   NA  5.7 -33.9  151.2     NA 14.6 
1802/07/25 22:00:00  0.00 0.00   NA 17.6 19.7 14.9 1021.3 1018.4   NA  5.7 -33.9  151.2     NA 14.6 
1802/07/26 22:00:00  0.00 0.00   NA 17.6 15.2 14.9 1019.0 1018.3   NA  5.7 -33.9  151.2     NA 14.6 
1802/07/27 22:00:00  0.00 0.00   NA 17.6 18.1 14.9 1014.5 1018.3   NA  5.7 -33.9  151.2     NA 14.6 
1802/07/28 22:00:00  0.00 0.00   NA 17.6 15.5 14.9 1011.8 1018.2   NA  5.7 -33.9  151.2     NA 14.6 
1802/07/29 22:00:00  0.00 0.00   NA 17.6 17.5 14.9 1011.0 1018.1   NA  5.7 -33.9  151.2     NA 14.6 
1802/07/30 22:00:00  0.01 0.00   NA 17.6 14.4 15.0 1012.0 1018.1   NA  5.7 -33.9  151.2     NA 14.6 
1802/07/31 22:00:00  0.00 0.00   NA 17.5 16.2 15.0 1022.2 1018.0   NA  5.7 -33.9  151.2     NA 14.6 
1802/08/01 22:00:00  0.00 0.00   NA 17.5 14.4 15.0 1032.8 1018.0   NA  5.7 -33.9  151.2     NA 14.6 
1802/08/02 22:00:00  0.00 0.00   NA 17.5 18.2 15.0 1024.2 1017.9   NA  5.7 -33.9  151.2     NA 14.6 
1802/08/03 22:00:00  0.00 0.00   NA 17.5 13.0 15.0 1005.4 1017.9   NA  5.7 -33.9  151.2     NA 14.6 
1802/08/04 22:00:00  0.00 0.00   NA 17.5 17.0 15.0 1005.4 1017.8   NA  5.7 -33.9  151.2     NA 14.6 
1802/08/05 22:00:00  0.00 0.00   NA 17.5 18.4 15.0 1010.2 1017.8   NA  5.7 -33.9  151.2     NA 14.7 
1802/08/06 22:00:00  0.00 0.00   NA 17.5 18.5 15.1 1014.5 1017.7   NA  5.7 -33.9  151.2     NA 14.7 
1802/08/07 22:00:00  0.00 0.00   NA 17.5 18.7 15.1 1021.9 1017.7   NA  5.7 -33.9  151.2     NA 14.7 
1802/08/08 22:00:00  0.00 0.00   NA 17.5 16.2 15.1 1025.8 1017.6   NA  5.7 -33.9  151.2     NA 14.7 
1802/08/09 22:00:00  0.00 0.00   NA 17.5 14.7 15.1 1029.0 1017.6   NA  5.7 -33.9  151.2     NA 14.7 
1802/08/10 22:00:00  0.00 0.00   NA 17.5 14.0 15.1 1029.6 1017.5   NA  5.7 -33.9  151.2     NA 14.8 
1802/08/11 22:00:00  0.00 0.00   NA 17.5 18.2 15.1 1028.6 1017.5   NA  5.7 -33.9  151.2     NA 14.8 
1802/08/12 22:00:00  0.00 0.00   NA 17.5 18.4 15.2 1026.7 1017.5   NA  5.7 -33.9  151.2     NA 14.8 
1802/08/13 22:00:00  0.00 0.00   NA 17.5 19.1 15.2 1021.6 1017.4   NA  5.7 -33.9  151.2     NA 14.8 
1802/08/14 22:00:00  0.00 0.00   NA 17.5 16.6 15.2 1017.1 1017.4   NA  5.6 -33.9  151.2     NA 14.9 
1802/08/15 22:00:00  0.00 0.00   NA 17.5 20.6 15.2 1013.9 1017.3   NA  5.6 -33.9  151.2     NA 14.9 
1802/08/16 22:00:00  0.00 0.00   NA 17.5 20.0 15.3 1011.5 1017.3   NA  5.6 -33.9  151.2     NA 14.9 
1802/08/17 22:00:00  0.00 0.00   NA 17.5 17.2 15.3 1011.1 1017.3   NA  5.6 -33.9  151.2     NA 15.0 
1802/08/18 22:00:00  0.00 0.00   NA 17.5 19.1 15.3 1010.4 1017.3   NA  5.6 -33.9  151.2     NA 15.0 
1802/08/19 22:00:00  0.00 0.00   NA 17.5 16.9 15.3 1010.2 1017.2   NA  5.6 -33.9  151.2     NA 15.0 
1802/08/20 22:00:00  0.00 0.00   NA 17.6 18.7 15.4 1009.5 1017.2   NA  5.6 -33.9  151.2     NA 15.0 
1802/08/21 22:00:00  0.00 0.00   NA 17.6 19.4 15.4 1011.5 1017.2   NA  5.6 -33.9  151.2     NA 15.1 
1802/08/22 22:00:00  0.00 0.00   NA 17.6 16.9 15.4 1014.9 1017.2   NA  5.6 -33.9  151.2     NA 15.1 
1802/08/23 22:00:00  0.00 0.00   NA 17.6 17.2 15.5 1010.4 1017.2   NA  5.6 -33.9  151.2     NA 15.2 
1802/08/24 22:00:00  0.01 0.00   NA 17.6   NA 15.5     NA 1017.2   NA  5.6 -33.9  151.2     NA 15.2 
1802/08/25 22:00:00  0.00 0.00   NA 17.6 19.6 15.5 1007.0 1017.2   NA  5.6 -33.9  151.2     NA 15.2 
1802/08/26 22:00:00  0.00 0.00   NA 17.7 21.2 15.5 1011.3 1017.1   NA  5.6 -33.9  151.2     NA 15.3 
1802/08/27 22:00:00  0.00 0.00   NA 17.7 19.7 15.6 1017.7 1017.1   NA  5.6 -33.9  151.2     NA 15.3 
1802/08/28 22:00:00  0.00 0.00   NA 17.7 21.9 15.6 1014.5 1017.1   NA  5.6 -33.9  151.2     NA 15.3 
1802/08/29 22:00:00  0.00 0.00   NA 17.7 25.0 15.6 1011.8 1017.1   NA  5.6 -33.9  151.2     NA 15.4 
1802/08/30 22:00:00  0.00 0.00   NA 17.7 20.9 15.7 1011.8 1017.1   NA  5.6 -33.9  151.2     NA 15.4 
1802/08/31 22:00:00  0.00 0.00   NA 17.8 23.7 15.7 1004.4 1017.1   NA  5.5 -33.9  151.2     NA 15.5 
1802/09/01 22:00:00  0.00 0.00   NA 17.8 15.6 15.7  996.7 1017.1   NA  5.5 -33.9  151.2     NA 15.5 
1802/09/02 22:00:00  0.00 0.00   NA 17.8 18.5 15.8 1012.0 1017.1   NA  5.5 -33.9  151.2     NA 15.5 
1802/09/03 22:00:00  0.00 0.00   NA 17.8 21.2 15.8 1015.5 1017.1   NA  5.5 -33.9  151.2     NA 15.6 
1802/09/04 22:00:00  0.00 0.00   NA 17.8 19.6 15.8 1015.8 1017.1   NA  5.5 -33.9  151.2     NA 15.6 
1802/09/05 22:00:00  0.01 0.00   NA 17.9 22.5 15.9 1005.7 1017.1   NA  5.5 -33.9  151.2     NA 15.7 
1802/09/06 22:00:00  0.00 0.00   NA 17.9 22.9 15.9 1023.5 1017.1   NA  5.5 -33.9  151.2     NA 15.7 
1802/09/07 22:00:00  0.00 0.00   NA 17.9 17.5 15.9 1026.4 1017.1   NA  5.5 -33.9  151.2     NA 15.7 
1802/09/08 22:00:00  0.00 0.00   NA 17.9 17.7 16.0 1018.4 1017.1   NA  5.5 -33.9  151.2     NA 15.8 
1802/09/09 22:00:00  0.00 0.00   NA 17.9   NA 16.0     NA 1017.0   NA  5.5 -33.9  151.2     NA 15.8 
1802/09/10 22:00:00  0.00 0.00   NA 18.0 17.5 16.0 1024.2 1017.0   NA  5.5 -33.9  151.2     NA 15.9 
1802/09/11 22:00:00  0.00 0.00   NA 18.0 20.0 16.1 1022.2 1017.0   NA  5.4 -33.9  151.2     NA 15.9 
1802/09/12 22:00:00  0.00 0.00   NA 18.0 16.2 16.1 1011.0 1017.0   NA  5.4 -33.9  151.2     NA 16.0 
1802/09/13 22:00:00  0.00 0.00   NA 18.0 20.0 16.2 1004.4 1017.0   NA  5.4 -33.9  151.2     NA 16.0 
1802/09/14 22:00:00  0.00 0.00   NA 18.1 22.2 16.2 1012.0 1017.0   NA  5.4 -33.9  151.2     NA 16.1 
1802/09/15 22:00:00  0.00 0.00   NA 18.1 19.4 16.2 1001.9 1017.0   NA  5.4 -33.9  151.2     NA 16.1 
1802/09/16 22:00:00  0.00 0.00   NA 18.1 21.6 16.3 1018.1 1017.0   NA  5.4 -33.9  151.2     NA 16.2 
1802/09/17 22:00:00  0.00 0.00   NA 18.1 24.5 16.3 1015.5 1016.9   NA  5.4 -33.9  151.2     NA 16.2 
1802/09/18 22:00:00  0.01 0.00   NA 18.1 19.5 16.3 1007.9 1016.9   NA  5.4 -33.9  151.2     NA 16.3 
1802/09/19 22:00:00  0.00 0.00   NA 18.2 21.2 16.4 1010.5 1016.9   NA  5.4 -33.9  151.2     NA 16.3 
1802/09/20 22:00:00  0.00 0.00   NA 18.2 19.4 16.4 1013.3 1016.9   NA  5.4 -33.9  151.2     NA 16.4 
1802/09/21 22:00:00  0.00 0.00   NA 18.2 15.7 16.5 1022.6 1016.9   NA  5.4 -33.9  151.2     NA 16.4 
1802/09/22 22:00:00  0.00 0.00   NA 18.2 17.9 16.5 1017.7 1016.8   NA  5.4 -33.9  151.2     NA 16.5 
1802/09/23 22:00:00  0.00 0.00   NA 18.3 25.0 16.6 1012.6 1016.8   NA  5.4 -33.9  151.2     NA 16.5 
1802/09/24 22:00:00  0.00 0.00   NA 18.3 19.1 16.6 1015.8 1016.8   NA  5.3 -33.9  151.2     NA 16.6 
1802/09/25 22:00:00  0.00 0.00   NA 18.3 17.2 16.7 1017.7 1016.7   NA  5.3 -33.9  151.2     NA 16.7 
1802/09/26 22:00:00  0.00 0.00   NA 18.3 18.2 16.7 1012.0 1016.7   NA  5.3 -33.9  151.2     NA 16.7 
1802/09/27 22:00:00  0.00 0.00   NA 18.4 20.0 16.8 1014.5 1016.7   NA  5.3 -33.9  151.2     NA 16.8 
1802/09/28 22:00:00  0.00 0.00   NA 18.4 20.6 16.8     NA 1016.6   NA  5.3 -33.9  151.2     NA 16.8 
1802/09/29 22:00:00  0.00 0.00   NA 18.4 20.6 16.9 1021.0 1016.6   NA  5.3 -33.9  151.2     NA 16.9 
1802/09/30 22:00:00  0.00 0.00   NA 18.4 17.2 16.9 1022.6 1016.6   NA  5.3 -33.9  151.2     NA 16.9 
1802/10/01 22:00:00  0.00 0.00   NA 18.5 21.6 16.9 1010.7 1016.5   NA  5.3 -33.9  151.2     NA 17.0 
1802/10/02 22:00:00  0.00 0.00   NA 18.5   NA 17.0     NA 1016.5   NA  5.3 -33.9  151.2     NA 17.1 
1802/10/03 22:00:00  0.00 0.00   NA 18.5   NA 17.0     NA 1016.5   NA  5.3 -33.9  151.2     NA 17.1 
1802/10/04 22:00:00  0.00 0.00   NA 18.5   NA 17.1     NA 1016.4   NA  5.3 -33.9  151.2     NA 17.2 
1802/10/05 22:00:00  0.00 0.00   NA 18.5 18.7 17.1 1018.4 1016.4   NA  5.3 -33.9  151.2     NA 17.3 
1802/10/06 22:00:00  0.00 0.00   NA 18.6 19.4 17.2 1018.1 1016.4   NA  5.3 -33.9  151.2     NA 17.3 
1802/10/07 22:00:00  0.00 0.00   NA 18.6 20.0 17.2 1010.7 1016.3   NA  5.3 -33.9  151.2     NA 17.4 
1802/10/08 22:00:00  0.00 0.00   NA 18.6 20.6 17.3 1015.2 1016.3   NA  5.3 -33.9  151.2     NA 17.4 
1802/10/09 22:00:00  0.00 0.00   NA 18.6 21.2 17.3 1023.5 1016.2   NA  5.3 -33.9  151.2     NA 17.5 
1802/10/10 22:00:00  0.00 0.00   NA 18.7 21.2 17.4 1016.1 1016.2   NA  5.3 -33.9  151.2     NA 17.6 
1802/10/11 22:00:00  0.00 0.00   NA 18.7 26.2 17.4 1010.7 1016.2   NA  5.3 -33.9  151.2     NA 17.6 
1802/10/12 22:00:00  0.00 0.00   NA 18.7 20.6 17.5 1014.2 1016.1   NA  5.2 -33.9  151.2     NA 17.7 
1802/10/13 22:00:00  0.01 0.00   NA 18.8 16.5 17.5 1017.1 1016.1   NA  5.2 -33.9  151.2     NA 17.8 
1802/10/14 22:00:00  0.00 0.00   NA 18.8 18.7 17.6 1009.5 1016.0   NA  5.2 -33.9  151.2     NA 17.8 
1802/10/15 22:00:00  0.00 0.00   NA 18.8 18.1 17.6 1012.6 1016.0   NA  5.2 -33.9  151.2     NA 17.9 
1802/10/16 22:00:00  0.00 0.00   NA 18.8   NA 17.6     NA 1015.9   NA  5.2 -33.9  151.2     NA 17.9 
1802/10/17 22:00:00  0.00 0.00   NA 18.9 18.7 17.7 1017.7 1015.9   NA  5.2 -33.9  151.2     NA 18.0 
1802/10/18 22:00:00  0.00 0.00   NA 18.9 20.6 17.7 1021.0 1015.8   NA  5.2 -33.9  151.2     NA 18.1 
1802/10/19 22:00:00  0.00 0.00   NA 18.9 21.0 17.8 1021.9 1015.8   NA  5.2 -33.9  151.2     NA 18.1 
1802/10/20 22:00:00  0.00 0.00   NA 19.0 21.9 17.8 1019.4 1015.7   NA  5.2 -33.9  151.2     NA 18.2 
1802/10/21 22:00:00  0.00 0.00   NA 19.0 22.5 17.8 1015.5 1015.7   NA  5.2 -33.9  151.2     NA 18.2 
1802/10/22 22:00:00  0.00 0.00   NA 19.0 21.2 17.9     NA 1015.6   NA  5.2 -33.9  151.2     NA 18.3 
1802/10/23 22:00:00  0.00 0.00   NA 19.1 28.7 17.9 1010.7 1015.5   NA  5.2 -33.9  151.2     NA 18.3 
1802/10/24 22:00:00  0.00 0.00   NA 19.1 20.2 17.9 1017.4 1015.5   NA  5.2 -33.9  151.2     NA 18.4 
1802/10/25 22:00:00  0.01 0.00   NA 19.1 21.6 18.0 1014.2 1015.4   NA  5.2 -33.9  151.2     NA 18.4 
1802/10/26 22:00:00  0.00 0.00   NA 19.2 22.9 18.0  999.0 1015.3   NA  5.2 -33.9  151.2     NA 18.5 
1802/10/27 22:00:00  0.00 0.00   NA 19.2 20.6 18.0 1012.9 1015.3   NA  5.2 -33.9  151.2     NA 18.5 
1802/10/28 22:00:00  0.00 0.00   NA 19.3 20.0 18.1 1020.0 1015.2   NA  5.2 -33.9  151.2     NA 18.6 
1802/10/29 22:00:00  0.00 0.00   NA 19.3 19.4 18.1 1021.0 1015.1   NA  5.2 -33.9  151.2     NA 18.6 
1802/10/30 22:00:00  0.00 0.00   NA 19.3   NA 18.1     NA 1015.0   NA  5.2 -33.9  151.2     NA 18.7 
1802/10/31 22:00:00  0.00 0.00   NA 19.4 19.7 18.2 1021.9 1015.0   NA  5.2 -33.9  151.2     NA 18.7 
1802/11/01 22:00:00  0.00 0.00   NA 19.4 18.7 18.2 1023.5 1014.9   NA  5.2 -33.9  151.2     NA 18.8 
1802/11/02 22:00:00  0.00 0.00   NA 19.5   NA 18.2     NA 1014.8   NA  5.2 -33.9  151.2     NA 18.8 
1802/11/03 22:00:00  0.00 0.00   NA 19.5   NA 18.3     NA 1014.8   NA  5.2 -33.9  151.2     NA 18.9 
1802/11/04 22:00:00  0.00 0.00   NA 19.5   NA 18.3     NA 1014.7   NA  5.2 -33.9  151.2     NA 18.9 
1802/11/05 22:00:00  0.00 0.00   NA 19.6 18.7 18.3 1011.8 1014.6   NA  5.2 -33.9  151.2     NA 18.9 
1802/11/06 22:00:00  0.01 0.00   NA 19.6   NA 18.4     NA 1014.5   NA  5.2 -33.9  151.1     NA 19.0 
1802/11/07 22:00:00  0.00 0.00   NA 19.7 19.4 18.4 1024.8 1014.5   NA  5.2 -33.9  151.1     NA 19.0 
1802/11/08 22:00:00  0.00 0.00   NA 19.7 21.9 18.4 1022.6 1014.4   NA  5.2 -33.9  151.1     NA 19.0 
1802/11/09 22:00:00  0.00 0.00   NA 19.7 21.2 18.5 1022.6 1014.3   NA  5.2 -33.9  151.1     NA 19.1 
1802/11/10 22:00:00  0.00 0.00   NA 19.8 20.0 18.5 1023.2 1014.3   NA  5.2 -33.9  151.1     NA 19.1 
1802/11/11 22:00:00  0.00 0.00   NA 19.8   NA 18.6     NA 1014.2   NA  5.2 -33.9  151.1     NA 19.1 
1802/11/12 22:00:00  0.00 0.00   NA 19.9 18.4 18.6 1023.2 1014.1   NA  5.2 -33.9  151.1     NA 19.2 
1802/11/13 22:00:00  0.00 0.00   NA 19.9 17.6 18.6 1021.9 1014.1   NA  5.2 -33.9  151.1     NA 19.2 
1802/11/14 22:00:00  0.00 0.00   NA 20.0 21.2 18.7 1018.7 1014.0   NA  5.2 -33.9  151.1     NA 19.2 
1802/11/15 22:00:00  0.00 0.00   NA 20.0 18.7 18.7 1025.8 1013.9   NA  5.2 -33.9  151.1     NA 19.3 
1802/11/16 22:00:00  0.00 0.00   NA 20.1   NA 18.8     NA 1013.9   NA  5.1 -33.9  151.1     NA 19.3 
1802/11/17 22:00:00  0.00 0.00   NA 20.1   NA 18.8     NA 1013.8   NA  5.1 -33.9  151.1     NA 19.3 
1802/11/18 22:00:00  0.00 0.00   NA 20.2 19.4 18.9 1013.6 1013.7   NA  5.1 -33.9  151.1     NA 19.4 
1802/11/19 22:00:00  0.52 0.00   NA 20.2 17.2 18.9 1020.0 1013.7   NA  5.1 -33.8  151.6     NA 19.4 
1802/11/20 22:00:00  3.15 0.00   NA 18.5 19.4 16.7 1015.2 1013.7   NA  4.6 -36.1  150.6     NA 17.0 
1802/11/21 22:00:00  1.80 0.00   NA 17.5 16.9 16.1 1011.1 1013.6   NA  5.9 -37.5  150.8     NA 16.2 
1802/11/22 22:00:00  1.37 0.00   NA 17.0 16.6 15.7 1015.2 1013.5   NA  7.7 -38.5  151.1     NA 16.4 
1802/11/23 22:00:00  0.85 0.00   NA 16.8 18.5 15.6 1015.2 1013.4   NA  7.3 -38.6  150.3     NA 16.2 
1802/11/24 21:00:00  1.88 0.00   NA 15.5 19.4 14.5 1009.5 1013.5   NA  7.3 -39.6  148.8     NA 15.4 
1802/11/25 21:00:00  1.06 0.00   NA 15.8 19.0 14.9  996.7 1013.4   NA  6.5 -39.0  148.1     NA 15.4 
1802/11/26 21:00:00  0.25 0.00   NA 15.5 15.2 14.5  993.5 1013.4   NA  5.3 -39.0  147.9     NA 15.0 
1802/11/27 21:00:00  0.60 0.00   NA 15.7 16.2 14.7 1006.3 1013.2   NA  7.3 -39.1  148.5     NA 15.4 
1802/11/28 21:00:00  0.35 0.00   NA 15.9 14.4 15.0 1012.0 1013.2   NA  6.5 -39.0  148.7     NA 15.4 
1802/11/29 21:00:00  0.28 0.00   NA 16.0 15.0 15.0 1016.8 1013.1   NA  6.5 -38.8  148.9     NA 15.4 
1802/11/30 21:00:00  1.04 0.00   NA 15.8 15.0 14.8 1020.0 1013.0   NA  7.3 -39.6  148.7     NA 15.5 
1802/12/01 21:00:00  0.08 0.00   NA 15.8 16.2 14.8 1016.8 1012.9   NA  7.3 -39.6  148.7     NA 15.6 
1802/12/02 21:00:00  0.34 0.00   NA 15.9 18.7 14.9 1018.4 1012.9   NA  7.3 -39.5  148.3     NA 15.6 
1802/12/03 21:00:00  1.52 0.00   NA 15.7 17.5 14.5 1012.0 1012.9   NA  6.4 -39.4  146.8     NA 15.1 
1802/12/04 21:00:00  0.53 0.00   NA 15.7 14.6 14.5 1016.8 1012.9   NA  6.4 -39.8  146.7     NA 15.1 
1802/12/05 21:00:00  0.80 0.00   NA 15.8 17.5 14.5 1022.2 1012.6   NA  6.0 -40.2  146.0     NA 15.1 
1802/12/06 21:00:00  1.42 0.00   NA 15.1 15.0 13.9 1006.3 1012.7   NA  7.3 -40.2  144.6     NA 15.2 
1802/12/07 21:00:00  0.37 0.00   NA 15.6 16.2 14.2 1020.0 1012.8   NA  7.0 -39.9  144.5     NA 15.2 
1802/12/08 21:00:00  0.20 0.00   NA 15.6 16.9 14.3 1016.8 1012.7   NA  7.0 -39.7  144.5     NA 15.2 
1802/12/09 21:00:00  0.18 0.00   NA 15.7 19.5 14.3 1018.4 1012.6   NA  7.0 -39.6  144.5     NA 15.3 
1802/12/10 21:00:00  0.20 0.00   NA 15.7 18.7 14.3 1021.0 1012.6   NA  7.0 -39.4  144.6     NA 15.4 
1802/12/11 21:00:00  0.20 0.00   NA 15.8 23.7 14.4 1020.0 1012.5   NA  7.0 -39.3  144.6     NA 15.5 
1802/12/12 21:00:00  0.18 0.00   NA 15.8 17.5 14.4 1015.2 1012.4   NA  6.9 -39.1  144.6     NA 15.5 
1802/12/13 21:00:00  0.20 0.00   NA 15.9 18.7 14.5 1009.5 1012.4   NA  6.9 -39.0  144.7     NA 15.6 
1802/12/14 21:00:00  1.17 0.00   NA 15.9 18.7 14.5 1009.5 1012.3   NA  6.9 -39.9  144.4     NA 15.7 
1802/12/15 21:00:00  0.60 0.00   NA 16.0 16.9 14.6 1003.1 1012.3   NA  6.9 -39.6  144.9     NA 15.8 
1802/12/16 21:00:00  0.45 0.00   NA 16.2 16.6 14.9 1006.3 1012.2   NA  6.6 -39.4  145.3     NA 16.1 
1802/12/17 21:00:00  0.37 0.00   NA 16.2 13.1 15.0  993.5 1012.1   NA  6.6 -39.7  145.2     NA 16.1 
1802/12/18 21:00:00  0.77 0.00   NA 16.3 16.2 15.0 1006.3 1012.1   NA  6.6 -39.2  145.7     NA 16.2 
1802/12/19 21:00:00  0.69 0.00   NA 16.4 16.2 15.3 1003.1 1012.0   NA  6.4 -39.6  146.3     NA 16.1 
1802/12/20 21:00:00  0.59 0.00   NA 16.5 13.1 15.2 1001.5 1011.8   NA  6.0 -40.0  146.3     NA 16.3 
1802/12/21 21:00:00  1.38 0.00   NA 16.4 13.7 15.2 1016.1 1012.1   NA  6.6 -39.1  145.6     NA 16.5 
1802/12/22 21:00:00  0.51 0.00   NA 16.5 14.7 15.2 1011.1 1012.1   NA  6.6 -39.4  145.3     NA 16.5 
1802/12/23 21:00:00  1.06 0.00   NA 16.3 17.5 15.0 1016.8 1012.2   NA  6.9 -39.9  144.4     NA 16.4 
1802/12/24 21:00:00  0.34 0.00   NA 15.9 17.5 14.7 1018.4 1012.0   NA  7.2 -40.0  144.7     NA 16.4 
1802/12/25 21:00:00  0.35 0.00   NA 16.6 17.5 15.2 1013.6 1011.9   NA  6.8 -40.2  145.0     NA 17.0 
1802/12/26 21:00:00  0.28 0.00   NA 16.7 17.5 15.2 1015.2 1011.9   NA  6.8 -40.3  145.2     NA 17.0 
1802/12/27 21:00:00  0.92 0.00   NA 16.5 18.7 15.2 1016.8 1012.2   NA  6.9 -39.9  144.5     NA 16.6 
1802/12/28 21:00:00  0.76 0.00   NA 15.7 20.7 14.6 1001.5 1012.2   NA  7.2 -40.2  143.8     NA 16.0 
1802/12/29 21:00:00  0.71 0.00   NA 16.3 15.6 15.1 1020.0 1012.4   NA  7.0 -40.0  143.2     NA 16.1 
1802/12/30 21:00:00  2.58 0.00   NA 16.1 18.1 15.1 1026.4 1012.7   NA  6.1 -38.9  141.1     NA 16.3 
1802/12/31 21:00:00  1.80 0.00   NA 16.7 20.0 15.5 1018.4 1012.8   NA  5.6 -37.8  140.0     NA 16.9 
1803/01/01 21:00:00  1.68 0.00   NA 17.7 19.4 16.2 1010.4 1013.2   NA  6.4 -36.8  138.9     NA 17.9 
1803/01/02 21:00:00  1.56 0.00   NA 18.6 18.5 17.1 1012.0 1013.4   NA  6.2 -35.9  137.9     NA 18.7 
1803/01/03 21:00:00  0.56 0.00   NA 17.6 18.1 16.4 1023.2 1013.4   NA  6.6 -36.1  137.5     NA 17.9 
1803/01/04 21:00:00  1.00 0.00   NA 18.2 18.7 17.1 1021.6 1013.6   NA  6.5 -35.7  136.7     NA 18.5 
1803/01/05 21:00:00  1.05 0.00   NA 18.7 20.0 17.2 1015.8 1013.4   NA  6.3 -35.4  137.7     NA 18.8 
1803/01/06 21:00:00  0.43 0.00   NA 18.8 23.7 17.2 1009.5 1013.5   NA  6.3 -35.7  137.9     NA 18.9 
1803/01/07 21:00:00  0.02 0.00   NA 18.8 21.0 17.2 1009.5 1013.5   NA  6.3 -35.7  137.9     NA 18.9 
1803/01/08 21:00:00  0.01 0.00   NA 18.9 19.1 17.3 1007.9 1013.5   NA  6.3 -35.7  137.9     NA 19.0 
1803/01/09 21:00:00  0.02 0.00   NA 18.9 20.0 17.3 1009.5 1013.5   NA  6.3 -35.7  137.8     NA 19.0 
1803/01/10 21:00:00  0.01 0.00   NA 18.9 16.2 17.3 1012.0 1013.5   NA  6.3 -35.7  137.8     NA 19.1 
1803/01/11 21:00:00  0.02 0.00   NA 19.0 19.7 17.4 1019.0 1013.5   NA  6.3 -35.7  137.8     NA 19.1 
1803/01/12 21:00:00  0.01 0.00   NA 19.0 19.4 17.4 1020.0 1013.6   NA  6.3 -35.7  137.8     NA 19.2 
1803/01/13 21:00:00  0.02 0.00   NA 19.0 19.4 17.4 1016.8 1013.6   NA  6.3 -35.7  137.8     NA 19.2 
1803/01/14 21:00:00  0.02 0.00   NA 19.1 20.0 17.4 1013.6 1013.6   NA  6.3 -35.6  137.8     NA 19.2 
1803/01/15 21:00:00  0.02 0.00   NA 19.1 18.1 17.5 1016.8 1013.6   NA  6.3 -35.6  137.8     NA 19.3 
1803/01/16 21:00:00  0.00 0.00   NA 19.2 22.5 17.5 1009.5 1013.7   NA  6.3 -35.6  137.8     NA 19.3 
1803/01/17 21:00:00  0.02 0.00   NA 19.2 19.4 17.6 1020.0 1013.7   NA  6.3 -35.6  137.8     NA 19.3 
1803/01/18 21:00:00  0.02 0.00   NA 19.2 20.0 17.6 1021.6 1013.7   NA  6.3 -35.6  137.8     NA 19.4 
1803/01/19 21:00:00  0.02 0.00   NA 19.3 22.5 17.6 1013.6 1013.8   NA  6.3 -35.6  137.8     NA 19.4 
1803/01/20 21:00:00  0.01 0.00   NA 19.3 25.4 17.7 1010.4 1013.8   NA  6.3 -35.6  137.8     NA 19.4 
1803/01/21 21:00:00  0.02 0.00   NA 19.3 20.0 17.7 1026.4 1013.8   NA  6.3 -35.6  137.8     NA 19.4 
1803/01/22 21:00:00  0.02 0.00   NA 19.4 20.0 17.8 1029.6 1013.9   NA  6.3 -35.6  137.8     NA 19.4 
1803/01/23 21:00:00  0.00 0.00   NA 19.4 22.5 17.8 1028.0 1013.9   NA  6.3 -35.6  137.8     NA 19.4 
1803/01/24 21:00:00  0.02 0.00   NA 19.4 23.1 17.8 1020.0 1014.0   NA  6.3 -35.6  137.7     NA 19.4 
1803/01/25 21:00:00  0.02 0.00   NA 19.5 27.0 17.9 1015.2 1014.0   NA  6.3 -35.6  137.7     NA 19.4 
1803/01/26 21:00:00  0.02 0.00   NA 19.5 27.5 17.9 1015.2 1014.1   NA  6.3 -35.6  137.7     NA 19.5 
1803/01/27 21:00:00  0.01 0.00   NA 19.5 25.0 18.0 1011.1 1014.1   NA  6.3 -35.5  137.7     NA 19.5 
1803/01/28 21:00:00  0.02 0.00   NA 19.6 22.5 18.0 1020.0 1014.2   NA  6.3 -35.5  137.7     NA 19.5 
1803/01/29 21:00:00  0.01 0.00   NA 19.6 19.4 18.1 1018.4 1014.2   NA  6.3 -35.5  137.7     NA 19.4 
1803/01/30 21:00:00  0.02 0.00   NA 19.6 25.6 18.1 1018.4 1014.2   NA  6.2 -35.5  137.7     NA 19.4 
1803/01/31 21:00:00  0.01 0.00   NA 19.6 24.4 18.1 1020.0 1014.3   NA  6.2 -35.5  137.7     NA 19.4 
1803/02/01 21:00:00  0.02 0.00   NA 19.7 25.0 18.2 1015.2 1014.3   NA  6.2 -35.5  137.7     NA 19.4 
1803/02/02 21:00:00  1.51 0.00   NA 19.3 20.5 18.2 1014.5 1014.6   NA  6.5 -35.9  136.3     NA 19.2 
1803/02/03 21:00:00  1.03 0.00   NA 18.3 21.6 17.3 1009.5 1014.8   NA  6.7 -36.2  135.4     NA 18.3 
1803/02/04 20:00:00  2.36 0.00   NA 19.2 20.0 18.2 1015.2 1014.8   NA  6.9 -34.9  133.8     NA 19.7 
1803/02/05 20:00:00  1.70 0.00   NA 19.9 20.0 18.6 1023.2 1014.2   NA  6.9 -33.6  133.8     NA 21.1 
1803/02/06 20:00:00  1.14 0.00   NA 20.8 19.2 19.0 1026.4 1013.7   NA  5.8 -32.7  133.9     NA 22.7 
1803/02/07 20:00:00  0.81 0.00   NA 20.8 21.2 19.0 1023.2 1013.7   NA  5.8 -32.1  133.6     NA 22.7 
1803/02/08 20:00:00  0.56 0.00   NA 20.8 19.0 19.0 1023.2 1013.8   NA  5.8 -32.5  133.8     NA 22.7 
1803/02/09 20:00:00  0.41 0.00   NA 20.9 20.4 19.0 1021.6 1013.8   NA  5.8 -32.4  133.5     NA 22.7 
1803/02/10 20:00:00  0.41 0.00   NA 20.9 21.2 19.0 1020.0 1013.9   NA  5.8 -32.2  133.2     NA 22.7 
1803/02/11 20:00:00  0.41 0.00   NA 20.7 21.2 19.2 1021.6 1014.0   NA  6.0 -32.1  132.8     NA 22.9 
1803/02/12 20:00:00  3.23 0.00   NA 20.3 21.0 19.0 1023.2 1014.9   NA  6.9 -33.9  130.8     NA 21.1 
1803/02/13 20:00:00  4.23 0.00   NA 19.1 20.0 17.8 1020.0 1015.7   NA  6.5 -35.2  127.2     NA 18.7 
1803/02/14 20:00:00  1.84 0.00   NA 19.3 20.0 17.9 1026.4 1015.7   NA  6.6 -35.7  125.6     NA 18.9 
1803/02/15 20:00:00  2.87 0.00   NA 19.3 21.2 18.1 1013.6 1015.4   NA  6.7 -35.9  122.9     NA 18.9 
1803/02/16 20:00:00  2.75 0.00   NA 19.4 21.0 18.2 1018.4 1015.1   NA  6.6 -35.4  120.3     NA 19.0 
1803/02/17 19:00:00  0.87 0.00   NA 19.6 19.4 18.2 1020.0 1015.1   NA  6.6 -35.0  119.6     NA 19.1 
1803/02/18 19:00:00  1.75 0.00   NA 19.7 21.2 18.1 1011.1 1015.1   NA  6.9 -35.1  118.0     NA 19.3 
1803/02/19 19:00:00  0.08 0.00   NA 19.7   NA 18.1     NA 1015.1   NA  6.9 -35.0  118.0     NA 19.3 
1803/02/20 19:00:00  0.05 0.00   NA 19.7 18.7 18.1 1020.0 1015.2   NA  6.9 -35.1  118.0     NA 19.3 
1803/02/21 19:00:00  0.06 0.00   NA 19.8 20.0 18.1 1020.0 1015.3   NA  6.7 -35.1  118.0     NA 19.3 
1803/02/22 19:00:00  0.05 0.00   NA 19.8 18.7 18.1 1020.0 1015.4   NA  6.7 -35.1  118.0     NA 19.3 
1803/02/23 19:00:00  0.06 0.00   NA 19.8 22.5 18.1 1015.2 1015.4   NA  6.7 -35.1  118.1     NA 19.3 
1803/02/24 19:00:00  0.04 0.00   NA 19.8 20.0 18.1 1009.5 1015.5   NA  6.7 -35.2  118.1     NA 19.2 
1803/02/25 19:00:00  0.06 0.00   NA 19.8 18.7 18.1 1013.6 1015.6   NA  6.7 -35.2  118.2     NA 19.2 
1803/02/26 19:00:00  0.05 0.00   NA 19.8 18.7 18.0 1018.4 1015.6   NA  6.7 -35.2  118.2     NA 19.2 
1803/02/27 19:00:00  0.06 0.00   NA 19.8 23.7 18.0 1023.2 1015.7   NA  6.7 -35.3  118.2     NA 19.2 
1803/02/28 19:00:00  0.05 0.00   NA 19.7 21.5 18.0 1015.2 1015.8   NA  6.7 -35.3  118.3     NA 19.2 
1803/03/01 19:00:00  0.06 0.00   NA 19.7 21.2 18.0 1010.4 1015.8   NA  6.7 -35.3  118.3     NA 19.2 
1803/03/02 19:00:00  0.45 0.00   NA 19.6 22.5 18.0 1016.8 1015.9   NA  6.9 -35.4  117.9     NA 19.2 
1803/03/03 19:00:00  0.33 0.00   NA 19.6 20.0 18.0 1018.4 1015.9   NA  6.9 -35.5  117.6     NA 19.2 
1803/03/04 19:00:00  1.00 0.00   NA 19.6 16.9 18.0 1020.0 1016.0   NA  7.0 -35.2  116.7     NA 19.1 
1803/03/05 19:00:00  0.42 0.00   NA 19.6 21.2 18.0 1023.2 1016.0   NA  7.0 -35.2  116.3     NA 19.1 
1803/03/06 19:00:00  0.63 0.00   NA 19.6 19.1 18.0 1023.2 1016.1   NA  7.0 -35.2  116.9     NA 19.1 
1803/03/07 19:00:00  0.21 0.00   NA 19.6 21.9 18.0 1013.6 1016.2   NA  7.0 -35.3  116.8     NA 19.1 
1803/03/08 19:00:00  0.75 0.00   NA 19.6 21.2 18.0 1019.0 1016.2   NA  7.0 -35.1  116.1     NA 19.1 
1803/03/09 19:00:00  2.09 0.00   NA 21.4 19.4 19.8 1020.0 1015.7   NA  7.7 -33.8  114.9     NA 20.3 
1803/03/10 19:00:00  0.65 0.00   NA 21.5 23.1 19.9 1020.0 1015.7   NA  6.2 -33.3  115.1     NA 20.5 
1803/03/11 19:00:00  0.54 0.00   NA 21.5 22.5 19.9 1020.0 1015.7   NA  6.2 -33.3  115.6     NA 20.5 
1803/03/12 19:00:00  0.58 0.00   NA 22.0 21.2 20.6 1021.6 1015.4   NA  5.9 -32.8  115.6     NA 21.1 
1803/03/13 19:00:00  1.64 0.00   NA 22.3 21.0 21.2 1020.0 1015.0   NA  5.7 -31.5  115.4     NA 21.7 
1803/03/14 19:00:00  2.74 0.00   NA 23.3 21.9 22.2 1015.2 1014.5   NA  8.0 -29.9  113.9     NA 22.2 
1803/03/15 19:00:00  2.50 0.00   NA 23.9 23.7 22.7 1023.2 1014.1   NA  7.9 -28.0  113.3     NA 23.2 
1803/03/16 19:00:00  3.17 0.00   NA 25.2 25.0 24.2 1018.4 1012.8   NA  8.0 -25.6  112.9     NA 25.0 
1803/03/17 19:00:00  0.68 0.00   NA 25.1 23.7 24.3 1018.4 1012.6   NA  6.7 -25.5  113.5     NA 25.2 
1803/03/18 19:00:00  0.50 0.00   NA 25.1 25.6 24.3 1020.0 1012.7   NA  6.7 -25.9  113.5     NA 25.1 
1803/03/19 19:00:00  0.16 0.00   NA 25.0 23.7 24.3 1020.0 1012.8   NA  6.7 -25.8  113.4     NA 25.1 
1803/03/20 19:00:00  0.16 0.00   NA 25.0 26.2 24.2 1015.2 1012.9   NA  6.7 -25.7  113.3     NA 25.0 
1803/03/21 19:00:00  0.15 0.00   NA 25.0 25.0 24.2 1016.8 1013.0   NA  6.6 -25.6  113.2     NA 25.0 
1803/03/22 19:00:00  0.16 0.00   NA 25.0 23.7 24.2 1016.8 1013.1   NA  6.6 -25.6  113.1     NA 25.0 
1803/03/23 19:00:00  0.16 0.00   NA 25.0 24.4 24.2 1020.0 1013.2   NA  6.6 -25.5  113.0     NA 24.9 
1803/03/24 19:00:00  2.79 0.00   NA 26.4 26.2 25.3 1018.4 1012.7   NA  7.2 -23.4  112.4     NA 25.7 
1803/03/25 19:00:00  3.42 0.00   NA 27.8 26.2 27.0 1015.2 1011.7   NA  6.2 -21.1  114.0     NA 27.0 
1803/03/26 19:00:00  0.67 0.00   NA 28.4 26.2 27.5 1015.2 1011.5   NA  5.6 -21.5  114.3     NA 27.1 
1803/03/27 19:00:00  1.77 0.00   NA 28.8 24.7 28.2 1015.2 1011.0   NA  4.8 -20.5  115.3     NA 28.1 
1803/03/28 19:00:00  0.85 0.00   NA 28.8 28.7 28.2 1013.6 1011.1   NA  4.8 -20.3  116.0     NA 28.1 
1803/03/29 19:00:00  0.66 0.00   NA 29.2 28.9 28.5 1016.8 1011.1   NA  4.2 -20.4  116.5     NA 28.7 
1803/03/30 19:00:00  0.99 0.00   NA 29.4 31.0 28.7 1015.2 1011.1   NA  4.0 -20.5  117.3     NA 29.3 
1803/03/31 19:00:00  0.98 0.00   NA 29.2 28.7 28.9 1013.6 1011.0   NA  4.0 -20.1  118.0     NA 29.6 
1803/04/01 19:00:00  0.29 0.00   NA 29.4 30.9 28.7 1016.8 1011.0   NA  4.2 -19.9  118.0     NA 29.1 
1803/04/02 19:00:00  0.91 0.00   NA 29.5 31.2 28.8 1020.0 1011.0   NA  4.3 -19.8  118.7     NA 29.5 
1803/04/03 19:00:00  0.82 0.00   NA 29.4 31.2 28.8 1015.2 1011.0   NA  4.4 -19.7  119.4     NA 29.7 
1803/04/04 19:00:00  0.58 0.00   NA 29.4 31.9 28.8 1013.6 1011.1   NA  4.4 -19.5  119.8     NA 29.7 
1803/04/05 20:00:00  0.72 0.00   NA 29.0 31.2 28.9 1013.6 1011.1   NA  4.3 -19.4  120.4     NA 30.0 
1803/04/06 20:00:00  0.84 0.00   NA 29.0 32.5 28.9 1013.6 1011.2   NA  4.3 -19.1  121.0     NA 30.0 
1803/04/07 20:00:00  0.58 0.00   NA 29.4 31.9 28.8 1013.6 1011.1   NA  4.1 -18.9  121.4     NA 29.3 
1803/04/08 20:00:00  0.78 0.00   NA 29.4 31.2 28.8 1013.6 1011.2   NA  4.1 -18.3  121.7     NA 29.3 
1803/04/09 20:00:00  0.94 0.00   NA 29.7 31.2 28.9 1012.0 1011.0   NA  3.5 -17.7  122.0     NA 29.9 
1803/04/10 20:00:00  0.49 0.00   NA 29.4 31.2 28.7 1015.2 1011.1   NA  3.9 -17.3  121.9     NA 29.5 
1803/04/11 20:00:00  0.70 0.00   NA 29.5 31.9 28.7 1012.6 1011.0   NA  3.7 -16.7  122.0     NA 29.3 
1803/04/12 20:00:00  0.39 0.00   NA 29.6 30.6 28.9 1013.6 1011.0   NA  3.4 -16.4  122.1     NA 29.9 
1803/04/13 20:00:00  0.41 0.00   NA 29.6 30.0 28.9 1013.6 1011.1   NA  3.5 -16.4  122.4     NA 29.9 
1803/04/14 20:00:00  0.35 0.00   NA 29.6 30.0 28.9 1012.0 1011.2   NA  3.5 -16.3  122.7     NA 29.9 
1803/04/15 20:00:00  1.66 0.00   NA 29.7 30.0 28.9 1013.6 1010.9   NA  3.5 -15.8  124.0     NA 30.0 
1803/04/16 20:00:00  1.80 0.00   NA 29.6 30.0 28.8 1015.2 1011.0   NA  3.7 -15.2  122.7     NA 29.7 
1803/04/17 20:00:00  0.29 0.00   NA 29.8 30.9 28.7 1013.6 1010.8   NA  4.0 -14.9  122.6     NA 29.5 
1803/04/18 20:00:00  1.53 0.00   NA 29.7 31.2 28.9 1016.8 1011.1   NA  3.5 -15.2  123.8     NA 30.0 
1803/04/19 20:00:00  0.38 0.00   NA 29.7 31.2 28.8 1013.6 1010.8   NA  3.8 -15.0  124.0     NA 29.5 
1803/04/20 20:00:00  0.96 0.00   NA 29.7 31.2 28.8 1016.8 1010.9   NA  3.8 -14.6  124.7     NA 29.5 
1803/04/21 20:00:00  0.46 0.00   NA 29.7 31.2 28.8 1013.6 1010.9   NA  3.8 -14.3  125.0     NA 29.5 
1803/04/22 20:00:00  0.56 0.00   NA 29.7 30.0 28.8 1017.7 1011.0   NA  3.6 -14.1  125.3     NA 29.2 
1803/04/23 20:00:00  0.22 0.00   NA 29.6 31.0 28.7 1016.8 1010.8   NA  4.3 -14.0  125.5     NA 28.8 
1803/04/24 20:00:00  0.24 0.00   NA 29.6 30.6 28.7 1018.4 1010.8   NA  4.4 -13.8  125.6     NA 28.8 
1803/04/25 20:00:00  0.02 0.00   NA 29.5 30.0 28.6 1016.8 1010.8   NA  4.4 -13.8  125.6     NA 28.8 
1803/04/26 20:00:00  0.02 0.00   NA 29.5 31.2 28.6 1016.8 1010.9   NA  4.4 -13.8  125.6     NA 28.8 
1803/04/27 20:00:00  0.02 0.00   NA 29.5 31.0 28.6 1018.4 1010.9   NA  4.4 -13.8  125.6     NA 28.8 
1803/04/28 20:00:00  0.40 0.00   NA 29.5 31.2 28.5 1016.8 1010.9   NA  4.5 -13.6  125.7     NA 28.8 
1803/04/29 20:00:00  0.26 0.00   NA 29.5 31.2 28.5 1016.8 1011.0   NA  4.5 -13.3  125.7     NA 28.8 
1803/04/30 20:00:00  0.44 0.00   NA 29.4 30.6 28.5 1013.6 1011.0   NA  4.5 -13.0  125.7     NA 28.7 
1803/05/01 20:00:00  1.15 0.00   NA 29.4 31.5 28.4 1015.8 1010.8   NA  5.0 -12.1  125.7     NA 29.2 
1803/05/02 20:00:00  1.29 0.00   NA 29.2 31.9 28.2 1016.8 1010.6   NA  5.1 -11.1  125.5     NA 28.9 
1803/05/03 20:00:00  1.33 0.00   NA 29.1 29.4 28.1 1013.6 1010.3   NA  4.3 -10.4  124.7     NA 28.8 
1803/05/04 20:00:00  0.85 0.00   NA 29.1 28.7 28.1 1015.2 1010.3   NA  4.3 -10.4  124.1     NA 28.8 
1803/05/05 20:00:00  0.65 0.00   NA 29.0 30.6 28.0 1015.2 1010.3   NA  4.4 -10.4  123.5     NA 28.5 
1803/05/06 20:00:00  0.66 0.00   NA 28.8 30.0 27.9 1016.8 1010.1   NA  3.0 -10.0  123.2     NA 28.5 
1803/05/07 20:00:00  1.16 0.00   NA 28.8 30.0 27.9 1016.8 1010.1   NA  3.0  -9.2  123.6     NA 28.5 
1803/05/08 20:00:00  1.79 0.00   NA 29.0 29.1 27.9 1018.4 1010.2   NA  3.6  -9.2  125.0     NA 28.7 
1803/05/09 20:00:00  0.09 0.00   NA 28.9 28.1 27.9 1016.8 1010.2   NA  2.7  -9.3  124.9     NA 28.7 
1803/05/10 20:00:00  0.09 0.00   NA 28.9 28.7 27.9 1016.8 1010.2   NA  2.8  -9.3  124.9     NA 28.7 
1803/05/11 20:00:00  0.09 0.00   NA 28.9 28.7 27.8 1018.4 1010.2   NA  2.8  -9.3  124.8     NA 28.7 
1803/05/12 20:00:00  0.10 0.00   NA 28.8 28.7 27.8 1015.2 1010.3   NA  2.8  -9.4  124.8     NA 28.6 
1803/05/13 20:00:00  0.09 0.00   NA 28.8 29.4 27.8 1018.4 1010.3   NA  2.8  -9.4  124.7     NA 28.6 
1803/05/14 20:00:00  0.09 0.00   NA 28.8 29.7 27.8 1016.8 1010.3   NA  2.8  -9.4  124.6     NA 28.5 
1803/05/15 20:00:00  0.09 0.00   NA 28.8 30.0 27.7 1015.2 1010.3   NA  2.8  -9.5  124.6     NA 28.5 
1803/05/16 20:00:00  0.09 0.00   NA 28.7 28.1 27.7 1016.8 1010.4   NA  2.9  -9.5  124.5     NA 28.4 
1803/05/17 20:00:00  0.09 0.00   NA 28.7 30.0 27.7 1015.8 1010.4   NA  2.9  -9.5  124.5     NA 28.4 
1803/05/18 20:00:00  0.10 0.00   NA 28.7 28.9 27.6 1018.4 1010.4   NA  2.9  -9.6  124.4     NA 28.3 
1803/05/19 20:00:00  0.09 0.00   NA 28.7 30.0 27.6 1016.8 1010.5   NA  2.9  -9.6  124.3     NA 28.3 
1803/05/20 20:00:00  0.09 0.00   NA 28.6 29.4 27.6 1016.8 1010.5   NA  2.9  -9.6  124.3     NA 28.3 
1803/05/21 20:00:00  0.09 0.00   NA 28.6 30.0 27.5 1013.6 1010.6   NA  2.9  -9.7  124.2     NA 28.2 
1803/05/22 20:00:00  0.09 0.00   NA 28.6 30.0 27.5 1016.8 1010.6   NA  3.0  -9.7  124.1     NA 28.2 
1803/05/23 20:00:00  0.09 0.00   NA 28.5 30.0 27.5 1016.8 1010.7   NA  3.0  -9.7  124.1     NA 28.1 
1803/05/24 20:00:00  0.09 0.00   NA 28.5 27.5 27.4 1016.8 1010.7   NA  3.0  -9.8  124.0     NA 28.1 
1803/05/25 20:00:00  0.10 0.00   NA 28.3 29.4 27.4 1016.8 1010.7   NA  3.4  -9.8  124.0     NA 28.0 
1803/05/26 20:00:00  0.09 0.00   NA 28.3   NA 27.4     NA 1010.8   NA  3.4  -9.8  123.9     NA 27.9 
1803/05/27 20:00:00  0.09 0.00   NA 28.3 28.1 27.3 1015.2 1010.8   NA  3.4  -9.9  123.8     NA 27.9 
1803/05/28 20:00:00  0.09 0.00   NA 28.3 27.9 27.3 1016.8 1010.9   NA  3.4  -9.9  123.8     NA 27.9 
1803/05/29 20:00:00  0.09 0.00   NA 28.2 27.9 27.3 1018.4 1010.9   NA  3.4  -9.9  123.7     NA 27.8 
1803/05/30 20:00:00  0.09 0.00   NA 28.2 29.1 27.2 1016.8 1011.0   NA  3.5 -10.0  123.7     NA 27.8 
1803/05/31 20:00:00  0.10 0.00   NA 28.2 30.0 27.2 1016.8 1011.1   NA  3.5 -10.0  123.6     NA 27.8 
1803/06/01 20:00:00  0.09 0.00   NA 28.2 28.7 27.1 1016.8 1011.4   NA  5.2 -10.0  123.5     NA 27.5 
1803/06/02 20:00:00  0.09 0.00   NA 28.2 28.7 27.1 1015.8 1011.4   NA  5.2 -10.1  123.5     NA 27.5 
1803/06/03 20:00:00  0.09 0.00   NA 28.1 28.4 27.0 1015.2 1011.5   NA  5.3 -10.1  123.4     NA 27.5 
1803/06/04 20:00:00  1.08 0.00   NA 27.9 28.7 27.0 1016.8 1011.5   NA  5.8 -10.7  122.9     NA 27.3 
1803/06/05 20:00:00  1.07 0.00   NA 28.0 28.7 27.0 1016.8 1011.9   NA  6.6 -11.5  122.7     NA 27.5 
1803/06/06 20:00:00  1.10 0.00   NA 28.0 27.5 26.9 1018.4 1012.3   NA  6.5 -12.4  122.8     NA 27.7 
1803/06/07 20:00:00  0.84 0.00   NA 28.0 28.1 26.7 1018.4 1012.7   NA  6.0 -13.0  122.8     NA 27.7 
1803/06/08 20:00:00  0.41 0.00   NA 28.0 27.5 26.7 1018.4 1012.8   NA  5.8 -13.3  123.0     NA 27.8 
1803/06/09 20:00:00  1.20 0.00   NA 27.9 27.5 26.6 1018.4 1012.8   NA  5.8 -13.0  123.9     NA 27.7 
1803/06/10 20:00:00  2.06 0.00   NA 27.7 28.7 26.4 1017.7 1013.0   NA  5.6 -13.0  125.6     NA 26.8 
1803/06/11 20:00:00  1.16 0.00   NA 27.7 28.1 26.4 1018.4 1012.7   NA  6.0 -12.9  126.5     NA 26.6 
1803/06/12 20:00:00  1.15 0.00   NA 27.5 28.5 26.2 1016.8 1013.2   NA  5.3 -13.4  127.2     NA 26.2 
1803/06/13 20:00:00  0.77 0.00   NA 27.6 28.1 26.2 1016.8 1012.8   NA  5.8 -12.9  127.4     NA 26.5 
1803/06/14 20:00:00  1.64 0.00   NA 27.0 28.5 25.9 1014.5 1013.6   NA  4.3 -14.1  127.8     NA 25.4 
1803/06/15 20:00:00  0.57 0.00   NA 27.2 25.6 26.0 1015.2 1013.3   NA  5.5 -14.0  128.2     NA 26.1 
1803/06/16 20:00:00  0.56 0.00   NA 26.9 26.2 25.8 1016.8 1013.7   NA  4.3 -14.3  128.0     NA 25.3 
1803/06/17 20:00:00  0.48 0.00   NA 26.8 26.2 25.7 1018.4 1013.8   NA  4.6 -14.1  128.3     NA 25.2 
1803/06/18 20:00:00  0.39 0.00   NA 26.8 25.7 25.7 1018.4 1013.8   NA  4.6 -14.4  128.3     NA 25.2 
1803/06/19 20:00:00  1.04 0.00   NA 27.0 25.0 25.8 1020.0 1013.4   NA  5.5 -13.9  128.9     NA 25.9 
1803/06/20 20:00:00  1.01 0.00   NA 26.9 23.7 25.7 1020.0 1013.5   NA  4.7 -13.1  129.2     NA 26.1 
1803/06/21 20:00:00  0.59 0.00   NA 26.9 26.2 25.7 1018.4 1013.5   NA  4.7 -13.6  129.3     NA 26.1 
1803/06/22 20:00:00  0.29 0.00   NA 26.8 28.7 25.6 1018.4 1013.5   NA  4.7 -13.4  129.5     NA 26.1 
1803/06/23 20:00:00  0.28 0.00   NA 26.8 26.9 25.6 1018.4 1013.6   NA  4.7 -13.3  129.6     NA 26.1 
1803/06/24 20:00:00  0.78 0.00   NA 27.0 26.2 25.7 1016.8 1013.2   NA  4.9 -12.8  129.9     NA 26.0 
1803/06/25 20:00:00  0.48 0.00   NA 26.9 27.5 25.6 1016.8 1013.2   NA  4.3 -12.4  130.1     NA 25.9 
1803/06/26 20:00:00  0.49 0.00   NA 26.8 28.1 25.6 1018.4 1013.2   NA  4.3 -12.1  130.0     NA 25.8 
1803/06/27 20:00:00  1.01 0.00   NA 27.2 26.9 25.7 1017.7 1012.8   NA  5.4 -11.3  129.7     NA 26.1 
1803/06/28 20:00:00  1.20 0.00   NA 27.3 26.2 25.8 1018.4 1012.5   NA  6.2 -10.4  129.9     NA 26.5 
1803/06/29 20:00:00  0.88 0.00   NA 27.0 26.2 25.9 1013.6 1012.1   NA  7.0  -9.8  130.2     NA 26.9 
1803/06/30 20:00:00  0.24 0.00   NA 27.0 25.6 25.9 1016.8 1012.2   NA  7.0  -9.7  130.0     NA 26.8 
1803/07/01 20:00:00  0.45 0.00   NA 27.1 25.6 26.0 1018.4 1012.2   NA  6.7  -9.6  129.7     NA 26.8 
1803/07/02 20:00:00  0.33 0.00   NA 27.1 23.7 26.0 1015.2 1012.2   NA  6.7  -9.7  129.4     NA 26.8 
1803/07/03 20:00:00  1.36 0.00   NA 26.9 24.4 25.8 1020.0 1012.2   NA  7.0 -10.0  130.4     NA 26.8 
1803/07/04 20:00:00  0.82 0.00   NA 26.7 23.7 25.7 1018.4 1012.2   NA  7.4  -9.7  131.1     NA 26.5 
1803/07/05 20:00:00  1.67 0.00   NA 26.5 26.0 25.7 1017.7 1011.9   NA  7.9  -8.9  132.1     NA 26.4 
1803/07/06 20:00:00  0.34 0.00   NA 26.4 25.9 25.7 1016.8 1011.9   NA  7.9  -9.0  132.3     NA 26.4 
1803/07/07 20:00:00  1.61 0.00   NA 26.4 25.0 25.6 1016.8 1012.0   NA  8.1  -8.4  133.5     NA 26.7 
1803/07/08 20:00:00  1.17 0.00   NA 26.5 27.5 25.5 1018.4 1012.2   NA  7.7  -9.2  132.9     NA 26.1 
1803/07/09 20:00:00  4.09 0.00   NA 26.8 26.9 25.9 1016.8 1012.2   NA  6.7  -9.7  129.8     NA 26.5 
1803/07/10 20:00:00  2.98 0.00   NA 27.0 27.5 25.9 1018.4 1012.5   NA  5.9 -10.2  127.5     NA 26.3 
1803/07/11 20:00:00  2.67 0.00   NA 27.0 27.1 25.8 1018.4 1012.5   NA  5.7 -10.4  125.4     NA 26.5 
1803/07/12 20:00:00  1.28 0.00   NA 26.9 27.5 25.8 1016.8 1012.5   NA  5.2 -10.3  124.4     NA 26.6 
1803/07/13 20:00:00  1.77 0.00   NA 26.8 28.0 25.8 1017.7 1012.5   NA  5.4 -10.4  123.1     NA 26.2 
1803/07/14 20:00:00  2.54 0.00   NA 26.6 28.1 25.5 1020.0 1012.8   NA  6.6 -11.1  121.2     NA 25.9 
1803/07/15 19:00:00  3.05 0.00   NA 26.6 26.9 25.5 1020.0 1013.2   NA  6.7 -12.0  119.0     NA 26.2 
1803/07/16 19:00:00  2.62 0.00   NA 26.8 26.9 25.5 1019.0 1013.2   NA  6.8 -12.6  117.0     NA 26.2 
1803/07/17 19:00:00  2.77 0.00   NA 26.8 27.1 25.2 1018.4 1013.2   NA  7.0 -12.3  114.8     NA 25.8 
1803/07/18 19:00:00  2.84 0.00   NA 26.7 28.1 25.6 1018.4 1013.1   NA  7.2 -12.5  112.5     NA 26.1 
1803/07/19 19:00:00  3.24 0.00   NA 26.7 26.9 25.6 1016.8 1013.1   NA  7.7 -12.5  110.0     NA 26.4 
1803/07/20 19:00:00  3.34 0.00   NA 26.5 28.1 25.5 1016.8 1013.1   NA  7.9 -12.6  107.4     NA 26.6 
1803/07/21 19:00:00  2.82 0.00   NA 26.6 27.9 25.5 1017.7 1013.0   NA  8.1 -12.7  105.1     NA 26.4 
1803/07/22 18:00:00  3.38 0.00   NA 26.5 27.5 25.3 1015.2 1013.6   NA  8.6 -13.2  102.5     NA 26.4 
1803/07/23 18:00:00  2.61 0.00   NA 26.8 27.1 25.2 1016.8 1013.6   NA  8.8 -13.8  100.5     NA 26.3 
1803/07/24 18:00:00  1.79 0.00   NA 26.3 27.5 24.6 1012.0 1014.1   NA  8.9 -14.1   99.1     NA 25.5 
1803/07/25 18:00:00  3.23 0.00   NA 26.0 26.2 24.4 1016.8 1014.1   NA  9.1 -14.2   96.5     NA 25.3 
1803/07/26 18:00:00  2.96 0.00   NA 25.8 25.6 24.3 1018.4 1014.2   NA  9.3 -14.5   94.2     NA 25.1 
1803/07/27 18:00:00  4.60 0.00   NA 24.9 25.6 23.5 1018.4 1014.9   NA  9.6 -15.1   90.6     NA 24.0 
1803/07/28 17:00:00  4.50 0.00   NA 24.7 25.0 23.3 1020.0 1015.1   NA  9.7 -15.7   87.0     NA 24.1 
1803/07/29 17:00:00  4.48 0.00   NA 24.1 25.0 22.5 1023.2 1016.2   NA  9.6 -16.3   83.5     NA 23.7 
1803/07/30 17:00:00  3.99 0.00   NA 23.7 25.0 22.4 1022.2 1016.4   NA  9.6 -17.0   80.4     NA 23.7 
1803/07/31 17:00:00  4.47 0.00   NA 23.4 23.7 21.6 1020.0 1017.4   NA  9.5 -17.8   76.9     NA 23.0 
1803/08/01 16:00:00  4.14 0.00   NA 23.2 23.7 21.6 1023.2 1018.3   NA  9.4 -18.5   73.6     NA 22.7 
1803/08/02 16:00:00  4.23 0.00   NA 23.3 24.0 21.7 1024.8 1019.3   NA  9.3 -19.4   70.3     NA 22.2 
1803/08/03 16:00:00  3.51 0.00   NA 22.8 24.1 21.4 1023.2 1020.2   NA  9.0 -20.1   67.5     NA 22.3 
1803/08/04 16:00:00  3.35 0.00   NA 22.9 23.7 21.4 1026.4 1020.5   NA  8.9 -20.1   64.8     NA 22.1 
1803/08/05 16:00:00  4.51 0.00   NA 23.4 23.7 22.0 1026.4 1020.1   NA  9.0 -19.8   61.1     NA 22.2 
1803/08/06 15:00:00  2.34 0.00   NA 23.4   NA 21.9     NA 1020.4   NA  8.8 -19.9   59.2     NA 22.5 
1803/08/07 15:00:00  2.17 0.00   NA 23.3   NA 21.6     NA 1021.2   NA  7.8 -20.1   57.4     NA 22.3 
