1824/05/20 12:00:00    NA   NA   NA   NA  9.1   NA 1019.1     NA   NA   NA    NA     NA     NA   NA 
1824/05/21 12:00:00    NA   NA   NA   NA  7.4   NA 1017.0     NA   NA   NA    NA     NA     NA   NA 
1824/05/22 12:00:00    NA   NA   NA   NA  7.2   NA 1016.7     NA   NA   NA    NA     NA     NA   NA 
1824/05/23 12:00:00    NA   NA   NA   NA  9.1   NA 1017.4     NA   NA   NA    NA     NA     NA   NA 
1824/05/24 12:00:00    NA 0.00   NA  9.4  9.9  9.9 1016.7 1015.3   NA  5.4  53.3    0.4     NA 11.1 
1824/05/25 12:00:00  0.71 0.00   NA  9.5  9.1 10.0 1028.6 1015.3   NA  5.4  53.9    0.2     NA 11.2 
1824/05/26 12:00:00  0.72 0.00   NA  9.5 10.1  9.7 1033.1 1015.2   NA  5.3  54.4   -0.1     NA 11.2 
1824/05/27 12:00:00  0.73 0.00   NA  9.6 11.6  9.8 1037.9 1015.3   NA  5.3  54.9   -0.5     NA 11.3 
1824/05/28 12:00:00  1.45 0.00   NA  9.4  8.5  9.7 1035.3 1015.2   NA  5.4  55.9   -1.5     NA 11.1 
1824/05/29 12:00:00  1.38 0.00   NA  9.4  8.1  9.5 1029.0 1015.2   NA  5.6  57.0   -1.7     NA 10.8 
1824/05/30 12:00:00  2.36 0.00   NA  9.5 10.0  9.3 1016.5 1015.0   NA  5.5  58.5   -3.6     NA 10.8 
1824/05/31 12:00:00  2.29 0.00   NA 10.1 11.2  9.6 1013.4 1014.7   NA  6.7  59.0   -6.8     NA 11.3 
1824/06/01 13:00:00  1.60 0.00   NA 10.4 11.2 10.0 1021.5 1014.3   NA  6.8  59.5   -9.2     NA 11.1 
1824/06/02 13:00:00  1.45 0.00   NA 10.4 10.6  9.9 1016.1 1014.1   NA  6.9  59.9  -11.3     NA 11.2 
1824/06/03 13:00:00  1.71 0.00   NA  9.9 10.1  9.3  984.4 1013.7   NA  6.8  60.1  -13.9     NA 10.9 
1824/06/04 13:00:00  1.51 0.00   NA  9.8 11.1 11.0 1020.1 1013.2   NA  7.0  60.5  -16.1     NA 10.4 
1824/06/05 13:00:00  0.94 0.00   NA  9.8 11.2 11.2 1023.4 1013.1   NA  7.0  60.8  -17.5     NA 10.3 
1824/06/06 13:00:00  1.84 0.00   NA  9.7 12.2 11.1 1019.8 1012.6   NA  7.0  60.5  -20.4     NA  9.8 
1824/06/07 14:00:00  1.40 0.00   NA  9.4 12.2 10.4 1018.8 1012.3   NA  6.9  60.1  -22.5     NA  9.5 
1824/06/08 14:00:00  0.78 0.00   NA  9.3 11.2 10.1 1023.3 1012.1   NA  6.9  60.0  -23.7     NA 10.1 
1824/06/09 14:00:00  1.32 0.00   NA  9.4 11.2  9.4 1022.8 1012.1   NA  7.1  59.5  -25.5     NA 10.0 
1824/06/10 14:00:00  2.17 0.00   NA  9.1 10.0  8.8 1022.5 1012.2   NA  7.4  58.9  -28.6     NA  9.4 
1824/06/11 14:00:00  3.97 0.00   NA  7.9  8.5  7.6 1009.4 1012.1   NA  7.5  57.1  -33.3     NA  8.5 
1824/06/12 15:00:00  3.62 0.00   NA  6.8  8.3  6.4 1009.0 1011.8   NA  7.5  57.9  -38.6     NA  7.3 
1824/06/13 15:00:00  2.80 0.00   NA  4.8  6.4  5.0 1013.0 1011.3   NA  7.6  58.1  -42.6     NA  5.7 
1824/06/14 15:00:00  2.76 0.00   NA  4.4  5.4  4.1 1008.5 1011.3   NA  7.1  58.5  -46.7     NA  6.0 
1824/06/15 15:00:00  3.37 0.00   NA  4.2 10.0  4.2 1003.7 1011.0   NA  6.9  59.5  -51.4     NA  6.1 
1824/06/16 16:00:00  2.64 0.00   NA  3.6  3.1  4.0 1008.3 1010.8   NA  6.6  60.7  -54.9     NA -0.3 
1824/06/17 16:00:00  1.50 0.17   NA  4.6  2.5  5.5 1001.6 1010.8   NA  6.5  60.7  -57.3     NA  0.7 
1824/06/18 16:00:00  0.82 0.00   NA  4.1  2.6  5.0 1005.2 1010.7   NA  6.4  61.1  -56.2     NA  0.0 
1824/06/19 16:00:00  0.95 0.00   NA  4.4 -0.6  5.8 1012.5 1010.7   NA  6.3  61.6  -57.3     NA  0.0 
1824/06/20 16:00:00  3.10 0.14   NA  3.2  3.1  4.7 1005.6 1010.5   NA  5.9  64.0  -56.3     NA  0.0 
1824/06/21 16:00:00  3.31 0.35   NA  1.8  1.8  6.2 1004.0 1010.5   NA  5.6  66.5  -57.1     NA  0.0 
1824/06/22 16:00:00  2.88 0.12   NA  2.0  2.4  6.1 1014.7 1010.4   NA  3.9  68.4  -54.0     NA  0.0 
1824/06/23 16:00:00  0.87 0.12   NA  2.2  2.5  5.8 1014.4 1010.4   NA  2.9  69.0  -55.0     NA  0.0 
1824/06/24 16:00:00  0.26 0.10   NA  2.2  1.3  6.3 1020.2 1010.4   NA  3.9  69.0  -54.4     NA  0.0 
1824/06/25 16:00:00  0.26 0.00   NA  2.5  3.1  6.6 1018.7 1010.3   NA  3.2  69.0  -53.8     NA  0.0 
1824/06/26 16:00:00  0.26 0.00   NA  2.5  3.7  6.8 1009.4 1010.3   NA  3.2  69.0  -53.3     NA  0.0 
1824/06/27 16:00:00  0.03 0.00   NA  2.6  5.5  6.9 1016.8 1010.3   NA  3.2  69.0  -53.3     NA  0.0 
1824/06/28 16:00:00  0.04 0.07   NA  3.0  7.9  6.4 1015.7 1010.4   NA  2.4  69.0  -53.4     NA  0.0 
1824/06/29 16:00:00  0.03 0.07   NA  3.1  6.3  6.5 1014.4 1010.4   NA  2.4  69.0  -53.5     NA  0.0 
1824/06/30 16:00:00  0.04 0.06   NA  3.1  9.2  6.7 1014.0 1010.4   NA  2.4  69.0  -53.5     NA  0.0 
1824/07/01 16:00:00  0.03 0.05   NA  3.2  5.1  6.8 1014.8 1010.4   NA  2.4  69.0  -53.6     NA  0.0 
1824/07/02 16:00:00  0.04 0.05   NA  3.3  7.2  6.9 1015.9 1010.4   NA  2.4  69.1  -53.6     NA  0.0 
1824/07/03 16:00:00  0.03 0.04   NA  3.3  8.7  7.0 1014.9 1010.5   NA  2.4  69.1  -53.7     NA  0.0 
1824/07/04 16:00:00  0.04 0.04   NA  3.4  6.7  7.1 1016.5 1010.5   NA  2.4  69.1  -53.8     NA  0.0 
1824/07/05 16:00:00  0.03 0.03   NA  3.5   NA  7.2     NA 1010.5   NA  2.4  69.1  -53.8     NA  0.0 
1824/07/06 16:00:00  0.47 0.03   NA  3.2  5.0  7.2 1012.5 1010.5   NA  2.7  69.2  -54.8     NA  0.0 
1824/07/07 16:00:00  0.15 0.02   NA  3.3  2.4  7.3 1014.1 1010.5   NA  2.7  69.3  -54.7     NA  0.0 
1824/07/08 16:00:00  0.86 0.04   NA  3.0  2.6  7.2 1017.3 1010.4   NA  4.2  69.2  -56.6     NA  0.0 
1824/07/09 16:00:00  1.38 0.48   NA  1.8  2.7  7.2 1012.4 1010.3   NA  4.6  69.9  -58.8     NA  0.0 
1824/07/10 16:00:00  0.00 0.48   NA  1.9  0.8  7.2 1012.5 1010.3   NA  4.6  69.9  -58.8     NA  0.0 
1824/07/11 16:00:00  0.46 0.41   NA  2.3  1.4  6.7 1016.2 1010.3   NA  4.6  70.2  -59.1     NA  0.0 
1824/07/12 16:00:00  2.25 0.41   NA  2.1  1.7  5.5 1012.7 1010.5   NA  3.7  72.0  -58.9     NA  0.0 
1824/07/13 16:00:00  1.32 0.31   NA  2.5  2.0  6.8 1015.5 1010.3   NA  4.5  71.0  -58.5     NA  0.0 
1824/07/14 16:00:00  2.15 0.63   NA  1.2  4.7  4.8 1017.4 1010.4   NA  4.2  72.4  -61.2     NA  0.0 
1824/07/15 16:00:00  0.03 0.62   NA  1.3  3.1  4.8 1015.9 1010.4   NA  4.2  72.4  -61.3     NA  0.0 
1824/07/16 16:00:00  0.08 0.61   NA  1.4  3.3  4.8 1022.2 1010.3   NA  4.2  72.5  -61.4     NA  0.0 
1824/07/17 16:00:00  0.57 0.35   NA  2.3  2.2  5.1 1018.9 1010.4   NA  4.1  72.4  -60.0     NA  0.0 
1824/07/18 16:00:00  1.91 0.50   NA  2.1  2.4  6.3 1011.3 1010.1   NA  4.6  70.9  -60.2     NA  0.0 
1824/07/19 16:00:00  0.05 0.49   NA  2.1  1.3  6.1 1013.5 1010.1   NA  4.6  71.0  -60.2     NA  0.0 
1824/07/20 16:00:00  0.17 0.49   NA  2.1  1.1  6.0 1007.0 1010.1   NA  4.6  70.9  -60.6     NA  0.0 
1824/07/21 16:00:00  0.12 0.37   NA  2.4  1.2  5.2 1008.4 1010.2   NA  4.6  71.0  -60.6     NA  0.0 
1824/07/22 16:00:00  0.11 0.47   NA  2.2  0.8  5.6 1010.5 1010.1   NA  4.6  71.0  -60.7     NA  0.0 
1824/07/23 16:00:00  0.05 0.46   NA  2.2  1.9  5.4 1014.3 1010.1   NA  4.7  70.9  -60.8     NA  0.0 
1824/07/24 16:00:00  0.05 0.46   NA  2.2  1.8  5.2 1012.3 1010.1   NA  4.7  71.0  -60.9     NA  0.0 
1824/07/25 16:00:00  0.03 0.45   NA  2.2  4.8  5.0 1007.7 1010.1   NA  4.7  70.9  -60.9     NA  0.0 
1824/07/26 16:00:00  0.09 0.60   NA  1.3  2.3  4.6 1008.2 1010.0   NA  4.6  70.9  -61.1     NA  0.0 
1824/07/27 16:00:00  0.07 0.59   NA  1.4  1.3  4.3 1004.9 1010.0   NA  4.6  71.0  -61.1     NA  0.0 
1824/07/28 16:00:00  0.25 0.46   NA  1.8  1.1  3.9 1000.7 1010.0   NA  4.7  71.0  -61.7     NA  0.0 
1824/07/29 16:00:00  0.04 0.45   NA  1.8  0.6  3.7 1002.3 1010.0   NA  4.7  71.0  -61.7     NA  0.0 
1824/07/30 16:00:00  0.59 0.57   NA  1.3  1.5  3.3 1000.6 1009.9   NA  4.6  71.5  -62.1     NA  0.0 
1824/07/31 16:00:00  0.45 0.56   NA  1.4  1.3  3.1  996.5 1009.9   NA  4.6  71.1  -62.1     NA  0.0 
1824/08/01 16:00:00  0.28 0.43   NA  1.9  1.1  3.1 1001.9 1009.9   NA  4.8  71.3  -62.0     NA  0.0 
1824/08/02 16:00:00  0.06 0.53   NA  1.5  1.6  2.8  996.2 1009.9   NA  4.7  71.4  -62.1     NA  0.0 
1824/08/03 16:00:00  0.01 0.52   NA  1.6  0.4  2.6 1003.1 1009.9   NA  4.7  71.4  -62.1     NA  0.0 
1824/08/04 16:00:00  0.23 0.41   NA  2.0  0.4  2.6 1001.0 1009.9   NA  4.9  71.5  -61.9     NA  0.0 
1824/08/05 16:00:00  0.09 0.40   NA  2.0  0.8  2.4 1000.6 1009.9   NA  4.9  71.5  -62.0     NA  0.0 
1824/08/06 16:00:00  0.06 0.39   NA  2.0  1.3  2.2 1004.8 1009.9   NA  4.9  71.5  -62.0     NA  0.0 
1824/08/07 16:00:00  0.10 0.39   NA  2.0  0.3  2.0 1014.0 1009.9   NA  5.0  71.6  -62.0     NA  0.0 
1824/08/08 16:00:00  0.27 0.38   NA  2.0 -2.1  1.9 1017.8 1009.9   NA  5.0  71.4  -62.0     NA  0.0 
1824/08/09 16:00:00  0.43 0.45   NA  1.9  0.4  1.5 1008.7 1009.8   NA  4.9  71.7  -62.0     NA  0.0 
1824/08/10 16:00:00  0.13 0.37   NA  2.1  0.6  1.6 1006.2 1009.8   NA  5.1  71.8  -61.8     NA  0.0 
1824/08/11 16:00:00  0.17 0.37   NA  2.1 -0.2  1.4 1010.0 1009.8   NA  5.1  71.9  -61.8     NA  0.0 
1824/08/12 16:00:00  0.19 0.42   NA  2.2 -0.9  1.9 1014.1 1009.7   NA  4.9  72.0  -61.8     NA  0.0 
1824/08/13 16:00:00  0.62 0.41   NA  2.2 -0.8  1.8 1002.9 1009.7   NA  4.9  72.5  -61.1     NA  0.0 
1824/08/14 16:00:00  0.07 0.41   NA  2.3  0.2  1.7 1000.6 1009.7   NA  4.9  72.4  -61.2     NA  0.0 
1824/08/15 16:00:00  0.03 0.40   NA  2.3  0.3  1.6 1001.4 1009.7   NA  5.0  72.4  -61.3     NA  0.0 
1824/08/16 16:00:00  0.08 0.40   NA  2.3 -3.4  1.5 1006.5 1009.7   NA  5.0  72.5  -61.4     NA  0.0 
1824/08/17 16:00:00  0.06 0.39   NA  2.3 -5.0  1.5 1004.9 1009.7   NA  5.0  72.4  -61.5     NA  0.0 
1824/08/18 16:00:00  0.04 0.39   NA  2.3 -3.8  1.5  997.6 1009.7   NA  5.0  72.4  -61.5     NA  0.0 
1824/08/19 16:00:00  0.26 0.39   NA  2.3 -0.3  1.4 1006.7 1009.7   NA  5.0  72.6  -61.9     NA  0.0 
1824/08/20 16:00:00  0.08 0.41   NA  2.3 -0.1  1.2 1013.6 1009.7   NA  5.1  72.6  -62.1     NA  0.0 
1824/08/21 16:00:00  0.12 0.41   NA  2.3 -3.4  1.2 1007.8 1009.7   NA  5.1  72.5  -62.2     NA  0.0 
1824/08/22 16:00:00  0.09 0.40   NA  2.3 -3.7  1.2 1000.0 1009.8   NA  5.1  72.4  -62.3     NA  0.0 
1824/08/23 16:00:00  0.08 0.40   NA  2.3 -2.9  1.2 1001.0 1009.8   NA  5.1  72.4  -62.2     NA  0.0 
1824/08/24 16:00:00  0.36 0.39   NA  2.3 -2.9  1.2 1001.0 1009.8   NA  5.1  72.6  -62.6     NA  0.0 
1824/08/25 16:00:00  0.22 0.41   NA  2.4 -6.4  1.2 1010.7 1009.8   NA  5.1  72.7  -63.1     NA  0.0 
1824/08/26 16:00:00  0.27 0.40   NA  2.4 -1.7  1.1 1009.9 1009.9   NA  5.1  72.9  -63.2     NA  0.0 
1824/08/27 16:00:00  0.12 0.40   NA  2.4 -2.9  1.1 1008.7 1009.9   NA  5.1  73.0  -63.3     NA  0.0 
1824/08/28 16:00:00  0.14 0.19   NA  2.2  0.4  1.2 1001.9 1010.0   NA  4.8  73.1  -63.3     NA  0.0 
1824/08/29 16:00:00  0.25 0.18   NA  2.2  0.4  1.2  995.5 1010.0   NA  4.8  73.2  -63.7     NA  0.0 
1824/08/30 16:00:00  0.23 0.27   NA  2.1 -0.7  1.0  999.0 1010.1   NA  4.8  73.4  -64.0     NA  0.0 
1824/08/31 16:00:00  0.49 0.26   NA  2.1 -2.7  0.9  998.3 1010.1   NA  4.8  73.7  -64.7     NA  0.0 
1824/09/01 16:00:00  0.17 0.30   NA  2.1 -2.5  0.7 1006.6 1010.2   NA  4.9  73.8  -65.0     NA  0.0 
1824/09/02 16:00:00  0.02 0.25   NA  2.0 -0.7  0.9 1001.1 1010.2   NA  4.8  73.8  -65.0     NA  0.0 
1824/09/03 16:00:00  0.06 0.28   NA  2.0 -1.5  0.6 1005.2 1010.3   NA  4.9  73.9  -65.1     NA  0.0 
1824/09/04 16:00:00  0.83 0.07   NA  1.8 -1.6  0.2 1011.0 1010.4   NA  4.6  74.5  -66.0     NA  0.0 
1824/09/05 16:00:00  0.05 0.06   NA  1.8 -0.8  0.1 1005.4 1010.5   NA  4.6  74.4  -66.1     NA  0.0 
1824/09/06 16:00:00  0.29 0.04   NA  1.7 -0.7  0.1  997.0 1010.6   NA  4.6  74.3  -66.9     NA  0.0 
1824/09/07 17:00:00  0.51 0.22   NA  1.6 -1.4  0.0  988.5 1010.6   NA  4.8  74.3  -68.4     NA  0.0 
1824/09/08 17:00:00  0.32 0.19   NA  1.6 -1.7 -0.0  988.9 1010.7   NA  4.9  74.1  -69.1     NA  0.0 
1824/09/09 17:00:00  1.53 0.00   NA  1.5 -1.3  0.2 1002.0 1010.8   NA  5.1  74.2  -73.4     NA  0.0 
1824/09/10 17:00:00  2.20 0.00   NA  0.6 -2.1 -1.4 1001.6 1011.1   NA  4.4  75.0  -79.1     NA  0.0 
1824/09/11 17:00:00  1.24 0.17   NA  0.8 -4.8 -0.6 1008.5 1011.2   NA  4.3  74.4  -81.8     NA  0.0 
1824/09/12 18:00:00  0.47 0.23   NA  0.7 -6.6 -0.8 1011.4 1011.4   NA  4.1  74.2  -83.0     NA  0.0 
1824/09/13 18:00:00  1.02 0.27   NA  0.8 -6.2 -1.4 1005.1 1011.6   NA  3.6  74.0  -85.8     NA  0.0 
1824/09/14 18:00:00  0.02 0.27   NA  0.8 -5.7 -1.5 1003.2 1011.7   NA  3.6  74.0  -85.8     NA  0.0 
1824/09/15 18:00:00  0.20 0.27   NA  0.7 -6.2 -1.5 1003.0 1011.7   NA  3.6  74.0  -85.2     NA  0.0 
1824/09/16 18:00:00  0.09 0.22   NA  0.6 -6.4 -1.4 1007.4 1011.7   NA  3.5  74.0  -84.9     NA  0.0 
1824/09/17 18:00:00  0.35 0.23   NA  0.4 -5.3 -1.1 1009.6 1011.6   NA  3.4  74.0  -84.0     NA  0.0 
1824/09/18 18:00:00  0.60 0.28   NA  0.3 -7.2 -1.0 1007.7 1011.6   NA  3.4  73.7  -82.5     NA  0.0 
1824/09/19 18:00:00  0.10 0.28   NA  0.2 -6.2 -1.1 1011.1 1011.6   NA  3.4  73.7  -82.3     NA  0.0 
1824/09/20 18:00:00  0.10 0.23   NA  0.3 -3.0 -1.2 1017.0 1011.6   NA  3.3  73.8  -82.0     NA  0.0 
1824/09/21 18:00:00  0.10 0.24   NA  0.2 -2.9 -1.4 1017.1 1011.6   NA  3.3  73.8  -81.7     NA  0.0 
1824/09/22 18:00:00  0.10 0.26   NA  0.1 -3.6 -1.7  994.5 1011.6   NA  3.3  73.8  -81.4     NA  0.0 
1824/09/23 17:00:00  0.11 0.27   NA  0.1 -3.2 -1.9 1016.7 1011.7   NA  3.3  73.8  -81.2     NA  0.0 
1824/09/24 18:00:00  0.47 0.35   NA -0.1 -2.8 -2.1 1010.0 1011.7   NA  3.4  73.8  -82.5     NA  0.0 
1824/09/25 18:00:00  1.80 0.40   NA  0.3 -4.6 -2.6 1009.9 1012.2   NA  4.1  73.9  -87.5     NA  0.0 
1824/09/26 18:00:00  0.10 0.41   NA  0.2 -5.2 -2.9 1021.5 1012.2   NA  4.1  73.8  -87.4     NA  0.0 
1824/09/27 18:00:00    NA   NA   NA   NA  0.4   NA 1013.4     NA   NA   NA    NA     NA     NA   NA 
1824/09/28 18:00:00    NA   NA   NA   NA -1.4   NA 1013.4     NA   NA   NA    NA     NA     NA   NA 
1824/09/29 18:00:00    NA   NA   NA   NA -3.2   NA 1013.4     NA   NA   NA    NA     NA     NA   NA 
1824/09/30 18:00:00    NA   NA   NA   NA -2.7   NA 1001.1     NA   NA   NA    NA     NA     NA   NA 
