1779/10/09 12:00:00    NA   NA   NA   NA 11.1   NA 1009.5     NA  6.7   NA    NA     NA     NA   NA 
1779/10/10 01:00:00    NA 0.00   NA  7.7 12.2  6.9 1008.5 1012.9  2.6  5.9  52.6  158.7     NA  5.7 
1779/10/11 01:00:00  0.70 0.00   NA  7.5 11.7  6.7 1013.5 1012.9  2.6  6.0  52.1  158.5     NA  5.5 
1779/10/12 02:00:00  1.60 0.00   NA  7.3 12.2  6.6 1011.2 1013.3  2.6  7.0  51.0  157.3     NA  6.0 
1779/10/13 02:00:00  1.61 0.00   NA  7.5  9.4  7.0 1000.7 1014.1  2.6  8.2  49.8  156.8     NA  7.2 
1779/10/14 02:00:00  2.23 0.00   NA  7.4  9.4  7.1 1009.1 1014.5  9.3  8.5  48.3  155.5     NA  7.6 
1779/10/15 02:00:00  2.28 0.00   NA  9.1 10.0  8.5 1019.0 1015.3  9.3  8.9  46.5  155.6     NA  8.8 
1779/10/16 02:00:00  1.42 0.00   NA 10.0 12.2  9.2 1021.0 1015.7   NA  8.9  45.4  155.6     NA 10.0 
1779/10/17 02:00:00  1.70 0.00   NA  9.0 11.7  8.6 1020.7 1015.8   NA  8.6  45.1  153.8     NA  8.7 
1779/10/18 02:00:00  1.18 0.00   NA 10.1 11.7  9.4 1024.7 1016.1   NA  8.3  44.5  152.9     NA  9.7 
1779/10/19 02:00:00  2.00 0.00   NA  9.8 11.7  9.1  999.0 1016.1 22.6  7.8  44.2  150.8     NA  9.9 
1779/10/20 02:00:00  0.76 0.00   NA 11.1 11.7 10.1  994.6 1016.3  6.7  8.0  43.7  150.5     NA 10.5 
1779/10/21 02:00:00  1.49 0.00   NA 12.5 10.0 11.3 1013.2 1016.4 22.6  7.9  42.7  149.7     NA 11.8 
1779/10/22 02:00:00  2.68 0.00   NA 16.1 10.3 13.9 1021.0 1016.8 15.4  7.9  41.0  148.1     NA 15.0 
1779/10/23 02:00:00  1.49 0.00   NA 15.5 12.2 13.6 1028.1 1016.9  9.3  7.9  40.6  146.7     NA 14.3 
1779/10/24 02:00:00  1.17 0.00   NA 15.6 17.2 13.4 1014.6 1017.0  9.3  7.9  40.8  145.5     NA 14.0 
1779/10/25 02:00:00  1.64 0.00   NA 16.1 14.4 13.3 1015.9 1017.2  9.3  7.8  40.4  143.9     NA 14.8 
1779/10/26 03:00:00  1.62 0.00   NA 16.4 15.6 13.1 1016.6 1017.4  2.6  7.1  40.1  142.2     NA 14.1 
1779/10/27 02:00:00  1.32 0.00   NA 17.1 16.7 14.1 1021.0 1017.5  2.6  6.2  39.3  143.0     NA 13.8 
1779/10/28 03:00:00  1.66 0.00   NA 18.3 17.8 15.0 1020.7 1017.5  2.6  4.4  38.2  141.9     NA 14.1 
1779/10/29 03:00:00  0.80 0.00   NA 18.8 19.2 16.1 1019.6 1017.5 22.6  5.2  37.7  141.4     NA 16.3 
1779/10/30 03:00:00  1.48 0.00   NA 21.0 16.7 17.2 1013.5 1017.4 19.0  7.1  36.7  142.0     NA 17.9 
1779/10/31 03:00:00  1.46 0.00   NA 22.5 18.3 18.3 1019.3 1017.4 19.0  7.6  35.6  142.1     NA 18.3 
1779/11/01 03:00:00  0.72 0.00   NA 21.8 20.0 18.0 1027.8 1017.5  6.7  7.0  35.3  141.5     NA 18.6 
1779/11/02 03:00:00  0.69 0.00   NA 21.8 21.7 17.9 1025.7 1017.6 19.0  7.1  35.7  141.1     NA 18.5 
1779/11/03 02:00:00  3.97 0.00   NA 21.5 22.8 17.1 1016.6 1017.4 22.6  7.9  36.5  144.7     NA 17.7 
1779/11/04 02:00:00  2.01 0.00   NA 22.0 22.8 18.2 1010.8 1017.3  6.7  8.3  35.8  146.4     NA 19.1 
1779/11/05 02:00:00  1.00 0.00   NA 22.0 22.2 18.1 1011.2 1017.4  6.7  8.4  35.2  147.1     NA 18.8 
1779/11/06 02:00:00  0.53 0.00   NA 21.9 20.8 18.0 1022.0 1017.4  6.7  8.4  35.0  147.5     NA 18.7 
1779/11/07 02:00:00  1.80 0.00   NA 23.1 21.1 20.0 1022.4 1017.2  6.7  8.3  33.9  148.5     NA 20.5 
1779/11/08 02:00:00  0.93 0.00   NA 23.1 21.7 19.9 1020.7 1017.3  6.7  8.3  33.2  148.1     NA 20.4 
1779/11/09 02:00:00  3.00 0.00   NA 23.8 21.9 21.2 1008.5 1017.0 19.0  7.6  31.8  146.0     NA 21.7 
1779/11/10 02:00:00  2.03 0.00   NA 24.2 21.9 21.8 1005.1 1016.9 19.0  7.2  30.5  144.8     NA 22.5 
1779/11/11 02:00:00  2.06 0.00   NA 24.6 22.2 22.4 1009.1 1016.7 19.0  6.8  29.1  144.0     NA 22.8 
1779/11/12 02:00:00  2.04 0.00   NA 25.4 22.5 23.6  995.6 1016.1 22.6  6.4  27.5  144.3     NA 24.2 
1779/11/13 02:00:00  2.36 0.00   NA 26.3 22.5 24.7 1009.5 1015.6 19.0  6.7  25.9  143.3     NA 25.4 
1779/11/14 03:00:00  2.15 0.00   NA 26.8 22.8 25.3 1017.6 1015.3  6.7  7.1  24.6  142.0     NA 26.1 
1779/11/15 03:00:00  1.10 0.00   NA 26.7 23.9 25.1 1022.0 1015.4  6.7  7.1  24.8  141.1     NA 25.8 
1779/11/16 03:00:00  2.66 0.00   NA 25.9 25.6 23.9 1021.0 1016.2  6.7  7.2  25.1  138.9     NA 24.7 
1779/11/17 03:00:00  1.37 0.00   NA 26.3 24.4 24.4 1022.0 1015.9  6.7  7.5  24.7  137.8     NA 25.1 
1779/11/18 03:00:00  3.08 0.00   NA 26.7 22.8 24.8 1026.4 1015.7  9.3  8.0  23.8  135.4     NA 25.7 
1779/11/19 03:00:00  2.69 0.00   NA 26.8 24.4 25.1 1027.4 1015.4  9.3  8.3  22.8  133.3     NA 25.9 
1779/11/20 03:00:00  2.97 0.00   NA 26.3 25.8 24.7 1024.0 1015.7  9.3  8.6  22.1  131.0     NA 25.2 
1779/11/21 03:00:00  2.85 0.00   NA 26.4 26.7 24.9 1021.3 1015.3  9.3  8.9  21.4  128.7     NA 25.7 
1779/11/22 04:00:00  2.74 0.00   NA 26.8 25.6 25.1 1019.3 1014.8 19.0  9.2  20.8  126.4     NA 25.5 
1779/11/23 04:00:00  3.26 0.00   NA 26.5 25.8 24.8 1017.3 1015.0 22.6  9.7  20.8  123.7     NA 25.5 
1779/11/24 04:00:00  1.66 0.00   NA 26.1 25.0 24.1 1013.2 1015.8 22.6  9.5  21.5  122.6     NA 24.8 
1779/11/25 04:00:00  1.42 0.00   NA 26.0 25.6 23.9 1015.6 1015.9 22.6  8.9  21.6  121.4     NA 24.6 
1779/11/26 04:00:00  1.79 0.00   NA 25.5 23.6 23.2 1016.3 1016.1  6.7  7.8  21.2  120.0     NA 23.8 
1779/11/27 04:00:00  1.73 0.00   NA 25.6 22.8 23.7 1018.6 1015.5  6.7  9.6  21.0  118.5     NA 24.4 
1779/11/28 04:00:00  2.38 0.00   NA 25.0 21.9 23.0 1020.7 1015.7 19.0  9.7  20.7  116.6     NA 22.9 
1779/11/29 04:00:00  2.58 0.00   NA 23.6 20.8 21.7 1021.0 1016.7 19.0  7.3  22.0  115.0     NA 21.6 
1779/11/30 04:00:00  1.19 0.00   NA 23.5 20.0 21.7 1022.7 1016.8  6.7  6.5  21.9  114.0     NA 21.5 
1779/12/01 04:00:00  0.63 0.00   NA 22.7 20.0 20.9 1025.1 1017.6  6.7  4.0  22.2  113.5     NA 20.3 
1779/12/02 04:00:00  0.14 0.00   NA 22.6 20.3 20.8 1026.1 1017.7  6.7  4.0  22.2  113.6     NA 20.2 
1779/12/03 04:00:00  0.05 0.00   NA 22.5 19.7 20.7 1025.7 1017.8  6.7  4.0  22.1  113.6     NA 20.1 
1779/12/04 04:00:00  0.04 0.00   NA 22.4 18.9 20.6 1025.1 1017.8  6.7  4.0  22.1  113.6     NA 20.0 
1779/12/05 04:00:00  0.05 0.00   NA 22.3 19.4 20.5 1025.4 1017.9  2.6  4.0  22.0  113.6     NA 19.9 
1779/12/06 04:00:00  0.05 0.00   NA 22.2 22.2 20.4 1024.7 1018.0 19.0  4.0  22.0  113.6     NA 19.8 
1779/12/07 04:00:00  0.05 0.00   NA 22.9 22.5 21.0 1026.8 1017.3 19.0  6.5  22.0  113.7     NA 20.7 
1779/12/08 04:00:00  0.04 0.00   NA 22.9 22.8 20.9 1026.4 1017.3 19.0  6.5  21.9  113.7     NA 20.6 
1779/12/09 04:00:00  0.05 0.00   NA 22.8 19.2 20.8 1024.4 1017.4  6.7  6.5  21.9  113.7     NA 20.5 
1779/12/10 04:00:00  0.05 0.00   NA 22.7 18.3 20.7 1026.4 1017.4  6.7  6.4  21.9  113.7     NA 20.4 
1779/12/11 04:00:00  0.04 0.00   NA 22.6 17.8 20.6 1024.7 1017.5  6.7  6.4  21.8  113.7     NA 20.4 
1779/12/12 04:00:00  0.05 0.00   NA 22.5 16.1 20.6 1028.8 1017.5 19.0  6.4  21.8  113.7     NA 20.3 
1779/12/13 04:00:00  0.05 0.00   NA 22.5 16.7 20.5 1028.4 1017.6 19.0  6.4  21.7  113.7     NA 20.2 
1779/12/14 04:00:00  0.05 0.00   NA 22.4 16.4 20.4 1026.1 1017.7  6.7  6.4  21.7  113.7     NA 20.1 
1779/12/15 04:00:00  0.04 0.00   NA 22.3 20.6 20.3 1026.4 1017.7  6.7  6.4  21.7  113.7     NA 20.1 
1779/12/16 04:00:00  0.05 0.00   NA 22.2 20.0 20.2 1025.4 1017.7  6.7  6.4  21.6  113.7     NA 20.0 
1779/12/17 04:00:00  0.05 0.00   NA 22.1 19.4 20.2 1025.7 1017.8  6.7  6.4  21.6  113.7     NA 20.0 
1779/12/18 04:00:00  0.05 0.00   NA 22.1 18.9 20.1 1025.1 1017.8  6.7  6.3  21.6  113.7     NA 19.9 
1779/12/19 04:00:00  0.04 0.00   NA 22.0 19.4 20.0 1022.7 1017.8  9.3  6.3  21.5  113.7     NA 19.9 
1779/12/20 04:00:00  0.05 0.00   NA 21.9 20.0 19.9 1024.0 1017.9  6.7  6.3  21.5  113.7     NA 19.8 
1779/12/21 04:00:00  0.05 0.00   NA 21.9 20.6 19.9 1023.0 1017.9  6.7  6.3  21.4  113.7     NA 19.8 
1779/12/22 04:00:00  0.04 0.00   NA 21.8 18.3 19.8 1025.1 1017.9  6.7  6.3  21.4  113.7     NA 19.7 
1779/12/23 04:00:00  0.05 0.00   NA 21.7 18.3 19.8 1022.4 1017.9  6.7  6.3  21.4  113.8     NA 19.7 
1779/12/24 04:00:00  0.05 0.00   NA 21.7 17.8 19.7 1022.0 1017.9  6.7  6.3  21.3  113.8     NA 19.7 
1779/12/25 04:00:00  0.05 0.00   NA 21.6 18.1 19.6 1022.7 1017.9  2.6  6.2  21.3  113.8     NA 19.6 
1779/12/26 04:00:00  0.04 0.00   NA 21.5 19.4 19.6 1020.7 1018.0  2.6  6.2  21.3  113.8     NA 19.6 
1779/12/27 04:00:00  0.05 0.00   NA 21.5 21.1 19.5 1018.3 1018.0  2.6  6.2  21.2  113.8     NA 19.6 
1779/12/28 04:00:00  0.05 0.00   NA 21.4 16.1 19.5 1025.1 1018.0  4.6  6.2  21.2  113.8     NA 19.5 
1779/12/29 04:00:00  0.04 0.00   NA 21.3 15.6 19.4 1024.0 1018.0  4.6  6.2  21.2  113.8     NA 19.5 
1779/12/30 04:00:00  0.05 0.00   NA 21.3 16.9 19.4 1023.0 1018.0  6.7  6.1  21.1  113.8     NA 19.5 
1779/12/31 04:00:00  0.05 0.00   NA 21.2 16.7 19.3 1021.3 1018.0  6.7  6.1  21.1  113.8     NA 19.5 
1780/01/01 04:00:00  0.05 0.00   NA 21.2 19.4 19.2 1021.7 1018.0  6.7  6.0  21.0  113.8     NA 19.4 
1780/01/02 04:00:00  0.04 0.00   NA 21.1 20.6 19.2 1022.7 1018.0  6.7  6.0  21.0  113.8     NA 19.4 
1780/01/03 04:00:00  0.05 0.00   NA 22.4 20.6 20.3 1023.4 1017.3  2.6  7.5  21.0  113.8     NA 21.1 
1780/01/04 04:00:00  0.05 0.00   NA 22.4 20.3 20.2 1022.4 1017.3  6.7  7.5  20.9  113.8     NA 21.1 
1780/01/05 04:00:00  0.05 0.00   NA 22.3 20.6 20.2 1022.7 1017.3  6.7  7.4  20.9  113.8     NA 21.1 
1780/01/06 04:00:00  0.04 0.00   NA 22.3 20.0 20.1 1021.7 1017.3  6.7  7.4  20.9  113.8     NA 21.1 
1780/01/07 04:00:00  0.05 0.00   NA 22.2 19.4 20.1 1023.0 1017.3  9.3  7.4  20.8  113.8     NA 21.1 
1780/01/08 04:00:00  0.05 0.00   NA 22.2 19.7 20.0 1024.0 1017.3  9.3  7.3  20.8  113.8     NA 21.0 
1780/01/09 04:00:00  0.04 0.00   NA 22.1 20.0 20.0 1023.7 1017.3  9.3  7.3  20.7  113.9     NA 21.0 
1780/01/10 04:00:00  0.05 0.00   NA 22.1 19.4 20.0 1024.0 1017.3  6.7  7.3  20.7  113.9     NA 21.0 
1780/01/11 04:00:00  0.05 0.00   NA 22.0 20.6 19.9 1025.1 1017.3  6.7  7.2  20.7  113.9     NA 21.0 
1780/01/12 04:00:00  0.05 0.00   NA 22.0 21.1 19.9 1023.4 1017.3  6.7  7.2  20.6  113.9     NA 21.0 
1780/01/13 04:00:00  0.04 0.00   NA 22.0 20.6 19.9 1024.4 1017.3  6.7  7.2  20.6  113.9     NA 20.9 
1780/01/14 04:00:00  0.05 0.00   NA 21.9 20.6 19.9 1024.7 1017.3  6.7  7.1  20.6  113.9     NA 20.9 
1780/01/15 04:00:00  2.05 0.00   NA 23.4 21.9 22.0 1023.7 1016.1  9.3  8.1  19.0  113.8     NA 22.7 
1780/01/16 04:00:00  2.99 0.00   NA 24.5 22.8 23.5 1021.0 1015.0 19.0  8.4  16.6  114.0     NA 23.9 
1780/01/17 04:00:00  2.81 0.00   NA 25.5 24.4 24.4 1021.7 1014.0  6.7  8.4  14.6  113.2     NA 25.1 
1780/01/18 05:00:00  2.96 0.00   NA 25.7 24.4 24.9 1019.3 1013.3 19.0  8.7  12.6  111.8     NA 25.4 
1780/01/19 05:00:00  3.99 0.00   NA 25.5 24.4 24.9 1024.4 1012.6 22.6  9.2  10.4  109.6     NA 25.7 
1780/01/20 05:00:00  3.87 0.00   NA 25.4 25.0 25.1 1024.7 1012.0  6.7  8.1   8.8  107.0     NA 26.3 
1780/01/21 05:00:00  0.57 0.00   NA 25.5 25.6 25.1 1022.4 1012.0  6.7  7.0   8.7  106.6     NA 26.6 
1780/01/22 05:00:00  0.19 0.00   NA 25.5 25.0 25.1 1021.3 1011.9  9.3  7.0   8.7  106.8     NA 26.6 
1780/01/23 05:00:00  0.36 0.00   NA 25.6 25.3 25.1 1019.6 1011.9  9.3  7.0   8.4  106.7     NA 26.6 
1780/01/24 05:00:00  0.37 0.00   NA 25.6 25.0 25.1 1020.0 1011.9 19.0  6.9   8.2  106.5     NA 26.6 
1780/01/25 05:00:00  0.36 0.00   NA 25.7 26.1 25.2 1020.7 1011.7  6.7  7.5   7.9  106.4     NA 26.3 
1780/01/26 05:00:00  0.37 0.00   NA 25.7 26.1 25.3 1019.3 1011.7  2.6  7.4   7.6  106.3     NA 26.3 
1780/01/27 05:00:00  0.36 0.00   NA 25.8 26.1 25.3 1020.7 1011.7  2.6  7.4   7.4  106.2     NA 26.3 
1780/01/28 05:00:00  0.37 0.00   NA 25.8 25.0 25.3 1017.6 1011.6  6.7  7.4   7.1  106.1     NA 26.3 
1780/01/29 05:00:00  0.36 0.00   NA 26.3 25.6 25.4 1019.3 1011.4  6.7  6.8   6.9  106.0     NA 26.2 
1780/01/30 05:00:00  2.73 0.00   NA 27.0 26.1 25.8 1019.3 1011.0  6.7  5.9   5.0  105.0     NA 26.7 
1780/01/31 05:00:00  2.19 0.00   NA 27.0 26.7 25.9 1018.3 1010.8  6.7  5.6   3.3  104.6     NA 27.3 
1780/02/01 05:00:00  2.79 0.00   NA 27.1 26.7 26.2 1017.6 1010.5  6.7  6.0   1.3  105.4     NA 27.2 
1780/02/02 05:00:00  2.14 0.00   NA 27.6 26.9 26.6 1019.0 1010.2  6.7  5.4  -0.4  105.4     NA 27.3 
1780/02/03 05:00:00  1.87 0.00   NA 27.8 27.2 26.7 1018.3 1010.1  6.7  4.7  -1.8  105.2     NA 27.5 
1780/02/04 05:00:00  0.93 0.00   NA 27.9 27.8 26.7 1019.0 1010.0  6.7  3.3  -2.4  105.7     NA 27.6 
1780/02/05 05:00:00  1.30 0.00   NA 27.9 27.8 26.7 1015.9 1009.8  2.6  3.7  -3.1  106.3     NA 26.8 
1780/02/06 05:00:00  1.86 0.00   NA 28.1 27.8 26.6 1015.9 1009.6  2.6  3.4  -4.6  106.4     NA 27.1 
1780/02/07 05:00:00  1.04 0.00   NA 28.2 27.5 26.7 1014.9 1009.5  2.6  3.1  -5.4  106.1     NA 27.2 
1780/02/08 05:00:00  0.39 0.00   NA 28.2 28.3 26.7 1012.5 1009.5  2.6  3.1  -5.6  106.0     NA 27.3 
1780/02/09 05:00:00  0.70 0.00   NA 28.4 27.5 26.9 1012.9 1009.5  1.0  3.4  -6.0  105.6     NA 27.5 
1780/02/10 05:00:00  0.13 0.00   NA 28.4 28.3 26.9 1012.9 1009.5  1.0  3.4  -6.1  105.6     NA 27.5 
1780/02/11 05:00:00  0.00 0.00   NA 28.4 27.8 26.9 1014.2 1009.5  2.6  3.4  -6.1  105.6     NA 27.5 
1780/02/12 05:00:00  0.00 0.00   NA 28.4 27.8 26.9 1014.9 1009.5  2.6  3.4  -6.1  105.6     NA 27.6 
1780/02/13 05:00:00  0.39 0.00   NA 28.4 27.2 26.9 1016.3 1009.5  9.3  3.4  -6.4  105.8     NA 27.6 
1780/02/14 05:00:00  0.79 0.00   NA 28.4 28.3 26.9 1014.9 1009.5  2.6  3.4  -6.6  105.2     NA 27.6 
1780/02/15 05:00:00  0.00 0.00   NA 28.4 27.8 26.9 1013.5 1009.5  2.6  3.4  -6.6  105.2     NA 27.6 
1780/02/16 05:00:00  0.00 0.00   NA 28.4 27.8 26.9 1014.2 1009.5   NA  3.4  -6.6  105.2     NA 27.7 
1780/02/17 05:00:00  0.00 0.00   NA 28.4 28.9 27.0 1012.2 1009.5   NA  3.4  -6.6  105.2     NA 27.7 
1780/02/18 05:00:00  0.24 0.00   NA 28.4 28.9 27.0 1012.9 1009.5  4.6  3.4  -6.7  105.0     NA 27.7 
1780/02/19 05:00:00  1.03 0.00   NA 28.5 28.6 27.1 1014.6 1009.5  4.6  4.0  -7.5  105.0     NA 27.7 
1780/02/20 05:00:00  1.29 0.00   NA 28.6 28.3 27.3 1013.5 1009.5  9.3  4.4  -8.5  104.9     NA 28.1 
1780/02/21 05:00:00  1.27 0.00   NA 28.5 28.6 27.2 1012.5 1009.4  9.3  4.4  -9.5  104.6     NA 28.0 
1780/02/22 05:00:00  1.41 0.00   NA 28.5 28.6 27.2 1012.2 1009.5  6.7  4.5 -10.5  104.2     NA 28.1 
1780/02/23 05:00:00  1.83 0.00   NA 28.5 28.3 27.1 1012.5 1009.7   NA  4.6 -11.8  103.6     NA 27.8 
1780/02/24 05:00:00  1.89 0.00   NA 28.1 28.3 26.9 1011.2 1010.0 19.0  5.2 -13.1  103.0     NA 27.6 
1780/02/25 05:00:00  2.12 0.00   NA 28.0 26.7 26.8 1018.3 1010.2 19.0  5.4 -13.5  101.4     NA 27.8 
1780/02/26 05:00:00  1.93 0.00   NA 28.0 26.7 26.7 1016.3 1010.5   NA  5.5 -13.7   99.8     NA 27.6 
1780/02/27 05:00:00  0.85 0.00   NA 28.0 27.2 26.7 1015.2 1010.5  4.6  5.5 -13.9   99.2     NA 27.6 
1780/02/28 05:00:00  2.47 0.00   NA 27.4 26.9 26.2 1021.0 1011.1 19.0  6.5 -15.0   97.5     NA 27.0 
1780/02/29 06:00:00  3.61 0.00   NA 27.4 26.4 26.1 1020.0 1011.3  6.7  6.8 -15.9   94.7     NA 27.3 
1780/03/01 06:00:00  3.53 0.00   NA 27.1 26.4 25.8 1019.3 1011.7  9.3  7.1 -16.9   92.0     NA 27.1 
1780/03/02 06:00:00  3.21 0.00   NA 27.0 25.8 25.9 1022.4 1012.2  4.6  7.4 -17.2   89.4     NA 27.0 
1780/03/03 06:00:00  2.67 0.00   NA 27.3 25.8 26.0 1023.0 1012.3  4.6  7.3 -18.0   87.4     NA 27.2 
1780/03/04 06:00:00  3.89 0.00   NA 27.1 25.8 25.8 1021.3 1012.8  4.6  7.4 -18.4   84.2     NA 27.5 
1780/03/05 06:00:00  1.68 0.00   NA 26.8 25.8 25.5 1021.7 1013.3 19.0  7.5 -19.1   83.0     NA 27.2 
1780/03/06 07:00:00  2.36 0.00   NA 26.9 26.1 25.6 1021.0 1013.3 19.0  7.4 -19.2   81.0     NA 27.0 
1780/03/07 07:00:00  3.09 0.00   NA 26.5 26.4 25.3 1021.0 1013.3 19.0  7.3 -19.6   78.5     NA 27.2 
1780/03/08 07:00:00  2.14 0.00   NA 26.6 26.9 25.3 1020.7 1013.8  6.7  7.3 -20.0   76.8     NA 27.2 
1780/03/09 07:00:00  2.22 0.00   NA 26.6 26.9 25.4 1020.3 1013.8  6.7  7.3 -20.4   75.0     NA 27.0 
1780/03/10 07:00:00  3.43 0.00   NA 26.9 27.2 25.7 1022.4 1013.7  9.3  7.2 -20.7   72.2     NA 27.1 
1780/03/11 07:00:00  0.81 0.00   NA 26.9 26.7 25.8 1022.0 1013.7  9.3  7.2 -21.0   71.6     NA 27.0 
1780/03/12 07:00:00  2.89 0.00   NA 26.7 26.9 25.6 1021.7 1014.1  9.3  7.1 -21.1   69.2     NA 26.7 
1780/03/13 08:00:00  2.71 0.00   NA 26.8 27.2 25.9 1020.7 1014.0  9.3  7.0 -21.5   66.9     NA 27.0 
1780/03/14 08:00:00  2.58 0.00   NA 26.6 27.2 25.8 1023.0 1014.5  6.7  6.9 -22.1   64.8     NA 26.8 
1780/03/15 08:00:00  2.53 0.00   NA 26.9 27.2 25.9 1023.0 1014.5  6.7  6.8 -22.7   62.8     NA 27.0 
1780/03/16 08:00:00  1.89 0.00   NA 26.6 27.2 25.6 1026.4 1015.0  6.7  6.9 -23.2   61.3     NA 26.5 
1780/03/17 08:00:00  1.97 0.00   NA 26.4 26.9 25.1 1023.4 1015.3  6.7  6.9 -24.0   59.9     NA 26.1 
1780/03/18 08:00:00  2.04 0.00   NA 26.3 26.7 24.8 1025.7 1015.8  9.3  6.8 -25.2   58.7     NA 25.5 
1780/03/19 08:00:00  2.82 0.00   NA 25.9 24.7 24.4 1024.4 1016.2  9.3  6.7 -26.2   56.5     NA 25.4 
1780/03/20 08:00:00  2.23 0.00   NA 26.0 24.4 24.7 1023.4 1016.0  9.3  6.6 -26.6   54.6     NA 25.6 
1780/03/21 09:00:00  2.62 0.00   NA 25.9 25.0 24.4 1026.1 1016.2  9.3  6.6 -27.4   52.4     NA 25.1 
1780/03/22 09:00:00  3.34 0.00   NA 25.2 24.7 24.1 1025.1 1016.3 19.0  6.8 -28.1   49.6     NA 25.3 
1780/03/23 09:00:00  3.75 0.00   NA 25.4 25.0 24.2 1022.4 1016.0 19.0  7.2 -28.4   46.3     NA 25.4 
1780/03/24 09:00:00  3.31 0.00   NA 25.0 24.7 23.9 1028.1 1016.1 19.0  6.8 -29.1   43.5     NA 25.0 
1780/03/25 09:00:00  3.06 0.00   NA 25.5 24.4 24.0 1024.4 1016.0  6.7  6.4 -29.6   40.8     NA 24.6 
1780/03/26 09:00:00  2.48 0.00   NA 25.5 23.9 24.0 1022.4 1015.9  6.7  6.2 -29.5   38.6     NA 24.6 
1780/03/27 10:00:00  2.50 0.00   NA 24.5 24.4 22.9 1019.0 1016.3  6.7  6.3 -31.1   37.2     NA 23.3 
1780/03/28 10:00:00  2.26 0.00   NA 25.0 24.4 23.6 1011.2 1016.0   NA  6.4 -30.8   35.1     NA 24.3 
1780/03/29 10:00:00  1.34 0.00   NA 24.6 22.8 23.1 1023.0 1016.0  6.7  6.7 -31.4   34.2     NA 23.5 
1780/03/30 10:00:00  1.02 0.00   NA 24.6 23.3 23.2 1023.7 1015.9   NA  6.9 -31.0   33.3     NA 23.4 
1780/03/31 10:00:00  1.52 0.00   NA 24.7 24.7 23.3 1025.4 1015.8  2.6  7.1 -31.4   32.0     NA 23.3 
1780/04/01 10:00:00  2.00 0.00   NA 24.5 24.4 22.6 1025.1 1015.6  6.7  6.9 -32.2   30.4     NA 22.5 
1780/04/02 10:00:00  2.44 0.00   NA 23.6 24.4 21.7 1021.7 1015.5  6.7  5.9 -33.5   28.8     NA 20.8 
1780/04/03 10:00:00  3.54 0.00   NA 22.2 25.3 20.3 1018.6 1015.5  6.7  6.9 -35.0   26.0     NA 20.2 
1780/04/04 10:00:00  2.30 0.00   NA 21.0 24.4 19.7 1020.7 1015.5  1.0  6.3 -35.4   23.9     NA 20.0 
1780/04/05 11:00:00  2.03 0.00   NA 21.1 23.6 19.5 1020.7 1015.4  4.6  6.8 -36.2   22.1     NA 20.0 
1780/04/06 11:00:00  0.80 0.00   NA 19.8 23.9 19.3 1024.7 1015.6  4.6  6.2 -35.8   21.5     NA 19.0 
1780/04/07 11:00:00  1.37 0.00   NA 19.6 23.6 18.9 1015.2 1015.7  2.6  6.2 -35.2   20.4     NA 18.1 
1780/04/08 11:00:00  0.38 0.00   NA 19.5 21.7 18.8 1015.9 1015.7 19.0  6.2 -35.0   20.2     NA 18.1 
1780/04/09 11:00:00  0.58 0.00   NA 19.4 18.9 18.5 1017.6 1015.8   NA  6.4 -35.1   19.7     NA 18.3 
1780/04/10 11:00:00  1.37 0.00   NA 18.2 20.0 17.9 1017.9 1015.9 22.6  5.3 -34.6   18.5     NA 18.8 
1780/04/11 11:00:00  0.53 0.00   NA 18.2 18.1 17.8 1024.4 1016.0  2.6  5.3 -34.2   18.6     NA 18.7 
1780/04/12 11:00:00  0.01 0.00   NA 18.2 18.3 17.8 1024.4 1016.0  2.6  5.2 -34.2   18.6     NA 18.7 
1780/04/13 11:00:00  0.01 0.00   NA 18.1 18.9 17.8 1022.4 1016.0  6.7  5.2 -34.2   18.6     NA 18.6 
1780/04/14 11:00:00  0.01 0.00   NA 18.1 19.4 17.7 1021.7 1016.1  2.6  5.2 -34.2   18.6     NA 18.6 
1780/04/15 11:00:00  0.01 0.00   NA 18.1 20.0 17.7 1020.0 1016.1  2.6  5.2 -34.2   18.6     NA 18.6 
1780/04/16 11:00:00  0.01 0.00   NA 18.0 25.6 17.6 1017.3 1016.1  2.6  5.2 -34.2   18.6     NA 18.5 
1780/04/17 11:00:00  0.01 0.00   NA 18.0 30.0 17.6 1017.9 1016.2  6.7  5.2 -34.2   18.6     NA 18.5 
1780/04/18 11:00:00  0.01 0.00   NA 18.0 26.1 17.6 1016.9 1016.2  6.7  5.2 -34.2   18.6     NA 18.4 
1780/04/19 11:00:00  0.01 0.00   NA 18.0 28.9 17.5 1020.7 1016.3   NA  5.2 -34.3   18.6     NA 18.4 
1780/04/20 11:00:00  0.01 0.00   NA 17.9 21.1 17.5 1012.9 1016.3  9.3  5.2 -34.3   18.6     NA 18.3 
1780/04/21 11:00:00  0.01 0.00   NA 17.9 21.9 17.4 1019.6 1016.4  9.3  5.2 -34.3   18.6     NA 18.3 
1780/04/22 11:00:00  0.01 0.00   NA 17.9 24.4 17.4 1023.0 1016.4 19.0  5.2 -34.3   18.6     NA 18.3 
1780/04/23 11:00:00  0.01 0.00   NA 17.8 26.1 17.4 1025.1 1016.5 19.0  5.2 -34.3   18.6     NA 18.2 
1780/04/24 11:00:00  0.01 0.00   NA 17.8 26.1 17.3 1024.0 1016.5 19.0  5.2 -34.3   18.6     NA 18.2 
1780/04/25 11:00:00  0.01 0.00   NA 17.8 24.4 17.3 1023.4 1016.6 19.0  5.2 -34.3   18.6     NA 18.1 
1780/04/26 11:00:00  0.01 0.00   NA 17.8 24.4 17.2 1024.4 1016.6  9.3  5.2 -34.3   18.6     NA 18.1 
1780/04/27 11:00:00  0.01 0.00   NA 17.7 25.8 17.2 1017.3 1016.7  2.6  5.2 -34.3   18.5     NA 18.1 
1780/04/28 11:00:00  0.01 0.00   NA 17.7 21.7 17.2 1012.2 1016.7 19.0  5.2 -34.3   18.5     NA 18.0 
1780/04/29 11:00:00  0.01 0.00   NA 17.7 22.2 17.1 1018.3 1016.8 19.0  5.2 -34.3   18.5     NA 18.0 
1780/04/30 11:00:00  0.01 0.00   NA 17.6 20.0 17.1 1019.6 1016.8 22.6  5.2 -34.3   18.5     NA 18.0 
1780/05/01 11:00:00  0.01 0.00   NA 17.6 24.7 17.0 1023.0 1016.9  6.7  5.2 -34.3   18.5     NA 17.9 
1780/05/02 11:00:00  0.01 0.00   NA 17.6 17.8 17.0 1014.6 1016.9  6.7  5.2 -34.3   18.5     NA 17.9 
1780/05/03 11:00:00  0.01 0.00   NA 17.6 17.8 17.0 1014.9 1017.0  6.7  5.2 -34.3   18.5     NA 17.8 
1780/05/04 11:00:00  0.01 0.00   NA 17.5 17.8 16.9 1016.3 1017.0  6.7  5.2 -34.3   18.5     NA 17.8 
1780/05/05 11:00:00  0.01 0.00   NA 17.5 22.2 16.9 1020.7 1017.1  6.7  5.2 -34.3   18.5     NA 17.8 
1780/05/06 11:00:00  0.01 0.00   NA 17.5 22.2 16.9 1020.7 1017.2  1.0  5.2 -34.3   18.5     NA 17.7 
1780/05/07 11:00:00  0.01 0.00   NA 17.4 22.2 16.8 1021.3 1017.2  1.0  5.2 -34.3   18.5     NA 17.7 
1780/05/08 11:00:00  0.01 0.00   NA 17.4 21.7 16.8 1022.4 1017.3  6.7  5.2 -34.4   18.5     NA 17.7 
1780/05/09 11:00:00  0.01 0.00   NA 17.4 20.6 16.7 1013.5 1017.3  9.3  5.2 -34.4   18.5     NA 17.6 
1780/05/10 11:00:00  0.89 0.00   NA 17.9 19.7 16.9 1014.2 1017.4  9.3  6.2 -34.8   17.8     NA 17.4 
1780/05/11 11:00:00  0.57 0.00   NA 17.8 18.3 16.9 1022.4 1017.5  6.7  6.2 -34.4   17.7     NA 17.4 
1780/05/12 11:00:00  1.03 0.00   NA 17.1 18.9 16.7 1023.4 1017.5  2.6  4.9 -33.6   17.3     NA 17.4 
1780/05/13 11:00:00  1.69 0.00   NA 17.6 19.2 16.8 1025.7 1017.6  2.6  5.6 -32.5   16.4     NA 18.0 
1780/05/14 11:00:00  2.75 0.00   NA 18.4 18.3 17.3 1027.4 1017.8 19.0  6.0 -31.3   14.3     NA 18.8 
1780/05/15 11:00:00  4.55 0.00   NA 18.9 18.3 18.0 1024.4 1018.3  9.3  6.3 -29.9   10.6     NA 19.1 
1780/05/16 11:00:00  3.38 0.00   NA 19.8 19.4 18.5 1025.4 1018.6  6.7  6.0 -28.6    7.9     NA 19.6 
1780/05/17 12:00:00  2.74 0.00   NA 20.2 20.6 18.9 1025.1 1018.8  6.7  5.9 -27.6    5.7     NA 20.1 
1780/05/18 12:00:00  2.76 0.00   NA 20.6 21.1 19.3 1026.1 1018.9  6.7  5.8 -26.5    3.6     NA 20.4 
1780/05/19 12:00:00  2.92 0.00   NA 21.2 21.9 19.7 1024.4 1019.2  6.7  5.7 -25.4    1.4     NA 20.7 
1780/05/20 12:00:00  2.45 0.00   NA 21.6 21.9 20.1 1023.0 1019.3  6.7  5.6 -24.4   -0.4     NA 20.9 
1780/05/21 12:00:00  2.64 0.00   NA 22.0 21.7 20.4 1024.0 1019.2  6.7  5.6 -23.4   -2.3     NA 21.3 
1780/05/22 12:00:00  2.49 0.00   NA 22.4 22.8 20.7 1024.4 1019.1  6.7  5.6 -22.3   -4.0     NA 21.6 
1780/05/23 12:00:00  2.82 0.00   NA 22.6 23.3 21.1 1024.7 1018.8  6.7  6.0 -20.8   -5.8     NA 21.7 
1780/05/24 13:00:00  2.74 0.00   NA 23.0 23.9 21.4 1025.1 1018.5  6.7  6.1 -19.6   -7.8     NA 22.2 
1780/05/25 13:00:00  3.01 0.00   NA 23.4 23.3 21.8 1023.4 1018.3  6.7  6.2 -18.2   -9.7     NA 22.4 
1780/05/26 13:00:00  2.57 0.00   NA 24.1 23.3 22.4 1022.7 1017.6  6.7  6.7 -16.8  -11.3     NA 23.1 
1780/05/27 13:00:00  1.79 0.00   NA 24.5 22.8 22.8 1021.3 1017.3  6.7  6.9 -15.9  -12.3     NA 23.8 
1780/05/28 13:00:00  1.77 0.00   NA 24.8 23.9 23.2 1021.3 1017.0  6.7  7.2 -15.0  -13.4     NA 24.6 
1780/05/29 13:00:00  1.25 0.00   NA 24.9 25.0 23.2 1021.0 1017.0  1.0  7.2 -14.3  -14.1     NA 24.7 
1780/05/30 13:00:00  1.25 0.00   NA 25.2 25.0 23.5 1021.3 1016.7  1.0  7.3 -13.7  -14.9     NA 25.0 
1780/05/31 13:00:00  1.70 0.00   NA 25.6 25.0 24.0 1020.0 1016.4  1.0  7.5 -12.8  -15.9     NA 25.3 
1780/06/01 13:00:00  1.37 0.00   NA 25.9 24.4 24.5 1021.7 1016.1  2.6  7.5 -11.9  -16.5     NA 25.6 
1780/06/02 13:00:00  1.54 0.00   NA 26.1 25.6 24.5 1022.7 1016.1  1.0  7.5 -11.2  -17.5     NA 25.7 
1780/06/03 13:00:00  1.03 0.00   NA 26.6 25.8 25.0 1022.4 1015.7  1.0  7.6 -10.6  -18.0     NA 26.5 
1780/06/04 13:00:00  1.82 0.00   NA 26.9 26.7 25.5 1022.4 1015.4  6.7  7.6  -9.7  -19.1     NA 27.1 
1780/06/05 13:00:00  2.27 0.00   NA 27.1 26.4 25.9 1023.0 1015.2  6.7  7.6  -8.8  -20.7     NA 27.4 
1780/06/06 13:00:00  1.47 0.00   NA 27.3 26.9 26.1 1022.4 1014.9  6.7  7.5  -7.9  -21.3     NA 27.4 
1780/06/07 14:00:00  2.39 0.00   NA 27.5 27.2 26.3 1021.7 1014.7  6.7  7.3  -6.5  -22.7     NA 27.4 
1780/06/08 14:00:00  2.67 0.00   NA 27.6 28.1 26.3 1021.3 1014.3  6.7  6.9  -4.8  -23.9     NA 27.3 
1780/06/09 14:00:00  2.61 0.00   NA 27.5 27.8 26.4 1021.3 1014.1  6.7  6.6  -3.2  -25.1     NA 27.2 
1780/06/10 14:00:00  2.33 0.00   NA 27.2 27.2 26.3 1022.4 1013.9  6.7  6.0  -1.7  -26.1     NA 27.3 
1780/06/11 14:00:00  1.77 0.00   NA 27.1 27.5 26.2 1021.7 1013.8  2.6  5.8  -0.3  -26.2     NA 27.1 
1780/06/12 14:00:00  2.49 0.00   NA 27.5 27.5 26.3 1019.6 1013.8   NA  5.5   1.6  -26.4     NA 27.0 
1780/06/13 14:00:00  2.81 0.00   NA 27.8 28.1 26.4 1022.0 1013.8   NA  4.7   3.8  -26.6     NA 27.1 
1780/06/14 14:00:00  1.00 0.00   NA 27.7 26.9 26.3 1019.0 1013.9   NA  4.1   4.4  -26.2     NA 27.0 
1780/06/15 14:00:00  0.85 0.00   NA 27.8 27.5 26.3 1023.4 1013.9   NA  4.2   5.0  -25.8     NA 27.1 
1780/06/16 14:00:00  0.59 0.00   NA 27.7 28.1 26.2 1021.7 1014.0   NA  3.5   5.4  -25.8     NA 27.0 
1780/06/17 14:00:00  1.32 0.00   NA 27.5 28.9 26.0 1020.7 1014.1  1.0  3.2   6.4  -26.0     NA 26.8 
1780/06/18 14:00:00  1.26 0.00   NA 27.4 28.1 25.9 1019.6 1014.2  9.3  3.3   7.1  -26.7     NA 26.6 
1780/06/19 14:00:00  1.73 0.00   NA 27.3 28.3 25.9 1020.3 1014.3   NA  3.7   7.4  -28.0     NA 26.7 
1780/06/20 14:00:00  0.91 0.00   NA 27.0 27.8 25.7 1020.7 1014.4  9.3  3.9   8.1  -28.0     NA 26.8 
1780/06/21 14:00:00  1.43 0.00   NA 26.7 27.5 25.4 1022.7 1014.5  6.7  4.2   9.2  -27.7     NA 26.8 
1780/06/22 14:00:00  0.45 0.00   NA 26.7 27.8 25.5 1021.0 1014.5  6.7  4.4   9.3  -28.0     NA 26.7 
1780/06/23 14:00:00  1.37 0.00   NA 26.8 27.2 25.5 1019.3 1014.6  6.7  4.6   9.7  -29.0     NA 26.8 
1780/06/24 14:00:00  1.72 0.00   NA 26.5 27.5 25.4 1018.3 1014.8  6.7  5.1  10.6  -30.0     NA 26.6 
1780/06/25 14:00:00  1.59 0.00   NA 26.2 27.2 25.2 1020.0 1015.1  6.7  5.5  11.7  -30.5     NA 26.4 
1780/06/26 14:00:00  2.19 0.00   NA 25.9 26.7 24.9 1020.3 1015.5  9.3  6.1  12.9  -31.8     NA 26.1 
1780/06/27 14:00:00  2.05 0.00   NA 25.1 26.7 24.2 1020.7 1016.2  9.3  6.9  14.0  -33.0     NA 25.9 
1780/06/28 14:00:00  2.31 0.00   NA 24.9 26.7 24.2 1020.3 1016.9  9.3  7.2  15.4  -34.1     NA 25.7 
1780/06/29 14:00:00  2.08 0.00   NA 24.8 26.4 24.1 1021.0 1017.4  9.3  7.3  16.9  -34.7     NA 25.6 
1780/06/30 14:00:00  2.48 0.00   NA 24.8 25.8 24.1 1026.4 1018.6  9.3  7.6  18.4  -36.1     NA 25.9 
1780/07/01 15:00:00  2.89 0.00   NA 25.1 25.6 24.2 1027.8 1019.8  9.3  7.4  20.0  -37.8     NA 26.0 
1780/07/02 15:00:00  1.79 0.00   NA 25.3 25.3 24.3 1025.1 1020.4  6.7  7.2  21.3  -38.3     NA 26.1 
1780/07/03 15:00:00  1.77 0.00   NA 25.3 25.8 24.3 1025.1 1021.0  6.7  7.0  22.7  -38.6     NA 25.8 
1780/07/04 15:00:00  1.96 0.00   NA 25.1 25.8 24.2 1025.4 1022.2  6.7  6.2  24.1  -39.4     NA 25.7 
1780/07/05 15:00:00  2.07 0.00   NA 25.1 26.1 24.2 1027.1 1022.7  6.7  5.7  25.4  -40.3     NA 25.5 
1780/07/06 15:00:00  2.08 0.00   NA 25.2 26.1 24.3 1026.1 1023.1  6.7  5.3  26.9  -41.1     NA 25.8 
1780/07/07 15:00:00  1.40 0.00   NA 25.3 26.9 24.2 1025.1 1023.5  6.7  5.0  28.0  -41.0     NA 25.8 
1780/07/08 15:00:00  1.44 0.00   NA 25.3 27.2 24.2 1022.7 1023.9  2.6  4.7  29.0  -41.6     NA 26.1 
1780/07/09 15:00:00  0.77 0.00   NA 25.2 26.7 24.1 1024.7 1024.4  1.0  4.5  29.6  -41.8     NA 26.1 
1780/07/10 15:00:00  0.24 0.00   NA 25.3 27.8 24.2 1030.8 1024.4  1.0  4.5  29.7  -41.8     NA 26.1 
1780/07/11 15:00:00  1.32 0.00   NA 25.2 26.7 24.1 1030.5 1024.6  9.3  4.4  30.8  -41.9     NA 26.0 
1780/07/12 15:00:00  1.83 0.00   NA 25.1 27.2 24.0 1029.5 1024.8  9.3  4.1  32.2  -42.0     NA 25.5 
1780/07/13 15:00:00  1.43 0.00   NA 25.0 26.4 23.9 1029.5 1024.9  6.7  4.1  33.3  -42.0     NA 25.5 
1780/07/14 15:00:00  1.78 0.00   NA 24.7 26.7 23.7 1032.2 1025.1  2.6  4.2  34.6  -41.5     NA 25.1 
1780/07/15 15:00:00  1.19 0.00   NA 24.6 30.3 23.6 1032.5 1025.0  1.0  4.3  35.5  -41.4     NA 25.0 
1780/07/16 15:00:00  0.39 0.00   NA 24.6 27.2 23.6 1031.5 1025.0  1.0  4.3  35.8  -41.6     NA 25.1 
1780/07/17 15:00:00  0.86 0.00   NA 24.3 27.2 23.4 1032.2 1024.9  2.6  4.4  36.2  -40.9     NA 25.0 
1780/07/18 15:00:00  1.16 0.00   NA 24.2 26.7 23.3 1032.2 1024.9  2.6  4.4  36.6  -39.9     NA 24.7 
1780/07/19 15:00:00  1.38 0.00   NA 23.8 26.7 23.0 1034.2 1024.7  6.7  4.5  37.1  -38.8     NA 24.5 
1780/07/20 15:00:00  1.12 0.00   NA 23.9 25.0 23.0 1034.5 1024.6  6.7  4.5  37.8  -38.0     NA 24.6 
1780/07/21 14:00:00  1.06 0.00   NA 23.8 25.6 22.9 1032.8 1024.6  9.3  4.5  37.8  -37.0     NA 24.5 
1780/07/22 14:00:00  0.71 0.00   NA 23.6 25.8 22.7 1028.1 1024.4  2.6  4.7  38.3  -37.0     NA 24.4 
1780/07/23 14:00:00  0.33 0.00   NA 23.6 25.6 22.8 1027.1 1024.3  2.6  4.7  38.6  -37.1     NA 24.4 
1780/07/24 14:00:00  0.15 0.00   NA 23.7 26.1 22.8 1027.4 1024.2  2.6  4.7  38.7  -37.1     NA 24.5 
1780/07/25 14:00:00  0.58 0.00   NA 23.6 24.7 22.7 1021.0 1024.2  9.3  4.7  38.8  -36.6     NA 24.3 
1780/07/26 14:00:00  0.77 0.00   NA 23.5 26.1 22.6 1019.3 1024.2  2.6  4.7  39.0  -35.8     NA 24.2 
1780/07/27 14:00:00  2.66 0.00   NA 22.4 25.0 21.6 1019.3 1023.8 19.0  5.3  40.3  -33.8     NA 23.1 
1780/07/28 14:00:00  2.51 0.00   NA 21.6 24.4 21.0 1019.6 1023.4 19.0  5.5  41.2  -31.5     NA 22.4 
1780/07/29 14:00:00  2.89 0.00   NA 20.6 23.6 20.0 1020.7 1022.9 19.0  5.6  42.2  -28.8     NA 21.4 
1780/07/30 14:00:00  2.19 0.00   NA 20.0 23.1 19.4 1021.7 1022.4  1.0  5.8  43.3  -27.0     NA 20.6 
1780/07/31 14:00:00  0.58 0.00   NA 20.0 23.9 19.3 1025.4 1022.2  1.0  5.8  43.5  -26.4     NA 20.5 
1780/08/01 14:00:00  1.01 0.00   NA 19.3 24.2 18.8 1027.4 1021.8  1.0  6.0  44.0  -25.7     NA 19.9 
1780/08/02 14:00:00  1.08 0.00   NA 19.3 23.9 18.7 1031.2 1021.6  6.7  5.9  44.5  -24.7     NA 19.8 
1780/08/03 14:00:00  1.61 0.00   NA 19.3 24.2 18.7 1030.5 1021.4  2.6  5.8  44.9  -23.0     NA 19.8 
1780/08/04 13:00:00  1.23 0.00   NA 18.8 24.2 18.1 1024.7 1020.7  2.6  6.0  45.2  -21.8     NA 19.0 
1780/08/05 13:00:00  2.01 0.00   NA 18.8 22.2 18.0 1025.1 1020.4  6.7  6.0  45.9  -19.8     NA 19.1 
1780/08/06 13:00:00  1.03 0.00   NA 18.3 23.9 17.6 1023.0 1019.8  2.6  6.2  46.5  -19.1     NA 18.6 
1780/08/07 13:00:00  3.03 0.00   NA 17.3 23.1 16.6 1016.3 1018.6 19.0  6.6  48.8  -18.4     NA 17.3 
1780/08/08 13:00:00  2.80 0.00   NA 16.3 20.6 15.7 1024.4 1017.5  6.7  7.0  50.5  -16.2     NA 16.3 
1780/08/09 13:00:00  1.90 0.00   NA 15.9 18.6 15.3 1021.0 1016.8  6.7  7.0  51.3  -14.2     NA 15.9 
1780/08/10 13:00:00  1.06 0.00   NA 15.8 18.9 15.3 1024.7 1016.7  6.7  7.1  52.0  -15.0     NA 15.8 
1780/08/11 13:00:00  1.16 0.00   NA 15.5 19.2 14.9 1021.0 1016.0  6.7  7.2  52.5  -16.2     NA 15.3 
1780/08/12 13:00:00  0.56 0.00   NA 15.5 19.4 14.9 1017.9 1015.9  2.6  7.2  52.9  -16.3     NA 15.3 
1780/08/13 13:00:00  0.40 0.00   NA 15.4 16.7 14.9 1023.0 1015.9  6.7  7.2  52.8  -15.8     NA 15.4 
1780/08/14 13:00:00  0.85 0.00   NA 15.0 20.0 14.5 1016.6 1015.2  6.7  7.3  53.5  -15.6     NA 14.8 
1780/08/15 13:00:00  1.28 0.00   NA 14.6 19.4 14.1 1014.9 1014.5  6.7  7.3  54.5  -15.7     NA 14.2 
1780/08/16 13:00:00  1.12 0.00   NA 14.3 19.7 13.8 1016.3 1013.9  6.7  7.4  55.3  -15.2     NA 14.0 
1780/08/17 13:00:00  1.72 0.00   NA 14.0 19.7 13.4 1016.9 1013.5  6.7  7.2  56.1  -13.2     NA 13.9 
1780/08/18 13:00:00  0.85 0.00   NA 14.1 19.4 13.5 1017.6 1013.6  2.6  7.2  56.2  -12.1     NA 13.9 
1780/08/19 13:00:00  1.50 0.00   NA 14.2 18.9 13.6 1014.2 1013.7  9.3  7.1  56.8  -10.3     NA 13.8 
1780/08/20 13:00:00  2.72 0.00   NA 13.3 18.3 12.9 1015.2 1013.1 22.6  6.8  58.5   -7.9     NA 13.2 
1780/08/21 12:00:00  2.50 0.00   NA 13.0 18.3 12.6 1007.5 1013.3  6.7  5.3  58.9   -4.4     NA 13.3 
1780/08/22 12:00:00  0.72 0.00   NA 13.0 18.9 12.5 1011.2 1013.3  6.7  5.5  59.0   -3.3     NA 13.3 
1780/08/23 12:00:00    NA   NA   NA   NA 17.2   NA 1016.9     NA  9.3   NA    NA     NA     NA   NA 
1780/08/24 12:00:00    NA   NA   NA   NA 17.5   NA 1020.3     NA  9.3   NA    NA     NA     NA   NA 
1780/08/25 12:00:00    NA   NA   NA   NA 16.1   NA 1024.0     NA  6.7   NA    NA     NA     NA   NA 
1780/08/26 12:00:00    NA   NA   NA   NA 17.2   NA 1025.4     NA  6.7   NA    NA     NA     NA   NA 
1780/08/27 12:00:00    NA   NA   NA   NA 17.2   NA 1027.4     NA  2.6   NA    NA     NA     NA   NA 
1780/08/28 12:00:00    NA   NA   NA   NA 16.4   NA 1025.7     NA  9.3   NA    NA     NA     NA   NA 
1780/08/29 12:00:00    NA   NA   NA   NA 16.4   NA 1020.3     NA  9.3   NA    NA     NA     NA   NA 
1780/08/30 12:00:00    NA   NA   NA   NA 17.8   NA 1014.2     NA  2.6   NA    NA     NA     NA   NA 
1780/08/31 12:00:00    NA   NA   NA   NA 18.3   NA 1016.3     NA  2.6   NA    NA     NA     NA   NA 
