1773/02/14 07:00:00  2.90 0.00   NA  3.6  4.2  3.8     NA 1002.6 19.0 10.5 -51.7   74.9     NA  4.1 
1773/02/15 07:00:00  3.04 0.00   NA  3.1  3.3  3.5     NA 1000.5   NA 10.6 -52.2   78.6     NA  3.4 
1773/02/17 06:00:00  2.55 0.00   NA  4.2  2.8  3.7     NA  999.9 19.0 10.9 -52.9   84.9     NA  4.1 
1773/02/18 06:00:00  3.16 0.00   NA  4.7  4.4  4.2     NA  999.4 19.0 11.1 -52.9   89.0     NA  4.1 
1773/02/20 06:00:00  3.21 0.00   NA  4.6  1.7  4.2     NA  998.2 22.6 10.9 -52.4   97.1     NA  4.3 
1773/02/21 05:00:00  3.17 0.00   NA  4.7  5.0  4.1     NA  997.7  2.6 10.8 -52.3  101.0     NA  4.7 
1773/02/23 05:00:00  1.27 0.00   NA  4.9  5.3  4.1     NA  997.5 22.6 10.9 -52.3  104.2     NA  5.0 
1773/02/24 05:00:00  2.29 0.00   NA  4.8  5.0  4.8     NA  997.4  6.7 10.9 -52.2  107.1     NA  4.9 
1773/02/26 04:00:00  3.45 0.00   NA  5.7  6.7  5.7     NA  999.5 19.0 11.1 -51.4  115.5     NA  5.7 
1773/02/28 04:00:00  2.64 0.00   NA  7.1  6.7  7.1     NA 1002.4 22.6 11.1 -50.3  121.8     NA  7.2 
1773/03/01 04:00:00  3.10 0.00   NA  8.7  9.7  8.7     NA 1005.0 19.0 11.0 -49.1  125.0     NA  8.4 
1773/03/03 03:00:00  2.96 0.00   NA 11.2 11.7 11.3     NA 1010.9 22.6 10.0 -46.4  130.3     NA 11.0 
1773/03/04 03:00:00  2.67 0.00   NA 12.5 10.6 12.4     NA 1014.0 19.0  9.0 -44.8  132.3     NA 12.4 
1773/03/05 03:00:00  2.88 0.00   NA 13.0 13.3 12.7     NA 1014.5 19.0  8.7 -44.0  135.2     NA 13.1 
1773/03/06 03:00:00  3.20 0.00   NA 14.0 11.1 13.5     NA 1015.2 19.0  8.0 -43.9  138.7     NA 13.7 
1773/03/07 03:00:00  2.22 0.00   NA 14.5 12.8 13.5     NA 1015.3   NA  7.7 -43.8  141.1     NA 13.7 
1773/03/09 02:00:00  2.28 0.00   NA 15.2 15.0 13.9     NA 1015.4   NA  5.7 -43.7  145.9     NA 15.3 
1773/03/11 02:00:00    NA   NA   NA   NA   NA   NA     NA     NA   NA   NA    NA     NA     NA   NA 
1773/12/23 02:00:00    NA   NA   NA   NA 18.3   NA     NA     NA   NA   NA -42.4     NA     NA   NA 
1773/12/25 00:00:00    NA 0.00   NA 13.9 15.6 13.5     NA 1011.8  4.6  7.1 -44.6  175.7     NA 13.5 
1773/12/28 00:00:00  1.29 0.00   NA 12.0 12.2 11.4     NA 1009.7   NA  7.8 -47.1  178.2     NA 12.6 
1773/12/30 00:00:00  1.71 0.00   NA 10.5 13.3 10.0     NA 1008.0  2.6  8.4 -49.6  179.4     NA 11.3 
1773/12/31 00:00:00  1.50 0.00   NA 10.0  8.9  9.5     NA 1007.0 22.6  8.8 -50.8  179.5     NA 11.0 
1774/01/03 00:00:00  0.97 0.00   NA 10.3  8.9  9.4     NA 1005.7 19.0  9.4 -51.6 -177.2     NA 10.6 
1774/01/04 23:00:00  3.12 0.00   NA  8.2  7.8  7.6     NA 1001.4 19.0  9.6 -54.4 -170.8     NA  8.8 
1774/01/05 23:00:00  3.14 0.00   NA  7.2  7.8  6.3     NA  999.5 19.0  9.4 -55.5 -167.0     NA  7.9 
1774/01/06 23:00:00  2.66 0.00   NA  6.1  4.7  5.6     NA  997.4 19.0  9.2 -56.5 -163.7     NA  7.0 
1774/01/07 23:00:00  2.64 0.00   NA  5.9  3.3  5.5     NA  996.6  6.7  9.1 -57.0 -160.1     NA  6.6 
1774/01/09 22:00:00  2.23 0.00   NA  4.2  3.6  3.1     NA  993.9  9.3  8.8 -57.5 -153.9     NA  4.9 
1774/01/11 22:00:00  2.29 0.00   NA  2.6  2.8  2.2     NA  991.9  4.6  8.7 -58.3 -147.4     NA  2.7 
1774/01/12 22:00:00  1.87 0.00   NA  2.8  3.3  2.8     NA  991.5  6.7  8.9 -58.6 -144.7     NA  3.4 
1774/01/14 21:00:00  0.84 0.00   NA  3.3  2.8  3.3     NA  991.5  9.3  9.0 -58.8 -142.2     NA  3.6 
1774/01/16 21:00:00  2.60 0.00   NA  3.5  4.4  2.3     NA  991.1   NA  9.1 -58.8 -134.4     NA  4.0 
1774/01/19 20:00:00  3.40 0.00   NA  4.2  5.0  4.3     NA  990.0 19.0  9.3 -59.4 -119.2     NA  0.0 
1774/01/20 20:00:00  3.66 0.00   NA  5.3  5.3  6.1     NA  992.4 19.0  9.9 -57.9 -114.6     NA  5.8 
1774/01/21 20:00:00  3.08 0.00   NA  3.9  5.3  4.5     NA  989.2   NA  9.0 -60.1 -113.2     NA  0.0 
1774/01/22 19:00:00  1.48 0.00   NA  4.5  5.3  5.3     NA  990.1  6.7  9.3 -59.5 -111.4     NA  0.0 
1774/01/24 19:00:00  2.01 0.00   NA  4.5  3.6  4.4     NA  990.0   NA  9.4 -59.6 -105.3     NA  0.0 
1774/01/25 19:00:00  2.88 0.00   NA  4.1  6.1  4.0     NA  989.0 19.0  9.1 -60.2 -101.0     NA  0.0 
1774/01/26 18:00:00  2.71 0.00   NA  4.5  6.1  4.5     NA  988.9 19.0  9.0 -60.7  -97.0     NA  0.0 
1774/01/28 18:00:00  2.57 0.00   NA  4.2  5.6  5.2     NA  988.3  6.7  8.5 -61.8  -89.0     NA  0.0 
1774/01/29 18:00:00  3.03 0.00   NA  4.7  5.3  5.4     NA  988.6 19.0  8.5 -61.8  -84.0     NA  0.0 
1774/01/31 17:00:00  3.82 0.00   NA  4.0  3.9  4.1     NA  990.7  6.7  8.1 -61.3  -71.8     NA  0.0 
1774/02/03 16:00:00  2.99 0.00   NA  2.5  4.7  2.6     NA  993.0 19.0  7.7 -60.6  -57.7     NA  0.0 
1774/02/04 16:00:00  2.80 0.00   NA  1.6  3.9  1.5     NA  993.4   NA  7.5 -60.3  -53.3     NA  0.0 
1774/02/06 15:00:00  1.61 0.00   NA  1.1  3.1  1.1     NA  993.9  2.6  7.9 -60.1  -48.4     NA  0.0 
1774/02/07 15:00:00  1.24 0.00   NA  1.7  5.0  1.6     NA  994.7  2.6  8.1 -59.3  -47.3     NA  0.0 
1774/02/08 15:00:00  1.54 0.00   NA  2.2  2.8  2.2     NA  995.8  9.3  8.3 -58.5  -45.5     NA  2.8 
1774/02/09 15:00:00  2.43 0.00   NA  2.9  3.1  2.6     NA  996.7  2.6  8.5 -57.3  -42.7     NA  3.4 
1774/02/10 15:00:00  1.32 0.00   NA  3.3  5.8  3.1     NA  997.6  6.7  8.7 -56.9  -41.0     NA  3.7 
1774/02/11 15:00:00  2.08 0.00   NA  2.8  4.4  2.5     NA  997.5   NA  8.7 -56.5  -38.2     NA  3.2 
1774/02/12 14:00:00  1.46 0.00   NA  3.1  4.4  3.0     NA  998.0 19.0  8.6 -55.8  -36.7     NA  4.4 
1774/02/13 14:00:00  2.02 0.00   NA  3.1  5.0  3.2     NA  998.7   NA  8.7 -54.9  -34.3     NA  4.0 
1774/02/14 14:00:00  1.87 0.00   NA  2.7  4.7  2.9     NA  998.4  2.6  8.9 -54.4  -32.0     NA  3.6 
1774/02/15 14:00:00  2.31 0.00   NA  3.2  4.7  2.9     NA  998.0  9.3  9.2 -54.3  -28.9     NA  3.2 
1774/02/16 14:00:00  3.52 0.00   NA  3.5  4.2  3.1     NA  997.7  1.0  9.6 -54.3  -24.2     NA  3.4 
1774/02/18 14:00:00  0.38 0.00   NA  3.5  4.4  3.0     NA  997.7  9.3  9.7 -54.3  -23.2     NA  3.4 
1774/02/19 13:00:00  1.41 0.00   NA  3.2  4.2  3.2     NA  997.6  2.6  9.8 -54.0  -21.5     NA  3.5 
1774/02/20 13:00:00  2.06 0.00   NA  3.7  2.8  3.6     NA  998.8  6.7  9.9 -53.2  -19.1     NA  3.7 
1774/02/22 13:00:00  2.36 0.00   NA  3.6  4.4  3.5     NA  998.5  2.6 10.1 -53.2  -13.0     NA  3.3 
1774/02/23 13:00:00  3.86 0.00   NA  3.2  3.9  2.7     NA  998.2  9.3 10.0 -53.1   -8.0     NA  2.9 
1774/02/24 12:00:00  2.56 0.00   NA  3.4  4.4  3.0     NA  999.6 22.6 10.2 -52.8   -4.9     NA  2.8 
1774/02/25 12:00:00  2.32 0.00   NA  2.6  3.3  2.5     NA  997.6 19.0 10.3 -53.2   -2.0     NA  1.9 
1774/02/26 12:00:00  1.79 0.00   NA  2.3  0.6  2.5     NA  997.4  6.7 10.3 -53.5    0.3     NA  1.7 
1774/02/27 12:00:00  2.19 0.00   NA  2.1  4.4  2.6     NA  997.0 19.0 10.4 -53.5    3.2     NA  2.0 
1774/02/28 12:00:00  2.65 0.00   NA  2.2  3.9  2.3     NA  996.7  4.6 10.4 -53.9    6.6     NA  2.0 
1774/03/02 11:00:00  1.35 0.00   NA  1.6  1.7  1.6     NA  994.5  6.7 10.3 -54.1   10.1     NA  2.3 
1774/03/03 11:00:00  1.71 0.00   NA  1.8  2.2  1.9     NA  996.3 22.6 10.5 -53.3   11.9     NA  2.5 
1774/03/05 11:00:00  1.62 0.00   NA  3.4  2.8  3.4     NA 1001.8 15.4 10.8 -50.8   12.6     NA  4.2 
1774/03/06 11:00:00  1.84 0.00   NA  4.3  5.6  4.4     NA 1003.3 19.0 10.8 -50.0   14.4     NA  5.0 
1774/03/07 11:00:00  1.89 0.00   NA  5.4  5.0  5.5     NA 1004.8   NA 10.7 -48.5   14.4     NA  5.8 
1774/03/08 11:00:00  1.32 0.00   NA  6.1  4.7  6.7     NA 1006.4 19.0 10.5 -47.6   13.8     NA  6.6 
1774/03/11 11:00:00  2.49 0.00   NA 14.6 12.2 12.2     NA 1013.2  2.6  8.1 -41.8   14.3     NA 12.2 
1774/03/17 11:00:00  1.75 0.00   NA 18.9 20.8 18.7     NA 1015.3   NA  5.5 -34.2   18.1     NA 19.7 
