1785/08/07 13:00:00    NA 0.00   NA 19.5 16.9 18.9 1021.7 1018.8   NA  6.4  41.3  -11.8     NA 20.4 
1785/08/08 10:00:00  3.40 0.00   NA 20.6   NA 19.8 1019.7 1019.4   NA  6.2  39.2  -13.2     NA 21.5 
1785/08/08 13:00:00  3.44 0.00   NA 20.9 17.8 20.1 1019.7 1019.2   NA  6.2  38.9  -13.3     NA 21.9 
1785/08/09 10:00:00  2.97 0.00   NA 21.4   NA 20.5 1018.0 1019.4   NA  6.0  37.0  -14.1     NA 22.3 
1785/08/09 13:00:00  2.92 0.00   NA 21.5 19.2 20.7 1018.0 1019.3   NA  6.1  36.7  -14.2     NA 22.4 
1785/08/10 10:00:00  2.58 0.00   NA 21.8   NA 20.9 1019.4 1019.1   NA  6.2  35.0  -14.7     NA 22.6 
1785/08/10 13:00:00  2.62 0.00   NA 21.9 19.3 21.1 1019.4 1018.8   NA  6.4  34.8  -14.7     NA 22.7 
1785/08/11 10:00:00  2.25 0.00   NA 22.2   NA 21.4 1017.7 1018.7   NA  5.9  33.3  -15.3     NA 23.2 
1785/08/11 13:00:00  2.30 0.00   NA 22.2 19.5 21.4 1017.7 1018.7   NA  5.9  33.1  -15.4     NA 23.2 
1785/08/12 10:00:00  2.11 0.00   NA 22.4   NA 21.7 1019.1 1018.7   NA  5.4  32.3  -16.8     NA 23.6 
1785/08/12 13:00:00  2.14 0.00   NA 22.4 19.8 21.7 1019.1 1018.7   NA  5.4  32.1  -17.0     NA 23.6 
1785/08/13 13:00:00  0.72 0.00   NA 22.5 20.6 21.7     NA 1018.6   NA  5.4  32.7  -16.9     NA 23.6 
1785/08/14 10:00:00  1.22 0.00   NA 22.4   NA 21.8 1022.7 1018.2   NA  6.1  31.9  -16.9     NA 23.6 
1785/08/14 13:00:00  0.21 0.00   NA 22.4 21.0 21.8 1022.7 1018.2   NA  6.1  31.9  -16.9     NA 23.6 
1785/08/15 13:00:00  0.19 0.00   NA 22.5 21.5 21.8 1020.9 1018.2   NA  6.1  31.7  -16.9     NA 23.6 
1785/08/15 16:00:00  0.21 0.00   NA 22.5 21.5 21.8 1019.2 1018.2   NA  6.1  31.7  -16.9     NA 23.6 
1785/08/16 13:00:00  0.20 0.00   NA 22.5 21.3 21.8 1019.2 1018.2   NA  6.0  31.6  -16.8     NA 23.6 
1785/08/16 16:00:00  0.10 0.00   NA 22.5 21.3 21.8 1020.9 1018.2   NA  6.0  31.6  -16.8     NA 23.6 
1785/08/17 13:00:00  0.20 0.00   NA 22.5 20.8 21.8 1024.1 1018.2   NA  6.0  31.4  -16.8     NA 23.6 
1785/08/17 16:00:00  0.00 0.00   NA 22.5 20.8 21.8 1024.1 1018.2   NA  6.0  31.4  -16.8     NA 23.6 
1785/08/18 13:00:00  2.08 0.00   NA 22.4 20.2 21.8 1025.7 1017.4   NA  6.6  30.3  -15.8     NA 23.3 
1785/08/18 16:00:00  0.00 0.00   NA 22.4 20.2 21.8 1025.7 1017.4   NA  6.6  30.3  -15.8     NA 23.3 
1785/08/19 13:00:00  2.64 0.00   NA 22.6 21.0 22.1 1022.3 1016.7   NA  5.7  28.5  -16.1     NA 23.5 
1785/08/19 16:00:00  0.00 0.00   NA 22.6 21.0 22.1 1020.6 1016.7   NA  5.7  28.5  -16.1     NA 23.5 
1785/08/20 13:00:00  0.15 0.00   NA 22.6 19.8 22.1 1020.6 1016.7   NA  5.7  28.4  -16.2     NA 23.6 
1785/08/20 16:00:00  0.21 0.00   NA 22.6 19.8 22.1 1018.8 1016.7   NA  5.7  28.4  -16.2     NA 23.6 
1785/08/21 13:00:00  0.15 0.00   NA 22.6 21.8 22.1 1018.8 1016.8   NA  5.6  28.3  -16.2     NA 23.6 
1785/08/22 13:00:00  0.16 0.00   NA 22.6 22.2 22.1 1020.6 1016.8   NA  5.6  28.2  -16.2     NA 23.6 
1785/08/22 16:00:00  0.23 0.00   NA 22.6 22.2 22.1 1020.6 1016.8   NA  5.6  28.2  -16.2     NA 23.6 
1785/08/23 13:00:00  0.15 0.00   NA 22.7 22.0 22.1 1022.3 1016.8   NA  5.6  28.1  -16.3     NA 23.6 
1785/08/24 13:00:00  0.16 0.00   NA 22.5 22.8 22.2     NA 1016.3   NA  6.4  27.9  -16.3     NA 23.9 
1785/08/25 13:00:00  0.16 0.00   NA 22.6 21.6 22.2 1020.6 1016.3   NA  6.4  27.8  -16.3     NA 23.9 
1785/08/25 16:00:00  0.14 0.00   NA 22.6 21.6 22.2 1018.8 1016.3   NA  6.4  27.8  -16.3     NA 23.9 
1785/08/26 13:00:00  0.17 0.00   NA 22.6 22.2 22.2     NA 1016.3   NA  6.3  27.7  -16.4     NA 23.9 
1785/08/27 13:00:00  0.16 0.00   NA 22.6 22.0 22.2 1022.3 1016.4   NA  6.3  27.6  -16.4     NA 23.9 
1785/08/27 16:00:00  0.10 0.00   NA 22.6 22.0 22.2 1022.3 1016.4   NA  6.3  27.6  -16.4     NA 23.9 
1785/08/28 13:00:00  0.15 0.00   NA 22.6 22.5 22.2 1023.8 1016.4   NA  6.2  27.5  -16.4     NA 23.9 
1785/08/29 13:00:00  0.16 0.00   NA 22.7 22.3 22.2 1022.3 1016.4   NA  6.2  27.3  -16.5     NA 23.9 
1785/08/29 16:00:00  0.23 0.00   NA 22.7 22.3 22.2 1020.6 1016.4   NA  6.2  27.3  -16.5     NA 23.9 
1785/08/30 13:00:00  0.15 0.00   NA 22.7 23.5 22.3 1020.6 1016.5   NA  6.1  27.2  -16.5     NA 23.9 
1785/08/30 16:00:00  0.21 0.00   NA 22.7 23.5 22.3 1017.3 1016.5   NA  6.1  27.2  -16.5     NA 23.9 
1785/08/31 13:00:00  0.15 0.00   NA 22.7 22.5 22.3 1018.7 1016.5   NA  6.1  27.1  -16.5     NA 24.0 
1785/09/01 13:00:00  2.58 0.00   NA 22.8 23.0 22.3 1017.1 1015.8   NA  7.3  25.1  -17.0     NA 24.2 
1785/09/02 13:00:00  1.67 0.00   NA 21.8 22.3 21.9 1018.5 1014.9   NA  8.1  23.9  -17.5     NA 23.7 
1785/09/02 16:00:00  0.00 0.00   NA 21.8 22.3 21.9 1015.2 1014.9   NA  8.1  23.9  -17.5     NA 23.7 
1785/09/03 13:00:00  2.78 0.00   NA 22.8 22.2 22.5 1016.9 1014.8   NA  8.0  22.2  -18.3     NA 24.3 
1785/09/04 13:00:00  1.26 0.00   NA 23.1 23.0 22.9     NA 1014.4   NA  7.8  21.3  -18.8     NA 24.5 
1785/09/05 13:00:00  2.48 0.00   NA 25.5 22.8 24.5 1016.7 1014.0   NA  6.7  19.6  -19.6     NA 25.7 
1785/09/05 16:00:00  0.00 0.00   NA 25.5 22.8 24.5 1015.0 1014.0   NA  6.7  19.6  -19.6     NA 25.7 
1785/09/06 13:00:00  2.92 0.00   NA 26.6 23.5 25.6     NA 1013.8   NA  5.5  17.6  -20.1     NA 26.6 
1785/09/06 16:00:00  0.00 0.00   NA 26.6 23.5 25.6 1013.1 1013.8   NA  5.5  17.6  -20.1     NA 26.6 
1785/09/07 13:00:00  1.93 0.00   NA 27.4 23.4 26.4 1014.8 1013.4   NA  4.6  16.3  -20.0     NA 27.3 
1785/09/08 13:00:00  0.76 0.00   NA 27.6 25.0 26.8     NA 1013.2   NA  4.2  15.7  -19.9     NA 27.8 
1785/09/09 13:00:00  1.02 0.00   NA 27.7 25.3 26.9     NA 1013.2   NA  4.1  14.9  -20.0     NA 27.9 
1785/09/09 16:00:00  0.00 0.00   NA 27.7 25.3 26.9 1016.5 1013.2   NA  4.1  14.9  -20.0     NA 27.9 
1785/09/10 13:00:00  1.11 0.00   NA 27.7 25.5 26.9 1016.4 1013.2   NA  4.1  14.2  -19.9     NA 27.9 
1785/09/10 16:00:00  0.00 0.00   NA 27.7 25.5 26.9 1014.7 1013.2   NA  4.1  14.2  -19.9     NA 27.9 
1785/09/11 13:00:00  0.47 0.00   NA 27.6 27.7 26.8 1017.9 1013.3   NA  4.0  14.0  -20.1     NA 27.7 
1785/09/12 13:00:00  0.99 0.00   NA 27.7 24.8 26.9     NA 1013.2   NA  4.0  13.2  -20.0     NA 28.2 
1785/09/12 16:00:00  0.00 0.00   NA 27.7 24.8 26.9 1016.4 1013.2   NA  4.0  13.2  -20.0     NA 28.2 
1785/09/13 13:00:00  1.46 0.00   NA 27.6 22.3 26.7     NA 1013.3   NA  4.0  12.2  -20.1     NA 27.6 
1785/09/13 16:00:00  0.00 0.00   NA 27.6 22.3 26.7 1014.6 1013.3   NA  4.0  12.2  -20.1     NA 27.6 
1785/09/14 13:00:00  1.66 0.00   NA 27.6 25.3 26.6 1016.3 1013.2   NA  3.9  11.1  -20.1     NA 27.5 
1785/09/14 16:00:00  0.00 0.00   NA 27.6 25.3 26.6 1012.8 1013.2   NA  3.9  11.1  -20.1     NA 27.5 
1785/09/15 13:00:00  1.38 0.00   NA 27.5 25.6 26.4     NA 1013.2   NA  4.0  10.1  -20.1     NA 27.5 
1785/09/15 16:00:00  0.00 0.00   NA 27.5 25.6 26.4 1016.3 1013.2   NA  4.0  10.1  -20.1     NA 27.5 
1785/09/16 13:00:00  1.84 0.00   NA 27.4 25.0 26.2     NA 1013.2   NA  4.3   9.2  -19.3     NA 26.9 
1785/09/16 16:00:00  -nan 0.00   NA 27.4 25.0 26.2 1012.8 1013.2   NA  4.3   9.2  -19.3     NA 26.9 
1785/09/17 13:00:00  1.53 0.00   NA 27.5 24.8 26.0     NA 1013.2   NA  4.7   8.5  -18.4     NA 26.6 
1785/09/17 16:00:00  0.00 0.00   NA 27.5 24.8 26.0 1014.5 1013.2   NA  4.7   8.5  -18.4     NA 26.6 
1785/09/18 13:00:00  1.55 0.00   NA 27.4 24.0 25.9     NA 1013.2   NA  5.0   7.6  -17.8     NA 26.6 
1785/09/19 13:00:00  0.56 0.00   NA 27.4 25.5 25.9 1017.7 1013.2   NA  5.0   7.2  -17.8     NA 26.6 
1785/09/19 16:00:00  0.00 0.00   NA 27.4 25.5 25.9 1014.5 1013.2   NA  5.0   7.2  -17.8     NA 26.6 
1785/09/20 13:00:00  1.56 0.00   NA 27.4 24.2 25.8 1016.2 1013.3   NA  5.1   6.2  -17.6     NA 26.5 
1785/09/21 13:00:00  1.37 0.00   NA 27.3 23.7 25.7     NA 1013.4   NA  5.2   5.2  -17.1     NA 26.5 
1785/09/21 16:00:00  0.00 0.00   NA 27.3 23.7 25.7 1016.2 1013.4   NA  5.2   5.2  -17.1     NA 26.5 
1785/09/22 13:00:00  1.60 0.00   NA 26.9 23.9 25.5 1017.7 1013.5   NA  5.4   4.6  -16.2     NA 26.3 
1785/09/23 13:00:00  1.34 0.00   NA 26.7 23.6 25.3 1017.6 1013.6   NA  5.6   3.7  -15.7     NA 26.1 
1785/09/23 16:00:00  0.00 0.00   NA 26.7 23.6 25.3 1014.4 1013.6   NA  5.6   3.7  -15.7     NA 26.1 
1785/09/24 13:00:00  1.69 0.00   NA 26.3 24.0 24.9 1019.4 1013.7   NA  5.6   2.8  -15.0     NA 26.1 
1785/09/24 16:00:00  0.00 0.00   NA 26.3 24.0 24.9 1016.1 1013.7   NA  5.6   2.8  -15.0     NA 26.1 
1785/09/25 13:00:00  1.37 0.00   NA 26.3 24.7 24.9 1017.6 1013.7   NA  5.6   2.3  -14.2     NA 25.9 
1785/09/25 16:00:00  0.00 0.00   NA 26.3 24.7 24.9 1014.4 1013.7   NA  5.6   2.3  -14.2     NA 25.9 
1785/09/26 13:00:00  1.70 0.00   NA 25.9 23.0 24.6     NA 1013.8   NA  5.6   1.7  -15.2     NA 25.7 
1785/09/27 13:00:00  0.95 0.00   NA 25.9 23.2 24.6 1016.1 1013.8   NA  5.6   1.4  -15.8     NA 25.8 
1785/09/28 13:00:00  1.38 0.00   NA 25.4 23.0 24.3     NA 1013.9   NA  5.6   0.9  -16.8     NA 25.4 
1785/09/28 16:00:00  0.00 0.00   NA 25.4 23.0 24.3 1015.6 1013.9   NA  5.6   0.9  -16.8     NA 25.4 
1785/09/29 13:00:00  1.69 0.00   NA 25.5 22.9 24.4 1017.6 1013.9   NA  5.6   0.2  -17.7     NA 25.4 
1785/09/29 16:00:00  0.00 0.00   NA 25.5 22.9 24.4 1014.4 1013.9   NA  5.6   0.2  -17.7     NA 25.4 
1785/09/30 13:00:00  2.89 0.00   NA 25.0 22.2 24.2     NA 1014.2   NA  6.0  -1.7  -18.3     NA 25.3 
1785/10/01 13:00:00  0.80 0.00   NA 25.0 22.0 24.2     NA 1014.2   NA  6.0  -1.7  -18.9     NA 25.4 
1785/10/02 13:00:00  1.69 0.00   NA 25.2 22.2 24.3     NA 1014.4   NA  6.4  -2.9  -19.5     NA 26.1 
1785/10/03 13:00:00  2.03 0.00   NA 25.0 22.0 24.1     NA 1014.8   NA  6.9  -4.4  -20.0     NA 26.2 
1785/10/04 13:00:00  1.85 0.00   NA 25.2 22.0 24.2     NA 1014.9   NA  7.1  -5.7  -20.5     NA 26.1 
1785/10/04 16:00:00  0.00 0.00   NA 25.2 22.0 24.2 1016.2 1014.9   NA  7.1  -5.7  -20.5     NA 26.1 
1785/10/05 13:00:00  1.78 0.00   NA 25.2 21.8 24.2     NA 1015.2   NA  7.3  -6.9  -20.8     NA 25.9 
1785/10/05 16:00:00  0.00 0.00   NA 25.2 21.8 24.2 1014.4 1015.2   NA  7.3  -6.9  -20.8     NA 25.9 
1785/10/06 13:00:00  2.05 0.00   NA 25.1 22.3 24.2     NA 1015.6   NA  7.5  -8.2  -21.3     NA 26.0 
1785/10/06 16:00:00  0.00 0.00   NA 25.1 22.3 24.2 1016.2 1015.6   NA  7.5  -8.2  -21.3     NA 26.0 
1785/10/07 13:00:00  2.16 0.00   NA 25.0 22.5 24.0     NA 1015.8   NA  7.5  -9.6  -21.8     NA 25.8 
1785/10/08 13:00:00  1.99 0.00   NA 24.8 22.0 23.6 1019.6 1016.2   NA  7.4 -11.1  -22.1     NA 25.3 
1785/10/09 14:00:00  1.67 0.00   NA 24.5 21.4 23.3 1017.9 1016.5   NA  7.3 -12.3  -22.7     NA 24.8 
1785/10/10 14:00:00  1.76 0.00   NA 24.2 21.5 23.4     NA 1016.6   NA  7.1 -13.6  -23.1     NA 24.9 
1785/10/11 14:00:00  1.35 0.00   NA 24.0 20.9 23.4 1019.7 1016.8   NA  6.9 -14.6  -23.4     NA 24.2 
1785/10/11 17:00:00  0.00 0.00   NA 24.0 20.9 23.4 1018.0 1016.8   NA  6.9 -14.6  -23.4     NA 24.2 
1785/10/12 14:00:00  1.96 0.00   NA 24.0 20.0 23.3     NA 1017.1   NA  6.7 -15.9  -23.9     NA 24.0 
1785/10/12 17:00:00  0.00 0.00   NA 24.0 20.0 23.3 1019.8 1017.1   NA  6.7 -15.9  -23.9     NA 24.0 
1785/10/13 14:00:00  2.11 0.00   NA 24.1 19.4 23.0 1021.6 1017.6   NA  6.2 -17.1  -24.6     NA 23.9 
1785/10/13 17:00:00  0.00 0.00   NA 24.1 19.4 23.0 1018.1 1017.6   NA  6.2 -17.1  -24.6     NA 23.9 
1785/10/14 14:00:00  2.56 0.00   NA 24.0 19.9 23.1 1021.7 1017.7   NA  6.0 -18.7  -25.4     NA 24.2 
1785/10/14 17:00:00  0.00 0.00   NA 24.0 19.9 23.1 1019.9 1017.7   NA  6.0 -18.7  -25.4     NA 24.2 
1785/10/15 14:00:00  2.78 0.00   NA 23.9 21.0 23.1 1020.0 1018.0   NA  6.1 -20.5  -26.1     NA 23.8 
1785/10/15 17:00:00  0.00 0.00   NA 23.9 21.0 23.1 1018.3 1018.0   NA  6.1 -20.5  -26.1     NA 23.8 
1785/10/16 14:00:00  2.58 0.00   NA 24.2 21.0 23.3 1018.3 1017.8   NA  6.1 -20.7  -28.0     NA 23.9 
1785/10/16 17:00:00  0.00 0.00   NA 24.2 21.0 23.3 1015.0 1017.8   NA  6.1 -20.7  -28.0     NA 23.9 
1785/10/17 14:00:00  1.18 0.00   NA 24.6 22.0 23.5 1013.3 1017.6   NA  6.0 -20.7  -28.8     NA 24.1 
1785/10/17 17:00:00  0.00 0.00   NA 24.6 22.0 23.5 1013.3 1017.6   NA  6.0 -20.7  -28.8     NA 24.1 
1785/10/18 14:00:00  0.03 0.00   NA 24.6 22.0 23.5 1016.8 1017.5   NA  6.0 -20.7  -28.8     NA 24.1 
1785/10/18 17:00:00  0.00 0.00   NA 24.6 22.0 23.5 1015.0 1017.5   NA  6.0 -20.7  -28.8     NA 24.1 
1785/10/19 14:00:00  1.89 0.00   NA 24.3 20.3 23.5 1018.3 1017.3   NA  6.1 -21.1  -30.1     NA 23.9 
1785/10/19 17:00:00  0.00 0.00   NA 24.3 20.3 23.5 1016.8 1017.3   NA  6.1 -21.1  -30.1     NA 23.9 
1785/10/20 14:00:00  1.81 0.00   NA 24.5 20.9 23.9 1016.8 1016.8   NA  6.1 -20.7  -31.4     NA 24.8 
1785/10/20 17:00:00  0.00 0.00   NA 24.5 20.9 23.9 1015.0 1016.8   NA  6.1 -20.7  -31.4     NA 24.8 
1785/10/21 14:00:00  1.30 0.00   NA 24.4 19.6 23.8 1015.0 1016.5   NA  6.1 -20.8  -32.3     NA 24.9 
1785/10/22 14:00:00  1.85 0.00   NA 24.4   NA 23.8 1020.0 1016.2   NA  6.2 -20.5  -33.8     NA 24.8 
1785/10/22 17:00:00  0.00 0.00   NA 24.4   NA 23.8 1018.3 1016.2   NA  6.2 -20.5  -33.8     NA 24.8 
1785/10/23 14:00:00  1.45 0.00   NA 24.4 19.1 23.7 1021.8 1016.0   NA  6.2 -20.5  -34.9     NA 25.0 
1785/10/23 17:00:00  0.00 0.00   NA 24.4 19.1 23.7 1020.0 1016.0   NA  6.2 -20.5  -34.9     NA 25.0 
1785/10/24 14:00:00  1.74 0.00   NA 24.1 19.0 23.2 1018.3 1015.8   NA  6.4 -21.4  -35.7     NA 24.3 
1785/10/24 17:00:00  0.00 0.00   NA 24.1 19.0 23.2 1016.8 1015.8   NA  6.4 -21.4  -35.7     NA 24.3 
1785/10/25 15:00:00  3.73 0.00   NA 23.0 19.8 22.4 1008.5 1015.7   NA  6.6 -23.5  -37.5     NA 23.7 
1785/10/25 18:00:00  0.00 0.00   NA 23.0 19.8 22.4 1002.0 1015.7   NA  6.6 -23.5  -37.5     NA 23.7 
1785/10/26 15:00:00  1.74 0.00   NA 22.6 20.0 22.0 1000.3 1015.6   NA  6.8 -24.2  -38.5     NA 23.3 
1785/10/26 18:00:00  0.00 0.00   NA 22.6 20.0 22.0 1007.0 1015.6   NA  6.8 -24.2  -38.5     NA 23.3 
1785/10/27 15:00:00  1.74 0.00   NA 22.4 20.0 21.5 1010.3 1015.4   NA  6.9 -25.1  -39.4     NA 23.0 
1785/10/27 18:00:00  0.00 0.00   NA 22.4 20.0 21.5 1010.3 1015.4   NA  6.9 -25.1  -39.4     NA 23.0 
1785/10/28 15:00:00  0.58 0.00   NA 22.9 20.5 22.2 1015.3 1015.2   NA  6.9 -24.8  -39.7     NA 23.8 
1785/10/28 18:00:00  0.00 0.00   NA 22.9 20.5 22.2 1015.3 1015.2   NA  6.9 -24.8  -39.7     NA 23.8 
1785/10/29 15:00:00  1.24 0.00   NA 23.0 20.0 22.2 1017.1 1014.9   NA  6.9 -24.8  -40.6     NA 24.0 
1785/10/30 15:00:00  1.98 0.00   NA 22.8 21.5 21.8 1012.1 1014.6   NA  6.7 -25.4  -42.1     NA 23.7 
1785/10/30 18:00:00  0.00 0.00   NA 22.8 21.5 21.8 1008.6 1014.6   NA  6.7 -25.4  -42.1     NA 23.7 
1785/10/31 15:00:00  1.01 0.00   NA 22.8 21.5 21.8     NA 1014.5   NA  6.7 -25.7  -42.8     NA 23.7 
1785/10/31 18:00:00  0.00 0.00   NA 22.8 21.5 21.8 1010.4 1014.5   NA  6.7 -25.7  -42.8     NA 23.7 
1785/11/01 15:00:00  2.49 0.00   NA 22.5 20.6 21.6 1013.7 1014.3   NA  6.5 -26.8  -44.2     NA 23.2 
1785/11/01 18:00:00  0.00 0.00   NA 22.5 20.6 21.6 1012.2 1014.3   NA  6.5 -26.8  -44.2     NA 23.2 
1785/11/02 15:00:00  1.82 0.00   NA 22.1 20.0 21.2 1010.5 1014.3   NA  6.4 -27.7  -45.3     NA 22.8 
1785/11/02 18:00:00  0.00 0.00   NA 22.1 20.0 21.2 1008.8 1014.3   NA  6.4 -27.7  -45.3     NA 22.8 
1785/11/03 15:00:00  1.90 0.00   NA 22.1 19.5 21.2 1017.3 1014.0   NA  6.3 -27.5  -46.7     NA 22.4 
1785/11/03 18:00:00  0.00 0.00   NA 22.1 19.5 21.2 1017.3 1014.0   NA  6.3 -27.5  -46.7     NA 22.4 
1785/11/04 15:00:00  0.51 0.00   NA 22.2 19.0 21.2 1012.2 1013.9   NA  6.3 -27.2  -46.7     NA 22.4 
1785/11/04 18:00:00  0.00 0.00   NA 22.2 19.0 21.2 1012.2 1013.9   NA  6.3 -27.2  -46.7     NA 22.4 
1785/11/05 15:00:00  0.78 0.00   NA 21.8 19.0 21.2 1015.5 1013.7   NA  5.7 -27.0  -47.3     NA 22.1 
1785/11/05 18:00:00  0.00 0.00   NA 21.8 19.0 21.2 1015.5 1013.7   NA  5.7 -27.0  -47.3     NA 22.1 
1785/11/06 15:00:00  0.44 0.00   NA 21.9 19.0 21.2 1017.2 1013.6   NA  5.7 -27.3  -47.3     NA 22.1 
1785/11/07 15:00:00  0.28 0.00   NA 21.9 20.0 21.3     NA 1013.6   NA  5.7 -27.1  -47.3     NA 22.2 
1785/11/08 15:00:00  0.07 0.00   NA 22.0 19.0 21.3 1017.2 1013.5   NA  5.7 -27.1  -47.2     NA 22.2 
1785/11/08 18:00:00  0.09 0.00   NA 22.0 19.0 21.3 1017.2 1013.5   NA  5.7 -27.1  -47.2     NA 22.2 
1785/11/09 15:00:00  0.06 0.00   NA 22.0 19.0 21.4     NA 1013.4   NA  5.7 -27.2  -47.2     NA 22.3 
1785/11/10 15:00:00  0.07 0.00   NA 22.1 19.5 21.4     NA 1013.3   NA  5.7 -27.2  -47.2     NA 22.3 
1785/11/11 15:00:00  0.06 0.00   NA 22.1 20.3 21.5 1012.2 1013.3   NA  5.7 -27.3  -47.2     NA 22.4 
1785/11/12 15:00:00  0.07 0.00   NA 22.2 20.0 21.5     NA 1013.2   NA  5.7 -27.3  -47.2     NA 22.5 
1785/11/12 18:00:00  0.09 0.00   NA 22.2 20.0 21.5 1010.5 1013.2   NA  5.7 -27.3  -47.1     NA 22.5 
1785/11/13 15:00:00  0.06 0.00   NA 22.3 20.0 21.6     NA 1013.1   NA  5.7 -27.4  -47.1     NA 22.5 
1785/11/14 15:00:00  0.06 0.00   NA 22.3 20.0 21.6     NA 1013.1   NA  5.7 -27.4  -47.1     NA 22.6 
1785/11/14 18:00:00  0.10 0.00   NA 22.3 20.0 21.6 1010.5 1013.1   NA  5.7 -27.4  -47.1     NA 22.6 
1785/11/15 15:00:00  0.06 0.00   NA 22.4 21.0 21.7     NA 1013.0   NA  5.7 -27.4  -47.1     NA 22.6 
1785/11/15 18:00:00  0.00 0.00   NA 22.4 21.0 21.7 1013.7 1013.0   NA  5.7 -27.4  -47.1     NA 22.6 
1785/11/16 15:00:00  0.06 0.00   NA 22.4   NA 21.7     NA 1012.9   NA  5.7 -27.5  -47.1     NA 22.7 
1785/11/17 15:00:00  0.07 0.00   NA 22.5 20.5 21.8 1015.5 1012.9   NA  5.7 -27.5  -47.1     NA 22.8 
1785/11/17 18:00:00  0.09 0.00   NA 22.5 20.5 21.8 1017.2 1012.9   NA  5.7 -27.5  -47.0     NA 22.8 
1785/11/18 15:00:00  0.06 0.00   NA 22.5 21.0 21.9     NA 1012.8   NA  5.7 -27.6  -47.0     NA 22.8 
1785/11/18 18:00:00  0.10 0.00   NA 22.5 21.0 21.9 1012.2 1012.8   NA  5.7 -27.6  -47.0     NA 22.8 
1785/11/19 15:00:00  0.06 0.00   NA 22.6 21.5 21.9 1010.5 1012.8   NA  5.7 -27.6  -47.0     NA 22.9 
1785/11/20 15:00:00  0.06 0.00   NA 22.9 20.5 21.9 1015.5 1012.9   NA  6.2 -27.7  -47.0     NA 23.3 
1785/11/20 18:00:00  0.00 0.00   NA 22.9 20.5 21.9 1013.8 1012.9   NA  6.2 -27.7  -47.0     NA 23.3 
1785/11/21 15:00:00  1.08 0.00   NA 22.6 19.0 21.5     NA 1013.0   NA  6.5 -28.1  -46.3     NA 22.9 
1785/11/22 15:00:00  1.17 0.00   NA 22.3 19.5 21.4 1012.4 1013.1   NA  6.5 -28.9  -45.8     NA 23.2 
1785/11/22 18:00:00  0.00 0.00   NA 22.3 19.5 21.4 1010.6 1013.1   NA  6.5 -28.9  -45.8     NA 23.2 
1785/11/23 15:00:00  3.68 0.00   NA 21.1 20.0 19.8     NA 1013.5   NA  6.7 -31.0  -44.3     NA 21.8 
1785/11/24 15:00:00  0.94 0.00   NA 20.3 20.0 19.0 1015.8 1013.7   NA  6.7 -31.6  -43.8     NA 20.3 
1785/11/24 18:00:00  0.00 0.00   NA 20.3 20.0 19.0 1015.8 1013.7   NA  6.7 -31.6  -43.8     NA 20.3 
1785/11/25 15:00:00  1.63 0.00   NA 19.8 18.5 18.5     NA 1013.6   NA  6.9 -32.6  -43.3     NA 19.6 
1785/11/26 15:00:00  1.64 0.00   NA 19.3 18.0 18.0     NA 1013.8   NA  6.9 -33.6  -42.4     NA 19.0 
1785/11/26 18:00:00  0.00 0.00   NA 19.3 18.0 18.0 1014.3 1013.8   NA  6.9 -33.6  -42.4     NA 19.0 
1785/11/27 15:00:00  2.10 0.00   NA 17.7 18.0 16.7 1007.9 1013.8   NA  7.2 -35.0  -41.8     NA 17.4 
1785/11/27 18:00:00  0.00 0.00   NA 17.7 18.0 16.7  999.4 1013.8   NA  7.2 -35.0  -41.8     NA 17.4 
1785/11/28 15:00:00  0.82 0.00   NA 18.0 17.5 16.8 1009.4 1013.6   NA  7.1 -35.4  -42.3     NA 17.8 
1785/11/28 18:00:00  -nan 0.00   NA 18.0 17.5 16.8 1011.2 1013.6   NA  7.1 -35.4  -42.3     NA 17.8 
1785/11/29 15:00:00  0.98 0.00   NA 17.7 17.5 16.7 1017.9 1013.7   NA  7.1 -35.7  -41.6     NA 17.6 
1785/11/29 18:00:00  0.00 0.00   NA 17.7 17.5 16.7 1019.4 1013.7   NA  7.1 -35.7  -41.6     NA 17.6 
1785/11/30 15:00:00  1.45 0.00   NA 17.2 18.0 16.1 1021.3 1013.5   NA  7.4 -36.5  -40.8     NA 17.1 
1785/12/01 15:00:00  2.31 0.00   NA 16.7 17.5 15.3 1019.6 1013.2   NA  7.6 -37.7  -39.2     NA 16.6 
1785/12/01 18:00:00  0.00 0.00   NA 16.7 17.5 15.3 1016.4 1013.2   NA  7.6 -37.7  -39.2     NA 16.6 
1785/12/02 15:00:00  1.74 0.00   NA 16.0 18.0 14.7 1014.7 1012.9   NA  7.7 -38.6  -38.3     NA 15.8 
1785/12/02 18:00:00  0.00 0.00   NA 16.0 18.0 14.7 1013.2 1012.9   NA  7.7 -38.6  -38.3     NA 15.8 
1785/12/03 14:00:00  2.73 0.00   NA 15.0 16.0 14.2 1003.3 1012.6   NA  8.0 -39.9  -36.7     NA 15.4 
1785/12/03 17:00:00  0.00 0.00   NA 15.0 16.0 14.2 1009.8 1012.6   NA  8.0 -39.9  -36.7     NA 15.4 
1785/12/04 14:00:00  1.75 0.00   NA 14.2 13.5 13.4 1014.9 1011.9   NA  8.3 -40.8  -35.7     NA 14.8 
1785/12/04 17:00:00  0.00 0.00   NA 14.2 13.5 13.4 1014.9 1011.9   NA  8.3 -40.8  -35.7     NA 14.8 
1785/12/05 14:00:00  2.61 0.00   NA 12.5 14.0 11.5 1011.8 1009.8   NA  8.7 -42.6  -35.3     NA 12.5 
1785/12/05 17:00:00  0.00 0.00   NA 12.5 14.0 11.5 1008.5 1009.8   NA  8.7 -42.6  -35.3     NA 12.5 
1785/12/06 14:00:00  1.90 0.00   NA 11.2 13.0 10.4 1005.2 1008.9   NA  9.0 -43.8  -34.9     NA 10.7 
1785/12/06 17:00:00  0.00 0.00   NA 11.2 13.0 10.4 1005.2 1008.9   NA  9.0 -43.8  -34.9     NA 10.7 
1785/12/07 14:00:00  1.61 0.00   NA  9.9 12.0  9.0 1012.0 1008.0   NA  9.1 -44.7  -33.9     NA  9.2 
1785/12/07 17:00:00  0.00 0.00   NA  9.9 12.0  9.0 1012.0 1008.0   NA  9.1 -44.7  -33.9     NA  9.2 
1785/12/08 14:00:00  0.65 0.00   NA  9.1 11.5  8.0 1007.0 1006.9   NA  9.2 -45.1  -33.9     NA  8.2 
1785/12/08 17:00:00  0.00 0.00   NA  9.1 11.5  8.0 1003.8 1006.9   NA  9.2 -45.1  -33.9     NA  8.2 
1785/12/09 14:00:00  1.27 0.00   NA 10.0 11.5  9.1 1010.2 1008.1   NA  9.2 -44.3  -34.0     NA  9.2 
1785/12/09 17:00:00  0.00 0.00   NA 10.0 11.5  9.1 1010.2 1008.1   NA  9.2 -44.3  -34.0     NA  9.2 
1785/12/10 14:00:00  1.37 0.00   NA 10.2 13.0  9.5 1000.3 1008.0   NA  9.1 -45.0  -34.8     NA  9.5 
1785/12/10 17:00:00  0.00 0.00   NA 10.2 13.0  9.5  993.7 1008.0   NA  9.1 -45.0  -34.8     NA  9.5 
1785/12/11 14:00:00  0.53 0.00   NA 10.5 11.5  9.8  997.0 1008.0   NA  9.1 -44.8  -35.3     NA 10.2 
1785/12/11 17:00:00  0.00 0.00   NA 10.5 11.5  9.8 1005.2 1008.0   NA  9.1 -44.8  -35.3     NA 10.2 
1785/12/12 14:00:00  1.12 0.00   NA 10.5 11.5 10.0 1003.7 1008.1   NA  9.1 -44.5  -36.3     NA 10.9 
1785/12/12 17:00:00  0.00 0.00   NA 10.5 11.5 10.0 1000.2 1008.1   NA  9.1 -44.5  -36.3     NA 10.9 
1785/12/13 14:00:00  1.45 0.00   NA  9.7 12.0  9.3 1002.0 1007.1   NA  9.2 -45.3  -37.1     NA 10.8 
1785/12/13 17:00:00  0.00 0.00   NA  9.7 12.0  9.3 1003.8 1007.1   NA  9.2 -45.3  -37.1     NA 10.8 
1785/12/14 15:00:00  1.90 0.00   NA 10.8 11.0 10.2 1015.2 1008.2   NA  9.1 -44.0  -37.5     NA 11.5 
1785/12/14 18:00:00  0.00 0.00   NA 10.8 11.0 10.2 1017.0 1008.2   NA  9.1 -44.0  -37.5     NA 11.5 
1785/12/15 15:00:00  1.40 0.00   NA 11.9 11.5 11.0 1020.2 1009.2   NA  8.8 -43.5  -38.6     NA 12.6 
1785/12/15 18:00:00  0.00 0.00   NA 11.9 11.5 11.0 1015.1 1009.2   NA  8.8 -43.5  -38.6     NA 12.6 
1785/12/16 15:00:00  1.91 0.00   NA 11.2 13.0 10.1 1007.0 1008.5   NA  8.9 -44.3  -40.0     NA 11.8 
1785/12/16 18:00:00  0.00 0.00   NA 11.2 13.0 10.1 1008.7 1008.5   NA  8.9 -44.3  -40.0     NA 11.8 
1785/12/17 15:00:00  0.69 0.00   NA 11.2 12.0 10.1 1015.3 1008.6   NA  8.9 -44.7  -40.2     NA 11.9 
1785/12/17 18:00:00  0.00 0.00   NA 11.2 12.0 10.1 1012.0 1008.6   NA  8.9 -44.7  -40.2     NA 11.9 
1785/12/18 15:00:00  1.43 0.00   NA 11.4 12.5 10.4 1012.0 1008.7   NA  8.8 -44.9  -41.6     NA 11.7 
1785/12/18 18:00:00  0.00 0.00   NA 11.4 12.5 10.4 1013.8 1008.7   NA  8.8 -44.9  -41.6     NA 11.7 
1785/12/19 15:00:00  1.87 0.00   NA 11.6 11.5 11.0 1008.7 1008.8   NA  8.7 -44.6  -43.3     NA 11.5 
1785/12/19 18:00:00  0.00 0.00   NA 11.6 11.5 11.0 1010.2 1008.8   NA  8.7 -44.6  -43.3     NA 11.5 
1785/12/20 15:00:00  1.21 0.00   NA 11.7 12.0 11.2 1007.0 1008.9   NA  8.6 -44.7  -44.5     NA 11.7 
1785/12/20 18:00:00  0.00 0.00   NA 11.7 12.0 11.2 1007.0 1008.9   NA  8.6 -44.7  -44.5     NA 11.7 
1785/12/21 15:00:00  1.12 0.00   NA 12.0 13.0 11.4 1003.8 1008.8   NA  8.6 -44.9  -45.5     NA 12.1 
1785/12/21 18:00:00  0.00 0.00   NA 12.0 13.0 11.4 1003.8 1008.8   NA  8.6 -44.9  -45.5     NA 12.1 
1785/12/22 15:00:00  0.58 0.00   NA 12.3 13.0 11.6 1005.3 1008.7   NA  8.6 -44.8  -46.1     NA 12.4 
1785/12/22 18:00:00  0.00 0.00   NA 12.3 13.0 11.6 1007.0 1008.7   NA  8.6 -44.8  -46.1     NA 12.4 
1785/12/23 15:00:00  2.09 0.00   NA 13.2 13.0 12.7 1010.1 1009.4   NA  8.2 -43.4  -46.0     NA 13.5 
1785/12/23 18:00:00  0.00 0.00   NA 13.2 13.0 12.7 1008.6 1009.4   NA  8.2 -43.4  -46.0     NA 13.5 
1785/12/24 15:00:00  0.43 0.00   NA 13.2 13.5 12.8 1000.1 1009.4   NA  8.2 -43.4  -46.4     NA 13.5 
1785/12/24 18:00:00  0.00 0.00   NA 13.2 13.5 12.8 1003.6 1009.4   NA  8.2 -43.4  -46.4     NA 13.5 
1785/12/25 15:00:00  1.67 0.00   NA 14.3 12.5 14.0 1011.8 1010.0   NA  7.9 -42.4  -47.1     NA 14.9 
1785/12/25 18:00:00  0.00 0.00   NA 14.3 12.5 14.0 1013.5 1010.0   NA  7.9 -42.4  -47.1     NA 14.9 
1785/12/26 15:00:00  0.34 0.00   NA 14.4 13.0 14.1 1006.8 1010.0   NA  7.9 -42.5  -47.4     NA 15.0 
1785/12/26 18:00:00  0.00 0.00   NA 14.4 13.0 14.1 1005.0 1010.0   NA  7.9 -42.5  -47.4     NA 15.0 
1785/12/27 15:00:00  0.94 0.00   NA 14.8 13.0 14.3 1003.5 1009.8   NA  8.0 -42.3  -48.3     NA 15.0 
1785/12/27 18:00:00  0.00 0.00   NA 14.8 13.0 14.3 1003.5 1009.8   NA  8.0 -42.3  -48.3     NA 15.0 
1785/12/28 15:00:00  1.19 0.00   NA 15.0 13.0 14.4 1005.0 1009.7   NA  8.0 -42.0  -49.3     NA 14.8 
1785/12/28 18:00:00  0.00 0.00   NA 15.0 13.0 14.4 1000.0 1009.7   NA  8.0 -42.0  -49.3     NA 14.8 
1785/12/29 15:00:00  1.23 0.00   NA 15.8 13.0 15.4 1010.0 1010.2   NA  7.7 -41.8  -50.3     NA 16.0 
1785/12/29 18:00:00  0.00 0.00   NA 15.8 13.0 15.4 1011.7 1010.2   NA  7.7 -41.8  -50.3     NA 16.0 
1785/12/30 15:00:00  1.22 0.00   NA 15.3 14.5 14.4 1005.0 1009.3   NA  7.9 -42.2  -51.3     NA 15.1 
1785/12/30 18:00:00  0.00 0.00   NA 15.3 14.5 14.4 1003.5 1009.3   NA  7.9 -42.2  -51.3     NA 15.1 
1785/12/31 15:00:00  1.17 0.00   NA 15.6 15.0 14.4 1000.0 1009.1   NA  7.8 -42.4  -52.4     NA 15.1 
1785/12/31 18:00:00  0.00 0.00   NA 15.6 15.0 14.4 1005.0 1009.1   NA  7.8 -42.4  -52.4     NA 15.1 
1786/01/01 16:00:00  1.30 0.00   NA 16.3 14.5 15.3 1003.4 1009.7   NA  7.5 -41.6  -52.9     NA 16.4 
1786/01/01 19:00:00  0.00 0.00   NA 16.3 14.5 15.3 1010.0 1009.7   NA  7.5 -41.6  -52.9     NA 16.4 
1786/01/02 16:00:00  1.27 0.00   NA 15.1 15.5 14.6 1016.7 1009.4   NA  7.2 -41.5  -54.1     NA 15.7 
1786/01/02 19:00:00  0.00 0.00   NA 15.1 15.5 14.6 1013.5 1009.4   NA  7.2 -41.5  -54.1     NA 15.7 
1786/01/03 16:00:00  2.34 0.00   NA 14.3 16.0 13.8 1006.8 1008.6   NA  7.2 -42.6  -55.6     NA 14.3 
1786/01/03 19:00:00  0.00 0.00   NA 14.3 16.0 13.8 1008.6 1008.6   NA  7.2 -42.6  -55.6     NA 14.3 
1786/01/04 16:00:00  1.42 0.00   NA 13.6 16.0 13.4 1011.8 1008.4   NA  7.0 -42.8  -56.9     NA 14.4 
1786/01/05 16:00:00  1.70 0.00   NA 13.0 16.5 13.0 1005.1 1007.6   NA  6.9 -43.6  -58.2     NA 14.9 
1786/01/05 19:00:00  0.00 0.00   NA 13.0 16.5 13.0 1003.6 1007.6   NA  6.9 -43.6  -58.2     NA 14.9 
1786/01/06 16:00:00  1.98 0.00   NA 12.9 15.5 12.6  997.0 1007.1   NA  7.0 -44.9  -59.0     NA 13.7 
1786/01/06 19:00:00  0.00 0.00   NA 12.9 15.5 12.6 1002.0 1007.1   NA  7.0 -44.9  -59.0     NA 13.7 
1786/01/07 16:00:00  0.69 0.00   NA 13.0 14.0 13.2 1003.8 1007.0   NA  6.9 -44.9  -59.6     NA 14.7 
1786/01/07 19:00:00  0.00 0.00   NA 13.0 14.0 13.2 1000.2 1007.0   NA  6.9 -44.9  -59.6     NA 14.7 
1786/01/08 16:00:00  1.28 0.00   NA 13.1 13.0 13.7 1000.3 1006.3   NA  6.9 -45.5  -60.5     NA 14.4 
1786/01/08 19:00:00  0.00 0.00   NA 13.1 13.0 13.7 1003.8 1006.3   NA  6.9 -45.5  -60.5     NA 14.4 
1786/01/09 16:00:00  2.17 0.00   NA 13.3 12.5 13.7  992.1 1005.4   NA  7.2 -46.8  -61.7     NA 14.1 
1786/01/09 19:00:00  0.00 0.00   NA 13.3 12.5 13.7  987.1 1005.4   NA  7.2 -46.8  -61.7     NA 14.1 
1786/01/10 16:00:00  1.57 0.00   NA 13.1 11.5 13.2     NA 1004.6   NA  7.4 -47.8  -62.1     NA 13.7 
1786/01/10 19:00:00  0.00 0.00   NA 13.1 11.5 13.2  995.5 1004.6   NA  7.4 -47.8  -62.1     NA 13.7 
1786/01/11 16:00:00  0.70 0.00   NA 12.4 11.5 12.3  997.3 1003.7   NA  7.6 -48.2  -62.3     NA 13.3 
1786/01/11 19:00:00  0.00 0.00   NA 12.4 11.5 12.3  999.0 1003.7   NA  7.6 -48.2  -62.3     NA 13.3 
1786/01/12 16:00:00  0.83 0.00   NA 13.4 11.5 13.6 1000.5 1004.5   NA  7.4 -48.0  -63.1     NA 14.3 
1786/01/12 19:00:00  0.00 0.00   NA 13.4 11.5 13.6 1004.0 1004.5   NA  7.4 -48.0  -63.1     NA 14.3 
1786/01/13 16:00:00  2.03 0.00   NA 14.0 12.5 14.7 1017.2 1005.3   NA  7.4 -46.8  -64.2     NA 15.8 
1786/01/13 19:00:00  0.00 0.00   NA 14.0 12.5 14.7 1017.2 1005.3   NA  7.4 -46.8  -64.2     NA 15.8 
1786/01/14 16:00:00  2.08 0.00   NA 13.3 11.5 14.2 1004.0 1004.6   NA  7.1 -47.9  -65.6     NA 15.3 
1786/01/14 19:00:00  0.00 0.00   NA 13.3 11.5 14.2 1005.5 1004.6   NA  7.1 -47.9  -65.6     NA 15.3 
1786/01/15 16:00:00  1.85 0.00   NA 12.4 12.0 13.3  999.1 1003.9   NA  6.5 -48.9  -66.6     NA 14.0 
1786/01/15 19:00:00  0.00 0.00   NA 12.4 12.0 13.3 1000.6 1003.9   NA  6.5 -48.9  -66.6     NA 14.0 
1786/01/16 16:00:00  1.19 0.00   NA 12.2 11.5 12.4 1010.7 1003.1   NA  7.0 -49.7  -66.8     NA 13.5 
1786/01/16 19:00:00  0.00 0.00   NA 12.2 11.5 12.4 1012.5 1003.1   NA  7.0 -49.7  -66.8     NA 13.5 
1786/01/17 17:00:00  0.85 0.00   NA 11.5 10.5 11.4 1019.3 1002.2   NA  7.3 -50.1  -67.6     NA 12.9 
1786/01/17 20:00:00  0.00 0.00   NA 11.5 10.5 11.4 1020.8 1002.2   NA  7.3 -50.1  -67.6     NA 12.9 
1786/01/18 17:00:00  0.80 0.00   NA 11.9 10.0 12.2 1022.5 1003.3   NA  6.2 -50.0  -68.4     NA 13.6 
1786/01/18 20:00:00  0.00 0.00   NA 11.9 10.0 12.2 1024.3 1003.3   NA  6.2 -50.0  -68.4     NA 13.6 
1786/01/19 17:00:00  0.96 0.00   NA 11.6 11.0 11.3 1024.3 1002.4   NA  6.5 -50.3  -69.3     NA 12.8 
1786/01/19 20:00:00  0.00 0.00   NA 11.6 11.0 11.3 1022.6 1002.4   NA  6.5 -50.3  -69.3     NA 12.8 
1786/01/20 17:00:00  1.61 0.00   NA 11.6 12.0 11.3 1017.6 1002.6   NA  5.9 -51.0  -70.6     NA 12.9 
1786/01/20 20:00:00  0.00 0.00   NA 11.6 12.0 11.3 1014.3 1002.6   NA  5.9 -51.0  -70.6     NA 12.9 
1786/01/21 17:00:00  0.92 0.00   NA 11.1 12.5 10.5     NA 1001.5   NA  6.8 -51.6  -71.0     NA 13.0 
1786/01/21 20:00:00  0.00 0.00   NA 11.1 12.5 10.5 1019.4 1001.5   NA  6.8 -51.6  -71.0     NA 13.0 
1786/01/22 17:00:00  1.24 0.00   NA 10.4 13.0  9.6     NA 1000.3   NA  6.5 -52.4  -70.6     NA 12.4 
1786/01/22 20:00:00  0.00 0.00   NA 10.4 13.0  9.6 1016.0 1000.3   NA  6.5 -52.4  -70.6     NA 12.4 
1786/01/23 16:00:00  4.55 0.00   NA  9.5 11.0  9.3 1021.1  999.1   NA  7.1 -53.7  -66.2     NA 10.9 
1786/01/24 16:00:00  1.51 0.00   NA  8.4 11.0  8.5 1011.2  998.1   NA  7.5 -54.6  -64.8     NA  9.0 
1786/01/24 19:00:00  0.00 0.00   NA  8.4 11.0  8.5 1007.9  998.1   NA  7.5 -54.6  -64.8     NA  9.0 
1786/01/25 16:00:00  2.67 0.00   NA  7.2 11.0  7.0  999.8  996.2   NA  8.6 -56.3  -65.8     NA  8.2 
1786/01/25 19:00:00  0.00 0.00   NA  7.2 11.0  7.0  999.8  996.2   NA  8.6 -56.3  -65.8     NA  8.2 
1786/01/26 16:00:00  1.32 0.00   NA  6.8 10.0  6.6  998.1  995.2   NA  9.0 -57.1  -66.2     NA  8.1 
1786/01/26 19:00:00  0.00 0.00   NA  6.8 10.0  6.6  993.1  995.2   NA  9.0 -57.1  -66.2     NA  8.1 
1786/01/27 16:00:00  1.42 0.00   NA  7.1  9.0  6.8  988.1  995.0   NA  9.2 -58.0  -67.2     NA  8.2 
1786/01/27 19:00:00  -nan 0.00   NA  7.1  9.0  6.8  984.8  995.0   NA  9.2 -58.0  -67.2     NA  8.2 
1786/01/28 17:00:00  1.63 0.00   NA  7.3  9.0  6.8  996.4  994.8   NA  9.7 -57.9  -69.4     NA  8.3 
1786/01/28 20:00:00  0.00 0.00   NA  7.3  9.0  6.8 1003.2  994.8   NA  9.7 -57.9  -69.4     NA  8.3 
1786/01/29 17:00:00  1.33 0.00   NA  6.5  9.0  6.3  991.4  993.6   NA  9.4 -58.3  -70.9     NA  7.3 
1786/01/29 20:00:00  0.00 0.00   NA  6.5  9.0  6.3  989.9  993.6   NA  9.4 -58.3  -70.9     NA  7.3 
1786/01/30 17:00:00  0.76 0.00   NA  7.2  9.0  6.6  998.1  994.5   NA  9.9 -57.9  -71.5     NA  7.9 
1786/01/30 20:00:00  0.00 0.00   NA  7.2  9.0  6.6  998.1  994.5   NA  9.9 -57.9  -71.5     NA  7.9 
1786/01/31 17:00:00  1.14 0.00   NA  6.5  9.0  6.2 1000.0  993.3   NA  9.5 -58.6  -71.9     NA  6.9 
1786/01/31 20:00:00  0.00 0.00   NA  6.5  9.0  6.2  994.9  993.3   NA  9.5 -58.6  -71.9     NA  6.9 
1786/02/01 17:00:00  1.20 0.00   NA  7.2  9.5  6.6 1001.4  994.3   NA  9.9 -58.0  -72.8     NA  8.0 
1786/02/01 20:00:00  0.00 0.00   NA  7.2  9.5  6.6 1001.4  994.3   NA  9.9 -58.0  -72.8     NA  8.0 
1786/02/02 17:00:00  1.32 0.00   NA  6.7  9.0  6.5  999.9  992.7   NA  9.5 -58.4  -74.4     NA  7.1 
1786/02/02 20:00:00  0.00 0.00   NA  6.7  9.0  6.5  998.2  992.7   NA  9.5 -58.4  -74.4     NA  7.1 
1786/02/03 17:00:00  1.84 0.00   NA  6.7  9.0  6.3 1011.0  992.4   NA  9.5 -58.9  -76.5     NA  6.9 
1786/02/03 20:00:00  0.00 0.00   NA  6.7  9.0  6.3  963.1  992.4   NA  9.5 -58.9  -76.5     NA  6.9 
1786/02/04 17:00:00  0.36 0.00   NA  6.7  9.5  6.2  979.9  992.3   NA  9.5 -58.8  -77.0     NA  6.6 
1786/02/04 20:00:00  0.00 0.00   NA  6.7  9.5  6.2  983.2  992.3   NA  9.5 -58.8  -77.0     NA  6.6 
1786/02/05 17:00:00  1.50 0.00   NA  6.2  8.5  6.3  985.0  990.7   NA  9.2 -59.6  -78.1     NA  0.0 
1786/02/05 20:00:00  0.00 0.00   NA  6.2  8.5  6.3  981.5  990.7   NA  9.2 -59.6  -78.1     NA  0.0 
1786/02/06 17:00:00  1.83 0.00   NA  5.8  8.5  6.3  976.5  989.4   NA  8.9 -60.6  -79.7     NA  0.0 
1786/02/06 20:00:00  0.00 0.00   NA  5.8  8.5  6.3  980.0  989.4   NA  8.9 -60.6  -79.7     NA  0.0 
1786/02/07 17:00:00  2.27 0.00   NA  6.5  8.0  6.7  985.0  990.2   NA  9.3 -59.3  -81.4     NA  0.0 
1786/02/07 20:00:00  0.00 0.00   NA  6.5  8.0  6.7  981.4  990.2   NA  9.3 -59.3  -81.4     NA  0.0 
1786/02/08 18:00:00  1.34 0.00   NA  6.8  7.5  7.2  981.4  991.6   NA  9.6 -58.7  -82.7     NA  7.2 
1786/02/08 21:00:00  0.00 0.00   NA  6.8  7.5  7.2  984.9  991.6   NA  9.6 -58.7  -82.7     NA  7.2 
1786/02/09 18:00:00  3.23 0.00   NA  7.1  7.0  8.2  988.1  992.7   NA  9.9 -57.2  -85.9     NA  7.8 
1786/02/09 21:00:00  0.00 0.00   NA  7.1  7.0  8.2  989.8  992.7   NA  9.9 -57.2  -85.9     NA  7.8 
1786/02/10 18:00:00  1.99 0.00   NA  7.5  7.5  8.2  989.7  994.1   NA 10.1 -56.0  -86.8     NA  8.1 
1786/02/10 21:00:00  0.00 0.00   NA  7.5  7.5  8.2  996.2  994.1   NA 10.1 -56.0  -86.8     NA  8.1 
1786/02/11 18:00:00  3.29 0.00   NA  8.5  8.5  8.1 1002.8  999.0   NA 10.4 -53.8  -87.4     NA  9.4 
1786/02/11 21:00:00  0.00 0.00   NA  8.5  8.5  8.1 1004.6  999.0   NA 10.4 -53.8  -87.4     NA  9.4 
1786/02/12 18:00:00  0.96 0.00   NA  8.5  9.5  8.1  996.0  999.0   NA 10.4 -53.1  -87.4     NA  9.4 
1786/02/12 21:00:00  0.00 0.00   NA  8.5  9.5  8.1  996.0  999.0   NA 10.4 -53.1  -87.4     NA  9.4 
1786/02/13 18:00:00  2.74 0.00   NA  9.7  9.5  8.8  999.3 1002.8   NA 10.3 -51.3  -87.0     NA 10.8 
1786/02/13 21:00:00  0.00 0.00   NA  9.7  9.5  8.8  997.6 1002.8   NA 10.3 -51.3  -87.0     NA 10.8 
1786/02/14 18:00:00  1.98 0.00   NA 10.9  9.5 10.0 1007.5 1006.8   NA 10.0 -50.0  -86.6     NA 11.8 
1786/02/14 21:00:00  0.00 0.00   NA 10.9  9.5 10.0 1004.2 1006.8   NA 10.0 -50.0  -86.6     NA 11.8 
1786/02/15 18:00:00  2.89 0.00   NA 11.6 10.0 10.6  999.0 1008.5   NA  9.8 -48.1  -86.0     NA 12.4 
1786/02/15 21:00:00  0.00 0.00   NA 11.6 10.0 10.6  997.3 1008.5   NA  9.8 -48.1  -86.0     NA 12.4 
1786/02/16 18:00:00  3.97 0.00   NA 13.3 10.5 12.6 1008.8 1013.7   NA  8.7 -45.4  -85.3     NA 13.6 
1786/02/16 21:00:00  0.00 0.00   NA 13.3 10.5 12.6 1013.8 1013.7   NA  8.7 -45.4  -85.3     NA 13.6 
1786/02/17 18:00:00  3.03 0.00   NA 14.6 11.5 13.8 1015.1 1016.0   NA  7.8 -43.5  -84.3     NA 14.8 
1786/02/17 21:00:00  0.00 0.00   NA 14.6 11.5 13.8 1016.9 1016.0   NA  7.8 -43.5  -84.3     NA 14.8 
1786/02/18 18:00:00  1.80 0.00   NA 15.3 13.0 14.2 1013.5 1016.7   NA  7.3 -42.3  -83.7     NA 15.7 
1786/02/18 21:00:00  0.00 0.00   NA 15.3 13.0 14.2 1011.8 1016.7   NA  7.3 -42.3  -83.7     NA 15.7 
1786/02/19 18:00:00  2.17 0.00   NA 15.8 14.0 14.9     NA 1017.4   NA  6.8 -41.1  -82.7     NA 16.8 
1786/02/19 21:00:00  0.00 0.00   NA 15.8 14.0 14.9 1016.7 1017.4   NA  6.8 -41.1  -82.7     NA 16.8 
1786/02/20 17:00:00  2.28 0.00   NA 16.5 15.5 15.5 1019.8 1017.9   NA  6.4 -40.0  -81.3     NA 17.5 
1786/02/20 20:00:00  0.00 0.00   NA 16.5 15.5 15.5 1021.6 1017.9   NA  6.4 -40.0  -81.3     NA 17.5 
1786/02/21 17:00:00  2.49 0.00   NA 17.3 15.0 16.0     NA 1017.7   NA  6.2 -39.1  -79.5     NA 17.6 
1786/02/21 20:00:00  0.00 0.00   NA 17.3 15.0 16.0 1016.5 1017.7   NA  6.2 -39.1  -79.5     NA 17.6 
1786/02/22 17:00:00  2.24 0.00   NA 17.9 15.5 16.9 1016.4 1017.4   NA  6.5 -37.9  -78.3     NA 17.8 
1786/02/22 20:00:00  0.00 0.00   NA 17.9 15.5 16.9 1016.4 1017.4   NA  6.5 -37.9  -78.3     NA 17.8 
1786/02/23 17:00:00  2.01 0.00   NA 18.2 15.0 17.5 1014.5 1016.9   NA  7.1 -36.7  -77.4     NA 17.8 
1786/02/23 20:00:00  0.00 0.00   NA 18.2 15.0 17.5 1013.0 1016.9   NA  7.1 -36.7  -77.4     NA 17.8 
1786/02/24 17:00:00    NA   NA   NA   NA 14.0   NA 1016.3     NA   NA   NA    NA     NA     NA   NA 
1786/02/24 20:00:00    NA   NA   NA   NA 14.0   NA 1016.3     NA   NA   NA    NA     NA     NA   NA 
1786/02/25 17:00:00    NA   NA   NA   NA 15.0   NA     NA     NA   NA   NA    NA     NA     NA   NA 
1786/02/26 17:00:00    NA   NA   NA   NA 15.5   NA 1014.5     NA   NA   NA    NA     NA     NA   NA 
1786/02/27 17:00:00    NA   NA   NA   NA 16.5   NA     NA     NA   NA   NA    NA     NA     NA   NA 
1786/02/28 17:00:00    NA   NA   NA   NA 16.0   NA 1013.0     NA   NA   NA    NA     NA     NA   NA 
1786/02/28 20:00:00    NA   NA   NA   NA 16.0   NA 1013.0     NA   NA   NA    NA     NA     NA   NA 
1786/03/01 17:00:00    NA   NA   NA   NA 16.0   NA 1016.3     NA   NA   NA    NA     NA     NA   NA 
1786/03/01 20:00:00    NA   NA   NA   NA 16.0   NA 1016.3     NA   NA   NA    NA     NA     NA   NA 
1786/03/02 17:00:00    NA   NA   NA   NA 16.5   NA 1019.5     NA   NA   NA    NA     NA     NA   NA 
1786/03/02 20:00:00    NA   NA   NA   NA 16.5   NA 1019.5     NA   NA   NA    NA     NA     NA   NA 
1786/03/03 17:00:00    NA   NA   NA   NA 16.0   NA     NA     NA   NA   NA    NA     NA     NA   NA 
1786/03/04 17:00:00    NA   NA   NA   NA 15.0   NA     NA     NA   NA   NA    NA     NA     NA   NA 
1786/03/04 20:00:00    NA   NA   NA   NA 15.0   NA 1016.3     NA   NA   NA    NA     NA     NA   NA 
1786/03/05 17:00:00    NA   NA   NA   NA 15.0   NA 1016.3     NA   NA   NA    NA     NA     NA   NA 
1786/03/05 20:00:00    NA   NA   NA   NA 15.0   NA 1014.5     NA   NA   NA    NA     NA     NA   NA 
1786/03/06 17:00:00    NA   NA   NA   NA 15.5   NA     NA     NA   NA   NA    NA     NA     NA   NA 
1786/03/07 17:00:00    NA   NA   NA   NA 16.0   NA 1014.5     NA   NA   NA    NA     NA     NA   NA 
1786/03/08 17:00:00    NA   NA   NA   NA 17.0   NA     NA     NA   NA   NA    NA     NA     NA   NA 
1786/03/09 17:00:00    NA   NA   NA   NA 16.0   NA     NA     NA   NA   NA    NA     NA     NA   NA 
1786/03/10 17:00:00    NA   NA   NA   NA 15.0   NA     NA     NA   NA   NA    NA     NA     NA   NA 
1786/03/11 17:00:00    NA   NA   NA   NA 15.0   NA     NA     NA   NA   NA    NA     NA     NA   NA 
1786/03/12 17:00:00    NA   NA   NA   NA 15.0   NA     NA     NA   NA   NA    NA     NA     NA   NA 
1786/03/13 17:00:00    NA   NA   NA   NA 15.5   NA     NA     NA   NA   NA    NA     NA     NA   NA 
1786/03/14 17:00:00    NA   NA   NA   NA 15.0   NA 1014.5     NA   NA   NA    NA     NA     NA   NA 
1786/03/14 20:00:00    NA   NA   NA   NA 15.0   NA 1014.5     NA   NA   NA    NA     NA     NA   NA 
1786/03/15 17:00:00    NA   NA   NA   NA 14.5   NA     NA     NA   NA   NA    NA     NA     NA   NA 
1786/03/16 17:00:00    NA   NA   NA   NA 14.5   NA     NA     NA   NA   NA    NA     NA     NA   NA 
1786/03/17 17:00:00    NA   NA   NA   NA 14.5   NA     NA     NA   NA   NA    NA     NA     NA   NA 
1786/03/18 17:00:00    NA 0.00   NA 15.3 15.0 15.1 1018.0 1015.0   NA  5.8 -36.6  -73.6     NA 16.2 
1786/03/18 20:00:00  0.00 0.00   NA 15.3 15.0 15.1 1016.3 1015.0   NA  5.8 -36.6  -73.6     NA 16.2 
1786/03/19 17:00:00  2.39 0.00   NA 16.7 15.0 16.0 1014.4 1015.6   NA  7.4 -35.3  -74.8     NA 17.1 
1786/03/19 20:00:00  0.00 0.00   NA 16.7 15.0 16.0 1021.2 1015.6   NA  7.4 -35.3  -74.8     NA 17.1 
1786/03/20 17:00:00  3.58 0.00   NA 18.7 15.0 17.8 1021.0 1016.4   NA  7.0 -33.7  -77.0     NA 18.4 
1786/03/20 20:00:00  0.00 0.00   NA 18.7 15.0 17.8 1022.8 1016.4   NA  7.0 -33.7  -77.0     NA 18.4 
1786/03/21 17:00:00  3.31 0.00   NA 19.2 16.0 18.2 1025.9 1017.5   NA  6.1 -32.5  -79.3     NA 19.3 
1786/03/21 20:00:00  0.00 0.00   NA 19.2 16.0 18.2 1025.9 1017.5   NA  6.1 -32.5  -79.3     NA 19.3 
1786/03/22 17:00:00  3.18 0.00   NA 19.7 17.0 18.9     NA 1018.1   NA  5.6 -31.5  -81.5     NA 20.0 
1786/03/22 20:00:00  0.00 0.00   NA 19.7 17.0 18.9 1022.6 1018.1   NA  5.6 -31.5  -81.5     NA 20.0 
1786/03/23 18:00:00  3.05 0.00   NA 20.4 17.0 19.9 1022.5 1018.6   NA  5.2 -30.5  -83.8     NA 20.8 
1786/03/23 21:00:00  0.00 0.00   NA 20.4 17.0 19.9 1020.8 1018.6   NA  5.2 -30.5  -83.8     NA 20.8 
1786/03/24 18:00:00  2.52 0.00   NA 21.3 18.0 20.3 1018.9 1018.9   NA  5.1 -29.8  -85.6     NA 21.3 
1786/03/24 21:00:00  0.00 0.00   NA 21.3 18.0 20.3 1017.4 1018.9   NA  5.1 -29.8  -85.6     NA 21.3 
1786/03/25 18:00:00  2.58 0.00   NA 21.7 18.0 20.9 1018.9 1019.1   NA  5.0 -29.2  -87.5     NA 21.1 
1786/03/25 21:00:00  0.00 0.00   NA 21.7 18.0 20.9 1018.9 1019.1   NA  5.0 -29.2  -87.5     NA 21.1 
1786/03/26 18:00:00  2.41 0.00   NA 22.3 18.0 21.2 1022.3 1019.1   NA  5.1 -28.6  -89.2     NA 21.2 
1786/03/26 21:00:00  0.00 0.00   NA 22.3 18.0 21.2 1022.3 1019.1   NA  5.1 -28.6  -89.2     NA 21.2 
1786/03/27 18:00:00  3.42 0.00   NA 22.5 18.5 21.1 1025.5 1018.9   NA  5.2 -27.9  -91.7     NA 21.5 
1786/03/27 21:00:00  0.00 0.00   NA 22.5 18.5 21.1 1025.5 1018.9   NA  5.2 -27.9  -91.7     NA 21.5 
1786/03/28 18:00:00  3.43 0.00   NA 22.8 19.0 21.4     NA 1018.9   NA  5.2 -27.6  -94.4     NA 22.3 
1786/03/28 21:00:00  0.00 0.00   NA 22.8 19.0 21.4 1023.8 1018.9   NA  5.2 -27.6  -94.4     NA 22.3 
1786/03/29 18:00:00  2.77 0.00   NA 23.1 19.0 21.5 1023.8 1018.9   NA  5.2 -27.3  -96.5     NA 22.6 
1786/03/29 21:00:00  0.00 0.00   NA 23.1 19.0 21.5 1022.2 1018.9   NA  5.2 -27.3  -96.5     NA 22.6 
1786/03/30 19:00:00  2.28 0.00   NA 23.0 19.5 21.5 1022.2 1018.9   NA  5.3 -27.1  -98.3     NA 22.6 
1786/03/30 22:00:00  0.00 0.00   NA 23.0 19.5 21.5 1020.5 1018.9   NA  5.3 -27.1  -98.3     NA 22.6 
1786/03/31 19:00:00  2.79 0.00   NA 23.4 19.5 22.3     NA 1018.6   NA  5.4 -27.0 -100.4     NA 22.6 
1786/03/31 22:00:00  0.00 0.00   NA 23.4 19.5 22.3 1022.2 1018.6   NA  5.4 -27.0 -100.4     NA 22.6 
1786/04/01 19:00:00  2.74 0.00   NA 23.6 20.0 22.3 1023.7 1018.8   NA  5.5 -27.1 -102.5     NA 23.0 
1786/04/02 19:00:00  2.78 0.00   NA 23.7 20.0 22.1 1025.5 1018.7   NA  5.5 -27.1 -104.9     NA 23.2 
1786/04/02 22:00:00  0.00 0.00   NA 23.7 20.0 22.1 1023.7 1018.7   NA  5.5 -27.1 -104.9     NA 23.2 
1786/04/03 19:00:00  2.80 0.00   NA 24.1 21.0 22.3     NA 1018.5   NA  5.6 -27.1 -107.0     NA 23.8 
1786/04/03 22:00:00  0.00 0.00   NA 24.1 21.0 22.3 1022.2 1018.5   NA  5.6 -27.1 -107.0     NA 23.8 
1786/04/04 19:00:00  2.42 0.00   NA 24.2 21.5 22.5 1018.7 1018.4   NA  5.7 -27.2 -108.9     NA 23.7 
1786/04/04 22:00:00  0.00 0.00   NA 24.2 21.5 22.5 1017.2 1018.4   NA  5.7 -27.2 -108.9     NA 23.7 
1786/04/05 19:00:00  0.70 0.00   NA 24.2 21.5 22.8 1017.2 1018.3   NA  5.8 -27.1 -109.4     NA 23.7 
1786/04/05 22:00:00  0.00 0.00   NA 24.2 21.5 22.8 1015.5 1018.3   NA  5.8 -27.1 -109.4     NA 23.7 
1786/04/06 19:00:00  0.19 0.00   NA 24.2 22.5 22.7 1012.2 1018.2   NA  5.8 -27.1 -109.6     NA 23.6 
1786/04/06 22:00:00  0.00 0.00   NA 24.2 22.5 22.7 1012.2 1018.2   NA  5.8 -27.1 -109.6     NA 23.6 
1786/04/07 19:00:00  0.93 0.00   NA 24.4 21.0 23.0 1017.2 1017.9   NA  5.7 -26.9 -110.3     NA 24.3 
1786/04/07 22:00:00  0.00 0.00   NA 24.4 21.0 23.0 1015.5 1017.9   NA  5.7 -26.9 -110.3     NA 24.3 
1786/04/08 19:00:00  1.42 0.00   NA 24.2 21.0 22.8 1012.2 1018.0   NA  5.9 -27.1 -111.3     NA 23.7 
1786/04/08 22:00:00  0.00 0.00   NA 24.2 21.0 22.8 1007.2 1018.0   NA  5.9 -27.1 -111.3     NA 23.7 
1786/04/09 19:00:00  1.00 0.00   NA 24.2 21.0 22.8     NA 1017.9   NA  5.9 -27.2 -112.1     NA 23.7 
1786/04/09 22:00:00  -nan 0.00   NA 24.2 21.0 22.8 1012.2 1017.9   NA  5.9 -27.2 -112.1     NA 23.7 
1786/04/10 19:00:00  1.49 0.00   NA 24.1 21.0 22.8     NA 1018.1   NA  5.9 -27.1 -110.9     NA 23.4 
1786/04/11 19:00:00  1.76 0.00   NA 24.2 20.0 22.8 1022.2 1017.9   NA  5.7 -26.4 -109.6     NA 23.9 
1786/04/11 22:00:00  0.00 0.00   NA 24.2 20.0 22.8 1020.4 1017.9   NA  5.7 -26.4 -109.6     NA 23.9 
1786/04/12 19:00:00  1.99 0.00   NA 24.3 20.0 23.1     NA 1017.7   NA  5.6 -25.1 -109.6     NA 24.2 
1786/04/12 22:00:00  -nan 0.00   NA 24.3 20.0 23.1 1022.1 1017.7   NA  5.6 -25.1 -109.6     NA 24.2 
1786/04/13 19:00:00  2.59 0.00   NA 24.8 20.0 23.7 1022.0 1017.1   NA  5.5 -23.3 -109.5     NA 24.7 
1786/04/13 22:00:00  0.00 0.00   NA 24.8 20.0 23.7 1018.5 1017.1   NA  5.5 -23.3 -109.5     NA 24.7 
1786/04/14 19:00:00  2.19 0.00   NA 25.3 21.0 23.8 1023.1 1016.5   NA  5.7 -21.8 -109.3     NA 24.9 
1786/04/15 19:00:00  1.54 0.00   NA 25.2 21.0 23.8     NA 1016.2   NA  5.8 -20.7 -109.2     NA 24.9 
1786/04/16 19:00:00  2.01 0.00   NA 25.2 21.5 23.9 1021.7 1015.8   NA  6.0 -19.1 -109.3     NA 24.8 
1786/04/17 19:00:00  2.04 0.00   NA 25.2 22.0 24.0     NA 1015.1   NA  6.3 -17.6 -109.7     NA 25.0 
1786/04/18 19:00:00  1.97 0.00   NA 25.4 21.5 24.1 1019.8 1014.7   NA  6.4 -16.1 -110.0     NA 25.1 
1786/04/18 22:00:00  0.00 0.00   NA 25.4 21.5 24.1 1016.5 1014.7   NA  6.4 -16.1 -110.0     NA 25.1 
1786/04/19 19:00:00  2.72 0.00   NA 25.6 22.0 24.4     NA 1014.0   NA  6.7 -14.2 -110.1     NA 25.4 
1786/04/19 22:00:00  0.00 0.00   NA 25.6 22.0 24.4 1012.9 1014.0   NA  6.7 -14.2 -110.1     NA 25.4 
1786/04/20 19:00:00  2.90 0.00   NA 25.8 22.5 24.9 1016.4 1013.4   NA  7.0 -12.2 -110.2     NA 25.9 
1786/04/20 22:00:00  0.00 0.00   NA 25.8 22.5 24.9 1014.6 1013.4   NA  7.0 -12.2 -110.2     NA 25.9 
1786/04/21 19:00:00  3.02 0.00   NA 26.6 23.0 25.5 1017.8 1012.7   NA  7.2 -10.2 -110.3     NA 26.5 
1786/04/22 19:00:00  2.35 0.00   NA 26.9 23.5 25.9 1016.2 1012.2   NA  7.1  -8.4 -110.6     NA 27.0 
1786/04/22 22:00:00  0.00 0.00   NA 26.9 23.5 25.9 1012.7 1012.2   NA  7.1  -8.4 -110.6     NA 27.0 
1786/04/23 19:00:00  2.54 0.00   NA 27.0 24.0 26.2     NA 1011.7   NA  6.7  -6.7 -110.9     NA 27.2 
1786/04/24 19:00:00  1.64 0.00   NA 27.3 23.5 26.3 1014.4 1011.5   NA  6.4  -5.5 -111.4     NA 27.1 
1786/04/24 22:00:00  0.00 0.00   NA 27.3 23.5 26.3 1014.4 1011.5   NA  6.4  -5.5 -111.4     NA 27.1 
1786/04/25 19:00:00  1.99 0.00   NA 27.1 24.5 26.2 1017.6 1011.4   NA  5.9  -4.3 -112.1     NA 27.1 
1786/04/26 20:00:00  1.55 0.00   NA 26.9 24.5 26.1     NA 1011.3   NA  5.4  -3.3 -112.8     NA 27.2 
1786/04/26 23:00:00  0.00 0.00   NA 26.9 24.5 26.1 1012.6 1011.3   NA  5.4  -3.3 -112.8     NA 27.2 
1786/04/27 20:00:00  1.80 0.00   NA 26.6 24.5 26.0 1016.1 1011.2   NA  5.0  -2.2 -113.4     NA 27.0 
1786/04/27 23:00:00  0.00 0.00   NA 26.6 24.5 26.0 1014.4 1011.2   NA  5.0  -2.2 -113.4     NA 27.0 
1786/04/28 20:00:00  2.04 0.00   NA 26.5 24.0 25.8     NA 1011.2   NA  4.6  -1.0 -114.0     NA 27.2 
1786/04/29 20:00:00  1.63 0.00   NA 26.4 23.5 25.6     NA 1011.1   NA  4.2   0.2 -114.4     NA 27.3 
1786/04/29 23:00:00  0.00 0.00   NA 26.4 23.5 25.6 1012.6 1011.1   NA  4.2   0.2 -114.4     NA 27.3 
1786/04/30 20:00:00  2.24 0.00   NA 26.9 23.5 25.8 1014.4 1011.1   NA  4.2   1.6 -115.0     NA 27.4 
1786/04/30 23:00:00  0.00 0.00   NA 26.9 23.5 25.8 1011.1 1011.1   NA  4.2   1.6 -115.0     NA 27.4 
1786/05/01 20:00:00  2.17 0.00   NA 27.4 23.5 26.1 1012.6 1011.2   NA  4.3   2.9 -115.7     NA 27.8 
1786/05/02 20:00:00  1.73 0.00   NA 28.1 24.0 26.8     NA 1011.3   NA  4.1   4.1 -116.4     NA 27.9 
1786/05/03 20:00:00  1.54 0.00   NA 28.1 24.5 26.9 1014.4 1011.4   NA  4.1   5.2 -116.8     NA 27.8 
1786/05/04 20:00:00  0.81 0.00   NA 28.1 24.5 26.9     NA 1011.4   NA  4.1   5.8 -117.0     NA 27.8 
1786/05/05 20:00:00  0.60 0.00   NA 28.1 25.0 26.7     NA 1011.6   NA  4.2   6.2 -117.3     NA 27.8 
1786/05/05 23:00:00  0.00 0.00   NA 28.1 25.0 26.7 1012.7 1011.6   NA  4.2   6.2 -117.3     NA 27.8 
1786/05/06 20:00:00  1.71 0.00   NA 28.0 25.0 26.5     NA 1011.8   NA  4.6   7.1 -118.0     NA 27.4 
1786/05/06 23:00:00  0.00 0.00   NA 28.0 25.0 26.5 1011.2 1011.8   NA  4.6   7.1 -118.0     NA 27.4 
1786/05/07 20:00:00  2.13 0.00   NA 27.9 25.0 26.4 1016.2 1012.0   NA  5.1   8.3 -118.8     NA 27.2 
1786/05/07 23:00:00  0.00 0.00   NA 27.9 25.0 26.4 1012.7 1012.0   NA  5.1   8.3 -118.8     NA 27.2 
1786/05/08 20:00:00  1.86 0.00   NA 27.9 25.0 26.4 1014.5 1012.3   NA  5.9   9.4 -119.4     NA 27.2 
1786/05/09 20:00:00  2.25 0.00   NA 27.7 23.5 26.4 1016.3 1012.6   NA  6.5  10.7 -120.5     NA 27.4 
1786/05/10 20:00:00  2.13 0.00   NA 27.5 22.5 26.2     NA 1013.0   NA  6.9  11.8 -121.8     NA 26.9 
1786/05/10 23:00:00  0.00 0.00   NA 27.5 22.5 26.2 1014.6 1013.0   NA  6.9  11.8 -121.8     NA 26.9 
1786/05/11 20:00:00  2.96 0.00   NA 26.5 22.5 24.9     NA 1013.8   NA  7.0  13.5 -122.9     NA 25.8 
1786/05/12 20:00:00  2.06 0.00   NA 25.8 21.5 24.0 1018.0 1014.3   NA  7.0  14.8 -124.0     NA 25.5 
1786/05/12 23:00:00  0.00 0.00   NA 25.8 21.5 24.0 1016.5 1014.3   NA  7.0  14.8 -124.0     NA 25.5 
1786/05/13 20:00:00  3.06 0.00   NA 24.3 20.5 22.5 1019.8 1015.4   NA  6.9  16.5 -125.2     NA 24.1 
1786/05/14 20:00:00  2.70 0.00   NA 23.1 20.0 21.1     NA 1016.4   NA  6.7  18.2 -126.5     NA 22.7 
1786/05/15 21:00:00  2.23 0.00   NA 22.3 19.5 20.6     NA 1017.1   NA  6.7  19.2 -128.1     NA 22.1 
1786/05/16 00:00:00  0.00 0.00   NA 22.3 19.5 20.6 1018.2 1017.1   NA  6.7  19.2 -128.1     NA 22.1 
1786/05/16 21:00:00  2.32 0.00   NA 22.4 19.0 20.7     NA 1017.2   NA  6.7  19.8 -129.6     NA 22.3 
1786/05/17 21:00:00  1.75 0.00   NA 21.9 19.0 20.4     NA 1017.9   NA  6.7  20.0 -131.0     NA 22.1 
1786/05/18 21:00:00  2.13 0.00   NA 22.0 19.5 20.5 1021.7 1018.0   NA  6.8  20.0 -132.8     NA 22.4 
1786/05/19 21:00:00  2.30 0.00   NA 22.3 20.0 20.7 1020.0 1018.2   NA  6.9  20.0 -134.7     NA 22.3 
1786/05/20 21:00:00  2.17 0.00   NA 22.9 20.0 21.4 1018.2 1017.7   NA  7.1  20.0 -136.5     NA 23.1 
1786/05/21 00:00:00  -nan 0.00   NA 22.9 20.0 21.4 1016.7 1017.6   NA  7.1  20.0 -136.5     NA 23.2 
1786/05/21 21:00:00  2.28 0.00   NA 23.1 20.0 21.7 1020.0 1017.7   NA  7.2  19.9 -138.1     NA 23.5 
1786/05/22 00:00:00  0.00 0.00   NA 23.1 20.0 21.7 1018.2 1017.7   NA  7.2  19.9 -138.1     NA 23.5 
1786/05/22 21:00:00  2.77 0.00   NA 23.2 20.5 21.7     NA 1018.3   NA  7.0  20.1 -140.1     NA 23.5 
1786/05/23 00:00:00  0.00 0.00   NA 23.2 20.5 21.7 1020.0 1018.3   NA  7.0  20.1 -140.1     NA 23.5 
1786/05/23 21:00:00  2.46 0.00   NA 23.3 20.5 21.9 1023.3 1018.3   NA  7.0  20.1 -141.9     NA 23.4 
1786/05/24 00:00:00  0.00 0.00   NA 23.3 20.5 21.9 1021.8 1018.3   NA  7.0  20.1 -141.9     NA 23.4 
1786/05/24 22:00:00  2.81 0.00   NA 23.4 20.5 22.2     NA 1018.3   NA  7.0  20.8 -143.9     NA 23.9 
1786/05/25 22:00:00  2.49 0.00   NA 23.8 20.0 22.5 1021.8 1018.3   NA  6.9  21.0 -146.0     NA 24.0 
1786/05/26 01:00:00  0.00 0.00   NA 23.8 20.0 22.5 1018.3 1018.3   NA  6.9  21.0 -146.0     NA 24.0 
1786/05/26 22:00:00  2.61 0.00   NA 24.0 20.5 22.8     NA 1018.2   NA  6.9  21.0 -147.9     NA 24.3 
1786/05/27 22:00:00  2.22 0.00   NA 24.0 20.5 22.8 1020.1 1018.7   NA  6.7  21.0 -149.7     NA 24.7 
1786/05/28 22:00:00  1.50 0.00   NA 24.3 21.0 23.1     NA 1018.1   NA  6.8  20.8 -151.0     NA 25.1 
1786/05/29 22:00:00  1.42 0.00   NA 24.6 21.5 23.4     NA 1017.9   NA  6.4  20.6 -152.1     NA 25.3 
1786/05/30 22:00:00  3.01 0.00   NA 24.9 21.5 23.7     NA 1017.7   NA  5.9  20.9 -154.6     NA 25.6 
1786/05/31 01:00:00  3.01 0.00   NA 24.9 21.5 23.7 1016.8 1017.7   NA  5.9  20.9 -154.9     NA 25.7 
1786/05/31 22:00:00  3.01 0.00   NA 25.2 22.0 23.9 1021.8 1017.9   NA  5.9  21.2 -157.1     NA 25.4 
1786/06/01 01:00:00  0.00 0.00   NA 25.2 22.0 23.9 1020.1 1017.9   NA  5.9  21.2 -157.1     NA 25.4 
1786/06/01 23:00:00  2.46 0.00   NA 24.9 22.0 23.5 1025.2 1018.4   NA  6.4  22.9 -157.6     NA 24.8 
1786/06/02 02:00:00  0.00 0.00   NA 24.9 22.0 23.6 1023.4 1018.4   NA  6.4  22.9 -157.6     NA 24.9 
1786/06/02 23:00:00  2.79 0.00   NA 24.4 22.0 23.0 1028.6 1019.3   NA  6.4  24.8 -157.7     NA 24.5 
1786/06/03 02:00:00  0.00 0.00   NA 24.4 22.0 23.0 1025.3 1019.3   NA  6.4  24.8 -157.7     NA 24.6 
1786/06/03 23:00:00  2.50 0.00   NA 23.8 24.5 22.5 1023.7 1020.2   NA  5.9  26.5 -158.0     NA 24.1 
1786/06/04 02:00:00  0.00 0.00   NA 23.9 24.5 22.5 1027.2 1020.2   NA  5.9  26.5 -158.0     NA 24.1 
1786/06/04 23:00:00  2.31 0.00   NA 23.1 21.0 21.7 1020.6 1020.9   NA  5.6  28.1 -158.2     NA 24.0 
1786/06/05 02:00:00  0.00 0.00   NA 23.2 21.0 21.8 1025.6 1020.9   NA  5.5  28.1 -158.2     NA 24.1 
1786/06/05 23:00:00  1.66 0.00   NA 22.7 20.5 21.3     NA 1021.3   NA  5.4  29.2 -158.2     NA 23.2 
1786/06/06 02:00:00  0.00 0.00   NA 22.8 20.5 21.4 1018.9 1021.3   NA  5.4  29.2 -158.2     NA 23.3 
1786/06/06 23:00:00  2.41 0.00   NA 22.1 20.5 20.8 1019.0 1021.6   NA  5.3  30.8 -157.7     NA 22.7 
1786/06/07 02:00:00  0.00 0.00   NA 22.2 20.5 20.9 1017.5 1021.6   NA  5.3  30.8 -157.7     NA 22.8 
1786/06/07 22:00:00  2.36 0.00   NA 20.8 20.5 19.6 1020.9 1021.8   NA  5.3  32.3 -157.4     NA 21.5 
1786/06/08 01:00:00  0.00 0.00   NA 20.8 20.5 19.7 1019.1 1021.8   NA  5.3  32.3 -157.4     NA 21.6 
1786/06/08 22:00:00  2.48 0.00   NA 19.9 20.0 18.9     NA 1022.0   NA  5.4  33.9 -156.9     NA 21.1 
1786/06/09 01:00:00  0.00 0.00   NA 20.0 20.0 19.0 1021.0 1022.0   NA  5.3  33.9 -156.9     NA 21.2 
1786/06/09 22:00:00  1.60 0.00   NA 19.0 19.5 18.2 1026.1 1022.1   NA  5.4  35.0 -156.5     NA 19.8 
1786/06/10 01:00:00  0.00 0.00   NA 19.0 19.5 18.3 1026.1 1022.1   NA  5.4  35.0 -156.5     NA 20.0 
1786/06/10 22:00:00  1.27 0.00   NA 18.0 19.0 17.4     NA 1022.0   NA  5.6  35.8 -156.2     NA 19.3 
1786/06/11 01:00:00  0.00 0.00   NA 18.1 19.0 17.5 1024.5 1022.0   NA  5.5  35.8 -156.2     NA 19.4 
1786/06/11 22:00:00  1.81 0.00   NA 17.1 16.5 16.5 1023.1 1021.9   NA  5.7  37.0 -155.9     NA 18.1 
1786/06/12 01:00:00  0.00 0.00   NA 17.2 16.5 16.6 1023.1 1021.9   NA  5.6  37.0 -155.9     NA 18.2 
1786/06/12 22:00:00  1.58 0.00   NA 15.2 16.5 14.6 1024.7 1021.3   NA  6.2  38.0 -155.5     NA 16.2 
1786/06/13 22:00:00  1.64 0.00   NA 14.4 16.5 13.9     NA 1021.3   NA  6.4  39.2 -155.0     NA 15.6 
1786/06/14 01:00:00  0.00 0.00   NA 14.5 16.5 14.0 1024.8 1021.4   NA  6.3  39.2 -155.0     NA 15.7 
1786/06/14 22:00:00  3.00 0.00   NA 12.5 15.5 12.5 1021.7 1020.6   NA  6.8  41.1 -154.0     NA 13.8 
1786/06/15 01:00:00  0.00 0.00   NA 12.6 15.5 12.5 1016.7 1020.7   NA  6.7  41.1 -154.0     NA 13.9 
1786/06/15 22:00:00  3.30 0.00   NA 11.0 13.5 11.1 1015.1 1019.8   NA  7.2  43.2 -152.9     NA 12.6 
1786/06/16 01:00:00  0.00 0.00   NA 11.1 13.5 11.1 1013.6 1019.9   NA  7.1  43.2 -152.9     NA 12.7 
1786/06/16 22:00:00  3.28 0.00   NA  9.7 12.0  9.9     NA 1019.0   NA  7.4  45.0 -151.1     NA 11.4 
1786/06/17 01:00:00  0.00 0.00   NA  9.7 12.0  9.9 1015.3 1019.1   NA  7.4  45.0 -151.1     NA 11.5 
1786/06/17 22:00:00  3.09 0.00   NA  9.6 11.0  9.7     NA 1018.9   NA  7.4  46.8 -149.4     NA 11.4 
1786/06/18 01:00:00  0.00 0.00   NA  9.7 11.0  9.8 1012.2 1019.0   NA  7.4  46.8 -149.4     NA 11.5 
1786/06/18 22:00:00  2.59 0.00   NA  8.8 11.5  8.9 1007.3 1018.0   NA  7.4  48.4 -148.3     NA 10.3 
1786/06/19 01:00:00  0.00 0.00   NA  8.8 11.5  9.0 1007.3 1018.1   NA  7.3  48.4 -148.3     NA 10.4 
1786/06/19 22:00:00  2.74 0.00   NA  8.3 10.0  8.4     NA 1017.1   NA  7.2  50.1 -147.2     NA 10.2 
1786/06/20 01:00:00  0.00 0.00   NA  8.4 10.0  8.5 1005.7 1017.2   NA  7.2  50.1 -147.2     NA 10.2 
1786/06/20 22:00:00  2.81 0.00   NA  8.4  9.5  8.4 1004.4 1017.0   NA  7.0  51.9 -146.2     NA 10.0 
1786/06/21 01:00:00  0.00 0.00   NA  8.5  9.5  8.5 1005.9 1017.1   NA  6.9  51.9 -146.2     NA 10.0 
1786/06/21 22:00:00  2.27 0.00   NA  8.6 10.0  8.4 1009.5 1016.3   NA  6.4  53.3 -145.3     NA  9.9 
1786/06/22 01:00:00  0.00 0.00   NA  8.7 10.0  8.5 1011.0 1016.5   NA  6.4  53.3 -145.3     NA 10.0 
1786/06/22 22:00:00  3.92 0.00   NA  9.0  9.5  8.9 1018.0 1015.8   NA  5.8  55.7 -143.3     NA 10.2 
1786/06/23 01:00:00  0.00 0.00   NA  9.0  9.5  9.0 1018.0 1015.9   NA  5.8  55.7 -143.3     NA 10.3 
1786/06/23 21:00:00  3.48 0.00   NA 10.1 10.0  9.9     NA 1015.2   NA  5.4  57.8 -141.6     NA 10.8 
1786/06/24 21:00:00  2.45 0.00   NA 10.8 10.5 10.5 1011.6 1014.6   NA  2.6  59.4 -139.6     NA 11.6 
1786/06/25 00:00:00  0.00 0.00   NA 10.9 10.5 10.5 1010.1 1014.7   NA  2.6  59.4 -139.6     NA 11.7 
1786/06/25 21:00:00  0.46 0.00   NA 10.9 11.0 10.5 1016.6 1014.7   NA  2.6  59.5 -139.0     NA 11.7 
1786/06/26 00:00:00  0.00 0.00   NA 11.0 11.0 10.6 1018.3 1014.8   NA  2.6  59.5 -139.0     NA 11.8 
1786/06/26 21:00:00  0.36 0.00   NA 10.7 11.0 10.5 1008.3 1014.8   NA  2.2  59.7 -138.8     NA 11.3 
1786/06/27 00:00:00  0.00 0.00   NA 10.8 11.0 10.6 1006.6 1014.9   NA  2.2  59.7 -138.8     NA 11.3 
1786/06/27 21:00:00  1.05 0.00   NA 11.0 11.5 10.7 1000.0 1014.9   NA  2.6  59.3 -140.0     NA 11.9 
1786/06/28 21:00:00  0.19 0.00   NA 11.3 10.5 10.8 1006.5 1015.0   NA  3.2  59.3 -140.3     NA 11.9 
1786/06/29 00:00:00  0.00 0.00   NA 11.3 10.5 10.9 1008.3 1015.1   NA  3.2  59.3 -140.3     NA 12.0 
1786/06/29 21:00:00  0.47 0.00   NA 11.2 11.0 10.9 1010.1 1015.1   NA  2.6  59.3 -139.6     NA 12.1 
1786/06/30 00:00:00  0.00 0.00   NA 11.3 11.0 11.0 1011.6 1015.3   NA  2.6  59.3 -139.6     NA 12.2 
1786/06/30 21:00:00  0.69 0.00   NA 11.4 10.0 10.9 1016.5 1015.7   NA  4.2  58.9 -139.3     NA 12.2 
1786/07/01 00:00:00  0.00 0.00   NA 11.5 10.0 11.0 1020.1 1015.8   NA  4.2  58.9 -139.3     NA 12.3 
1786/07/01 21:00:00  0.61 0.00   NA 10.9 10.5 11.0 1023.3 1015.4   NA  2.2  59.1 -138.6     NA 11.6 
1786/07/02 00:00:00  0.00 0.00   NA 11.0 10.5 11.1 1025.1 1015.5   NA  2.2  59.1 -138.6     NA 11.6 
1786/07/02 21:00:00  0.87 0.00   NA 11.4 11.0 11.0 1018.3 1016.0   NA  2.9  58.6 -137.9     NA 12.0 
1786/07/03 21:00:00  0.21 0.00   NA 11.5 10.5 11.0 1006.5 1016.1   NA  2.9  58.7 -137.6     NA 12.1 
1786/07/04 21:00:00  0.01 0.00   NA 11.6 10.0 11.1     NA 1016.2   NA  2.9  58.7 -137.6     NA 12.1 
1786/07/05 21:00:00  0.03 0.00   NA 11.7 11.0 11.2     NA 1016.3   NA  2.9  58.7 -137.6     NA 12.2 
1786/07/06 21:00:00  0.01 0.00   NA 11.7 11.0 11.3     NA 1016.4   NA  2.8  58.7 -137.6     NA 12.2 
1786/07/07 21:00:00  0.01 0.00   NA 11.8 11.5 11.4     NA 1016.5   NA  2.8  58.7 -137.6     NA 12.3 
1786/07/08 21:00:00  0.01 0.00   NA 11.9 11.5 11.5     NA 1016.6   NA  2.8  58.6 -137.6     NA 12.3 
1786/07/09 21:00:00  0.03 0.00   NA 12.0 11.5 11.6     NA 1016.6   NA  2.8  58.6 -137.6     NA 12.4 
1786/07/10 21:00:00  0.01 0.00   NA 12.0 11.0 11.6     NA 1016.7   NA  2.8  58.6 -137.6     NA 12.4 
1786/07/11 21:00:00  0.01 0.00   NA 12.1 11.0 11.7     NA 1016.8   NA  2.8  58.6 -137.7     NA 12.5 
1786/07/12 21:00:00  0.01 0.00   NA 12.2 10.5 11.8     NA 1016.9   NA  2.8  58.6 -137.7     NA 12.5 
1786/07/13 21:00:00  0.03 0.00   NA 12.2 11.0 11.9     NA 1016.9   NA  2.8  58.6 -137.7     NA 12.6 
1786/07/14 21:00:00  0.01 0.00   NA 12.3 11.0 11.9     NA 1016.9   NA  2.8  58.6 -137.7     NA 12.6 
1786/07/15 21:00:00  0.01 0.00   NA 12.4 11.0 12.0     NA 1016.9   NA  2.8  58.6 -137.7     NA 12.7 
1786/07/16 21:00:00  0.03 0.00   NA 12.4 11.0 12.1     NA 1017.0   NA  2.8  58.5 -137.7     NA 12.7 
1786/07/17 21:00:00  0.01 0.00   NA 12.5 11.0 12.1     NA 1017.0   NA  2.8  58.5 -137.7     NA 12.8 
1786/07/18 21:00:00  0.01 0.00   NA 12.5 11.0 12.2     NA 1016.9   NA  2.8  58.5 -137.7     NA 12.8 
1786/07/19 21:00:00  0.01 0.00   NA 12.6 10.5 12.2     NA 1016.9   NA  2.8  58.5 -137.7     NA 12.8 
1786/07/20 21:00:00  0.03 0.00   NA 12.6 10.0 12.3     NA 1016.9   NA  2.8  58.5 -137.7     NA 12.9 
1786/07/21 21:00:00  0.01 0.00   NA 12.7 10.5 12.3     NA 1016.8   NA  2.8  58.5 -137.7     NA 12.9 
1786/07/22 21:00:00  0.01 0.00   NA 12.7 10.0 12.4     NA 1016.8   NA  2.8  58.5 -137.7     NA 13.0 
1786/07/23 21:00:00  0.03 0.00   NA 12.8 11.0 12.4     NA 1016.7   NA  2.8  58.5 -137.7     NA 13.0 
1786/07/24 21:00:00  0.01 0.00   NA 12.8 10.5 12.5     NA 1016.6   NA  2.8  58.4 -137.7     NA 13.0 
1786/07/25 21:00:00  0.01 0.00   NA 12.9 10.5 12.5     NA 1016.6   NA  2.8  58.4 -137.7     NA 13.1 
1786/07/26 21:00:00  0.01 0.00   NA 12.9 10.5 12.5     NA 1016.5   NA  2.8  58.4 -137.7     NA 13.1 
1786/07/27 21:00:00  0.03 0.00   NA 13.0 11.5 12.6     NA 1016.4   NA  2.8  58.4 -137.7     NA 13.1 
1786/07/28 21:00:00  0.01 0.00   NA 13.0 10.5 12.6     NA 1016.4   NA  2.9  58.4 -137.7     NA 13.2 
1786/07/29 21:00:00  0.01 0.00   NA 13.0  9.5 12.7 1016.5 1016.3   NA  2.9  58.4 -137.7     NA 13.2 
1786/07/30 21:00:00  0.01 0.00   NA 13.1   NA 12.7     NA 1016.2   NA  2.9  58.4 -137.7     NA 13.2 
1786/07/31 21:00:00  0.03 0.00   NA 13.1   NA 12.7     NA 1016.1   NA  2.9  58.4 -137.7     NA 13.3 
1786/08/01 21:00:00  0.01 0.00   NA 13.2   NA 12.8     NA 1016.1   NA  2.9  58.3 -137.7     NA 13.3 
1786/08/02 21:00:00  0.07 0.00   NA 13.2   NA 12.8     NA 1016.0   NA  2.9  58.3 -137.6     NA 13.3 
1786/08/03 21:00:00  0.43 0.00   NA 13.4   NA 12.9     NA 1016.3   NA  4.3  58.0 -137.5     NA 14.0 
1786/08/04 21:00:00  0.58 0.00   NA 13.2   NA 12.8     NA 1016.3   NA  3.7  57.8 -136.8     NA 13.8 
1786/08/05 21:00:00  0.77 0.00   NA 13.2   NA 12.9     NA 1016.2   NA  3.7  57.3 -136.1     NA 13.8 
1786/08/06 21:00:00  0.09 0.00   NA 13.2   NA 12.9     NA 1016.1   NA  3.7  57.3 -136.0     NA 13.8 
1786/08/07 21:00:00  1.39 0.00   NA 12.6   NA 12.8     NA 1016.5   NA  4.0  56.5 -134.8     NA 13.6 
1786/08/08 21:00:00  1.14 0.00   NA 13.0   NA 12.9     NA 1016.9   NA  5.2  55.7 -134.1     NA 14.1 
1786/08/09 21:00:00  1.25 0.00   NA 13.0   NA 13.0     NA 1017.2   NA  5.4  54.8 -133.5     NA 14.7 
1786/08/10 21:00:00  0.77 0.00   NA 12.9   NA 13.1     NA 1017.0   NA  4.8  54.4 -132.8     NA 14.6 
1786/08/11 21:00:00  0.31 0.00   NA 13.1   NA 13.1     NA 1017.0   NA  5.4  54.2 -133.0     NA 14.7 
1786/08/12 21:00:00  0.67 0.00   NA 13.1   NA 13.1     NA 1017.0   NA  5.4  54.0 -133.9     NA 14.7 
1786/08/13 21:00:00  0.12 0.00   NA 13.4   NA 13.4     NA 1017.3   NA  5.7  54.0 -133.8     NA 15.5 
1786/08/14 21:00:00  0.38 0.00   NA 13.4   NA 13.4     NA 1017.2   NA  5.7  53.8 -133.3     NA 15.5 
1786/08/15 21:00:00  0.14 0.00   NA 13.4   NA 13.4     NA 1017.2   NA  5.7  53.8 -133.5     NA 15.5 
1786/08/16 21:00:00  0.81 0.00   NA 13.7   NA 13.5     NA 1017.2   NA  5.9  53.4 -134.2     NA 15.1 
1786/08/17 21:00:00  0.15 0.00   NA 13.7   NA 13.5     NA 1017.2   NA  5.9  53.2 -134.1     NA 15.1 
1786/08/18 21:00:00  1.75 0.00   NA 13.9   NA 13.7     NA 1017.4   NA  5.9  52.6 -132.2     NA 15.3 
1786/08/19 21:00:00  0.70 0.00   NA 13.7   NA 13.7     NA 1017.3   NA  5.7  52.1 -131.7     NA 15.0 
1786/08/20 21:00:00  0.68 0.00   NA 14.3   NA 14.2     NA 1017.6   NA  6.0  51.7 -131.2     NA 15.6 
1786/08/21 21:00:00  0.76 0.00   NA 13.5   NA 13.7     NA 1017.2   NA  5.2  52.0 -130.5     NA 15.1 
1786/08/22 21:00:00  0.77 0.00   NA 13.2   NA 13.7     NA 1017.0   NA  4.0  52.2 -129.6     NA 16.4 
1786/08/23 21:00:00  0.74 0.00   NA 14.2   NA 14.1     NA 1017.5   NA  5.8  51.8 -130.2     NA 15.6 
1786/08/24 21:00:00  1.05 0.00   NA 14.1   NA 14.0     NA 1017.3   NA  5.1  51.0 -129.8     NA 15.9 
1786/08/25 21:00:00  1.60 0.00   NA 14.8   NA 14.6     NA 1017.6   NA  5.4  49.9 -128.8     NA 16.3 
1786/08/26 21:00:00  0.78 0.00   NA 14.8   NA 14.6     NA 1017.6   NA  5.4  49.4 -128.5     NA 16.3 
1786/08/27 21:00:00  0.54 0.00   NA 14.8 16.0 14.6 1014.2 1017.6   NA  5.4  49.0 -128.8     NA 16.2 
1786/08/28 00:00:00  0.00 0.00   NA 14.8 16.0 14.6 1014.2 1017.5   NA  5.4  49.0 -128.8     NA 16.2 
1786/08/28 21:00:00  1.20 0.00   NA 15.3 15.5 15.0 1020.6 1017.4   NA  5.5  48.6 -127.8     NA 16.8 
1786/08/29 00:00:00  0.00 0.00   NA 15.3 15.5 14.9 1020.6 1017.4   NA  5.5  48.6 -127.8     NA 16.8 
1786/08/29 20:00:00  0.77 0.00   NA 15.3 15.0 14.9 1019.1 1017.4   NA  5.5  48.6 -127.0     NA 16.8 
1786/08/29 23:00:00  0.00 0.00   NA 15.3 15.0 14.9 1019.1 1017.4   NA  5.5  48.6 -127.0     NA 16.8 
1786/08/30 20:00:00  0.12 0.00   NA 15.3 14.5 14.9     NA 1017.3   NA  5.5  48.5 -127.0     NA 16.8 
1786/08/31 20:00:00  0.48 0.00   NA 15.3 15.0 14.9 1015.6 1017.3   NA  5.5  48.2 -127.2     NA 16.8 
1786/08/31 23:00:00  0.00 0.00   NA 15.3 15.0 14.9 1015.6 1017.3   NA  5.5  48.2 -127.2     NA 16.8 
1786/09/01 20:00:00  2.58 0.00   NA 16.6 14.5 15.7 1017.2 1017.1   NA  5.7  46.6 -126.0     NA 17.7 
1786/09/01 23:00:00  0.00 0.00   NA 16.6 14.5 15.7 1019.0 1017.1   NA  5.7  46.6 -126.0     NA 17.7 
1786/09/02 20:00:00  1.14 0.00   NA 16.1 14.5 15.7 1025.4 1016.8   NA  5.5  45.9 -125.6     NA 18.1 
1786/09/02 23:00:00  0.00 0.00   NA 16.1 14.5 15.7 1025.4 1016.8   NA  5.5  45.9 -125.6     NA 18.1 
1786/09/03 20:00:00  0.02 0.00   NA 16.1 15.0 15.7     NA 1016.7   NA  5.5  45.9 -125.6     NA 18.0 
1786/09/03 23:00:00  0.00 0.00   NA 16.1 15.0 15.7 1023.9 1016.7   NA  5.5  45.9 -125.6     NA 18.0 
1786/09/04 20:00:00  1.81 0.00   NA 15.8 15.0 15.7 1023.8 1016.7   NA  5.9  44.7 -125.8     NA 18.4 
1786/09/04 23:00:00  0.00 0.00   NA 15.8 15.0 15.7 1020.3 1016.7   NA  5.9  44.7 -125.8     NA 18.4 
1786/09/05 20:00:00  2.50 0.00   NA 15.4 14.5 15.5 1020.1 1016.6   NA  6.3  43.0 -125.8     NA 18.0 
1786/09/06 20:00:00  2.11 0.00   NA 14.9 14.0 15.4     NA 1016.4   NA  6.8  41.4 -125.8     NA 17.5 
1786/09/07 20:00:00  0.76 0.00   NA 16.5 14.0 16.2     NA 1016.9   NA  7.5  40.8 -126.0     NA 17.9 
1786/09/08 20:00:00  1.24 0.00   NA 16.8 14.5 16.4 1018.3 1016.8   NA  7.7  39.9 -126.1     NA 18.2 
1786/09/08 23:00:00  0.00 0.00   NA 16.8 14.5 16.4 1014.8 1016.8   NA  7.7  39.9 -126.1     NA 18.2 
1786/09/09 20:00:00  1.38 0.00   NA 16.2 15.0 16.0 1013.2 1016.2   NA  7.6  39.0 -125.6     NA 18.0 
1786/09/09 23:00:00  0.00 0.00   NA 16.2 15.0 16.0 1013.2 1016.2   NA  7.6  39.0 -125.6     NA 18.0 
1786/09/10 20:00:00  3.91 0.00   NA 14.8 15.5 15.0 1014.7 1014.7   NA  3.0  38.2 -122.3     NA 16.2 
1786/09/10 23:00:00  0.00 0.00   NA 14.8 15.5 15.0 1014.7 1014.7   NA  3.0  38.2 -122.3     NA 16.2 
1786/09/11 20:00:00  3.33 0.00   NA 16.0 15.0 15.8     NA 1015.6   NA  6.7  37.0 -124.8     NA 17.5 
1786/09/12 20:00:00  1.70 0.00   NA 15.3 15.0 15.4     NA 1015.2   NA  5.5  37.1 -123.1     NA 16.8 
1786/09/12 23:00:00  0.00 0.00   NA 15.3 15.0 15.4 1013.1 1015.2   NA  5.5  37.1 -123.1     NA 16.8 
1786/09/13 20:00:00  0.93 0.00   NA 15.8 14.0 15.7     NA 1014.7   NA  4.8  36.6 -122.5     NA 16.4 
1786/09/13 23:00:00  0.00 0.00   NA 15.8 14.0 15.7 1011.3 1014.7   NA  4.8  36.6 -122.5     NA 16.4 
1786/09/14 20:00:00  0.44 0.00   NA 15.8 14.5 15.7 1014.5 1014.7   NA  4.8  36.9 -122.4     NA 16.4 
1786/09/14 23:00:00  0.00 0.00   NA 15.8 14.5 15.7 1013.0 1014.7   NA  4.8  36.9 -122.4     NA 16.4 
1786/09/15 20:00:00  0.05 0.00   NA 15.9 14.5 15.7     NA 1014.7   NA  4.7  36.9 -122.4     NA 16.5 
1786/09/15 23:00:00  0.00 0.00   NA 15.9 14.5 15.7 1011.3 1014.7   NA  4.7  36.9 -122.4     NA 16.5 
1786/09/16 20:00:00  0.06 0.00   NA 15.9 14.5 15.7     NA 1014.7   NA  4.7  36.9 -122.3     NA 16.5 
1786/09/17 20:00:00  0.04 0.00   NA 15.9 14.5 15.7     NA 1014.7   NA  4.7  36.9 -122.3     NA 16.5 
1786/09/18 20:00:00  0.05 0.00   NA 15.9 15.0 15.7     NA 1014.8   NA  4.7  36.9 -122.3     NA 16.5 
1786/09/19 20:00:00  0.04 0.00   NA 15.9 15.0 15.7     NA 1014.8   NA  4.7  36.9 -122.2     NA 16.5 
1786/09/20 20:00:00  0.05 0.00   NA 15.9 14.0 15.6     NA 1014.8   NA  4.7  36.8 -122.2     NA 16.5 
1786/09/21 20:00:00  0.04 0.00   NA 15.8 15.0 15.6     NA 1014.9   NA  4.7  36.8 -122.1     NA 16.5 
1786/09/22 20:00:00  0.06 0.00   NA 15.8 15.5 15.6     NA 1015.0   NA  4.7  36.8 -122.1     NA 16.5 
1786/09/23 20:00:00  0.04 0.00   NA 15.8 15.5 15.6     NA 1015.1   NA  4.7  36.8 -122.0     NA 16.6 
1786/09/24 20:00:00  0.05 0.00   NA 15.8 15.5 15.6     NA 1015.2   NA  4.6  36.8 -122.0     NA 16.6 
1786/09/24 23:00:00  0.00 0.00   NA 15.8 15.5 15.6 1018.1 1015.2   NA  4.6  36.8 -122.0     NA 16.6 
1786/09/25 20:00:00  0.05 0.00   NA 15.8 15.0 15.5 1018.0 1014.9   NA  3.2  36.8 -122.0     NA 16.6 
1786/09/25 23:00:00  0.00 0.00   NA 15.8 15.0 15.5 1016.3 1014.9   NA  3.2  36.8 -122.0     NA 16.6 
1786/09/26 20:00:00  0.67 0.00   NA 15.8 16.0 15.5     NA 1015.4   NA  4.6  36.7 -122.5     NA 16.6 
1786/09/26 23:00:00  0.00 0.00   NA 15.8 16.0 15.5 1018.0 1015.4   NA  4.6  36.7 -122.5     NA 16.6 
1786/09/27 20:00:00  1.69 0.00   NA 17.0 16.0 16.2 1019.5 1015.7   NA  5.8  35.8 -123.4     NA 17.5 
1786/09/27 23:00:00  0.00 0.00   NA 17.0 16.0 16.2 1019.5 1015.7   NA  5.8  35.8 -123.4     NA 17.5 
1786/09/28 20:00:00  2.80 0.00   NA 18.0 16.5 17.0 1021.1 1016.2   NA  6.3  34.2 -124.8     NA 18.6 
1786/09/28 23:00:00  0.00 0.00   NA 18.0 16.5 17.0 1021.1 1016.2   NA  6.3  34.2 -124.8     NA 18.6 
1786/09/29 20:00:00  2.85 0.00   NA 19.5 17.0 18.2 1022.7 1017.0   NA  6.0  32.8 -126.3     NA 20.1 
1786/09/30 21:00:00  3.03 0.00   NA 20.3 16.0 19.0     NA 1017.8   NA  5.6  31.0 -128.3     NA 20.8 
1786/10/01 21:00:00  1.94 0.00   NA 21.1 16.0 19.6 1020.7 1017.6   NA  5.4  29.5 -128.3     NA 21.5 
1786/10/02 00:00:00  0.00 0.00   NA 21.0 16.0 19.6 1018.9 1017.7   NA  5.4  29.5 -128.3     NA 21.5 
1786/10/02 21:00:00  4.65 0.00   NA 21.6 16.5 20.3 1020.6 1018.2   NA  5.2  28.7 -131.8     NA 21.6 
1786/10/03 00:00:00  0.00 0.00   NA 21.6 16.5 20.3 1018.9 1018.3   NA  5.2  28.7 -131.8     NA 21.6 
1786/10/03 21:00:00  2.01 0.00   NA 22.0 17.0 20.7     NA 1018.7   NA  5.2  28.2 -133.2     NA 21.9 
1786/10/04 21:00:00  0.72 0.00   NA 22.2 18.0 20.9     NA 1018.4   NA  5.3  27.9 -133.8     NA 22.2 
1786/10/05 21:00:00  1.02 0.00   NA 22.3 18.5 21.1 1022.3 1018.6   NA  5.3  27.5 -134.5     NA 22.4 
1786/10/06 00:00:00  0.00 0.00   NA 22.3 18.5 21.1 1020.5 1018.7   NA  5.3  27.5 -134.5     NA 22.3 
1786/10/06 21:00:00  1.41 0.00   NA 22.5 18.5 21.2 1023.8 1018.8   NA  5.3  27.6 -135.6     NA 22.1 
1786/10/07 00:00:00  0.00 0.00   NA 22.5 18.5 21.2 1022.3 1018.8   NA  5.3  27.6 -135.6     NA 22.1 
1786/10/07 21:00:00  1.40 0.00   NA 22.7 18.5 21.4     NA 1018.9   NA  5.3  27.9 -136.6     NA 22.4 
1786/10/08 21:00:00  1.53 0.00   NA 22.7 18.5 21.3 1025.6 1019.3   NA  5.3  28.1 -138.0     NA 22.5 
1786/10/09 00:00:00  0.00 0.00   NA 22.6 18.5 21.3 1023.8 1019.4   NA  5.3  28.1 -138.0     NA 22.4 
1786/10/09 21:00:00  1.74 0.00   NA 22.9 19.0 21.5 1023.8 1019.4   NA  5.4  28.1 -139.3     NA 22.8 
1786/10/10 21:00:00  1.92 0.00   NA 23.1 19.5 21.6     NA 1019.5   NA  5.4  28.1 -141.0     NA 22.9 
1786/10/11 00:00:00  0.00 0.00   NA 23.1 19.5 21.6 1022.3 1019.5   NA  5.4  28.1 -141.0     NA 22.9 
1786/10/11 22:00:00  2.12 0.00   NA 23.7 19.5 22.1 1025.6 1019.0   NA  5.6  28.0 -142.7     NA 23.4 
1786/10/12 01:00:00  0.00 0.00   NA 23.7 19.5 22.1 1023.8 1019.0   NA  5.6  28.0 -142.7     NA 23.4 
1786/10/12 22:00:00  0.83 0.00   NA 23.9 20.0 22.3 1023.8 1019.0   NA  5.7  28.0 -143.3     NA 23.5 
1786/10/13 01:00:00  0.00 0.00   NA 23.9 20.0 22.3 1022.3 1019.0   NA  5.7  28.0 -143.3     NA 23.5 
1786/10/13 22:00:00  0.55 0.00   NA 23.9 20.5 22.3 1025.6 1019.0   NA  5.7  27.9 -143.8     NA 23.5 
1786/10/14 22:00:00  1.35 0.00   NA 24.1 20.5 22.4 1023.8 1019.0   NA  5.7  27.8 -144.9     NA 23.8 
1786/10/15 01:00:00  0.00 0.00   NA 24.1 20.5 22.4 1020.5 1019.0   NA  5.7  27.8 -144.9     NA 23.7 
1786/10/15 22:00:00  2.08 0.00   NA 24.3 20.5 22.6 1020.5 1018.8   NA  5.9  28.0 -146.5     NA 23.7 
1786/10/16 01:00:00  0.00 0.00   NA 24.3 20.5 22.6 1018.8 1018.8   NA  5.9  28.0 -146.5     NA 23.7 
1786/10/16 22:00:00  0.70 0.00   NA 24.3 21.5 22.5 1022.3 1019.0   NA  5.9  28.1 -147.1     NA 23.8 
1786/10/17 22:00:00  0.23 0.00   NA 24.4 22.0 22.6 1023.8 1018.7   NA  5.9  27.9 -147.1     NA 23.7 
1786/10/18 01:00:00  0.00 0.00   NA 24.4 22.0 22.6 1022.3 1018.8   NA  6.0  27.9 -147.1     NA 23.7 
1786/10/18 22:00:00  0.23 0.00   NA 24.4 22.0 22.6 1025.5 1018.8   NA  6.0  27.8 -147.3     NA 23.7 
1786/10/19 01:00:00  0.00 0.00   NA 24.4 22.0 22.6 1020.5 1018.8   NA  6.0  27.8 -147.3     NA 23.7 
1786/10/19 22:00:00  0.82 0.00   NA 24.2 21.5 22.4 1018.8 1019.1   NA  6.0  28.1 -147.8     NA 23.6 
1786/10/20 01:00:00  0.00 0.00   NA 24.2 21.5 22.4 1017.3 1019.1   NA  6.0  28.1 -147.8     NA 23.6 
1786/10/20 22:00:00  1.03 0.00   NA 24.5 20.5 22.7 1017.3 1018.7   NA  6.0  27.7 -148.5     NA 23.9 
1786/10/21 01:00:00  0.00 0.00   NA 24.5 20.5 22.6 1015.5 1018.7   NA  6.0  27.7 -148.5     NA 23.9 
1786/10/21 22:00:00  0.66 0.00   NA 24.5 20.5 22.6 1015.5 1018.7   NA  6.0  27.8 -149.0     NA 23.9 
1786/10/22 01:00:00  0.00 0.00   NA 24.5 20.5 22.6 1013.8 1018.8   NA  6.1  27.8 -149.0     NA 23.8 
1786/10/22 22:00:00  1.44 0.00   NA 24.5 22.0 22.6 1015.6 1018.9   NA  6.1  28.2 -150.0     NA 23.9 
1786/10/23 01:00:00  0.00 0.00   NA 24.5 22.0 22.6 1015.6 1018.9   NA  6.1  28.2 -150.0     NA 23.9 
1786/10/23 22:00:00  0.31 0.00   NA 24.5 21.0 22.6 1020.6 1018.9   NA  6.1  28.1 -150.2     NA 23.9 
1786/10/24 01:00:00  0.00 0.00   NA 24.5 21.0 22.5 1020.6 1018.9   NA  6.2  28.1 -150.2     NA 23.8 
1786/10/24 22:00:00  2.64 0.00   NA 24.9 20.5 23.1 1018.8 1018.4   NA  6.2  27.4 -152.1     NA 24.1 
1786/10/25 01:00:00  -nan 0.00   NA 24.9 20.5 23.0 1017.3 1018.5   NA  6.2  27.4 -152.1     NA 24.0 
1786/10/25 22:00:00  0.47 0.00   NA 24.9 20.0 23.0     NA 1018.5   NA  6.2  27.5 -152.4     NA 24.0 
1786/10/26 22:00:00  0.98 0.00   NA 24.8 20.5 23.1 1020.5 1018.4   NA  6.3  27.4 -153.3     NA 23.8 
1786/10/27 01:00:00  0.00 0.00   NA 24.8 20.5 23.0 1018.8 1018.4   NA  6.3  27.4 -153.3     NA 23.7 
1786/10/27 22:00:00  1.34 0.00   NA 24.8 21.5 23.1 1017.2 1018.3   NA  6.3  27.1 -154.2     NA 24.1 
1786/10/28 01:00:00  0.00 0.00   NA 24.8 21.5 23.0 1015.5 1018.4   NA  6.3  27.1 -154.2     NA 24.0 
1786/10/28 22:00:00  2.66 0.00   NA 25.2 23.0 23.5     NA 1017.9   NA  6.4  27.0 -156.2     NA 24.9 
1786/10/29 01:00:00  0.00 0.00   NA 25.1 23.0 23.5 1013.7 1017.9   NA  6.5  27.0 -156.2     NA 24.9 
1786/10/29 22:00:00  0.83 0.00   NA 24.8 22.0 23.1 1013.7 1018.2   NA  6.4  27.2 -156.8     NA 24.6 
1786/10/30 01:00:00  0.00 0.00   NA 24.7 22.0 23.1 1015.5 1018.3   NA  6.4  27.2 -156.8     NA 24.5 
1786/10/30 22:00:00  1.13 0.00   NA 25.1 21.5 23.5 1015.4 1017.9   NA  6.5  26.4 -156.8     NA 24.8 
1786/10/31 22:00:00  0.26 0.00   NA 25.1 22.0 23.5 1018.7 1017.9   NA  6.5  26.5 -157.0     NA 24.7 
1786/11/01 01:00:00  0.00 0.00   NA 25.0 22.0 23.4 1017.2 1017.9   NA  6.5  26.5 -157.0     NA 24.6 
1786/11/01 23:00:00  2.01 0.00   NA 25.5 22.5 23.8 1020.4 1017.5   NA  6.7  25.8 -158.4     NA 24.6 
1786/11/02 23:00:00  2.61 0.00   NA 25.8 23.0 24.1 1018.6 1017.0   NA  6.8  24.7 -160.3     NA 24.9 
1786/11/03 23:00:00  2.35 0.00   NA 25.8 23.5 24.2 1017.0 1017.0   NA  6.7  24.0 -162.2     NA 25.4 
1786/11/04 23:00:00  1.86 0.00   NA 26.1 23.0 24.6     NA 1016.5   NA  6.9  23.6 -163.7     NA 25.9 
1786/11/05 23:00:00  0.77 0.00   NA 26.1 22.5 24.6 1018.5 1016.5   NA  6.9  23.6 -164.3     NA 25.8 
1786/11/06 23:00:00  1.48 0.00   NA 26.2 22.5 24.6 1017.0 1016.5   NA  6.9  23.7 -165.6     NA 25.9 
1786/11/07 02:00:00  0.00 0.00   NA 26.1 22.5 24.6 1015.2 1016.5   NA  7.0  23.7 -165.6     NA 25.8 
1786/11/07 23:00:00  0.77 0.00   NA 26.2 22.5 24.6     NA 1016.5   NA  7.0  23.7 -166.1     NA 26.2 
1786/11/08 02:00:00  -nan 0.00   NA 26.1 22.5 24.5 1013.5 1016.5   NA  7.0  23.7 -166.1     NA 26.1 
1786/11/08 23:00:00  2.11 0.00   NA 26.4 21.5 24.8 1013.4 1016.0   NA  7.2  22.9 -167.4     NA 26.6 
1786/11/09 02:00:00  0.00 0.00   NA 26.3 21.5 24.8 1011.9 1016.1   NA  7.2  22.9 -167.4     NA 26.5 
1786/11/09 23:00:00  3.61 0.00   NA 26.7 20.0 25.1     NA 1015.6   NA  7.4  21.6 -169.7     NA 26.7 
1786/11/10 02:00:00  0.00 0.00   NA 26.7 20.0 25.0 1013.3 1015.6   NA  7.4  21.6 -169.7     NA 26.6 
1786/11/10 23:00:00  3.01 0.00   NA 26.8 20.5 25.2 1016.8 1015.6   NA  7.4  21.2 -171.9     NA 26.7 
1786/11/11 02:00:00  0.00 0.00   NA 26.8 20.5 25.1 1013.3 1015.6   NA  7.4  21.2 -171.9     NA 26.7 
1786/11/12 00:00:00  1.56 0.00   NA 26.9 20.5 25.2 1015.1 1015.6   NA  7.4  21.2 -173.1     NA 26.9 
1786/11/13 03:00:00  0.00 0.00   NA 26.8 20.5 25.2 1011.8 1015.6   NA  7.5  21.2 -173.1     NA 26.9 
1786/11/13 00:00:00    NA 0.00   NA 26.8 21.0 25.2 1011.8 1015.6   NA  7.5  21.3 -173.7     NA 26.9 
1786/11/14 03:00:00  0.00 0.00   NA 26.8 21.0 25.1 1008.3 1015.6   NA  7.5  21.3 -173.7     NA 26.9 
1786/11/14 00:00:00    NA 0.00   NA 26.8 22.0 25.2 1010.1 1015.6   NA  7.5  21.2 -174.3     NA 27.0 
1786/11/15 03:00:00  0.00 0.00   NA 26.8 22.0 25.1 1010.1 1015.6   NA  7.5  21.2 -174.3     NA 26.9 
1786/11/15 00:00:00    NA 0.00   NA 26.9 21.5 25.4 1013.3 1015.2   NA  7.6  20.9 -174.7     NA 26.8 
1786/11/16 03:00:00  0.00 0.00   NA 26.9 21.5 25.3 1013.3 1015.2   NA  7.6  20.9 -174.7     NA 26.7 
1786/11/16 00:00:00    NA 0.00   NA 26.9 22.0 25.3 1016.8 1015.2   NA  7.6  20.6 -175.1     NA 26.6 
1786/11/17 00:00:00  2.63 0.00   NA 26.9 21.5 25.1 1018.3 1015.2   NA  7.7  20.3 -177.3     NA 26.3 
1786/11/18 03:00:00  0.00 0.00   NA 26.9 21.5 25.1 1016.8 1015.2   NA  7.7  20.3 -177.3     NA 26.2 
1786/11/18 00:00:00    NA 0.00   NA 27.0 21.5 25.1     NA 1015.1   NA  7.7  20.1 -179.2     NA 26.1 
1786/11/19 03:00:00  0.00 0.00   NA 26.9 21.5 25.1 1015.0 1015.2   NA  7.7  20.1 -179.2     NA 26.1 
1786/11/18 00:00:00    NA 0.00   NA 27.2 21.5 25.3 1016.7 1014.7   NA  7.9  19.9  179.8     NA 26.4 
1786/11/19 00:00:00  1.12 0.00   NA 27.2 23.0 25.3     NA 1014.7   NA  7.9  19.5  179.0     NA 26.3 
1786/11/19 03:00:00  0.00 0.00   NA 27.2 23.0 25.3 1013.2 1014.7   NA  7.9  19.5  179.0     NA 26.3 
1786/11/20 00:00:00  1.44 0.00   NA 27.3 23.0 25.3     NA 1014.7   NA  7.9  19.6  178.0     NA 26.6 
1786/11/21 00:00:00  1.17 0.00   NA 27.0 23.5 25.2     NA 1015.2   NA  7.7  20.1  177.2     NA 26.2 
1786/11/22 00:00:00  0.90 0.00   NA 27.1 23.0 25.1 1015.0 1015.2   NA  7.7  20.2  176.4     NA 26.4 
1786/11/23 00:00:00  1.47 0.00   NA 27.3 22.0 25.4 1016.7 1014.7   NA  7.8  19.5  175.4     NA 26.7 
1786/11/23 03:00:00  0.00 0.00   NA 27.3 22.0 25.4 1016.7 1014.7   NA  7.8  19.5  175.4     NA 26.7 
1786/11/24 00:00:00  1.00 0.00   NA 27.3 23.0 25.5 1015.0 1014.7   NA  7.8  19.8  174.8     NA 26.8 
1786/11/24 03:00:00  0.00 0.00   NA 27.3 23.0 25.5 1011.7 1014.7   NA  7.8  19.8  174.8     NA 26.8 
1786/11/25 00:00:00  1.76 0.00   NA 27.1 24.0 25.2 1011.8 1015.2   NA  7.7  20.7  174.0     NA 26.3 
1786/11/25 03:00:00  0.00 0.00   NA 27.1 24.0 25.2 1010.0 1015.2   NA  7.7  20.7  174.0     NA 26.3 
1786/11/26 00:00:00  1.44 0.00   NA 27.1 23.0 25.3 1016.8 1015.2   NA  7.6  20.5  173.0     NA 26.2 
1786/11/26 03:00:00  0.00 0.00   NA 27.1 23.0 25.3 1015.0 1015.2   NA  7.6  20.5  173.0     NA 26.2 
1786/11/27 01:00:00  2.00 0.00   NA 27.1 22.5 25.3 1020.0 1015.2   NA  7.6  20.7  171.4     NA 26.4 
1786/11/27 04:00:00  0.00 0.00   NA 27.1 22.5 25.3 1018.3 1015.2   NA  7.6  20.7  171.4     NA 26.4 
1786/11/28 01:00:00  2.24 0.00   NA 27.2 22.0 25.5     NA 1015.2   NA  7.5  20.3  169.9     NA 26.9 
1786/11/29 01:00:00  1.89 0.00   NA 27.1 21.5 25.6 1020.0 1015.2   NA  7.5  20.7  168.3     NA 26.9 
1786/11/29 04:00:00  0.00 0.00   NA 27.1 21.5 25.6 1016.8 1015.2   NA  7.5  20.7  168.3     NA 26.9 
1786/11/30 01:00:00  2.05 0.00   NA 27.2 22.0 25.6 1018.3 1015.2   NA  7.4  20.5  166.9     NA 26.9 
1786/11/30 04:00:00  0.00 0.00   NA 27.2 22.0 25.6 1015.0 1015.2   NA  7.4  20.5  166.9     NA 26.9 
1786/12/01 01:00:00  1.05 0.00   NA 27.2 23.0 25.5 1016.8 1015.2   NA  7.4  20.9  166.2     NA 26.9 
1786/12/01 04:00:00  0.00 0.00   NA 27.2 23.0 25.5 1013.3 1015.2   NA  7.4  20.9  166.2     NA 26.9 
1786/12/02 01:00:00  1.37 0.00   NA 27.0 24.0 25.2 1015.1 1015.6   NA  7.2  21.6  165.6     NA 26.6 
1786/12/02 04:00:00  0.00 0.00   NA 27.0 24.0 25.2 1011.8 1015.6   NA  7.2  21.6  165.6     NA 26.6 
1786/12/03 01:00:00  1.40 0.00   NA 27.1 23.5 25.4     NA 1015.3   NA  7.3  20.8  165.2     NA 26.7 
1786/12/03 04:00:00  0.00 0.00   NA 27.1 23.5 25.4 1013.3 1015.3   NA  7.3  20.8  165.2     NA 26.7 
1786/12/04 01:00:00  2.41 0.00   NA 27.1 21.5 25.5 1021.8 1015.2   NA  7.2  20.8  163.4     NA 26.8 
1786/12/04 04:00:00  0.00 0.00   NA 27.1 21.5 25.5 1018.3 1015.2   NA  7.2  20.8  163.4     NA 26.8 
1786/12/05 01:00:00  2.92 0.00   NA 26.9 21.0 25.4     NA 1015.5   NA  7.0  21.1  161.3     NA 26.5 
1786/12/05 04:00:00  0.00 0.00   NA 26.9 21.0 25.4 1016.8 1015.5   NA  7.0  21.1  161.3     NA 26.5 
1786/12/06 01:00:00  2.59 0.00   NA 27.0 22.5 25.3 1016.8 1015.4   NA  6.9  21.1  159.4     NA 26.2 
1786/12/06 04:00:00  0.00 0.00   NA 27.0 22.5 25.3 1013.3 1015.4   NA  6.9  21.1  159.4     NA 26.2 
1786/12/07 01:00:00  0.91 0.00   NA 27.1 23.0 25.3     NA 1015.3   NA  6.9  21.4  158.9     NA 26.5 
1786/12/07 04:00:00  0.00 0.00   NA 27.1 23.0 25.3 1015.1 1015.3   NA  6.9  21.4  158.9     NA 26.5 
1786/12/08 01:00:00  1.70 0.00   NA 27.1 22.5 25.3 1018.3 1015.2   NA  6.8  21.4  157.7     NA 26.5 
1786/12/08 04:00:00  0.00 0.00   NA 27.1 22.5 25.3 1016.8 1015.2   NA  6.8  21.4  157.7     NA 26.5 
1786/12/09 02:00:00  3.10 0.00   NA 27.6 21.0 25.8 1020.0 1014.7   NA  7.0  20.9  155.3     NA 26.8 
1786/12/09 05:00:00  0.00 0.00   NA 27.6 21.0 25.8 1018.3 1014.7   NA  7.0  20.9  155.3     NA 26.8 
1786/12/10 02:00:00  2.69 0.00   NA 27.1 21.5 25.5     NA 1014.9   NA  6.8  21.0  153.4     NA 26.8 
1786/12/11 02:00:00  2.19 0.00   NA 27.4 22.5 25.8     NA 1014.5   NA  7.0  20.9  151.6     NA 27.7 
1786/12/11 05:00:00  0.00 0.00   NA 27.4 22.5 25.8 1016.8 1014.5   NA  7.0  20.9  151.6     NA 27.7 
1786/12/12 02:00:00  2.70 0.00   NA 27.2 23.5 26.0 1018.3 1014.4   NA  7.1  20.6  149.6     NA 27.2 
1786/12/13 02:00:00  1.48 0.00   NA 27.2 24.5 25.9 1020.0 1014.4   NA  7.2  20.4  148.4     NA 26.9 
1786/12/14 02:00:00  1.75 0.00   NA 27.3 23.5 25.8 1018.3 1014.4   NA  7.4  20.3  147.0     NA 26.6 
1786/12/14 05:00:00  0.00 0.00   NA 27.3 23.5 25.8 1015.0 1014.4   NA  7.4  20.3  147.0     NA 26.6 
1786/12/15 02:00:00  0.90 0.00   NA 27.6 23.5 26.2     NA 1014.0   NA  7.5  19.7  146.7     NA 27.2 
1786/12/16 02:00:00  1.70 0.00   NA 27.2 23.0 25.6 1016.7 1014.4   NA  7.5  20.1  145.3     NA 26.5 
1786/12/16 05:00:00  0.00 0.00   NA 27.2 23.0 25.6 1013.2 1014.4   NA  7.5  20.1  145.3     NA 26.5 
1786/12/17 02:00:00  1.63 0.00   NA 27.4 23.0 26.0     NA 1014.0   NA  7.6  19.9  144.2     NA 26.9 
1786/12/18 02:00:00  1.44 0.00   NA 27.0 24.0 25.2     NA 1014.7   NA  7.8  20.1  143.0     NA 26.2 
1786/12/18 05:00:00  0.00 0.00   NA 27.0 24.0 25.2 1015.0 1014.7   NA  7.8  20.1  143.0     NA 26.2 
1786/12/19 03:00:00  0.81 0.00   NA 27.3 23.5 25.7 1016.7 1014.2   NA  7.8  19.9  142.4     NA 26.8 
1786/12/19 06:00:00  0.00 0.00   NA 27.3 23.5 25.7 1013.2 1014.2   NA  7.8  19.9  142.4     NA 26.8 
1786/12/20 03:00:00  1.69 0.00   NA 27.3 21.5 25.5 1018.2 1014.3   NA  7.9  19.8  141.2     NA 26.6 
1786/12/20 06:00:00  0.00 0.00   NA 27.3 21.5 25.5 1015.0 1014.3   NA  7.9  19.8  141.2     NA 26.6 
1786/12/21 03:00:00  2.04 0.00   NA 27.2 21.0 25.3     NA 1014.5   NA  8.1  19.6  139.8     NA 26.3 
1786/12/21 06:00:00  0.00 0.00   NA 27.2 21.0 25.3 1016.7 1014.5   NA  8.1  19.6  139.8     NA 26.3 
1786/12/22 03:00:00  2.09 0.00   NA 26.5 21.5 24.5     NA 1015.1   NA  8.3  20.0  138.3     NA 25.4 
1786/12/23 03:00:00  1.94 0.00   NA 26.4 22.5 24.1 1020.0 1015.3   NA  8.6  20.2  136.7     NA 25.3 
1786/12/23 06:00:00  0.00 0.00   NA 26.4 22.5 24.1 1018.3 1015.3   NA  8.6  20.2  136.7     NA 25.3 
1786/12/24 03:00:00  4.11 0.00   NA 26.0 22.5 23.7     NA 1015.7   NA  9.0  20.7  133.8     NA 24.4 
1786/12/25 03:00:00  2.50 0.00   NA 25.7 22.0 23.6     NA 1016.0   NA  9.2  20.6  131.7     NA 24.8 
1786/12/26 03:00:00  3.49 0.00   NA 25.3 20.5 23.3 1025.0 1016.3   NA  9.4  20.3  128.8     NA 24.0 
1786/12/26 06:00:00  0.00 0.00   NA 25.3 20.5 23.3 1021.8 1016.3   NA  9.4  20.3  128.8     NA 24.0 
1786/12/27 04:00:00  3.13 0.00   NA 24.7 19.5 22.4     NA 1017.2   NA  9.1  21.2  126.7     NA 22.4 
1786/12/27 07:00:00  0.00 0.00   NA 24.7 19.5 22.4 1023.3 1017.2   NA  9.1  21.2  126.7     NA 22.4 
1786/12/28 04:00:00  2.66 0.00   NA 24.5 20.0 22.1 1021.8 1017.4   NA  9.2  21.2  124.7     NA 22.6 
1786/12/28 07:00:00  0.00 0.00   NA 24.5 20.0 22.1 1018.3 1017.4   NA  9.2  21.2  124.7     NA 22.6 
1786/12/29 04:00:00  1.51 0.00   NA 24.5 21.5 22.0 1020.1 1017.5   NA  9.3  21.2  123.6     NA 22.7 
1786/12/29 07:00:00  0.00 0.00   NA 24.5 21.5 22.0 1016.8 1017.5   NA  9.3  21.2  123.6     NA 22.7 
1786/12/30 04:00:00  2.26 0.00   NA 24.5 22.0 21.8 1018.3 1017.7   NA  8.5  21.3  122.0     NA 22.3 
1786/12/30 07:00:00  0.00 0.00   NA 24.5 22.0 21.8 1015.1 1017.7   NA  8.5  21.3  122.0     NA 22.3 
1786/12/31 04:00:00  3.86 0.00   NA 22.3 20.5 19.2 1020.1 1018.6   NA  6.6  22.0  119.3     NA 18.4 
1786/12/31 07:00:00  0.00 0.00   NA 22.3 20.5 19.2 1018.4 1018.6   NA  6.6  22.0  119.3     NA 18.4 
1787/01/01 04:00:00  3.73 0.00   NA 19.8 18.5 17.8 1203.5 1018.8   NA  6.8  22.3  116.6     NA 17.2 
1787/01/01 07:00:00  0.00 0.00   NA 19.8 18.5 17.8 1023.4 1018.8   NA  6.8  22.3  116.6     NA 17.2 
1787/01/02 04:00:00  1.72 0.00   NA 20.5 16.5 17.8 1025.1 1018.9   NA  5.4  22.2  115.3     NA 17.0 
1787/01/02 07:00:00  0.00 0.00   NA 20.5 16.5 17.8 1021.9 1018.9   NA  5.4  22.2  115.3     NA 17.0 
1787/01/03 04:00:00  1.19 0.00   NA 20.3 15.5 18.0     NA 1018.9   NA  4.2  22.4  114.5     NA 17.6 
1787/01/03 07:00:00  0.00 0.00   NA 20.3 15.5 18.0 1025.1 1018.9   NA  4.2  22.4  114.5     NA 17.6 
1787/01/04 04:00:00    NA   NA   NA   NA   NA   NA 1026.9     NA   NA   NA    NA     NA     NA   NA 
