1898/12/02 12:00:00 0.00 0.00 0.00
1898/12/23 12:00:00 0.00 0.00 0.00
1898/12/24 12:00:00 0.00 0.00 0.00
1898/12/25 12:00:00 0.00 0.00 0.00
1898/12/26 12:00:00 0.00 0.00 0.00
1898/12/27 12:00:00 0.00 0.00 0.00
1898/12/28 12:00:00 0.00 0.00 0.00
1898/12/29 12:00:00 0.00 0.01 0.00
1898/12/30 12:00:00 0.00 0.05 0.01
1898/12/31 12:00:00 0.00 0.19 0.03
1899/01/01 12:00:00 0.00 0.32 0.06
1899/01/02 12:00:00 0.00 0.32 0.06
1899/01/03 12:00:00 0.00 0.32 0.05
1899/01/04 12:00:00 0.00 0.31 0.05
1899/01/05 12:00:00 0.00 0.66 0.15
1899/01/06 12:00:00 0.00 0.31 0.04
1899/01/07 12:00:00 0.00 0.22 0.03
1899/01/08 12:00:00 0.00 0.22 0.02
1899/01/09 12:00:00 0.00 0.22 0.02
1899/01/10 12:00:00 0.00 0.21 0.02
1899/01/11 12:00:00 0.00 0.73 0.08
1899/01/12 12:00:00 0.00 0.91 0.20
1899/01/13 12:00:00 0.00 0.80 0.14
1899/01/14 12:00:00 0.00 0.72 0.11
1899/01/15 12:00:00 0.00 0.63 0.07
1899/01/16 12:00:00 0.00 0.61 0.06
1899/01/17 12:00:00 0.00 0.59 0.06
1899/01/18 12:00:00 0.00 0.57 0.06
1899/01/19 12:00:00 0.00 0.48 0.04
1899/01/20 12:00:00 0.00 0.77 0.13
1899/01/21 12:00:00 0.00 0.75 0.12
1899/01/22 12:00:00 0.00 0.73 0.12
1899/01/26 12:00:00 0.00 0.66 0.09
1899/01/27 12:00:00 0.00 0.63 0.09
1899/01/28 12:00:00 0.00 0.59 0.10
1899/01/29 12:00:00 0.00 0.58 0.09
1899/01/30 12:00:00 0.00 0.56 0.09
1899/01/31 12:00:00 0.00 0.54 0.08
1899/02/01 12:00:00 0.00 0.52 0.07
1899/02/02 12:00:00 0.00 0.50 0.07
1899/02/03 12:00:00 0.00 0.48 0.06
1899/02/06 12:00:00 0.00 0.37 0.07
1899/02/07 12:00:00 0.00 0.36 0.07
1899/02/08 12:00:00 0.00 0.35 0.06
1899/02/09 12:00:00 0.00 0.02 0.00
1899/02/10 12:00:00 0.00 0.01 0.00
1899/02/11 12:00:00 0.00 0.41 0.02
1899/02/12 12:00:00 0.00 0.01 0.00
1899/02/13 12:00:00 0.00 0.39 0.03
1899/02/14 12:00:00 0.00 0.04 0.01
1899/02/15 12:00:00 0.00 0.24 0.02
1899/02/16 12:00:00 0.00 0.64 0.06
1899/02/17 12:00:00 0.00 0.20 0.02
1900/02/04 12:00:00 0.00 0.81 0.32
1900/02/05 12:00:00 0.00 0.79 0.11
1900/02/06 12:00:00 0.00 0.91 0.22
1900/02/07 12:00:00 0.00 0.68 0.23
1900/02/10 12:00:00 0.00 0.57 0.12
1900/02/12 12:00:00   NA   NA   NA
1900/02/14 12:00:00 0.00 0.73 0.23
1900/02/16 12:00:00 0.00 0.91 0.27
1900/02/17 12:00:00 0.00 0.90 0.27
1900/02/18 12:00:00 0.00 0.90 0.27
1900/02/19 12:00:00 0.00 0.90 0.28
1900/02/20 12:00:00   NA   NA   NA
1900/02/21 12:00:00 0.02 0.65 0.42
1900/02/22 12:00:00 0.02 0.55 0.09
1900/02/23 12:00:00 0.00 0.17 0.07
1900/02/24 12:00:00 0.02 0.57 0.12
1900/02/25 12:00:00 0.00 0.30 0.06
1900/02/26 12:00:00 0.00 0.62 0.08
1900/02/27 12:00:00 0.00 0.33 0.05
1900/02/28 12:00:00 0.00 0.24 0.02
1900/03/01 12:00:00 0.00 0.07 0.02
1900/03/02 12:00:00 0.00 0.10 0.04
1900/03/03 12:00:00 0.00 0.08 0.01
1900/03/04 12:00:00 0.00 0.08 0.01
1900/03/05 12:00:00 0.00 0.05 0.01
1900/03/06 12:00:00 0.00 0.03 0.00
1900/03/07 12:00:00 0.00 0.05 0.00
1900/03/08 12:00:00 0.00 0.04 0.00
1900/03/09 12:00:00 0.00 0.00 0.00
1900/03/10 12:00:00 0.00 0.00 0.00
1900/03/11 12:00:00 0.00 0.00 0.00
1900/03/12 12:00:00 0.00 0.00 0.00
1900/03/13 12:00:00 0.00 0.00 0.00
1900/03/14 12:00:00 0.00 0.00 0.00
1900/03/15 12:00:00 0.00 0.00 0.00
1900/03/16 12:00:00 0.00 0.00 0.00
1900/03/17 12:00:00 0.00 0.00 0.00
1900/03/18 12:00:00 0.00 0.00 0.00
1900/03/19 12:00:00 0.00 0.00 0.00
1900/03/20 12:00:00 0.00 0.00 0.00
