1898/12/23 12:00:00  0.13 0.00  9.4  9.3  8.3  8.2 1011.2 1006.5   NA  9.3 -49.8  150.1     NA  9.9 
1898/12/24 12:00:00  3.03 0.00  8.3  8.4  7.8  8.0 1000.3 1004.4   NA  9.5 -51.8  152.0     NA  8.4 
1898/12/25 12:00:00  3.00 0.00  7.8  7.1  7.2  6.6 1008.6 1002.1   NA  9.6 -53.2  155.0     NA  6.9 
1898/12/26 12:00:00  0.81 0.00  7.8  7.2  5.0  6.6 1010.1 1002.1   NA  9.6 -53.4  156.0     NA  7.1 
1898/12/27 12:00:00  2.51 0.00  6.7  5.7  6.7  5.3  998.5  999.9   NA  9.4 -55.4  156.1     NA  5.6 
1898/12/28 12:00:00  4.18 0.00  5.0  3.4  4.4  3.2  991.7  996.9   NA  9.0 -58.5  158.0     NA  4.0 
1898/12/29 12:00:00  2.51 0.00  2.8  2.1  1.7  2.6  978.7  995.2   NA  8.5 -60.4  158.1     NA  0.0 
1898/12/30 12:00:00  1.97 0.00  0.6  1.6  1.7  2.1  990.4  994.7   NA  8.1 -61.9  158.1     NA  0.0 
1898/12/31 12:00:00  1.12 0.06 -1.1  1.1  0.0  1.4  990.2  994.2   NA  7.6 -62.7  159.0     NA  0.0 
1899/01/01 12:00:00  1.37 0.07 -1.1  0.7 -2.2  1.1 1000.9  993.7   NA  7.2 -63.6  160.1     NA  0.0 
1899/01/02 12:00:00  0.08 0.07 -1.1  0.8 -1.1  1.1 1006.7  993.8   NA  7.2 -63.7  160.0     NA  0.0 
1899/01/03 12:00:00  0.02 0.06 -1.1  0.9  0.0  1.1 1001.1  994.0   NA  7.1 -63.7  160.1     NA  0.0 
1899/01/04 12:00:00  0.10 0.05 -1.1  0.9 -1.1  1.1 1005.0  994.1   NA  7.1 -63.8  160.1     NA  0.0 
1899/01/05 12:00:00  0.49 0.07 -1.1  0.4 -1.1  0.8 1004.8  993.6   NA  6.7 -64.1  160.1     NA  0.0 
1899/01/06 12:00:00  0.72 0.04 -1.1  1.0 -0.6  1.2  996.1  994.3   NA  7.1 -63.6  160.1     NA  0.0 
1899/01/07 12:00:00  0.61 0.03 -1.1  1.0 -1.1  1.4  993.3  994.4   NA  7.1 -63.7  161.1     NA  0.0 
1899/01/08 12:00:00  0.00 0.03 -1.1  1.0 -1.1  1.5 1002.3  994.5   NA  7.1 -63.7  161.1     NA  0.0 
1899/01/09 12:00:00  0.00 0.02 -1.1  1.1  0.0  1.5 1006.6  994.6   NA  7.1 -63.7  161.1     NA  0.0 
1899/01/10 12:00:00  0.30 0.01 -1.1  1.1  0.6  1.5  993.7  994.6   NA  7.1 -64.0  161.1     NA  0.0 
1899/01/11 12:00:00  1.06 0.01 -1.1  0.5  0.6  1.2  993.4  994.1   NA  6.7 -64.8  161.1     NA  0.0 
1899/01/12 12:00:00  0.36 0.23  0.0  0.1  0.6  0.8 1004.9  993.9   NA  6.4 -65.0  161.1     NA  0.0 
1899/01/13 12:00:00  1.18 0.21 -0.6  0.3 -1.1  0.9  991.6  993.9   NA  6.4 -65.9  162.1     NA  0.0 
1899/01/14 12:00:00  0.52 0.20 -1.1  0.3 -0.6  0.8 1006.3  993.8   NA  6.5 -65.8  163.0     NA  0.0 
1899/01/15 12:00:00  0.60 0.18 -1.1  0.4  0.0  0.8 1011.9  993.8   NA  6.6 -65.9  164.1     NA  0.0 
1899/01/16 12:00:00  0.26 0.17 -1.7  0.4 -0.6  0.7 1003.8  993.7   NA  6.6 -65.7  164.2     NA  0.0 
1899/01/17 12:00:00  0.00 0.17 -1.1  0.4 -0.6  0.7  993.6  993.7   NA  6.6 -65.7  164.2     NA  0.0 
1899/01/18 12:00:00  0.00 0.16 -1.1  0.4 -0.6  0.7  985.4  993.7   NA  6.7 -65.7  164.2     NA  0.0 
1899/01/19 12:00:00  0.49 0.15 -1.1  0.5 -2.8  0.6 1008.3  993.6   NA  6.8 -65.7  165.1     NA  0.0 
1899/01/20 12:00:00  0.70 0.20 -1.1  0.1 -3.3  0.1 1006.9  993.1   NA  6.6 -66.1  166.1     NA  0.0 
1899/01/21 12:00:00  0.26 0.19 -1.7  0.2 -1.1  0.1 1001.3  993.0   NA  6.6 -66.3  166.1     NA  0.0 
1899/01/22 12:00:00  0.03 0.18 -1.7  0.2 -1.1  0.0  996.7  992.9   NA  6.7 -66.3  166.0     NA  0.0 
1899/01/26 12:00:00  0.10 0.15 -1.1  0.2 -1.1 -0.2 1007.0  992.3   NA  6.9 -66.6  166.1     NA  0.0 
1899/01/27 12:00:00  0.03 0.14 -1.7  0.2 -1.7 -0.3 1001.0  992.2   NA  7.0 -66.6  166.1     NA  0.0 
1899/01/28 12:00:00  0.54 0.15 -1.7  0.2 -1.7 -0.3 1000.4  992.1   NA  7.0 -66.6  165.1     NA  0.0 
1899/01/29 12:00:00  0.22 0.14 -1.7  0.2 -2.8 -0.4 1005.3  991.9   NA  7.0 -66.8  165.1     NA  0.0 
1899/01/30 12:00:00  0.02 0.13 -1.7  0.2 -3.9 -0.5 1008.6  991.7   NA  7.1 -66.8  165.0     NA  0.0 
1899/01/31 12:00:00  0.03 0.12 -1.7  0.2 -3.3 -0.6 1004.6  991.5   NA  7.2 -66.8  165.0     NA  0.0 
1899/02/01 12:00:00  0.12 0.11 -1.7  0.2 -3.3 -0.7  995.2  991.4   NA  7.2 -66.7  165.1     NA  0.0 
1899/02/02 12:00:00  0.08 0.10 -1.7  0.3 -2.2 -0.7  996.6  991.2   NA  7.3 -66.6  165.1     NA  0.0 
1899/02/03 12:00:00  0.00 0.09 -1.7  0.3 -1.7 -0.8  993.9  991.0   NA  7.4 -66.6  165.1     NA  0.0 
1899/02/06 12:00:00  0.17 0.07 -1.7  0.1 -2.8 -1.1  987.5  990.5   NA  7.5 -66.6  164.1     NA  0.0 
1899/02/07 12:00:00  0.37 0.06 -1.7  0.1 -2.8 -1.1  998.7  990.3   NA  7.6 -66.3  164.1     NA  0.0 
1899/02/08 12:00:00  0.27 0.05 -1.7  0.1 -2.8 -1.2 1000.2  990.1   NA  7.6 -66.1  164.1     NA  0.0 
1899/02/09 12:00:00  0.65 0.03 -1.7  0.9  0.0 -0.3  983.9  990.5   NA  7.9 -65.9  165.1     NA  0.0 
1899/02/10 12:00:00  0.41 0.02 -1.7  1.0 -0.6 -0.3 1001.4  990.3   NA  8.0 -65.5  165.1     NA  0.0 
1899/02/11 12:00:00  2.23 0.02 -1.1  0.5 -1.7 -0.8 1000.3  989.9   NA  8.0 -66.0  169.1     NA  0.0 
1899/02/12 12:00:00  2.43 0.00 -0.6  1.0 -0.6 -0.8  976.7  990.6   NA  8.4 -65.1  173.1     NA  0.0 
1899/02/13 12:00:00  2.77 0.01 -1.1  0.4 -0.6 -2.1  973.3  989.3   NA  8.0 -67.2  173.1     NA  0.0 
1899/02/14 12:00:00  2.57 0.18 -1.1 -0.3 -1.1 -3.6  987.0  988.0   NA  7.9 -69.2  173.0     NA  0.0 
1899/02/15 12:00:00  1.97 0.18 -1.1 -0.5 -2.2 -4.5  990.3  987.6   NA  7.8 -70.7  172.1     NA  0.0 
1899/02/16 12:00:00  0.53 0.17 -1.7 -0.5 -2.8 -5.3  992.5  987.5   NA  7.0 -71.1  172.0     NA  0.0 
1899/02/17 12:00:00  0.56 0.17 -1.1 -0.5 -2.8 -4.7  987.0  987.3   NA  7.6 -70.8  171.1     NA  0.0 
1900/02/04 12:00:00  0.01 0.00 -1.1 -0.2 -2.8 -6.2  984.6  989.5   NA  4.8 -73.5  170.1     NA  0.0 
1900/02/05 12:00:00  0.58 0.01 -1.1 -0.3 -1.7 -6.1  990.3  989.2   NA  5.4 -73.8  171.1     NA  0.0 
1900/02/06 12:00:00  1.41 0.01 -0.6 -0.2 -1.1 -8.2  988.6  989.5   NA  4.2 -74.5  168.0     NA  0.0 
1900/02/07 12:00:00  0.71 0.02 -1.7 -0.2 -1.7 -9.0  988.8  989.5   NA  3.1 -74.7  166.1     NA  0.0 
1900/02/10 12:00:00  1.12 0.04 -1.1 -0.2 -4.4 -11.5  983.5  989.5   NA  3.5 -77.3  168.0     NA  0.0 
1900/02/12 12:00:00  0.51 0.04 -2.2 -0.2 -13.3 -12.1  991.8  989.5   NA  2.9 -78.1  168.0     NA  0.0 
1900/02/14 12:00:00  1.36 0.03 -1.7 -0.3 -7.8 -9.4  996.7  987.7   NA  6.8 -77.9  178.2     NA  0.0 
1900/02/16 12:00:00  1.90 0.03 -1.7 -0.3 -10.0 -10.9  983.0  989.3   NA  1.9 -78.6  164.0     NA  0.0 
1900/02/17 12:00:00  0.00 0.02 -2.2 -0.3 -13.3 -11.1  978.0  989.2   NA  1.9 -78.6  164.0     NA  0.0 
1900/02/18 12:00:00  0.00 0.02 -1.7 -0.3 -17.2 -11.1  982.4  989.1   NA  1.9 -78.6  164.0     NA  0.0 
1900/02/19 12:00:00  0.00 0.01 -2.2 -0.4 -16.7 -11.1  988.5  989.0   NA  1.9 -78.6  164.0     NA  0.0 
1900/02/20 12:00:00  1.20 0.00 -1.7 -0.3 -2.8 -12.5  989.5  988.6   NA  3.1 -78.1  168.1     NA  0.0 
1900/02/21 12:00:00  2.41 0.00 -1.7 -0.5 -5.6 -11.1  991.1  987.1   NA  7.0 -77.4  176.1     NA  0.0 
1900/02/22 12:00:00  1.70 0.00 -1.7 -0.4 -7.2 -11.2  987.5  987.0   NA  7.1 -76.1  174.0     NA  0.0 
1900/02/23 12:00:00  1.17 0.00 -1.7 -0.3 -7.2 -10.6  978.4  987.0   NA  6.5 -75.6  171.1     NA  0.0 
1900/02/24 12:00:00  1.17 0.00 -1.7 -0.5 -8.9 -11.0  976.9  986.8   NA  7.2 -76.1  174.0     NA  0.0 
1900/02/25 12:00:00  2.02 0.00 -1.7 -0.3 -6.7 -8.4  971.0  986.4   NA  7.3 -74.5  174.0     NA  0.0 
1900/02/26 12:00:00  3.82 0.09 -1.1 -0.5 -5.6 -4.9  969.3  986.4   NA  8.4 -71.6  174.0     NA  0.0 
1900/02/27 12:00:00  1.30 0.08 -1.7 -0.5 -3.3 -4.1  963.9  986.3   NA  8.6 -70.6  174.0     NA  0.0 
1900/02/28 12:00:00  1.55 0.07 -1.1 -0.3 -3.9 -3.2  975.4  986.6   NA  8.4 -69.4  174.1     NA  0.0 
1900/03/01 12:00:00  1.57 0.00 -0.6 -0.1 -1.1 -2.2  974.5  987.2   NA  8.4 -68.2  175.1     NA  0.0 
1900/03/02 12:00:00  1.36 0.00  0.0  0.2  0.0 -1.7  971.6  987.8   NA  8.6 -67.2  174.0     NA  0.0 
1900/03/03 12:00:00  2.59 0.00  0.6  0.8 -0.6 -0.2  992.7  989.0   NA  8.9 -65.6  171.1     NA  0.0 
1900/03/04 12:00:00  1.80 0.01  1.1  1.2  1.1 -0.1  989.5  989.9   NA  9.2 -64.5  169.1     NA  0.0 
1900/03/05 12:00:00  2.62 0.00  1.7  1.5  2.2  0.6  996.3  990.8   NA  9.4 -63.5  165.0     NA  0.0 
1900/03/06 12:00:00  1.17 0.00  2.2  2.3  3.3  1.3  995.4  992.2   NA  9.8 -62.7  166.0     NA  0.0 
1900/03/07 12:00:00  1.17 0.00  2.2  1.9  2.8  1.2  975.1  991.9   NA  9.8 -62.5  164.1     NA  0.0 
1900/03/08 12:00:00  0.67 0.00  2.8  2.1  2.2  1.2  977.7  992.0   NA  9.8 -62.3  165.1     NA  0.0 
1900/03/09 12:00:00  1.69 0.00  3.3  3.2  2.2  2.3  984.2  993.5   NA 10.3 -61.4  167.1     NA  0.0 
1900/03/10 12:00:00  1.92 0.00  3.9  4.8  2.8  3.5  998.3  996.3   NA 11.0 -60.0  166.1     NA  0.0 
1900/03/11 12:00:00  2.21 0.00  5.0  5.4  5.6  4.1 1007.0  997.9   NA 11.2 -58.3  165.1     NA  5.0 
1900/03/12 12:00:00  2.15 0.00  5.0  5.5  5.0  4.5 1003.9  999.1   NA 11.3 -57.1  163.1     NA  5.5 
1900/03/13 12:00:00  1.41 0.00  5.0  5.1  4.4  4.2 1003.1  998.6   NA 11.2 -57.2  161.1     NA  5.0 
1900/03/14 12:00:00  2.26 0.00  5.6  6.9  6.7  6.1  997.7 1002.6   NA 11.3 -55.9  163.1     NA  6.6 
1900/03/15 12:00:00  1.31 0.00  7.2  7.1  8.3  6.5  983.9 1002.9   NA 11.3 -55.1  164.1     NA  6.8 
1900/03/16 12:00:00  1.25 0.00  8.3  8.0  7.2  7.9  992.5 1004.6   NA 11.3 -54.3  165.1     NA  7.6 
1900/03/17 12:00:00  1.56 0.00  8.9  8.9  8.3  9.0  997.9 1006.1   NA 11.0 -53.2  166.1     NA  8.1 
1900/03/18 12:00:00  1.12 0.00  9.4  9.5  9.4  9.5  988.1 1007.6   NA 10.6 -52.6  167.1     NA  8.7 
1900/03/19 12:00:00  1.44 0.00  9.4 10.1  9.4  9.6 1002.2 1009.0   NA 10.3 -51.5  167.0     NA  9.5 
1900/03/20 12:00:00  1.13 0.00  9.4 10.5 10.0  9.8 1011.3 1010.4   NA 10.0 -50.9  166.1     NA 10.3 
