1785/08/04 13:00:00  1.98 0.00   NA 18.5 17.5 17.8 1005.8 1018.6   NA  5.9  45.6   -9.0     NA 18.9 
1785/08/05 13:00:00  1.75 0.00   NA 18.6 18.1 18.0 1022.5 1018.6   NA  6.1  44.2   -9.5     NA 19.4 
1785/08/06 13:00:00  1.30 0.00   NA 18.7 18.7 18.2 1022.4 1018.7   NA  6.3  43.4  -10.3     NA 20.0 
1785/08/07 13:00:00  2.98 0.00   NA 19.5 18.7 18.9 1022.2 1018.8   NA  6.4  41.3  -11.7     NA 20.4 
1785/08/08 13:00:00  3.44 0.00   NA 20.9 18.7 20.1 1017.2 1019.2   NA  6.2  39.0  -13.4     NA 21.9 
1785/08/09 13:00:00  2.77 0.00   NA 21.4 19.4 20.5 1022.3 1018.8   NA  6.4  36.9  -13.9     NA 22.4 
1785/08/10 13:00:00  2.87 0.00   NA 21.9 20.6 21.1 1018.6 1018.8   NA  6.4  34.7  -14.4     NA 22.7 
1785/08/11 13:00:00  2.18 0.00   NA 21.9 21.2 21.2 1017.5 1018.3   NA  6.5  33.0  -14.9     NA 22.9 
1785/08/12 13:00:00  1.51 0.00   NA 22.4 21.2 21.7 1017.5 1018.7   NA  5.4  33.0  -16.3     NA 23.6 
1785/08/13 13:00:00  0.82 0.00   NA 22.7 22.5 21.9 1021.5 1019.0   NA  5.1  33.0  -17.0     NA 24.0 
1785/08/14 13:00:00  0.20 0.00   NA 22.7   NA 21.9     NA 1019.0   NA  5.1  32.8  -17.0     NA 24.0 
1785/08/15 13:00:00  0.21 0.00   NA 22.5   NA 21.7     NA 1018.6   NA  5.3  32.7  -16.9     NA 23.6 
1785/08/16 13:00:00  0.20 0.00   NA 22.5   NA 21.8     NA 1018.6   NA  5.3  32.5  -16.9     NA 23.6 
1785/08/17 13:00:00  1.36 0.00   NA 22.5   NA 21.8     NA 1018.2   NA  6.0  31.5  -16.8     NA 23.6 
1785/08/18 13:00:00  1.72 0.00   NA 22.5   NA 21.9     NA 1017.8   NA  6.2  30.3  -16.0     NA 23.6 
1785/08/19 13:00:00  2.35 0.00   NA 22.6 22.5 22.1 1025.3 1016.7   NA  5.7  28.5  -16.5     NA 23.5 
1785/08/20 13:00:00  0.04 0.00   NA 22.6   NA 22.1     NA 1016.7   NA  5.7  28.5  -16.5     NA 23.6 
1785/08/21 13:00:00  0.04 0.00   NA 22.6   NA 22.1     NA 1016.8   NA  5.6  28.5  -16.5     NA 23.6 
1785/08/22 13:00:00  0.05 0.00   NA 22.6   NA 22.1     NA 1016.8   NA  5.6  28.5  -16.4     NA 23.6 
1785/08/23 13:00:00  0.04 0.00   NA 22.7   NA 22.1     NA 1016.8   NA  5.6  28.5  -16.4     NA 23.6 
1785/08/24 13:00:00  0.04 0.00   NA 22.7   NA 22.2     NA 1016.8   NA  5.5  28.4  -16.4     NA 23.6 
1785/08/25 13:00:00  0.04 0.00   NA 22.7   NA 22.2     NA 1016.9   NA  5.5  28.4  -16.3     NA 23.6 
1785/08/26 13:00:00  0.04 0.00   NA 22.7   NA 22.2     NA 1016.9   NA  5.5  28.4  -16.3     NA 23.7 
1785/08/27 13:00:00  0.04 0.00   NA 22.8   NA 22.2     NA 1016.9   NA  5.4  28.4  -16.3     NA 23.7 
1785/08/28 13:00:00  0.05 0.00   NA 22.8   NA 22.2     NA 1016.9   NA  5.4  28.4  -16.2     NA 23.7 
1785/08/29 13:00:00  0.04 0.00   NA 22.8   NA 22.2     NA 1017.0   NA  5.4  28.4  -16.2     NA 23.7 
1785/08/30 13:00:00  0.04 0.00   NA 22.8   NA 22.3     NA 1017.0   NA  5.3  28.4  -16.2     NA 23.7 
1785/08/31 13:00:00  1.52 0.00   NA 22.7 23.7 22.3 1019.2 1016.5   NA  6.1  27.2  -16.4     NA 24.0 
1785/09/01 13:00:00  2.07 0.00   NA 22.1 22.5 21.9 1017.9 1015.5   NA  7.7  25.6  -16.8     NA 23.6 
1785/09/02 13:00:00  2.17 0.00   NA 21.1 22.8 21.5 1017.8 1014.6   NA  8.1  23.9  -16.8     NA 22.8 
1785/09/03 13:00:00  2.73 0.00   NA 22.8 23.7 22.5 1017.6 1014.8   NA  8.0  22.2  -18.2     NA 24.3 
1785/09/04 13:00:00  1.30 0.00   NA 23.1 23.7 22.9 1020.6 1014.4   NA  7.8  21.3  -18.6     NA 24.5 
1785/09/05 13:00:00  2.52 0.00   NA 25.5 25.0 24.5 1017.5 1014.0   NA  6.7  19.4  -19.3     NA 25.7 
1785/09/06 13:00:00  2.43 0.00   NA 26.9 25.0 25.9 1016.4 1013.6   NA  5.2  17.6  -19.6     NA 26.8 
1785/09/07 13:00:00  1.68 0.00   NA 27.4 25.3 26.4 1016.3 1013.4   NA  4.6  16.3  -19.7     NA 27.3 
1785/09/08 13:00:00  1.28 0.00   NA 27.6 27.5 26.8 1015.0 1013.2   NA  4.2  15.3  -19.7     NA 27.8 
1785/09/09 13:00:00  0.42 0.00   NA 27.7 27.5 26.9 1014.5 1013.2   NA  4.1  15.0  -19.8     NA 27.9 
1785/09/10 13:00:00  0.99 0.00   NA 27.7 28.1 26.9 1014.4 1013.2   NA  4.1  14.2  -19.8     NA 27.9 
1785/09/11 13:00:00  0.39 0.00   NA 27.6 26.2 26.8 1014.9 1013.3   NA  4.0  14.0  -20.0     NA 27.7 
1785/09/12 13:00:00  1.09 0.00   NA 27.6 26.0 26.8 1016.1 1013.3   NA  4.0  13.1  -20.2     NA 27.7 
1785/09/13 13:00:00  1.25 0.00   NA 27.6 23.7 26.7 1017.1 1013.3   NA  4.0  12.2  -20.3     NA 27.6 
1785/09/14 13:00:00  1.44 0.00   NA 27.6 27.2 26.6 1015.3 1013.2   NA  3.9  11.0  -20.4     NA 27.5 
1785/09/15 13:00:00  0.85 0.00   NA 27.5 26.2 26.4 1014.3 1013.2   NA  4.0  10.4  -20.4     NA 27.5 
1785/09/16 13:00:00  1.69 0.00   NA 27.4 26.2 26.2 1015.5 1013.2   NA  4.3   9.2  -19.8     NA 26.9 
1785/09/17 13:00:00  1.17 0.00   NA 27.4 25.6 26.1 1015.0 1013.2   NA  4.5   8.5  -19.2     NA 26.8 
1785/09/18 13:00:00  1.38 0.00   NA 27.5 25.3 25.9 1014.0 1013.3   NA  4.9   7.6  -18.6     NA 26.8 
1785/09/19 13:00:00  0.74 0.00   NA 27.5 26.2 25.9 1015.9 1013.2   NA  4.8   7.0  -18.5     NA 26.8 
1785/09/20 13:00:00  1.20 0.00   NA 27.5 23.7 25.9 1015.2 1013.3   NA  5.0   6.1  -18.5     NA 26.7 
1785/09/21 13:00:00  1.05 0.00   NA 27.3 25.0 25.8 1015.7 1013.4   NA  5.1   5.4  -18.2     NA 26.7 
1785/09/22 13:00:00  1.31 0.00   NA 27.0 25.0 25.6 1016.9 1013.5   NA  5.3   4.7  -17.4     NA 26.5 
1785/09/23 13:00:00  1.40 0.00   NA 26.7 25.0 25.3 1017.1 1013.6   NA  5.5   3.7  -17.0     NA 26.3 
1785/09/24 13:00:00  1.24 0.00   NA 26.3 25.6 25.0 1017.6 1013.7   NA  5.6   2.9  -16.4     NA 25.9 
1785/09/25 13:00:00  1.21 0.00   NA 26.3 25.0 25.0 1017.4 1013.7   NA  5.6   2.4  -15.7     NA 26.2 
1785/09/26 13:00:00  1.36 0.00   NA 26.0 25.0 24.6 1017.4 1013.8   NA  5.6   1.7  -16.4     NA 25.6 
1785/09/27 13:00:00  0.94 0.00   NA 26.0 25.0 24.7 1016.9 1013.8   NA  5.6   1.3  -17.1     NA 25.6 
1785/09/28 13:00:00  1.18 0.00   NA 25.5 24.4 24.4 1015.1 1013.9   NA  5.6   0.8  -17.9     NA 25.3 
1785/09/29 13:00:00  1.36 0.00   NA 25.4 24.4 24.4 1015.1 1013.9   NA  5.7   0.2  -18.7     NA 25.4 
1785/09/30 13:00:00  1.49 0.00   NA 25.2 23.7 24.4 1016.9 1014.0   NA  5.9  -0.7  -19.4     NA 25.6 
1785/10/01 13:00:00  1.41 0.00   NA 25.2 23.7 24.3 1016.9 1014.2   NA  6.1  -1.7  -19.8     NA 25.7 
1785/10/02 13:00:00  1.75 0.00   NA 25.3 23.7 24.4 1017.6 1014.6   NA  6.7  -3.0  -20.3     NA 26.2 
1785/10/03 13:00:00  1.73 0.00   NA 25.2 23.7 24.3 1018.1 1014.7   NA  6.9  -4.3  -20.7     NA 26.1 
1785/10/04 13:00:00  1.83 0.00   NA 25.4 23.7 24.5 1018.4 1014.9   NA  7.2  -5.6  -21.2     NA 26.0 
1785/10/05 13:00:00  1.67 0.00   NA 25.3 23.7 24.5 1018.2 1015.1   NA  7.3  -6.8  -21.7     NA 26.0 
1785/10/06 13:00:00  1.70 0.00   NA 25.2 23.7 24.3 1017.5 1015.5   NA  7.5  -8.1  -22.1     NA 26.2 
1785/10/07 14:00:00  1.82 0.00   NA 25.1 24.4 24.1 1018.5 1015.7   NA  7.5  -9.5  -22.6     NA 26.0 
1785/10/08 14:00:00  2.00 0.00   NA 25.1 24.4 24.0 1021.1 1015.8   NA  7.5 -11.0  -23.1     NA 25.6 
1785/10/09 14:00:00  1.77 0.00   NA 24.6 23.1 23.6 1020.1 1016.3   NA  7.3 -12.2  -23.6     NA 25.2 
1785/10/10 14:00:00  1.55 0.00   NA 24.2 23.1 23.4 1018.7 1016.6   NA  7.1 -13.4  -24.0     NA 24.9 
1785/10/11 14:00:00  1.49 0.00   NA 24.3 22.5 23.6 1019.2 1016.7   NA  6.8 -14.5  -24.3     NA 24.4 
1785/10/12 14:00:00  1.72 0.00   NA 24.3 22.5 23.4 1022.0 1017.0   NA  6.6 -15.8  -24.7     NA 24.1 
1785/10/13 14:00:00  1.71 0.00   NA 24.1 21.5 23.1 1021.1 1017.4   NA  6.2 -17.1  -25.1     NA 24.0 
1785/10/14 14:00:00  2.22 0.00   NA 24.0 21.2 23.1 1022.4 1017.7   NA  6.0 -18.7  -25.7     NA 24.2 
1785/10/15 14:00:00  2.42 0.00   NA 23.9 21.9 23.1 1019.8 1018.0   NA  6.1 -20.4  -26.5     NA 23.8 
1785/10/16 14:00:00  2.07 0.00   NA 24.5 21.9 23.4 1018.3 1017.6   NA  6.1 -20.6  -28.2     NA 24.0 
1785/10/17 14:00:00  1.02 0.00   NA 24.5   NA 23.7     NA 1017.4   NA  6.1 -20.7  -29.1     NA 24.2 
1785/10/18 14:00:00  0.00 0.00   NA 24.5 18.1 23.7 1015.8 1017.3   NA  6.1 -20.7  -29.1     NA 24.2 
1785/10/19 14:00:00  2.28 0.00   NA 24.3 22.6 23.5 1016.8 1017.3   NA  6.1 -21.0  -30.9     NA 23.9 
1785/10/20 14:00:00  1.70 0.00   NA 24.4 21.2 23.8 1016.3 1016.6   NA  6.1 -20.6  -32.2     NA 24.8 
1785/10/21 14:00:00  0.94 0.00   NA 24.4 21.2 23.8 1015.3 1016.3   NA  6.2 -20.6  -33.0     NA 24.8 
1785/10/22 14:00:00  1.45 0.00   NA 24.3 21.2 23.7 1017.5 1016.0   NA  6.2 -20.5  -34.2     NA 24.9 
1785/10/23 14:00:00  1.60 0.00   NA 24.4 20.6 23.6 1022.0 1015.7   NA  6.3 -20.5  -35.5     NA 25.0 
1785/10/24 14:00:00  1.54 0.00   NA 24.0 20.0 23.3 1019.1 1015.6   NA  6.4 -21.4  -36.3     NA 24.6 
1785/10/25 15:00:00  2.93 0.00   NA 23.0 20.6 22.4 1010.2 1015.7   NA  6.6 -23.4  -37.7     NA 23.7 
1785/10/26 15:00:00  1.69 0.00   NA 22.6 20.6 22.0 1012.0 1015.6   NA  6.8 -24.2  -38.9     NA 23.3 
1785/10/27 15:00:00  1.44 0.00   NA 22.4 21.2 21.5 1009.3 1015.4   NA  6.9 -25.1  -39.7     NA 23.0 
1785/10/28 15:00:00  0.58 0.00   NA 23.0 21.2 22.2 1014.8 1014.9   NA  6.9 -24.8  -40.0     NA 23.9 
1785/10/29 15:00:00  1.11 0.00   NA 23.0 20.6 22.2 1014.8 1014.9   NA  6.9 -24.8  -41.0     NA 24.0 
1785/10/30 15:00:00  2.08 0.00   NA 22.8 21.0 21.8 1011.9 1014.6   NA  6.7 -25.5  -42.6     NA 23.7 
1785/10/31 15:00:00  1.07 0.00   NA 22.8 21.9 21.9 1010.6 1014.3   NA  6.4 -25.9  -43.4     NA 23.7 
1785/11/01 15:00:00  1.86 0.00   NA 22.5 20.4 21.6 1015.5 1014.3   NA  6.5 -26.8  -44.7     NA 23.2 
1785/11/02 15:00:00  1.55 0.00   NA 22.1 19.4 21.2 1012.5 1014.3   NA  6.4 -27.6  -45.7     NA 22.8 
1785/11/03 15:00:00  1.30 0.00   NA 22.1 18.7 21.2 1012.3 1014.0   NA  6.3 -27.5  -46.9     NA 22.4 
1785/11/04 15:00:00  0.41 0.00   NA 22.2 18.1 21.2 1002.0 1013.9   NA  6.3 -27.2  -46.9     NA 22.4 
1785/11/05 15:00:00  0.58 0.00   NA 22.1 18.5 21.6 1015.0 1013.5   NA  5.1 -26.9  -47.2     NA 22.4 
1785/11/06 15:00:00  0.63 0.00   NA 21.9   NA 21.2     NA 1013.6   NA  5.7 -27.3  -47.4     NA 22.1 
1785/11/07 15:00:00  0.02 0.00   NA 21.9 19.4 21.3 1012.0 1013.6   NA  5.7 -27.3  -47.4     NA 22.2 
1785/11/08 15:00:00  0.03 0.00   NA 22.0   NA 21.3     NA 1013.5   NA  5.7 -27.3  -47.4     NA 22.2 
1785/11/09 15:00:00  0.02 0.00   NA 22.0   NA 21.4     NA 1013.4   NA  5.7 -27.3  -47.4     NA 22.3 
1785/11/10 15:00:00  0.03 0.00   NA 22.1   NA 21.4     NA 1013.3   NA  5.7 -27.3  -47.5     NA 22.3 
1785/11/11 15:00:00  0.03 0.00   NA 22.1   NA 21.5     NA 1013.3   NA  5.7 -27.3  -47.5     NA 22.4 
1785/11/12 15:00:00  0.02 0.00   NA 22.2   NA 21.5     NA 1013.2   NA  5.7 -27.3  -47.5     NA 22.5 
1785/11/13 15:00:00  0.02 0.00   NA 22.3   NA 21.6     NA 1013.1   NA  5.7 -27.3  -47.5     NA 22.5 
1785/11/14 15:00:00  0.02 0.00   NA 22.3   NA 21.6     NA 1013.1   NA  5.7 -27.3  -47.5     NA 22.6 
1785/11/15 15:00:00  0.03 0.00   NA 22.4   NA 21.7     NA 1013.0   NA  5.7 -27.3  -47.6     NA 22.6 
1785/11/16 15:00:00  0.03 0.00   NA 22.4   NA 21.7     NA 1012.9   NA  5.7 -27.4  -47.6     NA 22.7 
1785/11/17 15:00:00  0.02 0.00   NA 22.5   NA 21.8     NA 1012.9   NA  5.7 -27.4  -47.6     NA 22.8 
1785/11/18 15:00:00  0.03 0.00   NA 22.5   NA 21.9     NA 1012.8   NA  5.7 -27.4  -47.6     NA 22.8 
1785/11/19 15:00:00  0.02 0.00   NA 22.6   NA 21.9     NA 1012.8   NA  5.7 -27.4  -47.7     NA 22.9 
1785/11/20 15:00:00  0.87 0.00   NA 22.9 21.6 21.9 1015.0 1012.9   NA  6.2 -27.4  -46.9     NA 23.3 
1785/11/21 15:00:00  1.05 0.00   NA 23.0 19.4 22.0 1015.8 1012.8   NA  6.1 -28.0  -46.2     NA 23.3 
1785/11/22 15:00:00  1.29 0.00   NA 22.3 20.6 21.4 1012.1 1013.1   NA  6.5 -28.9  -45.7     NA 23.2 
1785/11/23 15:00:00  2.86 0.00   NA 21.1 19.4 19.8 1009.3 1013.5   NA  6.7 -30.8  -44.5     NA 21.8 
1785/11/24 15:00:00  1.10 0.00   NA 20.3 20.5 19.0 1017.3 1013.7   NA  6.7 -31.6  -44.0     NA 20.3 
1785/11/25 15:00:00  1.51 0.00   NA 19.8 21.3 18.5 1015.4 1013.6   NA  6.9 -32.6  -43.3     NA 19.6 
1785/11/26 15:00:00  1.77 0.00   NA 19.3 18.7 18.0 1013.0 1013.8   NA  6.9 -33.6  -42.2     NA 19.0 
1785/11/27 15:00:00  2.27 0.00   NA 17.6 17.5 16.5 1009.9 1013.9   NA  7.2 -35.1  -41.0     NA 17.2 
1785/11/28 15:00:00  0.57 0.00   NA 17.7 16.6 16.7 1008.4 1013.7   NA  7.2 -35.4  -41.3     NA 17.5 
1785/11/29 15:00:00  0.91 0.00   NA 17.7 17.2 16.6 1016.2 1013.9   NA  7.2 -35.7  -40.5     NA 17.4 
1785/11/30 15:00:00  1.32 0.00   NA 17.1 17.5 15.9 1019.0 1013.6   NA  7.4 -36.5  -39.6     NA 16.9 
1785/12/01 15:00:00  2.25 0.00   NA 16.7 17.5 15.3 1019.1 1013.3   NA  7.6 -37.6  -38.0     NA 16.3 
1785/12/02 14:00:00  1.58 0.00   NA 16.0 16.4 14.8 1008.2 1013.0   NA  7.8 -38.6  -37.2     NA 15.7 
1785/12/03 14:00:00  2.38 0.00   NA 14.1 13.9 13.3 1008.3 1011.9   NA  8.3 -40.0  -35.6     NA 14.7 
1785/12/04 14:00:00  1.38 0.00   NA 14.2 12.5 13.2 1010.4 1012.0   NA  8.3 -40.8  -34.7     NA 14.6 
1785/12/05 14:00:00  2.19 0.00   NA 12.2 13.1 11.4 1016.3 1009.9   NA  8.8 -42.5  -34.5     NA 12.2 
1785/12/06 14:00:00  1.69 0.00   NA 11.2 11.0 10.4 1005.2 1008.9   NA  9.0 -43.8  -34.1     NA 10.7 
1785/12/07 14:00:00  1.25 0.00   NA  9.9  8.5  9.0 1009.0 1008.0   NA  9.1 -44.6  -33.3     NA  9.2 
1785/12/08 14:00:00  0.63 0.00   NA  9.1  9.4  8.0 1008.8 1006.9   NA  9.2 -45.1  -33.1     NA  8.2 
1785/12/09 14:00:00  1.10 0.00   NA 10.0 11.2  9.1 1005.7 1008.1   NA  9.2 -44.2  -33.4     NA  9.2 
1785/12/10 14:00:00  1.06 0.00   NA 10.2 11.2  9.5 1002.0 1008.0   NA  9.1 -44.7  -34.3     NA  9.5 
1785/12/11 14:00:00  0.51 0.00   NA 10.3  6.2  9.5  989.5 1008.0   NA  9.1 -44.9  -34.8     NA  9.5 
1785/12/12 14:00:00  0.83 0.00   NA 10.5  8.7  9.9 1012.2 1008.0   NA  9.1 -44.6  -35.7     NA 10.3 
1785/12/13 14:00:00  1.17 0.00   NA  9.6  8.7  9.1 1005.5 1007.0   NA  9.2 -45.3  -36.5     NA 10.3 
1785/12/14 14:00:00  1.72 0.00   NA 10.5  8.7 10.1 1014.9 1008.2   NA  9.1 -44.0  -36.8     NA 11.0 
1785/12/15 15:00:00  1.19 0.00   NA 11.7 10.0 11.0 1022.9 1009.2   NA  8.8 -43.5  -37.9     NA 12.2 
1785/12/16 15:00:00  1.56 0.00   NA 11.1 11.9 10.1 1006.2 1008.5   NA  9.0 -44.2  -39.2     NA 11.6 
1785/12/17 15:00:00  0.66 0.00   NA 11.1  8.7 10.2 1016.5 1008.5   NA  9.0 -44.7  -39.5     NA 11.7 
1785/12/18 15:00:00  1.03 0.00   NA 11.2  9.1 10.2 1012.5 1008.6   NA  8.9 -44.9  -40.6     NA 11.9 
1785/12/19 15:00:00  1.52 0.00   NA 11.7 12.5 10.7 1015.3 1008.7   NA  8.8 -44.6  -42.2     NA 11.9 
1785/12/20 15:00:00  0.99 0.00   NA 11.6 11.2 11.0 1011.5 1008.8   NA  8.7 -44.8  -43.2     NA 11.6 
1785/12/21 15:00:00  0.69 0.00   NA 11.7 11.2 11.1 1011.5 1008.8   NA  8.7 -44.8  -44.0     NA 11.7 
1785/12/22 15:00:00  0.47 0.00   NA 11.8 11.9 11.3 1011.0 1008.8   NA  8.6 -44.7  -44.5     NA 11.9 
1785/12/23 15:00:00  1.68 0.00   NA 12.7 12.5 12.2 1004.4 1009.6   NA  8.3 -43.4  -44.6     NA 12.8 
1785/12/24 15:00:00  0.61 0.00   NA 13.0 12.5 12.5 1011.4 1009.5   NA  8.2 -43.4  -45.3     NA 13.1 
1785/12/25 15:00:00  1.45 0.00   NA 13.7 12.5 13.4  995.5 1010.2   NA  7.9 -42.4  -45.8     NA 14.1 
1785/12/26 15:00:00  0.43 0.00   NA 14.0 11.2 13.8 1011.0 1010.1   NA  7.9 -42.4  -46.3     NA 14.5 
1785/12/27 15:00:00  0.75 0.00   NA 14.0 11.9 13.8 1011.1 1010.0   NA  7.9 -42.7  -46.9     NA 14.6 
1785/12/28 15:00:00  1.09 0.00   NA 14.5 13.1 14.1 1007.2 1009.9   NA  7.9 -42.0  -47.6     NA 15.1 
1785/12/29 15:00:00  1.13 0.00   NA 15.9 12.5 15.2 1008.2 1010.5   NA  7.7 -41.8  -48.8     NA 16.2 
1785/12/30 15:00:00  0.98 0.00   NA 15.0 12.5 14.5 1010.8 1009.6   NA  7.9 -42.1  -49.6     NA 15.0 
1785/12/31 15:00:00  1.12 0.00   NA 15.1 15.0 14.5 1014.3 1009.4   NA  7.9 -42.3  -50.8     NA 14.8 
1786/01/01 15:00:00  1.03 0.00   NA 16.2 15.0 15.4 1011.2 1009.9   NA  7.6 -41.6  -51.1     NA 16.4 
1786/01/02 15:00:00  0.84 0.00   NA 16.2 17.5 15.4 1017.7 1009.9   NA  7.6 -41.5  -52.0     NA 16.4 
1786/01/03 16:00:00  1.94 0.00   NA 15.4 17.5 14.7 1007.3 1008.8   NA  7.6 -42.6  -53.5     NA 15.4 
1786/01/04 16:00:00  0.97 0.00   NA 15.0 13.1 14.4 1011.8 1008.7   NA  7.4 -42.7  -54.5     NA 14.8 
1786/01/05 16:00:00  1.72 0.00   NA 14.4 15.0 13.5 1002.9 1007.9   NA  7.4 -43.6  -55.8     NA 13.9 
1786/01/06 16:00:00  1.59 0.00   NA 13.9 15.0 12.6 1002.0 1007.2   NA  7.4 -44.7  -56.7     NA 13.5 
1786/01/07 16:00:00  0.81 0.00   NA 13.4 12.5 12.6 1009.0 1007.1   NA  7.2 -44.9  -57.5     NA 13.6 
1786/01/08 16:00:00  1.16 0.00   NA 12.7 12.5 12.4  994.8 1006.3   NA  7.1 -45.5  -58.5     NA 12.9 
1786/01/09 16:00:00  1.87 0.00   NA 12.2 11.9 12.4  994.4 1005.4   NA  7.2 -46.8  -59.5     NA 12.6 
1786/01/10 16:00:00  1.33 0.00   NA 11.8 10.0 11.8  992.0 1004.6   NA  7.5 -47.8  -59.9     NA 12.0 
1786/01/11 16:00:00  0.68 0.00   NA 11.7 12.5 11.6 1007.8 1003.8   NA  7.7 -48.2  -60.4     NA 12.0 
1786/01/12 16:00:00  0.63 0.00   NA 12.8 10.6 13.1  999.8 1004.6   NA  7.4 -48.0  -61.0     NA 13.3 
1786/01/13 16:00:00  1.68 0.00   NA 13.6 10.0 14.1 1016.7 1005.4   NA  7.2 -46.8  -62.0     NA 14.4 
1786/01/14 16:00:00  1.93 0.00   NA 12.7 12.5 12.8 1001.0 1003.7   NA  7.5 -48.0  -63.4     NA 13.6 
1786/01/15 16:00:00  1.59 0.00   NA 12.9 13.1 13.2  991.8 1003.8   NA  7.3 -48.9  -64.6     NA 14.2 
1786/01/16 16:00:00  0.97 0.00   NA 12.3 11.2 12.4 1003.4 1003.0   NA  7.5 -49.7  -64.8     NA 13.7 
1786/01/17 16:00:00  0.91 0.00   NA 11.3  8.9 11.5 1016.3 1002.1   NA  7.7 -50.1  -65.7     NA 12.8 
1786/01/18 16:00:00  1.23 0.00   NA 11.5 11.2 11.6 1025.4 1002.2   NA  7.5 -50.9  -66.3     NA 13.0 
1786/01/19 16:00:00  1.09 0.00   NA 11.6 11.2 11.5 1026.1 1002.3   NA  7.3 -50.2  -67.1     NA 13.0 
1786/01/20 17:00:00  1.34 0.00   NA 11.6 10.6 11.3 1017.6 1002.4   NA  6.8 -51.0  -68.4     NA 12.9 
1786/01/21 17:00:00  0.88 0.00   NA 11.1 11.2 10.5 1013.4 1001.3   NA  7.6 -51.6  -68.8     NA 13.0 
1786/01/22 17:00:00  1.00 0.00   NA 10.6 13.1  9.8 1018.0 1000.2   NA  7.6 -52.4  -68.6     NA 12.7 
1786/01/23 17:00:00  1.76 0.00   NA  9.8 10.6  9.1 1018.3  999.1   NA  6.3 -53.7  -67.9     NA 11.3 
1786/01/24 16:00:00  1.57 0.00   NA  9.1 12.5  8.5 1015.2  998.0   NA  6.2 -54.6  -66.7     NA 10.1 
1786/01/25 16:00:00  1.75 0.00   NA  8.1 11.2  7.8 1000.2  997.1   NA  7.9 -55.8  -65.7     NA  8.7 
1786/01/26 16:00:00  1.85 0.00   NA  6.8  7.5  6.6  996.6  995.2   NA  9.0 -57.2  -66.1     NA  8.1 
1786/01/27 16:00:00  1.14 0.00   NA  6.9  5.6  6.7  985.1  995.1   NA  9.0 -58.0  -66.9     NA  8.1 
1786/01/28 17:00:00  1.11 0.00   NA  7.2  5.6  6.9  987.6  994.9   NA  9.5 -58.0  -68.6     NA  8.5 
1786/01/29 17:00:00  0.94 0.00   NA  6.4  5.6  6.5  989.4  993.7   NA  9.3 -58.4  -69.8     NA  7.3 
1786/01/30 17:00:00  0.65 0.00   NA  7.3  6.2  6.6  989.6  994.6   NA  9.8 -57.9  -70.1     NA  8.0 
1786/01/31 17:00:00  0.64 0.00   NA  6.5  7.5  6.4  994.4  993.4   NA  9.4 -58.4  -70.4     NA  7.3 
1786/02/01 17:00:00  0.64 0.00   NA  6.5  7.5  6.2  998.4  993.2   NA  9.5 -58.1  -71.1     NA  6.9 
1786/02/02 17:00:00  0.92 0.00   NA  6.6  7.5  6.2  987.9  993.0   NA  9.6 -58.4  -72.3     NA  7.1 
1786/02/03 17:00:00  1.25 0.00   NA  6.6  7.5  6.3  987.9  992.8   NA  9.6 -58.8  -73.9     NA  7.1 
1786/02/04 17:00:00  0.28 0.00   NA  6.7  5.6  6.5  979.6  992.7   NA  9.6 -58.8  -74.4     NA  7.1 
1786/02/05 17:00:00  1.34 0.00   NA  6.1  5.6  6.3  992.3  991.1   NA  9.2 -59.8  -75.0     NA  0.0 
1786/02/06 17:00:00  1.29 0.00   NA  5.6  5.6  6.0  974.3  989.9   NA  8.9 -60.6  -76.2     NA  0.0 
1786/02/07 17:00:00  2.07 0.00   NA  6.3  4.7  6.4  988.2  990.6   NA  9.3 -59.3  -78.1     NA  0.0 
1786/02/08 17:00:00  1.23 0.00   NA  6.8  4.7  6.5  979.1  991.9   NA  9.6 -58.6  -79.4     NA  6.7 
1786/02/09 17:00:00  2.57 0.00   NA  7.1  6.2  7.3  989.3  993.1   NA  9.8 -57.4  -82.3     NA  7.8 
1786/02/10 18:00:00  2.04 0.00   NA  7.5  5.6  8.0  991.5  994.3   NA 10.1 -56.0  -84.0     NA  8.3 
1786/02/11 18:00:00  3.14 0.00   NA  8.7  6.9  8.6 1002.3  999.3   NA 10.3 -53.6  -85.0     NA  9.5 
1786/02/12 18:00:00  0.84 0.00   NA  8.7  6.0  8.6 1002.2  999.3   NA 10.3 -53.1  -85.6     NA  9.5 
1786/02/13 18:00:00  2.32 0.00   NA  9.5  6.9  9.1  994.6 1003.2   NA 10.2 -51.3  -85.7     NA 10.9 
1786/02/14 18:00:00  1.69 0.00   NA 10.9  6.9  9.9 1007.2 1007.0   NA 10.0 -50.0  -85.6     NA 11.9 
1786/02/15 18:00:00  2.49 0.00   NA 11.6  8.7 10.6 1000.5 1008.7   NA  9.8 -48.1  -85.3     NA 12.5 
1786/02/16 18:00:00  3.58 0.00   NA 13.3  8.7 12.5 1003.5 1013.8   NA  8.7 -45.3  -85.0     NA 13.5 
1786/02/17 18:00:00  2.52 0.00   NA 14.6 11.9 13.8 1014.6 1016.0   NA  7.8 -43.4  -84.1     NA 14.8 
1786/02/18 18:00:00  1.62 0.00   NA 15.3 13.1 14.2 1014.5 1016.7   NA  7.3 -42.2  -83.6     NA 15.7 
1786/02/19 18:00:00  1.77 0.00   NA 15.8 15.0 14.9 1014.4 1017.4   NA  6.8 -41.1  -82.6     NA 16.8 
1786/02/20 17:00:00  2.12 0.00   NA 17.2 16.4 16.0 1018.1 1018.4   NA  6.1 -39.9  -81.2     NA 18.1 
1786/02/21 17:00:00  1.86 0.00   NA 17.3 16.2 16.0 1019.0 1017.7   NA  6.2 -39.1  -79.6     NA 17.6 
1786/02/22 17:00:00  1.99 0.00   NA 17.9 16.2 16.9 1018.9 1017.4   NA  6.5 -37.9  -78.5     NA 17.8 
1786/02/23 17:00:00  1.59 0.00   NA 18.2 15.6 17.5 1023.3 1016.9   NA  7.1 -36.7  -77.9     NA 17.8 
1786/02/24 17:00:00    NA   NA   NA   NA 11.9   NA 1014.3     NA   NA   NA -36.7     NA     NA   NA 
1786/02/25 17:00:00    NA   NA   NA   NA   NA   NA     NA     NA   NA   NA    NA     NA     NA   NA 
1786/02/26 17:00:00    NA   NA   NA   NA   NA   NA     NA     NA   NA   NA    NA     NA     NA   NA 
1786/02/27 17:00:00    NA   NA   NA   NA   NA   NA     NA     NA   NA   NA    NA     NA     NA   NA 
1786/02/28 17:00:00    NA   NA   NA   NA   NA   NA     NA     NA   NA   NA    NA     NA     NA   NA 
1786/03/01 17:00:00    NA   NA   NA   NA   NA   NA     NA     NA   NA   NA    NA     NA     NA   NA 
1786/03/02 17:00:00    NA   NA   NA   NA   NA   NA     NA     NA   NA   NA    NA     NA     NA   NA 
1786/03/03 17:00:00    NA   NA   NA   NA   NA   NA     NA     NA   NA   NA    NA     NA     NA   NA 
1786/03/04 17:00:00    NA   NA   NA   NA   NA   NA     NA     NA   NA   NA    NA     NA     NA   NA 
1786/03/05 17:00:00    NA   NA   NA   NA   NA   NA     NA     NA   NA   NA    NA     NA     NA   NA 
1786/03/06 17:00:00    NA   NA   NA   NA   NA   NA     NA     NA   NA   NA    NA     NA     NA   NA 
1786/03/07 17:00:00    NA   NA   NA   NA   NA   NA     NA     NA   NA   NA    NA     NA     NA   NA 
1786/03/08 17:00:00    NA   NA   NA   NA   NA   NA     NA     NA   NA   NA    NA     NA     NA   NA 
1786/03/09 17:00:00    NA   NA   NA   NA   NA   NA     NA     NA   NA   NA    NA     NA     NA   NA 
1786/03/10 17:00:00    NA   NA   NA   NA   NA   NA     NA     NA   NA   NA    NA     NA     NA   NA 
1786/03/11 17:00:00    NA   NA   NA   NA   NA   NA     NA     NA   NA   NA -36.7     NA     NA   NA 
1786/03/12 17:00:00    NA   NA   NA   NA   NA   NA     NA     NA   NA   NA    NA     NA     NA   NA 
1786/03/13 17:00:00    NA   NA   NA   NA   NA   NA     NA     NA   NA   NA    NA     NA     NA   NA 
1786/03/14 17:00:00    NA   NA   NA   NA   NA   NA     NA     NA   NA   NA    NA     NA     NA   NA 
1786/03/15 17:00:00    NA   NA   NA   NA   NA   NA     NA     NA   NA   NA    NA     NA     NA   NA 
1786/03/16 17:00:00    NA   NA   NA   NA   NA   NA     NA     NA   NA   NA    NA     NA     NA   NA 
1786/03/17 17:00:00    NA   NA   NA   NA   NA   NA     NA     NA   NA   NA    NA     NA     NA   NA 
1786/03/18 17:00:00    NA 0.00   NA 15.3 14.1 15.1 1016.8 1015.0   NA  5.8 -36.5  -73.2     NA 16.2 
1786/03/19 17:00:00  1.75 0.00   NA 16.7   NA 16.0 1019.7 1015.6   NA  7.4 -35.5  -74.4     NA 17.1 
1786/03/20 17:00:00  3.25 0.00   NA 18.7 14.1 17.8 1017.5 1016.4   NA  7.0 -33.7  -76.6     NA 18.4 
1786/03/21 17:00:00  3.01 0.00   NA 19.2 16.2 18.2 1022.2 1017.5   NA  6.1 -32.5  -79.0     NA 19.3 
1786/03/22 17:00:00  2.78 0.00   NA 19.7 17.2 18.9 1022.8 1018.1   NA  5.6 -31.5  -81.2     NA 20.0 
1786/03/23 18:00:00  3.13 0.00   NA 20.4 18.1 19.9 1021.2 1018.6   NA  5.2 -30.1  -83.7     NA 20.8 
1786/03/24 18:00:00  2.13 0.00   NA 21.3 18.7 20.3 1017.4 1018.9   NA  5.1 -29.8  -85.6     NA 21.3 
1786/03/25 18:00:00  2.01 0.00   NA 21.7 17.5 20.9 1016.1 1019.1   NA  5.0 -29.2  -87.2     NA 21.1 
1786/03/26 18:00:00  2.09 0.00   NA 22.1 19.0 21.2 1021.1 1019.0   NA  5.1 -28.5  -88.9     NA 21.3 
1786/03/27 18:00:00  2.61 0.00   NA 22.5 20.6 21.1 1024.6 1018.9   NA  5.2 -27.9  -91.1     NA 21.5 
1786/03/28 18:00:00  2.80 0.00   NA 22.7 20.0 21.2 1024.3 1018.9   NA  5.2 -27.5  -93.5     NA 21.9 
1786/03/29 18:00:00  2.29 0.00   NA 23.1 21.2 21.4 1022.7 1018.9   NA  5.2 -27.3  -95.5     NA 22.5 
1786/03/30 18:00:00  2.01 0.00   NA 23.1 20.6 21.5 1020.2 1018.9   NA  5.3 -27.1  -97.3     NA 22.7 
1786/03/31 19:00:00  2.23 0.00   NA 23.1 21.2 21.8 1021.0 1018.9   NA  5.3 -27.0  -99.3     NA 22.4 
1786/04/01 19:00:00  2.29 0.00   NA 23.5 21.9 22.3 1021.7 1018.8   NA  5.4 -27.1 -101.3     NA 22.7 
1786/04/02 19:00:00  2.64 0.00   NA 23.7 22.5 22.2 1022.7 1018.7   NA  5.5 -27.2 -103.6     NA 23.2 
1786/04/03 19:00:00  2.02 0.00   NA 23.9 22.5 22.1 1023.0 1018.6   NA  5.6 -27.1 -105.3     NA 23.3 
1786/04/04 19:00:00  2.09 0.00   NA 24.1 23.7 22.3 1018.0 1018.5   NA  5.7 -27.2 -107.2     NA 23.7 
1786/04/05 19:00:00  0.35 0.00   NA 24.0 23.7 22.2 1016.5 1018.4   NA  5.7 -27.1 -107.4     NA 23.7 
1786/04/06 19:00:00  0.12 0.00   NA 24.0 23.7 22.2 1010.7 1018.4   NA  5.7 -27.0 -107.3     NA 23.6 
1786/04/07 19:00:00  0.40 0.00   NA 24.1 22.5 22.4 1015.0 1018.2   NA  5.6 -27.0 -107.7     NA 23.9 
1786/04/08 19:00:00  1.45 0.00   NA 24.0 21.2 22.4 1013.5 1018.3   NA  5.8 -27.1 -108.9     NA 23.5 
1786/04/09 19:00:00  1.18 0.00   NA 24.1 21.9 22.7 1027.0 1018.2   NA  5.9 -27.2 -110.0     NA 23.4 
1786/04/10 19:00:00  0.11 0.00   NA 24.0 21.9 22.6 1015.0 1018.2   NA  5.9 -27.2 -109.9     NA 23.3 
1786/04/11 19:00:00  0.97 0.00   NA 24.2 21.2 22.8 1019.2 1017.9   NA  5.7 -26.4 -109.8     NA 23.9 
1786/04/12 19:00:00  1.79 0.00   NA 24.3 21.9 23.1 1020.1 1017.7   NA  5.6 -25.0 -109.6     NA 24.2 
1786/04/13 19:00:00  2.11 0.00   NA 24.8 21.9 23.7 1019.2 1017.1   NA  5.5 -23.4 -109.6     NA 24.7 
1786/04/14 19:00:00  2.05 0.00   NA 25.3 21.9 23.8 1016.9 1016.5   NA  5.7 -21.8 -109.5     NA 24.9 
1786/04/15 19:00:00  1.56 0.00   NA 25.2 23.1 23.8 1017.5 1016.2   NA  5.8 -20.6 -109.4     NA 24.9 
1786/04/16 19:00:00  1.93 0.00   NA 25.2 23.7 23.9 1018.9 1015.8   NA  6.0 -19.1 -109.5     NA 24.8 
1786/04/17 19:00:00  2.10 0.00   NA 25.2 23.7 24.0 1018.9 1015.1   NA  6.3 -17.5 -110.0     NA 25.0 
1786/04/18 19:00:00  1.92 0.00   NA 25.4 22.5 24.1 1018.0 1014.7   NA  6.4 -16.0 -110.2     NA 25.1 
1786/04/19 19:00:00  2.43 0.00   NA 25.6 23.7 24.4 1015.2 1014.0   NA  6.7 -14.1 -110.1     NA 25.4 
1786/04/20 19:00:00  2.42 0.00   NA 25.8 24.4 24.9 1015.9 1013.4   NA  7.0 -12.2 -110.1     NA 25.9 
1786/04/21 19:00:00  2.74 0.00   NA 26.6 24.7 25.5 1014.8 1012.7   NA  7.2 -10.1 -110.0     NA 26.5 
1786/04/22 19:00:00  2.35 0.00   NA 26.9 25.0 25.9 1014.5 1012.2   NA  7.1  -8.3 -110.3     NA 27.0 
1786/04/23 19:00:00  2.20 0.00   NA 27.0 26.2 26.2 1012.9 1011.7   NA  6.7  -6.6 -110.6     NA 27.2 
1786/04/24 19:00:00  1.62 0.00   NA 27.3 25.4 26.3 1014.2 1011.5   NA  6.4  -5.4 -111.0     NA 27.1 
1786/04/25 19:00:00  1.79 0.00   NA 27.1 25.6 26.2 1017.1 1011.4   NA  5.9  -4.3 -111.8     NA 27.2 
1786/04/26 20:00:00  1.46 0.00   NA 26.9 25.6 26.1 1014.4 1011.3   NA  5.4  -3.4 -112.5     NA 27.2 
1786/04/27 20:00:00  1.58 0.00   NA 26.6 25.9 26.0 1012.9 1011.2   NA  5.0  -2.2 -113.1     NA 27.0 
1786/04/28 20:00:00  1.90 0.00   NA 26.1 25.7 25.6 1013.1 1011.1   NA  4.3  -0.9 -113.7     NA 26.8 
1786/04/29 20:00:00  1.68 0.00   NA 26.4 24.7 25.6 1013.1 1011.1   NA  4.2   0.3 -114.2     NA 27.3 
1786/04/30 20:00:00  1.94 0.00   NA 26.9 26.2 25.8 1011.9 1011.1   NA  4.2   1.7 -114.8     NA 27.4 
1786/05/01 20:00:00  1.99 0.00   NA 27.4 26.2 26.1 1011.6 1011.2   NA  4.3   3.0 -115.7     NA 27.8 
1786/05/02 20:00:00  1.86 0.00   NA 28.1 26.2 26.8 1010.9 1011.3   NA  4.1   4.1 -116.6     NA 27.9 
1786/05/03 20:00:00  1.53 0.00   NA 28.1 26.2 26.9 1011.9 1011.4   NA  4.1   5.1 -117.2     NA 27.9 
1786/05/04 20:00:00  0.95 0.00   NA 28.1 26.2 26.9 1012.2 1011.4   NA  4.1   5.8 -117.4     NA 27.8 
1786/05/05 20:00:00  0.50 0.00   NA 28.1 26.9 26.7 1011.9 1011.6   NA  4.2   6.2 -117.6     NA 27.8 
1786/05/06 20:00:00  1.66 0.00   NA 28.0 26.6 26.5 1012.0 1011.8   NA  4.6   7.1 -118.5     NA 27.4 
1786/05/07 20:00:00  1.77 0.00   NA 28.0 26.2 26.5 1012.0 1012.1   NA  5.3   8.3 -119.2     NA 27.2 
1786/05/08 20:00:00  1.67 0.00   NA 27.9 26.9 26.4 1013.0 1012.3   NA  5.9   9.4 -119.8     NA 27.2 
1786/05/09 20:00:00  2.30 0.00   NA 27.7 26.2 26.4 1015.1 1012.7   NA  6.7  10.7 -121.1     NA 27.5 
1786/05/10 20:00:00  2.09 0.00   NA 27.3 25.0 26.2 1015.8 1013.1   NA  7.1  11.9 -122.3     NA 26.9 
1786/05/11 20:00:00  2.55 0.00   NA 26.4 25.0 24.8 1015.9 1014.0   NA  7.1  13.6 -123.3     NA 25.8 
1786/05/12 20:00:00  2.08 0.00   NA 25.8 24.4 24.0 1014.7 1014.4   NA  7.1  14.8 -124.4     NA 25.6 
1786/05/13 20:00:00  2.53 0.00   NA 24.3 24.4 22.5 1018.0 1015.4   NA  6.9  16.4 -125.6     NA 24.1 
1786/05/14 20:00:00  2.41 0.00   NA 23.8 20.6 21.8 1018.9 1015.9   NA  6.8  17.8 -126.9     NA 23.1 
1786/05/15 21:00:00  2.23 0.00   NA 22.3 20.4 20.6 1018.4 1017.1   NA  6.7  19.2 -128.1     NA 22.1 
1786/05/16 21:00:00  2.48 0.00   NA 22.4 20.4 20.8 1019.0 1017.4   NA  6.8  19.9 -130.0     NA 22.4 
1786/05/17 21:00:00  1.46 0.00   NA 22.5 21.9 20.9 1018.7 1017.4   NA  6.9  20.0 -131.2     NA 22.6 
1786/05/18 21:00:00  1.91 0.00   NA 22.0 21.2 20.5 1019.5 1018.0   NA  6.8  20.1 -132.8     NA 22.4 
1786/05/19 21:00:00  2.06 0.00   NA 22.3 20.0 20.7 1019.0 1018.2   NA  6.9  20.1 -134.5     NA 22.3 
1786/05/20 21:00:00  2.06 0.00   NA 22.9 22.2 21.4 1018.2 1017.7   NA  7.1  20.0 -136.2     NA 23.1 
1786/05/21 21:00:00  2.00 0.00   NA 23.0 21.6 21.6 1018.5 1017.7   NA  7.2  19.9 -137.9     NA 23.3 
1786/05/22 21:00:00  2.51 0.00   NA 23.0 21.9 21.5 1019.0 1018.3   NA  7.0  20.1 -139.9     NA 23.3 
1786/05/23 21:00:00  1.94 0.00   NA 23.3 21.0 21.9 1021.3 1018.3   NA  7.0  20.1 -141.5     NA 23.4 
1786/05/24 22:00:00  2.49 0.00   NA 23.4 22.5 22.2 1021.0 1018.3   NA  7.0  20.8 -143.6     NA 23.9 
1786/05/25 22:00:00  2.63 0.00   NA 23.8 23.7 22.5 1019.6 1018.3   NA  6.9  21.0 -145.7     NA 24.0 
1786/05/26 22:00:00  2.39 0.00   NA 23.7 22.5 22.6 1022.1 1018.8   NA  6.8  21.0 -147.7     NA 24.2 
1786/05/27 22:00:00  2.20 0.00   NA 24.0 22.5 22.8 1022.1 1018.7   NA  6.7  21.1 -149.6     NA 24.7 
1786/05/28 22:00:00  1.27 0.00   NA 24.3 22.5 23.1 1021.0 1018.1   NA  6.8  20.8 -150.6     NA 25.1 
1786/05/29 22:00:00  1.25 0.00   NA 24.5 22.5 23.3 1021.5 1018.0   NA  6.6  20.6 -151.6     NA 25.1 
1786/05/30 22:00:00  3.42 0.00   NA 24.9 23.7 23.7 1021.8 1017.7   NA  5.9  20.9 -154.4     NA 25.6 
1786/05/31 22:00:00  3.41 0.00   NA 25.2 25.0 23.9 1022.1 1017.9   NA  5.9  21.2 -157.2     NA 25.4 
1786/06/01 23:00:00  2.08 0.00   NA 24.9 22.5 23.5 1024.7 1018.4   NA  6.4  22.9 -157.6     NA 24.8 
1786/06/02 23:00:00  2.49 0.00   NA 24.4   NA 23.0 1025.8 1019.3   NA  6.4  24.8 -157.7     NA 24.5 
1786/06/03 23:00:00  2.19 0.00   NA 24.0 23.1 22.5 1027.2 1020.1   NA  5.9  26.5 -158.1     NA 24.3 
1786/06/04 23:00:00  2.03 0.00   NA 23.1 22.5 21.7 1025.1 1020.9   NA  5.6  28.0 -158.4     NA 24.0 
1786/06/05 23:00:00  1.43 0.00   NA 22.7 23.7 21.3 1022.4 1021.3   NA  5.4  29.1 -158.4     NA 23.2 
1786/06/06 23:00:00  2.15 0.00   NA 22.2 21.2 20.8 1016.0 1021.5   NA  5.4  30.8 -158.0     NA 22.7 
1786/06/07 23:00:00  1.94 0.00   NA 20.8 20.6 19.6 1015.9 1021.8   NA  5.3  32.2 -157.6     NA 21.5 
1786/06/08 22:00:00  2.31 0.00   NA 19.9 20.6 18.9 1022.5 1021.8   NA  5.4  33.9 -157.1     NA 21.2 
1786/06/09 22:00:00  1.40 0.00   NA 19.0 18.7 18.2 1025.1 1022.1   NA  5.4  35.0 -156.7     NA 19.8 
1786/06/10 22:00:00  1.21 0.00   NA 18.0 18.7 17.4 1023.0 1022.0   NA  5.6  35.9 -156.4     NA 19.3 
1786/06/11 22:00:00  1.53 0.00   NA 16.1 15.0 15.4 1025.1 1021.4   NA  6.0  37.0 -156.2     NA 17.5 
1786/06/12 22:00:00  1.33 0.00   NA 15.2 15.0 14.6 1022.7 1021.3   NA  6.2  38.0 -155.9     NA 16.2 
1786/06/13 22:00:00  1.73 0.00   NA 14.3 15.6 13.8 1025.3 1021.1   NA  6.4  39.3 -155.4     NA 15.4 
1786/06/14 22:00:00  2.62 0.00   NA 12.5 14.4 12.3 1019.2 1020.4   NA  6.8  41.3 -154.7     NA 13.8 
1786/06/15 22:00:00  2.74 0.00   NA 10.9 10.0 11.0 1022.4 1019.6   NA  7.2  43.2 -153.5     NA 12.5 
1786/06/16 22:00:00  2.62 0.00   NA 10.3  9.4 10.4 1013.8 1019.3   NA  7.3  45.0 -152.1     NA 12.0 
1786/06/17 22:00:00  2.76 0.00   NA  9.4  8.7  9.6 1016.7 1018.7   NA  7.4  46.9 -150.6     NA 11.1 
1786/06/18 22:00:00  2.08 0.00   NA  8.6  7.2  8.8 1015.1 1017.8   NA  7.4  48.4 -149.7     NA 10.5 
1786/06/19 22:00:00  2.33 0.00   NA  8.1  6.9  8.3  978.9 1017.0   NA  7.3  50.1 -148.8     NA  9.8 
1786/06/20 22:00:00  2.36 0.00   NA  8.2  6.6  8.3 1003.9 1016.8   NA  7.0  51.8 -147.9     NA  9.9 
1786/06/21 22:00:00  1.97 0.00   NA  8.3  6.9  8.3 1014.8 1016.1   NA  6.6  53.3 -147.2     NA  9.4 
1786/06/22 22:00:00  3.35 0.00   NA  8.7  6.9  8.7 1015.0 1015.6   NA  5.9  55.7 -145.5     NA  9.9 
1786/06/23 22:00:00  2.96 0.00   NA  9.7  8.1  9.7 1020.0 1015.1   NA  5.4  57.8 -143.7     NA 10.5 
1786/06/24 22:00:00  2.16 0.00   NA 10.7 13.7 10.6 1014.1 1014.4   NA  4.0  59.4 -142.7     NA 11.5 
1786/06/25 21:00:00  1.51 0.00   NA 11.0  9.4 10.6 1013.8 1014.7   NA  3.2  59.6 -140.5     NA 11.6 
1786/06/26 21:00:00  0.37 0.00   NA 11.1  7.5 10.6 1015.4 1014.7   NA  3.7  59.7 -141.0     NA 11.5 
1786/06/27 21:00:00  0.67 0.00   NA 11.2  7.2 10.8 1001.3 1014.9   NA  3.2  59.3 -140.3     NA 11.8 
1786/06/28 21:00:00  0.08 0.00   NA 11.3  8.7 10.8 1010.1 1015.0   NA  3.2  59.3 -140.2     NA 11.9 
1786/06/29 21:00:00  0.36 0.00   NA 11.2  8.7 10.9 1010.1 1015.1   NA  2.6  59.3 -139.7     NA 12.1 
1786/06/30 21:00:00  0.60 0.00   NA 11.4  7.5 10.9 1013.3 1015.7   NA  4.2  58.9 -139.4     NA 12.2 
1786/07/01 21:00:00  0.53 0.00   NA 10.9  8.7 11.0 1019.1 1015.4   NA  2.2  59.1 -138.7     NA 11.6 
1786/07/02 21:00:00  0.73 0.00   NA 11.5  9.1 11.0 1022.8 1015.9   NA  3.6  58.6 -138.1     NA 12.2 
1786/07/03 21:00:00  0.07 0.00   NA 11.6  6.9 11.1 1017.8 1016.0   NA  3.6  58.6 -138.0     NA 12.3 
1786/07/04 21:00:00  0.02 0.00   NA 11.7  7.5 11.2 1004.7 1016.1   NA  3.5  58.6 -138.0     NA 12.4 
1786/07/05 21:00:00  0.02 0.00   NA 11.7 10.0 11.2 1015.3 1016.3   NA  2.9  58.6 -138.0     NA 12.2 
1786/07/06 21:00:00  0.02 0.00   NA 11.7  7.5 11.3 1016.8 1016.4   NA  2.8  58.6 -138.0     NA 12.2 
1786/07/07 21:00:00  0.02 0.00   NA 11.8 10.2 11.4 1018.3 1016.5   NA  2.8  58.6 -138.0     NA 12.3 
1786/07/08 21:00:00  0.02 0.00   NA 11.9  9.4 11.5 1018.0 1016.6   NA  2.8  58.6 -137.9     NA 12.3 
1786/07/09 21:00:00  0.02 0.00   NA 12.0 10.0 11.6 1007.0 1016.6   NA  2.8  58.6 -137.9     NA 12.4 
1786/07/10 21:00:00  0.02 0.00   NA 12.0   NA 11.6     NA 1016.7   NA  2.8  58.6 -137.9     NA 12.4 
1786/07/11 21:00:00  0.02 0.00   NA 12.1   NA 11.7     NA 1016.8   NA  2.8  58.6 -137.9     NA 12.5 
1786/07/12 21:00:00  0.02 0.00   NA 12.2   NA 11.8     NA 1016.9   NA  2.8  58.6 -137.8     NA 12.5 
1786/07/13 21:00:00  0.02 0.00   NA 12.2   NA 11.9     NA 1016.9   NA  2.8  58.6 -137.8     NA 12.6 
1786/07/14 21:00:00  0.02 0.00   NA 12.3   NA 11.9     NA 1016.9   NA  2.8  58.5 -137.8     NA 12.6 
1786/07/15 21:00:00  0.14 0.00   NA 12.4   NA 12.0     NA 1016.9   NA  2.8  58.6 -137.8     NA 12.7 
1786/07/16 21:00:00  0.17 0.00   NA 12.4   NA 12.1     NA 1017.0   NA  2.8  58.5 -137.8     NA 12.7 
1786/07/17 21:00:00  0.02 0.00   NA 12.5 10.0 12.1 1007.0 1017.0   NA  2.8  58.5 -137.7     NA 12.8 
1786/07/18 21:00:00  0.02 0.00   NA 12.5 13.7 12.2 1000.5 1016.9   NA  2.8  58.5 -137.7     NA 12.8 
1786/07/19 21:00:00  0.02 0.00   NA 12.6  9.4 12.2 1010.0 1016.9   NA  2.8  58.5 -137.7     NA 12.8 
1786/07/20 21:00:00  0.02 0.00   NA 12.6  6.2 12.3 1022.3 1016.9   NA  2.8  58.5 -137.7     NA 12.9 
1786/07/21 21:00:00  0.02 0.00   NA 12.7  8.5 12.3 1019.8 1016.8   NA  2.8  58.5 -137.7     NA 12.9 
1786/07/22 21:00:00  0.02 0.00   NA 12.7  8.5 12.4 1024.6 1016.8   NA  2.8  58.5 -137.6     NA 13.0 
1786/07/23 21:00:00  0.02 0.00   NA 12.8  8.7 12.4 1021.0 1016.7   NA  2.8  58.5 -137.6     NA 13.0 
1786/07/24 21:00:00  0.02 0.00   NA 12.8  8.7 12.5 1019.0 1016.6   NA  2.8  58.4 -137.6     NA 13.0 
1786/07/25 21:00:00  0.02 0.00   NA 12.9  9.7 12.5 1022.5 1016.6   NA  2.8  58.4 -137.6     NA 13.1 
1786/07/26 21:00:00  0.02 0.00   NA 12.9 10.0 12.5 1016.3 1016.5   NA  2.8  58.4 -137.6     NA 13.1 
1786/07/27 21:00:00  0.02 0.00   NA 13.0  9.7 12.6 1010.0 1016.4   NA  2.8  58.4 -137.5     NA 13.1 
1786/07/28 21:00:00  0.02 0.00   NA 13.0  7.5 12.6 1010.7 1016.4   NA  2.9  58.4 -137.5     NA 13.2 
1786/07/29 21:00:00  0.02 0.00   NA 13.0  6.9 12.7 1013.3 1016.3   NA  2.9  58.4 -137.5     NA 13.2 
1786/07/30 21:00:00  0.02 0.00   NA 13.1  7.5 12.7 1017.0 1016.2   NA  2.9  58.4 -137.5     NA 13.2 
1786/07/31 21:00:00  0.02 0.00   NA 13.1  6.2 12.7 1018.3 1016.1   NA  2.9  58.4 -137.5     NA 13.3 
1786/08/01 21:00:00  0.02 0.00   NA 13.2 10.0 12.8 1019.0 1016.1   NA  2.9  58.4 -137.4     NA 13.3 
1786/08/02 21:00:00  0.08 0.00   NA 13.2   NA 12.8     NA 1016.0   NA  2.9  58.4 -137.3     NA 13.3 
1786/08/03 21:00:00  0.28 0.00   NA 13.2   NA 12.8     NA 1015.9   NA  2.9  58.2 -137.2     NA 13.3 
1786/08/04 21:00:00  0.80 0.00   NA 13.2   NA 12.8     NA 1016.3   NA  3.7  57.8 -136.3     NA 13.8 
1786/08/05 21:00:00  0.66 0.00   NA 12.8 11.2 12.7 1019.2 1016.3   NA  3.0  57.4 -135.7     NA 14.3 
1786/08/06 21:00:00  0.20 0.00   NA 12.9 11.0 12.7 1014.6 1016.2   NA  3.0  57.3 -135.9     NA 14.4 
1786/08/07 21:00:00  1.21 0.00   NA 12.6 12.2 12.8 1015.6 1016.5   NA  4.0  56.5 -135.0     NA 13.6 
1786/08/08 21:00:00  1.15 0.00   NA 13.0 11.2 12.9 1021.5 1016.9   NA  5.2  55.7 -134.3     NA 14.1 
1786/08/09 21:00:00  1.33 0.00   NA 13.0 12.5 13.0 1020.7 1017.2   NA  5.4  54.8 -133.5     NA 14.7 
1786/08/10 21:00:00  0.57 0.00   NA 13.0 11.9 13.1 1018.4 1017.1   NA  5.4  54.4 -133.1     NA 14.7 
1786/08/11 21:00:00  0.23 0.00   NA 13.1 11.9 13.1 1018.1 1017.0   NA  5.4  54.2 -133.0     NA 14.7 
1786/08/12 21:00:00  0.64 0.00   NA 13.1 11.0 13.1 1015.1 1017.0   NA  5.4  54.1 -133.8     NA 14.7 
1786/08/13 21:00:00  0.07 0.00   NA 13.1 11.2 13.1 1016.4 1016.9   NA  5.4  54.1 -133.9     NA 14.8 
1786/08/14 21:00:00  0.43 0.00   NA 13.4 11.9 13.4 1022.4 1017.2   NA  5.7  53.8 -133.5     NA 15.5 
1786/08/15 21:00:00  0.14 0.00   NA 13.4 12.2 13.4 1021.9 1017.2   NA  5.7  53.8 -133.3     NA 15.5 
1786/08/16 21:00:00  0.80 0.00   NA 13.5 13.1 13.5 1015.1 1017.1   NA  5.7  53.3 -133.9     NA 15.5 
1786/08/17 21:00:00  0.21 0.00   NA 13.5 12.5 13.4 1012.3 1017.1   NA  5.7  53.2 -133.8     NA 15.5 
1786/08/18 21:00:00  1.58 0.00   NA 13.9 12.9 13.7 1013.5 1017.4   NA  5.9  52.6 -132.0     NA 15.3 
1786/08/19 21:00:00  0.73 0.00   NA 13.7 13.7 13.7 1015.7 1017.3   NA  5.7  52.1 -131.7     NA 15.0 
1786/08/20 21:00:00  0.75 0.00   NA 14.2 13.7 14.1 1014.9 1017.6   NA  5.8  51.7 -131.0     NA 15.7 
1786/08/21 21:00:00  0.61 0.00   NA 13.5 13.7 13.7 1013.4 1017.2   NA  5.2  52.0 -130.5     NA 15.1 
1786/08/22 21:00:00  4.40 0.00   NA 12.9 12.5 13.1 1021.0 1016.0   NA  1.4  55.4 -129.3     NA 14.7 
1786/08/23 21:00:00  4.63 0.00   NA 14.1 13.7 14.0 1020.4 1017.3   NA  5.1  51.8 -129.7     NA 15.9 
1786/08/24 21:00:00  1.13 0.00   NA 14.1 14.4 14.0 1021.9 1017.3   NA  5.1  51.0 -129.0     NA 15.9 
1786/08/25 21:00:00  1.77 0.00   NA 14.0 15.0 14.4 1020.5 1017.3   NA  4.2  50.0 -127.6     NA 16.7 
1786/08/26 20:00:00  1.07 0.00   NA 14.0 15.9 14.3 1011.7 1017.3   NA  4.2  49.3 -127.1     NA 16.7 
1786/08/27 20:00:00  0.48 0.00   NA 15.3 15.0 15.0 1011.1 1017.4   NA  5.5  49.0 -127.4     NA 16.9 
1786/08/28 20:00:00  0.98 0.00   NA 14.7 15.6 14.7 1011.4 1017.0   NA  4.5  48.6 -126.4     NA 16.1 
1786/08/29 20:00:00  0.68 0.00   NA 14.4 15.6 14.6 1018.1 1016.7   NA  3.3  48.6 -125.6     NA 15.5 
1786/08/30 20:00:00  0.26 0.00   NA 14.4 15.6 14.5 1017.1 1016.7   NA  3.3  48.6 -125.3     NA 15.5 
1786/08/31 20:00:00  0.88 0.00   NA 14.9 15.0 14.9 1014.6 1016.7   NA  4.4  48.0 -125.4     NA 16.3 
1786/09/01 20:00:00  2.10 0.00   NA 15.3 13.7 15.1 1015.4 1015.9   NA  2.8  46.6 -124.0     NA 17.1 
1786/09/02 20:00:00  0.96 0.00   NA 15.6 13.7 15.3 1021.6 1015.9   NA  2.9  46.0 -123.6     NA 17.5 
1786/09/03 20:00:00  0.28 0.00   NA 15.6 13.7 15.3 1023.6 1015.9   NA  2.9  45.9 -123.9     NA 17.5 
1786/09/04 20:00:00  1.61 0.00   NA 15.2 15.0 15.2 1020.8 1016.3   NA  4.3  44.7 -124.2     NA 17.2 
1786/09/05 20:00:00  2.16 0.00   NA 14.7 15.0 14.9 1016.9 1016.1   NA  4.6  43.0 -124.2     NA 16.8 
1786/09/06 20:00:00  2.00 0.00   NA 14.1 14.1 14.7 1014.7 1015.5   NA  2.2  41.5 -123.9     NA 15.9 
1786/09/07 20:00:00  0.84 0.00   NA 14.3 13.5 14.8 1017.7 1015.8   NA  4.4  40.8 -124.0     NA 16.1 
1786/09/08 20:00:00  1.25 0.00   NA 14.7 15.0 15.1 1017.1 1015.7   NA  5.4  39.9 -124.5     NA 16.7 
1786/09/09 20:00:00  1.17 0.00   NA 14.8 15.0 15.1 1011.0 1015.7   NA  5.4  39.0 -124.1     NA 16.7 
1786/09/10 20:00:00  1.01 0.00   NA 14.8 14.4 15.0 1011.4 1015.2   NA  4.6  38.3 -124.0     NA 16.2 
1786/09/11 20:00:00  1.68 0.00   NA 15.3 15.0 15.4 1011.3 1015.2   NA  5.6  37.0 -123.4     NA 16.8 
1786/09/12 20:00:00  1.72 0.00   NA 15.8 13.1 15.7 1011.0 1014.2   NA  3.3  36.9 -121.7     NA 16.4 
1786/09/13 20:00:00  0.37 0.00   NA 15.8 15.0 15.7 1011.0 1014.2   NA  3.3  36.7 -121.5     NA 16.4 
1786/09/14 20:00:00  0.66 0.00   NA 15.8 15.0 15.7 1011.0 1013.8   NA  2.1  36.9 -120.9     NA 16.4 
1786/09/15 20:00:00  0.06 0.00   NA 15.9   NA 15.7     NA 1013.8   NA  2.1  36.8 -121.0     NA 16.5 
1786/09/16 20:00:00  0.05 0.00   NA 15.9   NA 15.7     NA 1014.3   NA  3.3  36.8 -121.0     NA 16.5 
1786/09/17 20:00:00  0.06 0.00   NA 15.9   NA 15.7     NA 1014.3   NA  3.3  36.8 -121.1     NA 16.5 
1786/09/18 20:00:00  0.05 0.00   NA 15.9   NA 15.7     NA 1014.4   NA  3.3  36.8 -121.1     NA 16.5 
1786/09/19 20:00:00  0.06 0.00   NA 15.9   NA 15.7     NA 1014.4   NA  3.3  36.7 -121.2     NA 16.5 
1786/09/20 20:00:00  0.06 0.00   NA 15.9   NA 15.6     NA 1014.4   NA  3.2  36.7 -121.2     NA 16.5 
1786/09/21 20:00:00  0.05 0.00   NA 15.8   NA 15.6     NA 1014.5   NA  3.2  36.7 -121.2     NA 16.5 
1786/09/22 20:00:00  0.06 0.00   NA 15.8   NA 15.6     NA 1014.6   NA  3.2  36.7 -121.3     NA 16.5 
1786/09/23 20:00:00  0.05 0.00   NA 15.8   NA 15.6     NA 1014.7   NA  3.2  36.6 -121.3     NA 16.6 
1786/09/24 20:00:00  0.06 0.00   NA 15.8   NA 15.6     NA 1014.8   NA  3.2  36.6 -121.4     NA 16.6 
1786/09/25 20:00:00  0.16 0.00   NA 15.8   NA 15.5     NA 1014.9   NA  3.2  36.7 -121.5     NA 16.6 
1786/09/26 20:00:00  0.57 0.00   NA 15.8   NA 15.5     NA 1015.4   NA  4.6  36.7 -122.0     NA 16.6 
1786/09/27 20:00:00  1.43 0.00   NA 16.5 16.2 16.0     NA 1015.4   NA  5.2  35.7 -122.8     NA 16.9 
1786/09/28 20:00:00  2.56 0.00   NA 18.0 16.2 17.0     NA 1016.2   NA  6.3  34.2 -124.3     NA 18.6 
1786/09/29 20:00:00  3.04 0.00   NA 19.5 17.2 18.2     NA 1017.0   NA  6.0  32.7 -126.5     NA 20.1 
1786/09/30 21:00:00  3.06 0.00   NA 20.7 18.1 19.3     NA 1017.7   NA  5.5  31.0 -128.6     NA 21.4 
1786/10/01 21:00:00  2.73 0.00   NA 21.3 18.1 20.0     NA 1018.3   NA  5.3  29.4 -130.2     NA 21.4 
1786/10/02 21:00:00  1.88 0.00   NA 21.6 18.7 20.3     NA 1018.2   NA  5.2  28.7 -131.7     NA 21.6 
1786/10/03 21:00:00  1.52 0.00   NA 21.8 18.7 20.5     NA 1018.5   NA  5.2  28.2 -132.9     NA 21.9 
1786/10/04 21:00:00  0.76 0.00   NA 22.2 19.7 20.9     NA 1018.4   NA  5.3  27.9 -133.5     NA 22.2 
1786/10/05 21:00:00  0.75 0.00   NA 22.1 19.4 20.9     NA 1018.4   NA  5.3  27.5 -133.9     NA 22.1 
1786/10/06 21:00:00  1.49 0.00   NA 22.5 19.4 21.2     NA 1018.8   NA  5.3  27.6 -135.2     NA 22.1 
1786/10/07 21:00:00  1.25 0.00   NA 22.7 20.0 21.4     NA 1018.9   NA  5.3  27.9 -136.3     NA 22.4 
1786/10/08 21:00:00  1.54 0.00   NA 22.7 20.0 21.3     NA 1019.3   NA  5.3  28.1 -137.6     NA 22.5 
1786/10/09 21:00:00  1.59 0.00   NA 23.1 21.2 21.8     NA 1019.1   NA  5.4  28.0 -139.0     NA 22.9 
1786/10/10 21:00:00  1.93 0.00   NA 23.1 21.2 21.6     NA 1019.5   NA  5.4  28.0 -140.7     NA 22.9 
1786/10/11 21:00:00  1.88 0.00   NA 23.7 21.2 22.1     NA 1019.0   NA  5.6  27.9 -142.4     NA 23.4 
1786/10/12 22:00:00  0.55 0.00   NA 23.7 20.4 22.1     NA 1019.0   NA  5.6  27.9 -142.9     NA 23.4 
1786/10/13 22:00:00  0.38 0.00   NA 23.9 20.4 22.3     NA 1019.0   NA  5.7  27.9 -143.2     NA 23.5 
1786/10/14 22:00:00  1.23 0.00   NA 24.1 21.6 22.4 1020.0 1019.0   NA  5.7  27.7 -144.3     NA 23.8 
1786/10/15 22:00:00  1.86 0.00   NA 24.2 22.2 22.5 1018.5 1018.9   NA  5.8  27.9 -145.9     NA 23.8 
1786/10/16 22:00:00  0.05 0.00   NA 24.2 21.9 22.5 1018.5 1018.9   NA  5.8  27.9 -145.9     NA 23.8 
1786/10/17 22:00:00  0.63 0.00   NA 24.3 22.5 22.5 1020.0 1018.8   NA  5.9  27.8 -146.4     NA 23.7 
1786/10/18 22:00:00  1.20 0.00   NA 24.4 22.5 22.6 1022.0 1018.8   NA  6.0  27.7 -147.5     NA 23.7 
1786/10/19 22:00:00  0.82 0.00   NA 24.1 21.2 22.2 1018.3 1019.2   NA  5.9  28.0 -146.8     NA 23.5 
1786/10/20 22:00:00  0.88 0.00   NA 24.4 21.2 22.6 1018.5 1018.8   NA  6.0  27.6 -147.5     NA 23.6 
1786/10/21 22:00:00  0.15 0.00   NA 24.3 21.2 22.5 1012.5 1018.9   NA  6.0  27.7 -147.5     NA 23.6 
1786/10/22 22:00:00  1.83 0.00   NA 24.4 21.2 22.5 1009.5 1019.0   NA  6.1  28.1 -149.0     NA 23.9 
1786/10/23 22:00:00  0.40 0.00   NA 24.3 21.9 22.5 1017.3 1019.0   NA  6.1  28.1 -149.4     NA 23.9 
1786/10/24 22:00:00  2.31 0.00   NA 24.9 22.2 22.9 1013.8 1018.5   NA  6.2  27.8 -151.4     NA 24.3 
1786/10/25 22:00:00  0.48 0.00   NA 24.8 21.0 22.9 1016.3 1018.6   NA  6.2  27.5 -151.6     NA 24.2 
1786/10/26 22:00:00  0.86 0.00   NA 24.8 21.2 23.0 1016.5 1018.5   NA  6.3  27.4 -152.3     NA 24.0 
1786/10/27 22:00:00  0.86 0.00   NA 24.8 23.1 22.9 1015.2 1018.5   NA  6.3  27.0 -152.9     NA 23.9 
1786/10/28 22:00:00  3.85 0.00   NA 25.2 24.4 23.5 1013.5 1017.9   NA  6.4  26.9 -156.3     NA 24.9 
1786/10/29 22:00:00  0.73 0.00   NA 24.8 22.5 23.1 1012.2 1018.2   NA  6.4  27.2 -156.8     NA 24.6 
1786/10/30 22:00:00  1.06 0.00   NA 25.1 21.9 23.5 1012.9 1017.9   NA  6.5  26.3 -156.7     NA 24.8 
1786/10/31 22:00:00  0.39 0.00   NA 25.1 22.9 23.5 1015.7 1017.9   NA  6.5  26.4 -157.0     NA 24.7 
1786/11/01 23:00:00  1.88 0.00   NA 25.5 22.5 23.8 1018.4 1017.5   NA  6.7  25.7 -158.5     NA 24.6 
1786/11/02 23:00:00  3.02 0.00   NA 25.8 23.1 24.1 1015.5 1017.0   NA  6.8  24.5 -160.7     NA 24.9 
1786/11/03 23:00:00  2.35 0.00   NA 25.8 25.0 24.2 1015.0 1017.0   NA  6.7  24.1 -162.7     NA 25.4 
1786/11/04 23:00:00  2.03 0.00   NA 26.1 25.0 24.6 1016.2 1016.5   NA  6.9  23.5 -164.3     NA 25.9 
1786/11/05 23:00:00  0.94 0.00   NA 26.2 25.0 24.6 1016.0 1016.5   NA  6.9  23.6 -165.1     NA 25.9 
1786/11/06 23:00:00  1.45 0.00   NA 26.2 25.0 24.6 1015.7 1016.5   NA  7.0  23.6 -166.3     NA 26.2 
1786/11/07 23:00:00  0.81 0.00   NA 26.2 24.7 24.6 1013.7 1016.5   NA  7.0  23.6 -167.0     NA 26.2 
1786/11/08 23:00:00  1.61 0.00   NA 26.5 21.2 24.8 1012.2 1016.0   NA  7.2  22.9 -168.1     NA 26.7 
1786/11/09 23:00:00  3.01 0.00   NA 26.8 18.7 25.1 1012.1 1015.6   NA  7.4  21.5 -170.2     NA 26.7 
1786/11/10 23:00:00  2.25 0.00   NA 26.9 20.0 25.2 1014.8 1015.6   NA  7.4  21.2 -172.0     NA 27.0 
1786/11/12 00:00:00  1.36 0.00   NA 26.9 21.2 25.2 1012.3 1015.6   NA  7.4  21.1 -173.2     NA 26.9 
1786/11/13 00:00:00  0.54 0.00   NA 26.8 24.1 25.2 1009.8 1015.6   NA  7.5  21.2 -173.6     NA 26.9 
1786/11/14 00:00:00  2.28 0.00   NA 26.8 23.1 25.2 1007.8 1015.6   NA  7.5  21.1 -175.5     NA 26.6 
1786/11/15 00:00:00  0.62 0.00   NA 27.0 23.7 25.3 1010.8 1015.2   NA  7.6  20.8 -175.9     NA 26.6 
1786/11/16 00:00:00  0.50 0.00   NA 26.9 24.1 25.2 1012.5 1015.2   NA  7.6  20.5 -176.2     NA 26.4 
1786/11/17 00:00:00  2.47 0.00   NA 27.0 23.7 25.1 1015.0 1015.1   NA  7.7  20.2 -178.2     NA 26.2 
1786/11/18 00:00:00  2.06 0.00   NA 27.0 24.4 25.1 1016.0 1015.1   NA  7.7  20.1 -179.9     NA 26.1 
1786/11/18 00:00:00    NA 0.00   NA 27.2 25.0 25.3 1014.7 1014.7   NA  7.9  19.9  179.2     NA 26.4 
1786/11/19 00:00:00  0.96 0.00   NA 27.3 25.0 25.3 1014.5 1014.6   NA  7.9  19.5  178.5     NA 26.6 
1786/11/20 00:00:00  1.16 0.00   NA 27.3 25.6 25.4 1014.7 1014.7   NA  7.9  19.6  177.6     NA 26.6 
1786/11/21 00:00:00  1.24 0.00   NA 27.3 25.0 25.4 1014.7 1014.7   NA  7.9  19.9  176.6     NA 27.0 
1786/11/22 00:00:00  0.88 0.00   NA 27.1 26.2 25.2 1013.5 1015.1   NA  7.7  20.1  175.9     NA 26.4 
1786/11/23 00:00:00  1.36 0.00   NA 27.3 23.7 25.4 1013.5 1014.7   NA  7.8  19.5  175.0     NA 26.7 
1786/11/24 00:00:00  0.82 0.00   NA 27.3 25.0 25.5 1012.7 1014.7   NA  7.8  19.7  174.4     NA 26.8 
1786/11/25 00:00:00  1.75 0.00   NA 27.1 26.2 25.2 1009.3 1015.2   NA  7.7  20.7  173.4     NA 26.3 
1786/11/26 01:00:00  1.24 0.00   NA 27.1 26.9 25.3 1014.8 1015.2   NA  7.6  20.5  172.3     NA 26.2 
1786/11/27 01:00:00  2.04 0.00   NA 27.1 25.0 25.5 1016.8 1015.2   NA  7.6  20.7  170.6     NA 26.7 
1786/11/28 01:00:00  2.09 0.00   NA 27.2 23.7 25.6 1018.0 1015.2   NA  7.5  20.3  169.0     NA 27.0 
1786/11/29 01:00:00  1.93 0.00   NA 27.2 23.7 25.6 1016.8 1015.2   NA  7.5  20.6  167.4     NA 26.9 
1786/11/30 01:00:00  1.69 0.00   NA 27.2 24.4 25.6 1016.0 1015.2   NA  7.4  20.4  166.0     NA 26.9 
1786/12/01 01:00:00  0.95 0.00   NA 27.2 24.4 25.5 1012.3 1015.2   NA  7.4  20.8  165.4     NA 26.8 
1786/12/02 01:00:00  1.15 0.00   NA 27.0 25.6 25.3 1013.6 1015.6   NA  7.2  21.6  164.8     NA 26.6 
1786/12/03 01:00:00  1.14 0.00   NA 27.1 23.7 25.5 1012.3 1015.2   NA  7.3  20.8  164.4     NA 26.8 
1786/12/04 01:00:00  1.95 0.00   NA 27.1 24.4 25.6 1014.5 1015.2   NA  7.2  20.8  162.7     NA 26.7 
1786/12/05 01:00:00  2.52 0.00   NA 27.2 24.4 25.7 1015.6 1015.1   NA  7.1  21.0  160.7     NA 27.0 
1786/12/06 01:00:00  2.31 0.00   NA 27.3 24.4 25.6 1014.8 1014.9   NA  7.1  21.0  158.7     NA 27.0 
1786/12/07 01:00:00  0.80 0.00   NA 27.1 23.5 25.3 1013.6 1015.3   NA  6.9  21.4  158.2     NA 26.5 
1786/12/08 02:00:00  1.38 0.00   NA 27.1 23.1 25.3 1015.8 1015.2   NA  6.8  21.3  157.0     NA 26.5 
1786/12/09 02:00:00  2.52 0.00   NA 27.6 22.5 25.8 1018.8 1014.7   NA  7.0  20.8  155.0     NA 26.8 
1786/12/10 02:00:00  2.23 0.00   NA 27.5 23.7 25.8 1018.8 1014.6   NA  7.0  20.9  153.2     NA 26.9 
1786/12/11 02:00:00  2.24 0.00   NA 27.4 24.7 25.8 1018.3 1014.5   NA  7.0  20.8  151.3     NA 27.7 
1786/12/12 02:00:00  2.31 0.00   NA 27.2 25.0 26.0 1016.8 1014.4   NA  7.1  20.5  149.4     NA 27.2 
1786/12/13 02:00:00  1.41 0.00   NA 27.2 25.2 25.9 1016.5 1014.4   NA  7.2  20.4  148.3     NA 26.9 
1786/12/14 02:00:00  1.66 0.00   NA 27.3 23.7 25.8 1015.8 1014.4   NA  7.4  20.2  146.9     NA 26.6 
1786/12/15 02:00:00  0.91 0.00   NA 27.6 24.7 26.2 1015.5 1014.0   NA  7.5  19.7  146.4     NA 27.2 
1786/12/16 02:00:00  2.69 0.00   NA 27.3 25.0 25.6 1014.7 1014.5   NA  7.5  20.0  144.2     NA 26.5 
1786/12/17 02:00:00  1.49 0.00   NA 27.4 23.9 25.8 1014.5 1014.2   NA  7.8  19.9  143.0     NA 26.9 
1786/12/18 03:00:00  1.24 0.00   NA 27.0 25.2 25.1 1012.7 1014.7   NA  7.9  20.0  141.9     NA 26.2 
1786/12/19 03:00:00  0.71 0.00   NA 27.3 25.0 25.6 1013.5 1014.3   NA  7.9  19.8  141.4     NA 26.7 
1786/12/20 03:00:00  1.41 0.00   NA 27.3 23.1 25.5 1014.7 1014.4   NA  8.0  19.7  140.2     NA 26.4 
1786/12/21 03:00:00  1.95 0.00   NA 27.1 21.9 25.2 1015.2 1014.6   NA  8.3  19.6  138.6     NA 26.1 
1786/12/22 03:00:00  1.93 0.00   NA 27.0 23.7 25.0 1015.7 1014.7   NA  8.4  20.0  137.1     NA 25.8 
1786/12/23 03:00:00  1.95 0.00   NA 26.3 23.7 24.0 1018.0 1015.4   NA  8.7  20.1  135.5     NA 24.6 
1786/12/24 03:00:00  3.32 0.00   NA 25.9 23.1 23.7 1018.5 1015.8   NA  9.1  20.7  132.8     NA 24.7 
1786/12/25 03:00:00  2.41 0.00   NA 25.6 22.5 23.5 1018.0 1016.1   NA  9.2  20.6  130.8     NA 24.7 
1786/12/26 03:00:00  3.50 0.00   NA 25.3 20.0 23.2 1022.3 1016.4   NA  9.5  20.4  127.9     NA 23.9 
1786/12/27 04:00:00  2.64 0.00   NA 24.6 17.5 22.3 1021.3 1017.3   NA  9.2  21.2  125.8     NA 22.4 
1786/12/28 04:00:00  2.27 0.00   NA 24.5 20.6 22.1 1020.6 1017.5   NA  9.3  21.1  123.9     NA 22.8 
1786/12/29 04:00:00  1.04 0.00   NA 24.5 21.9 22.0 1018.6 1017.5   NA  9.3  21.2  123.0     NA 22.7 
1786/12/30 04:00:00  2.40 0.00   NA 24.5 23.5 21.8 1020.6 1017.7   NA  8.5  21.3  121.0     NA 22.3 
1786/12/31 04:00:00  3.10 0.00   NA 21.6 21.2 18.5 1013.6 1018.6   NA  7.9  22.3  118.7     NA 17.8 
1787/01/01 04:00:00  2.88 0.00   NA 19.8 18.1 17.8 1021.6 1018.8   NA  6.8  22.3  116.2     NA 17.2 
1787/01/02 04:00:00  1.70 0.00   NA 20.3 15.0 18.0 1022.6 1018.9   NA  4.3  22.2  114.8     NA 17.6 
1787/01/03 04:00:00  0.34 0.00   NA 20.3 15.6 18.0 1021.9 1018.9   NA  4.2  22.1  114.5     NA 17.6 
1787/01/04 04:00:00  0.33 0.00   NA 20.2   NA 17.9     NA 1018.9   NA  4.2  22.1  114.3     NA 17.5 
1787/01/05 04:00:00    NA   NA   NA   NA   NA   NA     NA     NA   NA   NA    NA     NA     NA   NA 
1787/01/06 04:00:00    NA   NA   NA   NA   NA   NA     NA     NA   NA   NA    NA     NA     NA   NA 
1787/01/07 04:00:00    NA   NA   NA   NA   NA   NA     NA     NA   NA   NA    NA     NA     NA   NA 
1787/01/08 04:00:00    NA   NA   NA   NA   NA   NA     NA     NA   NA   NA    NA     NA     NA   NA 
1787/01/09 04:00:00    NA   NA   NA   NA   NA   NA     NA     NA   NA   NA    NA     NA     NA   NA 
1787/01/10 04:00:00    NA   NA   NA   NA   NA   NA     NA     NA   NA   NA    NA     NA     NA   NA 
1787/01/11 04:00:00    NA   NA   NA   NA   NA   NA     NA     NA   NA   NA    NA     NA     NA   NA 
1787/01/12 04:00:00    NA   NA   NA   NA   NA   NA     NA     NA   NA   NA    NA     NA     NA   NA 
1787/01/13 04:00:00    NA   NA   NA   NA   NA   NA     NA     NA   NA   NA    NA     NA     NA   NA 
1787/01/14 04:00:00    NA   NA   NA   NA   NA   NA     NA     NA   NA   NA    NA     NA     NA   NA 
1787/01/15 04:00:00    NA   NA   NA   NA   NA   NA     NA     NA   NA   NA    NA     NA     NA   NA 
1787/01/16 04:00:00    NA   NA   NA   NA   NA   NA     NA     NA   NA   NA    NA     NA     NA   NA 
1787/01/02 04:00:00    NA 0.00   NA 20.3   NA 18.0     NA 1018.9   NA  4.3  22.2  114.8     NA 17.6 
1787/01/03 04:00:00  0.34 0.00   NA 20.3   NA 18.0     NA 1018.9   NA  4.2  22.1  114.5     NA 17.6 
1787/01/04 04:00:00  0.33 0.00   NA 20.2   NA 17.9     NA 1018.9   NA  4.2  22.1  114.3     NA 17.5 
1787/01/05 04:00:00  0.34 0.00   NA 20.9 15.0 19.0 1012.6 1018.0   NA  5.9  22.0  114.0     NA 19.4 
1787/01/06 04:00:00  0.93 0.00   NA 21.1 14.4 18.9 1013.4 1018.1   NA  6.6  22.0  114.8     NA 19.1 
1787/01/07 04:00:00  0.30 0.00   NA 20.1 16.9 17.8 1013.1 1018.9   NA  4.2  22.1  115.0     NA 17.4 
1787/01/08 04:00:00  0.68 0.00   NA 21.3 20.0 18.8 1014.8 1018.1   NA  7.4  21.6  115.2     NA 18.9 
1787/01/09 04:00:00  1.15 0.00   NA 22.7 21.2 20.2 1015.3 1017.4   NA  8.3  20.9  115.8     NA 20.7 
1787/01/10 04:00:00  1.99 0.00   NA 23.7 22.5 22.1 1016.0 1016.6   NA  9.4  19.9  117.1     NA 22.3 
1787/01/11 04:00:00  1.81 0.00   NA 24.4 23.1 23.3 1014.9 1015.9   NA  9.0  18.9  118.0     NA 23.7 
1787/01/12 04:00:00  0.56 0.00   NA 24.4 25.6 23.3 1014.7 1015.9   NA  9.0  18.5  118.3     NA 23.7 
1787/01/13 04:00:00  0.70 0.00   NA 24.4 26.2 23.2 1012.6 1015.9   NA  8.9  18.2  118.8     NA 23.7 
1787/01/14 04:00:00  1.08 0.00   NA 24.9 26.9 23.5 1011.9 1015.9   NA  8.3  18.2  119.7     NA 24.0 
1787/01/15 04:00:00  0.12 0.00   NA 24.9 27.5 23.5 1011.9 1015.9   NA  8.2  18.2  119.7     NA 24.0 
1787/01/16 04:00:00  0.86 0.00   NA 25.9 27.5 24.3 1010.1 1015.2   NA  4.1  17.9  120.3     NA 25.0 
1787/01/17 04:00:00  0.34 0.00   NA 25.9 26.2 24.3 1010.4 1015.2   NA  4.1  17.7  120.2     NA 25.0 
1787/01/18 04:00:00  0.51 0.00   NA 25.2 35.0 23.6 1012.1 1015.8   NA  6.7  18.0  120.0     NA 24.5 
1787/01/19 04:00:00  0.52 0.00   NA 25.8 26.2 24.3 1013.6 1015.2   NA  4.1  17.7  120.2     NA 25.0 
1787/01/20 04:00:00  2.55 0.00   NA 26.5 26.9 25.4 1014.3 1014.0   NA  4.3  15.7  119.8     NA 25.7 
1787/01/21 04:00:00  1.17 0.00   NA 26.8 28.1 25.8 1014.2 1013.5   NA  5.5  14.8  119.8     NA 26.3 
1787/01/22 04:00:00  0.70 0.00   NA 26.9 27.2 25.8 1011.7 1013.5   NA  4.9  14.5  120.2     NA 26.4 
1787/01/23 04:00:00  0.46 0.00   NA 26.9 27.5 25.7 1015.4 1013.5   NA  4.9  14.4  120.6     NA 26.4 
1787/01/24 04:00:00  0.04 0.00   NA 26.9   NA 25.7     NA 1013.5   NA  4.9  14.4  120.5     NA 26.4 
1787/01/25 04:00:00  0.05 0.00   NA 26.8 26.9 25.7 1013.4 1013.5   NA  4.9  14.4  120.5     NA 26.3 
1787/01/26 04:00:00  0.03 0.00   NA 26.8 28.7 25.7 1013.4 1013.5   NA  4.9  14.5  120.5     NA 26.3 
1787/01/27 04:00:00  0.04 0.00   NA 26.8   NA 25.7     NA 1013.5   NA  4.8  14.5  120.5     NA 26.3 
1787/01/28 04:00:00  0.04 0.00   NA 26.8   NA 25.7     NA 1013.5   NA  4.8  14.5  120.5     NA 26.3 
1787/03/01 04:00:00  0.04 0.00   NA 26.7   NA 26.0     NA 1013.5   NA  2.5  15.4  120.1     NA 27.4 
1787/03/02 04:00:00  0.03 0.00   NA 26.7   NA 26.1     NA 1013.4   NA  2.5  15.4  120.1     NA 27.4 
1787/03/03 04:00:00  0.04 0.00   NA 26.8   NA 26.1     NA 1013.4   NA  2.5  15.5  120.1     NA 27.5 
1787/03/04 04:00:00  0.05 0.00   NA 26.8   NA 26.1     NA 1013.4   NA  2.5  15.5  120.0     NA 27.6 
1787/03/05 04:00:00  0.04 0.00   NA 26.8   NA 26.2     NA 1013.4   NA  2.5  15.5  120.0     NA 27.7 
1787/03/06 04:00:00  0.03 0.00   NA 26.8   NA 26.2     NA 1013.3   NA  2.5  15.5  120.0     NA 27.7 
1787/03/07 04:00:00  0.05 0.00   NA 26.9   NA 26.2     NA 1013.3   NA  2.5  15.6  120.0     NA 27.8 
1787/03/08 04:00:00  0.04 0.00   NA 26.9 30.0 26.1 1012.9 1013.2   NA  3.2  15.6  120.0     NA 26.8 
1787/03/09 04:00:00  0.04 0.00   NA 26.9 30.0 26.1 1013.4 1013.2   NA  3.2  15.6  120.0     NA 26.8 
1787/03/10 04:00:00  0.03 0.00   NA 26.9   NA 26.2     NA 1013.1   NA  3.2  15.6  120.0     NA 26.9 
1787/03/11 04:00:00  0.05 0.00   NA 27.0   NA 26.2     NA 1013.1   NA  3.2  15.7  120.0     NA 26.9 
1787/03/12 04:00:00    NA   NA   NA   NA   NA   NA     NA     NA   NA   NA    NA     NA     NA   NA 
1787/03/13 04:00:00    NA   NA   NA   NA   NA   NA     NA     NA   NA   NA    NA     NA     NA   NA 
1787/03/14 04:00:00    NA   NA   NA   NA   NA   NA     NA     NA   NA   NA    NA     NA     NA   NA 
1787/03/15 04:00:00    NA   NA   NA   NA   NA   NA     NA     NA   NA   NA    NA     NA     NA   NA 
1787/03/16 04:00:00    NA   NA   NA   NA   NA   NA     NA     NA   NA   NA    NA     NA     NA   NA 
1787/03/17 04:00:00    NA   NA   NA   NA   NA   NA     NA     NA   NA   NA    NA     NA     NA   NA 
1787/03/18 04:00:00    NA   NA   NA   NA   NA   NA     NA     NA   NA   NA    NA     NA     NA   NA 
1787/03/19 04:00:00    NA   NA   NA   NA   NA   NA     NA     NA   NA   NA    NA     NA     NA   NA 
1787/03/20 04:00:00    NA   NA   NA   NA   NA   NA     NA     NA   NA   NA    NA     NA     NA   NA 
1787/03/21 04:00:00    NA   NA   NA   NA   NA   NA     NA     NA   NA   NA    NA     NA     NA   NA 
1787/03/07 04:00:00    NA 0.00   NA 26.9   NA 26.2     NA 1013.3   NA  2.5  15.6  120.0     NA 27.8 
1787/03/08 04:00:00  0.04 0.00   NA 26.9   NA 26.1     NA 1013.2   NA  3.2  15.6  120.0     NA 26.8 
1787/03/09 04:00:00  0.04 0.00   NA 26.9   NA 26.1     NA 1013.2   NA  3.2  15.6  120.0     NA 26.8 
1787/03/10 04:00:00  0.03 0.00   NA 26.9   NA 26.2     NA 1013.1   NA  3.2  15.6  120.0     NA 26.9 
1787/03/11 04:00:00  1.60 0.00   NA 27.1 26.2 26.5 1015.4 1012.8   NA  4.4  14.4  120.0     NA 27.1 
1787/03/12 04:00:00  1.67 0.00   NA 27.0 26.0 26.2 1015.5 1013.1   NA  3.2  15.7  119.9     NA 26.9 
1787/03/13 04:00:00  1.12 0.00   NA 26.7 26.2 25.8 1017.8 1013.4   NA  3.3  16.4  119.4     NA 26.8 
1787/03/14 04:00:00  0.54 0.00   NA 26.8 26.2 25.9 1012.6 1013.4   NA  3.3  16.8  119.5     NA 26.9 
1787/03/15 04:00:00  0.31 0.00   NA 26.4 25.6 25.4 1012.8 1013.7   NA  4.3  17.0  119.5     NA 26.4 
1787/03/16 04:00:00  0.58 0.00   NA 26.4 26.2 25.5 1014.3 1013.6   NA  4.2  17.5  119.5     NA 26.5 
1787/03/17 04:00:00  0.90 0.00   NA 25.9 26.2 25.0 1016.6 1013.9   NA  5.4  18.2  119.3     NA 26.1 
1787/03/18 04:00:00  1.70 0.00   NA 25.3 26.2 24.5 1012.7 1014.2   NA  6.1  19.5  119.3     NA 25.5 
1787/03/19 04:00:00  2.10 0.00   NA 24.9 26.9 23.7 1013.6 1014.5   NA  6.0  21.0  120.0     NA 25.0 
1787/03/20 04:00:00  0.56 0.00   NA 25.0 22.5 23.3 1013.1 1014.9   NA  5.2  21.4  120.1     NA 24.1 
1787/03/21 04:00:00  0.67 0.00   NA 24.5 21.5 22.7 1018.1 1014.8   NA  5.1  21.6  119.6     NA 23.5 
1787/03/22 04:00:00  0.52 0.00   NA 23.2 20.6 21.0 1017.6 1015.1   NA  4.3  22.0  119.6     NA 22.2 
1787/03/23 04:00:00  0.49 0.00   NA 23.2 20.6 21.1 1017.9 1015.0   NA  4.3  22.0  120.0     NA 22.3 
1787/03/24 04:00:00  0.75 0.00   NA 24.9 20.6 22.2 1017.6 1015.0   NA  3.7  22.4  120.5     NA 23.4 
1787/03/25 04:00:00  1.12 0.00   NA 23.3 20.6 21.3 1017.9 1014.8   NA  4.3  22.8  119.6     NA 22.5 
1787/03/26 04:00:00  0.65 0.00   NA 23.4 20.0 21.4 1024.7 1014.8   NA  4.2  22.9  119.1     NA 22.6 
1787/03/27 04:00:00  1.24 0.00   NA 25.1 22.5 22.5 1017.7 1014.8   NA  3.6  22.5  120.0     NA 23.6 
1787/03/28 04:00:00  0.46 0.00   NA 25.1 22.5 22.6 1015.9 1014.7   NA  3.6  22.9  120.2     NA 23.7 
1787/03/29 04:00:00  0.68 0.00   NA 24.6   NA 21.9     NA 1015.0   NA  3.3  23.4  120.2     NA 22.4 
1787/03/30 04:00:00  1.61 0.00   NA 25.2   NA 22.7     NA 1014.5   NA  3.6  22.2  120.3     NA 23.9 
1787/05/01 04:00:00  0.06 0.00   NA 27.2   NA 26.2     NA 1011.3   NA  5.2  21.8  121.8     NA 27.5 
1787/05/02 04:00:00  0.07 0.00   NA 27.2   NA 26.3     NA 1011.2   NA  5.2  21.7  121.8     NA 27.6 
1787/05/03 04:00:00  0.07 0.00   NA 27.3 25.0 26.3 1017.6 1011.1   NA  5.1  21.8  121.9     NA 27.7 
1787/05/04 04:00:00  0.97 0.00   NA 26.9 25.0 25.9 1012.6 1011.3   NA  5.1  22.2  122.5     NA 27.2 
1787/05/05 04:00:00  0.67 0.00   NA 26.9 23.7 26.0 1016.4 1011.2   NA  5.0  22.7  122.8     NA 27.3 
1787/05/06 04:00:00  2.36 0.00   NA 25.9 24.4 24.5 1012.3 1011.4   NA  4.4  24.5  122.9     NA 25.4 
1787/05/07 04:00:00  2.08 0.00   NA 23.7 24.7 22.3 1012.6 1011.7   NA  5.7  26.1  123.4     NA 23.2 
1787/05/08 04:00:00  1.38 0.00   NA 21.7 24.4 20.8 1007.2 1011.8   NA  5.6  27.1  123.4     NA 21.3 
1787/05/09 04:00:00  1.03 0.00   NA 21.3 20.0 20.5 1006.8 1011.5   NA  5.3  27.7  122.8     NA 21.1 
1787/05/10 04:00:00  0.91 0.00   NA 19.8 20.0 19.4 1010.1 1011.7   NA  5.4  28.3  123.3     NA 20.2 
1787/05/11 04:00:00  0.44 0.00   NA 20.0 18.7 19.5 1009.3 1011.5   NA  5.4  28.6  123.5     NA 20.3 
1787/05/12 04:00:00  0.11 0.00   NA 20.1 17.5 19.6 1009.6 1011.4   NA  5.4  28.7  123.5     NA 20.4 
1787/05/13 04:00:00  1.00 0.00   NA 18.5 18.7 18.4 1007.4 1011.4   NA  5.2  29.4  123.6     NA 19.4 
1787/05/14 04:00:00  0.46 0.00   NA 18.6 17.5 18.6 1010.7 1011.3   NA  5.2  29.8  123.4     NA 19.5 
1787/05/15 04:00:00  1.00 0.00   NA 17.5 16.5 17.5 1010.7 1011.5   NA  5.2  30.0  124.3     NA 18.4 
1787/05/16 04:00:00  0.62 0.00   NA 17.7 16.9 17.7 1010.7 1011.3   NA  5.2  30.5  124.1     NA 18.5 
1787/05/17 04:00:00  0.39 0.00   NA 17.8 15.0 17.8 1010.5 1011.2   NA  5.2  30.8  124.1     NA 18.7 
1787/05/18 04:00:00  0.69 0.00   NA 16.9 15.6 17.0 1011.1 1011.1   NA  5.2  31.2  124.4     NA 18.0 
1787/05/19 04:00:00  0.68 0.00   NA 17.1 15.6 17.1 1011.3 1011.0   NA  5.2  31.8  124.4     NA 18.1 
1787/05/20 04:00:00  0.46 0.00   NA 16.4 14.4 16.6 1006.9 1011.0   NA  5.1  32.1  124.5     NA 17.4 
1787/05/21 04:00:00  1.81 0.00   NA 18.1 13.1 17.7 1007.2 1011.0   NA  4.8  32.6  126.1     NA 18.2 
1787/05/22 04:00:00  0.77 0.00   NA 18.2 14.4 17.8 1010.9 1010.9   NA  4.7  33.0  126.6     NA 18.3 
1787/05/23 03:00:00  1.41 0.00   NA 18.3 16.9 17.8 1012.8 1010.9   NA  4.7  33.7  127.6     NA 18.8 
1787/05/24 03:00:00  1.33 0.00   NA 18.4 16.2 17.8 1003.6 1010.9   NA  3.9  34.4  128.5     NA 18.1 
1787/05/25 03:00:00  0.71 0.00   NA 18.3 15.0 18.1 1006.6 1010.9   NA  4.5  34.5  129.1     NA 18.9 
1787/05/26 03:00:00  1.41 0.00   NA 17.6 15.6 17.4 1006.9 1010.7   NA  3.9  35.5  129.8     NA 18.4 
1787/05/27 03:00:00  1.37 0.00   NA 17.0 15.0 16.8 1001.5 1010.5   NA  4.8  36.4  130.5     NA 18.2 
1787/05/28 03:00:00  0.42 0.00   NA 17.1 13.7 16.9 1007.8 1010.4   NA  4.8  36.7  130.6     NA 18.3 
1787/05/29 03:00:00  0.74 0.00   NA 16.5 13.7 16.2 1012.1 1010.3   NA  5.0  37.1  131.0     NA 17.9 
1787/05/30 03:00:00  1.74 0.00   NA 15.6 15.0 15.2 1013.9 1010.2   NA  5.0  38.2  132.1     NA 17.4 
1787/05/31 03:00:00  0.83 0.00   NA 15.8 14.4 15.4 1013.9 1010.1   NA  4.9  38.4  132.9     NA 17.5 
1787/06/01 03:00:00  0.92 0.00   NA 15.8 15.6 15.3 1015.2 1010.2   NA  4.8  38.2  133.8     NA 17.2 
1787/06/02 03:00:00    NA   NA   NA   NA   NA   NA     NA     NA   NA   NA    NA     NA     NA   NA 
1787/06/03 03:00:00    NA   NA   NA   NA   NA   NA     NA     NA   NA   NA    NA     NA     NA   NA 
1787/06/04 03:00:00    NA   NA   NA   NA   NA   NA     NA     NA   NA   NA    NA     NA     NA   NA 
1787/06/05 03:00:00    NA   NA   NA   NA   NA   NA     NA     NA   NA   NA    NA     NA     NA   NA 
1787/06/06 03:00:00    NA   NA   NA   NA   NA   NA     NA     NA   NA   NA    NA     NA     NA   NA 
1787/06/07 03:00:00    NA   NA   NA   NA   NA   NA     NA     NA   NA   NA    NA     NA     NA   NA 
1787/06/08 03:00:00    NA   NA   NA   NA   NA   NA     NA     NA   NA   NA    NA     NA     NA   NA 
1787/06/09 03:00:00    NA   NA   NA   NA   NA   NA     NA     NA   NA   NA    NA     NA     NA   NA 
1787/06/10 03:00:00    NA   NA   NA   NA   NA   NA     NA     NA   NA   NA    NA     NA     NA   NA 
1787/06/11 03:00:00    NA   NA   NA   NA   NA   NA     NA     NA   NA   NA    NA     NA     NA   NA 
1787/06/12 03:00:00    NA   NA   NA   NA   NA   NA     NA     NA   NA   NA    NA     NA     NA   NA 
1787/06/13 03:00:00    NA   NA   NA   NA   NA   NA     NA     NA   NA   NA    NA     NA     NA   NA 
1787/06/14 03:00:00    NA   NA   NA   NA   NA   NA     NA     NA   NA   NA    NA     NA     NA   NA 
1787/06/15 03:00:00    NA   NA   NA   NA   NA   NA     NA     NA   NA   NA    NA     NA     NA   NA 
1787/06/16 03:00:00    NA   NA   NA   NA   NA   NA     NA     NA   NA   NA    NA     NA     NA   NA 
1787/06/17 03:00:00    NA   NA   NA   NA   NA   NA     NA     NA   NA   NA    NA     NA     NA   NA 
1787/06/18 03:00:00    NA 0.00   NA 10.8 10.0 11.3 1001.9 1009.5   NA  4.4  44.2  137.1     NA 14.6 
1787/06/19 03:00:00  0.43 0.00   NA 10.9 10.0 11.4 1005.7 1009.5   NA  4.4  44.5  137.2     NA 14.8 
1787/06/20 03:00:00  0.31 0.00   NA 11.1  9.4 11.6 1002.5 1009.4   NA  4.4  44.7  137.3     NA 14.9 
1787/06/21 03:00:00  0.55 0.00   NA 11.3 10.0 11.8 1005.0 1009.4   NA  4.4  44.8  137.9     NA 15.0 
1787/06/22 03:00:00  0.38 0.00   NA 11.0 10.0 11.5 1005.0 1009.5   NA  4.3  45.0  138.1     NA 15.6 
1787/06/23 03:00:00  0.25 0.00   NA 11.1  7.5 11.5 1005.5 1009.2   NA  3.3  45.2  138.0     NA 15.6 
1787/06/24 03:00:00  0.10 0.00   NA 11.3   NA 11.7     NA 1009.1   NA  3.3  45.2  137.9     NA 15.6 
1787/06/25 03:00:00  0.10 0.00   NA 11.4 10.0 11.8 1012.3 1009.1   NA  3.3  45.2  137.8     NA 15.7 
1787/06/26 03:00:00  0.09 0.00   NA 11.6 10.0 12.0 1012.3 1009.0   NA  3.3  45.2  137.7     NA 15.8 
1787/06/27 03:00:00  0.08 0.00   NA 11.8  7.5 12.2 1014.3 1009.0   NA  3.3  45.2  137.6     NA 15.8 
1787/06/28 03:00:00  1.60 0.00   NA 11.6  9.4 12.0 1015.4 1009.1   NA  3.3  46.1  138.8     NA 14.7 
1787/06/29 03:00:00  1.00 0.00   NA 11.7 10.6 12.2 1009.4 1009.4   NA  4.1  46.9  139.2     NA 14.1 
1787/06/30 03:00:00  0.84 0.00   NA 11.5 10.0 11.8 1012.0 1009.2   NA  3.2  47.3  139.9     NA 13.5 
1787/07/01 03:00:00  0.64 0.00   NA 11.7 11.2 12.0 1011.8 1009.1   NA  3.2  47.8  139.9     NA 13.6 
1787/07/02 03:00:00  0.18 0.00   NA 11.8   NA 12.2 1011.8 1009.1   NA  3.2  47.9  139.7     NA 13.6 
1787/07/03 03:00:00  0.05 0.00   NA 12.0 10.0 12.4 1011.5 1009.0   NA  3.2  47.9  139.8     NA 13.7 
1787/07/04 03:00:00  0.00 0.00   NA 12.2   NA 12.5 1008.5 1009.0   NA  3.2  47.9  139.8     NA 13.7 
1787/07/05 03:00:00  0.17 0.00   NA 12.3 11.2 12.7 1004.8 1008.9   NA  3.2  47.7  139.8     NA 13.8 
1787/07/06 03:00:00  0.83 0.00   NA 11.6 12.5 12.4  997.3 1009.0   NA  3.2  48.0  140.7     NA 12.7 
1787/07/07 03:00:00  1.08 0.00   NA 11.8 11.9 12.5 1000.8 1009.3   NA  3.5  48.5  141.7     NA 12.6 
1787/07/08 03:00:00  0.25 0.00   NA 12.0 12.5 12.7  996.8 1009.2   NA  3.5  48.4  141.9     NA 12.7 
1787/07/09 03:00:00  0.19 0.00   NA 12.1 11.9 12.9  999.0 1009.2   NA  3.5  48.2  142.0     NA 12.8 
1787/07/10 03:00:00  0.26 0.00   NA 12.1 13.1 12.6 1009.1 1009.4   NA  3.5  48.4  142.2     NA 12.7 
1787/07/11 02:00:00  0.48 0.00   NA 12.3 13.1 12.7 1009.1 1009.4   NA  3.5  48.1  142.5     NA 12.8 
1787/07/12 02:00:00  0.24 0.00   NA 12.6 13.7 13.2 1008.8 1009.5   NA  3.7  47.9  142.5     NA 13.4 
1787/07/13 02:00:00  0.10 0.00   NA 12.7 16.2 13.4 1006.0 1009.4   NA  3.7  47.8  142.4     NA 13.5 
1787/07/14 03:00:00  0.50 0.00   NA 12.7 16.9 13.2 1006.1 1009.3   NA  3.5  48.2  142.3     NA 13.2 
1787/07/15 03:00:00  0.53 0.00   NA 13.1 13.7 13.8 1006.6 1009.0   NA  3.5  48.5  141.8     NA 13.6 
1787/07/16 03:00:00  0.30 0.00   NA 13.2 15.0 13.9 1008.6 1009.0   NA  3.5  48.4  141.5     NA 13.7 
1787/07/17 03:00:00  0.32 0.00   NA 13.4 12.5 14.1 1006.1 1008.9   NA  3.5  48.3  141.1     NA 13.9 
1787/07/18 03:00:00  0.18 0.00   NA 13.5 14.7 14.2 1006.3 1009.0   NA  3.5  48.2  141.0     NA 14.1 
1787/07/19 03:00:00  1.28 0.00   NA 13.6 16.2 14.3 1006.4 1009.0   NA  3.6  49.0  142.0     NA 14.2 
1787/07/20 02:00:00  0.99 0.00   NA 10.4 17.5 12.0 1006.2 1009.1   NA  3.0  49.4  142.9     NA 12.5 
1787/07/21 02:00:00  0.58 0.00   NA 10.5 16.2 12.1 1006.5 1009.1   NA  3.0  49.9  142.9     NA 12.6 
1787/07/22 02:00:00  0.83 0.01   NA  9.1 17.5 11.2 1007.0 1009.0   NA  3.0  50.5  142.8     NA 12.7 
1787/07/23 02:00:00  0.46 0.01   NA  9.2 18.1 11.3 1008.6 1009.0   NA  3.0  50.9  142.9     NA 12.8 
1787/07/24 02:00:00  0.79 0.00   NA  9.2 17.5 10.8 1011.6 1008.9   NA  3.5  51.5  142.8     NA 12.2 
1787/07/25 02:00:00  0.10 0.00   NA  9.3   NA 10.9     NA 1008.9   NA  3.5  51.4  142.7     NA 12.4 
1787/07/26 02:00:00  0.11 0.00   NA  9.4   NA 11.0     NA 1008.9   NA  3.5  51.3  142.7     NA 12.5 
1787/07/27 02:00:00  0.10 0.00   NA  9.5   NA 11.2     NA 1009.0   NA  3.5  51.3  142.6     NA 12.7 
1787/07/28 02:00:00  0.11 0.00   NA  9.6   NA 11.3     NA 1009.0   NA  3.5  51.2  142.6     NA 12.8 
1787/07/29 02:00:00  0.10 0.00   NA  9.8   NA 11.4     NA 1009.0   NA  3.5  51.1  142.5     NA 13.0 
1787/07/30 02:00:00  0.11 0.00   NA  9.9   NA 11.5     NA 1009.1   NA  3.5  51.0  142.5     NA 13.1 
1787/07/31 02:00:00  0.10 0.01   NA 10.2   NA 12.3     NA 1009.2   NA  3.1  51.0  142.4     NA 14.1 
1787/08/01 02:00:00  0.11 0.01   NA 10.4   NA 12.4     NA 1009.2   NA  3.1  50.9  142.4     NA 14.3 
1787/08/02 02:00:00  0.10 0.01   NA 10.5   NA 12.5     NA 1009.3   NA  3.1  50.8  142.3     NA 14.5 
1787/08/03 02:00:00  0.11 0.01   NA 10.6   NA 12.7     NA 1009.3   NA  3.1  50.7  142.3     NA 14.6 
1787/08/04 02:00:00  0.10 0.01   NA 10.7   NA 12.8     NA 1009.3   NA  3.1  50.7  142.3     NA 14.8 
1787/08/05 03:00:00  0.11 0.00   NA 10.8 12.5 12.9 1009.0 1009.4   NA  3.1  50.6  142.2     NA 14.9 
1787/08/06 03:00:00  0.36 0.00   NA 10.9 17.5 13.0  996.7 1009.4   NA  3.1  50.3  142.2     NA 15.1 
1787/08/07 03:00:00  0.32 0.00   NA 11.0 16.2 13.1  995.0 1009.5   NA  3.2  50.1  142.5     NA 15.3 
1787/08/08 03:00:00  1.19 0.00   NA 12.8 18.7 14.1 1005.4 1009.6   NA  3.2  49.2  142.0     NA 15.4 
1787/08/09 02:00:00  1.54 0.00   NA 14.3 16.9 14.9 1002.6 1010.0   NA  4.2  48.4  143.3     NA 16.1 
1787/08/10 02:00:00  2.20 0.00   NA 16.4 16.5 16.7 1005.9 1010.0   NA  4.2  46.8  142.7     NA 18.3 
1787/08/11 02:00:00  1.04 0.00   NA 16.8 18.7 17.3 1009.9 1010.2   NA  4.1  46.0  142.9     NA 18.2 
1787/08/12 02:00:00  0.43 0.00   NA 16.1 13.7 16.5 1011.1 1010.4   NA  4.4  45.7  143.1     NA 17.2 
1787/08/13 03:00:00  0.76 0.00   NA 16.9 13.0 17.4 1011.6 1010.3   NA  4.1  45.4  142.4     NA 18.1 
1787/08/14 02:00:00  3.22 0.00   NA 14.7 14.4 15.1 1010.8 1010.5   NA  5.1  47.5  144.1     NA 16.1 
1787/08/15 02:00:00  1.89 0.00   NA 15.2 15.6 15.2 1015.1 1010.9   NA  5.4  46.1  145.1     NA 14.6 
1787/08/16 02:00:00  0.98 0.00   NA 14.7 15.6 14.8 1015.2 1011.1   NA  5.4  46.3  146.1     NA 13.7 
1787/08/17 02:00:00  0.50 0.00   NA 14.7 15.6 14.8 1008.9 1011.2   NA  5.4  46.1  146.6     NA 13.7 
1787/08/18 02:00:00  0.57 0.00   NA 13.5 15.0 14.5 1008.1 1011.5   NA  5.1  46.0  147.2     NA 13.5 
1787/08/19 02:00:00  1.21 0.00   NA 13.0 16.2 13.4 1003.6 1011.6   NA  5.3  46.3  148.5     NA 11.9 
1787/08/20 02:00:00  1.77 0.00   NA  9.8 16.2 11.4 1006.4 1012.0   NA  5.3  46.5  150.4     NA 10.9 
1787/08/21 02:00:00  1.13 0.00   NA  9.3 13.5 10.4 1009.0 1012.0   NA  5.7  47.2  151.2     NA  9.9 
1787/08/22 02:00:00  0.09 0.00   NA  9.3 15.0 10.4 1011.7 1012.1   NA  5.7  47.2  151.1     NA  9.8 
1787/08/23 02:00:00  0.05 0.00   NA  9.4 16.2 10.4 1014.0 1012.2   NA  5.8  47.2  151.2     NA  9.8 
1787/08/24 02:00:00  0.55 0.00   NA  9.4 13.5 10.4 1009.0 1012.3   NA  5.8  47.4  151.7     NA  9.7 
1787/08/25 02:00:00  0.36 0.00   NA  8.7 12.5 10.0 1008.3 1012.5   NA  5.9  47.5  152.1     NA  9.6 
1787/08/26 02:00:00  0.18 0.00   NA  8.7 13.7 10.0 1006.5 1012.6   NA  6.0  47.3  152.1     NA  9.5 
1787/08/27 02:00:00  0.29 0.00   NA  8.7 11.7 10.0 1009.2 1012.7   NA  6.0  47.2  152.4     NA  9.5 
1787/08/28 02:00:00  0.29 0.00   NA  8.7 11.5 10.0  979.6 1012.8   NA  6.0  47.1  152.1     NA  9.4 
1787/08/29 02:00:00  1.05 0.00   NA  9.5  8.7 10.7 1014.7 1013.1   NA  6.1  46.3  152.3     NA 11.1 
1787/08/30 02:00:00  0.87 0.00   NA 12.2 10.0 12.3 1014.6 1013.4   NA  6.4  46.0  153.1     NA 12.3 
1787/08/31 02:00:00  1.39 0.00   NA 11.2 13.5 11.3 1014.7 1013.4   NA  6.4  46.2  154.6     NA 11.2 
1787/09/01 02:00:00  1.80 0.00   NA 11.5 15.0 11.3 1013.7 1013.4   NA  6.5  47.1  156.3     NA 11.5 
1787/09/02 01:00:00  2.44 0.00   NA 11.3 12.4 11.0 1009.8 1013.4   NA  6.6  48.5  158.0     NA 11.4 
1787/09/03 01:00:00  1.21 0.00   NA 11.0 11.2 10.8 1016.9 1013.3   NA  6.6  49.3  158.7     NA 10.9 
1787/09/04 01:00:00  1.43 0.00   NA 10.6 12.5 10.5 1018.3 1013.2   NA  6.4  50.4  158.8     NA 10.3 
1787/09/05 01:00:00  1.00 0.00   NA 10.9 12.2 10.7 1010.1 1013.3   NA  6.6  50.9  159.6     NA 10.6 
1787/09/06 01:00:00  2.00 0.00   NA 10.8 11.0 10.7 1002.9 1013.0   NA  5.6  52.4  160.3     NA 11.0 
1787/09/07 01:00:00  0.92 0.00   NA 10.7  9.7 10.5 1006.2 1013.1   NA  5.2  52.8  159.2     NA 10.5 
1787/09/08 01:00:00  0.31 0.00   NA 10.7   NA 10.5     NA 1013.1   NA  3.5  53.0  159.2     NA  9.9 
1787/09/09 01:00:00  0.46 0.00   NA 10.6   NA 10.4     NA 1013.4   NA  5.3  52.7  159.2     NA 10.3 
1787/09/10 01:00:00  0.08 0.00   NA 10.5   NA 10.3     NA 1013.5   NA  5.3  52.6  159.2     NA 10.2 
1787/09/11 01:00:00  0.09 0.00   NA 10.5   NA 10.2     NA 1013.6   NA  5.4  52.5  159.3     NA 10.1 
1787/09/12 01:00:00  0.08 0.00   NA 10.4   NA 10.2     NA 1013.6   NA  5.4  52.5  159.3     NA 10.0 
1787/09/13 01:00:00  0.08 0.00   NA 10.4   NA 10.1     NA 1013.7   NA  5.4  52.4  159.3     NA 10.0 
1787/09/30 01:00:00  0.08 0.00   NA  9.0   NA  8.4     NA 1013.9   NA  7.5  51.4  159.3     NA  8.0 
1787/10/01 01:00:00  0.08 0.00   NA  8.9  6.7  8.3  990.8 1013.8   NA  7.6  51.3  159.3     NA  7.8 
1787/10/02 01:00:00  2.09 0.00   NA  9.8  5.2  9.0 1006.7 1014.3   NA  8.6  49.7  160.1     NA  9.2 
1787/10/03 01:00:00  2.32 0.00   NA 10.6  7.4  9.9 1002.0 1015.0   NA  8.9  47.9  160.1     NA 11.3 
1787/10/04 01:00:00  1.94 0.00   NA 11.4  7.4 10.6  998.9 1015.4   NA  8.9  46.5  160.4     NA 11.5 
1787/10/05 01:00:00  2.34 0.00   NA 13.6  6.9 12.2 1005.5 1016.1   NA  8.7  44.7  161.2     NA 13.0 
1787/10/06 01:00:00  1.99 0.00   NA 14.2 10.0 13.0 1021.4 1016.3   NA  8.6  43.3  162.0     NA 13.9 
1787/10/07 01:00:00  1.02 0.00   NA 13.7 12.4 12.6 1023.9 1016.4   NA  8.6  43.3  163.0     NA 13.3 
1787/10/08 01:00:00  1.02 0.00   NA 13.4 15.0 12.5 1012.1 1016.5   NA  8.7  43.3  164.1     NA 13.6 
1787/10/09 01:00:00  2.54 0.00   NA 16.0 14.4 14.6 1013.7 1017.1   NA  8.4  41.4  164.8     NA 15.5 
1787/10/10 01:00:00  1.22 0.00   NA 17.7 14.4 15.9 1016.9 1017.4   NA  8.4  40.4  164.8     NA 16.9 
1787/10/11 01:00:00  1.06 0.00   NA 19.3 14.4 17.1 1005.0 1017.7   NA  8.4  39.7  165.2     NA 18.0 
1787/10/12 01:00:00  1.25 0.00   NA 20.4 15.0 18.2 1016.2 1017.8   NA  8.4  38.8  165.6     NA 19.6 
1787/10/13 01:00:00  1.03 0.00   NA 20.2 16.0 18.0 1015.0 1017.9   NA  8.4  38.8  166.6     NA 19.5 
1787/10/14 01:00:00  0.89 0.00   NA 20.2 17.6 18.0 1023.2 1018.0   NA  8.4  38.1  166.6     NA 19.4 
1787/10/15 01:00:00  1.74 0.00   NA 20.8 20.6 19.0 1016.4 1018.3   NA  8.2  37.6  168.2     NA 20.0 
1787/10/16 01:00:00  1.75 0.00   NA 20.8 21.0 19.0 1014.6 1018.5   NA  8.2  37.6  169.9     NA 19.9 
1787/10/17 00:00:00  2.90 0.00   NA 20.6 18.7 18.5 1011.3 1018.6   NA  8.2  37.5  172.6     NA 19.9 
1787/10/18 00:00:00  1.29 0.00   NA 20.4 17.5 18.2 1016.6 1018.7   NA  8.2  37.5  173.9     NA 20.0 
1787/10/19 00:00:00  1.60 0.00   NA 20.0 18.6 18.0 1005.1 1018.8   NA  8.2  37.4  175.5     NA 19.4 
1787/10/20 00:00:00  2.51 0.00   NA 19.8 16.1 17.8 1021.8 1018.8   NA  8.2  37.2  177.9     NA 18.9 
1787/10/22 00:00:00  1.09 0.00   NA 19.5 12.7 17.3 1001.8 1018.7   NA  8.2  37.1 -180.0     NA 18.0 
1787/10/23 00:00:00  1.93 0.00   NA 19.3 13.7 17.2 1005.8 1018.7   NA  8.3  37.3 -178.1     NA 18.7 
1787/10/24 00:00:00  1.57 0.00   NA 20.1 13.7 18.0 1016.0 1019.0   NA  8.1  36.1 -178.3     NA 19.5 
1787/10/25 00:00:00  1.58 0.00   NA 20.6 20.0 18.7 1008.4 1019.2   NA  8.0  35.8 -176.8     NA 19.9 
1787/10/26 00:00:00  1.38 0.00   NA 21.3 20.1 19.4 1013.6 1019.3   NA  7.8  34.9 -176.0     NA 20.3 
1787/10/27 00:00:00  1.68 0.00   NA 21.9 21.0 20.1 1010.4 1019.2   NA  7.6  33.8 -175.3     NA 21.1 
1787/10/28 00:00:00  1.67 0.00   NA 22.4 21.2 20.7 1011.4 1019.0   NA  7.4  32.6 -174.5     NA 22.1 
1787/10/29 00:00:00  1.63 0.00   NA 23.0 22.5 21.3 1013.3 1018.9   NA  7.2  31.5 -173.8     NA 22.5 
1787/10/30 00:00:00  2.45 0.00   NA 24.2 21.2 22.4 1022.2 1018.6   NA  6.9  29.6 -173.9     NA 23.6 
1787/10/31 00:00:00  2.69 0.00   NA 25.2 23.1 23.5 1018.3 1017.9   NA  6.8  27.6 -174.3     NA 24.6 
1787/11/01 00:00:00  0.84 0.00   NA 25.1 25.0 23.4 1013.5 1017.9   NA  6.8  27.0 -174.7     NA 24.5 
1787/11/02 00:00:00  1.78 0.00   NA 25.5 26.2 23.8 1013.9 1017.6   NA  6.8  26.4 -173.3     NA 25.1 
1787/11/03 00:00:00  0.11 0.00   NA 25.4 22.6 23.8 1014.9 1017.6   NA  6.9  26.4 -173.3     NA 25.0 
1787/11/04 00:00:00  1.48 0.00   NA 25.9 25.6 24.2 1017.1 1017.2   NA  6.9  25.2 -173.4     NA 25.5 
1787/11/05 00:00:00  2.01 0.00   NA 26.5 25.0 24.9 1019.0 1016.4   NA  7.1  23.7 -173.6     NA 26.0 
1787/11/06 00:00:00  2.61 0.00   NA 27.1 25.0 25.4 1016.3 1015.5   NA  7.3  21.7 -173.8     NA 27.0 
1787/11/07 00:00:00  2.41 0.00   NA 27.5 25.0 25.8 1015.1 1014.6   NA  7.5  19.8 -173.8     NA 27.9 
1787/11/08 00:00:00  2.42 0.00   NA 27.8 25.1 26.1 1013.1 1013.7   NA  7.7  17.9 -173.7     NA 27.7 
1787/11/09 00:00:00  2.10 0.00   NA 27.8 25.0 26.4 1016.3 1013.2   NA  7.7  16.3 -173.7     NA 27.6 
1787/11/10 00:00:00  1.88 0.00   NA 28.0 25.6 26.8 1012.0 1012.2   NA  7.5  14.8 -173.7     NA 28.2 
1787/11/11 00:00:00  2.42 0.00   NA 28.0 26.2 27.1 1011.1 1011.4   NA  7.2  12.9 -173.8     NA 27.9 
1787/11/12 00:00:00  1.72 0.00   NA 28.1 26.2 27.1 1010.1 1010.9   NA  7.0  11.6 -173.6     NA 27.9 
1787/11/13 00:00:00  1.71 0.00   NA 28.1 25.9 27.1 1008.1 1010.5   NA  6.7  10.3 -173.4     NA 28.0 
1787/11/14 00:00:00  1.72 0.00   NA 28.5 26.2 26.9 1009.1 1009.9   NA  5.7   9.0 -173.3     NA 28.0 
1787/11/15 00:00:00  1.71 0.00   NA 28.7 26.2 27.0 1005.5 1009.6   NA  5.3   7.6 -173.1     NA 27.9 
1787/11/16 00:00:00  1.70 0.00   NA 28.8 26.0 27.2 1006.5 1009.4   NA  5.0   6.3 -173.0     NA 27.9 
1787/11/17 00:00:00  2.31 0.00   NA 28.6 26.2 27.2 1007.9 1009.0   NA  4.8   4.5 -172.9     NA 28.4 
1787/11/18 00:00:00  1.11 0.00   NA 28.5 26.2 27.1 1008.4 1008.9   NA  4.9   3.7 -172.8     NA 28.5 
1787/11/19 00:00:00  1.20 0.00   NA 28.4 25.6 27.2 1008.4 1008.8   NA  4.8   3.1 -173.6     NA 28.4 
1787/11/20 00:00:00  1.50 0.00   NA 28.1 26.2 27.1 1008.9 1008.7   NA  4.8   2.1 -174.0     NA 28.4 
1787/11/21 00:00:00  1.52 0.00   NA 28.2 25.6 26.8 1008.4 1008.5   NA  4.9   0.9 -174.2     NA 28.2 
1787/11/22 00:00:00  1.90 0.00   NA 28.4   NA 26.8     NA 1008.5   NA  4.9  -0.6 -174.2     NA 28.2 
1787/11/23 00:00:00  1.67 0.00   NA 28.6 25.6 27.0 1008.9 1008.5   NA  4.9  -1.8 -173.8     NA 28.3 
1787/11/24 00:00:00  1.34 0.00   NA 28.7 25.9 27.1 1008.4 1008.5   NA  4.8  -2.8 -173.5     NA 28.4 
1787/11/25 00:00:00  1.15 0.00   NA 28.7 26.2 27.2 1008.9 1008.5   NA  4.8  -3.5 -172.9     NA 28.3 
1787/11/25 23:00:00  1.19 0.00   NA 28.7 27.5 27.2 1007.9 1008.5   NA  4.8  -3.8 -172.1     NA 28.3 
1787/11/26 23:00:00  0.72 0.00   NA 28.8 26.0 27.2 1006.4 1008.5   NA  4.9  -3.9 -171.5     NA 28.1 
1787/11/27 23:00:00  0.58 0.00   NA 29.0 26.6 27.3 1006.9 1008.4   NA  4.8  -4.3 -171.3     NA 28.4 
1787/11/28 23:00:00  1.69 0.00   NA 29.0 27.5 27.4 1008.7 1008.5   NA  4.7  -5.4 -170.7     NA 28.5 
1787/11/29 23:00:00  1.35 0.00   NA 29.2 26.9 27.5 1007.9 1008.5   NA  4.6  -6.3 -170.1     NA 28.7 
1787/11/30 23:00:00  2.07 0.00   NA 29.3 23.7 27.5 1009.2 1008.6   NA  4.5  -7.6 -169.2     NA 28.5 
1787/12/01 23:00:00  2.08 0.00   NA 29.2 25.0 27.5 1006.0 1008.7   NA  4.5  -9.0 -168.3     NA 27.9 
1787/12/02 23:00:00  1.98 0.00   NA 28.9 25.7 27.4 1003.0 1008.9   NA  4.7 -10.4 -167.8     NA 28.3 
1787/12/03 23:00:00  1.47 0.00   NA 28.7 24.7 27.3 1005.3 1009.1   NA  4.9 -11.6 -167.8     NA 28.3 
1787/12/04 23:00:00  0.79 0.00   NA 28.5 26.2 27.2 1007.1 1009.2   NA  5.1 -12.2 -167.6     NA 28.0 
1787/12/05 23:00:00  0.92 0.00   NA 28.6 26.7 27.2 1009.4 1009.1   NA  5.0 -12.7 -168.1     NA 27.9 
1787/12/06 23:00:00  0.90 0.00   NA 28.4 26.2 27.0 1009.7 1009.3   NA  5.2 -13.3 -168.4     NA 27.8 
1787/12/07 23:00:00  1.33 0.00   NA 28.1 25.6 26.7 1009.9 1009.3   NA  5.2 -14.1 -169.1     NA 27.5 
1787/12/08 23:00:00  1.09 0.00   NA 28.5 25.1 27.0 1009.2 1009.1   NA  5.0 -14.0 -170.0     NA 27.9 
1787/12/09 23:00:00  0.38 0.00   NA 28.2 26.2 26.7 1009.2 1009.2   NA  5.0 -14.2 -170.2     NA 27.5 
1787/12/10 23:00:00  0.18 0.00   NA 28.2 26.2 26.7 1009.4 1009.1   NA  5.0 -14.2 -170.3     NA 27.5 
1787/12/11 23:00:00  0.18 0.00   NA 28.2 25.6 26.8 1008.9 1009.1   NA  5.0 -14.3 -170.4     NA 27.5 
1787/12/12 23:00:00  0.10 0.00   NA 28.2 26.2 26.8 1008.7 1009.0   NA  5.0 -14.2 -170.5     NA 27.5 
1787/12/13 23:00:00  0.22 0.00   NA 28.2 26.9 26.8 1007.4 1009.0   NA  4.9 -14.1 -170.6     NA 27.6 
1787/12/14 23:00:00  0.64 0.00   NA 28.5 26.9 27.0 1007.4 1008.8   NA  4.6 -13.9 -171.1     NA 27.8 
1787/12/15 23:00:00  0.64 0.00   NA 28.5 26.2 27.1 1008.9 1008.7   NA  4.6 -13.6 -171.5     NA 27.8 
1787/12/16 23:00:00  0.68 0.00   NA 28.5   NA 27.1     NA 1008.7   NA  4.6 -13.3 -172.0     NA 27.8 
1787/12/17 23:00:00  0.66 0.00   NA 28.6 26.2 27.1 1008.9 1008.6   NA  4.6 -13.4 -172.5     NA 27.8 
1787/12/19 00:00:00  1.02 0.00   NA 28.7 26.0 27.1 1008.9 1008.5   NA  4.9 -14.0 -173.1     NA 27.9 
1787/12/20 00:00:00  0.67 0.00   NA 28.6 26.2 27.0 1008.9 1008.7   NA  5.1 -14.4 -173.5     NA 27.5 
1787/12/21 00:00:00  0.79 0.00   NA 28.6 26.2 27.0 1009.0 1008.6   NA  5.1 -14.8 -173.9     NA 27.5 
1787/12/22 00:00:00  0.88 0.00   NA 28.3 26.2 26.9 1009.0 1008.8   NA  5.5 -15.4 -174.1     NA 27.5 
1787/12/23 00:00:00  0.44 0.00   NA 28.4 26.2 26.9 1007.2 1008.8   NA  5.5 -15.8 -174.0     NA 27.5 
1787/12/24 00:00:00  0.41 0.00   NA 28.1 26.2 26.7 1007.3 1009.1   NA  5.6 -16.1 -173.9     NA 27.3 
1787/12/25 00:00:00  1.84 0.00   NA 27.8 25.2 26.4 1006.3 1009.4   NA  5.9 -17.2 -173.0     NA 27.1 
1787/12/26 00:00:00  1.31 0.00   NA 27.4 23.7 26.0 1007.4 1009.7   NA  6.1 -18.2 -172.8     NA 26.9 
1787/12/27 00:00:00  0.40 0.00   NA 27.5 24.4 26.1 1020.4 1009.7   NA  6.1 -18.4 -173.0     NA 26.9 
1787/12/28 00:00:00  0.57 0.00   NA 27.5 23.7 26.1 1008.4 1009.6   NA  6.1 -18.6 -173.4     NA 26.9 
1787/12/29 00:00:00  0.59 0.00   NA 27.5 23.7 26.1 1005.6 1009.6   NA  6.1 -18.4 -173.9     NA 27.0 
1787/12/30 00:00:00  0.89 0.00   NA 27.6 23.5 26.2 1003.4 1009.5   NA  6.1 -18.7 -174.5     NA 27.1 
1787/12/31 00:00:00  1.68 0.00   NA 27.2 24.4 25.8 1006.7 1009.7   NA  6.4 -19.9 -175.1     NA 26.4 
1788/01/01 00:00:00  1.52 0.00   NA 26.3 24.4 25.2 1006.6 1010.5   NA  6.6 -21.1 -175.3     NA 25.6 
1788/01/02 00:00:00  0.74 0.00   NA 26.4 24.4 25.2 1006.6 1010.5   NA  6.6 -21.6 -175.4     NA 25.7 
1788/01/03 00:00:00  1.02 0.00   NA 26.0 24.4 24.9 1007.1 1010.8   NA  6.6 -22.4 -175.5     NA 25.3 
1788/01/04 00:00:00  0.37 0.00   NA 26.1 23.7 24.9 1007.7 1010.8   NA  6.6 -22.6 -175.7     NA 25.3 
1788/01/05 00:00:00  0.90 0.00   NA 26.2 23.5 24.9 1008.9 1010.7   NA  6.7 -22.3 -176.4     NA 25.5 
1788/01/06 00:00:00  1.36 0.00   NA 26.2 24.7 24.9 1009.7 1010.6   NA  6.7 -22.7 -177.5     NA 25.8 
1788/01/07 00:00:00  3.45 0.00   NA 25.8 23.7 24.6 1010.2 1010.9   NA  7.1 -23.4  179.7     NA 25.0 
1788/01/08 00:00:00    NA   NA   NA   NA 22.2   NA 1008.0     NA   NA   NA    NA     NA     NA   NA 
1788/01/08 00:00:00    NA 0.00   NA 25.0 22.5 23.7 1009.3 1011.7   NA  6.9 -25.0  176.9     NA 24.7 
1788/01/09 00:00:00  2.74 0.00   NA 24.9 22.5 23.7 1010.1 1011.6   NA  6.9 -25.9  174.7     NA 24.9 
1788/01/10 00:00:00  2.51 0.00   NA 24.4 22.5 23.2 1009.9 1012.0   NA  6.8 -26.7  172.7     NA 24.4 
1788/01/11 01:00:00  1.90 0.00   NA 23.3 18.7 22.3 1006.0 1012.9   NA  6.4 -28.0  171.8     NA 23.5 
1788/01/12 01:00:00  2.67 0.00   NA 23.4 20.6 22.2  998.4 1012.8   NA  6.5 -29.0  169.7     NA 23.4 
1788/01/13 01:00:00  1.45 0.00   NA 23.0 20.0 21.6 1004.1 1013.2   NA  6.4 -29.0  168.4     NA 23.1 
1788/01/14 01:00:00  1.55 0.00   NA 23.0 20.0 21.7 1008.4 1013.1   NA  6.4 -29.1  167.1     NA 23.0 
1788/01/15 01:00:00  2.39 0.00   NA 23.4 20.6 22.3 1012.4 1013.0   NA  6.5 -29.4  165.0     NA 23.6 
1788/01/16 01:00:00  2.51 0.00   NA 23.2 21.6 22.1 1014.0 1013.3   NA  6.4 -30.4  163.0     NA 23.3 
1788/01/17 01:00:00  2.61 0.00   NA 23.3 22.5 22.3 1016.6 1013.4   NA  6.4 -31.5  161.0     NA 22.7 
1788/01/18 01:00:00  2.25 0.00   NA 22.9 22.5 22.1 1013.9 1013.6   NA  6.6 -32.3  159.2     NA 23.1 
1788/01/19 01:00:00  1.70 0.00   NA 23.6 22.5 22.2 1016.9 1013.4   NA  6.7 -32.8  157.7     NA 23.7 
1788/01/20 02:00:00  2.24 0.00   NA 23.5 22.5 21.9 1020.0 1013.4   NA  7.0 -33.3  155.6     NA 23.8 
1788/01/21 02:00:00  1.63 0.00   NA 23.0 22.5 21.4 1020.3 1013.6   NA  7.0 -34.0  154.4     NA 23.2 
1788/01/22 02:00:00  0.70 0.00   NA 23.0 22.5 21.4 1019.6 1013.5   NA  7.0 -34.1  153.8     NA 22.7 
1788/01/23 02:00:00  1.53 0.00   NA 23.4 22.5 22.1 1020.0 1013.0   NA  6.2 -33.7  152.4     NA 22.6 
1788/01/24 02:00:00  0.57 0.00   NA 22.9 21.2 21.4 1014.6 1013.4   NA  6.7 -34.2  152.5     NA 22.4 
