1819/05/11 12:00:00   NA   NA  NA
1819/05/11 12:00:00   NA   NA  NA
1819/05/12 12:00:00   NA   NA  NA
1819/05/12 12:00:00   NA   NA  NA
1819/05/13 12:00:00   NA   NA  NA
1819/05/13 12:00:00   NA   NA  NA
1819/05/14 12:00:00   NA   NA  NA
1819/05/14 12:00:00   NA   NA  NA
1819/05/15 12:00:00   NA   NA  NA
1819/05/15 12:00:00   NA   NA  NA
1819/05/16 12:00:00   NA   NA  NA
1819/05/16 12:00:00   NA   NA  NA
1819/05/17 12:00:00   NA   NA  NA
1819/05/17 12:00:00   NA   NA  NA
1819/05/18 12:00:00   NA   NA  NA
1819/05/18 15:00:00 0.00 0.00 0.00
1819/05/19 03:00:00 0.00 0.00 0.00
1819/05/19 12:00:00   NA   NA  NA
1819/05/20 12:00:00   NA   NA  NA
1819/05/20 12:00:00   NA   NA  NA
1819/05/21 12:00:00   NA   NA  NA
1819/05/21 15:00:00 0.00 0.00 0.00
1819/05/22 03:00:00 0.00 0.00 0.00
1819/05/22 15:00:00 0.00 0.00 0.00
1819/05/23 04:00:00 0.00 0.00 0.00
1819/05/23 16:00:00 0.00 0.00 0.00
1819/05/24 04:00:00 0.00 0.00 0.00
1819/05/24 16:00:00 0.00 0.00 0.00
1819/05/25 04:00:00 0.00 0.00 0.00
1819/05/25 16:00:00 0.00 0.00 0.00
1819/05/26 04:00:00 0.00 0.00 0.00
1819/05/26 16:00:00 0.00 0.00 0.00
1819/05/27 05:00:00 0.00 0.00 0.00
1819/05/27 17:00:00 0.00 0.00 0.00
1819/05/28 05:00:00 0.00 0.00 0.00
1819/05/28 17:00:00 0.00 0.00 0.00
1819/05/29 05:00:00 0.00 0.00 0.00
1819/05/29 17:00:00 0.00 0.00 0.00
1819/05/30 05:00:00 0.00 0.00 0.00
1819/05/30 17:00:00 0.00 0.00 0.00
1819/05/31 05:00:00 0.00 0.00 0.00
1819/05/31 17:00:00 0.00 0.00 0.00
1819/06/01 05:00:00 0.00 0.00 0.00
1819/06/01 17:00:00 0.00 0.00 0.00
1819/06/02 05:00:00 0.00 0.00 0.00
1819/06/02 17:00:00 0.00 0.00 0.00
1819/06/03 05:00:00 0.00 0.00 0.00
1819/06/03 17:00:00 0.00 0.00 0.00
1819/06/04 05:00:00 0.00 0.00 0.00
1819/06/04 17:00:00 0.00 0.00 0.00
1819/06/05 05:00:00 0.00 0.00 0.00
1819/06/05 17:00:00 0.00 0.00 0.00
1819/06/06 05:00:00 0.00 0.00 0.00
1819/06/06 17:00:00 0.00 0.00 0.00
1819/06/07 05:00:00 0.00 0.00 0.00
1819/06/07 17:00:00 0.00 0.00 0.00
1819/06/08 05:00:00 0.00 0.00 0.00
1819/06/08 18:00:00 0.00 0.00 0.00
1819/06/09 05:00:00 0.00 0.00 0.00
1819/06/09 17:00:00 0.00 0.00 0.00
1819/06/10 06:00:00 0.00 0.00 0.00
1819/06/10 18:00:00 0.00 0.00 0.00
1819/06/11 06:00:00 0.00 0.00 0.00
1819/06/11 18:00:00 0.00 0.00 0.00
1819/06/12 06:00:00 0.00 0.00 0.00
1819/06/12 18:00:00 0.00 0.00 0.00
1819/06/13 06:00:00 0.00 0.00 0.00
1819/06/13 18:00:00 0.00 0.00 0.00
1819/06/14 06:00:00 0.00 0.00 0.00
1819/06/14 18:00:00 0.00 0.00 0.00
1819/06/15 06:00:00 0.00 0.00 0.00
1819/06/15 18:00:00 0.00 0.00 0.00
1819/06/16 06:00:00 0.00 0.00 0.00
1819/06/16 18:00:00 0.00 0.00 0.00
1819/06/17 06:00:00 0.00 0.00 0.00
1819/06/17 18:00:00 0.00 0.00 0.00
1819/06/18 06:00:00 0.00 0.00 0.00
1819/06/18 18:00:00 0.00 0.00 0.00
1819/06/19 06:00:00 0.00 0.00 0.00
1819/06/19 18:00:00 0.00 0.00 0.00
1819/06/20 06:00:00 0.00 0.00 0.00
1819/06/20 18:00:00 0.00 0.00 0.00
1819/06/21 06:00:00 0.00 0.00 0.00
1819/06/21 19:00:00 0.00 0.03 0.00
1819/06/22 07:00:00 0.00 0.06 0.01
1819/06/22 19:00:00 0.00 0.06 0.02
1819/06/23 07:00:00 0.00 0.05 0.01
1819/06/23 19:00:00 0.00 0.23 0.05
1819/06/24 07:00:00 0.00 0.75 0.23
1819/06/24 19:00:00 0.00 0.75 0.23
1819/06/25 07:00:00 0.00 0.15 0.01
1819/06/25 19:00:00 0.00 0.39 0.10
1819/06/26 07:00:00 0.00 0.19 0.04
1819/06/26 19:00:00 0.00 0.70 0.21
1819/06/27 07:00:00 0.00 0.68 0.20
1819/06/27 19:00:00 0.00 0.68 0.20
1819/06/28 07:00:00 0.00 0.65 0.19
1819/06/28 19:00:00 0.00 0.65 0.19
1819/06/29 07:00:00 0.00 0.93 0.37
1819/06/29 19:00:00 0.00 0.93 0.37
1819/06/30 07:00:00 0.00 0.92 0.35
1819/06/30 19:00:00 0.00 0.92 0.35
1819/07/01 07:00:00 0.00 0.62 0.15
1819/07/01 19:00:00 0.00 0.69 0.20
1819/07/02 07:00:00 0.00 0.29 0.07
1819/07/02 19:00:00 0.00 0.52 0.11
1819/07/03 07:00:00 0.00 0.55 0.20
1819/07/03 19:00:00 0.00 0.28 0.05
1819/07/04 07:00:00 0.00 0.27 0.05
1819/07/04 19:00:00 0.00 0.27 0.05
1819/07/05 07:00:00 0.00 0.26 0.04
1819/07/05 19:00:00 0.00 0.33 0.05
1819/07/06 07:00:00 0.00 0.31 0.04
1819/07/06 19:00:00 0.00 0.31 0.04
1819/07/07 07:00:00 0.00 0.16 0.03
1819/07/07 19:00:00 0.00 0.16 0.03
1819/07/08 07:00:00 0.00 0.12 0.02
1819/07/08 19:00:00 0.00 0.12 0.02
1819/07/09 07:00:00 0.00 0.55 0.11
1819/07/09 19:00:00 0.00 0.55 0.11
1819/07/10 07:00:00 0.00 0.53 0.09
1819/07/10 19:00:00 0.00 0.57 0.11
1819/07/11 07:00:00 0.00 0.55 0.09
1819/07/11 19:00:00 0.00 0.55 0.09
1819/07/12 07:00:00 0.00 0.53 0.08
1819/07/12 19:00:00 0.00 0.53 0.08
1819/07/13 07:00:00 0.00 0.00 0.00
1819/07/13 19:00:00 0.00 0.00 0.00
1819/07/14 07:00:00 0.00 0.36 0.04
1819/07/14 19:00:00 0.00 0.36 0.04
1819/07/15 07:00:00 0.00 0.62 0.11
1819/07/15 19:00:00 0.00 0.62 0.11
1819/07/16 07:00:00 0.00 0.60 0.10
1819/07/16 19:00:00 0.00 0.60 0.06
1819/07/17 07:00:00 0.00 0.58 0.06
1819/07/17 19:00:00 0.00 0.50 0.07
1819/07/18 07:00:00 0.00 0.49 0.07
1819/07/18 19:00:00 0.00 0.49 0.07
1819/07/19 07:00:00 0.00 0.48 0.06
1819/07/19 19:00:00 0.00 0.48 0.06
1819/07/20 07:00:00 0.00 0.46 0.06
1819/07/20 19:00:00 0.00 0.19 0.02
1819/07/21 07:00:00 0.00 0.18 0.02
1819/07/21 19:00:00 0.00 0.34 0.05
1819/07/22 07:00:00 0.00 0.32 0.05
1819/07/22 19:00:00 0.00 0.75 0.12
1819/07/23 07:00:00 0.00 0.72 0.11
1819/07/23 19:00:00 0.00 0.72 0.11
1819/07/24 07:00:00 0.00 0.68 0.11
1819/07/24 19:00:00 0.00 0.73 0.15
1819/07/25 07:00:00 0.00 0.69 0.14
1819/07/25 19:00:00 0.00 0.69 0.14
1819/07/26 07:00:00 0.00 0.61 0.09
1819/07/26 19:00:00 0.00 0.61 0.09
1819/07/27 07:00:00 0.00 0.57 0.09
1819/07/27 19:00:00 0.00 0.57 0.09
1819/07/28 07:00:00 0.00 0.60 0.16
1819/07/28 19:00:00 0.00 0.69 0.29
1819/07/29 07:00:00 0.00 0.76 0.27
1819/07/29 20:00:00 0.00 0.53 0.10
1819/07/30 08:00:00 0.00 0.05 0.01
1819/07/30 20:00:00 0.00 0.44 0.07
1819/07/31 08:00:00 0.00 0.43 0.07
1819/07/31 20:00:00 0.00 0.43 0.07
1819/08/01 08:00:00 0.00 0.43 0.07
1819/08/01 20:00:00 0.00 0.43 0.07
1819/08/02 08:00:00 0.00 0.09 0.02
1819/08/02 20:00:00 0.00 0.15 0.03
1819/08/03 08:00:00 0.00 0.24 0.05
1819/08/03 20:00:00 0.00 0.42 0.10
1819/08/04 09:00:00 0.00 0.60 0.18
1819/08/04 21:00:00 0.00 0.76 0.22
1819/08/05 09:00:00 0.00 0.78 0.28
1819/08/05 21:00:00 0.00 0.78 0.33
1819/08/06 09:00:00 0.00 0.77 0.33
1819/08/06 21:00:00 0.00 0.78 0.28
1819/08/07 09:00:00 0.00 0.77 0.27
1819/08/07 21:00:00 0.00 0.91 0.48
1819/08/08 09:00:00 0.00 0.90 0.46
1819/08/08 21:00:00 0.00 0.90 0.46
1819/08/09 09:00:00 0.00 0.89 0.44
1819/08/09 21:00:00 0.00 0.89 0.44
1819/08/10 09:00:00 0.01 0.88 0.43
1819/08/10 21:00:00 0.01 0.88 0.43
1819/08/11 09:00:00 0.02 0.87 0.41
1819/08/11 21:00:00 0.02 0.87 0.41
1819/08/12 09:00:00 0.01 0.85 0.40
1819/08/12 21:00:00 0.00 0.72 0.24
1819/08/13 09:00:00 0.00 0.71 0.23
1819/08/13 21:00:00 0.00 0.71 0.23
1819/08/14 09:00:00 0.00 0.70 0.22
1819/08/14 12:00:00   NA   NA  NA
1819/08/15 12:00:00   NA   NA  NA
1819/08/15 12:00:00   NA   NA  NA
1819/08/16 12:00:00   NA   NA  NA
1819/08/16 21:00:00 0.00 0.67 0.19
1819/08/17 09:00:00 0.00 0.65 0.19
1819/08/17 21:00:00 0.00 0.65 0.19
1819/08/18 09:00:00 0.00 0.64 0.18
1819/08/18 21:00:00 0.00 0.64 0.18
1819/08/19 09:00:00 0.00 0.67 0.16
1819/08/19 21:00:00 0.00 0.67 0.16
1819/08/20 09:00:00 0.00 0.65 0.15
1819/08/20 21:00:00 0.00 0.58 0.15
1819/08/21 09:00:00 0.00 0.57 0.21
1819/08/21 21:00:00 0.00 0.69 0.23
1819/08/22 09:00:00 0.00 0.75 0.29
1819/08/22 21:00:00 0.00 0.70 0.32
1819/08/23 09:00:00 0.00 0.67 0.33
1819/08/23 21:00:00 0.00 0.71 0.33
1819/08/24 09:00:00 0.00 0.74 0.39
1819/08/24 22:00:00 0.00 0.89 0.50
1819/08/25 10:00:00 0.00 0.89 0.48
1819/08/25 22:00:00 0.00 0.89 0.48
1819/08/26 10:00:00 0.00 0.89 0.47
1819/08/26 22:00:00 0.00 0.90 0.57
1819/08/27 10:00:00 0.00 0.91 0.60
1819/08/27 22:00:00 0.00 0.82 0.41
1819/08/28 10:00:00 0.00 0.87 0.39
1819/08/28 22:00:00 0.00 0.87 0.35
1819/08/29 10:00:00 0.00 0.86 0.34
1819/08/29 22:00:00 0.00 0.93 0.58
1819/08/30 10:00:00 0.00 0.93 0.50
1819/08/30 22:00:00 0.00 0.93 0.50
1819/08/31 10:00:00 0.00 0.93 0.49
1819/08/31 22:00:00 0.00 0.93 0.49
1819/09/01 10:00:00 0.00 0.92 0.46
1819/09/01 22:00:00 0.00 0.91 0.50
1819/09/02 10:00:00 0.00 0.91 0.49
1819/09/02 22:00:00 0.00 0.93 0.53
1819/09/03 10:00:00 0.00 0.93 0.53
1819/09/03 22:00:00 0.00 0.93 0.53
1819/09/04 10:00:00 0.00 0.92 0.54
1819/09/04 22:00:00 0.00 0.92 0.54
1819/09/05 10:00:00 0.00 0.92 0.48
1819/09/05 12:00:00   NA   NA  NA
1819/09/06 12:00:00   NA   NA  NA
1819/09/06 12:00:00   NA   NA  NA
1819/09/07 12:00:00   NA   NA  NA
1819/09/07 22:00:00 0.00 0.91 0.50
1819/09/08 10:00:00 0.00 0.90 0.50
1819/09/08 12:00:00   NA   NA  NA
1819/09/09 12:00:00   NA   NA  NA
1819/09/09 12:00:00   NA   NA  NA
1819/09/10 12:00:00   NA   NA  NA
1819/09/10 12:00:00   NA   NA  NA
1819/09/11 12:00:00   NA   NA  NA
1819/09/11 12:00:00   NA   NA  NA
1819/09/12 12:00:00   NA   NA  NA
1819/09/12 12:00:00   NA   NA  NA
1819/09/13 12:00:00   NA   NA  NA
1819/09/13 12:00:00   NA   NA  NA
1819/09/14 12:00:00   NA   NA  NA
1819/09/14 12:00:00   NA   NA  NA
1819/09/15 12:00:00   NA   NA  NA
1819/09/15 12:00:00   NA   NA  NA
1819/09/16 12:00:00   NA   NA  NA
1819/09/16 23:00:00 0.00 0.95 0.55
1819/09/17 11:00:00 0.00 0.96 0.56
1819/09/17 23:00:00 0.00 0.96 0.56
1819/09/18 10:00:00 0.00 0.96 0.57
1819/09/18 22:00:00 0.00 0.96 0.57
1819/09/19 10:00:00 0.00 0.96 0.58
1819/09/19 12:00:00   NA   NA  NA
1819/09/20 12:00:00   NA   NA  NA
1819/09/20 12:00:00   NA   NA  NA
1819/09/21 12:00:00   NA   NA  NA
1819/09/21 12:00:00   NA   NA  NA
1819/09/22 12:00:00   NA   NA  NA
1819/09/22 22:00:00 0.00 0.98 0.62
1819/09/23 10:00:00 0.01 0.98 0.63
1819/09/23 22:00:00 0.01 0.98 0.63
1819/09/24 10:00:00 0.04 0.98 0.64
1819/09/24 22:00:00 0.04 0.98 0.64
1819/09/25 10:00:00 0.08 0.98 0.66
1819/09/25 22:00:00 0.08 0.98 0.66
1819/09/26 10:00:00 0.12 0.98 0.67
1819/09/26 22:00:00 0.12 0.98 0.67
1819/09/27 10:00:00 0.17 0.97 0.69
1819/09/27 22:00:00 0.17 0.97 0.69
1819/09/28 10:00:00 0.21 0.97 0.70
1819/09/28 22:00:00 0.21 0.97 0.70
1819/09/29 10:00:00 0.26 0.97 0.72
1819/09/29 22:00:00 0.26 0.97 0.72
1819/09/30 10:00:00 0.31 0.97 0.73
1819/09/30 22:00:00 0.31 0.97 0.73
1819/10/01 10:00:00 0.36 0.96 0.75
1819/10/01 22:00:00 0.36 0.96 0.75
1819/10/02 10:00:00 0.41 0.96 0.77
1819/10/02 22:00:00 0.41 0.96 0.77
1819/10/03 10:00:00 0.46 0.96 0.78
1819/10/03 22:00:00 0.46 0.96 0.78
1819/10/04 10:00:00 0.51 0.95 0.80
1819/10/04 22:00:00 0.51 0.95 0.80
1819/10/05 10:00:00 0.56 0.95 0.81
1819/10/05 22:00:00 0.56 0.95 0.81
1819/10/06 10:00:00 0.61 0.94 0.83
1819/10/06 22:00:00 0.61 0.94 0.83
1819/10/07 10:00:00 0.66 0.94 0.84
1819/10/07 22:00:00 0.66 0.94 0.84
1819/10/08 10:00:00 0.70 0.94 0.86
1819/10/08 22:00:00 0.70 0.94 0.86
1819/10/09 10:00:00 0.75 0.94 0.87
1819/10/09 22:00:00 0.75 0.94 0.87
1819/10/10 10:00:00 0.78 0.95 0.88
1819/10/10 22:00:00 0.78 0.95 0.88
1819/10/11 10:00:00 0.79 0.95 0.90
1819/10/11 22:00:00 0.79 0.95 0.90
1819/10/12 10:00:00 0.80 0.96 0.91
1819/10/12 22:00:00 0.80 0.96 0.91
1819/10/13 10:00:00 0.81 0.97 0.92
1819/10/13 22:00:00 0.81 0.97 0.92
1819/10/14 10:00:00 0.82 0.99 0.93
1819/10/14 22:00:00 0.82 0.99 0.93
1819/10/15 10:00:00 0.83 1.00 0.94
1819/10/15 22:00:00 0.83 1.00 0.94
1819/10/16 10:00:00 0.84 1.00 0.95
1819/10/16 22:00:00 0.84 1.00 0.95
1819/10/17 10:00:00 0.85 1.00 0.95
1819/10/17 22:00:00 0.85 1.00 0.95
1819/10/18 10:00:00 0.86 1.00 0.96
1819/10/18 22:00:00 0.86 1.00 0.96
1819/10/19 10:00:00 0.87 1.00 0.96
1819/10/19 22:00:00 0.87 1.00 0.96
1819/10/20 10:00:00 0.87 1.00 0.96
1819/10/20 22:00:00 0.87 1.00 0.96
1819/10/21 10:00:00 0.88 1.00 0.96
1819/10/21 22:00:00 0.88 1.00 0.96
1819/10/22 10:00:00 0.88 1.00 0.97
1819/10/22 22:00:00 0.88 1.00 0.97
1819/10/23 10:00:00 0.89 1.00 0.97
1819/10/23 22:00:00 0.89 1.00 0.97
1819/10/24 10:00:00 0.89 1.00 0.97
1819/10/24 22:00:00 0.89 1.00 0.97
1819/10/25 10:00:00 0.90 1.00 0.97
1819/10/25 22:00:00 0.90 1.00 0.97
1819/10/26 10:00:00 0.90 1.00 0.97
1819/10/26 22:00:00 0.90 1.00 0.97
1819/10/27 10:00:00 0.90 1.00 0.97
1819/10/27 22:00:00 0.90 1.00 0.97
1819/10/28 10:00:00 0.91 1.00 0.97
1819/10/28 22:00:00 0.91 1.00 0.97
1819/10/29 10:00:00 0.91 1.00 0.97
1819/10/29 22:00:00 0.91 1.00 0.97
1819/10/30 10:00:00 0.91 1.00 0.97
1819/10/30 22:00:00 0.91 1.00 0.97
1819/10/31 10:00:00 0.91 1.00 0.97
1819/10/31 22:00:00 0.91 1.00 0.97
1819/11/01 10:00:00 0.91 1.00 0.97
1819/11/01 22:00:00 0.91 1.00 0.97
1819/11/02 10:00:00 0.91 1.00 0.97
1819/11/02 22:00:00 0.91 1.00 0.97
1819/11/03 10:00:00 0.91 1.00 0.97
1819/11/03 22:00:00 0.91 1.00 0.97
1819/11/04 10:00:00 0.92 1.00 0.97
1819/11/04 22:00:00 0.92 1.00 0.97
1819/11/05 10:00:00 0.92 1.00 0.97
1819/11/05 22:00:00 0.92 1.00 0.97
1819/11/06 10:00:00 0.92 1.00 0.97
1819/11/06 22:00:00 0.92 1.00 0.97
1819/11/07 10:00:00 0.92 1.00 0.97
1819/11/07 22:00:00 0.92 1.00 0.97
1819/11/08 10:00:00 0.92 1.00 0.97
1819/11/08 22:00:00 0.92 1.00 0.97
1819/11/09 10:00:00 0.92 1.00 0.96
1819/11/09 22:00:00 0.92 1.00 0.96
1819/11/10 10:00:00 0.92 1.00 0.96
1819/11/10 22:00:00 0.92 1.00 0.96
1819/11/11 10:00:00 0.92 1.00 0.96
1819/11/11 22:00:00 0.92 1.00 0.96
1819/11/12 10:00:00 0.92 1.00 0.96
1819/11/12 22:00:00 0.92 1.00 0.96
1819/11/13 10:00:00 0.92 1.00 0.95
1819/11/13 22:00:00 0.92 1.00 0.95
1819/11/14 10:00:00 0.92 1.00 0.95
1819/11/14 22:00:00 0.92 1.00 0.95
1819/11/15 10:00:00 0.91 0.99 0.95
1819/11/15 22:00:00 0.91 0.99 0.95
1819/11/16 10:00:00 0.91 0.98 0.95
1819/11/16 22:00:00 0.91 0.98 0.95
1819/11/17 10:00:00 0.90 0.98 0.94
1819/11/17 22:00:00 0.90 0.98 0.94
1819/11/18 10:00:00 0.90 0.98 0.94
1819/11/18 22:00:00 0.90 0.98 0.94
1819/11/19 10:00:00 0.90 0.98 0.94
1819/11/19 22:00:00 0.90 0.98 0.94
1819/11/20 10:00:00 0.89 0.98 0.94
1819/11/20 22:00:00 0.89 0.98 0.94
1819/11/21 10:00:00 0.89 0.98 0.94
1819/11/21 22:00:00 0.89 0.98 0.94
1819/11/22 10:00:00 0.89 0.98 0.94
1819/11/22 22:00:00 0.89 0.98 0.94
1819/11/23 10:00:00 0.89 0.98 0.94
1819/11/23 22:00:00 0.89 0.98 0.94
1819/11/24 10:00:00 0.88 0.98 0.94
1819/11/25 10:00:00 0.88 0.98 0.94
1819/11/25 22:00:00 0.88 0.98 0.94
1819/11/26 10:00:00 0.88 0.98 0.94
1819/11/26 22:00:00 0.88 0.98 0.94
1819/11/27 10:00:00 0.88 0.98 0.94
1819/11/27 22:00:00 0.88 0.98 0.94
1819/11/28 10:00:00 0.88 0.98 0.94
1819/11/28 22:00:00 0.88 0.98 0.94
1819/11/29 10:00:00 0.88 0.98 0.94
1819/11/29 22:00:00 0.88 0.98 0.94
1819/11/30 10:00:00 0.88 0.98 0.94
1819/11/30 22:00:00 0.88 0.98 0.94
1819/12/01 10:00:00 0.89 0.98 0.94
1819/12/01 22:00:00 0.89 0.98 0.94
1819/12/02 10:00:00 0.89 0.98 0.94
1819/12/02 22:00:00 0.89 0.98 0.94
1819/12/03 10:00:00 0.89 0.98 0.94
1819/12/03 22:00:00 0.89 0.98 0.94
1819/12/04 10:00:00 0.89 0.98 0.94
1819/12/04 22:00:00 0.89 0.98 0.94
1819/12/05 10:00:00 0.90 0.98 0.94
1819/12/05 22:00:00 0.90 0.98 0.94
1819/12/06 10:00:00 0.90 0.98 0.94
1819/12/06 22:00:00 0.90 0.98 0.94
1819/12/07 10:00:00 0.90 0.98 0.94
1819/12/07 22:00:00 0.90 0.98 0.94
1819/12/08 10:00:00 0.91 0.98 0.94
1819/12/08 22:00:00 0.91 0.98 0.94
1819/12/09 10:00:00 0.91 0.98 0.95
1819/12/09 22:00:00 0.91 0.98 0.95
1819/12/10 10:00:00 0.91 0.98 0.95
1819/12/10 22:00:00 0.91 0.98 0.95
1819/12/11 10:00:00 0.91 0.98 0.95
1819/12/11 22:00:00 0.91 0.98 0.95
1819/12/12 10:00:00 0.91 0.98 0.95
1819/12/12 22:00:00 0.91 0.98 0.95
1819/12/13 10:00:00 0.92 0.98 0.95
1819/12/13 22:00:00 0.92 0.98 0.95
1819/12/14 10:00:00 0.92 0.99 0.95
1819/12/14 22:00:00 0.92 0.99 0.95
1819/12/15 10:00:00 0.92 1.00 0.96
1819/12/15 22:00:00 0.92 1.00 0.96
1819/12/16 10:00:00 0.92 1.00 0.96
1819/12/16 22:00:00 0.92 1.00 0.96
1819/12/17 10:00:00 0.92 1.00 0.96
1819/12/17 22:00:00 0.92 1.00 0.96
1819/12/18 10:00:00 0.92 1.00 0.96
1819/12/18 22:00:00 0.92 1.00 0.96
1819/12/19 10:00:00 0.93 1.00 0.96
1819/12/19 22:00:00 0.93 1.00 0.96
1819/12/20 10:00:00 0.93 1.00 0.96
1819/12/20 22:00:00 0.93 1.00 0.96
1819/12/21 10:00:00 0.93 1.00 0.97
1819/12/21 22:00:00 0.93 1.00 0.97
1819/12/22 10:00:00 0.93 1.00 0.97
1819/12/22 22:00:00 0.93 1.00 0.97
1819/12/23 10:00:00 0.93 1.00 0.97
1819/12/23 22:00:00 0.93 1.00 0.97
1819/12/24 10:00:00 0.93 1.00 0.97
1819/12/24 22:00:00 0.93 1.00 0.97
1819/12/25 10:00:00 0.93 1.00 0.97
1819/12/25 22:00:00 0.93 1.00 0.97
1819/12/26 10:00:00 0.94 1.00 0.97
1819/12/26 22:00:00 0.94 1.00 0.97
1819/12/27 10:00:00 0.94 1.00 0.97
1819/12/27 22:00:00 0.94 1.00 0.97
1819/12/28 10:00:00 0.94 1.00 0.97
1819/12/28 22:00:00 0.94 1.00 0.97
1819/12/29 10:00:00 0.94 1.00 0.97
1819/12/29 22:00:00 0.94 1.00 0.97
1819/12/30 10:00:00 0.94 1.00 0.97
1819/12/30 22:00:00 0.94 1.00 0.97
1819/12/31 10:00:00 0.94 1.00 0.97
1819/12/31 22:00:00 0.94 1.00 0.97
1820/01/01 10:00:00 0.91 1.00 0.97
1820/01/01 22:00:00 0.91 1.00 0.97
1820/01/02 10:00:00 0.91 1.00 0.97
1820/01/02 22:00:00 0.91 1.00 0.97
1820/01/03 10:00:00 0.90 1.00 0.97
1820/01/03 22:00:00 0.90 1.00 0.97
1820/01/04 10:00:00 0.90 1.00 0.97
1820/01/04 22:00:00 0.90 1.00 0.97
1820/01/05 10:00:00 0.90 1.00 0.97
1820/01/05 22:00:00 0.90 1.00 0.97
1820/01/06 10:00:00 0.90 1.00 0.97
1820/01/06 22:00:00 0.90 1.00 0.97
1820/01/07 10:00:00 0.90 1.00 0.96
1820/01/07 22:00:00 0.90 1.00 0.96
1820/01/08 10:00:00 0.90 1.00 0.96
1820/01/08 22:00:00 0.90 1.00 0.96
1820/01/09 10:00:00 0.90 1.00 0.96
1820/01/09 22:00:00 0.90 1.00 0.96
1820/01/10 10:00:00 0.90 1.00 0.96
1820/01/10 22:00:00 0.90 1.00 0.96
1820/01/11 10:00:00 0.90 1.00 0.96
1820/01/11 22:00:00 0.90 1.00 0.96
1820/01/12 10:00:00 0.90 0.99 0.96
1820/01/12 22:00:00 0.90 0.99 0.96
1820/01/13 10:00:00 0.89 0.99 0.95
1820/01/13 22:00:00 0.89 0.99 0.95
1820/01/14 10:00:00 0.89 0.99 0.95
1820/01/14 22:00:00 0.89 0.99 0.95
1820/01/15 10:00:00 0.89 0.99 0.95
1820/01/15 22:00:00 0.89 0.99 0.95
1820/01/16 10:00:00 0.89 0.99 0.95
1820/01/16 22:00:00 0.89 0.99 0.95
1820/01/17 10:00:00 0.90 0.99 0.95
1820/01/17 22:00:00 0.90 0.99 0.95
1820/01/18 10:00:00 0.90 0.99 0.95
1820/01/18 22:00:00 0.90 0.99 0.95
1820/01/19 10:00:00 0.90 0.99 0.95
1820/01/19 22:00:00 0.90 0.99 0.95
1820/01/20 10:00:00 0.90 0.99 0.95
1820/01/20 22:00:00 0.90 0.99 0.95
1820/01/21 10:00:00 0.90 0.99 0.95
1820/01/21 22:00:00 0.90 0.99 0.95
1820/01/22 10:00:00 0.90 0.99 0.95
1820/01/22 22:00:00 0.90 0.99 0.95
1820/01/23 10:00:00 0.90 0.99 0.94
1820/01/23 22:00:00 0.90 0.99 0.94
1820/01/24 10:00:00 0.90 0.99 0.94
1820/01/24 22:00:00 0.90 0.99 0.94
1820/01/25 10:00:00 0.90 0.99 0.94
1820/01/25 22:00:00 0.90 0.99 0.94
1820/01/26 10:00:00 0.90 0.99 0.94
1820/01/26 22:00:00 0.90 0.99 0.94
1820/01/27 10:00:00 0.91 0.99 0.94
1820/01/27 22:00:00 0.91 0.99 0.94
1820/01/28 10:00:00 0.91 0.99 0.94
1820/01/28 22:00:00 0.91 0.99 0.94
1820/01/29 10:00:00 0.91 0.99 0.94
1820/01/29 22:00:00 0.91 0.99 0.94
1820/01/30 10:00:00 0.91 0.99 0.94
1820/01/30 22:00:00 0.91 0.99 0.94
1820/01/31 10:00:00 0.91 0.99 0.94
1820/01/31 22:00:00 0.91 0.99 0.94
1820/02/01 10:00:00 0.91 0.98 0.94
1820/02/01 22:00:00 0.91 0.98 0.94
1820/02/02 10:00:00 0.92 0.98 0.94
1820/02/02 22:00:00 0.92 0.98 0.94
1820/02/03 10:00:00 0.92 0.98 0.94
1820/02/03 22:00:00 0.92 0.98 0.94
1820/02/04 10:00:00 0.92 0.98 0.94
1820/02/04 22:00:00 0.92 0.98 0.94
1820/02/05 10:00:00 0.92 0.98 0.94
1820/02/05 22:00:00 0.92 0.98 0.94
1820/02/06 10:00:00 0.92 0.98 0.95
1820/02/06 22:00:00 0.92 0.98 0.95
1820/02/07 10:00:00 0.92 0.98 0.95
1820/02/07 22:00:00 0.92 0.98 0.95
1820/02/08 10:00:00 0.92 0.98 0.95
1820/02/08 22:00:00 0.92 0.98 0.95
1820/02/09 10:00:00 0.92 0.98 0.95
1820/02/09 22:00:00 0.92 0.98 0.95
1820/02/10 10:00:00 0.92 0.98 0.95
1820/02/10 22:00:00 0.92 0.98 0.95
1820/02/11 10:00:00 0.93 0.98 0.95
1820/02/11 22:00:00 0.93 0.98 0.95
1820/02/12 10:00:00 0.93 0.98 0.95
1820/02/12 22:00:00 0.93 0.98 0.95
1820/02/13 10:00:00 0.93 0.98 0.95
1820/02/13 22:00:00 0.93 0.98 0.95
1820/02/14 10:00:00 0.93 0.98 0.95
1820/02/14 22:00:00 0.93 0.98 0.95
1820/02/15 10:00:00 0.93 0.98 0.95
1820/02/15 22:00:00 0.93 0.98 0.95
1820/02/16 10:00:00 0.93 0.98 0.95
1820/02/16 22:00:00 0.93 0.98 0.95
1820/02/17 10:00:00 0.93 0.98 0.95
1820/02/17 22:00:00 0.93 0.98 0.95
1820/02/18 10:00:00 0.93 0.98 0.95
1820/02/18 22:00:00 0.93 0.98 0.95
1820/02/19 10:00:00 0.93 0.98 0.95
1820/02/19 22:00:00 0.93 0.98 0.95
1820/02/20 10:00:00 0.93 0.99 0.95
1820/02/20 22:00:00 0.93 0.99 0.95
1820/02/21 10:00:00 0.93 0.99 0.95
1820/02/21 22:00:00 0.93 0.99 0.95
1820/02/22 10:00:00 0.93 0.99 0.95
1820/02/22 22:00:00 0.93 0.99 0.95
1820/02/23 10:00:00 0.93 0.99 0.95
1820/02/23 22:00:00 0.93 0.99 0.95
1820/02/24 10:00:00 0.93 0.99 0.95
1820/02/24 22:00:00 0.93 0.99 0.95
1820/02/25 10:00:00 0.93 0.99 0.95
1820/02/25 22:00:00 0.93 0.99 0.95
1820/02/26 10:00:00 0.93 0.99 0.95
1820/02/26 22:00:00 0.93 0.99 0.95
1820/02/27 10:00:00 0.93 0.99 0.95
1820/02/27 22:00:00 0.93 0.99 0.95
1820/02/28 10:00:00 0.93 0.99 0.95
1820/02/28 22:00:00 0.93 0.99 0.95
1820/02/29 10:00:00 0.93 0.99 0.95
1820/02/29 22:00:00 0.93 0.99 0.95
1820/03/01 10:00:00 0.93 0.99 0.95
1820/03/01 22:00:00 0.93 0.99 0.95
1820/03/02 10:00:00 0.93 0.99 0.95
1820/03/02 22:00:00 0.93 0.99 0.95
1820/03/03 10:00:00 0.93 0.99 0.95
1820/03/03 22:00:00 0.93 0.99 0.95
1820/03/04 10:00:00 0.93 0.99 0.95
1820/03/04 22:00:00 0.93 0.99 0.95
1820/03/05 10:00:00 0.93 0.99 0.95
1820/03/05 22:00:00 0.93 0.99 0.95
1820/03/06 10:00:00 0.93 0.99 0.95
1820/03/06 22:00:00 0.93 0.99 0.95
1820/03/07 10:00:00 0.93 0.99 0.95
1820/03/07 22:00:00 0.93 0.99 0.95
1820/03/08 10:00:00 0.93 0.99 0.95
1820/03/08 22:00:00 0.93 0.99 0.95
1820/03/09 10:00:00 0.93 0.99 0.95
1820/03/09 22:00:00 0.93 0.99 0.95
1820/03/10 10:00:00 0.93 0.99 0.95
1820/03/10 22:00:00 0.93 0.99 0.95
1820/03/11 10:00:00 0.93 0.99 0.95
1820/03/11 22:00:00 0.93 0.99 0.95
1820/03/12 10:00:00 0.93 0.99 0.95
1820/03/12 22:00:00 0.93 0.99 0.95
1820/03/13 10:00:00 0.93 0.99 0.95
1820/03/13 22:00:00 0.93 0.99 0.95
1820/03/14 10:00:00 0.93 0.99 0.95
1820/03/14 22:00:00 0.93 0.99 0.95
1820/03/15 10:00:00 0.93 0.99 0.95
1820/03/15 22:00:00 0.93 0.99 0.95
1820/03/16 10:00:00 0.93 0.99 0.95
1820/03/16 22:00:00 0.93 0.99 0.95
1820/03/17 10:00:00 0.93 0.99 0.95
1820/03/17 22:00:00 0.93 0.99 0.95
1820/03/18 10:00:00 0.93 0.99 0.95
1820/03/18 22:00:00 0.93 0.99 0.95
1820/03/19 10:00:00 0.93 0.99 0.95
1820/03/19 22:00:00 0.93 0.99 0.95
1820/03/20 10:00:00 0.93 0.99 0.95
1820/03/20 22:00:00 0.93 0.99 0.95
1820/03/21 10:00:00 0.93 1.00 0.95
1820/03/21 22:00:00 0.93 1.00 0.95
1820/03/22 10:00:00 0.93 1.00 0.95
1820/03/22 22:00:00 0.93 1.00 0.95
1820/03/23 10:00:00 0.93 1.00 0.95
1820/03/23 22:00:00 0.93 1.00 0.95
1820/03/24 10:00:00 0.93 1.00 0.95
1820/03/24 22:00:00 0.93 1.00 0.95
1820/03/25 10:00:00 0.93 1.00 0.95
1820/03/25 22:00:00 0.93 1.00 0.95
1820/03/26 10:00:00 0.93 1.00 0.95
1820/03/26 22:00:00 0.93 1.00 0.95
1820/03/27 10:00:00 0.93 1.00 0.95
1820/03/27 22:00:00 0.93 1.00 0.95
1820/03/28 10:00:00 0.93 1.00 0.95
1820/03/28 22:00:00 0.93 1.00 0.95
1820/03/29 10:00:00 0.92 1.00 0.95
1820/03/29 22:00:00 0.92 1.00 0.95
1820/03/30 10:00:00 0.92 1.00 0.95
1820/03/30 22:00:00 0.92 1.00 0.95
1820/03/31 10:00:00 0.92 1.00 0.95
1820/03/31 22:00:00 0.92 1.00 0.95
1820/04/01 10:00:00 0.92 1.00 0.95
1820/04/01 22:00:00 0.92 1.00 0.95
1820/04/02 10:00:00 0.92 1.00 0.95
1820/04/02 22:00:00 0.92 1.00 0.95
1820/04/03 10:00:00 0.92 1.00 0.95
1820/04/03 22:00:00 0.92 1.00 0.95
1820/04/04 10:00:00 0.92 1.00 0.95
1820/04/04 22:00:00 0.92 1.00 0.95
1820/04/05 10:00:00 0.92 1.00 0.95
1820/04/05 22:00:00 0.92 1.00 0.95
1820/04/06 10:00:00 0.92 1.00 0.95
1820/04/06 22:00:00 0.92 1.00 0.95
1820/04/07 10:00:00 0.92 1.00 0.95
1820/04/07 22:00:00 0.92 1.00 0.95
1820/04/08 10:00:00 0.92 1.00 0.95
1820/04/08 22:00:00 0.92 1.00 0.95
1820/04/09 10:00:00 0.92 1.00 0.95
1820/04/09 22:00:00 0.92 1.00 0.95
1820/04/10 10:00:00 0.92 0.99 0.95
1820/04/10 22:00:00 0.92 0.99 0.95
1820/04/11 10:00:00 0.92 0.99 0.95
1820/04/11 22:00:00 0.92 0.99 0.95
1820/04/12 10:00:00 0.92 0.99 0.95
1820/04/12 22:00:00 0.92 0.99 0.95
1820/04/13 10:00:00 0.92 0.99 0.95
1820/04/13 22:00:00 0.92 0.99 0.95
1820/04/14 10:00:00 0.92 0.99 0.95
1820/04/14 22:00:00 0.92 0.99 0.95
1820/04/15 10:00:00 0.92 0.99 0.95
1820/04/15 22:00:00 0.92 0.99 0.95
1820/04/16 10:00:00 0.92 0.99 0.95
1820/04/16 22:00:00 0.92 0.99 0.95
1820/04/17 10:00:00 0.92 0.99 0.95
1820/04/17 22:00:00 0.92 0.99 0.95
1820/04/18 10:00:00 0.93 0.99 0.96
1820/04/18 22:00:00 0.93 0.99 0.96
1820/04/19 10:00:00 0.93 1.00 0.96
1820/04/19 22:00:00 0.93 1.00 0.96
1820/04/20 10:00:00 0.93 1.00 0.96
1820/04/20 22:00:00 0.93 1.00 0.96
1820/04/21 10:00:00 0.93 1.00 0.96
1820/04/21 22:00:00 0.93 1.00 0.96
1820/04/22 10:00:00 0.93 1.00 0.96
1820/04/22 22:00:00 0.93 1.00 0.96
1820/04/23 10:00:00 0.94 1.00 0.96
1820/04/23 22:00:00 0.94 1.00 0.96
1820/04/24 10:00:00 0.94 1.00 0.96
1820/04/24 22:00:00 0.94 1.00 0.96
1820/04/25 10:00:00 0.94 1.00 0.96
1820/04/25 22:00:00 0.94 1.00 0.96
1820/04/26 10:00:00 0.94 1.00 0.96
1820/04/26 22:00:00 0.94 1.00 0.96
1820/04/27 10:00:00 0.94 1.00 0.97
1820/04/27 22:00:00 0.94 1.00 0.97
1820/04/28 10:00:00 0.94 1.00 0.97
1820/04/28 22:00:00 0.94 1.00 0.97
1820/04/29 10:00:00 0.95 1.00 0.97
1820/04/29 22:00:00 0.95 1.00 0.97
1820/04/30 10:00:00 0.95 1.00 0.97
1820/04/30 22:00:00 0.95 1.00 0.97
1820/05/01 10:00:00 0.95 1.00 0.97
1820/05/01 22:00:00 0.95 1.00 0.97
1820/05/02 10:00:00 0.95 1.00 0.97
1820/05/02 22:00:00 0.95 1.00 0.97
1820/05/03 10:00:00 0.95 1.00 0.97
1820/05/03 22:00:00 0.95 1.00 0.97
1820/05/04 10:00:00 0.95 1.00 0.97
1820/05/04 22:00:00 0.95 1.00 0.97
1820/05/05 10:00:00 0.95 1.00 0.97
1820/05/05 22:00:00 0.95 1.00 0.97
1820/05/06 10:00:00 0.95 1.00 0.98
1820/05/06 22:00:00 0.95 1.00 0.98
1820/05/07 10:00:00 0.95 1.00 0.98
1820/05/07 22:00:00 0.95 1.00 0.98
1820/05/08 10:00:00 0.95 1.00 0.98
1820/05/08 22:00:00 0.95 1.00 0.98
1820/05/09 10:00:00 0.95 1.00 0.98
1820/05/09 22:00:00 0.95 1.00 0.98
1820/05/10 10:00:00 0.94 1.00 0.98
1820/05/10 22:00:00 0.94 1.00 0.98
1820/05/11 10:00:00 0.94 1.00 0.98
1820/05/11 22:00:00 0.94 1.00 0.98
1820/05/12 10:00:00 0.94 1.00 0.98
1820/05/12 22:00:00 0.94 1.00 0.98
1820/05/13 10:00:00 0.94 1.00 0.98
1820/05/13 22:00:00 0.94 1.00 0.98
1820/05/14 10:00:00 0.93 1.00 0.98
1820/05/14 22:00:00 0.93 1.00 0.98
1820/05/15 10:00:00 0.93 1.00 0.98
1820/05/15 22:00:00 0.93 1.00 0.98
1820/05/16 10:00:00 0.93 1.00 0.98
1820/05/16 22:00:00 0.93 1.00 0.98
1820/05/17 10:00:00 0.93 1.00 0.98
1820/05/17 22:00:00 0.93 1.00 0.98
1820/05/18 10:00:00 0.92 1.00 0.98
1820/05/18 22:00:00 0.92 1.00 0.98
1820/05/19 10:00:00 0.92 1.00 0.98
1820/05/19 22:00:00 0.92 1.00 0.98
1820/05/20 10:00:00 0.92 1.00 0.98
1820/05/20 22:00:00 0.92 1.00 0.98
1820/05/21 10:00:00 0.92 1.00 0.98
1820/05/21 22:00:00 0.92 1.00 0.98
1820/05/22 10:00:00 0.91 1.00 0.97
1820/05/22 22:00:00 0.91 1.00 0.97
1820/05/23 10:00:00 0.91 1.00 0.97
1820/05/23 22:00:00 0.91 1.00 0.97
1820/05/24 10:00:00 0.91 1.00 0.97
1820/05/24 22:00:00 0.91 1.00 0.97
1820/05/25 10:00:00 0.91 1.00 0.97
1820/05/25 22:00:00 0.91 1.00 0.97
1820/05/26 10:00:00 0.91 1.00 0.97
1820/05/26 22:00:00 0.91 1.00 0.97
1820/05/27 10:00:00 0.91 1.00 0.97
1820/05/27 22:00:00 0.91 1.00 0.97
1820/05/28 10:00:00 0.91 1.00 0.96
1820/05/28 22:00:00 0.91 1.00 0.96
1820/05/29 10:00:00 0.90 1.00 0.96
1820/05/29 22:00:00 0.90 1.00 0.96
1820/05/30 10:00:00 0.89 1.00 0.96
1820/05/30 22:00:00 0.89 1.00 0.96
1820/05/31 10:00:00 0.88 1.00 0.96
1820/05/31 22:00:00 0.88 1.00 0.96
1820/06/01 10:00:00 0.87 1.00 0.96
1820/06/01 22:00:00 0.87 1.00 0.96
1820/06/02 10:00:00 0.86 1.00 0.95
1820/06/02 22:00:00 0.86 1.00 0.95
1820/06/03 10:00:00 0.85 1.00 0.95
1820/06/03 22:00:00 0.85 1.00 0.95
1820/06/04 10:00:00 0.84 1.00 0.95
1820/06/04 22:00:00 0.84 1.00 0.95
1820/06/05 10:00:00 0.83 1.00 0.95
1820/06/05 22:00:00 0.83 1.00 0.95
1820/06/06 10:00:00 0.82 1.00 0.95
1820/06/06 22:00:00 0.82 1.00 0.95
1820/06/07 10:00:00 0.81 1.00 0.94
1820/06/07 22:00:00 0.81 1.00 0.94
1820/06/08 10:00:00 0.80 1.00 0.94
1820/06/08 22:00:00 0.80 1.00 0.94
1820/06/09 10:00:00 0.80 1.00 0.94
1820/06/09 22:00:00 0.80 1.00 0.94
1820/06/10 10:00:00 0.79 1.00 0.94
1820/06/10 22:00:00 0.79 1.00 0.94
1820/06/11 10:00:00 0.78 1.00 0.94
1820/06/11 22:00:00 0.78 1.00 0.94
1820/06/12 10:00:00 0.78 1.00 0.94
1820/06/12 22:00:00 0.78 1.00 0.94
1820/06/13 10:00:00 0.77 1.00 0.94
1820/06/13 22:00:00 0.77 1.00 0.94
1820/06/14 10:00:00 0.77 1.00 0.94
1820/06/14 22:00:00 0.77 1.00 0.94
1820/06/15 10:00:00 0.76 1.00 0.93
1820/06/15 22:00:00 0.76 1.00 0.93
1820/06/16 10:00:00 0.76 1.00 0.93
1820/06/16 22:00:00 0.76 1.00 0.93
1820/06/17 10:00:00 0.76 1.00 0.93
1820/06/17 22:00:00 0.76 1.00 0.93
1820/06/18 10:00:00 0.76 1.00 0.93
1820/06/18 22:00:00 0.76 1.00 0.93
1820/06/19 10:00:00 0.76 1.00 0.93
1820/06/19 22:00:00 0.76 1.00 0.93
1820/06/20 10:00:00 0.76 0.99 0.93
1820/06/20 22:00:00 0.76 0.99 0.93
1820/06/21 10:00:00 0.76 0.98 0.93
1820/06/21 22:00:00 0.76 0.98 0.93
1820/06/22 10:00:00 0.76 0.99 0.93
1820/06/22 22:00:00 0.76 0.99 0.93
1820/06/23 10:00:00 0.77 0.99 0.93
1820/06/23 22:00:00 0.77 0.99 0.93
1820/06/24 10:00:00 0.77 1.00 0.93
1820/06/24 22:00:00 0.77 1.00 0.93
1820/06/25 10:00:00 0.77 1.00 0.93
1820/06/25 22:00:00 0.77 1.00 0.93
1820/06/26 10:00:00 0.78 1.00 0.93
1820/06/26 22:00:00 0.78 1.00 0.93
1820/06/27 10:00:00 0.78 1.00 0.93
1820/06/27 22:00:00 0.78 1.00 0.93
1820/06/28 10:00:00 0.79 1.00 0.93
1820/06/28 22:00:00 0.79 1.00 0.93
1820/06/29 10:00:00 0.79 1.00 0.92
1820/06/29 22:00:00 0.79 1.00 0.92
1820/06/30 10:00:00 0.78 1.00 0.92
1820/06/30 22:00:00 0.78 1.00 0.92
1820/07/01 10:00:00 0.77 1.00 0.92
1820/07/01 22:00:00 0.77 1.00 0.92
1820/07/02 10:00:00 0.76 1.00 0.92
1820/07/02 22:00:00 0.76 1.00 0.92
1820/07/03 10:00:00 0.75 1.00 0.92
1820/07/03 22:00:00 0.75 1.00 0.92
1820/07/04 10:00:00 0.74 1.00 0.91
1820/07/04 22:00:00 0.74 1.00 0.91
1820/07/05 10:00:00 0.73 1.00 0.91
1820/07/05 22:00:00 0.73 1.00 0.91
1820/07/06 10:00:00 0.73 1.00 0.91
1820/07/06 22:00:00 0.73 1.00 0.91
1820/07/07 10:00:00 0.72 1.00 0.91
1820/07/07 22:00:00 0.72 1.00 0.91
1820/07/08 10:00:00 0.71 1.00 0.90
1820/07/08 22:00:00 0.71 1.00 0.90
1820/07/09 10:00:00 0.71 1.00 0.90
1820/07/09 22:00:00 0.71 1.00 0.90
1820/07/10 10:00:00 0.70 1.00 0.90
1820/07/10 22:00:00 0.70 1.00 0.90
1820/07/11 10:00:00 0.70 1.00 0.90
1820/07/11 22:00:00 0.70 1.00 0.90
1820/07/12 10:00:00 0.69 1.00 0.89
1820/07/12 22:00:00 0.69 1.00 0.89
1820/07/13 10:00:00 0.69 1.00 0.89
1820/07/13 22:00:00 0.69 1.00 0.89
1820/07/14 10:00:00 0.69 1.00 0.89
1820/07/14 22:00:00 0.69 1.00 0.89
1820/07/15 10:00:00 0.69 0.99 0.88
1820/07/15 22:00:00 0.69 0.99 0.88
1820/07/16 10:00:00 0.69 0.97 0.88
1820/07/16 22:00:00 0.69 0.97 0.88
1820/07/17 10:00:00 0.69 0.94 0.87
1820/07/17 22:00:00 0.69 0.94 0.87
1820/07/18 10:00:00 0.69 0.92 0.86
1820/07/18 22:00:00 0.69 0.92 0.86
1820/07/19 10:00:00 0.68 0.93 0.85
1820/07/19 22:00:00 0.68 0.93 0.85
1820/07/20 10:00:00 0.67 0.93 0.85
1820/07/20 22:00:00 0.67 0.93 0.85
1820/07/21 10:00:00 0.67 0.93 0.84
1820/07/21 22:00:00 0.67 0.93 0.84
1820/07/22 10:00:00 0.67 0.94 0.83
1820/07/22 22:00:00 0.67 0.94 0.83
1820/07/23 10:00:00 0.66 0.94 0.82
1820/07/23 22:00:00 0.66 0.94 0.82
1820/07/24 10:00:00 0.66 0.95 0.81
1820/07/24 22:00:00 0.66 0.95 0.81
1820/07/25 10:00:00 0.64 0.95 0.80
1820/07/25 22:00:00 0.64 0.95 0.80
1820/07/26 10:00:00 0.60 0.96 0.79
1820/07/26 22:00:00 0.60 0.96 0.79
1820/07/27 10:00:00 0.56 0.96 0.78
1820/07/27 22:00:00 0.56 0.96 0.78
1820/07/28 10:00:00 0.52 0.96 0.77
1820/07/28 22:00:00 0.52 0.96 0.77
1820/07/29 10:00:00 0.47 0.97 0.76
1820/07/29 22:00:00 0.47 0.97 0.76
1820/07/30 10:00:00 0.43 0.97 0.75
1820/07/30 22:00:00 0.43 0.97 0.75
1820/07/31 10:00:00 0.39 0.97 0.73
1820/07/31 22:00:00 0.39 0.97 0.73
1820/08/01 10:00:00 0.35 0.98 0.72
1820/08/01 22:00:00 0.35 0.98 0.72
1820/08/02 10:00:00 0.31 0.98 0.71
1820/08/02 22:00:00 0.31 0.98 0.71
1820/08/03 10:00:00 0.26 0.98 0.70
1820/08/03 22:00:00 0.26 0.98 0.70
1820/08/04 10:00:00 0.22 0.98 0.69
1820/08/04 22:00:00 0.24 1.00 0.69
1820/08/05 10:00:00 0.20 1.00 0.68
1820/08/05 23:00:00 0.20 1.00 0.68
1820/08/06 11:00:00 0.08 1.00 0.75
1820/08/06 23:00:00 0.08 1.00 0.75
1820/08/07 11:00:00 0.04 1.00 0.75
1820/08/07 23:00:00 0.04 1.00 0.75
1820/08/08 11:00:00 0.01 1.00 0.74
1820/08/08 23:00:00 0.01 1.00 0.74
1820/08/09 11:00:00 0.00 1.00 0.73
1820/08/09 23:00:00 0.00 1.00 0.73
1820/08/10 11:00:00 0.00 1.00 0.72
1820/08/10 23:00:00 0.00 1.00 0.72
1820/08/11 11:00:00 0.00 1.00 0.71
1820/08/11 23:00:00 0.00 1.00 0.71
1820/08/12 11:00:00 0.00 1.00 0.71
1820/08/12 23:00:00 0.00 1.00 0.71
1820/08/13 11:00:00 0.00 0.98 0.70
1820/08/13 23:00:00 0.00 0.98 0.70
1820/08/14 11:00:00 0.00 0.96 0.69
1820/08/14 23:00:00 0.00 0.96 0.69
1820/08/15 11:00:00 0.00 0.97 0.69
1820/08/15 23:00:00 0.00 0.97 0.69
1820/08/16 11:00:00 0.00 0.97 0.68
1820/08/16 23:00:00 0.00 0.97 0.68
1820/08/17 11:00:00 0.00 0.97 0.67
1820/08/17 23:00:00 0.00 0.96 0.56
1820/08/18 11:00:00 0.00 0.96 0.56
1820/08/18 23:00:00 0.00 0.96 0.56
1820/08/19 11:00:00 0.00 0.96 0.55
1820/08/19 23:00:00 0.00 0.96 0.55
1820/08/20 11:00:00 0.00 0.96 0.54
1820/08/20 23:00:00 0.00 0.96 0.54
1820/08/21 11:00:00 0.00 0.96 0.54
1820/08/21 23:00:00 0.00 0.96 0.54
1820/08/22 11:00:00 0.00 0.96 0.53
1820/08/22 23:00:00 0.00 0.96 0.53
1820/08/23 11:00:00 0.00 0.95 0.53
1820/08/23 23:00:00 0.00 0.95 0.53
1820/08/24 10:00:00 0.00 0.95 0.52
1820/08/24 22:00:00 0.00 0.95 0.52
1820/08/25 10:00:00 0.00 0.95 0.52
1820/08/25 22:00:00 0.00 0.95 0.52
1820/08/26 10:00:00 0.00 0.95 0.51
1820/08/26 22:00:00 0.00 0.95 0.51
1820/08/27 10:00:00 0.00 0.96 0.56
1820/08/27 22:00:00 0.00 0.87 0.51
1820/08/28 10:00:00 0.00 0.92 0.56
1820/08/28 22:00:00 0.00 0.91 0.58
1820/08/29 09:00:00 0.00 0.79 0.35
1820/08/29 21:00:00 0.00 0.63 0.26
1820/08/30 09:00:00 0.00 0.73 0.25
1820/08/30 21:00:00 0.00 0.51 0.12
1820/08/31 09:00:00 0.00 0.19 0.02
1820/08/31 20:00:00 0.00 0.12 0.02
1820/09/01 08:00:00 0.00 0.40 0.03
1820/09/01 20:00:00 0.00 0.76 0.05
1820/09/02 08:00:00 0.00 0.55 0.03
1820/09/02 20:00:00 0.00 0.38 0.05
1820/09/03 08:00:00 0.00 0.10 0.06
1820/09/03 20:00:00 0.00 0.10 0.06
1820/09/04 08:00:00 0.00 0.10 0.06
1820/09/04 20:00:00 0.00 0.51 0.04
1820/09/05 08:00:00 0.00 0.83 0.06
1820/09/05 20:00:00 0.00 0.83 0.06
1820/09/06 08:00:00 0.00 0.82 0.06
1820/09/06 20:00:00 0.00 0.82 0.06
1820/09/07 08:00:00 0.00 0.82 0.06
1820/09/07 20:00:00 0.00 0.82 0.06
1820/09/08 08:00:00 0.00 0.68 0.05
1820/09/08 19:00:00 0.00 0.68 0.05
1820/09/09 07:00:00 0.00 0.52 0.04
1820/09/09 19:00:00 0.00 0.52 0.04
1820/09/10 07:00:00 0.00 0.51 0.04
1820/09/10 19:00:00 0.00 0.51 0.05
1820/09/11 07:00:00 0.01 0.51 0.05
1820/09/11 19:00:00 0.01 0.51 0.05
1820/09/12 07:00:00 0.01 0.50 0.05
1820/09/12 19:00:00 0.01 0.50 0.05
1820/09/13 07:00:00 0.02 0.50 0.05
1820/09/13 19:00:00 0.01 0.32 0.05
1820/09/14 07:00:00 0.01 0.32 0.05
1820/09/14 19:00:00 0.01 0.32 0.05
1820/09/15 07:00:00 0.00 0.78 0.10
1820/09/15 20:00:00 0.00 0.78 0.10
1820/09/16 07:00:00 0.01 0.30 0.05
1820/09/16 19:00:00 0.00 0.06 0.03
1820/09/17 07:00:00 0.00 0.28 0.07
1820/09/17 19:00:00 0.00 0.28 0.07
1820/09/18 07:00:00 0.00 0.05 0.03
1820/09/18 19:00:00 0.00 0.05 0.03
1820/09/19 07:00:00 0.00 0.05 0.02
1820/09/19 19:00:00 0.00 0.28 0.03
1820/09/20 07:00:00 0.00 0.05 0.02
1820/09/20 19:00:00 0.00 0.04 0.01
1820/09/21 07:00:00 0.00 0.05 0.02
1820/09/21 19:00:00 0.00 0.04 0.01
1820/09/22 07:00:00 0.00 0.04 0.01
1820/09/22 12:00:00   NA   NA  NA
1820/09/23 12:00:00   NA   NA  NA
1820/09/23 12:00:00   NA   NA  NA
1820/09/24 12:00:00   NA   NA  NA
1820/09/24 12:00:00   NA   NA  NA
1820/09/25 12:00:00   NA   NA  NA
1820/09/25 19:00:00 0.00 0.04 0.01
1820/09/26 07:00:00 0.00 0.04 0.01
1820/09/26 19:00:00 0.00 0.04 0.01
1820/09/27 07:00:00 0.00 0.02 0.00
1820/09/27 19:00:00 0.00 0.00 0.00
1820/09/28 07:00:00 0.00 0.00 0.00
1820/09/28 19:00:00 0.00 0.00 0.00
1820/09/29 07:00:00 0.00 0.00 0.00
1820/09/29 19:00:00 0.00 0.00 0.00
1820/09/30 07:00:00 0.00 0.00 0.00
1820/09/30 12:00:00   NA   NA  NA
