1818/05/05 03:00:00   NA   NA  NA
1818/05/05 06:00:00   NA   NA  NA
1818/05/05 10:00:00   NA   NA  NA
1818/05/05 12:00:00   NA   NA  NA
1818/05/05 14:00:00 6.31 9.46 7.85
1818/05/05 15:00:00 6.31 9.46 7.85
1818/05/05 16:00:00 6.31 9.46 7.85
1818/05/05 18:00:00 6.31 9.46 7.85
1818/05/05 22:00:00 6.31 9.46 7.85
1818/05/06 02:00:00 6.36 9.55 7.97
1818/05/06 03:00:00 6.36 9.55 7.97
1818/05/06 06:00:00 6.36 9.55 7.97
1818/05/06 08:00:00 6.36 9.55 7.97
1818/05/06 10:00:00 6.36 9.55 7.97
1818/05/06 14:00:00 5.45 8.52 6.84
1818/05/06 15:00:00 5.45 8.52 6.84
1818/05/06 18:00:00 5.45 8.52 6.84
1818/05/06 19:00:00 5.45 8.52 6.84
1818/05/06 20:00:00 5.45 8.52 6.84
1818/05/06 22:00:00 5.45 8.52 6.84
1818/05/07 02:00:00 5.27 8.18 6.65
1818/05/07 03:00:00 5.27 8.18 6.65
1818/05/07 06:00:00 5.27 8.18 6.65
1818/05/07 10:00:00 5.27 8.18 6.65
1818/05/07 14:00:00 5.27 8.18 6.65
1818/05/07 18:00:00 5.31 7.87 7.22
1818/05/07 22:00:00 5.31 7.87 7.22
1818/05/08 02:00:00 5.31 7.95 7.32
1818/05/08 04:00:00 5.31 7.95 7.32
1818/05/08 06:00:00 5.31 7.95 7.32
1818/05/08 09:00:00 5.31 7.95 7.32
1818/05/08 10:00:00 5.56 7.74 7.12
1818/05/08 13:00:00 5.56 7.74 7.12
1818/05/08 14:00:00 5.56 7.74 7.12
1818/05/08 15:00:00 5.56 7.74 7.12
1818/05/08 18:00:00 5.56 7.74 7.12
1818/05/08 21:00:00 5.56 7.74 7.12
1818/05/08 22:00:00 5.56 7.74 7.12
1818/05/09 02:00:00 5.64 7.91 7.38
1818/05/09 03:00:00 5.64 7.91 7.38
1818/05/09 06:00:00 5.64 7.91 7.38
1818/05/09 08:00:00 5.64 7.91 7.38
1818/05/09 10:00:00 5.40 7.70 7.17
1818/05/09 14:00:00 5.40 7.70 7.17
1818/05/09 15:00:00 5.40 7.70 7.17
1818/05/09 18:00:00 5.40 7.70 7.17
1818/05/09 22:00:00 5.40 7.70 7.17
1818/05/10 01:00:00 5.37 7.73 7.22
1818/05/10 02:00:00 5.37 7.73 7.22
1818/05/10 03:00:00 5.37 7.73 7.22
1818/05/10 06:00:00 5.37 7.73 7.22
1818/05/10 10:00:00 5.37 7.73 7.22
1818/05/10 14:00:00 5.95 7.61 7.22
1818/05/10 15:00:00 5.95 7.61 7.22
1818/05/10 18:00:00 5.95 7.61 7.22
1818/05/10 19:00:00 5.95 7.61 7.22
1818/05/10 22:00:00 5.95 7.61 7.22
1818/05/11 02:00:00 5.92 7.65 7.25
1818/05/11 04:00:00 5.92 7.65 7.25
1818/05/11 06:00:00 5.92 7.65 7.25
1818/05/11 10:00:00 5.92 7.65 7.25
1818/05/11 11:00:00 5.92 7.65 7.25
1818/05/11 14:00:00 5.92 7.65 7.25
1818/05/11 17:00:00 5.92 7.65 7.25
1818/05/11 18:00:00 5.92 7.65 7.25
1818/05/11 22:00:00 5.92 7.65 7.25
1818/05/11 23:00:00 5.92 7.65 7.25
1818/05/12 02:00:00 5.88 7.67 7.26
1818/05/12 03:00:00 5.88 7.67 7.26
1818/05/12 06:00:00 5.88 7.67 7.26
1818/05/12 10:00:00 5.88 7.67 7.26
1818/05/12 12:00:00 5.88 7.67 7.26
1818/05/12 13:00:00 6.42 7.87 7.52
1818/05/12 14:00:00 6.42 7.87 7.52
1818/05/12 18:00:00 5.88 7.67 7.26
1818/05/12 19:00:00 5.88 7.67 7.26
1818/05/12 22:00:00 5.88 7.67 7.26
1818/05/13 02:00:00 5.82 7.67 7.24
1818/05/13 03:00:00 5.82 7.67 7.24
1818/05/13 06:00:00 5.82 7.67 7.24
1818/05/13 10:00:00 5.82 7.67 7.24
1818/05/13 14:00:00 5.82 7.67 7.24
1818/05/13 15:00:00 5.82 7.67 7.24
1818/05/13 18:00:00 5.82 7.67 7.24
1818/05/13 22:00:00 5.82 7.67 7.24
1818/05/14 02:00:00 5.74 7.63 7.19
1818/05/14 03:00:00 5.74 7.63 7.19
1818/05/14 06:00:00 5.74 7.63 7.19
1818/05/14 10:00:00 5.23 7.36 6.87
1818/05/14 13:00:00 5.23 7.36 6.87
1818/05/14 14:00:00 5.23 7.36 6.87
1818/05/14 15:00:00 5.23 7.36 6.87
1818/05/14 18:00:00 5.23 7.36 6.87
1818/05/14 20:00:00 5.23 7.36 6.87
1818/05/14 22:00:00 5.23 7.36 6.87
1818/05/15 01:00:00 5.82 7.35 6.98
1818/05/15 02:00:00 5.82 7.35 6.98
1818/05/15 06:00:00 5.82 7.35 6.98
1818/05/15 10:00:00 5.03 6.48 6.13
1818/05/15 14:00:00 5.03 6.48 6.13
1818/05/15 15:00:00 5.03 6.48 6.13
1818/05/15 18:00:00 5.03 6.48 6.13
1818/05/15 19:00:00 5.03 6.48 6.13
1818/05/15 22:00:00 5.03 6.48 6.13
1818/05/16 00:00:00 4.94 6.41 6.05
1818/05/16 02:00:00 4.94 6.41 6.05
1818/05/16 04:00:00 4.94 6.41 6.05
1818/05/16 05:00:00 4.94 6.41 6.05
1818/05/16 06:00:00 4.94 6.41 6.05
1818/05/16 10:00:00 4.94 6.41 6.05
1818/05/16 14:00:00 4.94 6.41 6.05
1818/05/16 15:00:00 4.94 6.41 6.05
1818/05/16 17:00:00 4.94 6.41 6.05
1818/05/16 18:00:00 3.11 4.45 4.12
1818/05/16 20:00:00 3.11 4.45 4.12
1818/05/16 22:00:00 3.11 4.45 4.12
1818/05/17 02:00:00 3.03 4.37 4.05
1818/05/17 03:00:00 3.03 4.37 4.05
1818/05/17 06:00:00 3.03 4.37 4.05
1818/05/17 09:00:00 3.03 4.37 4.05
1818/05/17 10:00:00 3.03 4.37 4.05
1818/05/17 14:00:00 1.60 2.60 2.26
1818/05/17 15:00:00 1.60 2.60 2.26
1818/05/17 18:00:00 1.60 2.60 2.26
1818/05/17 22:00:00 1.60 2.60 2.26
1818/05/18 01:00:00 0.78 1.78 1.29
1818/05/18 02:00:00 0.78 1.78 1.29
1818/05/18 03:00:00 0.78 1.78 1.29
1818/05/18 06:00:00 0.78 1.78 1.29
1818/05/18 08:00:00 0.78 1.78 1.29
1818/05/18 10:00:00 0.78 1.78 1.29
1818/05/18 12:00:00 0.62 1.55 1.04
1818/05/18 14:00:00 0.62 1.55 1.04
1818/05/18 15:00:00 0.62 1.55 1.04
1818/05/18 18:00:00 0.62 1.55 1.04
1818/05/18 22:00:00 0.62 1.55 1.04
1818/05/19 02:00:00 0.68 1.59 1.09
1818/05/19 03:00:00 0.68 1.59 1.09
1818/05/19 06:00:00 0.68 1.59 1.09
1818/05/19 10:00:00 0.67 1.90 1.15
1818/05/19 14:00:00 0.67 1.90 1.15
1818/05/19 15:00:00 0.67 1.90 1.15
1818/05/19 18:00:00 0.67 1.90 1.15
1818/05/19 22:00:00 0.67 1.90 1.15
1818/05/20 02:00:00 0.75 1.94 1.21
1818/05/20 03:00:00 0.75 1.94 1.21
1818/05/20 06:00:00 0.08 2.20 0.95
1818/05/20 10:00:00 0.08 2.20 0.95
1818/05/20 14:00:00 0.08 2.20 0.95
1818/05/20 15:00:00 0.08 2.20 0.95
1818/05/20 16:00:00 0.08 2.20 0.95
1818/05/20 18:00:00 0.08 2.20 0.95
1818/05/20 22:00:00 0.08 2.20 0.95
1818/05/20 23:00:00 0.08 2.20 0.95
1818/05/21 02:00:00 0.37 2.93 1.38
1818/05/21 03:00:00 0.37 2.93 1.38
1818/05/21 06:00:00 0.87 3.28 1.80
1818/05/21 09:00:00 0.87 3.28 1.80
1818/05/21 10:00:00 0.87 3.28 1.80
1818/05/21 14:00:00 0.87 3.28 1.80
1818/05/21 15:00:00 0.87 3.28 1.80
1818/05/21 18:00:00 0.87 3.28 1.80
1818/05/21 22:00:00 0.95 3.60 1.94
1818/05/22 02:00:00 1.02 3.56 1.97
1818/05/22 03:00:00 1.02 3.56 1.97
1818/05/22 06:00:00 1.02 3.56 1.97
1818/05/22 09:00:00 0.81 3.97 2.00
1818/05/22 10:00:00 0.81 3.97 2.00
1818/05/22 14:00:00 0.81 3.97 2.00
1818/05/22 15:00:00 0.81 3.97 2.00
1818/05/22 18:00:00 0.81 3.97 2.00
1818/05/22 22:00:00 0.81 3.97 2.00
1818/05/23 00:00:00 0.89 3.91 2.03
1818/05/23 02:00:00 0.89 3.91 2.03
1818/05/23 03:00:00 0.89 3.91 2.03
1818/05/23 06:00:00 0.89 3.91 2.03
1818/05/23 10:00:00 -0.03 3.52 1.35
1818/05/23 11:00:00 -0.03 3.52 1.35
1818/05/23 14:00:00 -0.03 3.52 1.35
1818/05/23 15:00:00 -0.03 3.52 1.35
1818/05/23 18:00:00 -0.03 3.52 1.35
1818/05/23 20:00:00 -0.03 3.52 1.35
1818/05/23 22:00:00 -0.03 3.52 1.35
1818/05/24 02:00:00 0.08 3.46 1.39
1818/05/24 03:00:00 0.08 3.46 1.39
1818/05/24 06:00:00 -0.28 3.67 1.35
1818/05/24 10:00:00 -0.28 3.67 1.35
1818/05/24 11:00:00 -0.28 3.67 1.35
1818/05/24 14:00:00 -0.28 3.67 1.35
1818/05/24 18:00:00 -0.28 3.67 1.35
1818/05/24 22:00:00 -0.13 3.97 1.58
1818/05/25 02:00:00 -0.05 3.87 1.59
1818/05/25 03:00:00 -0.05 3.87 1.59
1818/05/25 06:00:00 -0.05 3.87 1.59
1818/05/25 08:00:00 -0.05 3.87 1.59
1818/05/25 10:00:00 -0.05 3.87 1.59
1818/05/25 14:00:00 -0.05 3.87 1.59
1818/05/25 18:00:00 0.55 4.50 2.17
1818/05/25 20:00:00 0.55 4.50 2.17
1818/05/25 22:00:00 0.55 4.50 2.17
1818/05/26 02:00:00 0.64 4.39 2.18
1818/05/26 03:00:00 0.87 4.09 2.35
1818/05/26 05:00:00 0.87 4.09 2.35
1818/05/26 06:00:00 0.87 4.09 2.35
1818/05/26 10:00:00 0.87 4.09 2.35
1818/05/26 14:00:00 1.10 3.79 2.51
1818/05/26 15:00:00 1.10 3.79 2.51
1818/05/26 18:00:00 1.10 3.79 2.51
1818/05/26 21:00:00 0.99 3.66 2.45
1818/05/26 22:00:00 0.99 3.66 2.45
1818/05/27 02:00:00 1.07 3.58 2.45
1818/05/27 03:00:00 1.07 3.58 2.45
1818/05/27 06:00:00 1.07 3.58 2.45
1818/05/27 09:00:00 1.07 3.58 2.45
1818/05/27 10:00:00 1.07 3.58 2.45
1818/05/27 14:00:00 1.07 3.58 2.45
1818/05/27 16:00:00 1.07 3.58 2.45
1818/05/27 18:00:00 1.07 3.58 2.45
1818/05/27 22:00:00 1.47 4.10 2.73
1818/05/28 02:00:00 1.52 3.98 2.71
1818/05/28 03:00:00 1.52 3.98 2.71
1818/05/28 05:00:00 1.52 3.98 2.71
1818/05/28 06:00:00 1.52 3.98 2.71
1818/05/28 07:00:00 1.52 3.98 2.71
1818/05/28 10:00:00 1.52 3.98 2.71
1818/05/28 14:00:00 0.82 3.38 2.07
1818/05/28 15:00:00 0.82 3.38 2.07
1818/05/28 18:00:00 0.82 3.38 2.07
1818/05/28 22:00:00 0.82 3.38 2.07
1818/05/28 23:00:00 0.82 3.38 2.07
1818/05/29 02:00:00 0.92 3.28 2.08
1818/05/29 03:00:00 0.92 3.28 2.08
1818/05/29 06:00:00 0.75 3.31 2.12
1818/05/29 10:00:00 0.75 3.31 2.12
1818/05/29 14:00:00 0.75 3.31 2.12
1818/05/29 15:00:00 0.75 3.31 2.12
1818/05/29 18:00:00 0.75 3.31 2.12
1818/05/29 22:00:00 0.51 3.27 2.06
1818/05/30 01:00:00 0.57 3.20 2.06
1818/05/30 02:00:00 0.57 3.20 2.06
1818/05/30 03:00:00 0.57 3.20 2.06
1818/05/30 06:00:00 0.57 3.20 2.06
1818/05/30 09:00:00 0.57 3.20 2.06
1818/05/30 10:00:00 0.57 3.20 2.06
1818/05/30 14:00:00 0.57 3.20 2.06
1818/05/30 17:00:00 0.57 3.20 2.06
1818/05/30 18:00:00 0.57 3.20 2.06
1818/05/30 22:00:00 0.57 3.20 2.06
1818/05/31 02:00:00 0.62 3.13 2.05
1818/05/31 03:00:00 0.62 3.13 2.05
1818/05/31 06:00:00 0.55 3.72 2.21
1818/05/31 07:00:00 0.55 3.72 2.21
1818/05/31 10:00:00 0.55 3.72 2.21
1818/05/31 14:00:00 0.55 3.72 2.21
1818/05/31 15:00:00 0.55 3.72 2.21
1818/05/31 18:00:00 0.55 3.72 2.21
1818/05/31 22:00:00 0.55 3.72 2.21
1818/05/31 23:00:00 0.55 3.72 2.21
1818/06/01 01:00:00 0.70 3.70 2.25
1818/06/01 02:00:00 0.70 3.70 2.25
1818/06/01 03:00:00 0.70 3.70 2.25
1818/06/01 06:00:00 0.70 3.70 2.25
1818/06/01 09:00:00 0.70 3.70 2.25
1818/06/01 10:00:00 0.70 3.70 2.25
1818/06/01 13:00:00 0.70 3.70 2.25
1818/06/01 14:00:00 0.70 3.70 2.25
1818/06/01 15:00:00 0.70 3.70 2.25
1818/06/01 17:00:00 0.70 3.70 2.25
1818/06/01 18:00:00 0.70 3.70 2.25
1818/06/01 21:00:00 0.70 3.70 2.25
1818/06/01 22:00:00 0.70 3.70 2.25
1818/06/02 02:00:00 0.84 3.66 2.28
1818/06/02 03:00:00 0.84 3.66 2.28
1818/06/02 06:00:00 0.84 3.66 2.28
1818/06/02 10:00:00 0.84 3.66 2.28
1818/06/02 12:00:00 0.84 3.66 2.28
1818/06/02 13:00:00 0.84 3.66 2.28
1818/06/02 14:00:00 0.84 3.66 2.28
1818/06/02 18:00:00 -1.29 2.28 0.64
1818/06/02 21:00:00 -1.29 2.28 0.64
1818/06/02 22:00:00 -1.29 2.28 0.64
1818/06/03 02:00:00 -1.00 2.35 0.78
1818/06/03 03:00:00 -1.00 2.35 0.78
1818/06/03 06:00:00 -1.00 2.35 0.78
1818/06/03 10:00:00 -1.00 2.35 0.78
1818/06/03 14:00:00 1.24 4.95 3.14
1818/06/03 16:00:00 1.24 4.95 3.14
1818/06/03 18:00:00 1.24 4.95 3.14
1818/06/03 22:00:00 -1.00 2.35 0.78
1818/06/04 02:00:00 -0.72 2.42 0.91
1818/06/04 03:00:00 -0.72 2.42 0.91
1818/06/04 06:00:00 -0.72 2.42 0.91
1818/06/04 10:00:00 -0.72 2.42 0.91
1818/06/04 14:00:00 -0.72 2.42 0.91
1818/06/04 16:00:00 -0.72 2.42 0.91
1818/06/04 18:00:00 -0.72 2.42 0.91
1818/06/04 22:00:00 -0.72 2.42 0.91
1818/06/05 02:00:00 -0.43 2.49 1.04
1818/06/05 03:00:00 -0.43 2.49 1.04
1818/06/05 06:00:00 -0.43 2.49 1.04
1818/06/05 07:00:00 -0.43 2.49 1.04
1818/06/05 10:00:00 -0.43 2.49 1.04
1818/06/05 14:00:00 -0.43 2.49 1.04
1818/06/05 15:00:00 -0.43 2.49 1.04
1818/06/05 18:00:00 -0.43 2.49 1.04
1818/06/05 22:00:00 -0.43 2.49 1.04
1818/06/06 02:00:00 -0.15 2.55 1.16
1818/06/06 03:00:00 -0.15 2.55 1.16
1818/06/06 06:00:00 -0.15 2.55 1.16
1818/06/06 10:00:00 -3.19 0.13 -1.15
1818/06/06 14:00:00 -3.19 0.13 -1.15
1818/06/06 18:00:00 -3.19 0.13 -1.15
1818/06/07 02:00:00 -2.79 0.34 -0.91
1818/06/07 03:00:00 -2.79 0.34 -0.91
1818/06/07 06:00:00 -2.79 0.34 -0.91
1818/06/07 07:00:00 -2.79 0.34 -0.91
1818/06/07 10:00:00 -1.60 1.33 0.02
1818/06/07 14:00:00 -1.60 1.33 0.02
1818/06/07 18:00:00 0.06 3.05 1.61
1818/06/07 22:00:00 0.06 3.05 1.61
1818/06/08 02:00:00 0.32 3.12 1.74
1818/06/08 03:00:00 0.32 3.12 1.74
1818/06/08 06:00:00 -0.95 1.84 0.57
1818/06/08 07:00:00 -0.67 1.98 0.50
1818/06/08 10:00:00 -0.67 1.98 0.50
1818/06/08 14:00:00 -0.67 1.98 0.50
1818/06/08 18:00:00 -0.67 1.98 0.50
1818/06/08 21:00:00 -0.67 1.98 0.50
1818/06/08 22:00:00 -0.67 1.98 0.50
1818/06/09 02:00:00 -0.47 2.00 0.58
1818/06/09 03:00:00 -0.47 2.00 0.58
1818/06/09 06:00:00 -0.47 2.00 0.58
1818/06/09 10:00:00 -0.47 2.00 0.58
1818/06/09 14:00:00 -0.47 2.00 0.58
1818/06/09 15:00:00 -0.47 2.00 0.58
1818/06/09 18:00:00 -0.47 2.00 0.58
1818/06/09 22:00:00 -0.47 2.00 0.58
1818/06/10 02:00:00 -0.28 2.01 0.65
1818/06/10 04:00:00 -0.28 2.01 0.65
1818/06/10 08:00:00 -0.28 2.01 0.65
1818/06/10 10:00:00 -0.28 2.01 0.65
1818/06/10 14:00:00 -0.28 2.01 0.65
1818/06/10 16:00:00 -0.28 2.01 0.65
1818/06/10 18:00:00 -0.28 2.01 0.65
1818/06/10 22:00:00 -0.28 2.01 0.65
1818/06/11 02:00:00 -0.34 2.17 1.11
1818/06/11 03:00:00 -0.34 2.17 1.11
1818/06/11 06:00:00 -0.34 2.17 1.11
1818/06/11 10:00:00 -0.34 2.17 1.11
1818/06/11 14:00:00 -0.34 2.17 1.11
1818/06/11 17:00:00 -0.34 2.17 1.11
1818/06/11 18:00:00 -0.34 2.17 1.11
1818/06/11 19:00:00 -0.34 2.17 1.11
1818/06/11 22:00:00 -0.34 2.17 1.11
1818/06/11 23:00:00 -0.34 2.17 1.11
1818/06/12 02:00:00 -0.14 2.27 1.28
1818/06/12 04:00:00 -0.14 2.27 1.28
1818/06/12 06:00:00 -0.14 2.27 1.28
1818/06/12 10:00:00 0.01 2.04 0.79
1818/06/12 14:00:00 0.01 2.04 0.79
1818/06/12 18:00:00 0.01 2.04 0.79
1818/06/12 22:00:00 0.01 2.04 0.79
1818/06/13 02:00:00 -0.00 2.05 0.85
1818/06/13 03:00:00 -0.00 2.05 0.85
1818/06/13 06:00:00 -0.00 2.05 0.85
1818/06/13 10:00:00 -0.00 2.05 0.85
1818/06/13 14:00:00 -0.00 2.05 0.85
1818/06/13 18:00:00 -0.00 2.05 0.85
1818/06/13 20:00:00 -0.00 2.05 0.85
1818/06/13 22:00:00 -0.00 2.05 0.85
1818/06/14 02:00:00 -0.01 2.06 0.91
1818/06/14 03:00:00 -0.01 2.06 0.91
1818/06/14 06:00:00 -0.01 2.06 0.91
1818/06/14 10:00:00 -0.01 2.06 0.91
1818/06/14 14:00:00 -0.01 2.06 0.91
1818/06/14 18:00:00 -0.01 2.06 0.91
1818/06/14 22:00:00 -0.01 2.06 0.91
1818/06/15 02:00:00 -0.02 2.14 0.96
1818/06/15 03:00:00 -0.02 2.14 0.96
1818/06/15 06:00:00 -0.02 2.14 0.96
1818/06/15 10:00:00 -0.02 2.14 0.96
1818/06/15 14:00:00 -0.02 2.14 0.96
1818/06/15 15:00:00 1.85 5.49 3.46
1818/06/15 18:00:00 1.85 5.49 3.46
1818/06/15 22:00:00 1.85 5.49 3.46
1818/06/16 02:00:00 1.99 5.56 3.58
1818/06/16 05:00:00 1.99 5.56 3.58
1818/06/16 06:00:00 1.99 5.56 3.58
1818/06/16 10:00:00 1.99 5.56 3.58
1818/06/16 14:00:00   NA   NA  NA
1818/06/16 15:00:00 1.99 5.56 3.58
1818/06/16 18:00:00 1.99 5.56 3.58
1818/06/16 22:00:00 1.99 5.56 3.58
1818/06/17 02:00:00 2.14 5.63 3.71
1818/06/17 05:00:00 2.14 5.63 3.71
1818/06/17 06:00:00 2.14 5.63 3.71
1818/06/17 10:00:00 2.14 5.63 3.71
1818/06/17 14:00:00   NA   NA  NA
1818/06/17 18:00:00 -0.31 1.64 0.83
1818/06/17 19:00:00 -0.31 1.64 0.83
1818/06/17 22:00:00 -0.31 1.64 0.83
1818/06/18 02:00:00 -0.11 1.85 0.99
1818/06/18 06:00:00 -0.11 1.85 0.99
1818/06/18 08:00:00 -0.11 1.85 0.99
1818/06/18 10:00:00 -0.11 1.85 0.99
1818/06/18 14:00:00 0.70 2.68 1.69
1818/06/18 18:00:00 0.70 2.68 1.69
1818/06/18 22:00:00 0.70 2.68 1.69
1818/06/19 02:00:00 0.90 2.87 1.84
1818/06/19 06:00:00 0.90 2.87 1.84
1818/06/19 09:00:00 0.90 2.87 1.84
1818/06/19 10:00:00 0.90 2.87 1.84
1818/06/19 14:00:00 0.90 2.87 1.84
1818/06/19 18:00:00 0.90 2.87 1.84
1818/06/19 20:00:00 0.90 2.87 1.84
1818/06/19 22:00:00 0.90 2.87 1.84
1818/06/20 02:00:00 1.02 3.04 1.99
1818/06/20 06:00:00 1.02 3.04 1.99
1818/06/20 08:00:00 1.02 3.04 1.99
1818/06/20 10:00:00 1.02 3.04 1.99
1818/06/20 14:00:00 1.02 3.04 1.99
1818/06/20 18:00:00 1.02 3.04 1.99
1818/06/20 20:00:00 1.02 3.04 1.99
1818/06/20 22:00:00 1.02 3.04 1.99
1818/06/21 02:00:00 1.15 3.20 2.13
1818/06/21 06:00:00 1.15 3.20 2.13
1818/06/21 08:00:00 1.15 3.20 2.13
1818/06/21 10:00:00 1.15 3.20 2.13
1818/06/21 14:00:00 1.15 3.20 2.13
1818/06/21 18:00:00 1.15 3.20 2.13
1818/06/21 20:00:00 1.15 3.20 2.13
1818/06/21 22:00:00 1.15 3.20 2.13
1818/06/22 02:00:00 1.29 3.34 2.27
1818/06/22 05:00:00 1.29 3.34 2.27
1818/06/22 06:00:00 1.29 3.34 2.27
1818/06/22 09:00:00 1.29 3.34 2.27
1818/06/22 10:00:00 1.29 3.34 2.27
1818/06/22 14:00:00 1.29 3.34 2.27
1818/06/22 18:00:00 1.29 3.34 2.27
1818/06/22 22:00:00 1.29 3.34 2.27
1818/06/23 02:00:00 1.43 3.48 2.40
1818/06/23 04:00:00 1.43 3.48 2.40
1818/06/23 06:00:00 1.43 3.48 2.40
1818/06/23 10:00:00 1.43 3.48 2.40
1818/06/23 14:00:00 1.43 3.48 2.40
1818/06/23 18:00:00 1.43 3.48 2.40
1818/06/23 19:00:00 1.43 3.48 2.40
1818/06/23 22:00:00 1.43 3.48 2.40
1818/06/24 02:00:00 1.57 3.60 2.53
1818/06/24 06:00:00 1.57 3.60 2.53
1818/06/24 08:00:00 1.57 3.60 2.53
1818/06/24 10:00:00 1.57 3.60 2.53
1818/06/24 14:00:00 1.57 3.60 2.53
1818/06/24 18:00:00 1.57 3.60 2.53
1818/06/24 22:00:00 1.57 3.60 2.53
1818/06/25 02:00:00 1.71 3.71 2.65
1818/06/25 03:00:00 1.71 3.71 2.65
1818/06/25 06:00:00 1.71 3.71 2.65
1818/06/25 09:00:00 1.71 3.71 2.65
1818/06/25 10:00:00 1.71 3.71 2.65
1818/06/25 14:00:00 1.71 3.71 2.65
1818/06/25 18:00:00 1.71 3.71 2.65
1818/06/25 20:00:00 1.71 3.71 2.65
1818/06/25 22:00:00 1.71 3.71 2.65
1818/06/26 02:00:00 1.86 3.81 2.77
1818/06/26 04:00:00 1.86 3.81 2.77
1818/06/26 06:00:00 1.86 3.81 2.77
1818/06/26 10:00:00 1.86 3.81 2.77
1818/06/26 14:00:00 1.86 3.81 2.77
1818/06/26 18:00:00 1.86 3.81 2.77
1818/06/26 22:00:00 1.86 3.81 2.77
1818/06/27 02:00:00 2.01 3.91 2.88
1818/06/27 06:00:00 2.70 7.13 4.68
1818/06/27 08:00:00 2.70 7.13 4.68
1818/06/27 10:00:00 2.70 7.13 4.68
1818/06/27 14:00:00 2.70 7.13 4.68
1818/06/27 18:00:00 2.70 7.13 4.68
1818/06/27 20:00:00 2.70 7.13 4.68
1818/06/27 22:00:00 2.70 7.13 4.68
1818/06/28 02:00:00 2.16 3.99 2.99
1818/06/28 04:00:00 2.16 3.99 2.99
1818/06/28 06:00:00 2.16 3.99 2.99
1818/06/28 10:00:00 2.16 3.99 2.99
1818/06/28 11:00:00 2.16 3.99 2.99
1818/06/28 14:00:00 2.16 3.99 2.99
1818/06/28 17:00:00 2.16 3.99 2.99
1818/06/28 18:00:00 2.16 3.99 2.99
1818/06/28 22:00:00 2.16 3.99 2.99
1818/06/29 02:00:00 2.32 4.06 3.10
1818/06/29 06:00:00 2.32 4.06 3.10
1818/06/29 08:00:00 2.32 4.06 3.10
1818/06/29 10:00:00 2.32 4.06 3.10
1818/06/29 14:00:00 2.32 4.06 3.10
1818/06/29 18:00:00 2.32 4.06 3.10
1818/06/29 20:00:00 2.32 4.06 3.10
1818/06/29 22:00:00 2.32 4.06 3.10
1818/06/30 02:00:00 2.47 4.12 3.20
1818/06/30 06:00:00 1.45 5.73 3.62
1818/06/30 10:00:00 1.45 5.73 3.62
1818/06/30 11:00:00 1.45 5.73 3.62
1818/06/30 14:00:00 1.45 5.73 3.62
1818/06/30 15:00:00 1.45 5.73 3.62
1818/06/30 18:00:00 1.45 5.73 3.62
1818/06/30 21:00:00 1.45 5.73 3.62
1818/06/30 22:00:00 1.45 5.73 3.62
1818/07/01 01:00:00 1.57 5.81 3.73
1818/07/01 02:00:00 1.57 5.81 3.73
1818/07/01 03:00:00 1.57 5.81 3.73
1818/07/01 05:00:00 1.57 5.81 3.73
1818/07/01 06:00:00 1.57 5.81 3.73
1818/07/01 07:00:00 1.57 5.81 3.73
1818/07/01 10:00:00 1.57 5.81 3.73
1818/07/01 14:00:00 1.57 5.81 3.73
1818/07/01 15:00:00 1.57 5.81 3.73
1818/07/01 18:00:00 1.57 5.81 3.73
1818/07/01 19:00:00 1.57 5.81 3.73
1818/07/01 22:00:00 1.57 5.81 3.73
1818/07/02 00:00:00 1.69 5.89 3.84
1818/07/02 02:00:00 1.69 5.89 3.84
1818/07/02 03:00:00 1.69 5.89 3.84
1818/07/02 06:00:00 1.69 5.89 3.84
1818/07/02 10:00:00 1.69 5.89 3.84
1818/07/02 13:00:00 1.69 5.89 3.84
1818/07/02 14:00:00 1.69 5.89 3.84
1818/07/02 15:00:00 1.69 5.89 3.84
1818/07/02 18:00:00 1.69 5.89 3.84
1818/07/02 22:00:00 1.69 5.89 3.84
1818/07/03 02:00:00 1.80 5.95 3.95
1818/07/03 03:00:00 1.80 5.95 3.95
1818/07/03 06:00:00 1.80 5.95 3.95
1818/07/03 10:00:00 1.80 5.95 3.95
1818/07/03 14:00:00 1.80 5.95 3.95
1818/07/03 15:00:00 1.80 5.95 3.95
1818/07/03 18:00:00 1.80 5.95 3.95
1818/07/03 19:00:00 1.80 5.95 3.95
1818/07/03 22:00:00 3.37 4.55 3.80
1818/07/04 03:00:00 3.51 4.57 3.87
1818/07/04 06:00:00 3.51 4.57 3.87
1818/07/04 07:00:00 3.51 4.57 3.87
1818/07/04 10:00:00 2.52 4.20 3.04
1818/07/04 11:00:00 2.52 4.20 3.04
1818/07/04 14:00:00 2.52 4.20 3.04
1818/07/04 18:00:00 2.52 4.20 3.04
1818/07/04 19:00:00 2.52 4.20 3.04
1818/07/04 22:00:00 2.52 4.20 3.04
1818/07/05 02:00:00 2.63 4.22 3.12
1818/07/05 03:00:00 2.63 4.22 3.12
1818/07/05 06:00:00 2.63 4.22 3.12
1818/07/05 07:00:00 2.63 4.22 3.12
1818/07/05 10:00:00 2.63 4.22 3.12
1818/07/05 14:00:00 2.63 4.22 3.12
1818/07/05 15:00:00 2.63 4.22 3.12
1818/07/05 18:00:00 2.63 4.22 3.12
1818/07/05 20:00:00 2.63 4.22 3.12
1818/07/05 22:00:00 2.63 4.22 3.12
1818/07/06 02:00:00 2.71 4.23 3.20
1818/07/06 03:00:00 2.71 4.23 3.20
1818/07/06 06:00:00 2.71 4.23 3.20
1818/07/06 07:00:00 2.71 4.23 3.20
1818/07/06 10:00:00 2.71 4.23 3.20
1818/07/06 14:00:00 2.71 4.23 3.20
1818/07/06 15:00:00 2.71 4.23 3.20
1818/07/06 18:00:00 2.71 4.23 3.20
1818/07/06 22:00:00 2.71 4.23 3.20
1818/07/07 02:00:00 2.80 4.23 3.27
1818/07/07 03:00:00 3.10 4.23 3.47
1818/07/07 06:00:00 1.44 2.62 1.94
1818/07/07 09:00:00 1.44 2.62 1.94
1818/07/07 10:00:00 1.44 2.62 1.94
1818/07/07 14:00:00 1.44 2.62 1.94
1818/07/07 15:00:00 1.44 2.62 1.94
1818/07/07 18:00:00 1.44 2.62 1.94
1818/07/07 20:00:00 1.44 2.62 1.94
1818/07/07 22:00:00 1.44 2.62 1.94
1818/07/08 00:00:00 1.55 2.65 2.04
1818/07/08 02:00:00 1.55 2.65 2.04
1818/07/08 03:00:00 1.55 2.65 2.04
1818/07/08 06:00:00 1.55 2.65 2.04
1818/07/08 10:00:00 1.55 2.65 2.04
1818/07/08 14:00:00 1.55 2.65 2.04
1818/07/08 15:00:00 1.55 2.65 2.04
1818/07/08 18:00:00 1.55 2.65 2.04
1818/07/08 20:00:00 1.55 2.65 2.04
1818/07/08 22:00:00 1.55 2.65 2.04
1818/07/09 00:00:00 1.64 2.68 2.12
1818/07/09 01:00:00 1.64 2.68 2.12
1818/07/09 02:00:00 1.64 2.68 2.12
1818/07/09 03:00:00 1.64 2.68 2.12
1818/07/09 06:00:00 1.64 2.68 2.12
1818/07/09 10:00:00 1.64 2.68 2.12
1818/07/09 13:00:00 1.64 2.68 2.12
1818/07/09 14:00:00 1.64 2.68 2.12
1818/07/09 15:00:00 1.64 2.68 2.12
1818/07/09 18:00:00 1.64 2.68 2.12
1818/07/09 20:00:00 1.64 2.68 2.12
1818/07/09 22:00:00 1.64 2.68 2.12
1818/07/10 02:00:00 1.73 2.70 2.21
1818/07/10 03:00:00 1.73 2.70 2.21
1818/07/10 05:00:00 1.73 2.70 2.21
1818/07/10 06:00:00 1.73 2.70 2.21
1818/07/10 07:00:00 1.73 2.70 2.21
1818/07/10 10:00:00 1.73 2.70 2.21
1818/07/10 12:00:00 1.73 2.70 2.21
1818/07/10 14:00:00 1.73 2.70 2.21
1818/07/10 15:00:00 1.73 2.70 2.21
1818/07/10 17:00:00 1.73 2.70 2.21
1818/07/10 18:00:00 1.73 2.70 2.21
1818/07/10 19:00:00 1.73 2.70 2.21
1818/07/10 20:00:00 1.73 2.70 2.21
1818/07/10 22:00:00 1.73 2.70 2.21
1818/07/11 00:00:00 1.82 2.71 2.29
1818/07/11 02:00:00 1.82 2.71 2.29
1818/07/11 03:00:00 1.82 2.71 2.29
1818/07/11 06:00:00 1.82 2.71 2.29
1818/07/11 10:00:00 1.82 2.71 2.29
1818/07/11 14:00:00 1.82 2.71 2.29
1818/07/11 17:00:00 1.82 2.71 2.29
1818/07/11 18:00:00 1.82 2.71 2.29
1818/07/11 22:00:00 1.82 2.71 2.29
1818/07/12 00:00:00 1.91 2.75 2.36
1818/07/12 02:00:00 1.91 2.75 2.36
1818/07/12 03:00:00 1.91 2.75 2.36
1818/07/12 06:00:00 1.91 2.75 2.36
1818/07/12 08:00:00 1.91 2.75 2.36
1818/07/12 10:00:00 1.51 2.41 1.99
1818/07/12 11:00:00 1.51 2.41 1.99
1818/07/12 14:00:00 1.51 2.41 1.99
1818/07/12 15:00:00 1.51 2.41 1.99
1818/07/12 18:00:00 1.51 2.41 1.99
1818/07/12 19:00:00 1.51 2.41 1.99
1818/07/12 21:00:00 1.51 2.41 1.99
1818/07/12 22:00:00 1.51 2.41 1.99
1818/07/13 00:00:00 1.60 2.49 2.05
1818/07/13 02:00:00 1.60 2.49 2.05
1818/07/13 03:00:00 1.60 2.49 2.05
1818/07/13 04:00:00 1.60 2.49 2.05
1818/07/13 05:00:00 1.60 2.49 2.05
1818/07/13 06:00:00 1.60 2.49 2.05
1818/07/13 10:00:00 1.60 2.49 2.05
1818/07/13 14:00:00 1.60 2.49 2.05
1818/07/13 15:00:00 1.60 2.49 2.05
1818/07/13 18:00:00 1.60 2.49 2.05
1818/07/13 22:00:00 1.60 2.49 2.05
1818/07/13 23:00:00 1.60 2.49 2.05
1818/07/14 02:00:00 1.67 2.58 2.11
1818/07/14 03:00:00 1.67 2.58 2.11
1818/07/14 04:00:00 1.67 2.58 2.11
1818/07/14 06:00:00 1.67 2.58 2.11
1818/07/14 10:00:00 1.67 2.58 2.11
1818/07/14 14:00:00   NA   NA  NA
1818/07/14 15:00:00 1.67 2.58 2.11
1818/07/14 18:00:00 2.07 2.95 2.50
1818/07/14 22:00:00 2.07 2.95 2.50
1818/07/15 02:00:00 2.14 3.04 2.56
1818/07/15 03:00:00 2.14 3.04 2.56
1818/07/15 06:00:00 2.14 3.04 2.56
1818/07/15 10:00:00 2.14 3.04 2.56
1818/07/15 14:00:00 2.14 3.04 2.56
1818/07/15 15:00:00 2.14 3.04 2.56
1818/07/15 18:00:00 2.14 3.04 2.56
1818/07/15 22:00:00 2.14 3.04 2.56
1818/07/16 02:00:00 2.21 3.12 2.62
1818/07/16 03:00:00 2.21 3.12 2.62
1818/07/16 04:00:00 2.21 3.12 2.62
1818/07/16 06:00:00 2.21 3.12 2.62
1818/07/16 10:00:00 2.21 3.12 2.62
1818/07/16 14:00:00 2.21 3.12 2.62
1818/07/16 15:00:00 2.21 3.12 2.62
1818/07/16 16:00:00 2.21 3.12 2.62
1818/07/16 18:00:00 2.21 3.12 2.62
1818/07/16 22:00:00 2.21 3.12 2.62
1818/07/17 00:00:00 2.28 3.20 2.67
1818/07/17 02:00:00 2.28 3.20 2.67
1818/07/17 03:00:00 2.28 3.20 2.67
1818/07/17 06:00:00 2.28 3.20 2.67
1818/07/17 10:00:00 2.28 3.20 2.67
1818/07/17 14:00:00 2.28 3.20 2.67
1818/07/17 16:00:00 2.28 3.20 2.67
1818/07/17 18:00:00 2.28 3.20 2.67
1818/07/17 20:00:00 2.28 3.20 2.67
1818/07/17 22:00:00 2.28 3.20 2.67
1818/07/18 02:00:00 2.34 3.26 2.72
1818/07/18 03:00:00 2.34 3.26 2.72
1818/07/18 06:00:00 2.34 3.26 2.72
1818/07/18 08:00:00 2.34 3.26 2.72
1818/07/18 10:00:00 2.34 3.26 2.72
1818/07/18 11:00:00 2.34 3.26 2.72
1818/07/18 14:00:00 2.34 3.26 2.72
1818/07/18 16:00:00 2.34 3.26 2.72
1818/07/18 18:00:00 2.34 3.26 2.72
1818/07/18 20:00:00 2.34 3.26 2.72
1818/07/18 22:00:00 2.34 3.26 2.72
1818/07/19 00:00:00 2.36 3.32 2.76
1818/07/19 02:00:00 2.36 3.32 2.76
1818/07/19 03:00:00 2.36 3.32 2.76
1818/07/19 06:00:00 2.36 3.32 2.76
1818/07/19 09:00:00 2.36 3.32 2.76
1818/07/19 10:00:00 2.36 3.32 2.76
1818/07/19 12:00:00 2.36 3.32 2.76
1818/07/19 14:00:00 2.36 3.32 2.76
1818/07/19 16:00:00 2.36 3.32 2.76
1818/07/19 18:00:00 2.36 3.32 2.76
1818/07/19 19:00:00 2.36 3.32 2.76
1818/07/19 22:00:00 2.36 3.32 2.76
1818/07/20 00:00:00 2.38 3.37 2.80
1818/07/20 02:00:00 2.38 3.37 2.80
1818/07/20 06:00:00 2.38 3.37 2.80
1818/07/20 10:00:00 2.38 3.37 2.80
1818/07/20 13:00:00 2.38 3.37 2.80
1818/07/20 14:00:00   NA   NA  NA
1818/07/20 15:00:00 2.38 3.37 2.80
1818/07/20 18:00:00 2.38 3.37 2.80
1818/07/20 22:00:00 2.38 3.37 2.80
1818/07/21 02:00:00 2.40 3.41 2.83
1818/07/21 03:00:00 2.40 3.41 2.83
1818/07/21 06:00:00 2.40 3.41 2.83
1818/07/21 08:00:00 2.40 3.41 2.83
1818/07/21 10:00:00 2.40 3.41 2.83
1818/07/21 11:00:00 2.40 3.41 2.83
1818/07/21 14:00:00 2.40 3.41 2.83
1818/07/21 15:00:00 2.40 3.41 2.83
1818/07/21 18:00:00 2.40 3.41 2.83
1818/07/21 21:00:00 2.40 3.41 2.83
1818/07/21 22:00:00 2.40 3.41 2.83
1818/07/22 02:00:00 2.41 3.45 2.86
1818/07/22 04:00:00 2.41 3.45 2.86
1818/07/22 06:00:00 2.41 3.45 2.86
1818/07/22 10:00:00 2.41 3.45 2.86
1818/07/22 14:00:00 2.41 3.45 2.86
1818/07/22 15:00:00 2.41 3.45 2.86
1818/07/22 18:00:00 2.41 3.45 2.86
1818/07/22 20:00:00 2.41 3.45 2.86
1818/07/22 22:00:00 2.41 3.45 2.86
1818/07/23 02:00:00 2.43 3.48 2.88
1818/07/23 05:00:00 2.43 3.48 2.88
1818/07/23 06:00:00 2.43 3.48 2.88
1818/07/23 07:00:00 3.09 7.88 5.22
1818/07/23 10:00:00 3.09 7.88 5.22
1818/07/23 14:00:00 2.04 2.83 2.37
1818/07/23 18:00:00 2.04 2.83 2.37
1818/07/23 19:00:00 2.04 2.83 2.37
1818/07/23 22:00:00 2.04 2.83 2.37
1818/07/24 02:00:00 2.00 2.83 2.36
1818/07/24 03:00:00 2.00 2.83 2.36
1818/07/24 06:00:00 2.00 2.83 2.36
1818/07/24 09:00:00 2.00 2.83 2.36
1818/07/24 10:00:00 2.00 2.83 2.36
1818/07/24 14:00:00 2.00 2.83 2.36
1818/07/24 15:00:00 2.00 2.83 2.36
1818/07/24 17:00:00 2.00 2.83 2.36
1818/07/24 18:00:00 2.00 2.83 2.36
1818/07/24 20:00:00 2.00 2.83 2.36
1818/07/24 22:00:00 2.00 2.83 2.36
1818/07/25 02:00:00 1.96 2.83 2.34
1818/07/25 03:00:00 1.96 2.83 2.34
1818/07/25 06:00:00 1.96 2.83 2.34
1818/07/25 10:00:00 1.96 2.83 2.34
1818/07/25 12:00:00 1.96 2.83 2.34
1818/07/25 14:00:00 1.96 2.83 2.34
1818/07/25 15:00:00 1.96 2.83 2.34
1818/07/25 18:00:00 1.96 2.83 2.34
1818/07/25 22:00:00 1.96 2.83 2.34
1818/07/26 02:00:00 1.91 2.82 2.33
1818/07/26 03:00:00 1.91 2.82 2.33
1818/07/26 06:00:00 1.91 2.82 2.33
1818/07/26 08:00:00 1.91 2.82 2.33
1818/07/26 10:00:00 1.91 2.82 2.33
1818/07/26 12:00:00 1.91 2.82 2.33
1818/07/26 14:00:00 1.91 2.82 2.33
1818/07/26 18:00:00 1.91 2.82 2.33
1818/07/26 22:00:00 1.91 2.82 2.33
1818/07/26 23:00:00 1.91 2.82 2.33
1818/07/27 02:00:00 1.86 2.80 2.31
1818/07/27 03:00:00 1.86 2.80 2.31
1818/07/27 06:00:00 1.86 2.80 2.31
1818/07/27 09:00:00 1.86 2.80 2.31
1818/07/27 10:00:00 1.86 2.80 2.31
1818/07/27 14:00:00 1.86 2.80 2.31
1818/07/27 18:00:00 1.86 2.80 2.31
1818/07/27 21:00:00 1.86 2.80 2.31
1818/07/27 22:00:00 1.86 2.80 2.31
1818/07/28 02:00:00 1.80 2.79 2.29
1818/07/28 03:00:00 1.80 2.79 2.29
1818/07/28 06:00:00 1.80 2.79 2.29
1818/07/28 10:00:00 1.80 2.79 2.29
1818/07/28 12:00:00 1.80 2.79 2.29
1818/07/28 14:00:00 1.80 2.79 2.29
1818/07/28 15:00:00 1.80 2.79 2.29
1818/07/28 18:00:00 1.80 2.79 2.29
1818/07/28 22:00:00 1.80 2.79 2.29
1818/07/29 02:00:00 1.75 2.79 2.26
1818/07/29 03:00:00 1.75 2.79 2.26
1818/07/29 05:00:00 1.75 2.79 2.26
1818/07/29 06:00:00 1.75 2.79 2.26
1818/07/29 08:00:00 1.75 2.79 2.26
1818/07/29 10:00:00 1.75 2.79 2.26
1818/07/29 14:00:00 1.75 2.79 2.26
1818/07/29 16:00:00 1.75 2.79 2.26
1818/07/29 18:00:00 1.75 2.79 2.26
1818/07/29 21:00:00 1.75 2.79 2.26
1818/07/29 22:00:00 1.75 2.79 2.26
1818/07/30 00:00:00 1.70 2.78 2.23
1818/07/30 02:00:00 1.70 2.78 2.23
1818/07/30 03:00:00 1.70 2.78 2.23
1818/07/30 05:00:00 1.70 2.78 2.23
1818/07/30 06:00:00 1.70 2.78 2.23
1818/07/30 08:00:00 1.70 2.78 2.23
1818/07/30 10:00:00 1.70 2.78 2.23
1818/07/30 14:00:00 1.70 2.78 2.23
1818/07/30 17:00:00 1.70 2.78 2.23
1818/07/30 18:00:00 1.70 2.78 2.23
1818/07/30 19:00:00 1.70 2.78 2.23
1818/07/30 22:00:00 1.70 2.78 2.23
1818/07/31 02:00:00 1.65 2.76 2.20
1818/07/31 06:00:00 1.65 2.76 2.20
1818/07/31 09:00:00 1.65 2.76 2.20
1818/07/31 10:00:00 1.65 2.76 2.20
1818/07/31 14:00:00 1.65 2.76 2.20
1818/07/31 18:00:00 1.65 2.76 2.20
1818/07/31 19:00:00 1.65 2.76 2.20
1818/07/31 22:00:00 1.65 2.76 2.20
1818/07/31 23:00:00 1.65 2.76 2.20
1818/08/01 02:00:00 1.60 2.74 2.17
1818/08/01 03:00:00 1.60 2.74 2.17
1818/08/01 05:00:00 1.60 2.74 2.17
1818/08/01 06:00:00 1.60 2.74 2.17
1818/08/01 10:00:00 1.60 2.74 2.17
1818/08/01 14:00:00 1.60 2.74 2.17
1818/08/01 18:00:00 1.60 2.74 2.17
1818/08/01 20:00:00 1.60 2.74 2.17
1818/08/01 22:00:00 1.47 2.69 2.17
1818/08/02 01:00:00 1.41 2.65 2.12
1818/08/02 02:00:00 1.41 2.65 2.12
1818/08/02 03:00:00 1.41 2.65 2.12
1818/08/02 06:00:00 1.41 2.65 2.12
1818/08/02 08:00:00 1.41 2.65 2.12
1818/08/02 10:00:00 1.41 2.65 2.12
1818/08/02 13:00:00 1.41 2.65 2.12
1818/08/02 14:00:00 1.41 2.65 2.12
1818/08/02 15:00:00 1.41 2.65 2.12
1818/08/02 18:00:00 1.41 2.65 2.12
1818/08/02 22:00:00 1.41 2.65 2.12
1818/08/03 01:00:00 1.35 2.60 2.08
1818/08/03 02:00:00 1.35 2.60 2.08
1818/08/03 04:00:00 1.35 2.60 2.08
1818/08/03 06:00:00 1.35 2.60 2.08
1818/08/03 08:00:00 1.35 2.60 2.08
1818/08/03 09:00:00 1.35 2.60 2.08
1818/08/03 10:00:00 1.35 2.60 2.08
1818/08/03 14:00:00 1.35 2.60 2.08
1818/08/03 15:00:00 1.35 2.60 2.08
1818/08/03 18:00:00 1.35 2.60 2.08
1818/08/03 20:00:00 1.35 2.60 2.08
1818/08/03 21:00:00 1.35 2.60 2.08
1818/08/03 22:00:00 1.35 2.60 2.08
1818/08/04 02:00:00 1.12 2.56 2.01
1818/08/04 05:00:00 1.12 2.56 2.01
1818/08/04 06:00:00 1.12 2.56 2.01
1818/08/04 10:00:00 1.12 2.56 2.01
1818/08/04 14:00:00 1.12 2.56 2.01
1818/08/04 16:00:00 1.12 2.56 2.01
1818/08/04 18:00:00 1.12 2.56 2.01
1818/08/04 19:00:00 1.12 2.56 2.01
1818/08/04 22:00:00 1.12 2.56 2.01
1818/08/05 02:00:00 1.04 2.51 1.96
1818/08/05 04:00:00 1.04 2.51 1.96
1818/08/05 06:00:00 1.04 2.51 1.96
1818/08/05 08:00:00 1.04 2.51 1.96
1818/08/05 10:00:00 1.04 2.51 1.96
1818/08/05 14:00:00 1.04 2.51 1.96
1818/08/05 15:00:00 1.04 2.51 1.96
1818/08/05 18:00:00 1.04 2.51 1.96
1818/08/05 20:00:00 1.04 2.51 1.96
1818/08/05 22:00:00 1.04 2.51 1.96
1818/08/06 01:00:00 0.97 2.46 1.90
1818/08/06 02:00:00 0.97 2.46 1.90
1818/08/06 04:00:00 0.97 2.46 1.90
1818/08/06 06:00:00 0.97 2.46 1.90
1818/08/06 10:00:00 0.97 2.46 1.90
1818/08/06 13:00:00 0.97 2.46 1.90
1818/08/06 14:00:00 0.97 2.46 1.90
1818/08/06 15:00:00 0.97 2.46 1.90
1818/08/06 18:00:00 0.97 2.46 1.90
1818/08/06 22:00:00 0.97 2.46 1.90
1818/08/07 02:00:00 0.90 2.41 1.84
1818/08/07 05:00:00 0.90 2.41 1.84
1818/08/07 06:00:00 0.90 2.41 1.84
1818/08/07 10:00:00 0.90 2.41 1.84
1818/08/07 14:00:00 0.90 2.41 1.84
1818/08/07 15:00:00 0.90 2.41 1.84
1818/08/07 18:00:00 0.90 2.41 1.84
1818/08/07 22:00:00 0.90 2.41 1.84
1818/08/08 02:00:00 0.85 2.37 1.78
1818/08/08 03:00:00 0.85 2.37 1.78
1818/08/08 06:00:00 0.85 2.37 1.78
1818/08/08 08:00:00 0.85 2.37 1.78
1818/08/08 10:00:00 0.85 2.37 1.78
1818/08/08 14:00:00 0.85 2.37 1.78
1818/08/08 15:00:00 0.85 2.37 1.78
1818/08/08 18:00:00 0.85 2.37 1.78
1818/08/08 19:00:00 0.85 2.37 1.78
1818/08/08 21:00:00 0.85 2.37 1.78
1818/08/08 22:00:00 0.85 2.37 1.78
1818/08/08 23:00:00 0.85 2.37 1.78
1818/08/09 02:00:00 0.80 2.33 1.72
1818/08/09 06:00:00 0.80 2.33 1.72
1818/08/09 07:00:00 0.80 2.33 1.72
1818/08/09 10:00:00 0.80 2.33 1.72
1818/08/09 11:00:00 0.80 2.33 1.72
1818/08/09 13:00:00 0.80 2.33 1.72
1818/08/09 14:00:00 0.80 2.33 1.72
1818/08/09 17:00:00 0.80 2.33 1.72
1818/08/09 18:00:00 0.80 2.33 1.72
1818/08/09 20:00:00 0.80 2.33 1.72
1818/08/09 22:00:00 0.80 2.33 1.72
1818/08/10 00:00:00 0.76 2.28 1.65
1818/08/10 02:00:00 0.76 2.28 1.65
1818/08/10 05:00:00 0.76 2.28 1.65
1818/08/10 06:00:00 0.76 2.28 1.65
1818/08/10 10:00:00 0.76 2.28 1.65
1818/08/10 14:00:00 0.76 2.28 1.65
1818/08/10 18:00:00 0.76 2.28 1.65
1818/08/10 22:00:00 0.76 2.28 1.65
1818/08/11 02:00:00 0.72 2.22 1.58
1818/08/11 05:00:00 0.72 2.22 1.58
1818/08/11 06:00:00 0.72 2.22 1.58
1818/08/11 08:00:00 0.72 2.22 1.58
1818/08/11 10:00:00 0.72 2.22 1.58
1818/08/11 14:00:00 0.72 2.22 1.58
1818/08/11 18:00:00 0.72 2.22 1.58
1818/08/11 20:00:00 0.72 2.22 1.58
1818/08/11 22:00:00 0.72 2.22 1.58
1818/08/12 02:00:00 0.71 2.16 1.52
1818/08/12 06:00:00 0.71 2.16 1.52
1818/08/12 10:00:00 0.71 2.16 1.52
1818/08/12 12:00:00 0.71 2.16 1.52
1818/08/12 14:00:00 0.71 2.16 1.52
1818/08/12 17:00:00 0.71 2.16 1.52
1818/08/12 18:00:00 0.71 2.16 1.52
1818/08/12 20:00:00 0.71 2.16 1.52
1818/08/12 22:00:00 0.55 2.34 1.53
1818/08/13 00:00:00 0.44 2.28 1.46
1818/08/13 02:00:00 0.44 2.28 1.46
1818/08/13 04:00:00 0.44 2.28 1.46
1818/08/13 06:00:00 0.44 2.28 1.46
1818/08/13 07:00:00 0.44 2.28 1.46
1818/08/13 10:00:00 0.44 2.28 1.46
1818/08/13 14:00:00 0.44 2.28 1.46
1818/08/13 18:00:00 0.44 2.28 1.46
1818/08/13 22:00:00 0.44 2.28 1.46
1818/08/14 02:00:00 0.34 2.22 1.40
1818/08/14 04:00:00 0.34 2.22 1.40
1818/08/14 06:00:00 0.34 2.22 1.40
1818/08/14 10:00:00 0.34 2.22 1.40
1818/08/14 13:00:00 0.34 2.22 1.40
1818/08/14 14:00:00 0.34 2.22 1.40
1818/08/14 16:00:00 0.34 2.22 1.40
1818/08/14 18:00:00 0.34 2.22 1.40
1818/08/14 21:00:00 0.34 2.22 1.40
1818/08/14 22:00:00 0.34 2.22 1.40
1818/08/15 01:00:00 0.24 2.17 1.33
1818/08/15 02:00:00 0.24 2.17 1.33
1818/08/15 04:00:00 0.24 2.17 1.33
1818/08/15 06:00:00 0.24 2.17 1.33
1818/08/15 10:00:00 0.24 2.17 1.33
1818/08/15 12:00:00 0.24 2.17 1.33
1818/08/15 14:00:00 0.24 2.17 1.33
1818/08/15 18:00:00 0.24 2.17 1.33
1818/08/15 20:00:00 0.24 2.17 1.33
1818/08/15 22:00:00 0.24 2.17 1.33
1818/08/16 02:00:00 0.15 2.11 1.26
1818/08/16 03:00:00 0.15 2.11 1.26
1818/08/16 06:00:00 0.15 2.11 1.26
1818/08/16 07:00:00 0.15 2.11 1.26
1818/08/16 10:00:00 0.15 2.11 1.26
1818/08/16 14:00:00 0.15 2.11 1.26
1818/08/16 18:00:00 0.15 2.11 1.26
1818/08/16 20:00:00 0.15 2.11 1.26
1818/08/16 22:00:00 0.15 2.11 1.26
1818/08/17 02:00:00 0.06 2.05 1.19
1818/08/17 05:00:00 0.06 2.05 1.19
1818/08/17 06:00:00 0.06 2.05 1.19
1818/08/17 10:00:00 0.06 2.05 1.19
1818/08/17 14:00:00 0.06 2.05 1.19
1818/08/17 15:00:00 0.06 2.05 1.19
1818/08/17 18:00:00 0.86 2.16 1.57
1818/08/17 22:00:00 0.86 2.16 1.57
1818/08/18 01:00:00 0.78 2.12 1.52
1818/08/18 02:00:00 0.78 2.12 1.52
1818/08/18 03:00:00 0.78 2.12 1.52
1818/08/18 06:00:00 0.78 2.12 1.52
1818/08/18 10:00:00 0.53 1.91 1.29
1818/08/18 14:00:00 0.53 1.91 1.29
1818/08/18 18:00:00 0.53 1.91 1.29
1818/08/18 22:00:00 0.44 3.85 2.19
1818/08/19 02:00:00 -0.83 1.23 0.22
1818/08/19 03:00:00 -0.83 1.23 0.22
1818/08/19 06:00:00 -0.83 1.23 0.22
1818/08/19 10:00:00 -0.83 1.23 0.22
1818/08/19 14:00:00 -0.70 1.17 0.27
1818/08/19 18:00:00 -0.70 1.17 0.27
1818/08/19 22:00:00 -0.70 1.17 0.27
1818/08/20 02:00:00 -0.78 1.11 0.19
1818/08/20 03:00:00 -0.78 1.11 0.19
1818/08/20 05:00:00 -0.78 1.11 0.19
1818/08/20 06:00:00 -0.78 1.11 0.19
1818/08/20 10:00:00 0.06 3.03 1.67
1818/08/20 14:00:00 0.06 3.03 1.67
1818/08/20 15:00:00 0.06 3.03 1.67
1818/08/20 18:00:00 0.06 3.03 1.67
1818/08/20 22:00:00 0.06 3.03 1.67
1818/08/21 00:00:00 -0.02 2.90 1.56
1818/08/21 02:00:00 -0.02 2.90 1.56
1818/08/21 03:00:00 -0.02 2.90 1.56
1818/08/21 06:00:00 -0.02 2.90 1.56
1818/08/21 10:00:00 -0.02 2.90 1.56
1818/08/21 12:00:00 -0.02 2.90 1.56
1818/08/21 14:00:00 -0.02 2.90 1.56
1818/08/21 17:00:00 -0.02 2.90 1.56
1818/08/21 18:00:00 -0.02 2.90 1.56
1818/08/21 22:00:00 -0.02 2.90 1.56
1818/08/22 02:00:00 -0.11 2.76 1.45
1818/08/22 06:00:00 -0.11 2.76 1.45
1818/08/22 10:00:00 0.65 4.53 2.87
1818/08/22 14:00:00 0.65 4.53 2.87
1818/08/22 15:00:00 0.65 4.53 2.87
1818/08/22 18:00:00 0.65 4.53 2.87
1818/08/22 20:00:00 0.65 4.53 2.87
1818/08/22 22:00:00 0.65 4.53 2.87
1818/08/23 00:00:00 0.56 4.40 2.73
1818/08/23 02:00:00 0.56 4.40 2.73
1818/08/23 03:00:00 0.56 4.40 2.73
1818/08/23 05:00:00 0.56 4.40 2.73
1818/08/23 06:00:00 0.56 4.40 2.73
1818/08/23 08:00:00 0.56 4.40 2.73
1818/08/23 10:00:00 0.56 4.40 2.73
1818/08/23 14:00:00 0.56 4.40 2.73
1818/08/23 18:00:00 0.56 4.40 2.73
1818/08/23 22:00:00 0.56 4.40 2.73
1818/08/24 02:00:00 0.48 4.35 2.58
1818/08/24 05:00:00 0.48 4.35 2.58
1818/08/24 06:00:00 0.48 4.35 2.58
1818/08/24 10:00:00 0.48 4.35 2.58
1818/08/24 14:00:00 0.48 4.35 2.58
1818/08/24 16:00:00 -0.40 3.74 1.88
1818/08/24 18:00:00 -0.40 3.74 1.88
1818/08/24 22:00:00 -0.40 3.74 1.88
1818/08/25 02:00:00 -0.68 3.66 1.75
1818/08/25 03:00:00 -0.68 3.66 1.75
1818/08/25 06:00:00 -0.68 3.66 1.75
1818/08/25 08:00:00 -0.68 3.66 1.75
1818/08/25 10:00:00 -0.68 3.66 1.75
1818/08/25 13:00:00 -0.68 3.66 1.75
1818/08/25 14:00:00 -0.68 3.66 1.75
1818/08/25 18:00:00 -0.68 3.66 1.75
1818/08/25 19:00:00 -0.68 3.66 1.75
1818/08/25 22:00:00 -0.68 3.66 1.75
1818/08/26 02:00:00 -0.95 3.58 1.61
1818/08/26 04:00:00 -0.95 3.58 1.61
1818/08/26 06:00:00 -0.95 3.58 1.61
1818/08/26 10:00:00 -0.95 3.58 1.61
1818/08/26 14:00:00 -0.95 3.58 1.61
1818/08/26 15:00:00 -0.95 3.58 1.61
1818/08/26 18:00:00 -0.95 3.58 1.61
1818/08/26 20:00:00 -0.95 3.58 1.61
1818/08/26 22:00:00 -0.95 3.58 1.61
1818/08/27 02:00:00 -1.23 3.48 1.46
1818/08/27 03:00:00 -1.23 3.48 1.46
1818/08/27 05:00:00 -1.23 3.48 1.46
1818/08/27 06:00:00 -1.23 3.48 1.46
1818/08/27 10:00:00 -1.23 3.48 1.46
1818/08/27 13:00:00 -1.23 3.48 1.46
1818/08/27 14:00:00 -1.23 3.48 1.46
1818/08/27 15:00:00 -1.23 3.48 1.46
1818/08/27 18:00:00 -1.23 3.48 1.46
1818/08/27 21:00:00 -1.23 3.48 1.46
1818/08/27 22:00:00 -1.23 3.48 1.46
1818/08/28 02:00:00 -1.51 3.38 1.32
1818/08/28 03:00:00 -1.51 3.38 1.32
1818/08/28 06:00:00 -1.51 3.38 1.32
1818/08/28 10:00:00 -1.51 3.38 1.32
1818/08/28 14:00:00 -1.51 3.38 1.32
1818/08/28 18:00:00 -1.51 3.38 1.32
1818/08/28 22:00:00 -1.51 3.38 1.32
1818/08/29 02:00:00 -1.80 3.27 1.17
1818/08/29 03:00:00 -1.80 3.27 1.17
1818/08/29 06:00:00 -1.80 3.27 1.17
1818/08/29 10:00:00 -1.80 3.27 1.17
1818/08/29 14:00:00 -0.31 4.25 2.45
1818/08/29 15:00:00 -0.31 4.25 2.45
1818/08/29 18:00:00 -0.31 4.25 2.45
1818/08/29 22:00:00 -0.31 4.25 2.45
1818/08/30 02:00:00 -0.61 4.20 2.30
1818/08/30 06:00:00 -0.61 4.20 2.30
1818/08/30 09:00:00 -0.61 4.20 2.30
1818/08/30 10:00:00 -0.61 4.20 2.30
1818/08/30 14:00:00 -0.61 4.20 2.30
1818/08/30 18:00:00 -0.61 4.20 2.30
1818/08/30 22:00:00 -0.61 4.20 2.30
1818/08/31 02:00:00 -0.90 4.17 2.15
1818/08/31 03:00:00 -0.90 4.17 2.15
1818/08/31 06:00:00 -0.90 4.17 2.15
1818/08/31 07:00:00 -0.90 4.17 2.15
1818/08/31 10:00:00 -0.90 4.17 2.15
1818/08/31 11:00:00 -0.90 4.17 2.15
1818/08/31 14:00:00   NA   NA  NA
1818/08/31 18:00:00 -0.90 4.17 2.15
1818/08/31 19:00:00 -0.90 4.17 2.15
1818/08/31 21:00:00 -0.90 4.17 2.15
1818/08/31 22:00:00 -0.90 4.17 2.15
1818/09/01 00:00:00 -1.20 4.13 2.00
1818/09/01 02:00:00 -1.20 4.13 2.00
1818/09/01 03:00:00 -1.20 4.13 2.00
1818/09/01 06:00:00 -0.48 4.40 2.42
1818/09/01 08:00:00 -0.48 4.40 2.42
1818/09/01 10:00:00 -0.48 4.40 2.42
1818/09/01 14:00:00 -0.48 4.40 2.42
1818/09/01 18:00:00 -1.20 4.13 2.00
1818/09/01 20:00:00 -1.20 4.13 2.00
1818/09/01 22:00:00 -1.20 4.13 2.00
1818/09/01 23:00:00 -1.20 4.13 2.00
1818/09/02 02:00:00 -1.95 3.39 1.33
1818/09/02 06:00:00 -1.95 3.39 1.33
1818/09/02 08:00:00 -4.22 1.24 -0.90
1818/09/02 10:00:00 -4.22 1.24 -0.90
1818/09/02 14:00:00 -4.22 1.24 -0.90
1818/09/02 18:00:00 -4.22 1.24 -0.90
1818/09/02 20:00:00 -4.22 1.24 -0.90
1818/09/02 22:00:00 -1.95 3.39 1.33
1818/09/03 02:00:00 -2.26 3.36 1.18
1818/09/03 05:00:00 -2.75 2.98 0.74
1818/09/03 06:00:00 -2.75 2.98 0.74
1818/09/03 10:00:00 -2.75 2.98 0.74
1818/09/03 14:00:00 -2.75 2.98 0.74
1818/09/03 16:00:00 -1.37 4.00 1.74
1818/09/03 18:00:00 -1.37 4.00 1.74
1818/09/03 22:00:00 -1.37 4.00 1.74
1818/09/04 02:00:00 -1.52 3.98 1.72
1818/09/04 03:00:00 -1.52 3.98 1.72
1818/09/04 06:00:00 -1.52 3.98 1.72
1818/09/04 09:00:00 -1.52 3.98 1.72
1818/09/04 10:00:00 -1.52 3.98 1.72
1818/09/04 14:00:00 -1.52 3.98 1.72
1818/09/04 15:00:00 -1.52 3.98 1.72
1818/09/04 18:00:00 -1.52 3.98 1.72
1818/09/04 20:00:00 -1.52 3.98 1.72
1818/09/04 22:00:00 -1.52 3.98 1.72
1818/09/05 02:00:00 -1.82 3.87 1.54
1818/09/05 03:00:00 -1.82 3.87 1.54
1818/09/05 06:00:00 -1.97 3.84 1.41
1818/09/05 07:00:00 -1.97 3.84 1.41
1818/09/05 10:00:00 -1.97 3.84 1.41
1818/09/05 12:00:00 -1.97 3.84 1.41
1818/09/05 14:00:00 -1.97 3.84 1.41
1818/09/05 17:00:00 -1.97 3.84 1.41
1818/09/05 18:00:00 -1.97 3.84 1.41
1818/09/05 21:00:00 -1.97 3.84 1.41
1818/09/05 22:00:00 -1.97 3.84 1.41
1818/09/06 02:00:00 -2.26 3.74 1.24
1818/09/06 03:00:00 -1.42 5.43 1.92
1818/09/06 06:00:00 -1.42 5.43 1.92
1818/09/06 07:00:00 -1.42 5.43 1.92
1818/09/06 10:00:00 -1.42 5.43 1.92
1818/09/06 14:00:00 -1.09 5.62 2.06
1818/09/06 15:00:00 -1.09 5.62 2.06
1818/09/06 18:00:00 -1.09 5.62 2.06
1818/09/06 20:00:00 -1.09 5.62 2.06
1818/09/06 22:00:00 -1.09 5.62 2.06
1818/09/07 02:00:00 -1.36 5.48 1.88
1818/09/07 03:00:00 -1.36 5.48 1.88
1818/09/07 06:00:00 -1.36 5.48 1.88
1818/09/07 10:00:00 -1.36 5.48 1.88
1818/09/07 14:00:00 -0.51 3.76 1.72
1818/09/07 15:00:00 -0.51 3.76 1.72
1818/09/07 18:00:00 -0.51 3.76 1.72
1818/09/07 22:00:00 -0.51 3.76 1.72
1818/09/08 02:00:00 -0.73 3.65 1.55
1818/09/08 03:00:00 -0.73 3.65 1.55
1818/09/08 06:00:00 -0.73 3.65 1.55
1818/09/08 10:00:00 -0.73 3.65 1.55
1818/09/08 14:00:00 -0.73 3.65 1.55
1818/09/08 18:00:00 -0.73 3.65 1.55
1818/09/08 22:00:00 -0.73 3.65 1.55
1818/09/09 02:00:00 -0.96 3.53 1.39
1818/09/09 06:00:00 -1.70 4.30 1.69
1818/09/09 10:00:00 -1.70 4.30 1.69
1818/09/09 14:00:00 -1.70 4.30 1.69
1818/09/09 16:00:00 -1.70 4.30 1.69
1818/09/09 18:00:00 -1.70 4.30 1.69
1818/09/09 22:00:00 -2.17 4.01 0.63
1818/09/10 02:00:00 -2.40 3.87 0.46
1818/09/10 03:00:00 -2.40 3.87 0.46
1818/09/10 06:00:00 -2.40 3.87 0.46
1818/09/10 09:00:00 -2.40 3.87 0.46
1818/09/10 10:00:00 -2.40 3.87 0.46
1818/09/10 14:00:00 -2.40 3.87 0.46
1818/09/10 15:00:00 -2.40 3.87 0.46
1818/09/10 18:00:00 -2.40 3.87 0.46
1818/09/10 22:00:00 -2.40 3.87 0.46
1818/09/10 23:00:00 -2.40 3.87 0.46
1818/09/11 02:00:00 -2.63 3.72 0.29
1818/09/11 03:00:00 -2.00 2.48 0.19
1818/09/11 06:00:00 -2.00 2.48 0.19
1818/09/11 09:00:00 -2.00 2.48 0.19
1818/09/11 10:00:00 -2.00 2.48 0.19
1818/09/11 14:00:00 -2.00 2.48 0.19
1818/09/11 15:00:00 -2.00 2.48 0.19
1818/09/11 18:00:00 -2.00 2.48 0.19
1818/09/11 22:00:00 -2.00 2.48 0.19
1818/09/12 02:00:00 -2.20 2.34 0.03
1818/09/12 03:00:00 -2.20 2.34 0.03
1818/09/12 06:00:00 -2.16 2.63 0.25
1818/09/12 10:00:00 -2.16 2.63 0.25
1818/09/12 13:00:00 -2.16 2.63 0.25
1818/09/12 14:00:00 -2.16 2.63 0.25
1818/09/12 15:00:00 -2.16 2.63 0.25
1818/09/12 18:00:00 -2.16 2.63 0.25
1818/09/12 22:00:00 -2.16 2.63 0.25
1818/09/13 02:00:00 -2.39 2.35 -0.00
1818/09/13 03:00:00 -2.39 2.35 -0.00
1818/09/13 06:00:00 -2.39 2.35 -0.00
1818/09/13 10:00:00 -2.39 2.35 -0.00
1818/09/13 11:00:00 -2.39 2.35 -0.00
1818/09/13 14:00:00 -2.39 2.35 -0.00
1818/09/13 15:00:00 -2.39 2.35 -0.00
1818/09/13 18:00:00 -2.39 2.35 -0.00
1818/09/13 22:00:00 -2.39 2.35 -0.00
1818/09/14 02:00:00 -2.56 2.40 -0.05
1818/09/14 03:00:00 -2.56 2.40 -0.05
1818/09/14 06:00:00 -2.56 2.40 -0.05
1818/09/14 10:00:00 -2.56 2.40 -0.05
1818/09/14 13:00:00 -2.56 2.40 -0.05
1818/09/14 14:00:00 -2.56 2.40 -0.05
1818/09/14 18:00:00 -2.56 2.40 -0.05
1818/09/14 22:00:00 -2.56 2.40 -0.05
1818/09/15 02:00:00 -2.63 1.95 -0.55
1818/09/15 03:00:00 -2.63 1.95 -0.55
1818/09/15 04:00:00 -2.63 1.95 -0.55
1818/09/15 06:00:00 -2.63 1.95 -0.55
1818/09/15 07:00:00 -2.63 1.95 -0.55
1818/09/15 10:00:00 -2.63 1.95 -0.55
1818/09/15 14:00:00 -2.63 1.95 -0.55
1818/09/15 15:00:00 -2.63 1.95 -0.55
1818/09/15 18:00:00 -2.63 1.95 -0.55
1818/09/15 20:00:00 -2.63 1.95 -0.55
1818/09/15 22:00:00 -2.63 1.95 -0.55
1818/09/15 23:00:00 -2.63 1.95 -0.55
1818/09/16 02:00:00 -2.80 1.79 -0.71
1818/09/16 03:00:00 -2.80 1.79 -0.71
1818/09/16 06:00:00 -2.80 1.79 -0.71
1818/09/16 08:00:00 -2.80 1.79 -0.71
1818/09/16 10:00:00 -2.80 1.79 -0.71
1818/09/16 14:00:00 -2.80 1.79 -0.71
1818/09/16 15:00:00 -2.80 1.79 -0.71
1818/09/16 18:00:00 -2.80 1.79 -0.71
1818/09/16 22:00:00 -2.80 1.79 -0.71
1818/09/17 02:00:00 -4.38 1.04 -1.51
1818/09/17 03:00:00 -4.38 1.04 -1.51
1818/09/17 05:00:00 -4.05 0.44 -1.69
1818/09/17 06:00:00 -4.05 0.44 -1.69
1818/09/17 10:00:00 -4.05 0.44 -1.69
1818/09/17 11:00:00 -4.05 0.44 -1.69
1818/09/17 14:00:00 -4.05 0.44 -1.69
1818/09/17 15:00:00 -4.05 0.44 -1.69
1818/09/17 18:00:00 -4.05 0.44 -1.69
1818/09/17 20:00:00 -4.05 0.44 -1.69
1818/09/17 22:00:00 -4.05 0.44 -1.69
1818/09/18 02:00:00 -4.24 0.21 -1.88
1818/09/18 03:00:00 -4.24 0.21 -1.88
1818/09/18 06:00:00 -4.16 0.65 -1.56
1818/09/18 07:00:00 -4.16 0.65 -1.56
1818/09/18 10:00:00 -4.16 0.65 -1.56
1818/09/18 12:00:00 -4.16 0.65 -1.56
1818/09/18 14:00:00 -3.45 1.27 -0.93
1818/09/18 18:00:00 -3.45 1.27 -0.93
1818/09/18 22:00:00 -3.45 1.27 -0.93
1818/09/19 01:00:00 -3.64 1.04 -1.12
1818/09/19 02:00:00 -3.64 1.04 -1.12
1818/09/19 03:00:00 -3.64 1.04 -1.12
1818/09/19 06:00:00 -3.64 1.04 -1.12
1818/09/19 10:00:00 -3.64 1.04 -1.12
1818/09/19 14:00:00 -3.64 1.04 -1.12
1818/09/19 15:00:00 -3.64 1.04 -1.12
1818/09/19 18:00:00 -3.64 1.04 -1.12
1818/09/19 21:00:00 -3.64 1.04 -1.12
1818/09/19 22:00:00 -3.64 1.04 -1.12
1818/09/20 00:00:00 -3.82 0.81 -1.31
1818/09/20 02:00:00 -3.38 0.53 -1.18
1818/09/20 03:00:00 -3.38 0.53 -1.18
1818/09/20 06:00:00 -3.38 0.53 -1.18
1818/09/20 07:00:00 -3.38 0.53 -1.18
1818/09/20 10:00:00 -3.38 0.53 -1.18
1818/09/20 11:00:00 -3.38 0.53 -1.18
1818/09/20 14:00:00 -3.38 0.53 -1.18
1818/09/20 16:00:00 -3.38 0.53 -1.18
1818/09/20 18:00:00 -3.38 0.53 -1.18
1818/09/20 22:00:00 -3.38 0.53 -1.18
1818/09/21 02:00:00 -4.20 1.31 -0.61
1818/09/21 03:00:00 -4.20 1.31 -0.61
1818/09/21 06:00:00 -4.20 1.31 -0.61
1818/09/21 10:00:00 -4.20 1.31 -0.61
1818/09/21 13:00:00 -4.20 1.31 -0.61
1818/09/21 14:00:00 -4.20 1.31 -0.61
1818/09/21 18:00:00 -4.20 1.31 -0.61
1818/09/21 22:00:00 -4.20 1.31 -0.61
1818/09/21 23:00:00 -4.20 1.31 -0.61
1818/09/22 02:00:00 -4.36 1.17 -0.80
1818/09/22 03:00:00 -4.36 1.17 -0.80
1818/09/22 06:00:00 -3.73 0.00 -1.56
1818/09/22 10:00:00 -3.73 0.00 -1.56
1818/09/22 11:00:00 -3.73 0.00 -1.56
1818/09/22 14:00:00 -3.73 0.00 -1.56
1818/09/22 15:00:00 -3.73 0.00 -1.56
1818/09/22 18:00:00 -3.73 0.00 -1.56
1818/09/22 22:00:00 -3.73 0.00 -1.56
1818/09/23 02:00:00 -3.90 -0.28 -1.74
1818/09/23 06:00:00 -3.90 -0.28 -1.74
1818/09/23 10:00:00 -3.90 -0.28 -1.74
1818/09/23 13:00:00 -3.90 -0.28 -1.74
1818/09/23 14:00:00 -3.90 -0.28 -1.74
1818/09/23 15:00:00 -3.90 -0.28 -1.74
1818/09/23 18:00:00 -3.90 -0.28 -1.74
1818/09/23 21:00:00 -4.51 1.04 -0.98
1818/09/23 22:00:00 -4.51 1.04 -0.98
1818/09/24 02:00:00 -4.65 0.90 -1.17
1818/09/24 03:00:00 -4.65 0.90 -1.17
1818/09/24 06:00:00 -4.65 0.90 -1.17
1818/09/24 10:00:00 -4.65 0.90 -1.17
1818/09/24 14:00:00 -4.65 0.90 -1.17
1818/09/24 18:00:00 -4.65 0.90 -1.17
1818/09/24 22:00:00 -4.06 -0.56 -1.93
1818/09/25 02:00:00 -4.22 -0.85 -2.13
1818/09/25 03:00:00 -4.22 -0.85 -2.13
1818/09/25 06:00:00 -4.22 -0.85 -2.13
1818/09/25 10:00:00 -4.03 -0.19 -2.13
1818/09/25 14:00:00 -4.03 -0.19 -2.13
1818/09/25 15:00:00 -4.03 -0.19 -2.13
1818/09/25 18:00:00 -4.03 -0.19 -2.13
1818/09/25 21:00:00 -4.03 -0.19 -2.13
1818/09/25 22:00:00 -4.03 -0.19 -2.13
1818/09/26 02:00:00 -4.18 -0.35 -2.32
1818/09/26 03:00:00 -4.18 -0.35 -2.32
1818/09/26 05:00:00 -4.18 -0.35 -2.32
1818/09/26 06:00:00 -4.18 -0.35 -2.32
1818/09/26 07:00:00 -4.18 -0.35 -2.32
1818/09/26 08:00:00 -4.18 -0.35 -2.32
1818/09/26 10:00:00 -4.18 -0.35 -2.32
1818/09/26 13:00:00 -4.18 -0.35 -2.32
1818/09/26 14:00:00 -4.18 -0.35 -2.32
1818/09/26 15:00:00 -4.18 -0.35 -2.32
1818/09/26 18:00:00 -4.18 -0.35 -2.32
1818/09/26 22:00:00 -4.18 -0.35 -2.32
1818/09/27 02:00:00 -4.33 -0.51 -2.52
1818/09/27 03:00:00 -4.33 -0.51 -2.52
1818/09/27 06:00:00 -4.42 -0.61 -2.23
1818/09/27 09:00:00 -4.42 -0.61 -2.23
1818/09/27 10:00:00 -4.42 -0.61 -2.23
1818/09/27 14:00:00 -4.42 -0.61 -2.23
1818/09/27 15:00:00 -4.42 -0.61 -2.23
1818/09/27 18:00:00 -4.42 -0.61 -2.23
1818/09/27 19:00:00 -4.42 -0.61 -2.23
1818/09/27 22:00:00 -4.42 -0.61 -2.23
1818/09/28 02:00:00 -4.57 -0.79 -2.43
1818/09/28 03:00:00 -4.57 -0.79 -2.43
1818/09/28 06:00:00 -4.57 -0.79 -2.43
1818/09/28 08:00:00 -4.57 -0.79 -2.43
1818/09/28 10:00:00 -4.57 -0.79 -2.43
1818/09/28 14:00:00 -4.57 -0.79 -2.43
1818/09/28 15:00:00 -4.57 -0.79 -2.43
1818/09/28 18:00:00 -4.57 -0.79 -2.43
1818/09/28 21:00:00 -4.57 -0.79 -2.43
1818/09/28 22:00:00 -4.57 -0.79 -2.43
1818/09/29 01:00:00 -4.72 -0.97 -2.63
1818/09/29 02:00:00 -4.72 -0.97 -2.63
1818/09/29 04:00:00 -4.72 -0.97 -2.63
1818/09/29 06:00:00 -4.72 -0.97 -2.63
1818/09/29 09:00:00 -4.72 -0.97 -2.63
1818/09/29 10:00:00 -4.57 0.24 -2.10
1818/09/29 11:00:00 -4.57 0.24 -2.10
1818/09/29 14:00:00 -4.57 0.24 -2.10
1818/09/29 15:00:00 -4.57 0.24 -2.10
1818/09/29 18:00:00 -4.57 0.24 -2.10
1818/09/29 21:00:00 -4.57 0.24 -2.10
1818/09/29 22:00:00 -4.57 0.24 -2.10
1818/09/30 02:00:00 -2.79 1.03 -0.75
1818/09/30 03:00:00 -2.79 1.03 -0.75
1818/09/30 06:00:00 -2.79 1.03 -0.75
1818/09/30 10:00:00 -2.79 1.03 -0.75
1818/09/30 14:00:00 -2.79 1.03 -0.75
1818/09/30 15:00:00 -2.79 1.03 -0.75
1818/09/30 18:00:00 -2.79 1.03 -0.75
1818/09/30 19:00:00 -2.79 1.03 -0.75
1818/09/30 23:00:00 -2.79 1.03 -0.75
1818/10/01 03:00:00 -2.60 1.20 -0.54
1818/10/01 06:00:00 -2.60 1.20 -0.54
1818/10/01 09:00:00 -2.60 1.20 -0.54
1818/10/01 10:00:00 -2.60 1.20 -0.54
1818/10/01 14:00:00 -2.60 1.20 -0.54
1818/10/01 15:00:00 -2.60 1.20 -0.54
1818/10/01 18:00:00 -2.60 1.20 -0.54
1818/10/01 20:00:00 -2.60 1.20 -0.54
1818/10/01 22:00:00 -2.60 1.20 -0.54
1818/10/02 02:00:00 -2.28 1.27 -0.27
1818/10/02 03:00:00 -2.28 1.27 -0.27
1818/10/02 06:00:00 -2.28 1.27 -0.27
1818/10/02 10:00:00 -2.28 1.27 -0.27
1818/10/02 14:00:00 -2.28 1.27 -0.27
1818/10/02 15:00:00 -2.28 1.27 -0.27
1818/10/02 18:00:00 -2.28 1.27 -0.27
1818/10/02 22:00:00 -2.28 1.27 -0.27
1818/10/03 02:00:00 -2.60 1.17 -0.43
1818/10/03 03:00:00 -2.60 1.17 -0.43
1818/10/03 06:00:00 -2.60 1.17 -0.43
1818/10/03 10:00:00 -2.60 1.17 -0.43
1818/10/03 13:00:00 -2.60 1.17 -0.43
1818/10/03 14:00:00 -2.60 1.17 -0.43
1818/10/03 15:00:00 -2.60 1.17 -0.43
1818/10/03 17:00:00 -2.60 1.17 -0.43
1818/10/03 18:00:00 -2.52 1.59 -0.59
1818/10/03 22:00:00 -2.52 1.59 -0.59
1818/10/04 02:00:00 -2.81 1.42 -0.76
1818/10/04 03:00:00 -2.81 1.42 -0.76
1818/10/04 06:00:00 -2.81 1.42 -0.76
1818/10/04 10:00:00 -2.34 1.94 -0.43
1818/10/04 14:00:00 -2.34 1.94 -0.43
1818/10/04 15:00:00 -2.34 1.94 -0.43
1818/10/04 18:00:00 -2.34 1.94 -0.43
1818/10/04 20:00:00 -2.34 1.94 -0.43
1818/10/04 22:00:00 -2.34 1.94 -0.43
1818/10/04 23:00:00 -2.34 1.94 -0.43
1818/10/05 00:00:00 -2.44 1.83 -0.55
1818/10/05 02:00:00 -2.06 1.85 -0.38
1818/10/05 03:00:00 -2.06 1.85 -0.38
1818/10/05 06:00:00 -2.06 1.85 -0.38
1818/10/05 10:00:00 -2.06 1.85 -0.38
1818/10/05 14:00:00 -2.06 1.85 -0.38
1818/10/05 18:00:00 -2.06 1.85 -0.38
1818/10/05 20:00:00 -2.06 1.85 -0.38
1818/10/05 22:00:00 -1.52 2.55 0.07
1818/10/06 02:00:00 -1.63 2.46 -0.03
1818/10/06 03:00:00 0.71 4.60 2.52
1818/10/06 06:00:00 0.71 4.60 2.52
1818/10/06 09:00:00 0.71 4.60 2.52
1818/10/06 10:00:00 0.71 4.60 2.52
1818/10/06 14:00:00 0.64 5.07 2.49
1818/10/06 15:00:00 0.64 5.07 2.49
1818/10/06 18:00:00 0.64 5.07 2.49
1818/10/06 21:00:00 0.64 5.07 2.49
1818/10/06 22:00:00 0.64 5.07 2.49
1818/10/07 02:00:00 0.53 4.98 2.38
1818/10/07 03:00:00 0.53 4.98 2.38
1818/10/07 06:00:00 0.53 4.98 2.38
1818/10/07 10:00:00 0.53 4.98 2.38
1818/10/07 14:00:00 0.53 4.98 2.38
1818/10/07 15:00:00 0.53 4.98 2.38
1818/10/07 18:00:00 0.50 5.14 2.27
1818/10/07 22:00:00 0.50 5.14 2.27
1818/10/08 00:00:00 0.43 5.09 2.19
1818/10/08 02:00:00 0.43 5.09 2.19
1818/10/08 03:00:00 0.43 5.09 2.19
1818/10/08 04:00:00 0.43 5.09 2.19
1818/10/08 06:00:00 0.43 5.09 2.19
1818/10/08 08:00:00 0.43 5.09 2.19
1818/10/08 10:00:00 0.43 5.09 2.19
1818/10/08 14:00:00 0.43 5.09 2.19
1818/10/08 15:00:00 0.43 5.09 2.19
1818/10/08 18:00:00 0.49 5.33 2.30
1818/10/08 22:00:00 0.49 5.33 2.30
1818/10/09 02:00:00 0.98 5.68 2.61
1818/10/09 03:00:00 0.98 5.68 2.61
1818/10/09 06:00:00 0.98 5.68 2.61
1818/10/09 07:00:00 0.98 5.68 2.61
1818/10/09 10:00:00 0.91 5.72 2.52
1818/10/09 14:00:00 0.91 5.72 2.52
1818/10/09 16:00:00 0.91 5.72 2.52
1818/10/09 18:00:00 0.91 5.72 2.52
1818/10/09 21:00:00 0.83 5.66 2.42
1818/10/09 22:00:00 0.83 5.66 2.42
1818/10/10 02:00:00 0.78 5.56 2.32
1818/10/10 03:00:00 0.78 5.56 2.32
1818/10/10 06:00:00 0.99 5.19 2.37
1818/10/10 10:00:00 0.99 5.19 2.37
1818/10/10 14:00:00 0.99 5.19 2.37
1818/10/10 15:00:00 0.99 5.19 2.37
1818/10/10 18:00:00 1.24 5.03 2.48
1818/10/10 20:00:00 1.24 5.03 2.48
1818/10/10 21:00:00 1.24 5.03 2.48
1818/10/10 22:00:00 1.24 5.03 2.48
1818/10/11 02:00:00 1.13 4.59 2.33
1818/10/11 03:00:00 1.13 4.59 2.33
1818/10/11 06:00:00 1.00 5.01 2.36
1818/10/11 09:00:00 1.00 5.01 2.36
1818/10/11 10:00:00 1.00 5.01 2.36
1818/10/11 14:00:00 0.51 4.35 1.88
1818/10/11 15:00:00 0.51 4.35 1.88
1818/10/11 18:00:00 0.51 4.35 1.88
1818/10/11 21:00:00 0.51 4.35 1.88
1818/10/11 22:00:00 0.51 4.35 1.88
1818/10/12 02:00:00 0.40 4.24 1.81
1818/10/12 03:00:00 0.40 4.24 1.81
1818/10/12 06:00:00 0.40 4.24 1.81
1818/10/12 10:00:00 0.40 4.24 1.81
1818/10/12 14:00:00 0.40 4.24 1.81
1818/10/12 15:00:00 0.40 4.24 1.81
1818/10/12 17:00:00 0.40 4.24 1.81
1818/10/12 18:00:00 0.40 4.24 1.81
1818/10/12 19:00:00 0.40 4.24 1.81
1818/10/12 22:00:00 0.40 4.24 1.81
1818/10/13 02:00:00 0.25 4.13 1.73
1818/10/13 03:00:00 0.25 4.13 1.73
1818/10/13 06:00:00 0.25 4.13 1.73
1818/10/13 10:00:00 0.15 3.96 1.54
1818/10/13 13:00:00 0.15 3.96 1.54
1818/10/13 14:00:00 0.15 3.96 1.54
1818/10/13 15:00:00 0.15 3.96 1.54
1818/10/13 17:00:00 0.15 3.96 1.54
1818/10/13 18:00:00 0.15 3.96 1.54
1818/10/13 19:00:00 0.15 3.96 1.54
1818/10/13 20:00:00 0.15 3.96 1.54
1818/10/13 22:00:00 0.15 3.96 1.54
1818/10/14 00:00:00 0.06 3.88 1.50
1818/10/14 02:00:00 0.06 3.88 1.50
1818/10/14 06:00:00 0.06 3.88 1.50
1818/10/14 10:00:00 0.06 3.88 1.50
1818/10/14 14:00:00 0.06 3.88 1.50
1818/10/14 15:00:00 0.06 3.88 1.50
1818/10/14 18:00:00 0.06 3.88 1.50
1818/10/14 22:00:00 -0.03 3.56 1.36
1818/10/15 02:00:00 -0.12 3.45 1.30
1818/10/15 03:00:00 -0.12 3.45 1.30
1818/10/15 06:00:00 -0.12 3.45 1.30
1818/10/15 10:00:00 -0.12 3.45 1.30
1818/10/15 14:00:00 -0.64 2.37 0.64
1818/10/15 15:00:00 -0.64 2.37 0.64
1818/10/15 18:00:00 -1.92 1.79 -0.16
1818/10/15 22:00:00 -1.92 1.79 -0.16
1818/10/16 02:00:00 -2.05 1.66 -0.25
1818/10/16 03:00:00 -2.05 1.66 -0.25
1818/10/16 06:00:00 -2.05 1.66 -0.25
1818/10/16 10:00:00 -2.09 1.47 -0.23
1818/10/16 11:00:00 -2.09 1.47 -0.23
1818/10/16 14:00:00 -2.09 1.47 -0.23
1818/10/16 15:00:00 -2.09 1.47 -0.23
1818/10/16 18:00:00 -2.09 1.47 -0.23
1818/10/16 21:00:00 -2.09 1.47 -0.23
1818/10/16 22:00:00 0.51 3.74 2.53
1818/10/16 23:00:00 0.51 3.74 2.53
1818/10/17 02:00:00 0.33 3.58 2.36
1818/10/17 03:00:00 0.33 3.58 2.36
1818/10/17 06:00:00 0.33 3.58 2.36
1818/10/17 09:00:00 1.76 5.10 3.87
1818/10/17 10:00:00 1.76 5.10 3.87
1818/10/17 14:00:00 1.76 5.10 3.87
1818/10/17 18:00:00 1.76 5.10 3.87
1818/10/17 21:00:00 1.76 5.10 3.87
1818/10/17 22:00:00 1.76 5.10 3.87
1818/10/18 01:00:00 2.09 5.37 4.18
1818/10/18 02:00:00 2.09 5.37 4.18
1818/10/18 03:00:00 2.09 5.37 4.18
1818/10/18 06:00:00 2.09 5.37 4.18
1818/10/18 10:00:00 2.09 5.37 4.18
1818/10/18 12:00:00 2.09 5.37 4.18
1818/10/18 14:00:00 2.09 5.37 4.18
1818/10/18 15:00:00 2.09 5.37 4.18
1818/10/18 18:00:00 2.09 5.37 4.18
1818/10/18 22:00:00 1.84 5.54 4.20
1818/10/19 02:00:00 1.69 5.37 4.04
1818/10/19 03:00:00 1.69 5.37 4.04
1818/10/19 05:00:00 1.69 5.37 4.04
1818/10/19 06:00:00 1.69 5.37 4.04
1818/10/19 09:00:00 1.69 5.37 4.04
1818/10/19 10:00:00 1.69 5.37 4.04
1818/10/19 13:00:00 1.69 5.37 4.04
1818/10/19 14:00:00 1.69 5.37 4.04
1818/10/19 15:00:00 1.62 5.76 4.28
1818/10/19 18:00:00 1.62 5.76 4.28
1818/10/19 22:00:00 1.62 5.76 4.28
1818/10/20 02:00:00 1.50 5.60 4.14
1818/10/20 03:00:00 1.50 5.60 4.14
1818/10/20 05:00:00 1.50 5.60 4.14
1818/10/20 06:00:00 1.50 5.60 4.14
1818/10/20 10:00:00 1.50 5.60 4.14
1818/10/20 14:00:00 1.81 5.53 4.23
1818/10/20 15:00:00 1.81 5.53 4.23
1818/10/20 18:00:00 1.81 5.53 4.23
1818/10/20 22:00:00 1.81 5.53 4.23
1818/10/21 02:00:00 1.70 5.36 4.09
1818/10/21 03:00:00 1.12 5.59 4.02
1818/10/21 06:00:00 1.12 5.59 4.02
1818/10/21 07:00:00 1.35 5.77 4.13
1818/10/21 10:00:00 1.35 5.77 4.13
1818/10/21 14:00:00 1.35 5.77 4.13
1818/10/21 15:00:00 1.35 5.77 4.13
1818/10/21 18:00:00 1.35 5.77 4.13
1818/10/21 22:00:00 1.35 5.77 4.13
1818/10/22 02:00:00 1.27 5.59 4.02
1818/10/22 03:00:00 1.35 5.71 4.04
1818/10/22 06:00:00 1.35 5.71 4.04
1818/10/22 10:00:00 1.35 5.71 4.04
1818/10/22 14:00:00 1.35 5.71 4.04
1818/10/22 18:00:00 1.35 5.71 4.04
1818/10/22 22:00:00 1.35 5.71 4.04
1818/10/22 23:00:00 1.77 6.20 4.41
1818/10/23 02:00:00 1.70 6.01 4.30
1818/10/23 03:00:00 1.70 6.01 4.30
1818/10/23 06:00:00 1.70 6.01 4.30
1818/10/23 10:00:00 1.70 6.01 4.30
1818/10/23 11:00:00 1.70 6.01 4.30
1818/10/23 14:00:00 1.70 6.01 4.30
1818/10/23 15:00:00 1.70 6.01 4.30
1818/10/23 18:00:00 1.70 6.01 4.30
1818/10/23 21:00:00 1.49 5.85 4.06
1818/10/23 22:00:00 1.49 5.85 4.06
1818/10/24 02:00:00 1.42 5.65 3.95
1818/10/24 03:00:00 1.42 5.65 3.95
1818/10/24 06:00:00 1.42 5.65 3.95
1818/10/24 07:00:00 1.42 5.65 3.95
1818/10/24 10:00:00 1.42 5.65 3.95
1818/10/24 14:00:00 1.42 5.65 3.95
1818/10/24 15:00:00 3.05 7.36 5.56
1818/10/24 17:00:00 3.05 7.36 5.56
1818/10/24 18:00:00 3.05 7.36 5.56
1818/10/24 20:00:00 3.05 7.36 5.56
1818/10/24 22:00:00 3.05 7.36 5.56
1818/10/25 02:00:00 3.02 7.17 5.47
1818/10/25 03:00:00 3.02 7.17 5.47
1818/10/25 06:00:00 3.02 7.17 5.47
1818/10/25 10:00:00 3.02 7.17 5.47
1818/10/25 14:00:00 2.96 7.35 5.48
1818/10/25 18:00:00 2.96 7.35 5.48
1818/10/25 22:00:00 2.96 7.35 5.48
1818/10/26 02:00:00 2.97 7.17 5.40
1818/10/26 06:00:00 2.97 7.17 5.40
1818/10/26 10:00:00 2.97 7.17 5.40
1818/10/26 14:00:00 2.97 7.17 5.40
1818/10/26 18:00:00 2.97 7.17 5.40
1818/10/26 22:00:00 2.97 7.17 5.40
1818/10/27 02:00:00 2.98 6.99 5.32
1818/10/27 06:00:00 2.98 6.99 5.32
1818/10/27 10:00:00 2.98 6.99 5.32
1818/10/27 14:00:00 2.98 6.99 5.32
1818/10/27 18:00:00 2.98 6.99 5.32
1818/10/27 22:00:00 5.18 9.15 7.49
1818/10/28 02:00:00 5.21 8.98 7.41
1818/10/28 03:00:00 5.21 8.98 7.41
1818/10/28 06:00:00 5.21 8.98 7.41
1818/10/28 10:00:00 5.21 8.98 7.41
1818/10/28 11:00:00 5.21 8.98 7.41
1818/10/28 14:00:00   NA   NA  NA
1818/10/28 15:00:00 5.21 8.98 7.41
1818/10/28 18:00:00 5.21 8.98 7.41
1818/10/28 20:00:00 5.21 8.98 7.41
1818/10/28 22:00:00 5.21 8.98 7.41
1818/10/29 02:00:00 5.24 8.80 7.33
1818/10/29 03:00:00 5.40 9.51 7.69
1818/10/29 06:00:00 5.40 9.51 7.69
1818/10/29 10:00:00 6.13 9.95 8.51
1818/10/29 14:00:00 6.13 9.95 8.51
1818/10/29 18:00:00 6.13 9.95 8.51
1818/10/29 22:00:00 6.03 9.89 8.37
1818/10/30 02:00:00 6.08 9.71 8.29
1818/10/30 03:00:00 6.08 9.71 8.29
1818/10/30 06:00:00 6.08 9.71 8.29
1818/10/30 10:00:00 6.31 9.68 8.08
1818/10/30 11:00:00 6.31 9.68 8.08
1818/10/30 14:00:00 6.31 9.68 8.08
1818/10/30 18:00:00   NA   NA  NA
1818/10/30 20:00:00   NA   NA  NA
1818/10/30 22:00:00   NA   NA  NA
1818/10/31 02:00:00   NA   NA  NA
