1818/05/05 03:00:00   NA   NA  NA
1818/05/05 06:00:00   NA   NA  NA
1818/05/05 10:00:00   NA   NA  NA
1818/05/05 12:00:00   NA   NA  NA
1818/05/05 14:00:00 0.00 0.00 0.00
1818/05/05 15:00:00 0.00 0.00 0.00
1818/05/05 16:00:00 0.00 0.00 0.00
1818/05/05 18:00:00 0.00 0.00 0.00
1818/05/05 22:00:00 0.00 0.00 0.00
1818/05/06 02:00:00 0.00 0.00 0.00
1818/05/06 03:00:00 0.00 0.00 0.00
1818/05/06 06:00:00 0.00 0.00 0.00
1818/05/06 08:00:00 0.00 0.00 0.00
1818/05/06 10:00:00 0.00 0.00 0.00
1818/05/06 14:00:00 0.00 0.00 0.00
1818/05/06 15:00:00 0.00 0.00 0.00
1818/05/06 18:00:00 0.00 0.00 0.00
1818/05/06 19:00:00 0.00 0.00 0.00
1818/05/06 20:00:00 0.00 0.00 0.00
1818/05/06 22:00:00 0.00 0.00 0.00
1818/05/07 02:00:00 0.00 0.00 0.00
1818/05/07 03:00:00 0.00 0.00 0.00
1818/05/07 06:00:00 0.00 0.00 0.00
1818/05/07 10:00:00 0.00 0.00 0.00
1818/05/07 14:00:00 0.00 0.00 0.00
1818/05/07 18:00:00 0.00 0.00 0.00
1818/05/07 22:00:00 0.00 0.00 0.00
1818/05/08 02:00:00 0.00 0.00 0.00
1818/05/08 04:00:00 0.00 0.00 0.00
1818/05/08 06:00:00 0.00 0.00 0.00
1818/05/08 09:00:00 0.00 0.00 0.00
1818/05/08 10:00:00 0.00 0.00 0.00
1818/05/08 13:00:00 0.00 0.00 0.00
1818/05/08 14:00:00 0.00 0.00 0.00
1818/05/08 15:00:00 0.00 0.00 0.00
1818/05/08 18:00:00 0.00 0.00 0.00
1818/05/08 21:00:00 0.00 0.00 0.00
1818/05/08 22:00:00 0.00 0.00 0.00
1818/05/09 02:00:00 0.00 0.00 0.00
1818/05/09 03:00:00 0.00 0.00 0.00
1818/05/09 06:00:00 0.00 0.00 0.00
1818/05/09 08:00:00 0.00 0.00 0.00
1818/05/09 10:00:00 0.00 0.00 0.00
1818/05/09 14:00:00 0.00 0.00 0.00
1818/05/09 15:00:00 0.00 0.00 0.00
1818/05/09 18:00:00 0.00 0.00 0.00
1818/05/09 22:00:00 0.00 0.00 0.00
1818/05/10 01:00:00 0.00 0.00 0.00
1818/05/10 02:00:00 0.00 0.00 0.00
1818/05/10 03:00:00 0.00 0.00 0.00
1818/05/10 06:00:00 0.00 0.00 0.00
1818/05/10 10:00:00 0.00 0.00 0.00
1818/05/10 14:00:00 0.00 0.00 0.00
1818/05/10 15:00:00 0.00 0.00 0.00
1818/05/10 18:00:00 0.00 0.00 0.00
1818/05/10 19:00:00 0.00 0.00 0.00
1818/05/10 22:00:00 0.00 0.00 0.00
1818/05/11 02:00:00 0.00 0.00 0.00
1818/05/11 04:00:00 0.00 0.00 0.00
1818/05/11 06:00:00 0.00 0.00 0.00
1818/05/11 10:00:00 0.00 0.00 0.00
1818/05/11 11:00:00 0.00 0.00 0.00
1818/05/11 14:00:00 0.00 0.00 0.00
1818/05/11 17:00:00 0.00 0.00 0.00
1818/05/11 18:00:00 0.00 0.00 0.00
1818/05/11 22:00:00 0.00 0.00 0.00
1818/05/11 23:00:00 0.00 0.00 0.00
1818/05/12 02:00:00 0.00 0.00 0.00
1818/05/12 03:00:00 0.00 0.00 0.00
1818/05/12 06:00:00 0.00 0.00 0.00
1818/05/12 10:00:00 0.00 0.00 0.00
1818/05/12 12:00:00 0.00 0.00 0.00
1818/05/12 13:00:00 0.00 0.00 0.00
1818/05/12 14:00:00 0.00 0.00 0.00
1818/05/12 18:00:00 0.00 0.00 0.00
1818/05/12 19:00:00 0.00 0.00 0.00
1818/05/12 22:00:00 0.00 0.00 0.00
1818/05/13 02:00:00 0.00 0.00 0.00
1818/05/13 03:00:00 0.00 0.00 0.00
1818/05/13 06:00:00 0.00 0.00 0.00
1818/05/13 10:00:00 0.00 0.00 0.00
1818/05/13 14:00:00 0.00 0.00 0.00
1818/05/13 15:00:00 0.00 0.00 0.00
1818/05/13 18:00:00 0.00 0.00 0.00
1818/05/13 22:00:00 0.00 0.00 0.00
1818/05/14 02:00:00 0.00 0.00 0.00
1818/05/14 03:00:00 0.00 0.00 0.00
1818/05/14 06:00:00 0.00 0.00 0.00
1818/05/14 10:00:00 0.00 0.00 0.00
1818/05/14 13:00:00 0.00 0.00 0.00
1818/05/14 14:00:00 0.00 0.00 0.00
1818/05/14 15:00:00 0.00 0.00 0.00
1818/05/14 18:00:00 0.00 0.00 0.00
1818/05/14 20:00:00 0.00 0.00 0.00
1818/05/14 22:00:00 0.00 0.00 0.00
1818/05/15 01:00:00 0.00 0.00 0.00
1818/05/15 02:00:00 0.00 0.00 0.00
1818/05/15 06:00:00 0.00 0.00 0.00
1818/05/15 10:00:00 0.00 0.00 0.00
1818/05/15 14:00:00 0.00 0.00 0.00
1818/05/15 15:00:00 0.00 0.00 0.00
1818/05/15 18:00:00 0.00 0.00 0.00
1818/05/15 19:00:00 0.00 0.00 0.00
1818/05/15 22:00:00 0.00 0.00 0.00
1818/05/16 00:00:00 0.00 0.00 0.00
1818/05/16 02:00:00 0.00 0.00 0.00
1818/05/16 04:00:00 0.00 0.00 0.00
1818/05/16 05:00:00 0.00 0.00 0.00
1818/05/16 06:00:00 0.00 0.00 0.00
1818/05/16 10:00:00 0.00 0.00 0.00
1818/05/16 14:00:00 0.00 0.00 0.00
1818/05/16 15:00:00 0.00 0.00 0.00
1818/05/16 17:00:00 0.00 0.00 0.00
1818/05/16 18:00:00 0.00 0.00 0.00
1818/05/16 20:00:00 0.00 0.00 0.00
1818/05/16 22:00:00 0.00 0.00 0.00
1818/05/17 02:00:00 0.00 0.00 0.00
1818/05/17 03:00:00 0.00 0.00 0.00
1818/05/17 06:00:00 0.00 0.00 0.00
1818/05/17 09:00:00 0.00 0.00 0.00
1818/05/17 10:00:00 0.00 0.00 0.00
1818/05/17 14:00:00 0.00 0.00 0.00
1818/05/17 15:00:00 0.00 0.00 0.00
1818/05/17 18:00:00 0.00 0.00 0.00
1818/05/17 22:00:00 0.00 0.00 0.00
1818/05/18 01:00:00 0.00 0.00 0.00
1818/05/18 02:00:00 0.00 0.00 0.00
1818/05/18 03:00:00 0.00 0.00 0.00
1818/05/18 06:00:00 0.00 0.00 0.00
1818/05/18 08:00:00 0.00 0.00 0.00
1818/05/18 10:00:00 0.00 0.00 0.00
1818/05/18 12:00:00 0.00 0.00 0.00
1818/05/18 14:00:00 0.00 0.00 0.00
1818/05/18 15:00:00 0.00 0.00 0.00
1818/05/18 18:00:00 0.00 0.00 0.00
1818/05/18 22:00:00 0.00 0.00 0.00
1818/05/19 02:00:00 0.00 0.00 0.00
1818/05/19 03:00:00 0.00 0.00 0.00
1818/05/19 06:00:00 0.00 0.00 0.00
1818/05/19 10:00:00 0.00 0.00 0.00
1818/05/19 14:00:00 0.00 0.00 0.00
1818/05/19 15:00:00 0.00 0.00 0.00
1818/05/19 18:00:00 0.00 0.00 0.00
1818/05/19 22:00:00 0.00 0.00 0.00
1818/05/20 02:00:00 0.00 0.00 0.00
1818/05/20 03:00:00 0.00 0.00 0.00
1818/05/20 06:00:00 0.00 0.00 0.00
1818/05/20 10:00:00 0.00 0.00 0.00
1818/05/20 14:00:00 0.00 0.00 0.00
1818/05/20 15:00:00 0.00 0.00 0.00
1818/05/20 16:00:00 0.00 0.00 0.00
1818/05/20 18:00:00 0.00 0.00 0.00
1818/05/20 22:00:00 0.00 0.00 0.00
1818/05/20 23:00:00 0.00 0.00 0.00
1818/05/21 02:00:00 0.00 0.00 0.00
1818/05/21 03:00:00 0.00 0.00 0.00
1818/05/21 06:00:00 0.00 0.00 0.00
1818/05/21 09:00:00 0.00 0.00 0.00
1818/05/21 10:00:00 0.00 0.00 0.00
1818/05/21 14:00:00 0.00 0.00 0.00
1818/05/21 15:00:00 0.00 0.00 0.00
1818/05/21 18:00:00 0.00 0.00 0.00
1818/05/21 22:00:00 0.00 0.00 0.00
1818/05/22 02:00:00 0.00 0.00 0.00
1818/05/22 03:00:00 0.00 0.00 0.00
1818/05/22 06:00:00 0.00 0.00 0.00
1818/05/22 09:00:00 0.00 0.00 0.00
1818/05/22 10:00:00 0.00 0.00 0.00
1818/05/22 14:00:00 0.00 0.00 0.00
1818/05/22 15:00:00 0.00 0.00 0.00
1818/05/22 18:00:00 0.00 0.00 0.00
1818/05/22 22:00:00 0.00 0.00 0.00
1818/05/23 00:00:00 0.00 0.00 0.00
1818/05/23 02:00:00 0.00 0.00 0.00
1818/05/23 03:00:00 0.00 0.00 0.00
1818/05/23 06:00:00 0.00 0.00 0.00
1818/05/23 10:00:00 0.00 0.00 0.00
1818/05/23 11:00:00 0.00 0.00 0.00
1818/05/23 14:00:00 0.00 0.00 0.00
1818/05/23 15:00:00 0.00 0.00 0.00
1818/05/23 18:00:00 0.00 0.00 0.00
1818/05/23 20:00:00 0.00 0.00 0.00
1818/05/23 22:00:00 0.00 0.00 0.00
1818/05/24 02:00:00 0.00 0.00 0.00
1818/05/24 03:00:00 0.00 0.00 0.00
1818/05/24 06:00:00 0.00 0.00 0.00
1818/05/24 10:00:00 0.00 0.00 0.00
1818/05/24 11:00:00 0.00 0.00 0.00
1818/05/24 14:00:00 0.00 0.00 0.00
1818/05/24 18:00:00 0.00 0.00 0.00
1818/05/24 22:00:00 0.00 0.00 0.00
1818/05/25 02:00:00 0.00 0.00 0.00
1818/05/25 03:00:00 0.00 0.00 0.00
1818/05/25 06:00:00 0.00 0.00 0.00
1818/05/25 08:00:00 0.00 0.00 0.00
1818/05/25 10:00:00 0.00 0.00 0.00
1818/05/25 14:00:00 0.00 0.00 0.00
1818/05/25 18:00:00 0.00 0.00 0.00
1818/05/25 20:00:00 0.00 0.00 0.00
1818/05/25 22:00:00 0.00 0.00 0.00
1818/05/26 02:00:00 0.00 0.00 0.00
1818/05/26 03:00:00 0.00 0.00 0.00
1818/05/26 05:00:00 0.00 0.00 0.00
1818/05/26 06:00:00 0.00 0.00 0.00
1818/05/26 10:00:00 0.00 0.00 0.00
1818/05/26 14:00:00 0.00 0.00 0.00
1818/05/26 15:00:00 0.00 0.00 0.00
1818/05/26 18:00:00 0.00 0.00 0.00
1818/05/26 21:00:00 0.00 0.00 0.00
1818/05/26 22:00:00 0.00 0.00 0.00
1818/05/27 02:00:00 0.00 0.00 0.00
1818/05/27 03:00:00 0.00 0.00 0.00
1818/05/27 06:00:00 0.00 0.00 0.00
1818/05/27 09:00:00 0.00 0.00 0.00
1818/05/27 10:00:00 0.00 0.00 0.00
1818/05/27 14:00:00 0.00 0.00 0.00
1818/05/27 16:00:00 0.00 0.00 0.00
1818/05/27 18:00:00 0.00 0.00 0.00
1818/05/27 22:00:00 0.00 0.00 0.00
1818/05/28 02:00:00 0.00 0.00 0.00
1818/05/28 03:00:00 0.00 0.00 0.00
1818/05/28 05:00:00 0.00 0.00 0.00
1818/05/28 06:00:00 0.00 0.00 0.00
1818/05/28 07:00:00 0.00 0.00 0.00
1818/05/28 10:00:00 0.00 0.00 0.00
1818/05/28 14:00:00 0.00 0.04 0.00
1818/05/28 15:00:00 0.00 0.04 0.00
1818/05/28 18:00:00 0.00 0.04 0.00
1818/05/28 22:00:00 0.00 0.04 0.00
1818/05/28 23:00:00 0.00 0.04 0.00
1818/05/29 02:00:00 0.00 0.05 0.00
1818/05/29 03:00:00 0.00 0.05 0.00
1818/05/29 06:00:00 0.00 0.05 0.00
1818/05/29 10:00:00 0.00 0.05 0.00
1818/05/29 14:00:00 0.00 0.03 0.00
1818/05/29 15:00:00 0.00 0.03 0.00
1818/05/29 18:00:00 0.00 0.03 0.00
1818/05/29 22:00:00 0.00 0.03 0.00
1818/05/30 01:00:00 0.00 0.06 0.00
1818/05/30 02:00:00 0.00 0.06 0.00
1818/05/30 03:00:00 0.00 0.06 0.00
1818/05/30 06:00:00 0.00 0.04 0.01
1818/05/30 09:00:00 0.00 0.04 0.01
1818/05/30 10:00:00 0.00 0.04 0.01
1818/05/30 14:00:00 0.00 0.05 0.01
1818/05/30 17:00:00 0.00 0.05 0.01
1818/05/30 18:00:00 0.00 0.05 0.01
1818/05/30 22:00:00 0.00 0.04 0.01
1818/05/31 02:00:00 0.00 0.04 0.01
1818/05/31 03:00:00 0.00 0.04 0.01
1818/05/31 06:00:00 0.00 0.04 0.01
1818/05/31 07:00:00 0.00 0.04 0.01
1818/05/31 10:00:00 0.00 0.04 0.01
1818/05/31 14:00:00 0.00 0.04 0.01
1818/05/31 15:00:00 0.00 0.04 0.01
1818/05/31 18:00:00 0.00 0.04 0.01
1818/05/31 22:00:00 0.00 0.04 0.01
1818/05/31 23:00:00 0.00 0.04 0.01
1818/06/01 01:00:00 0.00 0.03 0.01
1818/06/01 02:00:00 0.00 0.03 0.01
1818/06/01 03:00:00 0.00 0.03 0.01
1818/06/01 06:00:00 0.00 0.03 0.01
1818/06/01 09:00:00 0.00 0.03 0.01
1818/06/01 10:00:00 0.00 0.03 0.01
1818/06/01 13:00:00 0.00 0.03 0.01
1818/06/01 14:00:00 0.00 0.03 0.01
1818/06/01 15:00:00 0.00 0.03 0.01
1818/06/01 17:00:00 0.00 0.03 0.01
1818/06/01 18:00:00 0.00 0.04 0.01
1818/06/01 21:00:00 0.00 0.04 0.01
1818/06/01 22:00:00 0.00 0.04 0.01
1818/06/02 02:00:00 0.00 0.04 0.01
1818/06/02 03:00:00 0.00 0.04 0.01
1818/06/02 06:00:00 0.00 0.04 0.01
1818/06/02 10:00:00 0.00 0.04 0.01
1818/06/02 12:00:00 0.00 0.04 0.01
1818/06/02 13:00:00 0.00 0.04 0.01
1818/06/02 14:00:00 0.00 0.04 0.01
1818/06/02 18:00:00 0.00 0.07 0.01
1818/06/02 21:00:00 0.00 0.07 0.01
1818/06/02 22:00:00 0.00 0.07 0.01
1818/06/03 02:00:00 0.00 0.05 0.01
1818/06/03 03:00:00 0.00 0.05 0.01
1818/06/03 06:00:00 0.00 0.05 0.01
1818/06/03 10:00:00 0.00 0.05 0.01
1818/06/03 14:00:00 0.00 0.05 0.01
1818/06/03 16:00:00 0.00 0.05 0.01
1818/06/03 18:00:00 0.00 0.05 0.01
1818/06/03 22:00:00 0.00 0.05 0.01
1818/06/04 02:00:00 0.00 0.04 0.01
1818/06/04 03:00:00 0.00 0.04 0.01
1818/06/04 06:00:00 0.00 0.04 0.01
1818/06/04 10:00:00 0.00 0.04 0.01
1818/06/04 14:00:00 0.00 0.04 0.01
1818/06/04 16:00:00 0.00 0.04 0.01
1818/06/04 18:00:00 0.00 0.04 0.01
1818/06/04 22:00:00 0.00 0.04 0.01
1818/06/05 02:00:00 0.00 0.05 0.00
1818/06/05 03:00:00 0.00 0.05 0.00
1818/06/05 06:00:00 0.00 0.05 0.00
1818/06/05 07:00:00 0.00 0.05 0.00
1818/06/05 10:00:00 0.00 0.05 0.00
1818/06/05 14:00:00 0.00 0.05 0.00
1818/06/05 15:00:00 0.00 0.05 0.00
1818/06/05 18:00:00 0.00 0.05 0.00
1818/06/05 22:00:00 0.00 0.05 0.00
1818/06/06 02:00:00 0.00 0.04 0.00
1818/06/06 03:00:00 0.00 0.04 0.00
1818/06/06 06:00:00 0.00 0.20 0.02
1818/06/06 10:00:00 0.00 0.20 0.02
1818/06/06 14:00:00 0.00 0.20 0.02
1818/06/06 18:00:00 0.00 0.20 0.02
1818/06/07 02:00:00 0.00 0.20 0.02
1818/06/07 03:00:00 0.00 0.43 0.06
1818/06/07 06:00:00 0.00 0.43 0.06
1818/06/07 07:00:00 0.00 0.43 0.06
1818/06/07 10:00:00 0.00 0.43 0.06
1818/06/07 14:00:00 0.00 0.43 0.06
1818/06/07 18:00:00 0.00 0.43 0.06
1818/06/07 22:00:00 0.00 0.11 0.02
1818/06/08 02:00:00 0.00 0.09 0.02
1818/06/08 03:00:00 0.00 0.03 0.01
1818/06/08 06:00:00 0.00 0.03 0.01
1818/06/08 07:00:00 0.00 0.03 0.01
1818/06/08 10:00:00 0.00 0.03 0.01
1818/06/08 14:00:00 0.00 0.42 0.06
1818/06/08 18:00:00 0.00 0.42 0.06
1818/06/08 21:00:00 0.00 0.42 0.06
1818/06/08 22:00:00 0.00 0.42 0.06
1818/06/09 02:00:00 0.00 0.40 0.06
1818/06/09 03:00:00 0.00 0.40 0.06
1818/06/09 06:00:00 0.00 0.40 0.06
1818/06/09 10:00:00 0.00 0.40 0.06
1818/06/09 14:00:00 0.00 0.40 0.06
1818/06/09 15:00:00 0.00 0.40 0.06
1818/06/09 18:00:00 0.00 0.40 0.06
1818/06/09 22:00:00 0.00 0.40 0.06
1818/06/10 02:00:00 0.00 0.38 0.05
1818/06/10 04:00:00 0.00 0.38 0.05
1818/06/10 08:00:00 0.00 0.38 0.05
1818/06/10 10:00:00 0.00 0.38 0.05
1818/06/10 14:00:00 0.00 0.38 0.05
1818/06/10 16:00:00 0.00 0.05 0.01
1818/06/10 18:00:00 0.00 0.05 0.01
1818/06/10 22:00:00 0.00 0.05 0.01
1818/06/11 02:00:00 0.00 0.02 0.01
1818/06/11 03:00:00 0.00 0.02 0.01
1818/06/11 06:00:00 0.00 0.02 0.01
1818/06/11 10:00:00 0.00 0.02 0.01
1818/06/11 14:00:00 0.00 0.02 0.01
1818/06/11 17:00:00 0.00 0.02 0.01
1818/06/11 18:00:00 0.00 0.02 0.01
1818/06/11 19:00:00 0.00 0.02 0.01
1818/06/11 22:00:00 0.00 0.02 0.01
1818/06/11 23:00:00 0.00 0.02 0.01
1818/06/12 02:00:00 0.00 0.00 0.00
1818/06/12 04:00:00 0.00 0.00 0.00
1818/06/12 06:00:00 0.00 0.00 0.00
1818/06/12 10:00:00 0.00 0.00 0.00
1818/06/12 14:00:00 0.00 0.00 0.00
1818/06/12 18:00:00 0.00 0.00 0.00
1818/06/12 22:00:00 0.00 0.00 0.00
1818/06/13 02:00:00 0.00 0.00 0.00
1818/06/13 03:00:00 0.00 0.00 0.00
1818/06/13 06:00:00 0.00 0.00 0.00
1818/06/13 10:00:00 0.00 0.00 0.00
1818/06/13 14:00:00 0.00 0.00 0.00
1818/06/13 18:00:00 0.00 0.00 0.00
1818/06/13 20:00:00 0.00 0.00 0.00
1818/06/13 22:00:00 0.00 0.00 0.00
1818/06/14 02:00:00 0.00 0.01 0.00
1818/06/14 03:00:00 0.00 0.01 0.00
1818/06/14 06:00:00 0.00 0.31 0.03
1818/06/14 10:00:00 0.00 0.31 0.03
1818/06/14 14:00:00 0.00 0.31 0.03
1818/06/14 18:00:00 0.00 0.31 0.03
1818/06/14 22:00:00 0.00 0.31 0.03
1818/06/15 02:00:00 0.00 0.30 0.03
1818/06/15 03:00:00 0.00 0.30 0.03
1818/06/15 06:00:00 0.00 0.30 0.03
1818/06/15 10:00:00 0.00 0.30 0.03
1818/06/15 14:00:00 0.00 0.30 0.03
1818/06/15 15:00:00 0.00 0.30 0.03
1818/06/15 18:00:00 0.00 0.30 0.03
1818/06/15 22:00:00 0.00 0.30 0.03
1818/06/16 02:00:00 0.00 0.28 0.03
1818/06/16 05:00:00 0.00 0.28 0.03
1818/06/16 06:00:00 0.00 0.19 0.01
1818/06/16 10:00:00 0.00 0.19 0.01
1818/06/16 14:00:00   NA   NA  NA
1818/06/16 15:00:00 0.00 0.19 0.01
1818/06/16 18:00:00 0.00 0.19 0.01
1818/06/16 22:00:00 0.00 0.19 0.01
1818/06/17 02:00:00 0.00 0.18 0.01
1818/06/17 05:00:00 0.00 0.18 0.01
1818/06/17 06:00:00 0.00 0.18 0.01
1818/06/17 10:00:00 0.00 0.18 0.01
1818/06/17 14:00:00   NA   NA  NA
1818/06/17 18:00:00 0.00 0.18 0.01
1818/06/17 19:00:00 0.00 0.18 0.01
1818/06/17 22:00:00 0.00 0.18 0.01
1818/06/18 02:00:00 0.00 0.17 0.01
1818/06/18 06:00:00 0.00 0.17 0.01
1818/06/18 08:00:00 0.00 0.17 0.01
1818/06/18 10:00:00 0.00 0.17 0.01
1818/06/18 14:00:00 0.00 0.84 0.32
1818/06/18 18:00:00 0.00 0.84 0.32
1818/06/18 22:00:00 0.00 0.84 0.32
1818/06/19 02:00:00 0.00 0.83 0.31
1818/06/19 06:00:00 0.00 0.83 0.31
1818/06/19 09:00:00 0.00 0.83 0.31
1818/06/19 10:00:00 0.00 0.83 0.31
1818/06/19 14:00:00 0.00 0.83 0.31
1818/06/19 18:00:00 0.00 0.83 0.31
1818/06/19 20:00:00 0.00 0.83 0.31
1818/06/19 22:00:00 0.00 0.83 0.31
1818/06/20 02:00:00 0.00 0.82 0.30
1818/06/20 06:00:00 0.00 0.82 0.30
1818/06/20 08:00:00 0.00 0.82 0.30
1818/06/20 10:00:00 0.00 0.82 0.30
1818/06/20 14:00:00 0.00 0.82 0.30
1818/06/20 18:00:00 0.00 0.82 0.30
1818/06/20 20:00:00 0.00 0.82 0.30
1818/06/20 22:00:00 0.00 0.82 0.30
1818/06/21 02:00:00 0.00 0.81 0.29
1818/06/21 06:00:00 0.00 0.81 0.29
1818/06/21 08:00:00 0.00 0.81 0.29
1818/06/21 10:00:00 0.00 0.81 0.29
1818/06/21 14:00:00 0.00 0.81 0.29
1818/06/21 18:00:00 0.00 0.81 0.29
1818/06/21 20:00:00 0.00 0.81 0.29
1818/06/21 22:00:00 0.00 0.81 0.29
1818/06/22 02:00:00 0.00 0.79 0.28
1818/06/22 05:00:00 0.00 0.79 0.28
1818/06/22 06:00:00 0.00 0.79 0.28
1818/06/22 09:00:00 0.00 0.79 0.28
1818/06/22 10:00:00 0.00 0.79 0.28
1818/06/22 14:00:00 0.00 0.79 0.28
1818/06/22 18:00:00 0.00 0.79 0.28
1818/06/22 22:00:00 0.00 0.79 0.28
1818/06/23 02:00:00 0.00 0.78 0.27
1818/06/23 04:00:00 0.00 0.78 0.27
1818/06/23 06:00:00 0.00 0.78 0.27
1818/06/23 10:00:00 0.00 0.78 0.27
1818/06/23 14:00:00 0.00 0.78 0.27
1818/06/23 18:00:00 0.00 0.78 0.27
1818/06/23 19:00:00 0.00 0.78 0.27
1818/06/23 22:00:00 0.00 0.78 0.27
1818/06/24 02:00:00 0.00 0.77 0.26
1818/06/24 06:00:00 0.00 0.77 0.26
1818/06/24 08:00:00 0.00 0.77 0.26
1818/06/24 10:00:00 0.00 0.77 0.26
1818/06/24 14:00:00 0.00 0.77 0.26
1818/06/24 18:00:00 0.00 0.77 0.26
1818/06/24 22:00:00 0.00 0.77 0.26
1818/06/25 02:00:00 0.00 0.76 0.26
1818/06/25 03:00:00 0.00 0.76 0.26
1818/06/25 06:00:00 0.00 0.76 0.26
1818/06/25 09:00:00 0.00 0.76 0.26
1818/06/25 10:00:00 0.00 0.76 0.26
1818/06/25 14:00:00 0.00 0.76 0.26
1818/06/25 18:00:00 0.00 0.76 0.26
1818/06/25 20:00:00 0.00 0.76 0.26
1818/06/25 22:00:00 0.00 0.76 0.26
1818/06/26 02:00:00 0.00 0.74 0.25
1818/06/26 04:00:00 0.00 0.74 0.25
1818/06/26 06:00:00 0.00 0.74 0.25
1818/06/26 10:00:00 0.00 0.74 0.25
1818/06/26 14:00:00 0.00 0.74 0.25
1818/06/26 18:00:00 0.00 0.74 0.25
1818/06/26 22:00:00 0.00 0.74 0.25
1818/06/27 02:00:00 0.00 0.73 0.24
1818/06/27 06:00:00 0.00 0.73 0.24
1818/06/27 08:00:00 0.00 0.73 0.24
1818/06/27 10:00:00 0.00 0.73 0.24
1818/06/27 14:00:00 0.00 0.90 0.45
1818/06/27 18:00:00 0.00 0.90 0.45
1818/06/27 20:00:00 0.00 0.90 0.45
1818/06/27 22:00:00 0.00 0.90 0.45
1818/06/28 02:00:00 0.00 0.89 0.44
1818/06/28 04:00:00 0.00 0.89 0.44
1818/06/28 06:00:00 0.00 0.89 0.44
1818/06/28 10:00:00 0.00 0.89 0.44
1818/06/28 11:00:00 0.00 0.89 0.44
1818/06/28 14:00:00 0.00 0.89 0.44
1818/06/28 17:00:00 0.00 0.89 0.44
1818/06/28 18:00:00 0.00 0.89 0.44
1818/06/28 22:00:00 0.00 0.89 0.44
1818/06/29 02:00:00 0.00 0.88 0.43
1818/06/29 06:00:00 0.00 0.88 0.43
1818/06/29 08:00:00 0.00 0.88 0.43
1818/06/29 10:00:00 0.00 0.88 0.43
1818/06/29 14:00:00 0.00 0.88 0.43
1818/06/29 18:00:00 0.00 0.88 0.43
1818/06/29 20:00:00 0.00 0.88 0.43
1818/06/29 22:00:00 0.00 0.88 0.43
1818/06/30 02:00:00 0.00 0.87 0.42
1818/06/30 06:00:00 0.00 0.40 0.09
1818/06/30 10:00:00 0.00 0.40 0.09
1818/06/30 11:00:00 0.00 0.40 0.09
1818/06/30 14:00:00 0.00 0.40 0.09
1818/06/30 15:00:00 0.00 0.40 0.09
1818/06/30 18:00:00 0.00 0.40 0.09
1818/06/30 21:00:00 0.00 0.40 0.09
1818/06/30 22:00:00 0.00 0.40 0.09
1818/07/01 01:00:00 0.00 0.36 0.08
1818/07/01 02:00:00 0.00 0.36 0.08
1818/07/01 03:00:00 0.00 0.36 0.08
1818/07/01 05:00:00 0.00 0.36 0.08
1818/07/01 06:00:00 0.00 0.36 0.08
1818/07/01 07:00:00 0.00 0.36 0.08
1818/07/01 10:00:00 0.00 0.36 0.08
1818/07/01 14:00:00 0.00 0.36 0.08
1818/07/01 15:00:00 0.00 0.36 0.08
1818/07/01 18:00:00 0.00 0.36 0.08
1818/07/01 19:00:00 0.00 0.36 0.08
1818/07/01 22:00:00 0.00 0.36 0.08
1818/07/02 00:00:00 0.00 0.33 0.07
1818/07/02 02:00:00 0.00 0.33 0.07
1818/07/02 03:00:00 0.00 0.33 0.07
1818/07/02 06:00:00 0.00 0.33 0.07
1818/07/02 10:00:00 0.00 0.33 0.07
1818/07/02 13:00:00 0.00 0.33 0.07
1818/07/02 14:00:00 0.00 0.33 0.07
1818/07/02 15:00:00 0.00 0.33 0.07
1818/07/02 18:00:00 0.00 0.33 0.07
1818/07/02 22:00:00 0.00 0.33 0.07
1818/07/03 02:00:00 0.00 0.29 0.06
1818/07/03 03:00:00 0.00 0.29 0.06
1818/07/03 06:00:00 0.00 0.29 0.06
1818/07/03 10:00:00 0.00 0.29 0.06
1818/07/03 14:00:00 0.00 0.20 0.04
1818/07/03 15:00:00 0.00 0.20 0.04
1818/07/03 18:00:00 0.00 0.20 0.04
1818/07/03 19:00:00 0.00 0.20 0.04
1818/07/03 22:00:00 0.00 0.20 0.04
1818/07/04 03:00:00 0.00 0.36 0.06
1818/07/04 06:00:00 0.00 0.36 0.06
1818/07/04 07:00:00 0.00 0.36 0.06
1818/07/04 10:00:00 0.00 0.36 0.06
1818/07/04 11:00:00 0.00 0.36 0.06
1818/07/04 14:00:00 0.00 0.36 0.06
1818/07/04 18:00:00 0.00 0.36 0.06
1818/07/04 19:00:00 0.00 0.36 0.06
1818/07/04 22:00:00 0.00 0.36 0.06
1818/07/05 02:00:00 0.00 0.34 0.06
1818/07/05 03:00:00 0.00 0.34 0.06
1818/07/05 06:00:00 0.00 0.38 0.12
1818/07/05 07:00:00 0.00 0.38 0.12
1818/07/05 10:00:00 0.00 0.38 0.12
1818/07/05 14:00:00 0.00 0.38 0.12
1818/07/05 15:00:00 0.00 0.38 0.12
1818/07/05 18:00:00 0.00 0.38 0.12
1818/07/05 20:00:00 0.00 0.38 0.12
1818/07/05 22:00:00 0.00 0.38 0.12
1818/07/06 02:00:00 0.00 0.36 0.10
1818/07/06 03:00:00 0.00 0.36 0.10
1818/07/06 06:00:00 0.00 0.36 0.10
1818/07/06 07:00:00 0.00 0.36 0.10
1818/07/06 10:00:00 0.00 0.36 0.10
1818/07/06 14:00:00 0.00 0.36 0.10
1818/07/06 15:00:00 0.00 0.36 0.10
1818/07/06 18:00:00 0.00 0.36 0.10
1818/07/06 22:00:00 0.00 0.36 0.10
1818/07/07 02:00:00 0.00 0.38 0.10
1818/07/07 03:00:00 0.00 0.38 0.10
1818/07/07 06:00:00 0.00 0.38 0.10
1818/07/07 09:00:00 0.00 0.38 0.10
1818/07/07 10:00:00 0.00 0.38 0.10
1818/07/07 14:00:00 0.00 0.73 0.31
1818/07/07 15:00:00 0.00 0.73 0.31
1818/07/07 18:00:00 0.00 0.73 0.31
1818/07/07 20:00:00 0.00 0.73 0.31
1818/07/07 22:00:00 0.00 0.73 0.31
1818/07/08 00:00:00 0.00 0.72 0.29
1818/07/08 02:00:00 0.00 0.72 0.29
1818/07/08 03:00:00 0.00 0.72 0.29
1818/07/08 06:00:00 0.00 0.72 0.29
1818/07/08 10:00:00 0.00 0.72 0.29
1818/07/08 14:00:00 0.00 0.72 0.29
1818/07/08 15:00:00 0.00 0.72 0.29
1818/07/08 18:00:00 0.00 0.72 0.29
1818/07/08 20:00:00 0.00 0.72 0.29
1818/07/08 22:00:00 0.00 0.72 0.29
1818/07/09 00:00:00 0.00 0.72 0.28
1818/07/09 01:00:00 0.00 0.72 0.28
1818/07/09 02:00:00 0.00 0.72 0.28
1818/07/09 03:00:00 0.00 0.72 0.28
1818/07/09 06:00:00 0.00 0.72 0.28
1818/07/09 10:00:00 0.00 0.72 0.28
1818/07/09 13:00:00 0.00 0.66 0.30
1818/07/09 14:00:00 0.00 0.66 0.30
1818/07/09 15:00:00 0.00 0.72 0.28
1818/07/09 18:00:00 0.00 0.72 0.28
1818/07/09 20:00:00 0.00 0.72 0.28
1818/07/09 22:00:00 0.00 0.72 0.28
1818/07/10 02:00:00 0.00 0.71 0.26
1818/07/10 03:00:00 0.00 0.71 0.26
1818/07/10 05:00:00 0.00 0.71 0.26
1818/07/10 06:00:00 0.00 0.71 0.26
1818/07/10 07:00:00 0.00 0.71 0.26
1818/07/10 10:00:00 0.00 0.71 0.26
1818/07/10 12:00:00 0.00 0.71 0.26
1818/07/10 14:00:00 0.00 0.32 0.05
1818/07/10 15:00:00 0.00 0.32 0.05
1818/07/10 17:00:00 0.00 0.32 0.05
1818/07/10 18:00:00 0.00 0.32 0.05
1818/07/10 19:00:00 0.00 0.32 0.05
1818/07/10 20:00:00 0.00 0.32 0.05
1818/07/10 22:00:00 0.00 0.32 0.05
1818/07/11 00:00:00 0.00 0.30 0.04
1818/07/11 02:00:00 0.00 0.30 0.04
1818/07/11 03:00:00 0.00 0.30 0.04
1818/07/11 06:00:00 0.00 0.30 0.04
1818/07/11 10:00:00 0.00 0.30 0.04
1818/07/11 14:00:00 0.00 0.30 0.04
1818/07/11 17:00:00 0.00 0.30 0.04
1818/07/11 18:00:00 0.00 0.30 0.04
1818/07/11 22:00:00 0.00 0.30 0.04
1818/07/12 00:00:00 0.00 0.28 0.03
1818/07/12 02:00:00 0.00 0.28 0.03
1818/07/12 03:00:00 0.00 0.28 0.03
1818/07/12 06:00:00 0.00 0.28 0.03
1818/07/12 08:00:00 0.00 0.28 0.03
1818/07/12 10:00:00 0.00 0.28 0.03
1818/07/12 11:00:00 0.00 0.28 0.03
1818/07/12 14:00:00 0.00 0.28 0.03
1818/07/12 15:00:00 0.00 0.28 0.03
1818/07/12 18:00:00 0.00 0.28 0.03
1818/07/12 19:00:00 0.00 0.28 0.03
1818/07/12 21:00:00 0.00 0.26 0.02
1818/07/12 22:00:00 0.00 0.26 0.02
1818/07/13 00:00:00 0.00 0.24 0.02
1818/07/13 02:00:00 0.00 0.24 0.02
1818/07/13 03:00:00 0.00 0.24 0.02
1818/07/13 04:00:00 0.00 0.24 0.02
1818/07/13 05:00:00 0.00 0.24 0.02
1818/07/13 06:00:00 0.00 0.24 0.02
1818/07/13 10:00:00 0.00 0.24 0.02
1818/07/13 14:00:00 0.00 0.24 0.02
1818/07/13 15:00:00 0.00 0.24 0.02
1818/07/13 18:00:00 0.00 0.24 0.02
1818/07/13 22:00:00 0.00 0.24 0.02
1818/07/13 23:00:00 0.00 0.24 0.02
1818/07/14 02:00:00 0.00 0.23 0.02
1818/07/14 03:00:00 0.00 0.23 0.02
1818/07/14 04:00:00 0.00 0.23 0.02
1818/07/14 06:00:00 0.00 0.23 0.02
1818/07/14 10:00:00 0.00 0.25 0.02
1818/07/14 14:00:00   NA   NA  NA
1818/07/14 15:00:00 0.00 0.25 0.02
1818/07/14 18:00:00 0.00 0.25 0.02
1818/07/14 22:00:00 0.00 0.25 0.02
1818/07/15 02:00:00 0.00 0.23 0.02
1818/07/15 03:00:00 0.00 0.23 0.02
1818/07/15 06:00:00 0.00 0.23 0.02
1818/07/15 10:00:00 0.00 0.23 0.02
1818/07/15 14:00:00 0.00 0.23 0.02
1818/07/15 15:00:00 0.00 0.23 0.02
1818/07/15 18:00:00 0.00 0.23 0.02
1818/07/15 22:00:00 0.00 0.64 0.19
1818/07/16 02:00:00 0.00 0.62 0.18
1818/07/16 03:00:00 0.00 0.62 0.18
1818/07/16 04:00:00 0.00 0.62 0.18
1818/07/16 06:00:00 0.00 0.62 0.18
1818/07/16 10:00:00 0.00 0.62 0.18
1818/07/16 14:00:00 0.00 0.62 0.18
1818/07/16 15:00:00 0.00 0.62 0.18
1818/07/16 16:00:00 0.00 0.62 0.18
1818/07/16 18:00:00 0.00 0.62 0.18
1818/07/16 22:00:00 0.00 0.62 0.18
1818/07/17 00:00:00 0.00 0.60 0.17
1818/07/17 02:00:00 0.00 0.60 0.17
1818/07/17 03:00:00 0.00 0.60 0.17
1818/07/17 06:00:00 0.00 0.60 0.17
1818/07/17 10:00:00 0.00 0.60 0.17
1818/07/17 14:00:00 0.00 0.60 0.17
1818/07/17 16:00:00 0.00 0.60 0.17
1818/07/17 18:00:00 0.00 0.60 0.17
1818/07/17 20:00:00 0.00 0.60 0.17
1818/07/17 22:00:00 0.00 0.60 0.17
1818/07/18 02:00:00 0.00 0.58 0.17
1818/07/18 03:00:00 0.00 0.58 0.17
1818/07/18 06:00:00 0.00 0.58 0.17
1818/07/18 08:00:00 0.00 0.56 0.17
1818/07/18 10:00:00 0.00 0.56 0.17
1818/07/18 11:00:00 0.00 0.56 0.17
1818/07/18 14:00:00 0.00 0.56 0.17
1818/07/18 16:00:00 0.00 0.56 0.17
1818/07/18 18:00:00 0.00 0.56 0.17
1818/07/18 20:00:00 0.00 0.56 0.17
1818/07/18 22:00:00 0.00 0.56 0.17
1818/07/19 00:00:00 0.00 0.55 0.16
1818/07/19 02:00:00 0.00 0.55 0.16
1818/07/19 03:00:00 0.00 0.55 0.16
1818/07/19 06:00:00 0.00 0.55 0.16
1818/07/19 09:00:00 0.00 0.55 0.16
1818/07/19 10:00:00 0.00 0.55 0.16
1818/07/19 12:00:00 0.00 0.55 0.16
1818/07/19 14:00:00 0.00 0.55 0.16
1818/07/19 16:00:00 0.00 0.55 0.16
1818/07/19 18:00:00 0.00 0.55 0.16
1818/07/19 19:00:00 0.00 0.55 0.16
1818/07/19 22:00:00 0.00 0.55 0.16
1818/07/20 00:00:00 0.00 0.54 0.15
1818/07/20 02:00:00 0.00 0.54 0.15
1818/07/20 06:00:00 0.00 0.54 0.15
1818/07/20 10:00:00 0.00 0.54 0.15
1818/07/20 13:00:00 0.00 0.54 0.15
1818/07/20 14:00:00   NA   NA  NA
1818/07/20 15:00:00 0.00 0.54 0.15
1818/07/20 18:00:00 0.00 0.54 0.15
1818/07/20 22:00:00 0.00 0.54 0.15
1818/07/21 02:00:00 0.00 0.53 0.14
1818/07/21 03:00:00 0.00 0.53 0.14
1818/07/21 06:00:00 0.00 0.53 0.14
1818/07/21 08:00:00 0.00 0.53 0.14
1818/07/21 10:00:00 0.00 0.53 0.14
1818/07/21 11:00:00 0.00 0.53 0.14
1818/07/21 14:00:00 0.00 0.88 0.23
1818/07/21 15:00:00 0.00 0.53 0.14
1818/07/21 18:00:00 0.00 0.53 0.14
1818/07/21 21:00:00 0.00 0.53 0.14
1818/07/21 22:00:00 0.00 0.53 0.14
1818/07/22 02:00:00 0.00 0.53 0.13
1818/07/22 04:00:00 0.00 0.53 0.13
1818/07/22 06:00:00 0.00 0.53 0.13
1818/07/22 10:00:00 0.00 0.53 0.13
1818/07/22 14:00:00 0.00 0.53 0.13
1818/07/22 15:00:00 0.00 0.53 0.13
1818/07/22 18:00:00 0.00 0.53 0.13
1818/07/22 20:00:00 0.00 0.53 0.13
1818/07/22 22:00:00 0.00 0.53 0.13
1818/07/23 02:00:00 0.00 0.52 0.12
1818/07/23 05:00:00 0.00 0.52 0.12
1818/07/23 06:00:00 0.00 0.52 0.12
1818/07/23 07:00:00 0.00 0.86 0.35
1818/07/23 10:00:00 0.00 0.86 0.35
1818/07/23 14:00:00 0.00 0.89 0.42
1818/07/23 18:00:00 0.00 0.89 0.42
1818/07/23 19:00:00 0.00 0.89 0.42
1818/07/23 22:00:00 0.00 0.89 0.42
1818/07/24 02:00:00 0.00 0.89 0.40
1818/07/24 03:00:00 0.00 0.89 0.40
1818/07/24 06:00:00 0.00 0.89 0.40
1818/07/24 09:00:00 0.00 0.89 0.40
1818/07/24 10:00:00 0.00 0.89 0.40
1818/07/24 14:00:00 0.00 0.89 0.40
1818/07/24 15:00:00 0.00 0.89 0.40
1818/07/24 17:00:00 0.00 0.89 0.40
1818/07/24 18:00:00 0.00 0.89 0.40
1818/07/24 20:00:00 0.00 0.89 0.40
1818/07/24 22:00:00 0.00 0.89 0.40
1818/07/25 02:00:00 0.00 0.88 0.39
1818/07/25 03:00:00 0.00 0.88 0.39
1818/07/25 06:00:00 0.00 0.88 0.39
1818/07/25 10:00:00 0.00 0.88 0.39
1818/07/25 12:00:00 0.00 0.88 0.39
1818/07/25 14:00:00 0.00 0.88 0.39
1818/07/25 15:00:00 0.00 0.88 0.39
1818/07/25 18:00:00 0.00 0.88 0.39
1818/07/25 22:00:00 0.00 0.88 0.39
1818/07/26 02:00:00 0.00 0.87 0.37
1818/07/26 03:00:00 0.00 0.87 0.37
1818/07/26 06:00:00 0.00 0.87 0.37
1818/07/26 08:00:00 0.00 0.87 0.37
1818/07/26 10:00:00 0.00 0.87 0.37
1818/07/26 12:00:00 0.00 0.87 0.37
1818/07/26 14:00:00 0.00 0.87 0.37
1818/07/26 18:00:00 0.00 0.87 0.37
1818/07/26 22:00:00 0.00 0.87 0.37
1818/07/26 23:00:00 0.00 0.87 0.37
1818/07/27 02:00:00 0.00 0.87 0.35
1818/07/27 03:00:00 0.00 0.87 0.35
1818/07/27 06:00:00 0.00 0.87 0.35
1818/07/27 09:00:00 0.00 0.87 0.35
1818/07/27 10:00:00 0.00 0.87 0.35
1818/07/27 14:00:00 0.00 0.87 0.35
1818/07/27 18:00:00 0.00 0.87 0.35
1818/07/27 21:00:00 0.00 0.87 0.35
1818/07/27 22:00:00 0.00 0.87 0.35
1818/07/28 02:00:00 0.00 0.86 0.33
1818/07/28 03:00:00 0.00 0.86 0.33
1818/07/28 06:00:00 0.00 0.86 0.33
1818/07/28 10:00:00 0.00 0.86 0.33
1818/07/28 12:00:00 0.00 0.86 0.33
1818/07/28 14:00:00 0.00 0.86 0.33
1818/07/28 15:00:00 0.00 0.86 0.33
1818/07/28 18:00:00 0.00 0.86 0.33
1818/07/28 22:00:00 0.00 0.86 0.33
1818/07/29 02:00:00 0.00 0.86 0.31
1818/07/29 03:00:00 0.00 0.86 0.31
1818/07/29 05:00:00 0.00 0.86 0.31
1818/07/29 06:00:00 0.00 0.86 0.31
1818/07/29 08:00:00 0.00 0.86 0.31
1818/07/29 10:00:00 0.00 0.86 0.31
1818/07/29 14:00:00 0.00 0.86 0.31
1818/07/29 16:00:00 0.00 0.86 0.31
1818/07/29 18:00:00 0.00 0.86 0.31
1818/07/29 21:00:00 0.00 0.86 0.31
1818/07/29 22:00:00 0.00 0.86 0.31
1818/07/30 00:00:00 0.00 0.85 0.29
1818/07/30 02:00:00 0.00 0.85 0.29
1818/07/30 03:00:00 0.00 0.85 0.29
1818/07/30 05:00:00 0.00 0.85 0.29
1818/07/30 06:00:00 0.00 0.85 0.29
1818/07/30 08:00:00 0.00 0.85 0.29
1818/07/30 10:00:00 0.00 0.85 0.29
1818/07/30 14:00:00 0.00 0.89 0.29
1818/07/30 17:00:00 0.00 0.89 0.29
1818/07/30 18:00:00 0.00 0.89 0.29
1818/07/30 19:00:00 0.00 0.89 0.29
1818/07/30 22:00:00 0.00 0.89 0.29
1818/07/31 02:00:00 0.00 0.88 0.28
1818/07/31 06:00:00 0.00 0.88 0.28
1818/07/31 09:00:00 0.00 0.88 0.28
1818/07/31 10:00:00 0.00 0.88 0.28
1818/07/31 14:00:00 0.00 0.88 0.28
1818/07/31 18:00:00 0.00 0.88 0.28
1818/07/31 19:00:00 0.00 0.88 0.28
1818/07/31 22:00:00 0.00 0.88 0.28
1818/07/31 23:00:00 0.00 0.88 0.28
1818/08/01 02:00:00 0.00 0.88 0.26
1818/08/01 03:00:00 0.00 0.88 0.26
1818/08/01 05:00:00 0.00 0.88 0.26
1818/08/01 06:00:00 0.00 0.88 0.26
1818/08/01 10:00:00 0.00 0.88 0.26
1818/08/01 14:00:00 0.00 0.88 0.26
1818/08/01 18:00:00 0.00 0.88 0.26
1818/08/01 20:00:00 0.00 0.88 0.26
1818/08/01 22:00:00 0.00 0.88 0.26
1818/08/02 01:00:00 0.00 0.90 0.23
1818/08/02 02:00:00 0.00 0.90 0.23
1818/08/02 03:00:00 0.00 0.90 0.23
1818/08/02 06:00:00 0.00 0.90 0.23
1818/08/02 08:00:00 0.00 0.90 0.23
1818/08/02 10:00:00 0.00 0.90 0.23
1818/08/02 13:00:00 0.00 0.90 0.23
1818/08/02 14:00:00 0.00 0.90 0.23
1818/08/02 15:00:00 0.00 0.90 0.23
1818/08/02 18:00:00 0.00 0.90 0.23
1818/08/02 22:00:00 0.00 0.90 0.23
1818/08/03 01:00:00 0.00 0.90 0.21
1818/08/03 02:00:00 0.00 0.90 0.21
1818/08/03 04:00:00 0.00 0.90 0.21
1818/08/03 06:00:00 0.00 0.90 0.21
1818/08/03 08:00:00 0.00 0.90 0.21
1818/08/03 09:00:00 0.00 0.90 0.21
1818/08/03 10:00:00 0.00 0.90 0.21
1818/08/03 14:00:00 0.00 0.90 0.21
1818/08/03 15:00:00 0.00 0.88 0.20
1818/08/03 18:00:00 0.00 0.88 0.20
1818/08/03 20:00:00 0.00 0.88 0.20
1818/08/03 21:00:00 0.00 0.88 0.20
1818/08/03 22:00:00 0.00 0.88 0.20
1818/08/04 02:00:00 0.00 0.89 0.18
1818/08/04 05:00:00 0.00 0.86 0.16
1818/08/04 06:00:00 0.00 0.86 0.16
1818/08/04 10:00:00 0.00 0.86 0.16
1818/08/04 14:00:00 0.00 0.86 0.16
1818/08/04 16:00:00 0.00 0.86 0.16
1818/08/04 18:00:00 0.00 0.86 0.16
1818/08/04 19:00:00 0.00 0.86 0.16
1818/08/04 22:00:00 0.00 0.86 0.16
1818/08/05 02:00:00 0.00 0.87 0.15
1818/08/05 04:00:00 0.00 0.87 0.15
1818/08/05 06:00:00 0.00 0.87 0.15
1818/08/05 08:00:00 0.00 0.87 0.15
1818/08/05 10:00:00 0.00 0.87 0.15
1818/08/05 14:00:00 0.00 0.87 0.15
1818/08/05 15:00:00 0.00 0.87 0.15
1818/08/05 18:00:00 0.00 0.87 0.15
1818/08/05 20:00:00 0.00 0.87 0.15
1818/08/05 22:00:00 0.00 0.87 0.15
1818/08/06 01:00:00 0.00 0.87 0.14
1818/08/06 02:00:00 0.00 0.87 0.14
1818/08/06 04:00:00 0.00 0.87 0.14
1818/08/06 06:00:00 0.00 0.87 0.14
1818/08/06 10:00:00 0.00 0.87 0.14
1818/08/06 13:00:00 0.00 0.87 0.14
1818/08/06 14:00:00 0.00 0.87 0.14
1818/08/06 15:00:00 0.00 0.87 0.14
1818/08/06 18:00:00 0.00 0.87 0.14
1818/08/06 22:00:00 0.00 0.83 0.12
1818/08/07 02:00:00 0.00 0.83 0.11
1818/08/07 05:00:00 0.00 0.83 0.11
1818/08/07 06:00:00 0.00 0.83 0.11
1818/08/07 10:00:00 0.00 0.83 0.11
1818/08/07 14:00:00 0.00 0.83 0.11
1818/08/07 15:00:00 0.00 0.83 0.11
1818/08/07 18:00:00 0.00 0.83 0.11
1818/08/07 22:00:00 0.00 0.83 0.11
1818/08/08 02:00:00 0.00 0.83 0.10
1818/08/08 03:00:00 0.00 0.83 0.10
1818/08/08 06:00:00 0.00 0.83 0.10
1818/08/08 08:00:00 0.00 0.83 0.10
1818/08/08 10:00:00 0.00 0.83 0.10
1818/08/08 14:00:00 0.00 0.83 0.10
1818/08/08 15:00:00 0.00 0.83 0.10
1818/08/08 18:00:00 0.00 0.83 0.10
1818/08/08 19:00:00 0.00 0.83 0.10
1818/08/08 21:00:00 0.00 0.83 0.10
1818/08/08 22:00:00 0.00 0.83 0.10
1818/08/08 23:00:00 0.00 0.83 0.10
1818/08/09 02:00:00 0.00 0.84 0.09
1818/08/09 06:00:00 0.00 0.84 0.09
1818/08/09 07:00:00 0.00 0.84 0.09
1818/08/09 10:00:00 0.00 0.84 0.09
1818/08/09 11:00:00 0.00 0.84 0.09
1818/08/09 13:00:00 0.00 0.84 0.09
1818/08/09 14:00:00 0.00 0.84 0.09
1818/08/09 17:00:00 0.00 0.84 0.09
1818/08/09 18:00:00 0.00 0.84 0.09
1818/08/09 20:00:00 0.00 0.84 0.09
1818/08/09 22:00:00 0.00 0.84 0.09
1818/08/10 00:00:00 0.00 0.84 0.08
1818/08/10 02:00:00 0.00 0.84 0.08
1818/08/10 05:00:00 0.00 0.84 0.08
1818/08/10 06:00:00 0.00 0.84 0.08
1818/08/10 10:00:00 0.00 0.84 0.08
1818/08/10 14:00:00 0.00 0.84 0.08
1818/08/10 18:00:00 0.00 0.84 0.08
1818/08/10 22:00:00 0.00 0.84 0.08
1818/08/11 02:00:00 0.00 0.84 0.07
1818/08/11 05:00:00 0.00 0.84 0.07
1818/08/11 06:00:00 0.00 0.84 0.07
1818/08/11 08:00:00 0.00 0.84 0.07
1818/08/11 10:00:00 0.00 0.84 0.07
1818/08/11 14:00:00 0.00 0.84 0.07
1818/08/11 18:00:00 0.00 0.84 0.07
1818/08/11 20:00:00 0.00 0.84 0.07
1818/08/11 22:00:00 0.00 0.84 0.07
1818/08/12 02:00:00 0.00 0.84 0.06
1818/08/12 06:00:00 0.00 0.84 0.06
1818/08/12 10:00:00 0.00 0.84 0.06
1818/08/12 12:00:00 0.00 0.84 0.06
1818/08/12 14:00:00 0.00 0.84 0.06
1818/08/12 17:00:00 0.00 0.84 0.06
1818/08/12 18:00:00 0.00 0.84 0.06
1818/08/12 20:00:00 0.00 0.84 0.06
1818/08/12 22:00:00 0.00 0.84 0.06
1818/08/13 00:00:00 0.00 0.84 0.06
1818/08/13 02:00:00 0.00 0.84 0.06
1818/08/13 04:00:00 0.00 0.84 0.06
1818/08/13 06:00:00 0.00 0.84 0.06
1818/08/13 07:00:00 0.00 0.84 0.06
1818/08/13 10:00:00 0.00 0.84 0.06
1818/08/13 14:00:00 0.00 0.84 0.06
1818/08/13 18:00:00 0.00 0.84 0.06
1818/08/13 22:00:00 0.00 0.84 0.06
1818/08/14 02:00:00 0.00 0.84 0.06
1818/08/14 04:00:00 0.00 0.84 0.06
1818/08/14 06:00:00 0.00 0.84 0.06
1818/08/14 10:00:00 0.00 0.84 0.06
1818/08/14 13:00:00 0.00 0.84 0.06
1818/08/14 14:00:00 0.00 0.84 0.06
1818/08/14 16:00:00 0.00 0.84 0.06
1818/08/14 18:00:00 0.00 0.84 0.06
1818/08/14 21:00:00 0.00 0.84 0.06
1818/08/14 22:00:00 0.00 0.84 0.06
1818/08/15 01:00:00 0.00 0.84 0.06
1818/08/15 02:00:00 0.00 0.84 0.06
1818/08/15 04:00:00 0.00 0.84 0.06
1818/08/15 06:00:00 0.00 0.84 0.06
1818/08/15 10:00:00 0.00 0.84 0.06
1818/08/15 12:00:00 0.00 0.84 0.06
1818/08/15 14:00:00 0.00 0.84 0.06
1818/08/15 18:00:00 0.00 0.84 0.06
1818/08/15 20:00:00 0.00 0.76 0.04
1818/08/15 22:00:00 0.00 0.76 0.04
1818/08/16 02:00:00 0.00 0.76 0.04
1818/08/16 03:00:00 0.00 0.76 0.04
1818/08/16 06:00:00 0.00 0.76 0.04
1818/08/16 07:00:00 0.00 0.76 0.04
1818/08/16 10:00:00 0.00 0.76 0.04
1818/08/16 14:00:00 0.00 0.76 0.04
1818/08/16 18:00:00 0.00 0.76 0.04
1818/08/16 20:00:00 0.00 0.76 0.04
1818/08/16 22:00:00 0.00 0.76 0.04
1818/08/17 02:00:00 0.00 0.76 0.05
1818/08/17 05:00:00 0.00 0.76 0.05
1818/08/17 06:00:00 0.00 0.76 0.05
1818/08/17 10:00:00 0.00 0.62 0.04
1818/08/17 14:00:00 0.00 0.62 0.04
1818/08/17 15:00:00 0.00 0.62 0.04
1818/08/17 18:00:00 0.00 0.62 0.04
1818/08/17 22:00:00 0.00 0.36 0.09
1818/08/18 01:00:00 0.00 0.35 0.09
1818/08/18 02:00:00 0.00 0.35 0.09
1818/08/18 03:00:00 0.00 0.35 0.09
1818/08/18 06:00:00 0.00 0.35 0.09
1818/08/18 10:00:00 0.00 0.35 0.09
1818/08/18 14:00:00 0.00 0.35 0.09
1818/08/18 18:00:00 0.00 0.36 0.03
1818/08/18 22:00:00 0.00 0.44 0.03
1818/08/19 02:00:00 0.00 0.43 0.03
1818/08/19 03:00:00 0.00 0.43 0.03
1818/08/19 06:00:00 0.00 0.32 0.02
1818/08/19 10:00:00 0.00 0.32 0.02
1818/08/19 14:00:00 0.00 0.23 0.02
1818/08/19 18:00:00 0.00 0.23 0.02
1818/08/19 22:00:00 0.00 0.14 0.01
1818/08/20 02:00:00 0.00 0.12 0.01
1818/08/20 03:00:00 0.00 0.12 0.01
1818/08/20 05:00:00 0.00 0.12 0.01
1818/08/20 06:00:00 0.00 0.12 0.01
1818/08/20 10:00:00 0.00 0.04 0.00
1818/08/20 14:00:00 0.00 0.04 0.00
1818/08/20 15:00:00 0.00 0.04 0.00
1818/08/20 18:00:00 0.00 0.04 0.00
1818/08/20 22:00:00 0.00 0.04 0.00
1818/08/21 00:00:00 0.00 0.04 0.00
1818/08/21 02:00:00 0.00 0.04 0.00
1818/08/21 03:00:00 0.00 0.04 0.00
1818/08/21 06:00:00 0.00 0.04 0.00
1818/08/21 10:00:00 0.00 0.04 0.00
1818/08/21 12:00:00 0.00 0.04 0.00
1818/08/21 14:00:00 0.00 0.04 0.00
1818/08/21 17:00:00 0.00 0.11 0.01
1818/08/21 18:00:00 0.00 0.11 0.01
1818/08/21 22:00:00 0.00 0.11 0.01
1818/08/22 02:00:00 0.00 0.09 0.01
1818/08/22 06:00:00 0.00 0.09 0.01
1818/08/22 10:00:00 0.00 0.09 0.01
1818/08/22 14:00:00 0.00 0.19 0.02
1818/08/22 15:00:00 0.00 0.19 0.02
1818/08/22 18:00:00 0.00 0.19 0.02
1818/08/22 20:00:00 0.00 0.19 0.02
1818/08/22 22:00:00 0.00 0.19 0.02
1818/08/23 00:00:00 0.00 0.17 0.02
1818/08/23 02:00:00 0.00 0.17 0.02
1818/08/23 03:00:00 0.00 0.17 0.02
1818/08/23 05:00:00 0.00 0.17 0.02
1818/08/23 06:00:00 0.00 0.17 0.02
1818/08/23 08:00:00 0.00 0.17 0.02
1818/08/23 10:00:00 0.00 0.17 0.02
1818/08/23 14:00:00 0.00 0.17 0.02
1818/08/23 18:00:00 0.00 0.17 0.02
1818/08/23 22:00:00 0.00 0.17 0.02
1818/08/24 02:00:00 0.00 0.16 0.02
1818/08/24 05:00:00 0.00 0.16 0.02
1818/08/24 06:00:00 0.00 0.16 0.02
1818/08/24 10:00:00 0.00 0.27 0.04
1818/08/24 14:00:00 0.00 0.27 0.04
1818/08/24 16:00:00 0.00 0.27 0.04
1818/08/24 18:00:00 0.00 0.27 0.04
1818/08/24 22:00:00 0.00 0.27 0.04
1818/08/25 02:00:00 0.00 0.27 0.04
1818/08/25 03:00:00 0.00 0.27 0.04
1818/08/25 06:00:00 0.00 0.27 0.04
1818/08/25 08:00:00 0.00 0.27 0.04
1818/08/25 10:00:00 0.00 0.27 0.04
1818/08/25 13:00:00 0.00 0.27 0.04
1818/08/25 14:00:00 0.00 0.27 0.04
1818/08/25 18:00:00 0.00 0.27 0.04
1818/08/25 19:00:00 0.00 0.27 0.04
1818/08/25 22:00:00 0.00 0.27 0.04
1818/08/26 02:00:00 0.00 0.27 0.04
1818/08/26 04:00:00 0.00 0.27 0.04
1818/08/26 06:00:00 0.00 0.27 0.04
1818/08/26 10:00:00 0.00 0.27 0.04
1818/08/26 14:00:00 0.00 0.27 0.04
1818/08/26 15:00:00 0.00 0.27 0.04
1818/08/26 18:00:00 0.00 0.27 0.04
1818/08/26 20:00:00 0.00 0.27 0.06
1818/08/26 22:00:00 0.00 0.27 0.06
1818/08/27 02:00:00 0.00 0.26 0.06
1818/08/27 03:00:00 0.00 0.26 0.06
1818/08/27 05:00:00 0.00 0.26 0.06
1818/08/27 06:00:00 0.00 0.26 0.06
1818/08/27 10:00:00 0.00 0.02 0.00
1818/08/27 13:00:00 0.00 0.02 0.00
1818/08/27 14:00:00 0.00 0.02 0.00
1818/08/27 15:00:00 0.00 0.02 0.00
1818/08/27 18:00:00 0.00 0.02 0.00
1818/08/27 21:00:00 0.00 0.02 0.00
1818/08/27 22:00:00 0.00 0.02 0.00
1818/08/28 02:00:00 0.00 0.02 0.00
1818/08/28 03:00:00 0.00 0.02 0.00
1818/08/28 06:00:00 0.00 0.02 0.00
1818/08/28 10:00:00 0.00 0.02 0.00
1818/08/28 14:00:00 0.00 0.02 0.00
1818/08/28 18:00:00 0.00 0.02 0.00
1818/08/28 22:00:00 0.00 0.02 0.00
1818/08/29 02:00:00 0.00 0.03 0.00
1818/08/29 03:00:00 0.00 0.03 0.00
1818/08/29 06:00:00 0.00 0.03 0.00
1818/08/29 10:00:00 0.00 0.03 0.00
1818/08/29 14:00:00 0.00 0.08 0.02
1818/08/29 15:00:00 0.00 0.08 0.02
1818/08/29 18:00:00 0.00 0.08 0.02
1818/08/29 22:00:00 0.00 0.08 0.01
1818/08/30 02:00:00 0.00 0.08 0.01
1818/08/30 06:00:00 0.00 0.08 0.01
1818/08/30 09:00:00 0.00 0.08 0.01
1818/08/30 10:00:00 0.00 0.08 0.01
1818/08/30 14:00:00 0.00 0.08 0.01
1818/08/30 18:00:00 0.00 0.08 0.01
1818/08/30 22:00:00 0.00 0.08 0.01
1818/08/31 02:00:00 0.00 0.09 0.01
1818/08/31 03:00:00 0.00 0.09 0.01
1818/08/31 06:00:00 0.00 0.09 0.01
1818/08/31 07:00:00 0.00 0.09 0.01
1818/08/31 10:00:00 0.00 0.09 0.01
1818/08/31 11:00:00 0.00 0.09 0.01
1818/08/31 14:00:00   NA   NA  NA
1818/08/31 18:00:00 0.00 0.09 0.01
1818/08/31 19:00:00 0.00 0.09 0.01
1818/08/31 21:00:00 0.00 0.09 0.01
1818/08/31 22:00:00 0.00 0.40 0.03
1818/09/01 00:00:00 0.00 0.40 0.03
1818/09/01 02:00:00 0.00 0.40 0.03
1818/09/01 03:00:00 0.00 0.40 0.03
1818/09/01 06:00:00 0.00 0.40 0.03
1818/09/01 08:00:00 0.00 0.40 0.03
1818/09/01 10:00:00 0.00 0.40 0.03
1818/09/01 14:00:00 0.00 0.40 0.03
1818/09/01 18:00:00 0.00 0.40 0.03
1818/09/01 20:00:00 0.00 0.09 0.02
1818/09/01 22:00:00 0.00 0.09 0.02
1818/09/01 23:00:00 0.00 0.09 0.02
1818/09/02 02:00:00 0.00 0.09 0.03
1818/09/02 06:00:00 0.00 0.09 0.03
1818/09/02 08:00:00 0.00 0.05 0.01
1818/09/02 10:00:00 0.00 0.05 0.01
1818/09/02 14:00:00 0.00 0.05 0.01
1818/09/02 18:00:00 0.00 0.06 0.01
1818/09/02 20:00:00 0.00 0.06 0.01
1818/09/02 22:00:00 0.00 0.10 0.03
1818/09/03 02:00:00 0.00 0.10 0.03
1818/09/03 05:00:00 0.00 0.10 0.04
1818/09/03 06:00:00 0.00 0.10 0.04
1818/09/03 10:00:00 0.00 0.10 0.04
1818/09/03 14:00:00 0.00 0.10 0.04
1818/09/03 16:00:00 0.00 0.10 0.04
1818/09/03 18:00:00 0.00 0.10 0.04
1818/09/03 22:00:00 0.00 0.10 0.04
1818/09/04 02:00:00 0.00 0.36 0.04
1818/09/04 03:00:00 0.00 0.36 0.04
1818/09/04 06:00:00 0.00 0.36 0.04
1818/09/04 09:00:00 0.00 0.36 0.04
1818/09/04 10:00:00 0.00 0.36 0.04
1818/09/04 14:00:00 0.00 0.40 0.03
1818/09/04 15:00:00 0.00 0.40 0.03
1818/09/04 18:00:00 0.00 0.36 0.04
1818/09/04 20:00:00 0.00 0.36 0.04
1818/09/04 22:00:00 0.00 0.36 0.04
1818/09/05 02:00:00 0.00 0.36 0.04
1818/09/05 03:00:00 0.00 0.36 0.04
1818/09/05 06:00:00 0.00 0.53 0.04
1818/09/05 07:00:00 0.00 0.53 0.04
1818/09/05 10:00:00 0.00 0.53 0.04
1818/09/05 12:00:00 0.00 0.53 0.04
1818/09/05 14:00:00 0.00 0.53 0.04
1818/09/05 17:00:00 0.00 0.53 0.04
1818/09/05 18:00:00 0.00 0.53 0.04
1818/09/05 21:00:00 0.00 0.36 0.05
1818/09/05 22:00:00 0.00 0.36 0.05
1818/09/06 02:00:00 0.00 0.36 0.05
1818/09/06 03:00:00 0.00 0.36 0.05
1818/09/06 06:00:00 0.00 0.36 0.05
1818/09/06 07:00:00 0.00 0.36 0.05
1818/09/06 10:00:00 0.00 0.36 0.05
1818/09/06 14:00:00 0.00 0.36 0.05
1818/09/06 15:00:00 0.00 0.36 0.05
1818/09/06 18:00:00 0.00 0.10 0.05
1818/09/06 20:00:00 0.00 0.10 0.05
1818/09/06 22:00:00 0.00 0.10 0.05
1818/09/07 02:00:00 0.00 0.09 0.05
1818/09/07 03:00:00 0.00 0.09 0.05
1818/09/07 06:00:00 0.00 0.09 0.06
1818/09/07 10:00:00 0.00 0.09 0.06
1818/09/07 14:00:00 0.00 0.09 0.06
1818/09/07 15:00:00 0.00 0.09 0.06
1818/09/07 18:00:00 0.00 0.09 0.06
1818/09/07 22:00:00 0.00 0.09 0.06
1818/09/08 02:00:00 0.00 0.09 0.06
1818/09/08 03:00:00 0.00 0.09 0.06
1818/09/08 06:00:00 0.00 0.09 0.06
1818/09/08 10:00:00 0.00 0.09 0.06
1818/09/08 14:00:00 0.00 0.09 0.06
1818/09/08 18:00:00 0.00 0.08 0.05
1818/09/08 22:00:00 0.00 0.46 0.05
1818/09/09 02:00:00 0.00 0.45 0.05
1818/09/09 06:00:00 0.00 0.45 0.05
1818/09/09 10:00:00 0.00 0.45 0.05
1818/09/09 14:00:00 0.00 0.45 0.05
1818/09/09 16:00:00 0.00 0.45 0.05
1818/09/09 18:00:00 0.00 0.45 0.05
1818/09/09 22:00:00 0.00 0.45 0.05
1818/09/10 02:00:00 0.00 0.44 0.05
1818/09/10 03:00:00 0.00 0.81 0.08
1818/09/10 06:00:00 0.00 0.81 0.08
1818/09/10 09:00:00 0.00 0.81 0.08
1818/09/10 10:00:00 0.00 0.81 0.08
1818/09/10 14:00:00 0.00 0.68 0.06
1818/09/10 15:00:00 0.00 0.68 0.06
1818/09/10 18:00:00 0.00 0.68 0.06
1818/09/10 22:00:00 0.00 0.68 0.06
1818/09/10 23:00:00 0.00 0.68 0.06
1818/09/11 02:00:00 0.00 0.67 0.06
1818/09/11 03:00:00 0.00 0.67 0.06
1818/09/11 06:00:00 0.00 0.67 0.06
1818/09/11 09:00:00 0.00 0.67 0.06
1818/09/11 10:00:00 0.00 0.67 0.06
1818/09/11 14:00:00 0.00 0.67 0.06
1818/09/11 15:00:00 0.00 0.42 0.05
1818/09/11 18:00:00 0.00 0.42 0.05
1818/09/11 22:00:00 0.00 0.42 0.05
1818/09/12 02:00:00 0.00 0.05 0.03
1818/09/12 03:00:00 0.00 0.05 0.03
1818/09/12 06:00:00 0.00 0.05 0.03
1818/09/12 10:00:00 0.00 0.05 0.03
1818/09/12 13:00:00 0.00 0.05 0.03
1818/09/12 14:00:00 0.00 0.05 0.03
1818/09/12 15:00:00 0.00 0.05 0.03
1818/09/12 18:00:00 0.00 0.05 0.03
1818/09/12 22:00:00 0.00 0.05 0.03
1818/09/13 02:00:00 0.00 0.05 0.03
1818/09/13 03:00:00 0.00 0.05 0.03
1818/09/13 06:00:00 0.00 0.05 0.03
1818/09/13 10:00:00 0.00 0.05 0.03
1818/09/13 11:00:00 0.00 0.05 0.03
1818/09/13 14:00:00 0.00 0.05 0.03
1818/09/13 15:00:00 0.00 0.05 0.03
1818/09/13 18:00:00 0.00 0.05 0.03
1818/09/13 22:00:00 0.00 0.05 0.03
1818/09/14 02:00:00 0.00 0.05 0.03
1818/09/14 03:00:00 0.00 0.05 0.03
1818/09/14 06:00:00 0.00 0.05 0.03
1818/09/14 10:00:00 0.00 0.05 0.03
1818/09/14 13:00:00 0.00 0.05 0.03
1818/09/14 14:00:00 0.00 0.05 0.03
1818/09/14 18:00:00 0.00 0.05 0.03
1818/09/14 22:00:00 0.00 0.05 0.03
1818/09/15 02:00:00 0.00 0.16 0.04
1818/09/15 03:00:00 0.00 0.16 0.04
1818/09/15 04:00:00 0.00 0.16 0.04
1818/09/15 06:00:00 0.00 0.06 0.03
1818/09/15 07:00:00 0.00 0.06 0.03
1818/09/15 10:00:00 0.00 0.06 0.03
1818/09/15 14:00:00 0.00 0.06 0.03
1818/09/15 15:00:00 0.00 0.06 0.03
1818/09/15 18:00:00 0.00 0.06 0.03
1818/09/15 20:00:00 0.00 0.06 0.03
1818/09/15 22:00:00 0.00 0.06 0.03
1818/09/15 23:00:00 0.00 0.06 0.03
1818/09/16 02:00:00 0.00 0.06 0.03
1818/09/16 03:00:00 0.00 0.06 0.03
1818/09/16 06:00:00 0.00 0.06 0.03
1818/09/16 08:00:00 0.00 0.06 0.03
1818/09/16 10:00:00 0.00 0.06 0.03
1818/09/16 14:00:00 0.00 0.06 0.03
1818/09/16 15:00:00 0.00 0.06 0.03
1818/09/16 18:00:00 0.00 0.29 0.07
1818/09/16 22:00:00 0.00 0.29 0.07
1818/09/17 02:00:00 0.00 0.06 0.03
1818/09/17 03:00:00 0.00 0.06 0.03
1818/09/17 05:00:00 0.00 0.06 0.03
1818/09/17 06:00:00 0.00 0.06 0.03
1818/09/17 10:00:00 0.00 0.06 0.03
1818/09/17 11:00:00 0.00 0.06 0.03
1818/09/17 14:00:00 0.00 0.06 0.03
1818/09/17 15:00:00 0.00 0.05 0.03
1818/09/17 18:00:00 0.00 0.05 0.03
1818/09/17 20:00:00 0.00 0.30 0.04
1818/09/17 22:00:00 0.00 0.30 0.04
1818/09/18 02:00:00 0.00 0.30 0.03
1818/09/18 03:00:00 0.00 0.30 0.03
1818/09/18 06:00:00 0.00 0.29 0.03
1818/09/18 07:00:00 0.00 0.29 0.03
1818/09/18 10:00:00 0.00 0.29 0.03
1818/09/18 12:00:00 0.00 0.29 0.03
1818/09/18 14:00:00 0.00 0.29 0.03
1818/09/18 18:00:00 0.00 0.29 0.03
1818/09/18 22:00:00 0.00 0.05 0.02
1818/09/19 01:00:00 0.00 0.05 0.02
1818/09/19 02:00:00 0.00 0.05 0.02
1818/09/19 03:00:00 0.00 0.05 0.02
1818/09/19 06:00:00 0.00 0.05 0.02
1818/09/19 10:00:00 0.00 0.05 0.02
1818/09/19 14:00:00 0.00 0.17 0.02
1818/09/19 15:00:00 0.00 0.17 0.02
1818/09/19 18:00:00 0.00 0.17 0.02
1818/09/19 21:00:00 0.00 0.17 0.02
1818/09/19 22:00:00 0.00 0.17 0.02
1818/09/20 00:00:00 0.00 0.17 0.02
1818/09/20 02:00:00 0.00 0.03 0.01
1818/09/20 03:00:00 0.00 0.03 0.01
1818/09/20 06:00:00 0.00 0.03 0.01
1818/09/20 07:00:00 0.00 0.03 0.01
1818/09/20 10:00:00 0.00 0.03 0.01
1818/09/20 11:00:00 0.00 0.03 0.01
1818/09/20 14:00:00 0.00 0.03 0.01
1818/09/20 16:00:00 0.00 0.03 0.01
1818/09/20 18:00:00 0.00 0.03 0.00
1818/09/20 22:00:00 0.00 0.03 0.00
1818/09/21 02:00:00 0.00 0.01 0.00
1818/09/21 03:00:00 0.00 0.01 0.00
1818/09/21 06:00:00 0.00 0.01 0.00
1818/09/21 10:00:00 0.00 0.01 0.00
1818/09/21 13:00:00 0.00 0.01 0.00
1818/09/21 14:00:00 0.00 0.01 0.00
1818/09/21 18:00:00 0.00 0.01 0.00
1818/09/21 22:00:00 0.00 0.01 0.00
1818/09/21 23:00:00 0.00 0.01 0.00
1818/09/22 02:00:00 0.00 0.02 0.00
1818/09/22 03:00:00 0.00 0.02 0.00
1818/09/22 06:00:00 0.00 0.03 0.01
1818/09/22 10:00:00 0.00 0.03 0.01
1818/09/22 11:00:00 0.00 0.03 0.01
1818/09/22 14:00:00 0.00 0.04 0.01
1818/09/22 15:00:00 0.00 0.03 0.01
1818/09/22 18:00:00 0.00 0.03 0.01
1818/09/22 22:00:00 0.00 0.03 0.01
1818/09/23 02:00:00 0.00 0.03 0.01
1818/09/23 06:00:00 0.00 0.03 0.01
1818/09/23 10:00:00 0.00 0.03 0.01
1818/09/23 13:00:00 0.00 0.03 0.01
1818/09/23 14:00:00 0.00 0.03 0.01
1818/09/23 15:00:00 0.00 0.03 0.01
1818/09/23 18:00:00 0.00 0.03 0.01
1818/09/23 21:00:00 0.00 0.03 0.01
1818/09/23 22:00:00 0.00 0.03 0.01
1818/09/24 02:00:00 0.00 0.03 0.01
1818/09/24 03:00:00 0.00 0.03 0.01
1818/09/24 06:00:00 0.00 0.03 0.01
1818/09/24 10:00:00 0.00 0.03 0.01
1818/09/24 14:00:00 0.00 0.03 0.01
1818/09/24 18:00:00 0.00 0.03 0.00
1818/09/24 22:00:00 0.00 0.04 0.01
1818/09/25 02:00:00 0.00 0.04 0.01
1818/09/25 03:00:00 0.00 0.04 0.01
1818/09/25 06:00:00 0.00 0.04 0.01
1818/09/25 10:00:00 0.00 0.04 0.01
1818/09/25 14:00:00 0.00 0.04 0.01
1818/09/25 15:00:00 0.00 0.04 0.01
1818/09/25 18:00:00 0.00 0.04 0.01
1818/09/25 21:00:00 0.00 0.04 0.01
1818/09/25 22:00:00 0.00 0.04 0.01
1818/09/26 02:00:00 0.00 0.05 0.01
1818/09/26 03:00:00 0.00 0.05 0.01
1818/09/26 05:00:00 0.00 0.05 0.01
1818/09/26 06:00:00 0.00 0.05 0.01
1818/09/26 07:00:00 0.00 0.05 0.01
1818/09/26 08:00:00 0.00 0.05 0.01
1818/09/26 10:00:00 0.00 0.05 0.01
1818/09/26 13:00:00 0.00 0.05 0.01
1818/09/26 14:00:00 0.00 0.05 0.01
1818/09/26 15:00:00 0.00 0.05 0.01
1818/09/26 18:00:00 0.00 0.05 0.01
1818/09/26 22:00:00 0.00 0.05 0.01
1818/09/27 02:00:00 0.00 0.06 0.02
1818/09/27 03:00:00 0.00 0.06 0.02
1818/09/27 06:00:00 0.00 0.07 0.02
1818/09/27 09:00:00 0.00 0.07 0.02
1818/09/27 10:00:00 0.00 0.07 0.02
1818/09/27 14:00:00 0.00 0.07 0.02
1818/09/27 15:00:00 0.00 0.07 0.02
1818/09/27 18:00:00 0.00 0.07 0.02
1818/09/27 19:00:00 0.00 0.07 0.02
1818/09/27 22:00:00 0.00 0.07 0.02
1818/09/28 02:00:00 0.00 0.07 0.02
1818/09/28 03:00:00 0.00 0.07 0.02
1818/09/28 06:00:00 0.00 0.07 0.02
1818/09/28 08:00:00 0.00 0.07 0.02
1818/09/28 10:00:00 0.00 0.07 0.02
1818/09/28 14:00:00 0.00 0.07 0.02
1818/09/28 15:00:00 0.00 0.07 0.02
1818/09/28 18:00:00 0.00 0.07 0.02
1818/09/28 21:00:00 0.00 0.08 0.02
1818/09/28 22:00:00 0.00 0.08 0.02
1818/09/29 01:00:00 0.00 0.08 0.02
1818/09/29 02:00:00 0.00 0.08 0.02
1818/09/29 04:00:00 0.00 0.08 0.02
1818/09/29 06:00:00 0.00 0.08 0.02
1818/09/29 09:00:00 0.00 0.08 0.02
1818/09/29 10:00:00 0.00 0.08 0.02
1818/09/29 11:00:00 0.00 0.08 0.02
1818/09/29 14:00:00 0.00 0.28 0.06
1818/09/29 15:00:00 0.00 0.28 0.06
1818/09/29 18:00:00 0.00 0.28 0.06
1818/09/29 21:00:00 0.00 0.28 0.06
1818/09/29 22:00:00 0.00 0.28 0.06
1818/09/30 02:00:00 0.00 0.08 0.02
1818/09/30 03:00:00 0.00 0.08 0.02
1818/09/30 06:00:00 0.00 0.08 0.02
1818/09/30 10:00:00 0.00 0.08 0.02
1818/09/30 14:00:00 0.00 0.15 0.02
1818/09/30 15:00:00 0.00 0.15 0.02
1818/09/30 18:00:00 0.00 0.15 0.02
1818/09/30 19:00:00 0.00 0.15 0.02
1818/09/30 23:00:00 0.00 0.26 0.03
1818/10/01 03:00:00 0.00 0.26 0.03
1818/10/01 06:00:00 0.00 0.26 0.03
1818/10/01 09:00:00 0.00 0.26 0.03
1818/10/01 10:00:00 0.00 0.26 0.03
1818/10/01 14:00:00 0.00 0.04 0.02
1818/10/01 15:00:00 0.00 0.04 0.02
1818/10/01 18:00:00 0.00 0.04 0.02
1818/10/01 20:00:00 0.00 0.04 0.02
1818/10/01 22:00:00 0.00 0.04 0.02
1818/10/02 02:00:00 0.00 0.05 0.02
1818/10/02 03:00:00 0.00 0.05 0.02
1818/10/02 06:00:00 0.00 0.05 0.02
1818/10/02 10:00:00 0.00 0.05 0.02
1818/10/02 14:00:00 0.00 0.05 0.02
1818/10/02 15:00:00 0.00 0.05 0.01
1818/10/02 18:00:00 0.00 0.05 0.01
1818/10/02 22:00:00 0.00 0.05 0.01
1818/10/03 02:00:00 0.00 0.05 0.01
1818/10/03 03:00:00 0.00 0.05 0.01
1818/10/03 06:00:00 0.00 0.05 0.01
1818/10/03 10:00:00 0.00 0.05 0.01
1818/10/03 13:00:00 0.00 0.05 0.01
1818/10/03 14:00:00 0.00 0.05 0.01
1818/10/03 15:00:00 0.00 0.05 0.01
1818/10/03 17:00:00 0.00 0.05 0.01
1818/10/03 18:00:00 0.00 0.05 0.01
1818/10/03 22:00:00 0.00 0.05 0.01
1818/10/04 02:00:00 0.00 0.05 0.00
1818/10/04 03:00:00 0.00 0.05 0.00
1818/10/04 06:00:00 0.00 0.05 0.00
1818/10/04 10:00:00 0.00 0.03 0.00
1818/10/04 14:00:00 0.00 0.03 0.00
1818/10/04 15:00:00 0.00 0.03 0.00
1818/10/04 18:00:00 0.00 0.00 0.00
1818/10/04 20:00:00 0.00 0.00 0.00
1818/10/04 22:00:00 0.00 0.00 0.00
1818/10/04 23:00:00 0.00 0.00 0.00
1818/10/05 00:00:00 0.00 0.00 0.00
1818/10/05 02:00:00 0.00 0.00 0.00
1818/10/05 03:00:00 0.00 0.00 0.00
1818/10/05 06:00:00 0.00 0.00 0.00
1818/10/05 10:00:00 0.00 0.00 0.00
1818/10/05 14:00:00 0.00 0.00 0.00
1818/10/05 18:00:00 0.00 0.00 0.00
1818/10/05 20:00:00 0.00 0.00 0.00
1818/10/05 22:00:00 0.00 0.00 0.00
1818/10/06 02:00:00 0.00 0.00 0.00
1818/10/06 03:00:00 0.00 0.00 0.00
1818/10/06 06:00:00 0.00 0.00 0.00
1818/10/06 09:00:00 0.00 0.00 0.00
1818/10/06 10:00:00 0.00 0.00 0.00
1818/10/06 14:00:00 0.00 0.00 0.00
1818/10/06 15:00:00 0.00 0.00 0.00
1818/10/06 18:00:00 0.00 0.00 0.00
1818/10/06 21:00:00 0.00 0.00 0.00
1818/10/06 22:00:00 0.00 0.00 0.00
1818/10/07 02:00:00 0.00 0.00 0.00
1818/10/07 03:00:00 0.00 0.00 0.00
1818/10/07 06:00:00 0.00 0.00 0.00
1818/10/07 10:00:00 0.00 0.00 0.00
1818/10/07 14:00:00 0.00 0.00 0.00
1818/10/07 15:00:00 0.00 0.00 0.00
1818/10/07 18:00:00 0.00 0.00 0.00
1818/10/07 22:00:00 0.00 0.00 0.00
1818/10/08 00:00:00 0.00 0.00 0.00
1818/10/08 02:00:00 0.00 0.00 0.00
1818/10/08 03:00:00 0.00 0.00 0.00
1818/10/08 04:00:00 0.00 0.00 0.00
1818/10/08 06:00:00 0.00 0.00 0.00
1818/10/08 08:00:00 0.00 0.00 0.00
1818/10/08 10:00:00 0.00 0.00 0.00
1818/10/08 14:00:00 0.00 0.00 0.00
1818/10/08 15:00:00 0.00 0.00 0.00
1818/10/08 18:00:00 0.00 0.00 0.00
1818/10/08 22:00:00 0.00 0.00 0.00
1818/10/09 02:00:00 0.00 0.00 0.00
1818/10/09 03:00:00 0.00 0.00 0.00
1818/10/09 06:00:00 0.00 0.00 0.00
1818/10/09 07:00:00 0.00 0.00 0.00
1818/10/09 10:00:00 0.00 0.00 0.00
1818/10/09 14:00:00 0.00 0.00 0.00
1818/10/09 16:00:00 0.00 0.00 0.00
1818/10/09 18:00:00 0.00 0.00 0.00
1818/10/09 21:00:00 0.00 0.00 0.00
1818/10/09 22:00:00 0.00 0.00 0.00
1818/10/10 02:00:00 0.00 0.00 0.00
1818/10/10 03:00:00 0.00 0.00 0.00
1818/10/10 06:00:00 0.00 0.00 0.00
1818/10/10 10:00:00 0.00 0.00 0.00
1818/10/10 14:00:00 0.00 0.00 0.00
1818/10/10 15:00:00 0.00 0.00 0.00
1818/10/10 18:00:00 0.00 0.00 0.00
1818/10/10 20:00:00 0.00 0.00 0.00
1818/10/10 21:00:00 0.00 0.00 0.00
1818/10/10 22:00:00 0.00 0.00 0.00
1818/10/11 02:00:00 0.00 0.00 0.00
1818/10/11 03:00:00 0.00 0.00 0.00
1818/10/11 06:00:00 0.00 0.00 0.00
1818/10/11 09:00:00 0.00 0.00 0.00
1818/10/11 10:00:00 0.00 0.00 0.00
1818/10/11 14:00:00 0.00 0.00 0.00
1818/10/11 15:00:00 0.00 0.00 0.00
1818/10/11 18:00:00 0.00 0.00 0.00
1818/10/11 21:00:00 0.00 0.00 0.00
1818/10/11 22:00:00 0.00 0.00 0.00
1818/10/12 02:00:00 0.00 0.00 0.00
1818/10/12 03:00:00 0.00 0.00 0.00
1818/10/12 06:00:00 0.00 0.00 0.00
1818/10/12 10:00:00 0.00 0.00 0.00
1818/10/12 14:00:00 0.00 0.00 0.00
1818/10/12 15:00:00 0.00 0.00 0.00
1818/10/12 17:00:00 0.00 0.00 0.00
1818/10/12 18:00:00 0.00 0.00 0.00
1818/10/12 19:00:00 0.00 0.00 0.00
1818/10/12 22:00:00 0.00 0.00 0.00
1818/10/13 02:00:00 0.00 0.00 0.00
1818/10/13 03:00:00 0.00 0.00 0.00
1818/10/13 06:00:00 0.00 0.00 0.00
1818/10/13 10:00:00 0.00 0.00 0.00
1818/10/13 13:00:00 0.00 0.00 0.00
1818/10/13 14:00:00 0.00 0.00 0.00
1818/10/13 15:00:00 0.00 0.00 0.00
1818/10/13 17:00:00 0.00 0.00 0.00
1818/10/13 18:00:00 0.00 0.00 0.00
1818/10/13 19:00:00 0.00 0.00 0.00
1818/10/13 20:00:00 0.00 0.00 0.00
1818/10/13 22:00:00 0.00 0.00 0.00
1818/10/14 00:00:00 0.00 0.00 0.00
1818/10/14 02:00:00 0.00 0.00 0.00
1818/10/14 06:00:00 0.00 0.00 0.00
1818/10/14 10:00:00 0.00 0.00 0.00
1818/10/14 14:00:00 0.00 0.00 0.00
1818/10/14 15:00:00 0.00 0.00 0.00
1818/10/14 18:00:00 0.00 0.00 0.00
1818/10/14 22:00:00 0.00 0.00 0.00
1818/10/15 02:00:00 0.00 0.00 0.00
1818/10/15 03:00:00 0.00 0.00 0.00
1818/10/15 06:00:00 0.00 0.00 0.00
1818/10/15 10:00:00 0.00 0.00 0.00
1818/10/15 14:00:00 0.00 0.00 0.00
1818/10/15 15:00:00 0.00 0.00 0.00
1818/10/15 18:00:00 0.00 0.00 0.00
1818/10/15 22:00:00 0.00 0.00 0.00
1818/10/16 02:00:00 0.00 0.00 0.00
1818/10/16 03:00:00 0.00 0.00 0.00
1818/10/16 06:00:00 0.00 0.00 0.00
1818/10/16 10:00:00 0.00 0.00 0.00
1818/10/16 11:00:00 0.00 0.00 0.00
1818/10/16 14:00:00 0.00 0.00 0.00
1818/10/16 15:00:00 0.00 0.00 0.00
1818/10/16 18:00:00 0.00 0.00 0.00
1818/10/16 21:00:00 0.00 0.00 0.00
1818/10/16 22:00:00 0.00 0.00 0.00
1818/10/16 23:00:00 0.00 0.00 0.00
1818/10/17 02:00:00 0.00 0.00 0.00
1818/10/17 03:00:00 0.00 0.00 0.00
1818/10/17 06:00:00 0.00 0.00 0.00
1818/10/17 09:00:00 0.00 0.00 0.00
1818/10/17 10:00:00 0.00 0.00 0.00
1818/10/17 14:00:00 0.00 0.00 0.00
1818/10/17 18:00:00 0.00 0.00 0.00
1818/10/17 21:00:00 0.00 0.00 0.00
1818/10/17 22:00:00 0.00 0.00 0.00
1818/10/18 01:00:00 0.00 0.00 0.00
1818/10/18 02:00:00 0.00 0.00 0.00
1818/10/18 03:00:00 0.00 0.00 0.00
1818/10/18 06:00:00 0.00 0.00 0.00
1818/10/18 10:00:00 0.00 0.00 0.00
1818/10/18 12:00:00 0.00 0.00 0.00
1818/10/18 14:00:00 0.00 0.00 0.00
1818/10/18 15:00:00 0.00 0.00 0.00
1818/10/18 18:00:00 0.00 0.00 0.00
1818/10/18 22:00:00 0.00 0.00 0.00
1818/10/19 02:00:00 0.00 0.00 0.00
1818/10/19 03:00:00 0.00 0.00 0.00
1818/10/19 05:00:00 0.00 0.00 0.00
1818/10/19 06:00:00 0.00 0.00 0.00
1818/10/19 09:00:00 0.00 0.00 0.00
1818/10/19 10:00:00 0.00 0.00 0.00
1818/10/19 13:00:00 0.00 0.00 0.00
1818/10/19 14:00:00 0.00 0.00 0.00
1818/10/19 15:00:00 0.00 0.00 0.00
1818/10/19 18:00:00 0.00 0.00 0.00
1818/10/19 22:00:00 0.00 0.00 0.00
1818/10/20 02:00:00 0.00 0.00 0.00
1818/10/20 03:00:00 0.00 0.00 0.00
1818/10/20 05:00:00 0.00 0.00 0.00
1818/10/20 06:00:00 0.00 0.00 0.00
1818/10/20 10:00:00 0.00 0.00 0.00
1818/10/20 14:00:00 0.00 0.00 0.00
1818/10/20 15:00:00 0.00 0.00 0.00
1818/10/20 18:00:00 0.00 0.00 0.00
1818/10/20 22:00:00 0.00 0.00 0.00
1818/10/21 02:00:00 0.00 0.00 0.00
1818/10/21 03:00:00 0.00 0.00 0.00
1818/10/21 06:00:00 0.00 0.00 0.00
1818/10/21 07:00:00 0.00 0.00 0.00
1818/10/21 10:00:00 0.00 0.00 0.00
1818/10/21 14:00:00 0.00 0.00 0.00
1818/10/21 15:00:00 0.00 0.00 0.00
1818/10/21 18:00:00 0.00 0.00 0.00
1818/10/21 22:00:00 0.00 0.00 0.00
1818/10/22 02:00:00 0.00 0.00 0.00
1818/10/22 03:00:00 0.00 0.00 0.00
1818/10/22 06:00:00 0.00 0.00 0.00
1818/10/22 10:00:00 0.00 0.00 0.00
1818/10/22 14:00:00 0.00 0.00 0.00
1818/10/22 18:00:00 0.00 0.00 0.00
1818/10/22 22:00:00 0.00 0.00 0.00
1818/10/22 23:00:00 0.00 0.00 0.00
1818/10/23 02:00:00 0.00 0.00 0.00
1818/10/23 03:00:00 0.00 0.00 0.00
1818/10/23 06:00:00 0.00 0.00 0.00
1818/10/23 10:00:00 0.00 0.00 0.00
1818/10/23 11:00:00 0.00 0.00 0.00
1818/10/23 14:00:00 0.00 0.00 0.00
1818/10/23 15:00:00 0.00 0.00 0.00
1818/10/23 18:00:00 0.00 0.00 0.00
1818/10/23 21:00:00 0.00 0.00 0.00
1818/10/23 22:00:00 0.00 0.00 0.00
1818/10/24 02:00:00 0.00 0.00 0.00
1818/10/24 03:00:00 0.00 0.00 0.00
1818/10/24 06:00:00 0.00 0.00 0.00
1818/10/24 07:00:00 0.00 0.00 0.00
1818/10/24 10:00:00 0.00 0.00 0.00
1818/10/24 14:00:00 0.00 0.00 0.00
1818/10/24 15:00:00 0.00 0.00 0.00
1818/10/24 17:00:00 0.00 0.00 0.00
1818/10/24 18:00:00 0.00 0.00 0.00
1818/10/24 20:00:00 0.00 0.00 0.00
1818/10/24 22:00:00 0.00 0.00 0.00
1818/10/25 02:00:00 0.00 0.00 0.00
1818/10/25 03:00:00 0.00 0.00 0.00
1818/10/25 06:00:00 0.00 0.00 0.00
1818/10/25 10:00:00 0.00 0.00 0.00
1818/10/25 14:00:00 0.00 0.00 0.00
1818/10/25 18:00:00 0.00 0.00 0.00
1818/10/25 22:00:00 0.00 0.00 0.00
1818/10/26 02:00:00 0.00 0.00 0.00
1818/10/26 06:00:00 0.00 0.00 0.00
1818/10/26 10:00:00 0.00 0.00 0.00
1818/10/26 14:00:00 0.00 0.00 0.00
1818/10/26 18:00:00 0.00 0.00 0.00
1818/10/26 22:00:00 0.00 0.00 0.00
1818/10/27 02:00:00 0.00 0.00 0.00
1818/10/27 06:00:00 0.00 0.00 0.00
1818/10/27 10:00:00 0.00 0.00 0.00
1818/10/27 14:00:00 0.00 0.00 0.00
1818/10/27 18:00:00 0.00 0.00 0.00
1818/10/27 22:00:00 0.00 0.00 0.00
1818/10/28 02:00:00 0.00 0.00 0.00
1818/10/28 03:00:00 0.00 0.00 0.00
1818/10/28 06:00:00 0.00 0.00 0.00
1818/10/28 10:00:00 0.00 0.00 0.00
1818/10/28 11:00:00 0.00 0.00 0.00
1818/10/28 14:00:00   NA   NA  NA
1818/10/28 15:00:00 0.00 0.00 0.00
1818/10/28 18:00:00 0.00 0.00 0.00
1818/10/28 20:00:00 0.00 0.00 0.00
1818/10/28 22:00:00 0.00 0.00 0.00
1818/10/29 02:00:00 0.00 0.00 0.00
1818/10/29 03:00:00 0.00 0.00 0.00
1818/10/29 06:00:00 0.00 0.00 0.00
1818/10/29 10:00:00 0.00 0.00 0.00
1818/10/29 14:00:00 0.00 0.00 0.00
1818/10/29 18:00:00 0.00 0.00 0.00
1818/10/29 22:00:00 0.00 0.00 0.00
1818/10/30 02:00:00 0.00 0.00 0.00
1818/10/30 03:00:00 0.00 0.00 0.00
1818/10/30 06:00:00 0.00 0.00 0.00
1818/10/30 10:00:00 0.00 0.00 0.00
1818/10/30 11:00:00 0.00 0.00 0.00
1818/10/30 14:00:00 0.00 0.00 0.00
1818/10/30 18:00:00   NA   NA  NA
1818/10/30 20:00:00   NA   NA  NA
1818/10/30 22:00:00   NA   NA  NA
1818/10/31 02:00:00   NA   NA  NA
