1818/05/05 03:00:00   NA   NA  NA
1818/05/05 06:00:00   NA   NA  NA
1818/05/05 10:00:00   NA   NA  NA
1818/05/05 12:00:00   NA   NA  NA
1818/05/05 14:00:00 1010.19 1020.55 1013.96
1818/05/05 15:00:00 1010.19 1020.55 1013.96
1818/05/05 16:00:00 1010.19 1020.55 1013.96
1818/05/05 18:00:00 1010.19 1020.55 1013.96
1818/05/05 22:00:00 1008.68 1019.37 1013.67
1818/05/06 02:00:00 1008.88 1019.62 1013.68
1818/05/06 03:00:00 1008.88 1019.62 1013.68
1818/05/06 06:00:00 1008.88 1019.62 1013.68
1818/05/06 08:00:00 1008.88 1019.62 1013.68
1818/05/06 10:00:00 1008.88 1019.62 1013.68
1818/05/06 14:00:00 1008.88 1019.62 1013.68
1818/05/06 15:00:00 1008.88 1019.62 1013.68
1818/05/06 18:00:00 1008.88 1019.62 1013.68
1818/05/06 19:00:00 1008.88 1019.62 1013.68
1818/05/06 20:00:00 1008.88 1019.62 1013.68
1818/05/06 22:00:00 1008.88 1019.62 1013.68
1818/05/07 02:00:00 1009.06 1019.84 1013.69
1818/05/07 03:00:00 1009.06 1019.84 1013.69
1818/05/07 06:00:00 1009.06 1019.84 1013.69
1818/05/07 10:00:00 1009.06 1019.84 1013.69
1818/05/07 14:00:00 1009.06 1019.84 1013.69
1818/05/07 18:00:00 1009.37 1019.97 1013.68
1818/05/07 22:00:00 1009.37 1019.97 1013.68
1818/05/08 02:00:00 1008.93 1020.17 1013.73
1818/05/08 04:00:00 1008.93 1020.17 1013.73
1818/05/08 06:00:00 1008.93 1020.17 1013.73
1818/05/08 09:00:00 1008.93 1020.17 1013.73
1818/05/08 10:00:00 1008.93 1020.17 1013.73
1818/05/08 13:00:00 1008.93 1020.17 1013.73
1818/05/08 14:00:00 1008.93 1020.17 1013.73
1818/05/08 15:00:00 1008.93 1020.17 1013.73
1818/05/08 18:00:00 1008.93 1020.17 1013.73
1818/05/08 21:00:00 1008.93 1020.17 1013.73
1818/05/08 22:00:00 1008.93 1020.17 1013.73
1818/05/09 02:00:00 1008.40 1020.35 1013.77
1818/05/09 03:00:00 1008.40 1020.35 1013.77
1818/05/09 06:00:00 1009.42 1017.86 1013.53
1818/05/09 08:00:00 1009.42 1017.86 1013.53
1818/05/09 10:00:00 1009.42 1017.86 1013.53
1818/05/09 14:00:00 1009.42 1017.86 1013.53
1818/05/09 15:00:00 1009.42 1017.86 1013.53
1818/05/09 18:00:00 1009.42 1017.86 1013.53
1818/05/09 22:00:00 1009.42 1017.86 1013.53
1818/05/10 01:00:00 1009.44 1018.04 1013.58
1818/05/10 02:00:00 1009.44 1018.04 1013.58
1818/05/10 03:00:00 1009.44 1018.04 1013.58
1818/05/10 06:00:00 1009.44 1018.04 1013.58
1818/05/10 10:00:00 1009.44 1018.04 1013.58
1818/05/10 14:00:00 1009.44 1018.04 1013.58
1818/05/10 15:00:00 1009.44 1018.04 1013.58
1818/05/10 18:00:00 1009.44 1018.04 1013.58
1818/05/10 19:00:00 1009.44 1018.04 1013.58
1818/05/10 22:00:00 1009.44 1018.04 1013.58
1818/05/11 02:00:00 1009.04 1018.19 1013.62
1818/05/11 04:00:00 1009.04 1018.19 1013.62
1818/05/11 06:00:00 1009.04 1018.19 1013.62
1818/05/11 10:00:00 1009.04 1018.19 1013.62
1818/05/11 11:00:00 1009.04 1018.19 1013.62
1818/05/11 14:00:00 1009.04 1018.19 1013.62
1818/05/11 17:00:00 1009.04 1018.19 1013.62
1818/05/11 18:00:00 1009.04 1018.19 1013.62
1818/05/11 22:00:00 1009.04 1018.19 1013.62
1818/05/11 23:00:00 1009.04 1018.19 1013.62
1818/05/12 02:00:00 1008.66 1018.32 1013.66
1818/05/12 03:00:00 1008.66 1018.32 1013.66
1818/05/12 06:00:00 1008.66 1018.32 1013.66
1818/05/12 10:00:00 1008.66 1018.32 1013.66
1818/05/12 12:00:00 1008.66 1018.32 1013.66
1818/05/12 13:00:00 1008.66 1018.32 1013.66
1818/05/12 14:00:00 1008.66 1018.32 1013.66
1818/05/12 18:00:00 1008.66 1018.32 1013.66
1818/05/12 19:00:00 1008.66 1018.32 1013.66
1818/05/12 22:00:00 1008.66 1018.32 1013.66
1818/05/13 02:00:00 1008.29 1018.48 1013.68
1818/05/13 03:00:00 1008.29 1018.48 1013.68
1818/05/13 06:00:00 1008.29 1018.48 1013.68
1818/05/13 10:00:00 1008.29 1018.48 1013.68
1818/05/13 14:00:00 1008.29 1018.48 1013.68
1818/05/13 15:00:00 1008.29 1018.48 1013.68
1818/05/13 18:00:00 1008.29 1018.48 1013.68
1818/05/13 22:00:00 1008.29 1018.48 1013.68
1818/05/14 02:00:00 1007.91 1018.67 1013.69
1818/05/14 03:00:00 1007.91 1018.67 1013.69
1818/05/14 06:00:00 1007.91 1018.67 1013.69
1818/05/14 10:00:00 1007.91 1018.67 1013.69
1818/05/14 13:00:00 1007.91 1018.67 1013.69
1818/05/14 14:00:00 1007.91 1018.67 1013.69
1818/05/14 15:00:00 1007.91 1018.67 1013.69
1818/05/14 18:00:00 1007.91 1018.67 1013.69
1818/05/14 20:00:00 1007.91 1018.67 1013.69
1818/05/14 22:00:00 1007.91 1018.67 1013.69
1818/05/15 01:00:00 1007.56 1018.82 1013.70
1818/05/15 02:00:00 1007.56 1018.82 1013.70
1818/05/15 06:00:00 1007.56 1018.82 1013.70
1818/05/15 10:00:00 1007.56 1018.82 1013.70
1818/05/15 14:00:00 1007.56 1018.82 1013.70
1818/05/15 15:00:00 1007.56 1018.82 1013.70
1818/05/15 18:00:00 1008.38 1018.28 1012.97
1818/05/15 19:00:00 1008.38 1018.28 1012.97
1818/05/15 22:00:00 1008.38 1018.28 1012.97
1818/05/16 00:00:00 1008.10 1018.30 1012.97
1818/05/16 02:00:00 1008.10 1018.30 1012.97
1818/05/16 04:00:00 1008.10 1018.30 1012.97
1818/05/16 05:00:00 1008.10 1018.30 1012.97
1818/05/16 06:00:00 1008.10 1018.30 1012.97
1818/05/16 10:00:00 1008.10 1018.30 1012.97
1818/05/16 14:00:00 1008.10 1018.30 1012.97
1818/05/16 15:00:00 1008.10 1018.30 1012.97
1818/05/16 17:00:00 1008.10 1018.30 1012.97
1818/05/16 18:00:00 1008.10 1018.30 1012.97
1818/05/16 20:00:00 1008.10 1018.30 1012.97
1818/05/16 22:00:00 1008.10 1018.30 1012.97
1818/05/17 02:00:00 1007.86 1018.28 1012.97
1818/05/17 03:00:00 1007.86 1018.28 1012.97
1818/05/17 06:00:00 1007.86 1018.28 1012.97
1818/05/17 09:00:00 1007.86 1018.28 1012.97
1818/05/17 10:00:00 1007.86 1018.28 1012.97
1818/05/17 14:00:00 1007.86 1018.28 1012.97
1818/05/17 15:00:00 1007.86 1018.28 1012.97
1818/05/17 18:00:00 1007.86 1018.28 1012.97
1818/05/17 22:00:00 1007.86 1018.28 1012.97
1818/05/18 01:00:00 1008.58 1019.50 1013.08
1818/05/18 02:00:00 1008.58 1019.50 1013.08
1818/05/18 03:00:00 1008.58 1019.50 1013.08
1818/05/18 06:00:00 1008.58 1019.50 1013.08
1818/05/18 08:00:00 1008.58 1019.50 1013.08
1818/05/18 10:00:00 1008.58 1019.50 1013.08
1818/05/18 12:00:00 1008.58 1019.50 1013.08
1818/05/18 14:00:00 1008.58 1019.50 1013.08
1818/05/18 15:00:00 1008.58 1019.50 1013.08
1818/05/18 18:00:00 1008.58 1019.50 1013.08
1818/05/18 22:00:00 1008.58 1019.50 1013.08
1818/05/19 02:00:00 1008.40 1019.36 1013.07
1818/05/19 03:00:00 1008.40 1019.36 1013.07
1818/05/19 06:00:00 1008.40 1019.36 1013.07
1818/05/19 10:00:00 1008.40 1019.36 1013.07
1818/05/19 14:00:00 1008.40 1019.36 1013.07
1818/05/19 15:00:00 1008.40 1019.36 1013.07
1818/05/19 18:00:00 1008.40 1019.36 1013.07
1818/05/19 22:00:00 1008.83 1020.78 1013.65
1818/05/20 02:00:00 1008.76 1020.55 1013.63
1818/05/20 03:00:00 1008.76 1020.55 1013.63
1818/05/20 06:00:00 1008.76 1020.55 1013.63
1818/05/20 10:00:00 1008.76 1020.55 1013.63
1818/05/20 14:00:00 1008.76 1020.55 1013.63
1818/05/20 15:00:00 1008.76 1020.55 1013.63
1818/05/20 16:00:00 1008.76 1020.55 1013.63
1818/05/20 18:00:00 1008.76 1020.55 1013.63
1818/05/20 22:00:00 1008.76 1020.55 1013.63
1818/05/20 23:00:00 1008.76 1020.55 1013.63
1818/05/21 02:00:00 1008.70 1020.28 1013.60
1818/05/21 03:00:00 1008.70 1020.28 1013.60
1818/05/21 06:00:00 1008.70 1020.28 1013.60
1818/05/21 09:00:00 1008.70 1020.28 1013.60
1818/05/21 10:00:00 1008.70 1020.28 1013.60
1818/05/21 14:00:00 1008.70 1020.28 1013.60
1818/05/21 15:00:00 1008.70 1020.28 1013.60
1818/05/21 18:00:00 1008.70 1020.28 1013.60
1818/05/21 22:00:00 1008.70 1020.28 1013.60
1818/05/22 02:00:00 1008.15 1019.47 1013.50
1818/05/22 03:00:00 1008.15 1019.47 1013.50
1818/05/22 06:00:00 1008.15 1019.47 1013.50
1818/05/22 09:00:00 1008.15 1019.47 1013.50
1818/05/22 10:00:00 1008.15 1019.47 1013.50
1818/05/22 14:00:00 1008.15 1019.47 1013.50
1818/05/22 15:00:00 1008.15 1019.47 1013.50
1818/05/22 18:00:00 1008.15 1019.47 1013.50
1818/05/22 22:00:00 1008.15 1019.47 1013.50
1818/05/23 00:00:00 1007.95 1019.13 1013.44
1818/05/23 02:00:00 1007.95 1019.13 1013.44
1818/05/23 03:00:00 1007.95 1019.13 1013.44
1818/05/23 06:00:00 1007.95 1019.13 1013.44
1818/05/23 10:00:00 1007.95 1019.13 1013.44
1818/05/23 11:00:00 1007.95 1019.13 1013.44
1818/05/23 14:00:00 1007.95 1019.13 1013.44
1818/05/23 15:00:00 1007.95 1019.13 1013.44
1818/05/23 18:00:00 1007.95 1019.13 1013.44
1818/05/23 20:00:00 1007.95 1019.13 1013.44
1818/05/23 22:00:00 1007.95 1019.13 1013.44
1818/05/24 02:00:00 1007.78 1018.76 1013.38
1818/05/24 03:00:00 1007.78 1018.76 1013.38
1818/05/24 06:00:00 1007.78 1018.76 1013.38
1818/05/24 10:00:00 1007.78 1018.76 1013.38
1818/05/24 11:00:00 1007.78 1018.76 1013.38
1818/05/24 14:00:00 1007.78 1018.76 1013.38
1818/05/24 18:00:00 1007.78 1018.76 1013.38
1818/05/24 22:00:00 1007.59 1017.54 1013.20
1818/05/25 02:00:00 1007.42 1017.20 1013.13
1818/05/25 03:00:00 1007.42 1017.20 1013.13
1818/05/25 06:00:00 1007.42 1017.20 1013.13
1818/05/25 08:00:00 1007.42 1017.20 1013.13
1818/05/25 10:00:00 1007.42 1017.20 1013.13
1818/05/25 14:00:00 1007.42 1017.20 1013.13
1818/05/25 18:00:00 1007.42 1017.20 1013.13
1818/05/25 20:00:00 1007.42 1017.20 1013.13
1818/05/25 22:00:00 1007.42 1017.20 1013.13
1818/05/26 02:00:00 1007.28 1016.85 1013.05
1818/05/26 03:00:00 1007.28 1016.85 1013.05
1818/05/26 05:00:00 1007.28 1016.85 1013.05
1818/05/26 06:00:00 1007.28 1016.85 1013.05
1818/05/26 10:00:00 1008.23 1018.79 1013.50
1818/05/26 14:00:00 1008.23 1018.79 1013.50
1818/05/26 15:00:00 1008.23 1018.79 1013.50
1818/05/26 18:00:00 1008.23 1018.79 1013.50
1818/05/26 21:00:00 1008.23 1018.79 1013.50
1818/05/26 22:00:00 1008.23 1018.79 1013.50
1818/05/27 02:00:00 1008.12 1018.73 1013.43
1818/05/27 03:00:00 1008.12 1018.73 1013.43
1818/05/27 06:00:00 1008.12 1018.73 1013.43
1818/05/27 09:00:00 1008.12 1018.73 1013.43
1818/05/27 10:00:00 1008.12 1018.73 1013.43
1818/05/27 14:00:00 1008.12 1018.73 1013.43
1818/05/27 16:00:00 1008.12 1018.73 1013.43
1818/05/27 18:00:00 1008.12 1018.73 1013.43
1818/05/27 22:00:00 1008.12 1018.73 1013.43
1818/05/28 02:00:00 1008.04 1018.64 1013.36
1818/05/28 03:00:00 1008.04 1018.64 1013.36
1818/05/28 05:00:00 1008.04 1018.64 1013.36
1818/05/28 06:00:00 1008.04 1018.64 1013.36
1818/05/28 07:00:00 1008.04 1018.64 1013.36
1818/05/28 10:00:00 1008.04 1018.64 1013.36
1818/05/28 14:00:00 1008.04 1018.64 1013.36
1818/05/28 15:00:00 1008.89 1019.10 1013.34
1818/05/28 18:00:00 1008.89 1019.10 1013.34
1818/05/28 22:00:00 1008.89 1019.10 1013.34
1818/05/28 23:00:00 1008.89 1019.10 1013.34
1818/05/29 02:00:00 1008.77 1019.04 1013.27
1818/05/29 03:00:00 1008.77 1019.04 1013.27
1818/05/29 06:00:00 1008.77 1019.04 1013.27
1818/05/29 10:00:00 1008.77 1019.04 1013.27
1818/05/29 14:00:00 1008.77 1019.04 1013.27
1818/05/29 15:00:00 1008.77 1019.04 1013.27
1818/05/29 18:00:00 1008.77 1019.04 1013.27
1818/05/29 22:00:00 1008.77 1019.04 1013.27
1818/05/30 01:00:00 1009.14 1020.81 1013.75
1818/05/30 02:00:00 1009.14 1020.81 1013.75
1818/05/30 03:00:00 1009.14 1020.81 1013.75
1818/05/30 06:00:00 1009.14 1020.81 1013.75
1818/05/30 09:00:00 1009.14 1020.81 1013.75
1818/05/30 10:00:00 1009.14 1020.81 1013.75
1818/05/30 14:00:00 1009.14 1020.81 1013.75
1818/05/30 17:00:00 1009.14 1020.81 1013.75
1818/05/30 18:00:00 1009.14 1020.81 1013.75
1818/05/30 22:00:00 1009.14 1020.81 1013.75
1818/05/31 02:00:00 1009.02 1020.74 1013.73
1818/05/31 03:00:00 1009.02 1020.74 1013.73
1818/05/31 06:00:00 1009.02 1020.74 1013.73
1818/05/31 07:00:00 1009.02 1020.74 1013.73
1818/05/31 10:00:00 1009.02 1020.74 1013.73
1818/05/31 14:00:00 1009.02 1020.74 1013.73
1818/05/31 15:00:00 1009.02 1020.74 1013.73
1818/05/31 18:00:00 1009.02 1020.74 1013.73
1818/05/31 22:00:00 1009.02 1020.74 1013.73
1818/05/31 23:00:00 1009.02 1020.74 1013.73
1818/06/01 01:00:00 1008.92 1020.65 1013.70
1818/06/01 02:00:00 1008.92 1020.65 1013.70
1818/06/01 03:00:00 1008.92 1020.65 1013.70
1818/06/01 06:00:00 1008.92 1020.65 1013.70
1818/06/01 09:00:00 1008.92 1020.65 1013.70
1818/06/01 10:00:00 1008.92 1020.65 1013.70
1818/06/01 13:00:00 1008.92 1020.65 1013.70
1818/06/01 14:00:00 1008.92 1020.65 1013.70
1818/06/01 15:00:00 1008.92 1020.65 1013.70
1818/06/01 17:00:00 1008.92 1020.65 1013.70
1818/06/01 18:00:00 1008.92 1020.65 1013.70
1818/06/01 21:00:00 1008.92 1020.65 1013.70
1818/06/01 22:00:00 1008.92 1020.65 1013.70
1818/06/02 02:00:00 1008.84 1020.55 1013.68
1818/06/02 03:00:00 1008.84 1020.55 1013.68
1818/06/02 06:00:00 1008.84 1020.55 1013.68
1818/06/02 10:00:00 1008.84 1020.55 1013.68
1818/06/02 12:00:00 1008.84 1020.55 1013.68
1818/06/02 13:00:00 1008.84 1020.55 1013.68
1818/06/02 14:00:00 1008.84 1020.55 1013.68
1818/06/02 18:00:00 1009.32 1021.21 1014.60
1818/06/02 21:00:00 1009.32 1021.21 1014.60
1818/06/02 22:00:00 1009.32 1021.21 1014.60
1818/06/03 02:00:00 1009.06 1019.88 1013.82
1818/06/03 03:00:00 1009.06 1019.88 1013.82
1818/06/03 06:00:00 1009.06 1019.88 1013.82
1818/06/03 10:00:00 1009.06 1019.88 1013.82
1818/06/03 14:00:00 1009.06 1019.88 1013.82
1818/06/03 16:00:00 1009.06 1019.88 1013.82
1818/06/03 18:00:00 1009.06 1019.88 1013.82
1818/06/03 22:00:00 1009.06 1019.88 1013.82
1818/06/04 02:00:00 1008.97 1019.69 1013.71
1818/06/04 03:00:00 1008.97 1019.69 1013.71
1818/06/04 06:00:00 1008.97 1019.69 1013.71
1818/06/04 10:00:00 1008.97 1019.69 1013.71
1818/06/04 14:00:00 1008.97 1019.69 1013.71
1818/06/04 16:00:00 1008.97 1019.69 1013.71
1818/06/04 18:00:00 1008.97 1019.69 1013.71
1818/06/04 22:00:00 1008.97 1019.69 1013.71
1818/06/05 02:00:00 1009.13 1020.73 1014.42
1818/06/05 03:00:00 1009.13 1020.73 1014.42
1818/06/05 06:00:00 1009.13 1020.73 1014.42
1818/06/05 07:00:00 1009.13 1020.73 1014.42
1818/06/05 10:00:00 1009.13 1020.73 1014.42
1818/06/05 14:00:00 1009.13 1020.73 1014.42
1818/06/05 15:00:00 1009.13 1020.73 1014.42
1818/06/05 18:00:00 1009.13 1020.73 1014.42
1818/06/05 22:00:00 1009.13 1020.73 1014.42
1818/06/06 02:00:00 1009.10 1020.54 1014.36
1818/06/06 03:00:00 1009.10 1020.54 1014.36
1818/06/06 06:00:00 1009.10 1020.54 1014.36
1818/06/06 10:00:00 1009.10 1020.54 1014.36
1818/06/06 14:00:00 1009.10 1020.54 1014.36
1818/06/06 18:00:00 1009.10 1020.54 1014.36
1818/06/07 02:00:00 1009.09 1020.33 1014.30
1818/06/07 03:00:00 1009.09 1020.33 1014.30
1818/06/07 06:00:00 1009.09 1020.33 1014.30
1818/06/07 07:00:00 1009.09 1020.33 1014.30
1818/06/07 10:00:00 1009.09 1020.33 1014.30
1818/06/07 14:00:00 1009.09 1020.33 1014.30
1818/06/07 18:00:00 1009.09 1020.33 1014.30
1818/06/07 22:00:00 1009.09 1020.33 1014.30
1818/06/08 02:00:00 1009.09 1020.11 1014.23
1818/06/08 03:00:00 1008.71 1018.80 1013.29
1818/06/08 06:00:00 1008.71 1018.80 1013.29
1818/06/08 07:00:00 1008.71 1018.80 1013.29
1818/06/08 10:00:00 1008.71 1018.80 1013.29
1818/06/08 14:00:00 1008.71 1018.80 1013.29
1818/06/08 18:00:00 1008.71 1018.80 1013.29
1818/06/08 21:00:00 1008.71 1018.80 1013.29
1818/06/08 22:00:00 1008.71 1018.80 1013.29
1818/06/09 02:00:00 1008.48 1018.55 1013.19
1818/06/09 03:00:00 1008.48 1018.55 1013.19
1818/06/09 06:00:00 1008.48 1018.55 1013.19
1818/06/09 10:00:00 1008.48 1018.55 1013.19
1818/06/09 14:00:00 1008.48 1018.55 1013.19
1818/06/09 15:00:00 1008.48 1018.55 1013.19
1818/06/09 18:00:00 1008.48 1018.55 1013.19
1818/06/09 22:00:00 1008.48 1018.55 1013.19
1818/06/10 02:00:00 1008.27 1018.29 1013.09
1818/06/10 04:00:00 1008.27 1018.29 1013.09
1818/06/10 08:00:00 1008.27 1018.29 1013.09
1818/06/10 10:00:00 1008.27 1018.29 1013.09
1818/06/10 14:00:00 1008.27 1018.29 1013.09
1818/06/10 16:00:00 1008.27 1018.29 1013.09
1818/06/10 18:00:00 1008.27 1018.29 1013.09
1818/06/10 22:00:00 1008.27 1018.29 1013.09
1818/06/11 02:00:00 1008.07 1018.01 1012.99
1818/06/11 03:00:00 1008.07 1018.01 1012.99
1818/06/11 06:00:00 1008.07 1018.01 1012.99
1818/06/11 10:00:00 1008.07 1018.01 1012.99
1818/06/11 14:00:00 1008.07 1018.01 1012.99
1818/06/11 17:00:00 1008.07 1018.01 1012.99
1818/06/11 18:00:00 1008.07 1018.01 1012.99
1818/06/11 19:00:00 1008.07 1018.01 1012.99
1818/06/11 22:00:00 1008.07 1018.01 1012.99
1818/06/11 23:00:00 1008.07 1018.01 1012.99
1818/06/12 02:00:00 1007.90 1018.06 1012.89
1818/06/12 04:00:00 1007.90 1018.06 1012.89
1818/06/12 06:00:00 1007.90 1018.06 1012.89
1818/06/12 10:00:00 1007.90 1018.06 1012.89
1818/06/12 14:00:00 1007.90 1018.06 1012.89
1818/06/12 18:00:00 1007.90 1018.06 1012.89
1818/06/12 22:00:00 1007.90 1018.06 1012.89
1818/06/13 02:00:00 1007.74 1018.12 1012.79
1818/06/13 03:00:00 1007.74 1018.12 1012.79
1818/06/13 06:00:00 1007.74 1018.12 1012.79
1818/06/13 10:00:00 1007.74 1018.12 1012.79
1818/06/13 14:00:00 1007.74 1018.12 1012.79
1818/06/13 18:00:00 1007.74 1018.12 1012.79
1818/06/13 20:00:00 1007.74 1018.12 1012.79
1818/06/13 22:00:00 1007.74 1018.12 1012.79
1818/06/14 02:00:00 1007.61 1018.18 1012.70
1818/06/14 03:00:00 1007.61 1018.18 1012.70
1818/06/14 06:00:00 1007.61 1018.18 1012.70
1818/06/14 10:00:00 1007.61 1018.18 1012.70
1818/06/14 14:00:00 1007.61 1018.18 1012.70
1818/06/14 18:00:00 1007.61 1018.18 1012.70
1818/06/14 22:00:00 1007.61 1018.18 1012.70
1818/06/15 02:00:00 1007.50 1018.22 1012.61
1818/06/15 03:00:00 1007.50 1018.22 1012.61
1818/06/15 06:00:00 1007.50 1018.22 1012.61
1818/06/15 10:00:00 1007.50 1018.22 1012.61
1818/06/15 14:00:00 1007.50 1018.22 1012.61
1818/06/15 15:00:00 1007.50 1018.22 1012.61
1818/06/15 18:00:00 1007.50 1018.22 1012.61
1818/06/15 22:00:00 1007.50 1018.22 1012.61
1818/06/16 02:00:00 1007.42 1018.24 1012.52
1818/06/16 05:00:00 1007.42 1018.24 1012.52
1818/06/16 06:00:00 1007.42 1018.24 1012.52
1818/06/16 10:00:00 1007.42 1018.24 1012.52
1818/06/16 14:00:00   NA   NA  NA
1818/06/16 15:00:00 1007.42 1018.24 1012.52
1818/06/16 18:00:00 1007.42 1018.24 1012.52
1818/06/16 22:00:00 1007.42 1018.24 1012.52
1818/06/17 02:00:00 1007.37 1018.25 1012.44
1818/06/17 05:00:00 1007.37 1018.25 1012.44
1818/06/17 06:00:00 1007.37 1018.25 1012.44
1818/06/17 10:00:00 1007.37 1018.25 1012.44
1818/06/17 14:00:00   NA   NA  NA
1818/06/17 18:00:00 1007.37 1018.25 1012.44
1818/06/17 19:00:00 1007.37 1018.25 1012.44
1818/06/17 22:00:00 1007.37 1018.25 1012.44
1818/06/18 02:00:00 1007.34 1018.25 1012.36
1818/06/18 06:00:00 1007.34 1018.25 1012.36
1818/06/18 08:00:00 1007.34 1018.25 1012.36
1818/06/18 10:00:00 1007.34 1018.25 1012.36
1818/06/18 14:00:00 1007.34 1018.25 1012.36
1818/06/18 18:00:00 1009.36 1019.28 1013.48
1818/06/18 22:00:00 1009.36 1019.28 1013.48
1818/06/19 02:00:00 1009.32 1019.18 1013.37
1818/06/19 06:00:00 1009.32 1019.18 1013.37
1818/06/19 09:00:00 1009.32 1019.18 1013.37
1818/06/19 10:00:00 1009.32 1019.18 1013.37
1818/06/19 14:00:00 1009.32 1019.18 1013.37
1818/06/19 18:00:00 1009.32 1019.18 1013.37
1818/06/19 20:00:00 1009.32 1019.18 1013.37
1818/06/19 22:00:00 1009.32 1019.18 1013.37
1818/06/20 02:00:00 1009.29 1019.07 1013.26
1818/06/20 06:00:00 1009.29 1019.07 1013.26
1818/06/20 08:00:00 1009.29 1019.07 1013.26
1818/06/20 10:00:00 1009.29 1019.07 1013.26
1818/06/20 14:00:00 1009.29 1019.07 1013.26
1818/06/20 18:00:00 1009.29 1019.07 1013.26
1818/06/20 20:00:00 1009.29 1019.07 1013.26
1818/06/20 22:00:00 1009.29 1019.07 1013.26
1818/06/21 02:00:00 1009.28 1018.93 1013.16
1818/06/21 06:00:00 1009.28 1018.93 1013.16
1818/06/21 08:00:00 1009.28 1018.93 1013.16
1818/06/21 10:00:00 1009.28 1018.93 1013.16
1818/06/21 14:00:00 1009.28 1018.93 1013.16
1818/06/21 18:00:00 1009.28 1018.93 1013.16
1818/06/21 20:00:00 1009.28 1018.93 1013.16
1818/06/21 22:00:00 1009.28 1018.93 1013.16
1818/06/22 02:00:00 1009.29 1018.79 1013.06
1818/06/22 05:00:00 1009.29 1018.79 1013.06
1818/06/22 06:00:00 1009.29 1018.79 1013.06
1818/06/22 09:00:00 1009.29 1018.79 1013.06
1818/06/22 10:00:00 1009.29 1018.79 1013.06
1818/06/22 14:00:00 1009.29 1018.79 1013.06
1818/06/22 18:00:00 1009.29 1018.79 1013.06
1818/06/22 22:00:00 1009.29 1018.79 1013.06
1818/06/23 02:00:00 1009.32 1018.62 1012.96
1818/06/23 04:00:00 1009.32 1018.62 1012.96
1818/06/23 06:00:00 1009.32 1018.62 1012.96
1818/06/23 10:00:00 1009.32 1018.62 1012.96
1818/06/23 14:00:00 1009.32 1018.62 1012.96
1818/06/23 18:00:00 1009.32 1018.62 1012.96
1818/06/23 19:00:00 1009.32 1018.62 1012.96
1818/06/23 22:00:00 1009.32 1018.62 1012.96
1818/06/24 02:00:00 1009.35 1018.44 1012.87
1818/06/24 06:00:00 1009.35 1018.44 1012.87
1818/06/24 08:00:00 1009.35 1018.44 1012.87
1818/06/24 10:00:00 1009.35 1018.44 1012.87
1818/06/24 14:00:00 1009.35 1018.44 1012.87
1818/06/24 18:00:00 1009.35 1018.44 1012.87
1818/06/24 22:00:00 1009.35 1018.44 1012.87
1818/06/25 02:00:00 1009.30 1018.25 1012.77
1818/06/25 03:00:00 1009.30 1018.25 1012.77
1818/06/25 06:00:00 1009.30 1018.25 1012.77
1818/06/25 09:00:00 1009.30 1018.25 1012.77
1818/06/25 10:00:00 1009.30 1018.25 1012.77
1818/06/25 14:00:00 1009.30 1018.25 1012.77
1818/06/25 18:00:00 1009.30 1018.25 1012.77
1818/06/25 20:00:00 1009.30 1018.25 1012.77
1818/06/25 22:00:00 1009.30 1018.25 1012.77
1818/06/26 02:00:00 1009.26 1018.04 1012.68
1818/06/26 04:00:00 1009.26 1018.04 1012.68
1818/06/26 06:00:00 1009.26 1018.04 1012.68
1818/06/26 10:00:00 1009.26 1018.04 1012.68
1818/06/26 14:00:00 1009.26 1018.04 1012.68
1818/06/26 18:00:00 1009.26 1018.04 1012.68
1818/06/26 22:00:00 1009.26 1018.04 1012.68
1818/06/27 02:00:00 1009.23 1017.82 1012.59
1818/06/27 06:00:00 1009.23 1017.82 1012.59
1818/06/27 08:00:00 1009.23 1017.82 1012.59
1818/06/27 10:00:00 1009.23 1017.82 1012.59
1818/06/27 14:00:00 1009.23 1017.82 1012.59
1818/06/27 18:00:00 1009.23 1017.82 1012.59
1818/06/27 20:00:00 1009.23 1017.82 1012.59
1818/06/27 22:00:00 1009.23 1017.82 1012.59
1818/06/28 02:00:00 1009.20 1017.59 1012.51
1818/06/28 04:00:00 1009.20 1017.59 1012.51
1818/06/28 06:00:00 1009.20 1017.59 1012.51
1818/06/28 10:00:00 1009.20 1017.59 1012.51
1818/06/28 11:00:00 1009.20 1017.59 1012.51
1818/06/28 14:00:00 1009.20 1017.59 1012.51
1818/06/28 17:00:00 1009.20 1017.59 1012.51
1818/06/28 18:00:00 1009.20 1017.59 1012.51
1818/06/28 22:00:00 1009.20 1017.59 1012.51
1818/06/29 02:00:00 1009.18 1017.34 1012.42
1818/06/29 06:00:00 1009.18 1017.34 1012.42
1818/06/29 08:00:00 1009.18 1017.34 1012.42
1818/06/29 10:00:00 1009.18 1017.34 1012.42
1818/06/29 14:00:00 1009.18 1017.34 1012.42
1818/06/29 18:00:00 1009.18 1017.34 1012.42
1818/06/29 20:00:00 1009.18 1017.34 1012.42
1818/06/29 22:00:00 1009.18 1017.34 1012.42
1818/06/30 02:00:00 1009.16 1017.09 1012.34
1818/06/30 06:00:00 1009.56 1017.10 1012.49
1818/06/30 10:00:00 1009.56 1017.10 1012.49
1818/06/30 11:00:00 1009.56 1017.10 1012.49
1818/06/30 14:00:00 1009.56 1017.10 1012.49
1818/06/30 15:00:00 1009.56 1017.10 1012.49
1818/06/30 18:00:00 1009.56 1017.10 1012.49
1818/06/30 21:00:00 1009.56 1017.10 1012.49
1818/06/30 22:00:00 1009.56 1017.10 1012.49
1818/07/01 01:00:00 1009.53 1016.77 1012.38
1818/07/01 02:00:00 1009.53 1016.77 1012.38
1818/07/01 03:00:00 1009.53 1016.77 1012.38
1818/07/01 05:00:00 1009.53 1016.77 1012.38
1818/07/01 06:00:00 1009.53 1016.77 1012.38
1818/07/01 07:00:00 1009.53 1016.77 1012.38
1818/07/01 10:00:00 1009.53 1016.77 1012.38
1818/07/01 14:00:00 1009.53 1016.77 1012.38
1818/07/01 15:00:00 1009.53 1016.77 1012.38
1818/07/01 18:00:00 1009.53 1016.77 1012.38
1818/07/01 19:00:00 1009.53 1016.77 1012.38
1818/07/01 22:00:00 1009.53 1016.77 1012.38
1818/07/02 00:00:00 1009.50 1016.43 1012.26
1818/07/02 02:00:00 1009.50 1016.43 1012.26
1818/07/02 03:00:00 1009.50 1016.43 1012.26
1818/07/02 06:00:00 1009.50 1016.43 1012.26
1818/07/02 10:00:00 1009.50 1016.43 1012.26
1818/07/02 13:00:00 1009.50 1016.43 1012.26
1818/07/02 14:00:00 1009.50 1016.43 1012.26
1818/07/02 15:00:00 1009.50 1016.43 1012.26
1818/07/02 18:00:00 1009.50 1016.43 1012.26
1818/07/02 22:00:00 1009.50 1016.43 1012.26
1818/07/03 02:00:00 1009.48 1016.09 1012.15
1818/07/03 03:00:00 1009.48 1016.09 1012.15
1818/07/03 06:00:00 1009.48 1016.09 1012.15
1818/07/03 10:00:00 1009.48 1016.09 1012.15
1818/07/03 14:00:00 1009.48 1016.09 1012.15
1818/07/03 15:00:00 1009.48 1016.09 1012.15
1818/07/03 18:00:00 1009.48 1016.09 1012.15
1818/07/03 19:00:00 1009.48 1016.09 1012.15
1818/07/03 22:00:00 1009.48 1016.09 1012.15
1818/07/04 03:00:00 1009.45 1015.74 1012.04
1818/07/04 06:00:00 1009.45 1015.74 1012.04
1818/07/04 07:00:00 1009.45 1015.74 1012.04
1818/07/04 10:00:00 1009.45 1015.74 1012.04
1818/07/04 11:00:00 1009.45 1015.74 1012.04
1818/07/04 14:00:00 1009.45 1015.74 1012.04
1818/07/04 18:00:00 1009.45 1015.74 1012.04
1818/07/04 19:00:00 1009.45 1015.74 1012.04
1818/07/04 22:00:00 1009.45 1015.74 1012.04
1818/07/05 02:00:00 1009.44 1015.81 1011.94
1818/07/05 03:00:00 1009.44 1015.81 1011.94
1818/07/05 06:00:00 1009.44 1015.81 1011.94
1818/07/05 07:00:00 1009.44 1015.81 1011.94
1818/07/05 10:00:00 1009.44 1015.81 1011.94
1818/07/05 14:00:00 1009.44 1015.81 1011.94
1818/07/05 15:00:00 1009.44 1015.81 1011.94
1818/07/05 18:00:00 1009.44 1015.81 1011.94
1818/07/05 20:00:00 1009.44 1015.81 1011.94
1818/07/05 22:00:00 1009.44 1015.81 1011.94
1818/07/06 02:00:00 1009.42 1015.89 1011.83
1818/07/06 03:00:00 1009.42 1015.89 1011.83
1818/07/06 06:00:00 1009.42 1015.89 1011.83
1818/07/06 07:00:00 1009.42 1015.89 1011.83
1818/07/06 10:00:00 1009.42 1015.89 1011.83
1818/07/06 14:00:00 1009.42 1015.89 1011.83
1818/07/06 15:00:00 1009.42 1015.89 1011.83
1818/07/06 18:00:00 1009.42 1015.89 1011.83
1818/07/06 22:00:00 1009.42 1015.89 1011.83
1818/07/07 02:00:00 1009.07 1015.97 1011.73
1818/07/07 03:00:00 1009.07 1015.97 1011.73
1818/07/07 06:00:00 1009.07 1015.97 1011.73
1818/07/07 09:00:00 1009.07 1015.97 1011.73
1818/07/07 10:00:00 1009.07 1015.97 1011.73
1818/07/07 14:00:00 1009.07 1015.97 1011.73
1818/07/07 15:00:00 1009.07 1015.97 1011.73
1818/07/07 18:00:00 1009.07 1015.97 1011.73
1818/07/07 20:00:00 1009.07 1015.97 1011.73
1818/07/07 22:00:00 1009.07 1015.97 1011.73
1818/07/08 00:00:00 1008.70 1016.04 1011.63
1818/07/08 02:00:00 1008.70 1016.04 1011.63
1818/07/08 03:00:00 1008.70 1016.04 1011.63
1818/07/08 06:00:00 1008.70 1016.04 1011.63
1818/07/08 10:00:00 1008.70 1016.04 1011.63
1818/07/08 14:00:00 1008.70 1016.04 1011.63
1818/07/08 15:00:00 1008.70 1016.04 1011.63
1818/07/08 18:00:00 1008.70 1016.04 1011.63
1818/07/08 20:00:00 1008.70 1016.04 1011.63
1818/07/08 22:00:00 1008.70 1016.04 1011.63
1818/07/09 00:00:00 1008.35 1016.10 1011.53
1818/07/09 01:00:00 1008.35 1016.10 1011.53
1818/07/09 02:00:00 1008.35 1016.10 1011.53
1818/07/09 03:00:00 1008.35 1016.10 1011.53
1818/07/09 06:00:00 1008.35 1016.10 1011.53
1818/07/09 10:00:00 1008.35 1016.10 1011.53
1818/07/09 13:00:00 1008.35 1016.10 1011.53
1818/07/09 14:00:00 1008.35 1016.10 1011.53
1818/07/09 15:00:00 1008.35 1016.10 1011.53
1818/07/09 18:00:00 1008.35 1016.10 1011.53
1818/07/09 20:00:00 1008.35 1016.10 1011.53
1818/07/09 22:00:00 1008.35 1016.10 1011.53
1818/07/10 02:00:00 1008.02 1016.16 1011.43
1818/07/10 03:00:00 1008.02 1016.16 1011.43
1818/07/10 05:00:00 1008.02 1016.16 1011.43
1818/07/10 06:00:00 1008.02 1016.16 1011.43
1818/07/10 07:00:00 1008.02 1016.16 1011.43
1818/07/10 10:00:00 1008.02 1016.16 1011.43
1818/07/10 12:00:00 1008.02 1016.16 1011.43
1818/07/10 14:00:00 1008.02 1016.16 1011.43
1818/07/10 15:00:00 1008.02 1016.16 1011.43
1818/07/10 17:00:00 1008.02 1016.16 1011.43
1818/07/10 18:00:00 1008.02 1016.16 1011.43
1818/07/10 19:00:00 1008.02 1016.16 1011.43
1818/07/10 20:00:00 1008.02 1016.16 1011.43
1818/07/10 22:00:00 1008.02 1016.16 1011.43
1818/07/11 00:00:00 1007.72 1016.21 1011.34
1818/07/11 02:00:00 1007.72 1016.21 1011.34
1818/07/11 03:00:00 1007.72 1016.21 1011.34
1818/07/11 06:00:00 1007.72 1016.21 1011.34
1818/07/11 10:00:00 1007.72 1016.21 1011.34
1818/07/11 14:00:00 1007.72 1016.21 1011.34
1818/07/11 17:00:00 1007.72 1016.21 1011.34
1818/07/11 18:00:00 1007.72 1016.21 1011.34
1818/07/11 22:00:00 1007.72 1016.21 1011.34
1818/07/12 00:00:00 1007.45 1016.25 1011.24
1818/07/12 02:00:00 1007.45 1016.25 1011.24
1818/07/12 03:00:00 1007.45 1016.25 1011.24
1818/07/12 06:00:00 1007.45 1016.25 1011.24
1818/07/12 08:00:00 1007.45 1016.25 1011.24
1818/07/12 10:00:00 1007.45 1016.25 1011.24
1818/07/12 11:00:00 1007.45 1016.25 1011.24
1818/07/12 14:00:00 1007.45 1016.25 1011.24
1818/07/12 15:00:00 1007.45 1016.25 1011.24
1818/07/12 18:00:00 1007.45 1016.25 1011.24
1818/07/12 19:00:00 1007.45 1016.25 1011.24
1818/07/12 21:00:00 1007.45 1016.25 1011.24
1818/07/12 22:00:00 1007.45 1016.25 1011.24
1818/07/13 00:00:00 1007.21 1016.28 1011.16
1818/07/13 02:00:00 1007.21 1016.28 1011.16
1818/07/13 03:00:00 1007.21 1016.28 1011.16
1818/07/13 04:00:00 1007.21 1016.28 1011.16
1818/07/13 05:00:00 1007.21 1016.28 1011.16
1818/07/13 06:00:00 1007.21 1016.28 1011.16
1818/07/13 10:00:00 1007.21 1016.28 1011.16
1818/07/13 14:00:00 1007.21 1016.28 1011.16
1818/07/13 15:00:00 1007.21 1016.28 1011.16
1818/07/13 18:00:00 1007.21 1016.28 1011.16
1818/07/13 22:00:00 1007.21 1016.28 1011.16
1818/07/13 23:00:00 1007.21 1016.28 1011.16
1818/07/14 02:00:00 1007.00 1016.30 1011.07
1818/07/14 03:00:00 1007.00 1016.30 1011.07
1818/07/14 04:00:00 1007.00 1016.30 1011.07
1818/07/14 06:00:00 1007.00 1016.30 1011.07
1818/07/14 10:00:00 1007.00 1016.30 1011.07
1818/07/14 14:00:00   NA   NA  NA
1818/07/14 15:00:00 1007.00 1016.30 1011.07
1818/07/14 18:00:00 1007.00 1016.30 1011.07
1818/07/14 22:00:00 1007.00 1016.30 1011.07
1818/07/15 02:00:00 1006.82 1016.30 1010.99
1818/07/15 03:00:00 1006.82 1016.30 1010.99
1818/07/15 06:00:00 1006.82 1016.30 1010.99
1818/07/15 10:00:00 1006.82 1016.30 1010.99
1818/07/15 14:00:00 1006.82 1016.30 1010.99
1818/07/15 15:00:00 1006.82 1016.30 1010.99
1818/07/15 18:00:00 1006.82 1016.30 1010.99
1818/07/15 22:00:00 1006.82 1016.30 1010.99
1818/07/16 02:00:00 1006.69 1016.29 1010.91
1818/07/16 03:00:00 1006.69 1016.29 1010.91
1818/07/16 04:00:00 1006.69 1016.29 1010.91
1818/07/16 06:00:00 1006.69 1016.29 1010.91
1818/07/16 10:00:00 1006.69 1016.29 1010.91
1818/07/16 14:00:00 1006.69 1016.29 1010.91
1818/07/16 15:00:00 1006.69 1016.29 1010.91
1818/07/16 16:00:00 1006.69 1016.29 1010.91
1818/07/16 18:00:00 1006.69 1016.29 1010.91
1818/07/16 22:00:00 1006.69 1016.29 1010.91
1818/07/17 00:00:00 1006.59 1016.27 1010.83
1818/07/17 02:00:00 1006.59 1016.27 1010.83
1818/07/17 03:00:00 1006.59 1016.27 1010.83
1818/07/17 06:00:00 1006.59 1016.27 1010.83
1818/07/17 10:00:00 1006.59 1016.27 1010.83
1818/07/17 14:00:00 1006.59 1016.27 1010.83
1818/07/17 16:00:00 1006.59 1016.27 1010.83
1818/07/17 18:00:00 1006.59 1016.27 1010.83
1818/07/17 20:00:00 1006.59 1016.27 1010.83
1818/07/17 22:00:00 1006.59 1016.27 1010.83
1818/07/18 02:00:00 1006.53 1016.22 1010.76
1818/07/18 03:00:00 1006.53 1016.22 1010.76
1818/07/18 06:00:00 1006.53 1016.22 1010.76
1818/07/18 08:00:00 1006.53 1016.22 1010.76
1818/07/18 10:00:00 1006.53 1016.22 1010.76
1818/07/18 11:00:00 1006.53 1016.22 1010.76
1818/07/18 14:00:00 1006.53 1016.22 1010.76
1818/07/18 16:00:00 1006.53 1016.22 1010.76
1818/07/18 18:00:00 1006.53 1016.22 1010.76
1818/07/18 20:00:00 1006.53 1016.22 1010.76
1818/07/18 22:00:00 1006.53 1016.22 1010.76
1818/07/19 00:00:00 1006.51 1016.17 1010.69
1818/07/19 02:00:00 1006.51 1016.17 1010.69
1818/07/19 03:00:00 1006.51 1016.17 1010.69
1818/07/19 06:00:00 1006.51 1016.17 1010.69
1818/07/19 09:00:00 1006.51 1016.17 1010.69
1818/07/19 10:00:00 1006.51 1016.17 1010.69
1818/07/19 12:00:00 1006.51 1016.17 1010.69
1818/07/19 14:00:00 1006.51 1016.17 1010.69
1818/07/19 16:00:00 1006.51 1016.17 1010.69
1818/07/19 18:00:00 1006.51 1016.17 1010.69
1818/07/19 19:00:00 1006.51 1016.17 1010.69
1818/07/19 22:00:00 1006.51 1016.17 1010.69
1818/07/20 00:00:00 1006.53 1016.09 1010.62
1818/07/20 02:00:00 1006.53 1016.09 1010.62
1818/07/20 06:00:00 1006.53 1016.09 1010.62
1818/07/20 10:00:00 1006.53 1016.09 1010.62
1818/07/20 13:00:00 1006.53 1016.09 1010.62
1818/07/20 14:00:00   NA   NA  NA
1818/07/20 15:00:00 1006.53 1016.09 1010.62
1818/07/20 18:00:00 1006.53 1016.09 1010.62
1818/07/20 22:00:00 1006.53 1016.09 1010.62
1818/07/21 02:00:00 1006.58 1016.01 1010.56
1818/07/21 03:00:00 1006.58 1016.01 1010.56
1818/07/21 06:00:00 1006.58 1016.01 1010.56
1818/07/21 08:00:00 1006.58 1016.01 1010.56
1818/07/21 10:00:00 1006.58 1016.01 1010.56
1818/07/21 11:00:00 1006.58 1016.01 1010.56
1818/07/21 14:00:00 1006.58 1016.01 1010.56
1818/07/21 15:00:00 1006.58 1016.01 1010.56
1818/07/21 18:00:00 1006.58 1016.01 1010.56
1818/07/21 21:00:00 1006.58 1016.01 1010.56
1818/07/21 22:00:00 1006.58 1016.01 1010.56
1818/07/22 02:00:00 1006.66 1015.91 1010.49
1818/07/22 04:00:00 1006.66 1015.91 1010.49
1818/07/22 06:00:00 1006.66 1015.91 1010.49
1818/07/22 10:00:00 1006.66 1015.91 1010.49
1818/07/22 14:00:00 1006.66 1015.91 1010.49
1818/07/22 15:00:00 1006.66 1015.91 1010.49
1818/07/22 18:00:00 1006.66 1015.91 1010.49
1818/07/22 20:00:00 1006.66 1015.91 1010.49
1818/07/22 22:00:00 1006.66 1015.91 1010.49
1818/07/23 02:00:00 1006.77 1015.80 1010.44
1818/07/23 05:00:00 1006.77 1015.80 1010.44
1818/07/23 06:00:00 1006.77 1015.80 1010.44
1818/07/23 07:00:00 1006.77 1015.80 1010.44
1818/07/23 10:00:00 1007.40 1015.61 1010.66
1818/07/23 14:00:00 1006.69 1016.10 1010.62
1818/07/23 18:00:00 1006.69 1016.10 1010.62
1818/07/23 19:00:00 1006.69 1016.10 1010.62
1818/07/23 22:00:00 1006.69 1016.10 1010.62
1818/07/24 02:00:00 1006.82 1016.00 1010.57
1818/07/24 03:00:00 1006.82 1016.00 1010.57
1818/07/24 06:00:00 1006.82 1016.00 1010.57
1818/07/24 09:00:00 1006.82 1016.00 1010.57
1818/07/24 10:00:00 1006.82 1016.00 1010.57
1818/07/24 14:00:00 1006.82 1016.00 1010.57
1818/07/24 15:00:00 1006.82 1016.00 1010.57
1818/07/24 17:00:00 1006.82 1016.00 1010.57
1818/07/24 18:00:00 1006.82 1016.00 1010.57
1818/07/24 20:00:00 1006.82 1016.00 1010.57
1818/07/24 22:00:00 1006.82 1016.00 1010.57
1818/07/25 02:00:00 1006.96 1015.90 1010.53
1818/07/25 03:00:00 1006.96 1015.90 1010.53
1818/07/25 06:00:00 1006.96 1015.90 1010.53
1818/07/25 10:00:00 1006.96 1015.90 1010.53
1818/07/25 12:00:00 1006.96 1015.90 1010.53
1818/07/25 14:00:00 1006.96 1015.90 1010.53
1818/07/25 15:00:00 1006.96 1015.90 1010.53
1818/07/25 18:00:00 1006.96 1015.90 1010.53
1818/07/25 22:00:00 1006.96 1015.90 1010.53
1818/07/26 02:00:00 1007.13 1015.78 1010.49
1818/07/26 03:00:00 1007.13 1015.78 1010.49
1818/07/26 06:00:00 1007.13 1015.78 1010.49
1818/07/26 08:00:00 1007.13 1015.78 1010.49
1818/07/26 10:00:00 1007.13 1015.78 1010.49
1818/07/26 12:00:00 1007.13 1015.78 1010.49
1818/07/26 14:00:00 1007.13 1015.78 1010.49
1818/07/26 18:00:00 1007.13 1015.78 1010.49
1818/07/26 22:00:00 1007.13 1015.78 1010.49
1818/07/26 23:00:00 1007.13 1015.78 1010.49
1818/07/27 02:00:00 1007.32 1015.66 1010.45
1818/07/27 03:00:00 1007.32 1015.66 1010.45
1818/07/27 06:00:00 1007.32 1015.66 1010.45
1818/07/27 09:00:00 1007.32 1015.66 1010.45
1818/07/27 10:00:00 1007.32 1015.66 1010.45
1818/07/27 14:00:00 1007.32 1015.66 1010.45
1818/07/27 18:00:00 1007.32 1015.66 1010.45
1818/07/27 21:00:00 1007.32 1015.66 1010.45
1818/07/27 22:00:00 1007.32 1015.66 1010.45
1818/07/28 02:00:00 1007.53 1015.52 1010.42
1818/07/28 03:00:00 1007.53 1015.52 1010.42
1818/07/28 06:00:00 1007.53 1015.52 1010.42
1818/07/28 10:00:00 1007.53 1015.52 1010.42
1818/07/28 12:00:00 1007.53 1015.52 1010.42
1818/07/28 14:00:00 1007.53 1015.52 1010.42
1818/07/28 15:00:00 1007.53 1015.52 1010.42
1818/07/28 18:00:00 1007.53 1015.52 1010.42
1818/07/28 22:00:00 1007.53 1015.52 1010.42
1818/07/29 02:00:00 1007.75 1015.38 1010.39
1818/07/29 03:00:00 1007.75 1015.38 1010.39
1818/07/29 05:00:00 1007.75 1015.38 1010.39
1818/07/29 06:00:00 1007.75 1015.38 1010.39
1818/07/29 08:00:00 1007.75 1015.38 1010.39
1818/07/29 10:00:00 1007.75 1015.38 1010.39
1818/07/29 14:00:00 1007.75 1015.38 1010.39
1818/07/29 16:00:00 1007.75 1015.38 1010.39
1818/07/29 18:00:00 1007.75 1015.38 1010.39
1818/07/29 21:00:00 1007.75 1015.38 1010.39
1818/07/29 22:00:00 1007.75 1015.38 1010.39
1818/07/30 00:00:00 1007.74 1015.23 1010.36
1818/07/30 02:00:00 1007.74 1015.23 1010.36
1818/07/30 03:00:00 1007.74 1015.23 1010.36
1818/07/30 05:00:00 1007.74 1015.23 1010.36
1818/07/30 06:00:00 1007.74 1015.23 1010.36
1818/07/30 08:00:00 1007.74 1015.23 1010.36
1818/07/30 10:00:00 1007.74 1015.23 1010.36
1818/07/30 14:00:00 1007.74 1015.23 1010.36
1818/07/30 17:00:00 1007.74 1015.23 1010.36
1818/07/30 18:00:00 1007.74 1015.23 1010.36
1818/07/30 19:00:00 1007.74 1015.23 1010.36
1818/07/30 22:00:00 1007.74 1015.23 1010.36
1818/07/31 02:00:00 1007.68 1015.07 1010.33
1818/07/31 06:00:00 1007.68 1015.07 1010.33
1818/07/31 09:00:00 1007.68 1015.07 1010.33
1818/07/31 10:00:00 1007.68 1015.07 1010.33
1818/07/31 14:00:00 1007.68 1015.07 1010.33
1818/07/31 18:00:00 1007.68 1015.07 1010.33
1818/07/31 19:00:00 1007.68 1015.07 1010.33
1818/07/31 22:00:00 1007.68 1015.07 1010.33
1818/07/31 23:00:00 1007.68 1015.07 1010.33
1818/08/01 02:00:00 1007.64 1014.90 1010.31
1818/08/01 03:00:00 1007.64 1014.90 1010.31
1818/08/01 05:00:00 1007.64 1014.90 1010.31
1818/08/01 06:00:00 1007.64 1014.90 1010.31
1818/08/01 10:00:00 1007.64 1014.90 1010.31
1818/08/01 14:00:00 1007.64 1014.90 1010.31
1818/08/01 18:00:00 1007.64 1014.90 1010.31
1818/08/01 20:00:00 1007.64 1014.90 1010.31
1818/08/01 22:00:00 1007.64 1014.90 1010.31
1818/08/02 01:00:00 1007.60 1014.73 1010.28
1818/08/02 02:00:00 1007.60 1014.73 1010.28
1818/08/02 03:00:00 1007.60 1014.73 1010.28
1818/08/02 06:00:00 1007.60 1014.73 1010.28
1818/08/02 08:00:00 1007.60 1014.73 1010.28
1818/08/02 10:00:00 1007.60 1014.73 1010.28
1818/08/02 13:00:00 1007.60 1014.73 1010.28
1818/08/02 14:00:00 1007.60 1014.73 1010.28
1818/08/02 15:00:00 1007.60 1014.73 1010.28
1818/08/02 18:00:00 1007.60 1014.73 1010.28
1818/08/02 22:00:00 1007.60 1014.73 1010.28
1818/08/03 01:00:00 1007.49 1014.55 1010.26
1818/08/03 02:00:00 1007.49 1014.55 1010.26
1818/08/03 04:00:00 1007.49 1014.55 1010.26
1818/08/03 06:00:00 1007.49 1014.55 1010.26
1818/08/03 08:00:00 1007.49 1014.55 1010.26
1818/08/03 09:00:00 1007.49 1014.55 1010.26
1818/08/03 10:00:00 1007.49 1014.55 1010.26
1818/08/03 14:00:00 1007.49 1014.55 1010.26
1818/08/03 15:00:00 1007.49 1014.55 1010.26
1818/08/03 18:00:00 1007.49 1014.55 1010.26
1818/08/03 20:00:00 1007.49 1014.55 1010.26
1818/08/03 21:00:00 1007.49 1014.55 1010.26
1818/08/03 22:00:00 1007.49 1014.55 1010.26
1818/08/04 02:00:00 1007.28 1014.36 1010.25
1818/08/04 05:00:00 1007.28 1014.36 1010.25
1818/08/04 06:00:00 1007.28 1014.36 1010.25
1818/08/04 10:00:00 1007.28 1014.36 1010.25
1818/08/04 14:00:00 1007.28 1014.36 1010.25
1818/08/04 16:00:00 1007.28 1014.36 1010.25
1818/08/04 18:00:00 1007.28 1014.36 1010.25
1818/08/04 19:00:00 1007.28 1014.36 1010.25
1818/08/04 22:00:00 1007.28 1014.36 1010.25
1818/08/05 02:00:00 1007.07 1014.18 1010.23
1818/08/05 04:00:00 1007.07 1014.18 1010.23
1818/08/05 06:00:00 1007.07 1014.18 1010.23
1818/08/05 08:00:00 1007.07 1014.18 1010.23
1818/08/05 10:00:00 1007.07 1014.18 1010.23
1818/08/05 14:00:00 1007.07 1014.18 1010.23
1818/08/05 15:00:00 1007.07 1014.18 1010.23
1818/08/05 18:00:00 1007.07 1014.18 1010.23
1818/08/05 20:00:00 1007.07 1014.18 1010.23
1818/08/05 22:00:00 1007.07 1014.18 1010.23
1818/08/06 01:00:00 1006.88 1013.98 1010.22
1818/08/06 02:00:00 1006.88 1013.98 1010.22
1818/08/06 04:00:00 1006.88 1013.98 1010.22
1818/08/06 06:00:00 1006.88 1013.98 1010.22
1818/08/06 10:00:00 1006.88 1013.98 1010.22
1818/08/06 13:00:00 1006.88 1013.98 1010.22
1818/08/06 14:00:00 1006.88 1013.98 1010.22
1818/08/06 15:00:00 1006.88 1013.98 1010.22
1818/08/06 18:00:00 1006.88 1013.98 1010.22
1818/08/06 22:00:00 1007.01 1014.46 1010.24
1818/08/07 02:00:00 1006.83 1014.22 1010.21
1818/08/07 05:00:00 1006.83 1014.22 1010.21
1818/08/07 06:00:00 1006.83 1014.22 1010.21
1818/08/07 10:00:00 1006.83 1014.22 1010.21
1818/08/07 14:00:00 1006.83 1014.22 1010.21
1818/08/07 15:00:00 1006.83 1014.22 1010.21
1818/08/07 18:00:00 1006.83 1014.22 1010.21
1818/08/07 22:00:00 1006.83 1014.22 1010.21
1818/08/08 02:00:00 1006.66 1014.19 1010.20
1818/08/08 03:00:00 1006.66 1014.19 1010.20
1818/08/08 06:00:00 1006.66 1014.19 1010.20
1818/08/08 08:00:00 1006.66 1014.19 1010.20
1818/08/08 10:00:00 1006.66 1014.19 1010.20
1818/08/08 14:00:00 1006.66 1014.19 1010.20
1818/08/08 15:00:00 1006.66 1014.19 1010.20
1818/08/08 18:00:00 1006.66 1014.19 1010.20
1818/08/08 19:00:00 1006.66 1014.19 1010.20
1818/08/08 21:00:00 1006.66 1014.19 1010.20
1818/08/08 22:00:00 1006.66 1014.19 1010.20
1818/08/08 23:00:00 1006.66 1014.19 1010.20
1818/08/09 02:00:00 1006.51 1014.16 1010.18
1818/08/09 06:00:00 1006.51 1014.16 1010.18
1818/08/09 07:00:00 1006.51 1014.16 1010.18
1818/08/09 10:00:00 1006.51 1014.16 1010.18
1818/08/09 11:00:00 1006.51 1014.16 1010.18
1818/08/09 13:00:00 1006.51 1014.16 1010.18
1818/08/09 14:00:00 1006.51 1014.16 1010.18
1818/08/09 17:00:00 1006.51 1014.16 1010.18
1818/08/09 18:00:00 1006.51 1014.16 1010.18
1818/08/09 20:00:00 1006.51 1014.16 1010.18
1818/08/09 22:00:00 1006.51 1014.16 1010.18
1818/08/10 00:00:00 1006.38 1014.11 1010.16
1818/08/10 02:00:00 1006.38 1014.11 1010.16
1818/08/10 05:00:00 1006.38 1014.11 1010.16
1818/08/10 06:00:00 1006.38 1014.11 1010.16
1818/08/10 10:00:00 1006.38 1014.11 1010.16
1818/08/10 14:00:00 1006.38 1014.11 1010.16
1818/08/10 18:00:00 1006.38 1014.11 1010.16
1818/08/10 22:00:00 1006.38 1014.11 1010.16
1818/08/11 02:00:00 1006.27 1014.05 1010.15
1818/08/11 05:00:00 1006.27 1014.05 1010.15
1818/08/11 06:00:00 1006.27 1014.05 1010.15
1818/08/11 08:00:00 1006.27 1014.05 1010.15
1818/08/11 10:00:00 1006.27 1014.05 1010.15
1818/08/11 14:00:00 1006.27 1014.05 1010.15
1818/08/11 18:00:00 1006.27 1014.05 1010.15
1818/08/11 20:00:00 1006.27 1014.05 1010.15
1818/08/11 22:00:00 1006.27 1014.05 1010.15
1818/08/12 02:00:00 1006.18 1013.97 1010.14
1818/08/12 06:00:00 1006.18 1013.97 1010.14
1818/08/12 10:00:00 1006.18 1013.97 1010.14
1818/08/12 12:00:00 1006.18 1013.97 1010.14
1818/08/12 14:00:00 1006.18 1013.97 1010.14
1818/08/12 17:00:00 1006.18 1013.97 1010.14
1818/08/12 18:00:00 1006.18 1013.97 1010.14
1818/08/12 20:00:00 1006.18 1013.97 1010.14
1818/08/12 22:00:00 1006.18 1013.97 1010.14
1818/08/13 00:00:00 1006.11 1013.88 1010.14
1818/08/13 02:00:00 1006.11 1013.88 1010.14
1818/08/13 04:00:00 1006.11 1013.88 1010.14
1818/08/13 06:00:00 1006.11 1013.88 1010.14
1818/08/13 07:00:00 1006.11 1013.88 1010.14
1818/08/13 10:00:00 1006.11 1013.88 1010.14
1818/08/13 14:00:00 1006.11 1013.88 1010.14
1818/08/13 18:00:00 1006.11 1013.88 1010.14
1818/08/13 22:00:00 1006.11 1013.88 1010.14
1818/08/14 02:00:00 1006.07 1013.77 1010.13
1818/08/14 04:00:00 1006.07 1013.77 1010.13
1818/08/14 06:00:00 1006.07 1013.77 1010.13
1818/08/14 10:00:00 1006.07 1013.77 1010.13
1818/08/14 13:00:00 1006.07 1013.77 1010.13
1818/08/14 14:00:00 1006.07 1013.77 1010.13
1818/08/14 16:00:00 1006.07 1013.77 1010.13
1818/08/14 18:00:00 1006.07 1013.77 1010.13
1818/08/14 21:00:00 1006.07 1013.77 1010.13
1818/08/14 22:00:00 1006.07 1013.77 1010.13
1818/08/15 01:00:00 1006.05 1013.64 1010.13
1818/08/15 02:00:00 1006.05 1013.64 1010.13
1818/08/15 04:00:00 1006.05 1013.64 1010.13
1818/08/15 06:00:00 1006.05 1013.64 1010.13
1818/08/15 10:00:00 1006.05 1013.64 1010.13
1818/08/15 12:00:00 1006.05 1013.64 1010.13
1818/08/15 14:00:00 1006.05 1013.64 1010.13
1818/08/15 18:00:00 1006.05 1013.64 1010.13
1818/08/15 20:00:00 1006.05 1013.64 1010.13
1818/08/15 22:00:00 1006.05 1013.64 1010.13
1818/08/16 02:00:00 1006.06 1013.54 1010.14
1818/08/16 03:00:00 1006.06 1013.54 1010.14
1818/08/16 06:00:00 1006.06 1013.54 1010.14
1818/08/16 07:00:00 1006.06 1013.54 1010.14
1818/08/16 10:00:00 1006.06 1013.54 1010.14
1818/08/16 14:00:00 1006.06 1013.54 1010.14
1818/08/16 18:00:00 1006.06 1013.54 1010.14
1818/08/16 20:00:00 1006.06 1013.54 1010.14
1818/08/16 22:00:00 1006.06 1013.54 1010.14
1818/08/17 02:00:00 1006.09 1013.58 1010.14
1818/08/17 05:00:00 1006.09 1013.58 1010.14
1818/08/17 06:00:00 1006.09 1013.58 1010.14
1818/08/17 10:00:00 1006.09 1013.58 1010.14
1818/08/17 14:00:00 1006.09 1013.58 1010.14
1818/08/17 15:00:00 1006.09 1013.58 1010.14
1818/08/17 18:00:00 1006.09 1013.58 1010.14
1818/08/17 22:00:00 1006.09 1013.58 1010.14
1818/08/18 01:00:00 1006.16 1013.62 1010.15
1818/08/18 02:00:00 1006.16 1013.62 1010.15
1818/08/18 03:00:00 1006.16 1013.62 1010.15
1818/08/18 06:00:00 1006.16 1013.62 1010.15
1818/08/18 10:00:00 1006.16 1013.62 1010.15
1818/08/18 14:00:00 1006.16 1013.62 1010.15
1818/08/18 18:00:00 1005.92 1013.82 1010.15
1818/08/18 22:00:00 1005.92 1013.82 1010.15
1818/08/19 02:00:00 1006.01 1013.86 1010.17
1818/08/19 03:00:00 1006.01 1013.86 1010.17
1818/08/19 06:00:00 1006.01 1013.86 1010.17
1818/08/19 10:00:00 1006.01 1013.86 1010.17
1818/08/19 14:00:00 1006.01 1013.86 1010.17
1818/08/19 18:00:00 1006.01 1013.86 1010.17
1818/08/19 22:00:00 1006.01 1013.86 1010.17
1818/08/20 02:00:00 1006.12 1013.89 1010.18
1818/08/20 03:00:00 1006.12 1013.89 1010.18
1818/08/20 05:00:00 1006.12 1013.89 1010.18
1818/08/20 06:00:00 1006.12 1013.89 1010.18
1818/08/20 10:00:00 1005.66 1013.74 1009.97
1818/08/20 14:00:00 1005.66 1013.74 1009.97
1818/08/20 15:00:00 1005.66 1013.74 1009.97
1818/08/20 18:00:00 1005.66 1013.74 1009.97
1818/08/20 22:00:00 1005.66 1013.74 1009.97
1818/08/21 00:00:00 1005.83 1013.79 1010.01
1818/08/21 02:00:00 1005.83 1013.79 1010.01
1818/08/21 03:00:00 1005.83 1013.79 1010.01
1818/08/21 06:00:00 1005.83 1013.79 1010.01
1818/08/21 10:00:00 1005.83 1013.79 1010.01
1818/08/21 12:00:00 1005.83 1013.79 1010.01
1818/08/21 14:00:00 1005.83 1013.79 1010.01
1818/08/21 17:00:00 1005.83 1013.79 1010.01
1818/08/21 18:00:00 1005.83 1013.79 1010.01
1818/08/21 22:00:00 1005.83 1013.79 1010.01
1818/08/22 02:00:00 1006.02 1013.84 1010.05
1818/08/22 06:00:00 1006.02 1013.84 1010.05
1818/08/22 10:00:00 1006.02 1013.84 1010.05
1818/08/22 14:00:00 1006.02 1013.84 1010.05
1818/08/22 15:00:00 1006.02 1013.84 1010.05
1818/08/22 18:00:00 1006.02 1013.84 1010.05
1818/08/22 20:00:00 1006.02 1013.84 1010.05
1818/08/22 22:00:00 1006.02 1013.84 1010.05
1818/08/23 00:00:00 1006.22 1013.88 1010.09
1818/08/23 02:00:00 1006.22 1013.88 1010.09
1818/08/23 03:00:00 1006.22 1013.88 1010.09
1818/08/23 05:00:00 1006.22 1013.88 1010.09
1818/08/23 06:00:00 1006.22 1013.88 1010.09
1818/08/23 08:00:00 1006.22 1013.88 1010.09
1818/08/23 10:00:00 1006.22 1013.88 1010.09
1818/08/23 14:00:00 1006.22 1013.88 1010.09
1818/08/23 18:00:00 1006.22 1013.88 1010.09
1818/08/23 22:00:00 1006.22 1013.88 1010.09
1818/08/24 02:00:00 1006.44 1013.91 1010.13
1818/08/24 05:00:00 1006.44 1013.91 1010.13
1818/08/24 06:00:00 1006.44 1013.91 1010.13
1818/08/24 10:00:00 1006.44 1013.91 1010.13
1818/08/24 14:00:00 1006.44 1013.91 1010.13
1818/08/24 16:00:00 1006.44 1013.91 1010.13
1818/08/24 18:00:00 1006.44 1013.91 1010.13
1818/08/24 22:00:00 1006.44 1013.91 1010.13
1818/08/25 02:00:00 1006.68 1013.93 1010.17
1818/08/25 03:00:00 1006.68 1013.93 1010.17
1818/08/25 06:00:00 1006.68 1013.93 1010.17
1818/08/25 08:00:00 1006.68 1013.93 1010.17
1818/08/25 10:00:00 1006.68 1013.93 1010.17
1818/08/25 13:00:00 1006.68 1013.93 1010.17
1818/08/25 14:00:00 1006.68 1013.93 1010.17
1818/08/25 18:00:00 1006.68 1013.93 1010.17
1818/08/25 19:00:00 1006.68 1013.93 1010.17
1818/08/25 22:00:00 1006.68 1013.93 1010.17
1818/08/26 02:00:00 1006.92 1013.95 1010.21
1818/08/26 04:00:00 1006.92 1013.95 1010.21
1818/08/26 06:00:00 1006.92 1013.95 1010.21
1818/08/26 10:00:00 1006.92 1013.95 1010.21
1818/08/26 14:00:00 1006.92 1013.95 1010.21
1818/08/26 15:00:00 1006.92 1013.95 1010.21
1818/08/26 18:00:00 1006.92 1013.95 1010.21
1818/08/26 20:00:00 1006.92 1013.95 1010.21
1818/08/26 22:00:00 1006.92 1013.95 1010.21
1818/08/27 02:00:00 1007.18 1013.96 1010.25
1818/08/27 03:00:00 1007.18 1013.96 1010.25
1818/08/27 05:00:00 1007.18 1013.96 1010.25
1818/08/27 06:00:00 1007.18 1013.96 1010.25
1818/08/27 10:00:00 1007.18 1013.96 1010.25
1818/08/27 13:00:00 1007.18 1013.96 1010.25
1818/08/27 14:00:00 1007.18 1013.96 1010.25
1818/08/27 15:00:00 1007.18 1013.96 1010.25
1818/08/27 18:00:00 1007.18 1013.96 1010.25
1818/08/27 21:00:00 1007.18 1013.96 1010.25
1818/08/27 22:00:00 1007.18 1013.96 1010.25
1818/08/28 02:00:00 1007.46 1013.96 1010.29
1818/08/28 03:00:00 1007.46 1013.96 1010.29
1818/08/28 06:00:00 1007.46 1013.96 1010.29
1818/08/28 10:00:00 1007.46 1013.96 1010.29
1818/08/28 14:00:00 1007.46 1013.96 1010.29
1818/08/28 18:00:00 1007.46 1013.96 1010.29
1818/08/28 22:00:00 1007.46 1013.96 1010.29
1818/08/29 02:00:00 1007.74 1014.11 1010.33
1818/08/29 03:00:00 1007.74 1014.11 1010.33
1818/08/29 06:00:00 1007.74 1014.11 1010.33
1818/08/29 10:00:00 1007.74 1014.11 1010.33
1818/08/29 14:00:00 1007.88 1014.52 1010.39
1818/08/29 15:00:00 1007.88 1014.52 1010.39
1818/08/29 18:00:00 1007.88 1014.52 1010.39
1818/08/29 22:00:00 1007.88 1014.52 1010.39
1818/08/30 02:00:00 1007.73 1014.51 1010.40
1818/08/30 06:00:00 1007.73 1014.51 1010.40
1818/08/30 09:00:00 1007.73 1014.51 1010.40
1818/08/30 10:00:00 1007.73 1014.51 1010.40
1818/08/30 14:00:00 1007.73 1014.51 1010.40
1818/08/30 18:00:00 1007.73 1014.51 1010.40
1818/08/30 22:00:00 1007.73 1014.51 1010.40
1818/08/31 02:00:00 1007.57 1014.50 1010.41
1818/08/31 03:00:00 1007.57 1014.50 1010.41
1818/08/31 06:00:00 1007.57 1014.50 1010.41
1818/08/31 07:00:00 1007.57 1014.50 1010.41
1818/08/31 10:00:00 1007.57 1014.50 1010.41
1818/08/31 11:00:00 1007.57 1014.50 1010.41
1818/08/31 14:00:00   NA   NA  NA
1818/08/31 18:00:00 1007.57 1014.50 1010.41
1818/08/31 19:00:00 1007.57 1014.50 1010.41
1818/08/31 21:00:00 1007.57 1014.50 1010.41
1818/08/31 22:00:00 1007.57 1014.50 1010.41
1818/09/01 00:00:00 1007.36 1014.48 1010.42
1818/09/01 02:00:00 1007.36 1014.48 1010.42
1818/09/01 03:00:00 1007.36 1014.48 1010.42
1818/09/01 06:00:00 1007.36 1014.48 1010.42
1818/09/01 08:00:00 1007.36 1014.48 1010.42
1818/09/01 10:00:00 1007.36 1014.48 1010.42
1818/09/01 14:00:00 1007.36 1014.48 1010.42
1818/09/01 18:00:00 1007.36 1014.48 1010.42
1818/09/01 20:00:00 1007.36 1014.48 1010.42
1818/09/01 22:00:00 1007.36 1014.48 1010.42
1818/09/01 23:00:00 1007.36 1014.48 1010.42
1818/09/02 02:00:00 1007.13 1014.44 1010.43
1818/09/02 06:00:00 1007.13 1014.44 1010.43
1818/09/02 08:00:00 1007.07 1014.83 1010.51
1818/09/02 10:00:00 1007.07 1014.83 1010.51
1818/09/02 14:00:00 1007.07 1014.83 1010.51
1818/09/02 18:00:00 1007.07 1014.83 1010.51
1818/09/02 20:00:00 1007.07 1014.83 1010.51
1818/09/02 22:00:00 1007.13 1014.44 1010.43
1818/09/03 02:00:00 1006.90 1014.40 1010.44
1818/09/03 05:00:00 1006.65 1014.23 1010.10
1818/09/03 06:00:00 1006.65 1014.23 1010.10
1818/09/03 10:00:00 1006.65 1014.23 1010.10
1818/09/03 14:00:00 1006.65 1014.23 1010.10
1818/09/03 16:00:00 1006.65 1014.23 1010.10
1818/09/03 18:00:00 1006.65 1014.23 1010.10
1818/09/03 22:00:00 1006.65 1014.23 1010.10
1818/09/04 02:00:00 1006.68 1014.34 1010.45
1818/09/04 03:00:00 1006.68 1014.34 1010.45
1818/09/04 06:00:00 1006.68 1014.34 1010.45
1818/09/04 09:00:00 1006.68 1014.34 1010.45
1818/09/04 10:00:00 1006.68 1014.34 1010.45
1818/09/04 14:00:00 1006.68 1014.34 1010.45
1818/09/04 15:00:00 1006.68 1014.34 1010.45
1818/09/04 18:00:00 1006.68 1014.34 1010.45
1818/09/04 20:00:00 1006.68 1014.34 1010.45
1818/09/04 22:00:00 1006.68 1014.34 1010.45
1818/09/05 02:00:00 1006.47 1014.28 1010.46
1818/09/05 03:00:00 1006.47 1014.28 1010.46
1818/09/05 06:00:00 1006.22 1014.89 1010.07
1818/09/05 07:00:00 1006.22 1014.89 1010.07
1818/09/05 10:00:00 1006.22 1014.89 1010.07
1818/09/05 12:00:00 1006.22 1014.89 1010.07
1818/09/05 14:00:00 1006.22 1014.89 1010.07
1818/09/05 17:00:00 1006.22 1014.89 1010.07
1818/09/05 18:00:00 1006.22 1014.89 1010.07
1818/09/05 21:00:00 1006.22 1014.89 1010.07
1818/09/05 22:00:00 1006.22 1014.89 1010.07
1818/09/06 02:00:00 1006.03 1015.20 1010.05
1818/09/06 03:00:00 1006.03 1015.20 1010.05
1818/09/06 06:00:00 1006.03 1015.20 1010.05
1818/09/06 07:00:00 1006.03 1015.20 1010.05
1818/09/06 10:00:00 1006.03 1015.20 1010.05
1818/09/06 14:00:00 1006.03 1015.20 1010.05
1818/09/06 15:00:00 1006.03 1015.20 1010.05
1818/09/06 18:00:00 1006.03 1015.20 1010.05
1818/09/06 20:00:00 1006.03 1015.20 1010.05
1818/09/06 22:00:00 1006.03 1015.20 1010.05
1818/09/07 02:00:00 1005.84 1015.49 1010.04
1818/09/07 03:00:00 1005.84 1015.49 1010.04
1818/09/07 06:00:00 1005.84 1015.49 1010.04
1818/09/07 10:00:00 1005.84 1015.49 1010.04
1818/09/07 14:00:00 1005.84 1015.49 1010.04
1818/09/07 15:00:00 1005.84 1015.49 1010.04
1818/09/07 18:00:00 1005.84 1015.49 1010.04
1818/09/07 22:00:00 1005.84 1015.49 1010.04
1818/09/08 02:00:00 1005.66 1015.75 1010.03
1818/09/08 03:00:00 1005.66 1015.75 1010.03
1818/09/08 06:00:00 1005.66 1015.75 1010.03
1818/09/08 10:00:00 1005.66 1015.75 1010.03
1818/09/08 14:00:00 1005.66 1015.75 1010.03
1818/09/08 18:00:00 1005.66 1015.75 1010.03
1818/09/08 22:00:00 1005.66 1015.75 1010.03
1818/09/09 02:00:00 1005.55 1015.33 1010.21
1818/09/09 06:00:00 1005.55 1015.33 1010.21
1818/09/09 10:00:00 1005.55 1015.33 1010.21
1818/09/09 14:00:00 1005.55 1015.33 1010.21
1818/09/09 16:00:00 1005.55 1015.33 1010.21
1818/09/09 18:00:00 1005.55 1015.33 1010.21
1818/09/09 22:00:00 1005.55 1015.33 1010.21
1818/09/10 02:00:00 1005.44 1015.53 1010.21
1818/09/10 03:00:00 1005.44 1015.53 1010.21
1818/09/10 06:00:00 1005.44 1015.53 1010.21
1818/09/10 09:00:00 1005.44 1015.53 1010.21
1818/09/10 10:00:00 1005.44 1015.53 1010.21
1818/09/10 14:00:00 1005.44 1015.53 1010.21
1818/09/10 15:00:00 1005.44 1015.53 1010.21
1818/09/10 18:00:00 1005.44 1015.53 1010.21
1818/09/10 22:00:00 1005.44 1015.53 1010.21
1818/09/10 23:00:00 1005.44 1015.53 1010.21
1818/09/11 02:00:00 1005.35 1015.70 1010.22
1818/09/11 03:00:00 1005.35 1015.70 1010.22
1818/09/11 06:00:00 1005.35 1015.70 1010.22
1818/09/11 09:00:00 1005.35 1015.70 1010.22
1818/09/11 10:00:00 1005.35 1015.70 1010.22
1818/09/11 14:00:00 1005.35 1015.70 1010.22
1818/09/11 15:00:00 1005.35 1015.70 1010.22
1818/09/11 18:00:00 1005.35 1015.70 1010.22
1818/09/11 22:00:00 1005.35 1015.70 1010.22
1818/09/12 02:00:00 1005.24 1015.85 1010.23
1818/09/12 03:00:00 1005.24 1015.85 1010.23
1818/09/12 06:00:00 1005.24 1015.85 1010.23
1818/09/12 10:00:00 1005.24 1015.85 1010.23
1818/09/12 13:00:00 1006.15 1013.96 1010.70
1818/09/12 14:00:00 1006.15 1013.96 1010.70
1818/09/12 15:00:00 1006.15 1013.96 1010.70
1818/09/12 18:00:00 1006.15 1013.96 1010.70
1818/09/12 22:00:00 1006.15 1013.96 1010.70
1818/09/13 02:00:00 1006.10 1013.99 1010.71
1818/09/13 03:00:00 1006.10 1013.99 1010.71
1818/09/13 06:00:00 1006.10 1013.99 1010.71
1818/09/13 10:00:00 1006.10 1013.99 1010.71
1818/09/13 11:00:00 1006.10 1013.99 1010.71
1818/09/13 14:00:00 1006.10 1013.99 1010.71
1818/09/13 15:00:00 1006.10 1013.99 1010.71
1818/09/13 18:00:00 1006.10 1013.99 1010.71
1818/09/13 22:00:00 1006.10 1013.99 1010.71
1818/09/14 02:00:00 1006.00 1014.04 1010.72
1818/09/14 03:00:00 1006.00 1014.04 1010.72
1818/09/14 06:00:00 1006.00 1014.04 1010.72
1818/09/14 10:00:00 1006.00 1014.04 1010.72
1818/09/14 13:00:00 1005.07 1016.05 1010.26
1818/09/14 14:00:00 1005.07 1016.05 1010.26
1818/09/14 18:00:00 1005.07 1016.05 1010.26
1818/09/14 22:00:00 1005.07 1016.05 1010.26
1818/09/15 02:00:00 1002.17 1013.66 1009.15
1818/09/15 03:00:00 1002.17 1013.66 1009.15
1818/09/15 04:00:00 1002.17 1013.66 1009.15
1818/09/15 06:00:00 1003.48 1013.61 1009.45
1818/09/15 07:00:00 1003.48 1013.61 1009.45
1818/09/15 10:00:00 1003.48 1013.61 1009.45
1818/09/15 14:00:00 1003.48 1013.61 1009.45
1818/09/15 15:00:00 1003.48 1013.61 1009.45
1818/09/15 18:00:00 1003.48 1013.61 1009.45
1818/09/15 20:00:00 1003.48 1013.61 1009.45
1818/09/15 22:00:00 1003.48 1013.61 1009.45
1818/09/15 23:00:00 1003.48 1013.61 1009.45
1818/09/16 02:00:00 1003.33 1013.80 1009.41
1818/09/16 03:00:00 1003.33 1013.80 1009.41
1818/09/16 06:00:00 1003.33 1013.80 1009.41
1818/09/16 08:00:00 1003.33 1013.80 1009.41
1818/09/16 10:00:00 1003.33 1013.80 1009.41
1818/09/16 14:00:00 1003.33 1013.80 1009.41
1818/09/16 15:00:00 1003.33 1013.80 1009.41
1818/09/16 18:00:00 1003.33 1013.80 1009.41
1818/09/16 22:00:00 1003.33 1013.80 1009.41
1818/09/17 02:00:00 1003.20 1013.99 1009.37
1818/09/17 03:00:00 1003.20 1013.99 1009.37
1818/09/17 05:00:00 1003.20 1013.99 1009.37
1818/09/17 06:00:00 1003.20 1013.99 1009.37
1818/09/17 10:00:00 1003.20 1013.99 1009.37
1818/09/17 11:00:00 1003.20 1013.99 1009.37
1818/09/17 14:00:00 1003.20 1013.99 1009.37
1818/09/17 15:00:00 1003.20 1013.99 1009.37
1818/09/17 18:00:00 1003.20 1013.99 1009.37
1818/09/17 20:00:00 1003.20 1013.99 1009.37
1818/09/17 22:00:00 1003.20 1013.99 1009.37
1818/09/18 02:00:00 1003.10 1014.18 1009.34
1818/09/18 03:00:00 1003.10 1014.18 1009.34
1818/09/18 06:00:00 1003.10 1014.18 1009.34
1818/09/18 07:00:00 1003.10 1014.18 1009.34
1818/09/18 10:00:00 1003.10 1014.18 1009.34
1818/09/18 12:00:00 1003.10 1014.18 1009.34
1818/09/18 14:00:00 1003.10 1014.18 1009.34
1818/09/18 18:00:00 1003.10 1014.18 1009.34
1818/09/18 22:00:00 1003.10 1014.18 1009.34
1818/09/19 01:00:00 1003.03 1014.38 1009.31
1818/09/19 02:00:00 1003.03 1014.38 1009.31
1818/09/19 03:00:00 1003.03 1014.38 1009.31
1818/09/19 06:00:00 1003.03 1014.38 1009.31
1818/09/19 10:00:00 1003.03 1014.38 1009.31
1818/09/19 14:00:00 1003.03 1014.38 1009.31
1818/09/19 15:00:00 1003.03 1014.38 1009.31
1818/09/19 18:00:00 1003.03 1014.38 1009.31
1818/09/19 21:00:00 1003.03 1014.38 1009.31
1818/09/19 22:00:00 1003.03 1014.38 1009.31
1818/09/20 00:00:00 1002.98 1014.58 1009.29
1818/09/20 02:00:00 1003.99 1014.34 1009.56
1818/09/20 03:00:00 1003.99 1014.34 1009.56
1818/09/20 06:00:00 1003.99 1014.34 1009.56
1818/09/20 07:00:00 1003.99 1014.34 1009.56
1818/09/20 10:00:00 1003.99 1014.34 1009.56
1818/09/20 11:00:00 1003.99 1014.34 1009.56
1818/09/20 14:00:00 1003.99 1014.34 1009.56
1818/09/20 16:00:00 1003.99 1014.34 1009.56
1818/09/20 18:00:00 1003.99 1014.34 1009.56
1818/09/20 22:00:00 1003.99 1014.34 1009.56
1818/09/21 02:00:00 1003.86 1014.51 1009.53
1818/09/21 03:00:00 1003.86 1014.51 1009.53
1818/09/21 06:00:00 1003.86 1014.51 1009.53
1818/09/21 10:00:00 1003.86 1014.51 1009.53
1818/09/21 13:00:00 1003.86 1014.51 1009.53
1818/09/21 14:00:00 1003.86 1014.51 1009.53
1818/09/21 18:00:00 1003.86 1014.51 1009.53
1818/09/21 22:00:00 1003.86 1014.51 1009.53
1818/09/21 23:00:00 1003.86 1014.51 1009.53
1818/09/22 02:00:00 1003.74 1014.67 1009.49
1818/09/22 03:00:00 1003.74 1014.67 1009.49
1818/09/22 06:00:00 1003.74 1014.67 1009.49
1818/09/22 10:00:00 1003.74 1014.67 1009.49
1818/09/22 11:00:00 1003.74 1014.67 1009.49
1818/09/22 14:00:00 1003.74 1014.67 1009.49
1818/09/22 15:00:00 1003.74 1014.67 1009.49
1818/09/22 18:00:00 1003.74 1014.67 1009.49
1818/09/22 22:00:00 1003.74 1014.67 1009.49
1818/09/23 02:00:00 1003.63 1014.83 1009.45
1818/09/23 06:00:00 1003.63 1014.83 1009.45
1818/09/23 10:00:00 1003.63 1014.83 1009.45
1818/09/23 13:00:00 1003.63 1014.83 1009.45
1818/09/23 14:00:00 1003.63 1014.83 1009.45
1818/09/23 15:00:00 1003.63 1014.83 1009.45
1818/09/23 18:00:00 1003.63 1014.83 1009.45
1818/09/23 21:00:00 1003.63 1014.83 1009.45
1818/09/23 22:00:00 1003.63 1014.83 1009.45
1818/09/24 02:00:00 1003.54 1014.98 1009.41
1818/09/24 03:00:00 1003.54 1014.98 1009.41
1818/09/24 06:00:00 1003.54 1014.98 1009.41
1818/09/24 10:00:00 1003.54 1014.98 1009.41
1818/09/24 14:00:00 1003.54 1014.98 1009.41
1818/09/24 18:00:00 1003.54 1014.98 1009.41
1818/09/24 22:00:00 1003.54 1014.98 1009.41
1818/09/25 02:00:00 1003.46 1015.13 1009.38
1818/09/25 03:00:00 1003.46 1015.13 1009.38
1818/09/25 06:00:00 1003.46 1015.13 1009.38
1818/09/25 10:00:00 1003.46 1015.13 1009.38
1818/09/25 14:00:00 1003.46 1015.13 1009.38
1818/09/25 15:00:00 1003.46 1015.13 1009.38
1818/09/25 18:00:00 1003.46 1015.13 1009.38
1818/09/25 21:00:00 1003.46 1015.13 1009.38
1818/09/25 22:00:00 1003.46 1015.13 1009.38
1818/09/26 02:00:00 1003.40 1015.27 1009.34
1818/09/26 03:00:00 1003.40 1015.27 1009.34
1818/09/26 05:00:00 1003.40 1015.27 1009.34
1818/09/26 06:00:00 1003.40 1015.27 1009.34
1818/09/26 07:00:00 1003.40 1015.27 1009.34
1818/09/26 08:00:00 1003.40 1015.27 1009.34
1818/09/26 10:00:00 1003.40 1015.27 1009.34
1818/09/26 13:00:00 1003.40 1015.27 1009.34
1818/09/26 14:00:00 1003.40 1015.27 1009.34
1818/09/26 15:00:00 1003.40 1015.27 1009.34
1818/09/26 18:00:00 1003.40 1015.27 1009.34
1818/09/26 22:00:00 1003.40 1015.27 1009.34
1818/09/27 02:00:00 1003.35 1015.41 1009.30
1818/09/27 03:00:00 1003.35 1015.41 1009.30
1818/09/27 06:00:00 1003.21 1015.97 1009.20
1818/09/27 09:00:00 1003.21 1015.97 1009.20
1818/09/27 10:00:00 1003.21 1015.97 1009.20
1818/09/27 14:00:00 1003.21 1015.97 1009.20
1818/09/27 15:00:00 1003.21 1015.97 1009.20
1818/09/27 18:00:00 1003.21 1015.97 1009.20
1818/09/27 19:00:00 1003.21 1015.97 1009.20
1818/09/27 22:00:00 1003.21 1015.97 1009.20
1818/09/28 02:00:00 1003.32 1016.15 1009.20
1818/09/28 03:00:00 1003.32 1016.15 1009.20
1818/09/28 06:00:00 1003.32 1016.15 1009.20
1818/09/28 08:00:00 1003.32 1016.15 1009.20
1818/09/28 10:00:00 1003.32 1016.15 1009.20
1818/09/28 14:00:00 1003.32 1016.15 1009.20
1818/09/28 15:00:00 1003.32 1016.15 1009.20
1818/09/28 18:00:00 1003.32 1016.15 1009.20
1818/09/28 21:00:00 1003.32 1016.15 1009.20
1818/09/28 22:00:00 1003.32 1016.15 1009.20
1818/09/29 01:00:00 1003.44 1016.32 1009.20
1818/09/29 02:00:00 1003.44 1016.32 1009.20
1818/09/29 04:00:00 1003.44 1016.32 1009.20
1818/09/29 06:00:00 1003.44 1016.32 1009.20
1818/09/29 09:00:00 1003.44 1016.32 1009.20
1818/09/29 10:00:00 1003.44 1016.32 1009.20
1818/09/29 11:00:00 1003.44 1016.32 1009.20
1818/09/29 14:00:00 1003.44 1016.32 1009.20
1818/09/29 15:00:00 1003.44 1016.32 1009.20
1818/09/29 18:00:00 1003.44 1016.32 1009.20
1818/09/29 21:00:00 1003.44 1016.32 1009.20
1818/09/29 22:00:00 1003.44 1016.32 1009.20
1818/09/30 02:00:00 1004.44 1016.15 1009.08
1818/09/30 03:00:00 1004.44 1016.15 1009.08
1818/09/30 06:00:00 1004.44 1016.15 1009.08
1818/09/30 10:00:00 1004.44 1016.15 1009.08
1818/09/30 14:00:00 1004.44 1016.15 1009.08
1818/09/30 15:00:00 1004.44 1016.15 1009.08
1818/09/30 18:00:00 1004.44 1016.15 1009.08
1818/09/30 19:00:00 1004.44 1016.15 1009.08
1818/09/30 23:00:00 1004.44 1016.15 1009.08
1818/10/01 03:00:00 1004.69 1016.43 1009.13
1818/10/01 06:00:00 1004.69 1016.43 1009.13
1818/10/01 09:00:00 1004.69 1016.43 1009.13
1818/10/01 10:00:00 1004.69 1016.43 1009.13
1818/10/01 14:00:00 1004.69 1016.43 1009.13
1818/10/01 15:00:00 1004.69 1016.43 1009.13
1818/10/01 18:00:00 1004.69 1016.43 1009.13
1818/10/01 20:00:00 1004.69 1016.43 1009.13
1818/10/01 22:00:00 1004.69 1016.43 1009.13
1818/10/02 02:00:00 1004.96 1016.69 1009.18
1818/10/02 03:00:00 1004.96 1016.69 1009.18
1818/10/02 06:00:00 1004.96 1016.69 1009.18
1818/10/02 10:00:00 1004.96 1016.69 1009.18
1818/10/02 14:00:00 1004.96 1016.69 1009.18
1818/10/02 15:00:00 1004.96 1016.69 1009.18
1818/10/02 18:00:00 1004.96 1016.69 1009.18
1818/10/02 22:00:00 1004.96 1016.69 1009.18
1818/10/03 02:00:00 1005.22 1016.94 1009.22
1818/10/03 03:00:00 1005.22 1016.94 1009.22
1818/10/03 06:00:00 1005.22 1016.94 1009.22
1818/10/03 10:00:00 1005.22 1016.94 1009.22
1818/10/03 13:00:00 1005.22 1016.94 1009.22
1818/10/03 14:00:00 1005.22 1016.94 1009.22
1818/10/03 15:00:00 1005.22 1016.94 1009.22
1818/10/03 17:00:00 1005.22 1016.94 1009.22
1818/10/03 18:00:00 1005.22 1016.94 1009.22
1818/10/03 22:00:00 1005.22 1016.94 1009.22
1818/10/04 02:00:00 1005.50 1017.17 1009.27
1818/10/04 03:00:00 1005.50 1017.17 1009.27
1818/10/04 06:00:00 1005.50 1017.17 1009.27
1818/10/04 10:00:00 1003.29 1016.11 1008.65
1818/10/04 14:00:00 1003.29 1016.11 1008.65
1818/10/04 15:00:00 1003.29 1016.11 1008.65
1818/10/04 18:00:00 1003.29 1016.11 1008.65
1818/10/04 20:00:00 1003.29 1016.11 1008.65
1818/10/04 22:00:00 1003.29 1016.11 1008.65
1818/10/04 23:00:00 1003.29 1016.11 1008.65
1818/10/05 00:00:00 1003.43 1016.19 1008.65
1818/10/05 02:00:00 1003.43 1016.19 1008.65
1818/10/05 03:00:00 1003.43 1016.19 1008.65
1818/10/05 06:00:00 1003.43 1016.19 1008.65
1818/10/05 10:00:00 1003.43 1016.19 1008.65
1818/10/05 14:00:00 1003.43 1016.19 1008.65
1818/10/05 18:00:00 1003.43 1016.19 1008.65
1818/10/05 20:00:00 1003.43 1016.19 1008.65
1818/10/05 22:00:00 1003.43 1016.19 1008.65
1818/10/06 02:00:00 1005.90 1016.51 1009.88
1818/10/06 03:00:00 1005.90 1016.51 1009.88
1818/10/06 06:00:00 1005.90 1016.51 1009.88
1818/10/06 09:00:00 1004.27 1014.89 1008.70
1818/10/06 10:00:00 1004.27 1014.89 1008.70
1818/10/06 14:00:00 1004.27 1014.89 1008.70
1818/10/06 15:00:00 1004.27 1014.89 1008.70
1818/10/06 18:00:00 1004.27 1014.89 1008.70
1818/10/06 21:00:00 1004.27 1014.89 1008.70
1818/10/06 22:00:00 1004.27 1014.89 1008.70
1818/10/07 02:00:00 1004.36 1015.01 1008.69
1818/10/07 03:00:00 1004.36 1015.01 1008.69
1818/10/07 06:00:00 1004.36 1015.01 1008.69
1818/10/07 10:00:00 1004.36 1015.01 1008.69
1818/10/07 14:00:00 1004.36 1015.01 1008.69
1818/10/07 15:00:00 1004.36 1015.01 1008.69
1818/10/07 18:00:00 1004.36 1015.01 1008.69
1818/10/07 22:00:00 1004.36 1015.01 1008.69
1818/10/08 00:00:00 1004.28 1015.11 1008.68
1818/10/08 02:00:00 1004.28 1015.11 1008.68
1818/10/08 03:00:00 1004.28 1015.11 1008.68
1818/10/08 04:00:00 1004.28 1015.11 1008.68
1818/10/08 06:00:00 1004.28 1015.11 1008.68
1818/10/08 08:00:00 1004.28 1015.11 1008.68
1818/10/08 10:00:00 1004.28 1015.11 1008.68
1818/10/08 14:00:00 1004.28 1015.11 1008.68
1818/10/08 15:00:00 1004.28 1015.11 1008.68
1818/10/08 18:00:00 1004.28 1015.11 1008.68
1818/10/08 22:00:00 1001.27 1013.75 1007.46
1818/10/09 02:00:00 1000.94 1013.80 1007.44
1818/10/09 03:00:00 1000.94 1013.80 1007.44
1818/10/09 06:00:00 1000.94 1013.80 1007.44
1818/10/09 07:00:00 1000.94 1013.80 1007.44
1818/10/09 10:00:00 1000.94 1013.80 1007.44
1818/10/09 14:00:00 1000.94 1013.80 1007.44
1818/10/09 16:00:00 1000.94 1013.80 1007.44
1818/10/09 18:00:00 1000.94 1013.80 1007.44
1818/10/09 21:00:00 997.55 1012.84 1006.22
1818/10/09 22:00:00 997.55 1012.84 1006.22
1818/10/10 02:00:00 997.14 1012.91 1006.18
1818/10/10 03:00:00 997.14 1012.91 1006.18
1818/10/10 06:00:00 997.14 1012.91 1006.18
1818/10/10 10:00:00 997.14 1012.91 1006.18
1818/10/10 14:00:00 997.14 1012.91 1006.18
1818/10/10 15:00:00 997.14 1012.91 1006.18
1818/10/10 18:00:00 997.14 1012.91 1006.18
1818/10/10 20:00:00 997.14 1012.91 1006.18
1818/10/10 21:00:00 997.14 1012.91 1006.18
1818/10/10 22:00:00 997.14 1012.91 1006.18
1818/10/11 02:00:00 996.76 1012.93 1006.14
1818/10/11 03:00:00 996.76 1012.93 1006.14
1818/10/11 06:00:00 996.76 1012.93 1006.14
1818/10/11 09:00:00 995.13 1015.21 1005.29
1818/10/11 10:00:00 995.13 1015.21 1005.29
1818/10/11 14:00:00 995.13 1015.21 1005.29
1818/10/11 15:00:00 995.13 1015.21 1005.29
1818/10/11 18:00:00 995.13 1015.21 1005.29
1818/10/11 21:00:00 995.13 1015.21 1005.29
1818/10/11 22:00:00 995.13 1015.21 1005.29
1818/10/12 02:00:00 994.69 1015.21 1005.24
1818/10/12 03:00:00 994.69 1015.21 1005.24
1818/10/12 06:00:00 994.69 1015.21 1005.24
1818/10/12 10:00:00 994.69 1015.21 1005.24
1818/10/12 14:00:00 994.69 1015.21 1005.24
1818/10/12 15:00:00 994.69 1015.21 1005.24
1818/10/12 17:00:00 994.69 1015.21 1005.24
1818/10/12 18:00:00 994.69 1015.21 1005.24
1818/10/12 19:00:00 994.69 1015.21 1005.24
1818/10/12 22:00:00 994.69 1015.21 1005.24
1818/10/13 02:00:00 994.29 1015.14 1005.19
1818/10/13 03:00:00 994.29 1015.14 1005.19
1818/10/13 06:00:00 994.29 1015.14 1005.19
1818/10/13 10:00:00 994.29 1015.14 1005.19
1818/10/13 13:00:00 994.29 1015.14 1005.19
1818/10/13 14:00:00 994.29 1015.14 1005.19
1818/10/13 15:00:00 994.29 1015.14 1005.19
1818/10/13 17:00:00 994.29 1015.14 1005.19
1818/10/13 18:00:00 994.29 1015.14 1005.19
1818/10/13 19:00:00 994.29 1015.14 1005.19
1818/10/13 20:00:00 994.29 1015.14 1005.19
1818/10/13 22:00:00 994.29 1015.14 1005.19
1818/10/14 00:00:00 993.93 1014.99 1005.14
1818/10/14 02:00:00 993.93 1014.99 1005.14
1818/10/14 06:00:00 993.93 1014.99 1005.14
1818/10/14 10:00:00 993.93 1014.99 1005.14
1818/10/14 14:00:00 993.93 1014.99 1005.14
1818/10/14 15:00:00 993.93 1014.99 1005.14
1818/10/14 18:00:00 993.93 1014.99 1005.14
1818/10/14 22:00:00 993.93 1014.99 1005.14
1818/10/15 02:00:00 992.50 1015.22 1004.57
1818/10/15 03:00:00 992.50 1015.22 1004.57
1818/10/15 06:00:00 992.50 1015.22 1004.57
1818/10/15 10:00:00 992.50 1015.22 1004.57
1818/10/15 14:00:00 992.50 1015.22 1004.57
1818/10/15 15:00:00 992.50 1015.22 1004.57
1818/10/15 18:00:00 992.81 1018.60 1006.94
1818/10/15 22:00:00 992.81 1018.60 1006.94
1818/10/16 02:00:00 992.54 1018.18 1006.87
1818/10/16 03:00:00 992.54 1018.18 1006.87
1818/10/16 06:00:00 992.54 1018.18 1006.87
1818/10/16 10:00:00 992.54 1018.18 1006.87
1818/10/16 11:00:00 992.54 1018.18 1006.87
1818/10/16 14:00:00 992.54 1018.18 1006.87
1818/10/16 15:00:00 992.54 1018.18 1006.87
1818/10/16 18:00:00 992.54 1018.18 1006.87
1818/10/16 21:00:00 992.54 1018.18 1006.87
1818/10/16 22:00:00 992.70 1017.05 1006.03
1818/10/16 23:00:00 992.70 1017.05 1006.03
1818/10/17 02:00:00 992.45 1016.54 1005.96
1818/10/17 03:00:00 992.45 1016.54 1005.96
1818/10/17 06:00:00 992.45 1016.54 1005.96
1818/10/17 09:00:00 992.45 1016.54 1005.96
1818/10/17 10:00:00 992.45 1016.54 1005.96
1818/10/17 14:00:00 992.45 1016.54 1005.96
1818/10/17 18:00:00 992.45 1016.54 1005.96
1818/10/17 21:00:00 992.45 1016.54 1005.96
1818/10/17 22:00:00 992.45 1016.54 1005.96
1818/10/18 01:00:00 992.25 1015.92 1005.89
1818/10/18 02:00:00 992.25 1015.92 1005.89
1818/10/18 03:00:00 992.25 1015.92 1005.89
1818/10/18 06:00:00 992.25 1015.92 1005.89
1818/10/18 10:00:00 992.25 1015.92 1005.89
1818/10/18 12:00:00 994.73 1017.45 1005.10
1818/10/18 14:00:00 994.73 1017.45 1005.10
1818/10/18 15:00:00 994.73 1017.45 1005.10
1818/10/18 18:00:00 994.73 1017.45 1005.10
1818/10/18 22:00:00 994.73 1017.45 1005.10
1818/10/19 02:00:00 994.59 1016.95 1005.09
1818/10/19 03:00:00 994.59 1016.95 1005.09
1818/10/19 05:00:00 994.59 1016.95 1005.09
1818/10/19 06:00:00 994.59 1016.95 1005.09
1818/10/19 09:00:00 994.59 1016.95 1005.09
1818/10/19 10:00:00 994.59 1016.95 1005.09
1818/10/19 13:00:00 994.59 1016.95 1005.09
1818/10/19 14:00:00 994.59 1016.95 1005.09
1818/10/19 15:00:00 994.59 1016.95 1005.09
1818/10/19 18:00:00 994.59 1016.95 1005.09
1818/10/19 22:00:00 994.59 1016.95 1005.09
1818/10/20 02:00:00 994.49 1016.38 1005.07
1818/10/20 03:00:00 994.49 1016.38 1005.07
1818/10/20 05:00:00 994.49 1016.38 1005.07
1818/10/20 06:00:00 994.49 1016.38 1005.07
1818/10/20 10:00:00 994.49 1016.38 1005.07
1818/10/20 14:00:00 994.49 1016.38 1005.07
1818/10/20 15:00:00 994.49 1016.38 1005.07
1818/10/20 18:00:00 993.72 1016.02 1004.80
1818/10/20 22:00:00 993.72 1016.02 1004.80
1818/10/21 02:00:00 993.61 1015.43 1004.80
1818/10/21 03:00:00 993.61 1015.43 1004.80
1818/10/21 06:00:00 993.61 1015.43 1004.80
1818/10/21 07:00:00 993.61 1015.43 1004.80
1818/10/21 10:00:00 993.61 1015.43 1004.80
1818/10/21 14:00:00 993.61 1015.43 1004.80
1818/10/21 15:00:00 993.61 1015.43 1004.80
1818/10/21 18:00:00 993.61 1015.43 1004.80
1818/10/21 22:00:00 993.61 1015.43 1004.80
1818/10/22 02:00:00 993.53 1014.78 1004.81
1818/10/22 03:00:00 993.53 1014.78 1004.81
1818/10/22 06:00:00 993.53 1014.78 1004.81
1818/10/22 10:00:00 993.53 1014.78 1004.81
1818/10/22 14:00:00 993.53 1014.78 1004.81
1818/10/22 18:00:00 993.53 1014.78 1004.81
1818/10/22 22:00:00 993.53 1014.78 1004.81
1818/10/22 23:00:00 992.07 1016.22 1004.82
1818/10/23 02:00:00 992.07 1015.76 1004.83
1818/10/23 03:00:00 992.07 1015.76 1004.83
1818/10/23 06:00:00 992.07 1015.76 1004.83
1818/10/23 10:00:00 992.07 1015.76 1004.83
1818/10/23 11:00:00 992.07 1015.76 1004.83
1818/10/23 14:00:00 992.07 1015.76 1004.83
1818/10/23 15:00:00 992.07 1015.76 1004.83
1818/10/23 18:00:00 992.07 1015.76 1004.83
1818/10/23 21:00:00 992.07 1015.76 1004.83
1818/10/23 22:00:00 992.07 1015.76 1004.83
1818/10/24 02:00:00 992.12 1015.27 1004.84
1818/10/24 03:00:00 992.12 1015.27 1004.84
1818/10/24 06:00:00 992.12 1015.27 1004.84
1818/10/24 07:00:00 992.12 1015.27 1004.84
1818/10/24 10:00:00 992.12 1015.27 1004.84
1818/10/24 14:00:00 992.12 1015.27 1004.84
1818/10/24 15:00:00 992.12 1015.27 1004.84
1818/10/24 17:00:00 992.12 1015.27 1004.84
1818/10/24 18:00:00 992.12 1015.27 1004.84
1818/10/24 20:00:00 992.12 1015.27 1004.84
1818/10/24 22:00:00 992.12 1015.27 1004.84
1818/10/25 02:00:00 992.20 1014.73 1004.85
1818/10/25 03:00:00 992.20 1014.73 1004.85
1818/10/25 06:00:00 992.38 1015.85 1005.40
1818/10/25 10:00:00 992.38 1015.85 1005.40
1818/10/25 14:00:00 992.38 1015.85 1005.40
1818/10/25 18:00:00 992.38 1015.85 1005.40
1818/10/25 22:00:00 992.38 1015.85 1005.40
1818/10/26 02:00:00 992.50 1015.48 1005.42
1818/10/26 06:00:00 992.50 1015.48 1005.42
1818/10/26 10:00:00 992.50 1015.48 1005.42
1818/10/26 14:00:00 992.50 1015.48 1005.42
1818/10/26 18:00:00 992.50 1015.48 1005.42
1818/10/26 22:00:00 992.50 1015.48 1005.42
1818/10/27 02:00:00 992.66 1015.07 1005.43
1818/10/27 06:00:00 992.66 1015.07 1005.43
1818/10/27 10:00:00 992.66 1015.07 1005.43
1818/10/27 14:00:00 992.66 1015.07 1005.43
1818/10/27 18:00:00 992.66 1015.07 1005.43
1818/10/27 22:00:00 992.66 1015.07 1005.43
1818/10/28 02:00:00 992.85 1014.65 1005.45
1818/10/28 03:00:00 992.85 1014.65 1005.45
1818/10/28 06:00:00 992.85 1014.65 1005.45
1818/10/28 10:00:00 992.85 1014.65 1005.45
1818/10/28 11:00:00 992.85 1014.65 1005.45
1818/10/28 14:00:00   NA   NA  NA
1818/10/28 15:00:00 992.85 1014.65 1005.45
1818/10/28 18:00:00 992.85 1014.65 1005.45
1818/10/28 20:00:00 992.85 1014.65 1005.45
1818/10/28 22:00:00 992.85 1014.65 1005.45
1818/10/29 02:00:00 993.07 1014.20 1005.47
1818/10/29 03:00:00 993.07 1014.20 1005.47
1818/10/29 06:00:00 993.07 1014.20 1005.47
1818/10/29 10:00:00 997.27 1015.39 1005.57
1818/10/29 14:00:00 999.62 1016.55 1006.34
1818/10/29 18:00:00 999.62 1016.55 1006.34
1818/10/29 22:00:00 999.62 1016.55 1006.34
1818/10/30 02:00:00 999.52 1016.47 1006.34
1818/10/30 03:00:00 999.52 1016.47 1006.34
1818/10/30 06:00:00 999.52 1016.47 1006.34
1818/10/30 10:00:00 999.52 1016.47 1006.34
1818/10/30 11:00:00 999.52 1016.47 1006.34
1818/10/30 14:00:00 999.52 1016.47 1006.34
1818/10/30 18:00:00   NA   NA  NA
1818/10/30 20:00:00   NA   NA  NA
1818/10/30 22:00:00   NA   NA  NA
1818/10/31 02:00:00   NA   NA  NA
