1818/05/05 03:00:00   NA   NA  NA
1818/05/05 06:00:00   NA   NA  NA
1818/05/05 10:00:00   NA   NA  NA
1818/05/05 12:00:00   NA   NA  NA
1818/05/05 14:00:00 8.40 9.84 9.25
1818/05/05 15:00:00 8.40 9.84 9.25
1818/05/05 16:00:00 8.40 9.84 9.25
1818/05/05 18:00:00 8.40 9.84 9.25
1818/05/05 22:00:00 8.52 9.85 9.27
1818/05/06 02:00:00 8.53 9.89 9.30
1818/05/06 03:00:00 8.53 9.89 9.30
1818/05/06 06:00:00 8.53 9.89 9.30
1818/05/06 08:00:00 8.58 9.84 9.26
1818/05/06 10:00:00 8.58 9.84 9.26
1818/05/06 14:00:00 8.58 9.84 9.26
1818/05/06 15:00:00 8.58 9.84 9.26
1818/05/06 18:00:00 8.56 9.77 9.19
1818/05/06 19:00:00 8.56 9.77 9.19
1818/05/06 20:00:00 8.56 9.77 9.19
1818/05/06 22:00:00 8.56 9.77 9.19
1818/05/07 02:00:00 8.56 9.65 9.13
1818/05/07 03:00:00 8.56 9.65 9.13
1818/05/07 06:00:00 8.56 9.65 9.13
1818/05/07 10:00:00 8.56 9.65 9.02
1818/05/07 14:00:00 8.56 9.65 9.02
1818/05/07 18:00:00 8.52 9.61 8.95
1818/05/07 22:00:00 8.52 9.61 8.95
1818/05/08 02:00:00 8.40 9.59 8.95
1818/05/08 04:00:00 8.40 9.59 8.95
1818/05/08 06:00:00 8.40 9.59 8.95
1818/05/08 09:00:00 8.40 9.59 8.95
1818/05/08 10:00:00 8.40 9.59 8.95
1818/05/08 13:00:00 8.31 9.53 8.92
1818/05/08 14:00:00 8.31 9.53 8.92
1818/05/08 15:00:00 8.31 9.53 8.92
1818/05/08 18:00:00 8.25 9.48 8.87
1818/05/08 21:00:00 8.25 9.48 8.87
1818/05/08 22:00:00 8.25 9.48 8.87
1818/05/09 02:00:00 8.23 9.46 8.85
1818/05/09 03:00:00 8.23 9.46 8.85
1818/05/09 06:00:00 8.13 9.31 8.75
1818/05/09 08:00:00 8.13 9.31 8.75
1818/05/09 10:00:00 8.13 9.31 8.75
1818/05/09 14:00:00 7.97 9.29 8.63
1818/05/09 15:00:00 7.97 9.29 8.63
1818/05/09 18:00:00 7.97 9.29 8.63
1818/05/09 22:00:00 7.97 9.29 8.63
1818/05/10 01:00:00 7.99 9.32 8.67
1818/05/10 02:00:00 7.99 9.32 8.67
1818/05/10 03:00:00 7.99 9.32 8.67
1818/05/10 06:00:00 8.49 9.67 9.07
1818/05/10 10:00:00 8.49 9.67 9.07
1818/05/10 14:00:00 8.49 9.67 9.07
1818/05/10 15:00:00 8.49 9.67 9.07
1818/05/10 18:00:00 8.49 9.67 9.07
1818/05/10 19:00:00 8.49 9.67 9.07
1818/05/10 22:00:00 8.49 9.67 9.07
1818/05/11 02:00:00 8.51 9.70 9.11
1818/05/11 04:00:00 8.51 9.70 9.11
1818/05/11 06:00:00 8.51 9.70 9.11
1818/05/11 10:00:00 8.95 10.06 9.50
1818/05/11 11:00:00 8.95 10.06 9.50
1818/05/11 14:00:00 8.95 10.06 9.50
1818/05/11 17:00:00 8.95 10.06 9.50
1818/05/11 18:00:00 8.95 10.06 9.50
1818/05/11 22:00:00 8.95 10.06 9.50
1818/05/11 23:00:00 8.95 10.06 9.50
1818/05/12 02:00:00 8.98 10.08 9.53
1818/05/12 03:00:00 8.98 10.08 9.53
1818/05/12 06:00:00 8.98 10.08 9.53
1818/05/12 10:00:00 9.05 10.15 9.64
1818/05/12 12:00:00 9.05 10.15 9.64
1818/05/12 13:00:00 9.05 10.15 9.64
1818/05/12 14:00:00 9.05 10.15 9.64
1818/05/12 18:00:00 9.05 10.15 9.64
1818/05/12 19:00:00 9.05 10.15 9.64
1818/05/12 22:00:00 8.98 10.08 9.53
1818/05/13 02:00:00 9.01 10.11 9.57
1818/05/13 03:00:00 9.01 10.11 9.57
1818/05/13 06:00:00 9.01 10.11 9.57
1818/05/13 10:00:00 9.01 10.11 9.57
1818/05/13 14:00:00 9.01 10.11 9.57
1818/05/13 15:00:00 9.01 10.11 9.57
1818/05/13 18:00:00 9.01 10.11 9.57
1818/05/13 22:00:00 9.01 10.11 9.57
1818/05/14 02:00:00 8.90 10.02 9.46
1818/05/14 03:00:00 8.90 10.02 9.46
1818/05/14 06:00:00 8.90 10.02 9.46
1818/05/14 10:00:00 8.90 10.02 9.46
1818/05/14 13:00:00 8.90 10.02 9.46
1818/05/14 14:00:00 8.65 9.89 9.22
1818/05/14 15:00:00 8.65 9.89 9.22
1818/05/14 18:00:00 8.65 9.89 9.22
1818/05/14 20:00:00 8.65 9.89 9.22
1818/05/14 22:00:00 8.65 9.89 9.22
1818/05/15 01:00:00 8.69 9.95 9.26
1818/05/15 02:00:00 8.69 9.95 9.26
1818/05/15 06:00:00 8.19 9.74 8.93
1818/05/15 10:00:00 8.19 9.74 8.93
1818/05/15 14:00:00 8.19 9.74 8.93
1818/05/15 15:00:00 8.19 9.74 8.93
1818/05/15 18:00:00 7.72 9.53 8.63
1818/05/15 19:00:00 7.72 9.53 8.63
1818/05/15 22:00:00 7.72 9.53 8.63
1818/05/16 00:00:00 7.76 9.58 8.67
1818/05/16 02:00:00 7.76 9.58 8.67
1818/05/16 04:00:00 7.76 9.58 8.67
1818/05/16 05:00:00 7.76 9.58 8.67
1818/05/16 06:00:00 7.76 9.58 8.67
1818/05/16 10:00:00 7.76 9.58 8.67
1818/05/16 14:00:00 8.03 9.96 9.00
1818/05/16 15:00:00 7.55 9.88 8.71
1818/05/16 17:00:00 7.52 9.36 8.41
1818/05/16 18:00:00 7.52 9.36 8.41
1818/05/16 20:00:00 7.52 9.36 8.41
1818/05/16 22:00:00 7.52 9.36 8.41
1818/05/17 02:00:00 7.33 9.17 8.19
1818/05/17 03:00:00 7.33 9.17 8.19
1818/05/17 06:00:00 7.33 9.17 8.19
1818/05/17 09:00:00 7.33 9.17 8.19
1818/05/17 10:00:00 7.33 9.17 8.19
1818/05/17 14:00:00 7.05 8.92 7.94
1818/05/17 15:00:00 7.05 8.92 7.94
1818/05/17 18:00:00 7.05 8.92 7.94
1818/05/17 22:00:00 6.84 8.60 7.67
1818/05/18 01:00:00 6.68 8.26 7.45
1818/05/18 02:00:00 6.68 8.26 7.45
1818/05/18 03:00:00 6.68 8.26 7.45
1818/05/18 06:00:00 6.68 8.26 7.45
1818/05/18 08:00:00 6.44 8.22 7.25
1818/05/18 10:00:00 6.44 8.22 7.25
1818/05/18 12:00:00 6.44 8.22 7.25
1818/05/18 14:00:00 6.18 8.42 7.08
1818/05/18 15:00:00 6.18 8.42 7.08
1818/05/18 18:00:00 6.18 8.42 7.08
1818/05/18 22:00:00 6.18 8.42 7.08
1818/05/19 02:00:00 6.01 8.26 6.88
1818/05/19 03:00:00 6.01 8.26 6.88
1818/05/19 06:00:00 6.01 8.26 6.88
1818/05/19 10:00:00 6.01 8.26 6.88
1818/05/19 14:00:00 5.69 7.68 6.55
1818/05/19 15:00:00 5.69 7.68 6.55
1818/05/19 18:00:00 5.69 7.68 6.55
1818/05/19 22:00:00 5.37 7.05 6.20
1818/05/20 02:00:00 5.41 7.11 6.24
1818/05/20 03:00:00 5.41 7.11 6.24
1818/05/20 06:00:00 5.41 7.11 6.24
1818/05/20 10:00:00 4.94 6.56 5.89
1818/05/20 14:00:00 4.94 6.56 5.89
1818/05/20 15:00:00 4.94 6.56 5.89
1818/05/20 16:00:00 4.94 6.56 5.89
1818/05/20 18:00:00 4.55 6.23 5.55
1818/05/20 22:00:00 4.55 6.23 5.55
1818/05/20 23:00:00 4.55 6.23 5.55
1818/05/21 02:00:00 4.58 6.25 5.59
1818/05/21 03:00:00 4.58 6.25 5.59
1818/05/21 06:00:00 4.58 6.25 5.59
1818/05/21 09:00:00 4.24 6.04 5.25
1818/05/21 10:00:00 4.24 6.04 5.25
1818/05/21 14:00:00 4.24 6.04 5.25
1818/05/21 15:00:00 4.24 6.04 5.25
1818/05/21 18:00:00 4.00 5.65 4.92
1818/05/21 22:00:00 4.00 5.65 4.92
1818/05/22 02:00:00 3.71 5.39 4.66
1818/05/22 03:00:00 3.71 5.39 4.66
1818/05/22 06:00:00 3.24 5.10 4.36
1818/05/22 09:00:00 3.24 5.10 4.36
1818/05/22 10:00:00 3.24 5.10 4.36
1818/05/22 14:00:00 2.99 4.94 4.08
1818/05/22 15:00:00 2.99 4.94 4.08
1818/05/22 18:00:00 2.99 4.94 4.08
1818/05/22 22:00:00 2.99 4.94 4.08
1818/05/23 00:00:00 3.05 4.97 4.13
1818/05/23 02:00:00 3.05 4.97 4.13
1818/05/23 03:00:00 3.05 4.97 4.13
1818/05/23 06:00:00 2.87 4.74 3.91
1818/05/23 10:00:00 2.87 4.74 3.91
1818/05/23 11:00:00 2.87 4.74 3.91
1818/05/23 14:00:00 2.87 4.74 3.91
1818/05/23 15:00:00 2.87 4.74 3.91
1818/05/23 18:00:00 2.87 4.74 3.91
1818/05/23 20:00:00 2.87 4.74 3.91
1818/05/23 22:00:00 2.87 4.74 3.91
1818/05/24 02:00:00 2.92 4.79 3.96
1818/05/24 03:00:00 2.92 4.79 3.96
1818/05/24 06:00:00 2.90 4.74 3.82
1818/05/24 10:00:00 2.90 4.74 3.82
1818/05/24 11:00:00 2.90 4.74 3.82
1818/05/24 14:00:00 2.90 4.74 3.82
1818/05/24 18:00:00 2.90 4.74 3.82
1818/05/24 22:00:00 2.68 4.76 3.76
1818/05/25 02:00:00 2.36 4.49 3.36
1818/05/25 03:00:00 2.36 4.49 3.36
1818/05/25 06:00:00 2.36 4.49 3.36
1818/05/25 08:00:00 2.36 4.49 3.36
1818/05/25 10:00:00 2.36 4.49 3.36
1818/05/25 14:00:00 2.15 4.56 3.34
1818/05/25 18:00:00 2.15 4.56 3.34
1818/05/25 20:00:00 2.04 4.66 3.34
1818/05/25 22:00:00 2.04 4.66 3.34
1818/05/26 02:00:00 2.05 4.61 3.38
1818/05/26 03:00:00 2.05 4.61 3.38
1818/05/26 05:00:00 2.09 4.60 3.38
1818/05/26 06:00:00 2.09 4.60 3.38
1818/05/26 10:00:00 2.11 4.72 3.44
1818/05/26 14:00:00 2.08 4.84 3.54
1818/05/26 15:00:00 2.08 4.84 3.54
1818/05/26 18:00:00 2.08 4.84 3.54
1818/05/26 21:00:00 2.08 4.84 3.54
1818/05/26 22:00:00 2.08 4.84 3.54
1818/05/27 02:00:00 2.10 4.88 3.59
1818/05/27 03:00:00 2.10 4.88 3.59
1818/05/27 06:00:00 2.10 4.88 3.59
1818/05/27 09:00:00 1.24 4.66 3.18
1818/05/27 10:00:00 1.24 4.66 3.18
1818/05/27 14:00:00 1.24 4.66 3.18
1818/05/27 16:00:00 1.24 4.66 3.18
1818/05/27 18:00:00 1.24 4.66 3.18
1818/05/27 22:00:00 1.24 4.66 3.18
1818/05/28 02:00:00 1.25 4.71 3.22
1818/05/28 03:00:00 1.25 4.71 3.22
1818/05/28 05:00:00 1.25 4.77 3.30
1818/05/28 06:00:00 1.25 4.77 3.30
1818/05/28 07:00:00 1.25 4.77 3.30
1818/05/28 10:00:00 1.25 4.77 3.30
1818/05/28 14:00:00 0.76 4.26 2.76
1818/05/28 15:00:00 0.76 4.26 2.76
1818/05/28 18:00:00 0.76 4.26 2.76
1818/05/28 22:00:00 0.76 4.26 2.76
1818/05/28 23:00:00 0.76 4.26 2.76
1818/05/29 02:00:00 0.47 3.87 2.32
1818/05/29 03:00:00 0.47 3.87 2.32
1818/05/29 06:00:00 0.47 3.87 2.32
1818/05/29 10:00:00 0.47 3.87 2.32
1818/05/29 14:00:00 0.34 3.37 1.94
1818/05/29 15:00:00 0.34 3.37 1.94
1818/05/29 18:00:00 0.34 3.37 1.94
1818/05/29 22:00:00 0.34 3.37 1.94
1818/05/30 01:00:00 0.32 3.44 1.98
1818/05/30 02:00:00 0.32 3.44 1.98
1818/05/30 03:00:00 0.32 3.44 1.98
1818/05/30 06:00:00 0.35 3.11 1.79
1818/05/30 09:00:00 0.35 3.11 1.79
1818/05/30 10:00:00 0.35 3.11 1.79
1818/05/30 14:00:00 0.03 2.90 1.64
1818/05/30 17:00:00 0.03 2.90 1.64
1818/05/30 18:00:00 0.03 2.90 1.64
1818/05/30 22:00:00 0.35 3.11 1.79
1818/05/31 02:00:00 0.41 3.17 1.86
1818/05/31 03:00:00 0.41 3.17 1.86
1818/05/31 06:00:00 0.41 3.17 1.86
1818/05/31 07:00:00 0.41 3.17 1.86
1818/05/31 10:00:00 0.41 3.17 1.86
1818/05/31 14:00:00 0.41 3.17 1.86
1818/05/31 15:00:00 0.41 3.17 1.86
1818/05/31 18:00:00 0.41 3.17 1.86
1818/05/31 22:00:00 0.41 3.17 1.86
1818/05/31 23:00:00 0.41 3.17 1.86
1818/06/01 01:00:00 0.47 3.22 1.94
1818/06/01 02:00:00 0.47 3.22 1.94
1818/06/01 03:00:00 0.47 3.22 1.94
1818/06/01 06:00:00 0.47 3.22 1.94
1818/06/01 09:00:00 0.47 3.22 1.94
1818/06/01 10:00:00 0.47 3.22 1.94
1818/06/01 13:00:00 0.47 3.22 1.94
1818/06/01 14:00:00 0.47 3.22 1.94
1818/06/01 15:00:00 0.47 3.22 1.94
1818/06/01 17:00:00 0.47 3.22 1.94
1818/06/01 18:00:00 0.46 2.89 1.81
1818/06/01 21:00:00 0.46 2.89 1.81
1818/06/01 22:00:00 0.46 2.89 1.81
1818/06/02 02:00:00 0.53 2.94 1.88
1818/06/02 03:00:00 0.53 2.94 1.88
1818/06/02 06:00:00 0.53 2.94 1.88
1818/06/02 10:00:00 0.53 2.94 1.88
1818/06/02 12:00:00 0.53 2.94 1.88
1818/06/02 13:00:00 0.53 2.94 1.88
1818/06/02 14:00:00 0.53 2.94 1.88
1818/06/02 18:00:00 0.44 2.89 1.81
1818/06/02 21:00:00 0.44 2.89 1.81
1818/06/02 22:00:00 0.44 2.89 1.81
1818/06/03 02:00:00 0.74 3.17 1.92
1818/06/03 03:00:00 0.74 3.17 1.92
1818/06/03 06:00:00 0.74 3.17 1.92
1818/06/03 10:00:00 0.74 3.17 1.92
1818/06/03 14:00:00 0.74 3.17 1.92
1818/06/03 16:00:00 0.74 3.17 1.92
1818/06/03 18:00:00 0.74 3.17 1.92
1818/06/03 22:00:00 0.74 3.17 1.92
1818/06/04 02:00:00 0.80 3.25 1.98
1818/06/04 03:00:00 0.80 3.25 1.98
1818/06/04 06:00:00 0.80 3.25 1.98
1818/06/04 10:00:00 0.80 3.25 1.98
1818/06/04 14:00:00 0.80 3.25 1.98
1818/06/04 16:00:00 0.80 3.25 1.98
1818/06/04 18:00:00 0.80 3.25 1.98
1818/06/04 22:00:00 0.80 3.25 1.98
1818/06/05 02:00:00 0.69 3.17 2.02
1818/06/05 03:00:00 0.69 3.17 2.02
1818/06/05 06:00:00 0.69 3.17 2.02
1818/06/05 07:00:00 0.69 3.17 2.02
1818/06/05 10:00:00 0.69 3.17 2.02
1818/06/05 14:00:00 0.69 3.17 2.02
1818/06/05 15:00:00 0.69 3.17 2.02
1818/06/05 18:00:00 0.69 3.17 2.02
1818/06/05 22:00:00 0.69 3.17 2.02
1818/06/06 02:00:00 0.78 3.26 2.09
1818/06/06 03:00:00 0.78 3.26 2.09
1818/06/06 06:00:00 0.60 2.94 1.91
1818/06/06 10:00:00 0.60 2.94 1.91
1818/06/06 14:00:00 0.60 2.94 1.91
1818/06/06 18:00:00 0.60 2.94 1.91
1818/06/07 02:00:00 0.66 3.03 1.98
1818/06/07 03:00:00 1.01 2.97 1.97
1818/06/07 06:00:00 1.01 2.97 1.97
1818/06/07 07:00:00 1.01 2.97 1.97
1818/06/07 10:00:00 1.01 2.97 1.97
1818/06/07 14:00:00 1.01 2.97 1.97
1818/06/07 18:00:00 1.01 2.97 1.97
1818/06/07 22:00:00 1.24 3.12 2.10
1818/06/08 02:00:00 1.24 3.22 2.16
1818/06/08 03:00:00 1.05 3.46 2.17
1818/06/08 06:00:00 1.05 3.46 2.17
1818/06/08 07:00:00 1.05 3.46 2.17
1818/06/08 10:00:00 1.05 3.46 2.17
1818/06/08 14:00:00 0.94 3.24 2.16
1818/06/08 18:00:00 0.94 3.24 2.16
1818/06/08 21:00:00 0.94 3.24 2.16
1818/06/08 22:00:00 0.94 3.24 2.16
1818/06/09 02:00:00 1.01 3.32 2.22
1818/06/09 03:00:00 1.01 3.32 2.22
1818/06/09 06:00:00 1.01 3.32 2.22
1818/06/09 10:00:00 1.01 3.32 2.22
1818/06/09 14:00:00 1.01 3.32 2.22
1818/06/09 15:00:00 1.01 3.32 2.22
1818/06/09 18:00:00 1.01 3.32 2.22
1818/06/09 22:00:00 1.01 3.32 2.22
1818/06/10 02:00:00 1.09 3.41 2.28
1818/06/10 04:00:00 1.09 3.41 2.28
1818/06/10 08:00:00 1.09 3.41 2.28
1818/06/10 10:00:00 1.09 3.41 2.28
1818/06/10 14:00:00 1.09 3.41 2.28
1818/06/10 16:00:00 0.87 3.30 2.20
1818/06/10 18:00:00 0.87 3.30 2.20
1818/06/10 22:00:00 0.87 3.30 2.20
1818/06/11 02:00:00 0.84 3.39 2.25
1818/06/11 03:00:00 0.84 3.39 2.25
1818/06/11 06:00:00 0.84 3.39 2.25
1818/06/11 10:00:00 0.84 3.39 2.25
1818/06/11 14:00:00 0.84 3.39 2.25
1818/06/11 17:00:00 0.84 3.39 2.25
1818/06/11 18:00:00 0.84 3.39 2.25
1818/06/11 19:00:00 0.84 3.39 2.25
1818/06/11 22:00:00 0.84 3.39 2.25
1818/06/11 23:00:00 0.84 3.39 2.25
1818/06/12 02:00:00 0.82 3.47 2.30
1818/06/12 04:00:00 0.82 3.47 2.30
1818/06/12 06:00:00 0.82 3.47 2.30
1818/06/12 10:00:00 0.82 3.47 2.30
1818/06/12 14:00:00 0.82 3.47 2.30
1818/06/12 18:00:00 0.82 3.47 2.30
1818/06/12 22:00:00 0.82 3.47 2.30
1818/06/13 02:00:00 0.81 3.55 2.34
1818/06/13 03:00:00 0.81 3.55 2.34
1818/06/13 06:00:00 0.81 3.55 2.34
1818/06/13 10:00:00 0.81 3.55 2.34
1818/06/13 14:00:00 0.81 3.55 2.34
1818/06/13 18:00:00 0.81 3.55 2.34
1818/06/13 20:00:00 0.81 3.55 2.34
1818/06/13 22:00:00 0.81 3.55 2.34
1818/06/14 02:00:00 0.80 3.62 2.39
1818/06/14 03:00:00 0.80 3.62 2.39
1818/06/14 06:00:00 1.39 3.73 2.51
1818/06/14 10:00:00 1.39 3.73 2.51
1818/06/14 14:00:00 1.39 3.73 2.51
1818/06/14 18:00:00 1.39 3.73 2.51
1818/06/14 22:00:00 1.39 3.73 2.51
1818/06/15 02:00:00 1.44 3.80 2.56
1818/06/15 03:00:00 1.44 3.80 2.56
1818/06/15 06:00:00 1.44 3.80 2.56
1818/06/15 10:00:00 1.44 3.80 2.56
1818/06/15 14:00:00 1.44 3.80 2.56
1818/06/15 15:00:00 1.44 3.80 2.56
1818/06/15 18:00:00 1.44 3.80 2.56
1818/06/15 22:00:00 1.44 3.80 2.56
1818/06/16 02:00:00 1.49 3.86 2.62
1818/06/16 05:00:00 1.49 3.86 2.62
1818/06/16 06:00:00 0.84 3.17 2.30
1818/06/16 10:00:00 0.84 3.17 2.30
1818/06/16 14:00:00   NA   NA  NA
1818/06/16 15:00:00 0.84 3.17 2.30
1818/06/16 18:00:00 0.84 3.17 2.30
1818/06/16 22:00:00 0.84 3.17 2.30
1818/06/17 02:00:00 0.86 3.22 2.34
1818/06/17 05:00:00 0.86 3.22 2.34
1818/06/17 06:00:00 0.86 3.22 2.34
1818/06/17 10:00:00 0.86 3.22 2.34
1818/06/17 14:00:00   NA   NA  NA
1818/06/17 18:00:00 0.86 3.22 2.34
1818/06/17 19:00:00 0.86 3.22 2.34
1818/06/17 22:00:00 0.86 3.22 2.34
1818/06/18 02:00:00 0.90 3.28 2.39
1818/06/18 06:00:00 0.90 3.28 2.39
1818/06/18 08:00:00 0.90 3.28 2.39
1818/06/18 10:00:00 0.90 3.28 2.39
1818/06/18 14:00:00 0.92 3.10 2.32
1818/06/18 18:00:00 0.92 3.10 2.32
1818/06/18 22:00:00 0.92 3.10 2.32
1818/06/19 02:00:00 0.96 3.15 2.37
1818/06/19 06:00:00 0.96 3.15 2.37
1818/06/19 09:00:00 0.96 3.15 2.37
1818/06/19 10:00:00 0.96 3.15 2.37
1818/06/19 14:00:00 0.96 3.15 2.37
1818/06/19 18:00:00 0.96 3.15 2.37
1818/06/19 20:00:00 0.96 3.15 2.37
1818/06/19 22:00:00 0.96 3.15 2.37
1818/06/20 02:00:00 1.01 3.19 2.42
1818/06/20 06:00:00 1.01 3.19 2.42
1818/06/20 08:00:00 1.01 3.19 2.42
1818/06/20 10:00:00 1.01 3.19 2.42
1818/06/20 14:00:00 1.01 3.19 2.42
1818/06/20 18:00:00 1.01 3.19 2.42
1818/06/20 20:00:00 1.01 3.19 2.42
1818/06/20 22:00:00 1.01 3.19 2.42
1818/06/21 02:00:00 1.07 3.23 2.47
1818/06/21 06:00:00 1.07 3.23 2.47
1818/06/21 08:00:00 1.07 3.23 2.47
1818/06/21 10:00:00 1.07 3.23 2.47
1818/06/21 14:00:00 1.07 3.23 2.47
1818/06/21 18:00:00 1.07 3.23 2.47
1818/06/21 20:00:00 1.07 3.23 2.47
1818/06/21 22:00:00 1.07 3.23 2.47
1818/06/22 02:00:00 1.13 3.27 2.52
1818/06/22 05:00:00 1.13 3.27 2.52
1818/06/22 06:00:00 1.13 3.27 2.52
1818/06/22 09:00:00 1.13 3.27 2.52
1818/06/22 10:00:00 1.13 3.27 2.52
1818/06/22 14:00:00 1.13 3.27 2.52
1818/06/22 18:00:00 1.13 3.27 2.52
1818/06/22 22:00:00 1.13 3.27 2.52
1818/06/23 02:00:00 1.20 3.31 2.57
1818/06/23 04:00:00 1.20 3.31 2.57
1818/06/23 06:00:00 1.20 3.31 2.57
1818/06/23 10:00:00 1.20 3.31 2.57
1818/06/23 14:00:00 1.20 3.31 2.57
1818/06/23 18:00:00 1.20 3.31 2.57
1818/06/23 19:00:00 1.20 3.31 2.57
1818/06/23 22:00:00 1.20 3.31 2.57
1818/06/24 02:00:00 1.27 3.42 2.61
1818/06/24 06:00:00 1.27 3.42 2.61
1818/06/24 08:00:00 1.27 3.42 2.61
1818/06/24 10:00:00 1.27 3.42 2.61
1818/06/24 14:00:00 1.27 3.42 2.61
1818/06/24 18:00:00 1.27 3.42 2.61
1818/06/24 22:00:00 1.27 3.42 2.61
1818/06/25 02:00:00 1.34 3.52 2.66
1818/06/25 03:00:00 1.34 3.52 2.66
1818/06/25 06:00:00 1.34 3.52 2.66
1818/06/25 09:00:00 1.34 3.52 2.66
1818/06/25 10:00:00 1.34 3.52 2.66
1818/06/25 14:00:00 1.34 3.52 2.66
1818/06/25 18:00:00 1.34 3.52 2.66
1818/06/25 20:00:00 1.34 3.52 2.66
1818/06/25 22:00:00 1.34 3.52 2.66
1818/06/26 02:00:00 1.41 3.63 2.70
1818/06/26 04:00:00 1.41 3.63 2.70
1818/06/26 06:00:00 1.41 3.63 2.70
1818/06/26 10:00:00 1.41 3.63 2.70
1818/06/26 14:00:00 1.41 3.63 2.70
1818/06/26 18:00:00 1.41 3.63 2.70
1818/06/26 22:00:00 1.41 3.63 2.70
1818/06/27 02:00:00 1.49 3.74 2.75
1818/06/27 06:00:00 1.49 3.74 2.75
1818/06/27 08:00:00 1.49 3.74 2.75
1818/06/27 10:00:00 1.49 3.74 2.75
1818/06/27 14:00:00 -1.17 2.67 1.14
1818/06/27 18:00:00 -1.17 2.67 1.14
1818/06/27 20:00:00 -1.17 2.67 1.14
1818/06/27 22:00:00 -1.17 2.67 1.14
1818/06/28 02:00:00 -1.07 2.68 1.19
1818/06/28 04:00:00 -1.07 2.68 1.19
1818/06/28 06:00:00 -1.07 2.68 1.19
1818/06/28 10:00:00 -1.07 2.68 1.19
1818/06/28 11:00:00 -1.07 2.68 1.19
1818/06/28 14:00:00 -1.07 2.68 1.19
1818/06/28 17:00:00 -1.07 2.68 1.19
1818/06/28 18:00:00 -1.07 2.68 1.19
1818/06/28 22:00:00 -1.07 2.68 1.19
1818/06/29 02:00:00 -0.97 2.69 1.24
1818/06/29 06:00:00 -0.97 2.69 1.24
1818/06/29 08:00:00 -0.97 2.69 1.24
1818/06/29 10:00:00 -0.97 2.69 1.24
1818/06/29 14:00:00 -0.97 2.69 1.24
1818/06/29 18:00:00 -0.97 2.69 1.24
1818/06/29 20:00:00 -0.97 2.69 1.24
1818/06/29 22:00:00 -0.97 2.69 1.24
1818/06/30 02:00:00 -0.87 2.69 1.29
1818/06/30 06:00:00 2.14 4.32 2.92
1818/06/30 10:00:00 2.14 4.32 2.92
1818/06/30 11:00:00 2.14 4.32 2.92
1818/06/30 14:00:00 2.14 4.32 2.92
1818/06/30 15:00:00 2.14 4.32 2.92
1818/06/30 18:00:00 2.14 4.32 2.92
1818/06/30 21:00:00 2.14 4.32 2.92
1818/06/30 22:00:00 2.14 4.32 2.92
1818/07/01 01:00:00 2.22 4.44 2.97
1818/07/01 02:00:00 2.22 4.44 2.97
1818/07/01 03:00:00 2.22 4.44 2.97
1818/07/01 05:00:00 2.22 4.44 2.97
1818/07/01 06:00:00 2.22 4.44 2.97
1818/07/01 07:00:00 2.22 4.44 2.97
1818/07/01 10:00:00 2.22 4.44 2.97
1818/07/01 14:00:00 2.22 4.44 2.97
1818/07/01 15:00:00 2.22 4.44 2.97
1818/07/01 18:00:00 2.22 4.44 2.97
1818/07/01 19:00:00 2.22 4.44 2.97
1818/07/01 22:00:00 2.22 4.44 2.97
1818/07/02 00:00:00 2.20 4.55 3.02
1818/07/02 02:00:00 2.20 4.55 3.02
1818/07/02 03:00:00 2.20 4.55 3.02
1818/07/02 06:00:00 2.20 4.55 3.02
1818/07/02 10:00:00 2.20 4.55 3.02
1818/07/02 13:00:00 2.20 4.55 3.02
1818/07/02 14:00:00 2.20 4.55 3.02
1818/07/02 15:00:00 2.20 4.55 3.02
1818/07/02 18:00:00 2.20 4.55 3.02
1818/07/02 22:00:00 2.20 4.55 3.02
1818/07/03 02:00:00 2.19 4.66 3.06
1818/07/03 03:00:00 2.19 4.66 3.06
1818/07/03 06:00:00 2.19 4.66 3.06
1818/07/03 10:00:00 2.19 4.66 3.06
1818/07/03 14:00:00 1.94 4.64 3.00
1818/07/03 15:00:00 1.94 4.64 3.00
1818/07/03 18:00:00 1.94 4.64 3.00
1818/07/03 19:00:00 1.94 4.64 3.00
1818/07/03 22:00:00 1.94 4.64 3.00
1818/07/04 03:00:00 1.50 4.94 2.77
1818/07/04 06:00:00 1.50 4.94 2.77
1818/07/04 07:00:00 1.50 4.94 2.77
1818/07/04 10:00:00 1.50 4.94 2.77
1818/07/04 11:00:00 1.50 4.94 2.77
1818/07/04 14:00:00 1.50 4.94 2.77
1818/07/04 18:00:00 1.50 4.94 2.77
1818/07/04 19:00:00 1.50 4.94 2.77
1818/07/04 22:00:00 1.50 4.94 2.77
1818/07/05 02:00:00 1.42 5.06 2.80
1818/07/05 03:00:00 1.42 5.06 2.80
1818/07/05 06:00:00 1.37 4.77 2.38
1818/07/05 07:00:00 1.37 4.77 2.38
1818/07/05 10:00:00 1.37 4.77 2.38
1818/07/05 14:00:00 1.37 4.77 2.38
1818/07/05 15:00:00 1.37 4.77 2.38
1818/07/05 18:00:00 1.37 4.77 2.38
1818/07/05 20:00:00 1.37 4.77 2.38
1818/07/05 22:00:00 1.37 4.77 2.38
1818/07/06 02:00:00 1.39 4.89 2.41
1818/07/06 03:00:00 1.39 4.89 2.41
1818/07/06 06:00:00 1.39 4.89 2.41
1818/07/06 07:00:00 1.39 4.89 2.41
1818/07/06 10:00:00 1.39 4.89 2.41
1818/07/06 14:00:00 1.39 4.89 2.41
1818/07/06 15:00:00 1.39 4.89 2.41
1818/07/06 18:00:00 1.39 4.89 2.41
1818/07/06 22:00:00 1.39 4.89 2.41
1818/07/07 02:00:00 0.37 4.46 2.27
1818/07/07 03:00:00 0.37 4.46 2.27
1818/07/07 06:00:00 0.37 4.46 2.27
1818/07/07 09:00:00 0.37 4.46 2.27
1818/07/07 10:00:00 0.37 4.46 2.27
1818/07/07 14:00:00 0.43 4.46 1.90
1818/07/07 15:00:00 0.43 4.46 1.90
1818/07/07 18:00:00 0.43 4.46 1.90
1818/07/07 20:00:00 0.43 4.46 1.90
1818/07/07 22:00:00 0.43 4.46 1.90
1818/07/08 00:00:00 0.57 4.56 2.00
1818/07/08 02:00:00 0.57 4.56 2.00
1818/07/08 03:00:00 0.57 4.56 2.00
1818/07/08 06:00:00 0.57 4.56 2.00
1818/07/08 10:00:00 0.57 4.56 2.00
1818/07/08 14:00:00 0.57 4.56 2.00
1818/07/08 15:00:00 0.57 4.56 2.00
1818/07/08 18:00:00 0.57 4.56 2.00
1818/07/08 20:00:00 0.57 4.56 2.00
1818/07/08 22:00:00 0.57 4.56 2.00
1818/07/09 00:00:00 0.71 4.78 2.10
1818/07/09 01:00:00 0.71 4.78 2.10
1818/07/09 02:00:00 0.71 4.78 2.10
1818/07/09 03:00:00 0.71 4.78 2.10
1818/07/09 06:00:00 0.71 4.78 2.10
1818/07/09 10:00:00 0.71 4.78 2.10
1818/07/09 13:00:00 -0.10 4.08 1.54
1818/07/09 14:00:00 -0.10 4.08 1.54
1818/07/09 15:00:00 0.71 4.78 2.10
1818/07/09 18:00:00 0.71 4.78 2.10
1818/07/09 20:00:00 0.71 4.78 2.10
1818/07/09 22:00:00 0.71 4.78 2.10
1818/07/10 02:00:00 0.85 4.98 2.20
1818/07/10 03:00:00 0.85 4.98 2.20
1818/07/10 05:00:00 0.85 4.98 2.20
1818/07/10 06:00:00 0.85 4.98 2.20
1818/07/10 07:00:00 0.85 4.98 2.20
1818/07/10 10:00:00 0.85 4.98 2.20
1818/07/10 12:00:00 0.85 4.98 2.20
1818/07/10 14:00:00 0.63 5.05 2.41
1818/07/10 15:00:00 0.63 5.05 2.41
1818/07/10 17:00:00 0.63 5.05 2.41
1818/07/10 18:00:00 0.63 5.05 2.41
1818/07/10 19:00:00 0.63 5.05 2.41
1818/07/10 20:00:00 0.63 5.05 2.41
1818/07/10 22:00:00 0.63 5.05 2.41
1818/07/11 00:00:00 0.72 5.23 2.45
1818/07/11 02:00:00 0.72 5.23 2.45
1818/07/11 03:00:00 0.72 5.23 2.45
1818/07/11 06:00:00 0.72 5.23 2.45
1818/07/11 10:00:00 0.72 5.23 2.45
1818/07/11 14:00:00 0.72 5.23 2.45
1818/07/11 17:00:00 0.72 5.23 2.45
1818/07/11 18:00:00 0.72 5.23 2.45
1818/07/11 22:00:00 0.72 5.23 2.45
1818/07/12 00:00:00 0.81 5.41 2.50
1818/07/12 02:00:00 0.81 5.41 2.50
1818/07/12 03:00:00 0.81 5.41 2.50
1818/07/12 06:00:00 0.81 5.41 2.50
1818/07/12 08:00:00 0.81 5.41 2.50
1818/07/12 10:00:00 0.81 5.41 2.50
1818/07/12 11:00:00 0.81 5.41 2.50
1818/07/12 14:00:00 0.81 5.41 2.50
1818/07/12 15:00:00 0.81 5.41 2.50
1818/07/12 18:00:00 0.81 5.41 2.50
1818/07/12 19:00:00 0.81 5.41 2.50
1818/07/12 21:00:00 1.45 5.57 2.60
1818/07/12 22:00:00 1.45 5.57 2.60
1818/07/13 00:00:00 1.45 5.66 2.64
1818/07/13 02:00:00 1.45 5.66 2.64
1818/07/13 03:00:00 1.45 5.66 2.64
1818/07/13 04:00:00 1.45 5.66 2.64
1818/07/13 05:00:00 1.45 5.66 2.64
1818/07/13 06:00:00 1.45 5.66 2.64
1818/07/13 10:00:00 1.45 5.66 2.64
1818/07/13 14:00:00 1.45 5.66 2.64
1818/07/13 15:00:00 1.45 5.66 2.64
1818/07/13 18:00:00 1.45 5.66 2.64
1818/07/13 22:00:00 1.45 5.66 2.64
1818/07/13 23:00:00 1.45 5.66 2.64
1818/07/14 02:00:00 1.40 5.75 2.67
1818/07/14 03:00:00 1.40 5.75 2.67
1818/07/14 04:00:00 1.40 5.75 2.67
1818/07/14 06:00:00 1.40 5.75 2.67
1818/07/14 10:00:00 1.00 5.73 2.59
1818/07/14 14:00:00   NA   NA  NA
1818/07/14 15:00:00 1.00 5.73 2.59
1818/07/14 18:00:00 1.00 5.73 2.59
1818/07/14 22:00:00 1.00 5.73 2.59
1818/07/15 02:00:00 1.10 5.87 2.64
1818/07/15 03:00:00 1.10 5.87 2.64
1818/07/15 06:00:00 1.10 5.87 2.64
1818/07/15 10:00:00 1.10 5.87 2.64
1818/07/15 14:00:00 1.10 5.87 2.64
1818/07/15 15:00:00 1.10 5.87 2.64
1818/07/15 18:00:00 1.10 5.87 2.64
1818/07/15 22:00:00 1.51 5.85 2.66
1818/07/16 02:00:00 1.63 5.99 2.74
1818/07/16 03:00:00 1.63 5.99 2.74
1818/07/16 04:00:00 1.63 5.99 2.74
1818/07/16 06:00:00 1.63 5.99 2.74
1818/07/16 10:00:00 1.63 5.99 2.74
1818/07/16 14:00:00 1.63 5.99 2.74
1818/07/16 15:00:00 1.63 5.99 2.74
1818/07/16 16:00:00 1.63 5.99 2.74
1818/07/16 18:00:00 1.63 5.99 2.74
1818/07/16 22:00:00 1.63 5.99 2.74
1818/07/17 00:00:00 1.76 6.12 2.82
1818/07/17 02:00:00 1.76 6.12 2.82
1818/07/17 03:00:00 1.76 6.12 2.82
1818/07/17 06:00:00 1.76 6.12 2.82
1818/07/17 10:00:00 1.76 6.12 2.82
1818/07/17 14:00:00 1.76 6.12 2.82
1818/07/17 16:00:00 1.76 6.12 2.82
1818/07/17 18:00:00 1.76 6.12 2.82
1818/07/17 20:00:00 1.76 6.12 2.82
1818/07/17 22:00:00 1.76 6.12 2.82
1818/07/18 02:00:00 1.85 6.23 2.90
1818/07/18 03:00:00 1.85 6.23 2.90
1818/07/18 06:00:00 1.85 6.23 2.90
1818/07/18 08:00:00 0.57 4.90 2.33
1818/07/18 10:00:00 0.57 4.90 2.33
1818/07/18 11:00:00 0.57 4.90 2.33
1818/07/18 14:00:00 0.57 4.90 2.33
1818/07/18 16:00:00 0.57 4.90 2.33
1818/07/18 18:00:00 0.57 4.90 2.33
1818/07/18 20:00:00 0.57 4.90 2.33
1818/07/18 22:00:00 0.57 4.90 2.33
1818/07/19 00:00:00 0.63 5.03 2.41
1818/07/19 02:00:00 0.63 5.03 2.41
1818/07/19 03:00:00 0.63 5.03 2.41
1818/07/19 06:00:00 0.63 5.03 2.41
1818/07/19 09:00:00 0.63 5.03 2.41
1818/07/19 10:00:00 0.63 5.03 2.41
1818/07/19 12:00:00 0.63 5.03 2.41
1818/07/19 14:00:00 0.63 5.03 2.41
1818/07/19 16:00:00 0.63 5.03 2.41
1818/07/19 18:00:00 0.63 5.03 2.41
1818/07/19 19:00:00 0.63 5.03 2.41
1818/07/19 22:00:00 0.63 5.03 2.41
1818/07/20 00:00:00 0.69 5.14 2.48
1818/07/20 02:00:00 0.69 5.14 2.48
1818/07/20 06:00:00 0.69 5.14 2.48
1818/07/20 10:00:00 0.69 5.14 2.48
1818/07/20 13:00:00 0.69 5.14 2.48
1818/07/20 14:00:00   NA   NA  NA
1818/07/20 15:00:00 0.69 5.14 2.48
1818/07/20 18:00:00 0.69 5.14 2.48
1818/07/20 22:00:00 0.69 5.14 2.48
1818/07/21 02:00:00 0.75 5.24 2.55
1818/07/21 03:00:00 0.75 5.24 2.55
1818/07/21 06:00:00 0.75 5.24 2.55
1818/07/21 08:00:00 0.75 5.24 2.55
1818/07/21 10:00:00 0.75 5.24 2.55
1818/07/21 11:00:00 0.75 5.24 2.55
1818/07/21 14:00:00 -1.60 4.50 2.17
1818/07/21 15:00:00 0.75 5.24 2.55
1818/07/21 18:00:00 0.75 5.24 2.55
1818/07/21 21:00:00 0.75 5.24 2.55
1818/07/21 22:00:00 0.75 5.24 2.55
1818/07/22 02:00:00 0.81 5.33 2.61
1818/07/22 04:00:00 0.81 5.33 2.61
1818/07/22 06:00:00 0.81 5.33 2.61
1818/07/22 10:00:00 0.81 5.33 2.61
1818/07/22 14:00:00 0.81 5.33 2.61
1818/07/22 15:00:00 0.81 5.33 2.61
1818/07/22 18:00:00 0.81 5.33 2.61
1818/07/22 20:00:00 0.81 5.33 2.61
1818/07/22 22:00:00 0.81 5.33 2.61
1818/07/23 02:00:00 0.87 5.41 2.68
1818/07/23 05:00:00 0.87 5.41 2.68
1818/07/23 06:00:00 0.87 5.41 2.68
1818/07/23 07:00:00 -1.48 4.67 1.29
1818/07/23 10:00:00 -1.48 4.67 1.29
1818/07/23 14:00:00 -1.64 3.83 1.13
1818/07/23 18:00:00 -1.64 3.83 1.13
1818/07/23 19:00:00 -1.64 3.83 1.13
1818/07/23 22:00:00 -1.64 3.83 1.13
1818/07/24 02:00:00 -1.59 3.89 1.22
1818/07/24 03:00:00 -1.59 3.89 1.22
1818/07/24 06:00:00 -1.59 3.89 1.22
1818/07/24 09:00:00 -1.59 3.89 1.22
1818/07/24 10:00:00 -1.59 3.89 1.22
1818/07/24 14:00:00 -1.59 3.89 1.22
1818/07/24 15:00:00 -1.59 3.89 1.22
1818/07/24 17:00:00 -1.59 3.89 1.22
1818/07/24 18:00:00 -1.59 3.89 1.22
1818/07/24 20:00:00 -1.59 3.89 1.22
1818/07/24 22:00:00 -1.59 3.89 1.22
1818/07/25 02:00:00 -1.53 3.94 1.31
1818/07/25 03:00:00 -1.53 3.94 1.31
1818/07/25 06:00:00 -1.53 3.94 1.31
1818/07/25 10:00:00 -1.53 3.94 1.31
1818/07/25 12:00:00 -1.53 3.94 1.31
1818/07/25 14:00:00 -1.53 3.94 1.31
1818/07/25 15:00:00 -1.53 3.94 1.31
1818/07/25 18:00:00 -1.53 3.94 1.31
1818/07/25 22:00:00 -1.53 3.94 1.31
1818/07/26 02:00:00 -1.47 3.98 1.40
1818/07/26 03:00:00 -1.47 3.98 1.40
1818/07/26 06:00:00 -1.47 3.98 1.40
1818/07/26 08:00:00 -1.47 3.98 1.40
1818/07/26 10:00:00 -1.47 3.98 1.40
1818/07/26 12:00:00 -1.47 3.98 1.40
1818/07/26 14:00:00 -1.47 3.98 1.40
1818/07/26 18:00:00 -1.47 3.98 1.40
1818/07/26 22:00:00 -1.47 3.98 1.40
1818/07/26 23:00:00 -1.47 3.98 1.40
1818/07/27 02:00:00 -1.41 4.01 1.49
1818/07/27 03:00:00 -1.41 4.01 1.49
1818/07/27 06:00:00 -1.41 4.01 1.49
1818/07/27 09:00:00 -1.41 4.01 1.49
1818/07/27 10:00:00 -1.41 4.01 1.49
1818/07/27 14:00:00 -1.41 4.01 1.49
1818/07/27 18:00:00 -1.41 4.01 1.49
1818/07/27 21:00:00 -1.41 4.01 1.49
1818/07/27 22:00:00 -1.41 4.01 1.49
1818/07/28 02:00:00 -1.34 4.03 1.58
1818/07/28 03:00:00 -1.34 4.03 1.58
1818/07/28 06:00:00 -1.34 4.03 1.58
1818/07/28 10:00:00 -1.34 4.03 1.58
1818/07/28 12:00:00 -1.34 4.03 1.58
1818/07/28 14:00:00 -1.34 4.03 1.58
1818/07/28 15:00:00 -1.34 4.03 1.58
1818/07/28 18:00:00 -1.34 4.03 1.58
1818/07/28 22:00:00 -1.34 4.03 1.58
1818/07/29 02:00:00 -1.27 4.05 1.66
1818/07/29 03:00:00 -1.27 4.05 1.66
1818/07/29 05:00:00 -1.27 4.05 1.66
1818/07/29 06:00:00 -1.27 4.05 1.66
1818/07/29 08:00:00 -1.27 4.05 1.66
1818/07/29 10:00:00 -1.27 4.05 1.66
1818/07/29 14:00:00 -1.27 4.05 1.66
1818/07/29 16:00:00 -1.27 4.05 1.66
1818/07/29 18:00:00 -1.27 4.05 1.66
1818/07/29 21:00:00 -1.27 4.05 1.66
1818/07/29 22:00:00 -1.27 4.05 1.66
1818/07/30 00:00:00 -1.21 4.06 1.74
1818/07/30 02:00:00 -1.21 4.06 1.74
1818/07/30 03:00:00 -1.21 4.06 1.74
1818/07/30 05:00:00 -1.21 4.06 1.74
1818/07/30 06:00:00 -1.21 4.06 1.74
1818/07/30 08:00:00 -1.21 4.06 1.74
1818/07/30 10:00:00 -1.21 4.06 1.74
1818/07/30 14:00:00 -1.56 3.78 1.64
1818/07/30 17:00:00 -1.56 3.78 1.64
1818/07/30 18:00:00 -1.56 3.78 1.64
1818/07/30 19:00:00 -1.56 3.78 1.64
1818/07/30 22:00:00 -1.56 3.78 1.64
1818/07/31 02:00:00 -1.53 3.80 1.73
1818/07/31 06:00:00 -1.53 3.80 1.73
1818/07/31 09:00:00 -1.53 3.80 1.73
1818/07/31 10:00:00 -1.53 3.80 1.73
1818/07/31 14:00:00 -1.53 3.80 1.73
1818/07/31 18:00:00 -1.53 3.80 1.73
1818/07/31 19:00:00 -1.53 3.80 1.73
1818/07/31 22:00:00 -1.53 3.80 1.73
1818/07/31 23:00:00 -1.53 3.80 1.73
1818/08/01 02:00:00 -1.50 3.82 1.82
1818/08/01 03:00:00 -1.50 3.82 1.82
1818/08/01 05:00:00 -1.50 3.82 1.82
1818/08/01 06:00:00 -1.50 3.82 1.82
1818/08/01 10:00:00 -1.50 3.82 1.82
1818/08/01 14:00:00 -1.50 3.82 1.82
1818/08/01 18:00:00 -1.50 3.82 1.82
1818/08/01 20:00:00 -1.50 3.82 1.82
1818/08/01 22:00:00 -1.50 3.82 1.82
1818/08/02 01:00:00 -1.78 3.82 1.99
1818/08/02 02:00:00 -1.78 3.82 1.99
1818/08/02 03:00:00 -1.78 3.82 1.99
1818/08/02 06:00:00 -1.78 3.82 1.99
1818/08/02 08:00:00 -1.78 3.82 1.99
1818/08/02 10:00:00 -1.78 3.82 1.99
1818/08/02 13:00:00 -1.78 3.82 1.99
1818/08/02 14:00:00 -1.78 3.82 1.99
1818/08/02 15:00:00 -1.78 3.82 1.99
1818/08/02 18:00:00 -1.78 3.82 1.99
1818/08/02 22:00:00 -1.78 3.82 1.99
1818/08/03 01:00:00 -1.77 3.87 2.07
1818/08/03 02:00:00 -1.77 3.87 2.07
1818/08/03 04:00:00 -1.77 3.87 2.07
1818/08/03 06:00:00 -1.77 3.87 2.07
1818/08/03 08:00:00 -1.77 3.87 2.07
1818/08/03 09:00:00 -1.77 3.87 2.07
1818/08/03 10:00:00 -1.77 3.87 2.07
1818/08/03 14:00:00 -1.77 3.87 2.07
1818/08/03 15:00:00 -1.66 4.22 2.14
1818/08/03 18:00:00 -1.66 4.22 2.14
1818/08/03 20:00:00 -1.66 4.22 2.14
1818/08/03 21:00:00 -1.66 4.22 2.14
1818/08/03 22:00:00 -1.66 4.22 2.14
1818/08/04 02:00:00 -1.67 4.26 2.21
1818/08/04 05:00:00 -1.44 4.12 2.42
1818/08/04 06:00:00 -1.44 4.12 2.42
1818/08/04 10:00:00 -1.44 4.12 2.42
1818/08/04 14:00:00 -1.44 4.12 2.42
1818/08/04 16:00:00 -1.44 4.12 2.42
1818/08/04 18:00:00 -1.44 4.12 2.42
1818/08/04 19:00:00 -1.44 4.12 2.42
1818/08/04 22:00:00 -1.44 4.12 2.42
1818/08/05 02:00:00 -1.45 4.21 2.47
1818/08/05 04:00:00 -1.45 4.21 2.47
1818/08/05 06:00:00 -1.45 4.21 2.47
1818/08/05 08:00:00 -1.45 4.21 2.47
1818/08/05 10:00:00 -1.45 4.21 2.47
1818/08/05 14:00:00 -1.45 4.21 2.47
1818/08/05 15:00:00 -1.45 4.21 2.47
1818/08/05 18:00:00 -1.45 4.21 2.47
1818/08/05 20:00:00 -1.45 4.21 2.47
1818/08/05 22:00:00 -1.45 4.21 2.47
1818/08/06 01:00:00 -1.45 4.29 2.51
1818/08/06 02:00:00 -1.45 4.29 2.51
1818/08/06 04:00:00 -1.45 4.29 2.51
1818/08/06 06:00:00 -1.45 4.29 2.51
1818/08/06 10:00:00 -1.45 4.29 2.51
1818/08/06 13:00:00 -1.45 4.29 2.51
1818/08/06 14:00:00 -1.45 4.29 2.51
1818/08/06 15:00:00 -1.45 4.29 2.51
1818/08/06 18:00:00 -1.45 4.29 2.51
1818/08/06 22:00:00 -1.09 4.53 2.59
1818/08/07 02:00:00 -1.10 4.63 2.62
1818/08/07 05:00:00 -1.10 4.63 2.62
1818/08/07 06:00:00 -1.10 4.63 2.62
1818/08/07 10:00:00 -1.10 4.63 2.62
1818/08/07 14:00:00 -1.10 4.63 2.62
1818/08/07 15:00:00 -1.10 4.63 2.62
1818/08/07 18:00:00 -1.10 4.63 2.62
1818/08/07 22:00:00 -1.10 4.63 2.62
1818/08/08 02:00:00 -1.12 4.72 2.64
1818/08/08 03:00:00 -1.12 4.72 2.64
1818/08/08 06:00:00 -1.12 4.72 2.64
1818/08/08 08:00:00 -1.12 4.72 2.64
1818/08/08 10:00:00 -1.12 4.72 2.64
1818/08/08 14:00:00 -1.12 4.72 2.64
1818/08/08 15:00:00 -1.12 4.72 2.64
1818/08/08 18:00:00 -1.12 4.72 2.64
1818/08/08 19:00:00 -1.12 4.72 2.64
1818/08/08 21:00:00 -1.12 4.72 2.64
1818/08/08 22:00:00 -1.12 4.72 2.64
1818/08/08 23:00:00 -1.12 4.72 2.64
1818/08/09 02:00:00 -1.13 4.80 2.66
1818/08/09 06:00:00 -1.13 4.80 2.66
1818/08/09 07:00:00 -1.13 4.80 2.66
1818/08/09 10:00:00 -1.13 4.80 2.66
1818/08/09 11:00:00 -1.13 4.80 2.66
1818/08/09 13:00:00 -1.13 4.80 2.66
1818/08/09 14:00:00 -1.13 4.80 2.66
1818/08/09 17:00:00 -1.13 4.80 2.66
1818/08/09 18:00:00 -1.13 4.80 2.66
1818/08/09 20:00:00 -1.13 4.80 2.66
1818/08/09 22:00:00 -1.13 4.80 2.66
1818/08/10 00:00:00 -1.15 4.87 2.67
1818/08/10 02:00:00 -1.15 4.87 2.67
1818/08/10 05:00:00 -1.15 4.87 2.67
1818/08/10 06:00:00 -1.15 4.87 2.67
1818/08/10 10:00:00 -1.15 4.87 2.67
1818/08/10 14:00:00 -1.15 4.87 2.67
1818/08/10 18:00:00 -1.15 4.87 2.67
1818/08/10 22:00:00 -1.15 4.87 2.67
1818/08/11 02:00:00 -1.16 4.93 2.68
1818/08/11 05:00:00 -1.16 4.93 2.68
1818/08/11 06:00:00 -1.16 4.93 2.68
1818/08/11 08:00:00 -1.16 4.93 2.68
1818/08/11 10:00:00 -1.16 4.93 2.68
1818/08/11 14:00:00 -1.16 4.93 2.68
1818/08/11 18:00:00 -1.16 4.93 2.68
1818/08/11 20:00:00 -1.16 4.93 2.68
1818/08/11 22:00:00 -1.16 4.93 2.68
1818/08/12 02:00:00 -1.17 4.98 2.68
1818/08/12 06:00:00 -1.17 4.98 2.68
1818/08/12 10:00:00 -1.17 4.98 2.68
1818/08/12 12:00:00 -1.17 4.98 2.68
1818/08/12 14:00:00 -1.17 4.98 2.68
1818/08/12 17:00:00 -1.17 4.98 2.68
1818/08/12 18:00:00 -1.17 4.98 2.68
1818/08/12 20:00:00 -1.17 4.98 2.68
1818/08/12 22:00:00 -1.17 4.98 2.68
1818/08/13 00:00:00 -1.19 5.02 2.67
1818/08/13 02:00:00 -1.19 5.02 2.67
1818/08/13 04:00:00 -1.19 5.02 2.67
1818/08/13 06:00:00 -1.19 5.02 2.67
1818/08/13 07:00:00 -1.19 5.02 2.67
1818/08/13 10:00:00 -1.19 5.02 2.67
1818/08/13 14:00:00 -1.19 5.02 2.67
1818/08/13 18:00:00 -1.19 5.02 2.67
1818/08/13 22:00:00 -1.19 5.02 2.67
1818/08/14 02:00:00 -1.19 5.05 2.67
1818/08/14 04:00:00 -1.19 5.05 2.67
1818/08/14 06:00:00 -1.19 5.05 2.67
1818/08/14 10:00:00 -1.19 5.05 2.67
1818/08/14 13:00:00 -1.19 5.05 2.67
1818/08/14 14:00:00 -1.19 5.05 2.67
1818/08/14 16:00:00 -1.19 5.05 2.67
1818/08/14 18:00:00 -1.19 5.05 2.67
1818/08/14 21:00:00 -1.19 5.05 2.67
1818/08/14 22:00:00 -1.19 5.05 2.67
1818/08/15 01:00:00 -1.20 5.06 2.65
1818/08/15 02:00:00 -1.20 5.06 2.65
1818/08/15 04:00:00 -1.20 5.06 2.65
1818/08/15 06:00:00 -1.20 5.06 2.65
1818/08/15 10:00:00 -1.20 5.06 2.65
1818/08/15 12:00:00 -1.20 5.06 2.65
1818/08/15 14:00:00 -1.20 5.06 2.65
1818/08/15 18:00:00 -1.20 5.06 2.65
1818/08/15 20:00:00 -0.54 5.61 2.85
1818/08/15 22:00:00 -0.54 5.61 2.85
1818/08/16 02:00:00 -0.56 5.60 2.82
1818/08/16 03:00:00 -0.56 5.60 2.82
1818/08/16 06:00:00 -0.56 5.60 2.82
1818/08/16 07:00:00 -0.56 5.60 2.82
1818/08/16 10:00:00 -0.56 5.60 2.82
1818/08/16 14:00:00 -0.56 5.60 2.82
1818/08/16 18:00:00 -0.56 5.60 2.82
1818/08/16 20:00:00 -0.56 5.60 2.82
1818/08/16 22:00:00 -0.56 5.60 2.82
1818/08/17 02:00:00 -0.59 5.57 2.79
1818/08/17 05:00:00 -0.59 5.57 2.79
1818/08/17 06:00:00 -0.59 5.57 2.79
1818/08/17 10:00:00 0.45 5.91 2.99
1818/08/17 14:00:00 0.45 5.91 2.99
1818/08/17 15:00:00 0.45 5.91 2.99
1818/08/17 18:00:00 0.45 5.91 2.99
1818/08/17 22:00:00 1.04 4.63 2.80
1818/08/18 01:00:00 1.00 4.60 2.76
1818/08/18 02:00:00 1.00 4.60 2.76
1818/08/18 03:00:00 1.00 4.60 2.76
1818/08/18 06:00:00 1.00 4.60 2.76
1818/08/18 10:00:00 1.00 4.60 2.76
1818/08/18 14:00:00 1.00 4.60 2.76
1818/08/18 18:00:00 1.39 4.48 2.72
1818/08/18 22:00:00 1.62 4.55 2.90
1818/08/19 02:00:00 1.60 4.50 2.86
1818/08/19 03:00:00 1.60 4.50 2.86
1818/08/19 06:00:00 1.82 4.78 2.98
1818/08/19 10:00:00 1.82 4.78 2.98
1818/08/19 14:00:00 1.89 4.85 3.07
1818/08/19 18:00:00 1.89 4.85 3.07
1818/08/19 22:00:00 1.88 4.73 3.04
1818/08/20 02:00:00 1.88 4.67 2.99
1818/08/20 03:00:00 1.88 4.67 2.99
1818/08/20 05:00:00 1.88 4.67 2.99
1818/08/20 06:00:00 1.88 4.67 2.99
1818/08/20 10:00:00 1.64 4.24 2.84
1818/08/20 14:00:00 1.64 4.24 2.84
1818/08/20 15:00:00 1.64 4.24 2.84
1818/08/20 18:00:00 1.64 4.24 2.84
1818/08/20 22:00:00 1.64 4.24 2.84
1818/08/21 00:00:00 1.65 4.17 2.80
1818/08/21 02:00:00 1.65 4.17 2.80
1818/08/21 03:00:00 1.65 4.17 2.80
1818/08/21 06:00:00 1.65 4.17 2.80
1818/08/21 10:00:00 1.65 4.17 2.80
1818/08/21 12:00:00 1.65 4.17 2.80
1818/08/21 14:00:00 1.65 4.17 2.80
1818/08/21 17:00:00 1.40 3.69 2.57
1818/08/21 18:00:00 1.40 3.69 2.57
1818/08/21 22:00:00 1.40 3.69 2.57
1818/08/22 02:00:00 1.41 3.65 2.53
1818/08/22 06:00:00 1.41 3.65 2.53
1818/08/22 10:00:00 1.41 3.65 2.53
1818/08/22 14:00:00 1.10 3.60 2.34
1818/08/22 15:00:00 1.10 3.60 2.34
1818/08/22 18:00:00 1.10 3.60 2.34
1818/08/22 20:00:00 1.10 3.60 2.34
1818/08/22 22:00:00 1.10 3.60 2.34
1818/08/23 00:00:00 1.10 3.53 2.30
1818/08/23 02:00:00 1.10 3.53 2.30
1818/08/23 03:00:00 1.10 3.53 2.30
1818/08/23 05:00:00 1.10 3.53 2.30
1818/08/23 06:00:00 1.10 3.53 2.30
1818/08/23 08:00:00 1.10 3.53 2.30
1818/08/23 10:00:00 1.10 3.53 2.30
1818/08/23 14:00:00 1.10 3.53 2.30
1818/08/23 18:00:00 1.10 3.53 2.30
1818/08/23 22:00:00 1.10 3.53 2.30
1818/08/24 02:00:00 1.11 3.46 2.25
1818/08/24 05:00:00 1.11 3.46 2.25
1818/08/24 06:00:00 1.11 3.46 2.25
1818/08/24 10:00:00 0.73 3.64 2.25
1818/08/24 14:00:00 0.73 3.64 2.25
1818/08/24 16:00:00 0.73 3.64 2.25
1818/08/24 18:00:00 0.73 3.64 2.25
1818/08/24 22:00:00 0.73 3.64 2.25
1818/08/25 02:00:00 0.74 3.58 2.19
1818/08/25 03:00:00 0.74 3.58 2.19
1818/08/25 06:00:00 0.74 3.58 2.19
1818/08/25 08:00:00 0.74 3.58 2.19
1818/08/25 10:00:00 0.74 3.58 2.19
1818/08/25 13:00:00 0.74 3.58 2.19
1818/08/25 14:00:00 0.74 3.58 2.19
1818/08/25 18:00:00 0.74 3.58 2.19
1818/08/25 19:00:00 0.74 3.58 2.19
1818/08/25 22:00:00 0.74 3.58 2.19
1818/08/26 02:00:00 0.74 3.51 2.13
1818/08/26 04:00:00 0.74 3.51 2.13
1818/08/26 06:00:00 0.74 3.51 2.13
1818/08/26 10:00:00 0.74 3.51 2.13
1818/08/26 14:00:00 0.74 3.51 2.13
1818/08/26 15:00:00 0.74 3.51 2.13
1818/08/26 18:00:00 0.74 3.51 2.13
1818/08/26 20:00:00 1.47 3.37 2.26
1818/08/26 22:00:00 1.47 3.37 2.26
1818/08/27 02:00:00 1.40 3.27 2.20
1818/08/27 03:00:00 1.40 3.27 2.20
1818/08/27 05:00:00 1.40 3.27 2.20
1818/08/27 06:00:00 1.40 3.27 2.20
1818/08/27 10:00:00 1.42 3.48 2.30
1818/08/27 13:00:00 1.42 3.48 2.30
1818/08/27 14:00:00 1.42 3.48 2.30
1818/08/27 15:00:00 1.42 3.48 2.30
1818/08/27 18:00:00 1.42 3.48 2.30
1818/08/27 21:00:00 1.42 3.48 2.30
1818/08/27 22:00:00 1.42 3.48 2.30
1818/08/28 02:00:00 1.39 3.39 2.22
1818/08/28 03:00:00 1.39 3.39 2.22
1818/08/28 06:00:00 1.39 3.39 2.22
1818/08/28 10:00:00 1.39 3.39 2.22
1818/08/28 14:00:00 1.39 3.39 2.22
1818/08/28 18:00:00 1.39 3.39 2.22
1818/08/28 22:00:00 1.39 3.39 2.22
1818/08/29 02:00:00 1.32 3.30 2.15
1818/08/29 03:00:00 1.32 3.30 2.15
1818/08/29 06:00:00 1.32 3.30 2.15
1818/08/29 10:00:00 1.32 3.30 2.15
1818/08/29 14:00:00 1.61 3.08 2.21
1818/08/29 15:00:00 1.61 3.08 2.21
1818/08/29 18:00:00 1.61 3.08 2.21
1818/08/29 22:00:00 1.61 2.80 2.11
1818/08/30 02:00:00 1.56 2.67 2.03
1818/08/30 06:00:00 1.56 2.67 2.03
1818/08/30 09:00:00 1.56 2.67 2.03
1818/08/30 10:00:00 1.56 2.67 2.03
1818/08/30 14:00:00 1.56 2.67 2.03
1818/08/30 18:00:00 1.56 2.67 2.03
1818/08/30 22:00:00 1.56 2.67 2.03
1818/08/31 02:00:00 1.50 2.57 1.96
1818/08/31 03:00:00 1.50 2.57 1.96
1818/08/31 06:00:00 1.50 2.57 1.96
1818/08/31 07:00:00 1.50 2.57 1.96
1818/08/31 10:00:00 1.50 2.57 1.96
1818/08/31 11:00:00 1.50 2.57 1.96
1818/08/31 14:00:00   NA   NA  NA
1818/08/31 18:00:00 1.50 2.57 1.96
1818/08/31 19:00:00 1.50 2.57 1.96
1818/08/31 21:00:00 1.50 2.57 1.96
1818/08/31 22:00:00 0.95 3.65 2.23
1818/09/01 00:00:00 0.99 3.55 2.15
1818/09/01 02:00:00 0.99 3.55 2.15
1818/09/01 03:00:00 0.99 3.55 2.15
1818/09/01 06:00:00 0.99 3.55 2.15
1818/09/01 08:00:00 0.99 3.55 2.15
1818/09/01 10:00:00 0.99 3.55 2.15
1818/09/01 14:00:00 0.99 3.55 2.15
1818/09/01 18:00:00 0.99 3.55 2.15
1818/09/01 20:00:00 1.40 2.75 1.96
1818/09/01 22:00:00 1.40 2.75 1.96
1818/09/01 23:00:00 1.40 2.75 1.96
1818/09/02 02:00:00 1.28 3.16 2.02
1818/09/02 06:00:00 1.28 3.16 2.02
1818/09/02 08:00:00 1.26 2.99 1.92
1818/09/02 10:00:00 1.26 2.99 1.92
1818/09/02 14:00:00 1.26 2.99 1.92
1818/09/02 18:00:00 1.45 3.16 2.08
1818/09/02 20:00:00 1.45 3.16 2.08
1818/09/02 22:00:00 1.29 3.28 2.07
1818/09/03 02:00:00 1.30 3.16 1.98
1818/09/03 05:00:00 1.31 3.17 2.04
1818/09/03 06:00:00 1.31 3.17 2.04
1818/09/03 10:00:00 1.31 3.17 2.04
1818/09/03 14:00:00 1.21 3.30 2.05
1818/09/03 16:00:00 1.21 3.30 2.05
1818/09/03 18:00:00 1.21 3.30 2.05
1818/09/03 22:00:00 1.21 3.30 2.05
1818/09/04 02:00:00 1.11 3.27 1.93
1818/09/04 03:00:00 1.11 3.27 1.93
1818/09/04 06:00:00 1.11 3.27 1.93
1818/09/04 09:00:00 1.11 3.27 1.93
1818/09/04 10:00:00 1.11 3.27 1.93
1818/09/04 14:00:00 1.11 3.22 1.92
1818/09/04 15:00:00 1.11 3.22 1.92
1818/09/04 18:00:00 1.11 3.27 1.93
1818/09/04 20:00:00 1.11 3.27 1.93
1818/09/04 22:00:00 1.11 3.27 1.93
1818/09/05 02:00:00 1.04 3.19 1.85
1818/09/05 03:00:00 1.04 3.19 1.85
1818/09/05 06:00:00 0.95 3.00 1.80
1818/09/05 07:00:00 0.95 3.00 1.80
1818/09/05 10:00:00 0.95 3.00 1.80
1818/09/05 12:00:00 0.95 3.00 1.80
1818/09/05 14:00:00 0.95 3.00 1.80
1818/09/05 17:00:00 0.95 3.00 1.80
1818/09/05 18:00:00 0.95 3.00 1.80
1818/09/05 21:00:00 1.12 2.93 1.85
1818/09/05 22:00:00 1.12 2.93 1.85
1818/09/06 02:00:00 1.03 2.92 1.79
1818/09/06 03:00:00 1.03 2.92 1.79
1818/09/06 06:00:00 1.03 2.92 1.79
1818/09/06 07:00:00 1.03 2.92 1.79
1818/09/06 10:00:00 1.03 2.92 1.79
1818/09/06 14:00:00 1.03 2.92 1.79
1818/09/06 15:00:00 1.03 2.92 1.79
1818/09/06 18:00:00 1.15 3.00 1.81
1818/09/06 20:00:00 1.15 3.00 1.81
1818/09/06 22:00:00 1.15 3.00 1.81
1818/09/07 02:00:00 1.07 2.96 1.75
1818/09/07 03:00:00 1.07 2.96 1.75
1818/09/07 06:00:00 1.09 3.33 1.83
1818/09/07 10:00:00 1.09 3.33 1.83
1818/09/07 14:00:00 1.09 3.33 1.83
1818/09/07 15:00:00 1.09 3.33 1.83
1818/09/07 18:00:00 1.09 3.33 1.83
1818/09/07 22:00:00 1.09 3.33 1.83
1818/09/08 02:00:00 0.99 3.28 1.78
1818/09/08 03:00:00 0.99 3.28 1.78
1818/09/08 06:00:00 0.99 3.28 1.78
1818/09/08 10:00:00 0.99 3.28 1.78
1818/09/08 14:00:00 0.99 3.28 1.78
1818/09/08 18:00:00 1.06 2.88 1.81
1818/09/08 22:00:00 0.91 3.53 1.90
1818/09/09 02:00:00 0.79 3.59 1.89
1818/09/09 06:00:00 0.79 3.59 1.89
1818/09/09 10:00:00 0.75 3.01 1.75
1818/09/09 14:00:00 0.75 3.01 1.75
1818/09/09 16:00:00 0.75 3.01 1.75
1818/09/09 18:00:00 0.75 3.01 1.75
1818/09/09 22:00:00 0.75 3.01 1.75
1818/09/10 02:00:00 0.64 3.01 1.70
1818/09/10 03:00:00 -1.18 2.95 1.54
1818/09/10 06:00:00 -1.18 2.95 1.54
1818/09/10 09:00:00 -1.18 2.95 1.54
1818/09/10 10:00:00 -1.18 2.95 1.54
1818/09/10 14:00:00 -0.59 3.08 1.54
1818/09/10 15:00:00 -0.59 3.08 1.54
1818/09/10 18:00:00 -0.59 3.08 1.54
1818/09/10 22:00:00 -0.59 3.08 1.54
1818/09/10 23:00:00 -0.59 3.08 1.54
1818/09/11 02:00:00 -0.61 3.08 1.48
1818/09/11 03:00:00 -0.61 3.08 1.48
1818/09/11 06:00:00 -0.61 3.08 1.48
1818/09/11 09:00:00 -0.61 3.08 1.48
1818/09/11 10:00:00 -0.61 3.08 1.48
1818/09/11 14:00:00 -0.61 3.08 1.48
1818/09/11 15:00:00 -0.10 3.29 1.51
1818/09/11 18:00:00 -0.10 3.29 1.51
1818/09/11 22:00:00 -0.10 3.29 1.51
1818/09/12 02:00:00 -0.23 3.05 1.42
1818/09/12 03:00:00 -0.23 3.05 1.42
1818/09/12 06:00:00 -0.23 3.05 1.42
1818/09/12 10:00:00 -0.23 3.05 1.42
1818/09/12 13:00:00 -0.20 3.02 1.38
1818/09/12 14:00:00 -0.20 3.02 1.38
1818/09/12 15:00:00 -0.20 3.02 1.38
1818/09/12 18:00:00 -0.20 3.02 1.38
1818/09/12 22:00:00 -0.19 2.93 1.38
1818/09/13 02:00:00 -0.28 2.95 1.32
1818/09/13 03:00:00 -0.28 2.95 1.32
1818/09/13 06:00:00 -0.28 2.95 1.32
1818/09/13 10:00:00 0.17 2.90 1.42
1818/09/13 11:00:00 0.17 2.90 1.42
1818/09/13 14:00:00 0.17 2.90 1.42
1818/09/13 15:00:00 0.17 2.90 1.42
1818/09/13 18:00:00 0.17 2.90 1.42
1818/09/13 22:00:00 -0.28 2.95 1.32
1818/09/14 02:00:00 -0.37 2.96 1.27
1818/09/14 03:00:00 -0.38 3.04 1.29
1818/09/14 06:00:00 -0.38 3.04 1.29
1818/09/14 10:00:00 -0.38 3.04 1.29
1818/09/14 13:00:00 -0.41 3.07 1.34
1818/09/14 14:00:00 -0.41 3.07 1.34
1818/09/14 18:00:00 -0.41 3.07 1.34
1818/09/14 22:00:00 -0.41 3.07 1.34
1818/09/15 02:00:00 -0.15 2.86 1.28
1818/09/15 03:00:00 -0.15 2.86 1.28
1818/09/15 04:00:00 -0.15 2.86 1.28
1818/09/15 06:00:00 -0.30 2.95 1.21
1818/09/15 07:00:00 -0.30 2.95 1.21
1818/09/15 10:00:00 -0.30 2.95 1.21
1818/09/15 14:00:00 -0.30 2.95 1.21
1818/09/15 15:00:00 -0.30 2.95 1.21
1818/09/15 18:00:00 -0.30 2.95 1.21
1818/09/15 20:00:00 -0.30 2.95 1.21
1818/09/15 22:00:00 -0.30 2.95 1.21
1818/09/15 23:00:00 -0.30 2.95 1.21
1818/09/16 02:00:00 -0.35 2.95 1.17
1818/09/16 03:00:00 -0.35 2.95 1.17
1818/09/16 06:00:00 -0.35 2.95 1.17
1818/09/16 08:00:00 -0.35 2.95 1.17
1818/09/16 10:00:00 -0.35 2.95 1.17
1818/09/16 14:00:00 -0.35 2.95 1.17
1818/09/16 15:00:00 -0.35 2.95 1.17
1818/09/16 18:00:00 -0.34 2.62 1.12
1818/09/16 22:00:00 -0.34 2.62 1.12
1818/09/17 02:00:00 -0.41 2.65 1.07
1818/09/17 03:00:00 -0.41 2.65 1.07
1818/09/17 05:00:00 -0.41 2.65 1.07
1818/09/17 06:00:00 -0.41 2.65 1.07
1818/09/17 10:00:00 -0.41 2.65 1.07
1818/09/17 11:00:00 -0.41 2.65 1.07
1818/09/17 14:00:00 -0.41 2.65 1.07
1818/09/17 15:00:00 -0.29 2.93 1.14
1818/09/17 18:00:00 -0.29 2.93 1.14
1818/09/17 20:00:00 -0.31 2.97 1.19
1818/09/17 22:00:00 -0.31 2.97 1.19
1818/09/18 02:00:00 -0.33 2.91 1.16
1818/09/18 03:00:00 -0.33 2.91 1.16
1818/09/18 06:00:00 0.27 3.00 1.36
1818/09/18 07:00:00 0.27 3.00 1.36
1818/09/18 10:00:00 0.27 3.00 1.36
1818/09/18 12:00:00 0.27 3.00 1.36
1818/09/18 14:00:00 0.27 3.00 1.36
1818/09/18 18:00:00 0.27 3.00 1.36
1818/09/18 22:00:00 0.72 3.08 1.57
1818/09/19 01:00:00 0.72 3.03 1.54
1818/09/19 02:00:00 0.72 3.03 1.54
1818/09/19 03:00:00 0.72 3.03 1.54
1818/09/19 06:00:00 0.72 3.03 1.54
1818/09/19 10:00:00 0.72 3.03 1.54
1818/09/19 14:00:00 0.69 3.04 1.55
1818/09/19 15:00:00 0.69 3.04 1.55
1818/09/19 18:00:00 0.69 3.04 1.55
1818/09/19 21:00:00 0.69 3.04 1.55
1818/09/19 22:00:00 0.69 3.04 1.55
1818/09/20 00:00:00 0.66 2.96 1.52
1818/09/20 02:00:00 0.63 3.23 1.81
1818/09/20 03:00:00 0.63 3.23 1.81
1818/09/20 06:00:00 0.63 3.23 1.81
1818/09/20 07:00:00 0.63 3.23 1.81
1818/09/20 10:00:00 0.63 3.23 1.81
1818/09/20 11:00:00 0.63 3.23 1.81
1818/09/20 14:00:00 0.63 3.23 1.81
1818/09/20 16:00:00 0.63 3.23 1.81
1818/09/20 18:00:00 0.95 3.78 2.40
1818/09/20 22:00:00 0.95 3.78 2.40
1818/09/21 02:00:00 1.56 4.34 3.01
1818/09/21 03:00:00 1.56 4.34 3.01
1818/09/21 06:00:00 1.56 4.34 3.01
1818/09/21 10:00:00 2.13 4.82 3.56
1818/09/21 13:00:00 2.13 4.82 3.56
1818/09/21 14:00:00 2.13 4.82 3.56
1818/09/21 18:00:00 2.13 4.82 3.56
1818/09/21 22:00:00 1.56 4.34 3.01
1818/09/21 23:00:00 1.56 4.34 3.01
1818/09/22 02:00:00 0.79 4.64 2.87
1818/09/22 03:00:00 0.79 4.64 2.87
1818/09/22 06:00:00 0.82 3.79 2.30
1818/09/22 10:00:00 0.82 3.79 2.30
1818/09/22 11:00:00 0.82 3.79 2.30
1818/09/22 14:00:00 0.85 3.14 1.78
1818/09/22 15:00:00 0.82 3.79 2.30
1818/09/22 18:00:00 0.82 3.79 2.30
1818/09/22 22:00:00 0.82 3.79 2.30
1818/09/23 02:00:00 0.77 3.71 2.25
1818/09/23 06:00:00 0.77 3.71 2.25
1818/09/23 10:00:00 0.77 3.71 2.25
1818/09/23 13:00:00 0.77 3.71 2.25
1818/09/23 14:00:00 0.77 3.71 2.25
1818/09/23 15:00:00 0.77 3.71 2.25
1818/09/23 18:00:00 0.77 3.71 2.25
1818/09/23 21:00:00 0.77 3.71 2.25
1818/09/23 22:00:00 0.77 3.71 2.25
1818/09/24 02:00:00 0.70 4.44 2.76
1818/09/24 03:00:00 0.70 4.44 2.76
1818/09/24 06:00:00 0.70 4.44 2.76
1818/09/24 10:00:00 0.70 4.44 2.76
1818/09/24 14:00:00 0.70 4.44 2.76
1818/09/24 18:00:00 1.44 4.12 2.85
1818/09/24 22:00:00 0.81 3.51 2.22
1818/09/25 02:00:00 0.78 3.44 2.17
1818/09/25 03:00:00 0.78 3.44 2.17
1818/09/25 06:00:00 0.78 3.44 2.17
1818/09/25 10:00:00 0.47 2.87 1.63
1818/09/25 14:00:00 0.47 2.87 1.63
1818/09/25 15:00:00 0.47 2.87 1.63
1818/09/25 18:00:00 0.47 2.87 1.63
1818/09/25 21:00:00 0.47 2.87 1.63
1818/09/25 22:00:00 0.47 2.87 1.63
1818/09/26 02:00:00 0.45 2.83 1.82
1818/09/26 03:00:00 0.45 2.83 1.82
1818/09/26 05:00:00 0.45 2.83 1.82
1818/09/26 06:00:00 0.45 2.83 1.82
1818/09/26 07:00:00 0.45 2.83 1.82
1818/09/26 08:00:00 0.45 2.83 1.82
1818/09/26 10:00:00 0.45 2.83 1.82
1818/09/26 13:00:00 0.45 2.83 1.82
1818/09/26 14:00:00 0.45 2.83 1.82
1818/09/26 15:00:00 0.45 2.83 1.82
1818/09/26 18:00:00 0.45 2.83 1.82
1818/09/26 22:00:00 0.45 2.83 1.82
1818/09/27 02:00:00 0.43 2.79 1.78
1818/09/27 03:00:00 0.43 2.79 1.78
1818/09/27 06:00:00 0.41 2.52 1.47
1818/09/27 09:00:00 0.41 2.52 1.47
1818/09/27 10:00:00 0.41 2.52 1.47
1818/09/27 14:00:00 0.41 2.52 1.47
1818/09/27 15:00:00 0.41 2.52 1.47
1818/09/27 18:00:00 0.41 2.52 1.47
1818/09/27 19:00:00 0.41 2.52 1.47
1818/09/27 22:00:00 0.41 2.52 1.47
1818/09/28 02:00:00 0.38 2.44 1.43
1818/09/28 03:00:00 0.38 2.44 1.43
1818/09/28 06:00:00 0.38 2.44 1.43
1818/09/28 08:00:00 0.38 2.44 1.43
1818/09/28 10:00:00 0.38 2.44 1.43
1818/09/28 14:00:00 0.38 2.44 1.43
1818/09/28 15:00:00 0.38 2.44 1.43
1818/09/28 18:00:00 0.38 2.44 1.43
1818/09/28 21:00:00 0.31 2.48 1.26
1818/09/28 22:00:00 0.31 2.48 1.26
1818/09/29 01:00:00 0.28 2.41 1.23
1818/09/29 02:00:00 0.28 2.41 1.23
1818/09/29 04:00:00 0.28 2.41 1.23
1818/09/29 06:00:00 0.28 2.41 1.23
1818/09/29 09:00:00 0.28 2.41 1.23
1818/09/29 10:00:00 0.28 2.41 1.23
1818/09/29 11:00:00 0.28 2.41 1.23
1818/09/29 14:00:00 0.15 2.16 1.02
1818/09/29 15:00:00 0.15 2.16 1.02
1818/09/29 18:00:00 0.15 2.16 1.02
1818/09/29 21:00:00 0.15 2.16 1.02
1818/09/29 22:00:00 0.15 2.16 1.02
1818/09/30 02:00:00 0.39 2.23 1.31
1818/09/30 03:00:00 0.39 2.23 1.31
1818/09/30 06:00:00 0.39 2.23 1.31
1818/09/30 10:00:00 0.39 2.23 1.31
1818/09/30 14:00:00 0.32 1.87 1.13
1818/09/30 15:00:00 0.32 1.87 1.13
1818/09/30 18:00:00 0.32 1.87 1.13
1818/09/30 19:00:00 0.32 1.87 1.13
1818/09/30 23:00:00 0.53 2.21 1.34
1818/10/01 03:00:00 0.50 2.19 1.32
1818/10/01 06:00:00 0.50 2.19 1.32
1818/10/01 09:00:00 0.50 2.19 1.32
1818/10/01 10:00:00 0.50 2.19 1.32
1818/10/01 14:00:00 0.56 2.68 1.49
1818/10/01 15:00:00 0.56 2.68 1.49
1818/10/01 18:00:00 0.56 2.68 1.49
1818/10/01 20:00:00 0.56 2.68 1.49
1818/10/01 22:00:00 0.63 2.79 1.77
1818/10/02 02:00:00 0.61 2.74 1.73
1818/10/02 03:00:00 0.61 2.74 1.73
1818/10/02 06:00:00 0.61 2.74 1.73
1818/10/02 10:00:00 0.61 2.74 1.73
1818/10/02 14:00:00 0.61 2.74 1.73
1818/10/02 15:00:00 0.71 2.96 1.89
1818/10/02 18:00:00 0.71 2.96 1.89
1818/10/02 22:00:00 0.71 2.96 1.89
1818/10/03 02:00:00 0.68 2.94 1.85
1818/10/03 03:00:00 0.68 2.94 1.85
1818/10/03 06:00:00 0.68 2.94 1.85
1818/10/03 10:00:00 0.68 2.94 1.85
1818/10/03 13:00:00 0.68 2.94 1.85
1818/10/03 14:00:00 0.68 2.94 1.85
1818/10/03 15:00:00 0.68 2.94 1.85
1818/10/03 17:00:00 1.01 3.45 2.33
1818/10/03 18:00:00 1.01 3.45 2.33
1818/10/03 22:00:00 1.01 3.45 2.33
1818/10/04 02:00:00 1.39 4.05 2.88
1818/10/04 03:00:00 1.39 4.05 2.88
1818/10/04 06:00:00 1.39 4.05 2.88
1818/10/04 10:00:00 1.71 4.84 3.48
1818/10/04 14:00:00 1.71 4.84 3.48
1818/10/04 15:00:00 1.71 4.84 3.48
1818/10/04 18:00:00 2.41 5.91 4.26
1818/10/04 20:00:00 2.41 5.91 4.26
1818/10/04 22:00:00 2.41 5.91 4.26
1818/10/04 23:00:00 2.41 5.91 4.26
1818/10/05 00:00:00 2.34 5.83 4.19
1818/10/05 02:00:00 2.34 5.83 4.19
1818/10/05 03:00:00 3.06 6.39 4.70
1818/10/05 06:00:00 3.06 6.39 4.70
1818/10/05 10:00:00 3.06 6.39 4.70
1818/10/05 14:00:00 3.06 6.39 4.70
1818/10/05 18:00:00 3.38 6.68 5.04
1818/10/05 20:00:00 3.38 6.68 5.04
1818/10/05 22:00:00 3.38 6.68 5.04
1818/10/06 02:00:00 3.29 6.71 5.19
1818/10/06 03:00:00 3.37 6.96 5.43
1818/10/06 06:00:00 3.37 6.96 5.43
1818/10/06 09:00:00 3.50 7.14 5.64
1818/10/06 10:00:00 3.50 7.14 5.64
1818/10/06 14:00:00 3.50 7.14 5.64
1818/10/06 15:00:00 3.50 7.14 5.64
1818/10/06 18:00:00 3.50 7.14 5.64
1818/10/06 21:00:00 3.91 7.34 5.78
1818/10/06 22:00:00 3.91 7.34 5.78
1818/10/07 02:00:00 3.85 7.27 5.71
1818/10/07 03:00:00 3.85 7.27 5.71
1818/10/07 06:00:00 3.85 7.27 5.71
1818/10/07 10:00:00 4.13 7.44 5.75
1818/10/07 14:00:00 4.13 7.44 5.75
1818/10/07 15:00:00 4.13 7.44 5.75
1818/10/07 18:00:00 4.13 7.44 5.75
1818/10/07 22:00:00 4.13 7.44 5.75
1818/10/08 00:00:00 4.07 7.38 5.68
1818/10/08 02:00:00 4.07 7.38 5.68
1818/10/08 03:00:00 3.99 7.49 5.58
1818/10/08 04:00:00 3.99 7.49 5.58
1818/10/08 06:00:00 3.99 7.49 5.58
1818/10/08 08:00:00 3.99 7.49 5.58
1818/10/08 10:00:00 3.99 7.49 5.58
1818/10/08 14:00:00 3.99 7.49 5.58
1818/10/08 15:00:00 3.99 7.49 5.58
1818/10/08 18:00:00 3.86 7.48 5.37
1818/10/08 22:00:00 3.42 7.41 5.09
1818/10/09 02:00:00 3.17 7.49 4.86
1818/10/09 03:00:00 3.17 7.49 4.86
1818/10/09 06:00:00 3.17 7.68 4.76
1818/10/09 07:00:00 3.17 7.68 4.76
1818/10/09 10:00:00 2.68 7.41 4.43
1818/10/09 14:00:00 2.43 6.97 4.13
1818/10/09 16:00:00 2.43 6.97 4.13
1818/10/09 18:00:00 2.43 6.97 4.13
1818/10/09 21:00:00 3.31 7.24 4.85
1818/10/09 22:00:00 3.31 7.24 4.85
1818/10/10 02:00:00 3.71 7.66 5.45
1818/10/10 03:00:00 3.71 7.66 5.45
1818/10/10 06:00:00 3.71 7.66 5.45
1818/10/10 10:00:00 4.14 7.83 5.66
1818/10/10 14:00:00 4.14 7.83 5.66
1818/10/10 15:00:00 4.14 7.83 5.66
1818/10/10 18:00:00 4.42 8.08 5.99
1818/10/10 20:00:00 4.42 8.08 5.99
1818/10/10 21:00:00 4.93 8.33 6.39
1818/10/10 22:00:00 4.93 8.33 6.39
1818/10/11 02:00:00 5.42 8.50 6.68
1818/10/11 03:00:00 5.42 8.50 6.68
1818/10/11 06:00:00 5.42 8.50 6.68
1818/10/11 09:00:00 5.79 8.63 6.93
1818/10/11 10:00:00 5.79 8.63 6.93
1818/10/11 14:00:00 5.79 8.63 6.94
1818/10/11 15:00:00 5.79 8.63 6.94
1818/10/11 18:00:00 5.79 8.63 6.94
1818/10/11 21:00:00 5.79 8.63 6.94
1818/10/11 22:00:00 5.79 8.63 6.94
1818/10/12 02:00:00 5.76 8.58 6.89
1818/10/12 03:00:00 5.76 8.58 6.89
1818/10/12 06:00:00 5.76 8.58 6.89
1818/10/12 10:00:00 5.76 8.58 6.89
1818/10/12 14:00:00 5.76 8.58 6.89
1818/10/12 15:00:00 5.76 8.58 6.89
1818/10/12 17:00:00 5.76 8.58 6.89
1818/10/12 18:00:00 5.76 8.58 6.89
1818/10/12 19:00:00 5.76 8.58 6.89
1818/10/12 22:00:00 5.76 8.58 6.89
1818/10/13 02:00:00 5.80 8.55 7.04
1818/10/13 03:00:00 5.80 8.55 7.04
1818/10/13 06:00:00 5.80 8.55 7.04
1818/10/13 10:00:00 5.80 8.55 7.04
1818/10/13 13:00:00 6.07 8.65 7.27
1818/10/13 14:00:00 6.07 8.65 7.27
1818/10/13 15:00:00 6.07 8.65 7.27
1818/10/13 17:00:00 6.07 8.65 7.27
1818/10/13 18:00:00 6.07 8.65 7.27
1818/10/13 19:00:00 6.07 8.65 7.27
1818/10/13 20:00:00 6.07 8.65 7.27
1818/10/13 22:00:00 6.07 8.65 7.27
1818/10/14 00:00:00 6.01 8.58 7.22
1818/10/14 02:00:00 6.01 8.58 7.22
1818/10/14 06:00:00 6.01 8.58 7.22
1818/10/14 10:00:00 6.01 8.58 7.22
1818/10/14 14:00:00 6.01 8.58 7.22
1818/10/14 15:00:00 6.01 8.58 7.22
1818/10/14 18:00:00 6.48 8.72 7.47
1818/10/14 22:00:00 6.48 8.72 7.47
1818/10/15 02:00:00 6.67 8.86 7.66
1818/10/15 03:00:00 6.67 8.86 7.66
1818/10/15 06:00:00 6.67 8.86 7.66
1818/10/15 10:00:00 6.67 8.86 7.66
1818/10/15 14:00:00 6.88 9.16 7.89
1818/10/15 15:00:00 6.88 9.16 7.89
1818/10/15 18:00:00 6.63 8.91 7.65
1818/10/15 22:00:00 6.78 9.10 7.85
1818/10/16 02:00:00 6.76 9.05 7.80
1818/10/16 03:00:00 6.76 9.05 7.80
1818/10/16 06:00:00 6.76 9.05 7.80
1818/10/16 10:00:00 6.93 9.19 8.01
1818/10/16 11:00:00 6.93 9.19 8.01
1818/10/16 14:00:00 6.93 9.19 8.01
1818/10/16 15:00:00 6.93 9.19 8.01
1818/10/16 18:00:00 7.21 9.36 8.26
1818/10/16 21:00:00 7.21 9.36 8.26
1818/10/16 22:00:00 7.59 9.54 8.55
1818/10/16 23:00:00 7.59 9.54 8.55
1818/10/17 02:00:00 7.57 9.50 8.51
1818/10/17 03:00:00 7.57 9.50 8.51
1818/10/17 06:00:00 7.89 9.69 8.76
1818/10/17 09:00:00 8.14 9.89 8.98
1818/10/17 10:00:00 8.14 9.89 8.98
1818/10/17 14:00:00 8.14 9.89 8.98
1818/10/17 18:00:00 8.34 10.11 9.18
1818/10/17 21:00:00 8.34 10.11 9.18
1818/10/17 22:00:00 8.34 10.11 9.18
1818/10/18 01:00:00 8.32 10.06 9.13
1818/10/18 02:00:00 8.48 10.30 9.33
1818/10/18 03:00:00 8.48 10.30 9.33
1818/10/18 06:00:00 8.48 10.30 9.33
1818/10/18 10:00:00 8.48 10.30 9.33
1818/10/18 12:00:00 8.67 10.53 9.50
1818/10/18 14:00:00 8.67 10.53 9.50
1818/10/18 15:00:00 8.67 10.53 9.50
1818/10/18 18:00:00 8.67 10.53 9.50
1818/10/18 22:00:00 8.67 10.53 9.50
1818/10/19 02:00:00 8.86 10.68 9.61
1818/10/19 03:00:00 8.86 10.68 9.61
1818/10/19 05:00:00 8.86 10.68 9.61
1818/10/19 06:00:00 8.86 10.68 9.61
1818/10/19 09:00:00 8.86 10.68 9.61
1818/10/19 10:00:00 9.01 10.79 9.73
1818/10/19 13:00:00 9.01 10.79 9.73
1818/10/19 14:00:00 9.01 10.79 9.73
1818/10/19 15:00:00 9.01 10.79 9.73
1818/10/19 18:00:00 8.62 10.27 9.32
1818/10/19 22:00:00 8.70 10.28 9.42
1818/10/20 02:00:00 8.69 10.24 9.38
1818/10/20 03:00:00 8.69 10.24 9.38
1818/10/20 05:00:00 8.69 10.24 9.38
1818/10/20 06:00:00 8.69 10.24 9.38
1818/10/20 10:00:00 8.82 10.40 9.47
1818/10/20 14:00:00 8.82 10.40 9.47
1818/10/20 15:00:00 8.82 10.40 9.47
1818/10/20 18:00:00 8.88 10.56 9.53
1818/10/20 22:00:00 8.88 10.56 9.53
1818/10/21 02:00:00 8.84 10.53 9.50
1818/10/21 03:00:00 8.84 10.53 9.50
1818/10/21 06:00:00 8.86 10.62 9.56
1818/10/21 07:00:00 8.86 10.62 9.56
1818/10/21 10:00:00 8.86 10.62 9.56
1818/10/21 14:00:00 8.86 10.62 9.56
1818/10/21 15:00:00 8.86 10.67 9.62
1818/10/21 18:00:00 8.86 10.67 9.62
1818/10/21 22:00:00 8.86 10.67 9.62
1818/10/22 02:00:00 8.85 10.64 9.63
1818/10/22 03:00:00 8.85 10.64 9.63
1818/10/22 06:00:00 8.85 10.64 9.63
1818/10/22 10:00:00 8.85 10.64 9.63
1818/10/22 14:00:00 8.90 10.62 9.65
1818/10/22 18:00:00 8.90 10.62 9.65
1818/10/22 22:00:00 8.90 10.62 9.65
1818/10/22 23:00:00 8.99 10.68 9.68
1818/10/23 02:00:00 8.95 10.62 9.64
1818/10/23 03:00:00 8.95 10.62 9.64
1818/10/23 06:00:00 8.95 10.62 9.64
1818/10/23 10:00:00 9.07 10.72 9.67
1818/10/23 11:00:00 9.07 10.72 9.67
1818/10/23 14:00:00 9.07 10.72 9.67
1818/10/23 15:00:00 9.07 10.72 9.67
1818/10/23 18:00:00 9.07 10.72 9.67
1818/10/23 21:00:00 9.15 10.71 9.66
1818/10/23 22:00:00 9.15 10.71 9.66
1818/10/24 02:00:00 9.11 10.66 9.61
1818/10/24 03:00:00 9.11 10.66 9.61
1818/10/24 06:00:00 9.11 10.66 9.61
1818/10/24 07:00:00 9.08 10.61 9.56
1818/10/24 10:00:00 9.08 10.61 9.56
1818/10/24 14:00:00 9.08 10.61 9.56
1818/10/24 15:00:00 9.08 10.61 9.56
1818/10/24 17:00:00 9.08 10.61 9.56
1818/10/24 18:00:00 9.01 10.47 9.53
1818/10/24 20:00:00 9.01 10.47 9.53
1818/10/24 22:00:00 9.01 10.47 9.53
1818/10/25 02:00:00 8.97 10.41 9.49
1818/10/25 03:00:00 8.97 10.41 9.49
1818/10/25 06:00:00 8.87 10.27 9.47
1818/10/25 10:00:00 7.98 9.50 8.69
1818/10/25 14:00:00 7.98 9.50 8.69
1818/10/25 18:00:00 8.92 10.13 9.41
1818/10/25 22:00:00 8.92 10.13 9.41
1818/10/26 02:00:00 8.89 10.06 9.37
1818/10/26 06:00:00 8.89 10.06 9.37
1818/10/26 10:00:00 8.89 10.06 9.37
1818/10/26 14:00:00 8.85 9.94 9.32
1818/10/26 18:00:00 8.85 9.94 9.32
1818/10/26 22:00:00 8.85 9.94 9.32
1818/10/27 02:00:00 8.81 9.92 9.29
1818/10/27 06:00:00 8.81 9.92 9.29
1818/10/27 10:00:00 8.81 9.92 9.29
1818/10/27 14:00:00 8.81 9.92 9.29
1818/10/27 18:00:00 8.81 9.92 9.29
1818/10/27 22:00:00 8.81 9.92 9.29
1818/10/28 02:00:00 8.77 9.89 9.25
1818/10/28 03:00:00 8.77 9.89 9.25
1818/10/28 06:00:00 9.43 10.64 9.94
1818/10/28 10:00:00 9.43 10.64 9.94
1818/10/28 11:00:00 9.43 10.64 9.94
1818/10/28 14:00:00   NA   NA  NA
1818/10/28 15:00:00 9.43 10.64 9.94
1818/10/28 18:00:00 9.43 10.64 9.94
1818/10/28 20:00:00 9.43 10.64 9.94
1818/10/28 22:00:00 9.42 10.71 9.97
1818/10/29 02:00:00 9.39 10.64 9.93
1818/10/29 03:00:00 9.39 10.64 9.93
1818/10/29 06:00:00 9.39 10.64 9.93
1818/10/29 10:00:00 10.03 11.35 10.64
1818/10/29 14:00:00 9.98 11.42 10.66
1818/10/29 18:00:00 9.98 11.42 10.66
1818/10/29 22:00:00 9.91 11.54 10.68
1818/10/30 02:00:00 9.87 11.54 10.64
1818/10/30 03:00:00 9.87 11.54 10.64
1818/10/30 06:00:00 9.87 11.54 10.64
1818/10/30 10:00:00 9.87 11.51 10.57
1818/10/30 11:00:00 9.87 11.51 10.57
1818/10/30 14:00:00 9.87 11.51 10.57
1818/10/30 18:00:00   NA   NA  NA
1818/10/30 20:00:00   NA   NA  NA
1818/10/30 22:00:00   NA   NA  NA
1818/10/31 02:00:00   NA   NA  NA
