1939/12/20 00:00:00 0.00 0.00 0.00
1939/12/20 06:00:00 0.00 0.00 0.00
1939/12/20 12:00:00 0.00 0.00 0.00
1939/12/20 18:00:00 0.00 0.00 0.00
1939/12/21 00:00:00 0.00 0.00 0.00
1939/12/21 06:00:00 0.00 0.00 0.00
1939/12/21 12:00:00 0.00 0.00 0.00
1939/12/21 18:00:00 0.00 0.00 0.00
1939/12/22 00:00:00 0.00 0.00 0.00
1939/12/22 06:00:00 0.00 0.00 0.00
1939/12/22 12:00:00 0.00 0.00 0.00
1939/12/22 18:00:00 0.00 0.00 0.00
1939/12/23 00:00:00 0.00 0.00 0.00
1939/12/23 06:00:00 0.00 0.00 0.00
1939/12/23 12:00:00 0.00 0.00 0.00
1939/12/23 18:00:00 0.00 0.00 0.00
1939/12/24 00:00:00 0.00 0.00 0.00
1939/12/24 06:00:00 0.00 0.00 0.00
1939/12/24 12:00:00 0.00 0.00 0.00
1939/12/24 18:00:00 0.00 0.00 0.00
1939/12/25 00:00:00 0.00 0.00 0.00
1939/12/25 06:00:00 0.00 0.00 0.00
1939/12/25 12:00:00 0.00 0.00 0.00
1939/12/25 18:00:00 0.00 0.00 0.00
1939/12/26 00:00:00 0.00 0.00 0.00
1939/12/26 06:00:00 0.00 0.00 0.00
1939/12/26 12:00:00 0.00 0.00 0.00
1939/12/26 18:00:00 0.00 0.00 0.00
1939/12/27 00:00:00 0.00 0.00 0.00
1939/12/27 06:00:00 0.00 0.00 0.00
1939/12/27 12:00:00 0.00 0.00 0.00
1939/12/27 18:00:00 0.00 0.00 0.00
1939/12/28 00:00:00 0.00 0.00 0.00
1939/12/28 06:00:00 0.00 0.00 0.00
1939/12/28 12:00:00 0.00 0.00 0.00
1939/12/28 18:00:00 0.00 0.00 0.00
1939/12/29 00:00:00 0.00 0.00 0.00
1939/12/29 06:00:00 0.00 0.00 0.00
1939/12/29 12:00:00 0.00 0.00 0.00
1939/12/29 18:00:00 0.00 0.00 0.00
1939/12/30 00:00:00 0.00 0.00 0.00
1939/12/30 06:00:00 0.00 0.00 0.00
1939/12/30 12:00:00 0.00 0.00 0.00
1939/12/30 18:00:00 0.00 0.00 0.00
1939/12/31 00:00:00 0.00 0.00 0.00
1939/12/31 06:00:00 0.00 0.00 0.00
1939/12/31 12:00:00 0.00 0.20 0.02
1939/12/31 18:00:00 0.00 0.48 0.06
1940/01/01 00:00:00 0.00 0.43 0.05
1940/01/01 06:00:00 0.00 0.40 0.06
1940/01/01 12:00:00 0.00 0.59 0.07
1940/01/01 18:00:00 0.00 0.24 0.03
1940/01/02 00:00:00 0.00 0.21 0.03
1940/01/02 06:00:00 0.00 0.16 0.02
1940/01/02 12:00:00 0.00 0.18 0.02
1940/01/02 18:00:00 0.00 0.19 0.03
1940/01/03 00:00:00 0.00 0.17 0.03
1940/01/03 06:00:00 0.00 0.16 0.03
1940/01/03 12:00:00 0.00 0.15 0.03
1940/01/03 18:00:00 0.00 0.13 0.03
1940/01/04 00:00:00 0.00 0.15 0.04
1940/01/04 06:00:00 0.00 0.12 0.04
1940/01/04 12:00:00 0.00 0.11 0.03
1940/01/04 18:00:00 0.00 0.07 0.02
1940/01/05 00:00:00 0.00 0.08 0.02
1940/01/05 06:00:00 0.00 0.08 0.02
1940/01/05 12:00:00 0.00 0.06 0.02
1940/01/05 18:00:00 0.00 0.04 0.02
1940/01/06 00:00:00 0.00 0.03 0.01
1940/01/06 06:00:00 0.00 0.04 0.01
1940/01/06 12:00:00 0.00 0.05 0.02
1940/01/06 18:00:00 0.00 0.05 0.02
1940/01/07 00:00:00 0.00 0.06 0.02
1940/01/07 06:00:00 0.00 0.05 0.02
1940/01/07 12:00:00 0.00 0.08 0.03
1940/01/07 18:00:00 0.01 0.09 0.04
1940/01/08 00:00:00 0.01 0.21 0.04
1940/01/08 06:00:00 0.00 0.59 0.11
1940/01/08 12:00:00 0.00 0.78 0.19
1940/01/08 18:00:00 0.00 0.84 0.19
1940/01/09 00:00:00 0.00 1.00 0.25
1940/01/09 06:00:00 0.00 0.98 0.24
1940/01/09 12:00:00 0.00 0.84 0.22
1940/01/09 18:00:00 0.00 0.74 0.20
1940/01/10 00:00:00 0.00 0.69 0.18
1940/01/10 06:00:00 0.00 0.81 0.19
1940/01/10 12:00:00 0.00 0.87 0.18
1940/01/10 18:00:00 0.00 1.00 0.14
1940/01/11 00:00:00 0.00 0.97 0.12
1940/01/11 06:00:00 0.00 0.86 0.15
1940/01/11 12:00:00 0.00 0.86 0.15
1940/01/11 18:00:00 0.00 0.72 0.14
1940/01/12 00:00:00 0.00 0.75 0.16
1940/01/12 06:00:00 0.00 0.63 0.16
1940/01/12 12:00:00 0.00 0.62 0.10
1940/01/12 18:00:00 0.00 0.61 0.12
1940/01/13 00:00:00 0.00 0.77 0.09
1940/01/13 06:00:00 0.00 0.80 0.13
1940/01/13 12:00:00 0.00 0.81 0.17
1940/01/13 18:00:00 0.00 0.75 0.14
1940/01/14 00:00:00 0.00 0.72 0.14
1940/01/14 06:00:00 0.00 0.91 0.08
1940/01/14 12:00:00 0.00 0.93 0.09
1940/01/14 18:00:00 0.00 0.86 0.25
1940/01/15 00:00:00 0.00 0.74 0.07
1940/01/15 06:00:00 0.00 0.74 0.07
1940/01/15 12:00:00 0.00 0.74 0.07
1940/01/15 18:00:00 0.00 0.74 0.07
1940/01/16 00:00:00 0.00 0.73 0.06
1940/01/16 06:00:00 0.00 0.73 0.06
1940/01/16 12:00:00 0.00 0.73 0.06
1940/01/16 18:00:00 0.00 0.73 0.06
1940/01/17 00:00:00 0.00 0.71 0.06
1940/01/17 06:00:00 0.00 0.71 0.06
1940/01/17 12:00:00 0.00 0.71 0.06
1940/01/17 18:00:00 0.00 0.71 0.06
1940/01/18 00:00:00 0.00 0.69 0.06
1940/01/18 06:00:00 0.00 0.69 0.06
1940/01/18 12:00:00 0.00 0.69 0.06
1940/01/18 18:00:00 0.00 0.69 0.06
1940/01/19 00:00:00 0.00 0.67 0.05
1940/01/19 06:00:00 0.00 0.67 0.05
1940/01/19 12:00:00 0.00 0.67 0.05
1940/01/19 18:00:00 0.00 0.66 0.08
1940/01/20 00:00:00 0.00 0.80 0.13
1940/01/20 06:00:00 0.00 1.00 0.47
1940/01/20 12:00:00 0.00 1.00 0.41
1940/01/21 00:00:00 0.00 1.00 0.41
1940/01/21 08:00:00 0.00 1.00 0.41
1940/01/21 10:00:00 0.00 1.00 0.41
1940/01/21 12:00:00 0.00 1.00 0.41
1940/01/21 18:00:00 0.00 1.00 0.41
1940/01/21 21:00:00 0.00 1.00 0.41
1940/01/22 00:00:00 0.00 1.00 0.40
1940/01/22 03:00:00 0.00 1.00 0.40
1940/01/22 06:00:00 0.00 1.00 0.40
1940/01/22 12:00:00 0.00 1.00 0.40
1940/01/23 00:00:00 0.00 1.00 0.40
1940/01/23 06:00:00 0.00 1.00 0.40
1940/01/23 12:00:00 0.00 1.00 0.40
1940/01/23 18:00:00 0.00 1.00 0.49
1940/01/24 00:00:00 0.00 1.00 0.49
1940/01/24 06:00:00 0.00 1.00 0.49
1940/01/24 12:00:00 0.00 1.00 0.55
1940/01/24 18:00:00 0.04 1.00 0.63
1940/01/25 00:00:00 0.00 1.00 0.57
1940/01/25 06:00:00 0.00 1.00 0.68
1940/01/25 12:00:00 0.15 1.00 0.73
1940/01/25 18:00:00 0.00 1.00 0.66
1940/01/26 00:00:00 0.11 1.00 0.74
1940/01/26 06:00:00 0.11 1.00 0.74
1940/01/26 12:00:00 0.11 1.00 0.74
1940/01/26 18:00:00 0.11 1.00 0.74
1940/01/27 00:00:00 0.11 1.00 0.74
1940/01/27 06:00:00 0.11 1.00 0.74
1940/01/27 12:00:00 0.00 0.99 0.71
1940/01/27 18:00:00 0.16 1.00 0.62
1940/01/28 00:00:00 0.00 1.00 0.55
1940/01/28 06:00:00 0.00 1.00 0.54
1940/01/28 12:00:00 0.00 1.00 0.50
1940/01/28 18:00:00 0.00 1.00 0.54
1940/01/29 00:00:00 0.00 1.00 0.50
1940/01/29 06:00:00 0.00 0.97 0.37
1940/01/29 12:00:00 0.00 1.00 0.33
1940/01/29 18:00:00 0.00 1.00 0.33
1940/01/30 00:00:00 0.00 0.76 0.14
1940/01/30 06:00:00 0.00 0.76 0.14
1940/01/30 12:00:00 0.00 0.62 0.07
1940/01/30 18:00:00 0.00 0.45 0.05
1940/01/31 00:00:00 0.00 0.46 0.05
1940/01/31 06:00:00 0.00 0.46 0.05
1940/01/31 12:00:00 0.00 0.46 0.05
1940/01/31 18:00:00 0.00 0.46 0.05
1940/02/01 00:00:00 0.00 0.48 0.05
1940/02/01 06:00:00 0.00 0.48 0.05
1940/02/01 12:00:00 0.00 0.48 0.05
1940/02/01 18:00:00 0.00 0.48 0.05
1940/02/02 00:00:00 0.00 0.49 0.05
1940/02/02 06:00:00 0.00 0.55 0.17
1940/02/02 12:00:00 0.00 0.55 0.17
1940/02/02 18:00:00 0.00 0.87 0.06
1940/02/03 00:00:00 0.00 0.88 0.06
1940/02/03 06:00:00 0.00 0.83 0.05
1940/02/03 12:00:00 0.00 0.62 0.04
1940/02/03 18:00:00 0.00 0.78 0.07
1940/02/04 00:00:00 0.00 0.80 0.09
1940/02/04 06:00:00 0.00 0.83 0.19
1940/02/04 12:00:00 0.00 0.97 0.24
1940/02/04 18:00:00 0.00 0.93 0.35
1940/02/05 00:00:00 0.00 0.93 0.37
1940/02/05 06:00:00 0.00 0.94 0.38
1940/02/05 12:00:00 0.00 0.94 0.38
1940/02/05 18:00:00 0.00 0.94 0.38
1940/02/06 00:00:00 0.00 0.93 0.36
1940/02/06 06:00:00 0.00 0.92 0.31
1940/02/06 12:00:00 0.00 0.97 0.30
1940/02/06 18:00:00 0.00 0.93 0.35
1940/02/07 00:00:00 0.00 0.92 0.36
1940/02/07 06:00:00 0.00 0.94 0.38
1940/02/07 12:00:00 0.00 0.96 0.30
1940/02/07 18:00:00 0.00 0.96 0.30
1940/02/08 00:00:00 0.00 0.92 0.36
1940/02/08 06:00:00 0.00 0.90 0.27
1940/02/08 12:00:00 0.00 0.87 0.21
1940/02/08 18:00:00 0.00 0.89 0.16
1940/02/09 00:00:00 0.00 0.62 0.10
1940/02/09 06:00:00 0.00 0.55 0.08
1940/02/09 12:00:00 0.00 0.25 0.05
1940/02/09 18:00:00 0.00 0.08 0.03
1940/02/10 00:00:00 0.00 0.08 0.03
1940/02/10 06:00:00 0.00 0.08 0.03
1940/02/10 12:00:00 0.00 0.21 0.04
1940/02/10 18:00:00 0.00 0.49 0.06
1940/02/11 00:00:00 0.00 0.57 0.05
1940/02/11 06:00:00 0.00 0.65 0.06
1940/02/11 12:00:00 0.00 0.56 0.06
1940/02/11 18:00:00 0.00 0.57 0.06
1940/02/12 00:00:00 0.00 0.43 0.04
1940/02/12 06:00:00 0.00 0.32 0.04
1940/02/12 12:00:00 0.00 0.47 0.04
1940/02/12 18:00:00 0.00 0.53 0.05
1940/02/13 00:00:00 0.00 0.58 0.06
1940/02/13 06:00:00 0.00 0.50 0.06
1940/02/13 12:00:00 0.00 0.57 0.07
1940/02/13 18:00:00 0.00 0.50 0.05
1940/02/14 00:00:00 0.00 0.43 0.04
1940/02/14 06:00:00 0.00 0.59 0.03
1940/02/14 12:00:00 0.00 0.49 0.04
1940/02/14 18:00:00 0.00 0.41 0.03
1940/02/15 00:00:00 0.00 0.07 0.01
1940/02/15 06:00:00 0.00 0.03 0.01
1940/02/15 12:00:00 0.00 0.03 0.01
1940/02/15 18:00:00 0.00 0.03 0.01
1940/02/16 00:00:00 0.00 0.02 0.01
1940/02/16 06:00:00 0.00 0.03 0.01
1940/02/16 12:00:00 0.00 0.02 0.01
1940/02/16 18:00:00 0.00 0.03 0.01
1940/02/17 00:00:00 0.00 0.02 0.01
1940/02/17 06:00:00 0.00 0.43 0.03
1940/02/17 12:00:00 0.00 0.19 0.02
1940/02/17 18:00:00 0.00 0.03 0.01
1940/02/18 00:00:00 0.00 0.27 0.04
1940/02/18 06:00:00 0.00 0.28 0.04
1940/02/18 12:00:00 0.00 0.57 0.09
1940/02/18 18:00:00 0.00 0.57 0.09
1940/02/19 00:00:00 0.00 0.58 0.10
1940/02/19 06:00:00 0.00 0.50 0.09
1940/02/19 12:00:00 0.00 0.53 0.07
1940/02/19 18:00:00 0.00 0.80 0.19
1940/02/20 00:00:00 0.00 0.49 0.05
1940/02/20 06:00:00 0.00 0.43 0.04
1940/02/20 12:00:00 0.00 0.38 0.04
1940/02/20 18:00:00 0.00 0.41 0.05
1940/02/21 00:00:00 0.00 0.68 0.20
1940/02/21 06:00:00 0.00 0.83 0.31
1940/02/21 12:00:00 0.00 0.90 0.31
1940/02/21 18:00:00 0.00 0.88 0.32
1940/02/22 00:00:00 0.00 0.86 0.32
1940/02/22 06:00:00 0.00 0.86 0.32
1940/02/22 12:00:00 0.00 0.86 0.32
1940/02/22 18:00:00 0.00 0.86 0.32
1940/02/23 00:00:00 0.00 0.85 0.32
1940/02/23 06:00:00 0.00 0.81 0.28
1940/02/23 12:00:00 0.00 0.65 0.26
1940/02/23 18:00:00 0.00 0.99 0.56
1940/02/24 00:00:00 0.00 0.97 0.53
1940/02/24 06:00:00 0.00 0.97 0.53
1940/02/24 12:00:00 0.00 0.97 0.53
1940/02/24 18:00:00 0.00 0.75 0.28
1940/02/25 00:00:00 0.00 0.74 0.28
1940/02/25 06:00:00 0.00 0.99 0.56
1940/02/25 12:00:00 0.00 0.99 0.56
1940/02/25 18:00:00 0.00 0.97 0.53
1940/02/26 00:00:00 0.00 0.97 0.54
1940/02/26 06:00:00 0.00 0.76 0.31
1940/02/26 12:00:00 0.00 0.83 0.33
1940/02/26 18:00:00 0.00 1.00 0.53
1940/02/27 00:00:00 0.00 1.00 0.54
1940/02/27 06:00:00 0.00 0.95 0.57
1940/02/27 12:00:00 0.00 0.95 0.67
1940/02/27 18:00:00 0.01 0.91 0.65
1940/02/28 00:00:00 0.00 0.46 0.19
1940/02/28 06:00:00 0.00 0.59 0.21
1940/02/28 12:00:00 0.00 0.84 0.27
1940/02/28 18:00:00 0.00 0.91 0.30
1940/02/29 00:00:00 0.00 0.99 0.33
1940/02/29 06:00:00 0.00 0.95 0.30
1940/02/29 12:00:00 0.00 0.89 0.27
1940/02/29 18:00:00 0.00 0.87 0.18
