1939/12/20 06:00:00  5.29 0.00 17.8 19.0   NA 18.5 1028.0 1021.3   NA  5.7 -34.6 -102.4     NA 19.1 
1939/12/20 12:00:00  3.33 0.00 16.7 18.2   NA 17.9 1024.9 1021.1   NA  5.9 -35.1 -102.9     NA 18.5 
1939/12/20 18:00:00  4.62 0.00 16.7 18.1   NA 17.7 1024.3 1020.9   NA  5.9 -35.9 -103.4     NA 18.4 
1939/12/21 00:00:00  4.61 0.00 16.7 17.3   NA 17.2 1019.9 1020.4   NA  6.2 -36.7 -103.9     NA 17.7 
1939/12/21 06:00:00  4.37 0.00 16.1 16.5   NA 16.4 1017.2 1019.7   NA  6.5 -37.4 -104.5     NA 17.1 
1939/12/21 12:00:00  4.59 0.00 16.1 15.7   NA 15.9 1013.1 1019.1   NA  6.7 -38.1 -105.2     NA 16.5 
1939/12/21 18:00:00  4.78 0.00 17.8 15.7   NA 15.9 1013.1 1019.1   NA  6.7 -38.9 -105.8     NA 16.5 
1939/12/22 00:00:00  4.56 0.00 15.0 15.0   NA 15.3 1011.7 1018.4   NA  7.0 -39.6 -106.5     NA 15.7 
1939/12/22 06:00:00  4.42 0.00 15.0 14.4   NA 14.3 1008.7 1017.5   NA  7.3 -40.2 -107.3     NA 15.1 
1939/12/22 12:00:00  4.30 0.00 12.8 14.4   NA 14.3 1006.3 1017.5   NA  7.3 -40.9 -107.9     NA 15.1 
1939/12/22 18:00:00  3.87 0.00 12.2 13.8   NA 13.3 1007.7 1016.3   NA  7.6 -41.5 -108.5     NA 14.3 
1939/12/23 00:00:00  3.21 0.00 11.1 13.1   NA 12.5 1007.7 1015.0   NA  7.9 -42.0 -109.0     NA 13.8 
1939/12/23 06:00:00  3.20 0.00 10.0 13.1   NA 12.5 1008.7 1015.0   NA  7.9 -42.5 -109.5     NA 13.8 
1939/12/23 12:00:00  7.43 0.00 10.6 12.7   NA 11.7 1006.7 1013.8   NA  8.2 -43.7 -110.6     NA 13.1 
1939/12/23 18:00:00  4.44 0.00 10.0 12.0   NA 11.1 1008.0 1012.6   NA  8.5 -44.4 -111.3     NA 12.5 
1939/12/24 00:00:00  3.28 0.00  8.9 11.4   NA 10.8 1007.0 1011.3   NA  8.8 -45.0 -111.6     NA 11.9 
1939/12/24 06:00:00  3.76 0.00  8.3 11.4   NA 10.8 1007.3 1011.3   NA  8.8 -45.7 -111.9     NA 11.9 
1939/12/24 12:00:00  4.26 0.00  7.2 10.9   NA 10.7 1006.3 1009.6   NA  9.1 -46.5 -112.2     NA 11.5 
1939/12/24 18:00:00  3.87 0.00  7.2 10.2   NA 10.4 1007.3 1008.1   NA  9.3 -47.2 -112.6     NA 10.7 
1939/12/25 00:00:00  3.86 0.00  7.8 10.2   NA 10.3 1006.7 1008.0   NA  9.3 -47.9 -113.0     NA 10.7 
1939/12/25 06:00:00  4.33 0.00  8.9  9.6   NA  9.7 1006.0 1006.4   NA  9.5 -48.6 -113.7     NA 10.0 
1939/12/25 12:00:00  4.14 0.00  8.9  9.0   NA  8.7 1001.9 1004.9   NA  9.6 -49.3 -114.3     NA  9.3 
1939/12/25 18:00:00  4.24 0.00  8.9  8.7   NA  8.1  998.5 1003.3   NA  9.7 -50.1 -114.0     NA  8.7 
1939/12/26 00:00:00  6.66 0.00  7.2  8.6   NA  8.1  994.1 1003.2   NA  9.6 -50.9 -115.6     NA  8.7 
1939/12/26 06:00:00  5.15 0.00  5.6  8.3   NA  7.8  992.4 1001.5   NA  9.7 -51.8 -116.3     NA  8.4 
1939/12/26 12:00:00  4.67 0.00  5.0  8.1   NA  7.6  987.0  999.9   NA  9.8 -52.6 -117.0     NA  8.1 
1939/12/26 18:00:00  4.22 0.00  5.6  7.8   NA  7.2  981.6  998.3   NA  9.8 -53.4 -117.3     NA  8.0 
1939/12/27 00:00:00  3.65 0.00  3.9  7.3   NA  6.8  987.7  996.7   NA  9.8 -54.1 -117.5     NA  7.7 
1939/12/27 06:00:00  3.15 0.00  2.8  7.3   NA  6.8  992.4  996.7   NA  9.8 -54.7 -117.7     NA  7.7 
1939/12/27 12:00:00  3.14 0.00 -1.1  6.7   NA  6.3  993.5  995.2   NA  9.7 -55.3 -117.9     NA  7.1 
1939/12/27 18:00:00  2.52 0.00 -2.2  6.7   NA  6.5  997.9  995.2   NA  9.7 -55.7 -118.4     NA  7.1 
1939/12/28 00:00:00  2.51 0.00 -1.1  6.1   NA  6.2 1001.2  994.0   NA  9.5 -56.1 -118.9     NA  6.2 
1939/12/28 06:00:00  2.94 0.00  0.6  6.1   NA  6.3 1002.3  993.9   NA  9.5 -56.6 -119.4     NA  6.2 
1939/12/28 12:00:00  3.20 0.00  3.9  5.3   NA  5.8  999.5  992.7   NA  9.4 -57.2 -119.7     NA  5.2 
1939/12/28 18:00:00  2.34 0.00  2.8  5.2   NA  5.9  996.8  992.7   NA  9.4 -57.6 -120.1     NA  5.1 
1939/12/29 00:00:00  2.47 0.00  2.8  4.4   NA  5.1  988.7  991.5   NA  9.2 -58.0 -120.6     NA  4.1 
1939/12/29 06:00:00  2.62 0.00  2.8  4.4   NA  5.2  982.6  991.4   NA  9.2 -58.4 -121.2     NA  4.0 
1939/12/29 12:00:00  2.43 0.00 -1.1  4.4   NA  5.2  992.8  991.4   NA  9.2 -58.7 -121.9     NA  4.0 
1939/12/29 18:00:00  1.88 0.00  0.0  3.7   NA  4.6  997.5  990.2   NA  9.0 -59.0 -122.3     NA  0.0 
1939/12/30 00:00:00  2.63 0.00  0.0  3.7   NA  4.6 1000.6  990.2   NA  9.0 -59.5 -122.5     NA  0.0 
1939/12/30 06:00:00  2.69 0.00 -1.7  3.0   NA  3.9 1001.9  989.3   NA  8.8 -60.0 -122.8     NA  0.0 
1939/12/30 12:00:00  3.68 0.00  0.6  3.0   NA  3.9 1000.2  989.3   NA  8.8 -60.7 -123.1     NA  0.0 
1939/12/30 18:00:00  3.90 0.00 -3.9  2.3   NA  3.1  997.2  988.7   NA  8.6 -61.4 -123.7     NA  0.0 
1939/12/31 00:00:00  3.99 0.00 -1.1  1.7   NA  2.3  997.5  988.0   NA  8.4 -62.1 -124.4     NA  0.0 
1939/12/31 06:00:00  3.97 0.00 -1.7  1.6   NA  2.2  996.2  988.0   NA  8.4 -62.8 -125.1     NA  0.0 
1939/12/31 12:00:00  3.86 0.00  0.0  1.1   NA  1.7  994.1  987.4   NA  8.1 -63.5 -125.7     NA  0.0 
1939/12/31 18:00:00  3.44 0.01 -0.6  0.6   NA  1.1  989.7  986.8   NA  7.9 -64.0 -126.7     NA  0.0 
1940/01/01 00:00:00  2.48 0.03 -0.6  0.5   NA  0.9  991.1  986.8   NA  7.9 -64.0 -127.8     NA  0.0 
1940/01/01 06:00:00  2.48 0.03 -1.7  0.5   NA  0.6  997.2  986.8   NA  7.9 -64.0 -128.9     NA  0.0 
1940/01/01 12:00:00  2.48 0.03 -3.3  0.2   NA  0.1 1001.6  986.8   NA  8.0 -64.0 -130.0     NA  0.0 
1940/01/01 18:00:00  1.24 0.02 -2.8  0.6   NA  0.8 1003.9  987.4   NA  8.2 -63.9 -130.5     NA  0.0 
1940/01/02 00:00:00  3.67 0.01 -1.7  0.7   NA  0.7 1002.9  987.4   NA  8.3 -63.2 -130.2     NA  0.0 
1940/01/02 06:00:00  4.26 0.00 -0.6  1.1   NA  1.3 1003.3  988.1   NA  8.5 -62.9 -131.9     NA  0.0 
1940/01/02 12:00:00  4.46 0.00 -1.7  0.9   NA  1.0 1000.2  988.1   NA  8.5 -62.9 -133.8     NA  0.0 
1940/01/02 18:00:00  3.32 0.01 -0.6  0.4   NA  0.3 1002.6  987.5   NA  8.3 -63.0 -135.2     NA  0.0 
1940/01/03 00:00:00  4.00 0.00 -1.7  0.4   NA  0.2 1006.3  987.6   NA  8.3 -63.1 -136.9     NA  0.0 
1940/01/03 06:00:00  4.22 0.00 -1.7  0.4   NA  0.1 1010.0  987.6   NA  8.3 -63.2 -138.7     NA  0.0 
1940/01/03 12:00:00  4.20 0.00 -1.7  0.4   NA -0.1 1011.7  987.7   NA  8.3 -63.3 -140.5     NA  0.0 
1940/01/03 18:00:00  4.19 0.00 -0.6  0.4   NA -0.0 1010.0  987.8   NA  8.3 -63.4 -142.3     NA  0.0 
1940/01/04 00:00:00  4.17 0.00 -0.6  0.3   NA  0.2 1004.3  987.9   NA  8.2 -63.5 -144.1     NA  0.0 
1940/01/04 06:00:00  5.63 0.01  0.6  0.2   NA  0.5  999.5  988.1   NA  8.2 -63.3 -146.5     NA  0.0 
1940/01/04 12:00:00  2.97 0.01  0.6  0.2   NA  0.7  999.2  988.2   NA  8.2 -63.1 -147.7     NA  0.0 
1940/01/04 18:00:00  2.77 0.01 -1.1  0.4   NA  0.8  998.5  988.9   NA  8.3 -62.9 -148.8     NA  0.0 
1940/01/05 00:00:00  2.18 0.01 -0.6  0.4   NA  0.9  998.9  989.0   NA  8.3 -62.5 -149.1     NA  0.0 
1940/01/05 06:00:00  2.82 0.01  0.6  0.5   NA  0.9  999.2  989.1   NA  8.3 -62.3 -150.2     NA  0.0 
1940/01/05 12:00:00  2.63 0.00 -0.6  0.5   NA  0.7 1002.9  989.2   NA  8.3 -62.3 -151.3     NA  0.0 
1940/01/05 18:00:00  3.04 0.00  0.0  0.5   NA  0.4 1004.3  989.4   NA  8.3 -62.5 -152.5     NA  0.0 
1940/01/06 00:00:00  3.36 0.00  0.0  0.6   NA  0.2 1008.7  989.5   NA  8.2 -62.6 -153.9     NA  0.0 
1940/01/06 06:00:00  3.12 0.00 -1.1  0.6   NA  0.4 1011.7  989.8   NA  8.2 -62.7 -155.2     NA  0.0 
1940/01/06 12:00:00  4.50 0.00  0.0  0.5   NA  0.8 1013.1  989.5   NA  8.0 -63.0 -157.0     NA  0.0 
1940/01/06 18:00:00  2.93 0.00  0.6  0.5   NA  0.8 1014.4  989.5   NA  8.0 -63.5 -157.6     NA  0.0 
1940/01/07 00:00:00  4.26 0.20  1.1  0.3   NA  0.8 1014.8  988.9   NA  7.8 -64.2 -158.6     NA  0.0 
1940/01/07 06:00:00  4.48 0.20  1.1  0.4   NA  0.8 1010.4  989.1   NA  7.8 -64.9 -159.8     NA  0.0 
1940/01/07 12:00:00  3.44 0.20  0.6 -0.0   NA  0.5 1003.6  988.7   NA  7.6 -65.5 -160.5     NA  0.0 
1940/01/07 18:00:00  3.74 0.25  0.6 -0.2   NA -0.0  999.9  988.4   NA  7.3 -66.1 -161.5     NA  0.0 
1940/01/08 00:00:00  4.25 0.25 -0.6 -0.2   NA -0.1  996.8  988.7   NA  7.3 -66.8 -162.6     NA  0.0 
1940/01/08 06:00:00  4.22 0.28 -1.1 -0.5   NA -0.3  996.2  988.4   NA  7.0 -67.5 -163.7     NA  0.0 
1940/01/08 12:00:00  3.99 0.31 -0.6 -0.6   NA -0.1  994.1  988.2   NA  6.7 -68.1 -165.0     NA  0.0 
1940/01/08 18:00:00  3.62 0.32 -1.7 -0.6   NA  0.1  990.1  988.3   NA  6.7 -68.7 -166.0     NA  0.0 
1940/01/09 00:00:00  4.16 0.35 -1.7 -0.7   NA -0.1  987.4  988.0   NA  6.4 -69.5 -166.3     NA  0.0 
1940/01/09 06:00:00  2.92 0.35 -1.7 -0.7   NA -0.1  983.6  988.1   NA  6.4 -69.6 -167.9     NA  0.0 
1940/01/09 12:00:00  2.92 0.35 -2.8 -0.6   NA -0.8  986.0  988.3   NA  6.4 -69.5 -169.5     NA  0.0 
1940/01/09 18:00:00  2.70 0.35 -2.8 -0.5   NA -1.0  985.7  988.6   NA  6.4 -69.5 -171.0     NA  0.0 
1940/01/10 00:00:00  4.23 0.27 -3.9 -0.5   NA -0.2  989.4  988.9   NA  6.4 -69.8 -173.2     NA  0.0 
1940/01/10 06:00:00  2.02 0.20 -3.3 -0.4   NA -0.0  991.8  989.1   NA  6.4 -69.9 -174.3     NA  0.0 
1940/01/10 12:00:00  3.19 0.17 -4.4 -0.4   NA  0.1  995.5  989.4   NA  6.4 -69.7 -176.0     NA  0.0 
1940/01/10 18:00:00  3.97 0.16 -3.3 -0.4   NA  0.2  992.8  989.7   NA  6.4 -69.6 -178.2     NA  0.0 
1940/01/11 00:00:00  2.33 0.14 -1.1 -0.4   NA  0.2  988.0  989.9   NA  6.4 -69.6 -179.5     NA  0.0 
1940/01/11 06:00:00  3.60 0.15 -3.3 -0.3   NA -0.0  985.3  989.7   NA  6.3 -70.3 -179.5     NA  0.0 
1940/01/11 12:00:00  2.58 0.15 -3.3 -0.3   NA -0.0  987.4  989.7   NA  6.3 -70.8 -179.4     NA  0.0 
1940/01/11 18:00:00  1.55 0.15 -3.3 -0.4   NA -0.3  988.7  989.7   NA  6.1 -71.1 -179.3     NA  0.0 
1940/01/12 00:00:00  3.35 0.14 -3.3 -0.3   NA -0.3  989.7  989.6   NA  6.0 -71.6 -178.0     NA  0.0 
1940/01/12 06:00:00  5.34 0.17 -3.9 -0.4   NA -0.6  989.7  989.6   NA  5.8 -72.6 -178.9     NA  0.0 
1940/01/12 12:00:00  3.91 0.00 -3.3 -0.3   NA -0.9  990.4  989.8   NA  5.7 -73.3 -179.9     NA  0.0 
1940/01/12 18:00:00  3.55 0.00 -3.9 -0.3   NA -0.9  989.1  989.6   NA  5.6 -73.9 -178.7     NA  0.0 
1940/01/13 00:00:00  2.76 0.00 -3.9 -0.3   NA -1.3  984.6  989.7   NA  5.5 -74.4 -178.0     NA  0.0 
1940/01/13 06:00:00  4.07 0.00 -3.9 -0.3   NA -1.6  982.3  989.4   NA  5.3 -75.1 -176.6     NA  0.0 
1940/01/13 12:00:00  4.16 0.00 -3.3 -0.4   NA -1.7  980.2  989.2   NA  5.2 -75.8 -175.0     NA  0.0 
1940/01/13 18:00:00  4.12 0.00 -3.3 -0.5   NA -1.9  979.2  989.1   NA  5.0 -76.4 -172.8     NA  0.0 
1940/01/14 00:00:00  3.53 0.00 -3.9 -0.4   NA -1.9  977.9  988.8   NA  5.0 -76.8 -170.4     NA  0.0 
1940/01/14 06:00:00  2.69 0.00 -3.9 -0.5   NA -2.0  975.2  988.8   NA  4.9 -77.2 -168.9     NA  0.0 
1940/01/14 12:00:00  4.16 0.00 -2.2 -0.5   NA -2.0  975.8  988.6   NA  4.8 -77.8 -166.4     NA  0.0 
1940/01/14 18:00:00  3.41 0.00 -4.4 -0.6   NA -2.0  979.6  988.7   NA  4.5 -78.3 -164.3     NA  0.0 
1940/01/15 00:00:00  1.15 0.00 -1.7 -0.6   NA -2.1  983.3  988.6   NA  4.4 -78.5 -163.8     NA  0.0 
1940/01/15 06:00:00  -nan 0.00 -6.7 -0.6   NA -2.1  987.4  988.6   NA  4.4 -78.5 -163.8     NA  0.0 
1940/01/15 12:00:00  -nan 0.00   NA -0.6   NA -2.1  990.1  988.6   NA  4.4 -78.5 -163.8     NA  0.0 
1940/01/15 18:00:00  -nan 0.00   NA -0.6   NA -2.1  992.8  988.6   NA  4.4 -78.5 -163.8     NA  0.0 
1940/01/16 00:00:00  -nan 0.00 -6.7 -0.6   NA -2.2  994.1  988.6   NA  4.4 -78.5 -163.8     NA  0.0 
1940/01/16 06:00:00  -nan 0.00 -7.2 -0.6   NA -2.2  994.5  988.6   NA  4.4 -78.5 -163.8     NA  0.0 
1940/01/16 12:00:00  -nan 0.00   NA -0.6   NA -2.2  993.5  988.6   NA  4.4 -78.5 -163.8     NA  0.0 
1940/01/16 18:00:00  -nan 0.00   NA -0.6   NA -2.2  990.4  988.6   NA  4.4 -78.5 -163.8     NA  0.0 
1940/01/17 00:00:00  -nan 0.00   NA -0.6   NA -2.3  989.1  988.7   NA  4.4 -78.5 -163.8     NA  0.0 
1940/01/17 06:00:00  -nan 0.00 -5.6 -0.6   NA -2.3  987.4  988.7   NA  4.4 -78.5 -163.8     NA  0.0 
1940/01/17 12:00:00  -nan 0.00   NA -0.6   NA -2.3  986.0  988.7   NA  4.4 -78.5 -163.8     NA  0.0 
1940/01/17 18:00:00  -nan 0.00   NA -0.6   NA -2.3  986.7  988.7   NA  4.4 -78.5 -163.8     NA  0.0 
1940/01/18 00:00:00  -nan 0.00   NA -0.6   NA -2.5  988.4  988.7   NA  4.5 -78.5 -163.8     NA  0.0 
1940/01/18 06:00:00  -nan 0.00   NA -0.6   NA -2.5  988.4  988.7   NA  4.5 -78.5 -163.8     NA  0.0 
1940/01/18 12:00:00  -nan 0.00   NA -0.6   NA -2.5  988.4  988.7   NA  4.5 -78.5 -163.8     NA  0.0 
1940/01/18 18:00:00  -nan 0.00   NA -0.6   NA -2.5  989.7  988.7   NA  4.5 -78.5 -163.8     NA  0.0 
1940/01/19 00:00:00  -nan 0.00   NA -0.6   NA -2.7  991.1  988.6   NA  4.5 -78.5 -163.8     NA  0.0 
1940/01/19 06:00:00  -nan 0.00   NA -0.6   NA -2.7  992.1  988.6   NA  4.5 -78.5 -163.8     NA  0.0 
1940/01/19 12:00:00  1.71 0.00   NA -0.6   NA -2.7  992.1  988.6   NA  4.5 -78.2 -163.1     NA  0.0 
1940/01/19 18:00:00  4.25 0.18   NA -0.6   NA -2.6  992.4  988.2   NA  4.7 -77.6 -160.4     NA  0.0 
1940/01/20 00:00:00  1.85 0.23   NA -0.8   NA -2.9  993.5  988.0   NA  4.4 -77.5 -158.8     NA  0.0 
1940/01/20 06:00:00  3.84 0.58 -7.2 -1.0   NA -2.9  993.8  987.7   NA  4.6 -76.9 -156.8     NA  0.0 
1940/01/20 12:00:00  0.56 0.55 -6.7 -1.0   NA -3.1  992.1  988.0   NA  4.2 -77.0 -157.0     NA  0.0 
1940/01/21 00:00:00  0.41 0.56   NA -1.0   NA -3.4  990.4  987.9   NA  4.3 -77.0 -157.7     NA  0.0 
1940/01/21 08:00:00  0.00 0.56   NA -1.0   NA -3.4  987.4  987.9   NA  4.3 -77.0 -157.7     NA  0.0 
1940/01/21 10:00:00  0.00 0.56   NA -1.0   NA -3.4  987.4  987.9   NA  4.3 -77.0 -157.7     NA  0.0 
1940/01/21 12:00:00  0.00 0.56   NA -1.0   NA -3.4  986.7  987.9   NA  4.3 -77.0 -157.7     NA  0.0 
1940/01/21 18:00:00  0.00 0.56   NA -1.0   NA -3.4  988.0  987.9   NA  4.3 -77.0 -157.7     NA  0.0 
1940/01/21 21:00:00  0.00 0.56   NA -1.0   NA -3.4  988.0  987.9   NA  4.3 -77.0 -157.7     NA  0.0 
1940/01/22 00:00:00  0.00 0.56   NA -1.0   NA -3.6  988.0  987.9   NA  4.3 -77.0 -157.7     NA  0.0 
1940/01/22 03:00:00  0.00 0.56   NA -1.0   NA -3.6  988.0  987.9   NA  4.3 -77.0 -157.7     NA  0.0 
1940/01/22 06:00:00  0.00 0.56   NA -1.0   NA -3.6  987.7  987.9   NA  4.3 -77.0 -157.7     NA  0.0 
1940/01/22 12:00:00  1.56 0.56   NA -0.9   NA -3.2  989.1  987.7   NA  4.7 -76.7 -157.5     NA  0.0 
1940/01/23 00:00:00  0.59 0.57   NA -0.9   NA -3.3  987.4  987.7   NA  4.7 -76.9 -157.0     NA  0.0 
1940/01/23 06:00:00  0.00 0.57   NA -0.9   NA -3.3  985.3  987.7   NA  4.7 -76.9 -157.0     NA  0.0 
1940/01/23 12:00:00  2.14 0.57   NA -0.9   NA -3.3  984.3  987.7   NA  4.7 -76.5 -157.5     NA  0.0 
1940/01/23 18:00:00  2.40 0.61   NA -1.1   NA -3.6  983.6  987.6   NA  4.5 -76.5 -155.5     NA  0.0 
1940/01/24 00:00:00  0.00 0.61   NA -1.1   NA -3.9  982.3  987.5   NA  4.5 -76.5 -155.5     NA  0.0 
1940/01/24 06:00:00  1.62 0.61   NA -1.1   NA -3.9  983.0  987.5   NA  4.5 -76.8 -155.1     NA  0.0 
1940/01/24 12:00:00  2.51 0.61 -3.3 -1.2   NA -3.6  985.7  987.5   NA  4.4 -76.9 -153.0     NA  0.0 
1940/01/24 18:00:00  3.36 0.62   NA -1.2   NA -3.3  987.4  987.4   NA  4.2 -76.3 -151.9     NA  0.0 
1940/01/25 00:00:00  3.38 0.64   NA -1.2   NA -3.5  985.0  987.2   NA  4.9 -75.7 -150.8     NA  0.0 
1940/01/25 06:00:00  3.12 0.67   NA -1.3   NA -3.6  985.3  987.1   NA  4.7 -75.5 -148.5     NA  0.0 
1940/01/25 12:00:00  2.92 0.70   NA -1.3   NA -4.0  988.4  987.1   NA  4.5 -75.2 -146.6     NA  0.0 
1940/01/25 18:00:00  2.52 0.69   NA -1.3   NA -3.3  990.4  987.0   NA  5.4 -74.9 -145.1     NA  0.0 
1940/01/26 00:00:00  2.03 0.73   NA -1.3   NA -3.5  990.4  987.0   NA  5.6 -74.7 -143.8     NA  0.0 
1940/01/26 06:00:00  0.00 0.73   NA -1.3   NA -3.5  992.1  987.0   NA  5.6 -74.7 -143.8     NA  0.0 
1940/01/26 12:00:00  0.00 0.73   NA -1.3   NA -3.5  992.4  987.0   NA  5.6 -74.7 -143.8     NA  0.0 
1940/01/26 18:00:00  0.00 0.73   NA -1.3   NA -3.5  993.5  987.0   NA  5.6 -74.7 -143.8     NA  0.0 
1940/01/27 00:00:00  0.00 0.73   NA -1.3   NA -3.8  995.5  987.0   NA  5.6 -74.7 -143.8     NA  0.0 
1940/01/27 06:00:00  0.00 0.73   NA -1.3   NA -3.8  997.9  987.0   NA  5.6 -74.7 -143.8     NA  0.0 
1940/01/27 12:00:00  5.11 0.68   NA -1.3   NA -4.5 1001.9  987.1   NA  4.6 -75.2 -147.1     NA  0.0 
1940/01/27 18:00:00  4.03 0.65   NA -1.3   NA -4.2 1004.6  987.1   NA  4.8 -75.7 -149.5     NA  0.0 
1940/01/28 00:00:00  4.34 0.60   NA -1.1   NA -4.4 1007.3  987.3   NA  4.4 -76.2 -152.3     NA  0.0 
1940/01/28 06:00:00  2.67 0.60   NA -1.2   NA -4.6 1009.7  987.3   NA  4.5 -76.6 -153.7     NA  0.0 
1940/01/28 12:00:00  1.09 0.60   NA -1.2   NA -4.8 1013.1  987.3   NA  4.5 -76.8 -154.0     NA  0.0 
1940/01/28 18:00:00  1.62 0.60   NA -1.2   NA -4.6 1013.8  987.3   NA  4.5 -76.5 -153.6     NA  0.0 
1940/01/29 00:00:00  2.04 0.60   NA -1.2   NA -5.0 1013.1  987.2   NA  4.5 -76.2 -154.7     NA  0.0 
1940/01/29 06:00:00  3.93 0.63   NA -0.9   NA -4.7 1010.7  987.3   NA  4.9 -76.2 -157.9     NA  0.0 
1940/01/29 12:00:00  1.66 0.54   NA -0.9   NA -4.6 1007.7  987.4   NA  5.0 -76.5 -158.4     NA  0.0 
1940/01/29 18:00:00  0.24 0.54   NA -0.9   NA -4.6 1006.3  987.4   NA  5.0 -76.5 -158.6     NA  0.0 
1940/01/30 00:00:00  3.11 0.15   NA -0.9   NA -5.3 1006.0  987.5   NA  4.7 -77.1 -158.3     NA  0.0 
1940/01/30 06:00:00  3.89 0.15   NA -0.7   NA -5.3 1002.9  987.5   NA  5.0 -77.8 -159.6     NA  0.0 
1940/01/30 12:00:00  2.82 0.00 -7.8 -0.6   NA -5.4 1001.6  987.8   NA  4.7 -78.1 -161.8     NA  0.0 
1940/01/30 18:00:00  2.52 0.00   NA -0.6   NA -5.5 1001.2  987.9   NA  4.9 -78.4 -163.7     NA  0.0 
1940/01/31 00:00:00  0.53 0.00   NA -0.6   NA -5.8 1001.2  987.8   NA  4.9 -78.5 -163.8     NA  0.0 
1940/01/31 06:00:00  -nan 0.00   NA -0.6   NA -5.8 1000.6  987.8   NA  4.9 -78.5 -163.8     NA  0.0 
1940/01/31 12:00:00  -nan 0.00   NA -0.6   NA -5.8 1000.6  987.8   NA  4.9 -78.5 -163.8     NA  0.0 
1940/01/31 18:00:00  -nan 0.00   NA -0.6   NA -5.8 1000.6  987.8   NA  4.9 -78.5 -163.8     NA  0.0 
1940/02/01 00:00:00  -nan 0.00   NA -0.6   NA -6.0  999.5  987.7   NA  5.0 -78.5 -163.8     NA  0.0 
1940/02/01 06:00:00  -nan 0.00 -11.1 -0.6   NA -6.0  997.5  987.7   NA  5.0 -78.5 -163.8     NA  0.0 
1940/02/01 12:00:00  -nan 0.00   NA -0.6   NA -6.0  994.8  987.7   NA  5.0 -78.5 -163.8     NA  0.0 
1940/02/01 18:00:00  -nan 0.00   NA -0.6   NA -6.0  992.8  987.7   NA  5.0 -78.5 -163.8     NA  0.0 
1940/02/02 00:00:00  -nan 0.01   NA -0.5   NA -6.3  993.5  987.6   NA  5.0 -78.5 -163.8     NA  0.0 
1940/02/02 06:00:00  0.60 0.01   NA -0.5   NA -6.2  995.1  987.7   NA  5.1 -78.4 -164.1     NA  0.0 
1940/02/02 12:00:00  2.65 0.01   NA -0.5   NA -6.1  994.8  987.8   NA  5.3 -78.3 -166.6     NA  0.0 
1940/02/02 18:00:00  3.72 0.01   NA -0.4   NA -5.8 1002.3  988.2   NA  5.6 -78.1 -170.0     NA  0.0 
1940/02/03 00:00:00  4.49 0.02   NA -0.4   NA -5.8 1003.6  988.2   NA  6.1 -77.6 -173.4     NA  0.0 
1940/02/03 06:00:00  4.34 0.01   NA -0.3   NA -5.9 1003.6  988.5   NA  6.2 -77.2 -176.8     NA  0.0 
1940/02/03 12:00:00  3.58 0.02   NA -0.3   NA -6.0 1003.6  988.7   NA  6.4 -76.9 -179.6     NA  0.0 
1940/02/03 18:00:00  4.30 0.02   NA -0.4   NA -5.7 1004.6  988.3   NA  6.2 -76.6 -176.2     NA  0.0 
1940/02/04 00:00:00  4.45 0.02   NA -0.4   NA -5.9 1006.0  987.8   NA  6.1 -76.4 -172.6     NA  0.0 
1940/02/04 06:00:00  4.40 0.07   NA -0.5   NA -5.9 1006.0  987.4   NA  5.9 -75.9 -169.7     NA  0.0 
1940/02/04 12:00:00  4.40 0.07   NA -0.6   NA -5.9 1008.4  987.2   NA  5.8 -75.4 -166.9     NA  0.0 
1940/02/04 18:00:00  3.09 0.21   NA -0.7   NA -5.4 1007.7  987.3   NA  5.9 -74.8 -167.0     NA  0.0 
1940/02/05 00:00:00  1.97 0.23 -3.3 -0.8   NA -5.6 1006.0  987.1   NA  5.9 -74.5 -166.1     NA  0.0 
1940/02/05 06:00:00  0.83 0.28 -2.2 -0.8   NA -5.5 1005.0  987.1   NA  5.9 -74.5 -165.5     NA  0.0 
1940/02/05 12:00:00  0.00 0.28   NA -0.8   NA -5.5 1003.3  987.1   NA  5.9 -74.5 -165.5     NA  0.0 
1940/02/05 18:00:00  0.53 0.28   NA -0.8   NA -5.5 1000.9  987.1   NA  5.9 -74.6 -165.4     NA  0.0 
1940/02/06 00:00:00  1.37 0.23   NA -0.8   NA -5.8 1001.2  987.0   NA  5.9 -74.6 -166.4     NA  0.0 
1940/02/06 06:00:00  4.25 0.20   NA -0.6   NA -5.9 1003.3  987.2   NA  6.0 -74.0 -168.5     NA  0.0 
1940/02/06 12:00:00  1.88 0.18   NA -0.6   NA -5.0 1001.2  987.4   NA  6.2 -73.8 -169.6     NA  0.0 
1940/02/06 18:00:00  4.04 0.20   NA -0.7   NA -5.9 1001.9  987.1   NA  6.0 -74.3 -167.4     NA  0.0 
1940/02/07 00:00:00  1.95 0.23   NA -0.7   NA -6.0 1003.9  987.0   NA  6.0 -74.5 -166.2     NA  0.0 
1940/02/07 06:00:00  2.54 0.28   NA -0.8   NA -5.9 1002.9  986.9   NA  6.0 -74.9 -165.1     NA  0.0 
1940/02/07 12:00:00  2.52 0.25   NA -0.7   NA -6.4 1001.6  986.8   NA  5.9 -75.3 -164.0     NA  0.0 
1940/02/07 18:00:00  0.51 0.25   NA -0.7   NA -6.4 1000.6  986.8   NA  5.9 -75.2 -164.0     NA  0.0 
1940/02/08 00:00:00  3.92 0.22   NA -0.7   NA -6.2 1001.6  986.9   NA  6.0 -74.8 -166.5     NA  0.0 
1940/02/08 06:00:00  4.23 0.19   NA -0.6   NA -6.2  999.9  987.0   NA  6.1 -74.4 -169.2     NA  0.0 
1940/02/08 12:00:00  3.48 0.06   NA -0.5   NA -6.0  999.2  987.2   NA  6.2 -74.0 -171.2     NA  0.0 
1940/02/08 18:00:00  5.17 0.18   NA -0.5   NA -5.7  998.5  987.6   NA  6.5 -73.6 -174.5     NA  0.0 
1940/02/09 00:00:00  4.96 0.18   NA -0.4   NA -5.3  999.5  987.7   NA  6.8 -72.9 -176.8     NA  0.0 
1940/02/09 06:00:00  4.25 0.02   NA -0.4   NA -5.2  999.2  987.9   NA  6.8 -72.3 -178.7     NA  0.0 
1940/02/09 12:00:00  4.64 0.18   NA -0.4   NA -4.5 1000.6  988.0   NA  7.0 -71.4 -178.8     NA  0.0 
1940/02/09 18:00:00  4.63 0.18   NA -0.3   NA -4.0 1001.6  988.1   NA  7.2 -70.5 -178.8     NA  0.0 
1940/02/10 00:00:00  2.72 0.18   NA -0.3   NA -3.9 1003.3  988.0   NA  7.3 -70.0 -179.3     NA  0.0 
1940/02/10 06:00:00  2.18 0.18   NA -0.2   NA -3.5 1005.3  988.4   NA  7.5 -69.6 -178.9     NA  0.0 
1940/02/10 12:00:00  4.45 0.16   NA -0.2   NA -3.4 1004.6  988.4   NA  7.4 -69.4 -176.5     NA  0.0 
1940/02/10 18:00:00  4.39 0.15   NA -0.3   NA -2.9 1005.0  988.3   NA  7.4 -69.3 -174.1     NA  0.0 
1940/02/11 00:00:00  4.41 0.15   NA -0.2   NA -2.5 1008.0  988.3   NA  7.4 -69.2 -171.7     NA  0.0 
1940/02/11 06:00:00  3.47 0.16   NA -0.3   NA -2.6 1005.6  988.2   NA  7.4 -69.2 -169.8     NA  0.0 
1940/02/11 12:00:00  4.39 0.16   NA -0.3   NA -2.9 1006.0  988.2   NA  7.4 -69.2 -167.4     NA  0.0 
1940/02/11 18:00:00  4.43 0.22   NA -0.3   NA -2.8 1007.0  988.2   NA  7.5 -69.1 -165.0     NA  0.0 
1940/02/12 00:00:00  4.73 0.23   NA -0.0   NA -2.1 1007.3  989.1   NA  7.8 -68.9 -162.5     NA  0.0 
1940/02/12 06:00:00  4.08 0.26   NA -0.0   NA -1.9 1006.0  989.1   NA  7.8 -68.9 -160.3     NA  0.0 
1940/02/12 12:00:00  4.27 0.25   NA  0.0   NA -1.3 1005.0  989.0   NA  7.8 -68.5 -158.3     NA  0.0 
1940/02/12 18:00:00  4.00 0.27   NA -0.2   NA -1.1 1005.3  989.0   NA  7.7 -68.1 -156.5     NA  0.0 
1940/02/13 00:00:00  4.46 0.28   NA -0.2   NA -1.5 1002.6  988.9   NA  7.7 -68.0 -154.2     NA  0.0 
1940/02/13 06:00:00  4.24 0.24   NA -0.2   NA -1.7 1000.9  988.8   NA  7.6 -68.0 -152.0     NA  0.0 
1940/02/13 12:00:00  4.44 0.24   NA -0.2   NA -2.1  999.9  988.6   NA  7.6 -68.0 -149.7     NA  0.0 
1940/02/13 18:00:00  4.76 0.23   NA -0.2   NA -2.0  999.2  988.4   NA  7.5 -68.5 -147.6     NA  0.0 
1940/02/14 00:00:00  3.88 0.23   NA -0.0   NA -2.0  998.9  988.2   NA  7.5 -68.8 -145.7     NA  0.0 
1940/02/14 06:00:00  4.23 0.26   NA -0.2   NA -2.4  998.2  987.3   NA  7.2 -69.2 -143.7     NA  0.0 
1940/02/14 12:00:00  3.78 0.25   NA -0.2   NA -2.7  997.2  987.1   NA  7.3 -69.5 -141.8     NA  0.0 
1940/02/14 18:00:00  2.97 0.26   NA -0.2   NA -2.6  997.2  987.0   NA  7.3 -69.2 -140.4     NA  0.0 
1940/02/15 00:00:00  4.01 0.27   NA -0.3   NA -2.5  998.9  986.7   NA  7.3 -69.7 -138.7     NA  0.0 
1940/02/15 06:00:00  2.90 0.27   NA -0.4   NA -2.6  997.5  986.6   NA  7.3 -69.8 -137.1     NA  0.0 
1940/02/15 12:00:00  3.04 0.25   NA -0.4   NA -2.6  995.8  986.5   NA  7.3 -69.3 -136.2     NA  0.0 
1940/02/15 18:00:00  1.94 0.27   NA -0.4   NA -2.6  996.5  986.6   NA  7.3 -69.1 -137.1     NA  0.0 
1940/02/16 00:00:00  3.68 0.21   NA -0.2   NA -1.9  999.5  987.1   NA  7.6 -68.4 -137.5     NA  0.0 
1940/02/16 06:00:00  3.59 0.16   NA -0.2   NA -1.8  997.5  986.9   NA  7.6 -68.1 -135.8     NA  0.0 
1940/02/16 12:00:00  4.18 0.00   NA  0.0   NA -0.8  992.1  987.1   NA  7.8 -67.9 -133.7     NA  0.0 
1940/02/16 18:00:00  4.11 0.00   NA  0.0   NA -0.7  987.4  986.7   NA  7.7 -67.8 -131.6     NA  0.0 
1940/02/17 00:00:00  3.79 0.00   NA  0.0   NA -0.7  987.0  986.7   NA  7.8 -67.1 -131.0     NA  0.0 
1940/02/17 06:00:00  3.44 0.00   NA  0.2   NA -0.9  982.6  986.3   NA  7.7 -67.2 -129.3     NA  0.0 
1940/02/17 12:00:00  4.25 0.00   NA  0.1   NA -1.0  978.9  986.0   NA  7.7 -67.5 -127.3     NA  0.0 
1940/02/17 18:00:00  4.07 0.00   NA  0.2   NA -0.8  977.2  985.7   NA  7.6 -67.9 -125.5     NA  0.0 
1940/02/18 00:00:00  4.37 0.00   NA -0.1   NA -1.4  975.8  985.2   NA  7.5 -68.6 -124.2     NA  0.0 
1940/02/18 06:00:00  2.02 0.00   NA -0.0   NA -1.3  978.6  985.1   NA  7.5 -68.9 -123.5     NA  0.0 
1940/02/18 12:00:00  2.01 0.00   NA -0.3   NA -2.1  979.6  984.7   NA  7.4 -69.2 -122.8     NA  0.0 
1940/02/18 18:00:00  2.00 0.00   NA -0.3   NA -2.1  978.6  984.7   NA  7.4 -69.5 -122.1     NA  0.0 
1940/02/19 00:00:00  1.88 0.00 -3.3 -0.3   NA -2.2  976.5  984.5   NA  7.5 -69.8 -121.5     NA  0.0 
1940/02/19 06:00:00  2.19 0.00   NA -0.2   NA -2.3  976.9  984.4   NA  7.5 -69.9 -120.3     NA  0.0 
1940/02/19 12:00:00  1.95 0.00   NA -0.2   NA -2.3  980.2  984.3   NA  7.5 -69.9 -119.2     NA  0.0 
1940/02/19 18:00:00  2.35 0.13   NA -0.5   NA -2.9  980.9  984.2   NA  7.3 -70.1 -118.0     NA  0.0 
1940/02/20 00:00:00  1.61 0.00   NA -0.3   NA -2.3  980.9  984.0   NA  7.5 -69.9 -117.3     NA  0.0 
1940/02/20 06:00:00  2.30 0.00 -1.1 -0.2   NA -2.1  977.9  983.9   NA  7.5 -69.9 -116.0     NA  0.0 
1940/02/20 12:00:00  0.63 0.00   NA -0.2   NA -2.0  981.6  983.8   NA  7.5 -69.8 -115.8     NA  0.0 
1940/02/20 18:00:00  2.13 0.00   NA -0.2   NA -2.0  983.6  983.7   NA  7.5 -69.8 -114.6     NA  0.0 
1940/02/21 00:00:00  1.04 0.10 -1.7 -0.4   NA -2.5  989.1  983.6   NA  7.3 -70.0 -114.5     NA  0.0 
1940/02/21 06:00:00  2.60 0.10   NA -0.6   NA -2.5  992.8  983.6   NA  7.3 -70.3 -113.3     NA  0.0 
1940/02/21 12:00:00  2.95 0.10 -2.2 -0.6   NA -2.3  994.8  983.5   NA  7.3 -70.5 -111.7     NA  0.0 
1940/02/21 18:00:00  3.44 0.14   NA -0.5   NA -2.1  998.5  983.4   NA  7.2 -70.5 -109.7     NA  0.0 
1940/02/22 00:00:00  0.34 0.14   NA -0.5   NA -2.2  997.5  983.2   NA  7.3 -70.5 -109.5     NA  0.0 
1940/02/22 06:00:00  0.00 0.14 -2.2 -0.5   NA -2.2  997.9  983.2   NA  7.3 -70.5 -109.5     NA  0.0 
1940/02/22 12:00:00  0.00 0.14   NA -0.5   NA -2.2  998.2  983.2   NA  7.3 -70.5 -109.5     NA  0.0 
1940/02/22 18:00:00  0.00 0.14 -0.6 -0.5   NA -2.2  999.9  983.2   NA  7.3 -70.5 -109.5     NA  0.0 
1940/02/23 00:00:00  0.00 0.14   NA -0.5   NA -2.2  999.5  983.1   NA  7.3 -70.5 -109.5     NA  0.0 
1940/02/23 06:00:00  1.47 0.15   NA -0.4   NA -2.3 1000.2  983.1   NA  7.3 -70.4 -108.7     NA  0.0 
1940/02/23 12:00:00  3.42 0.16   NA -0.2   NA -2.6  998.9  983.0   NA  7.3 -70.6 -106.8     NA  0.0 
1940/02/23 18:00:00  2.30 0.33   NA -0.9   NA -3.4 1000.2  983.3   NA  7.0 -71.0 -106.2     NA  0.0 
1940/02/24 00:00:00  0.84 0.34   NA -0.8   NA -3.6  998.5  983.1   NA  7.0 -71.1 -105.8     NA  0.0 
1940/02/24 06:00:00  0.00 0.34 -6.7 -0.8   NA -3.6  998.5  983.1   NA  7.0 -71.1 -105.8     NA  0.0 
1940/02/24 12:00:00  0.00 0.34   NA -0.8   NA -3.6  997.2  983.1   NA  7.0 -71.1 -105.8     NA  0.0 
1940/02/24 18:00:00  3.70 0.16   NA -0.3   NA -2.5  997.9  982.9   NA  7.3 -70.8 -107.8     NA  0.0 
1940/02/25 00:00:00  0.00 0.16   NA -0.3   NA -2.6  997.9  982.8   NA  7.4 -70.8 -107.8     NA  0.0 
1940/02/25 06:00:00  3.00 0.34   NA -0.9   NA -3.5  998.9  983.1   NA  7.0 -71.2 -106.5     NA  0.0 
1940/02/25 12:00:00  0.50 0.34 -8.9 -0.9   NA -3.5  999.2  983.1   NA  7.0 -71.2 -106.2     NA  0.0 
1940/02/25 18:00:00  1.43 0.34   NA -0.8   NA -3.7  999.5  983.0   NA  7.0 -71.4 -105.6     NA  0.0 
1940/02/26 00:00:00  0.00 0.35   NA -0.8   NA -3.8 1000.2  982.9   NA  7.0 -71.4 -105.6     NA  0.0 
1940/02/26 06:00:00  3.87 0.17   NA -0.2   NA -3.2 1000.9  982.6   NA  7.3 -70.8 -104.2     NA  0.0 
1940/02/26 12:00:00  3.27 0.13   NA -0.2   NA -3.8 1001.2  982.6   NA  7.2 -70.7 -102.3     NA  0.0 
1940/02/26 18:00:00  4.11 0.14   NA -0.4   NA -3.3 1001.6  982.5   NA  6.9 -70.8  -99.9     NA  0.0 
1940/02/27 00:00:00  3.29 0.14   NA -0.5   NA -3.1 1001.6  982.4   NA  6.8 -70.5  -98.2     NA  0.0 
1940/02/27 06:00:00  3.44 0.15   NA -0.6   NA -2.7 1001.9  982.4   NA  6.7 -70.3  -96.3     NA  0.0 
1940/02/27 12:00:00  1.01 0.16   NA -0.8   NA -2.5 1002.9  982.4   NA  6.7 -70.2  -95.8     NA  0.0 
1940/02/27 18:00:00  1.74 0.15   NA -0.9   NA -2.3 1001.9  982.5   NA  6.7 -70.2  -94.8     NA  0.0 
1940/02/28 00:00:00  2.24 0.00   NA -0.0   NA -1.7  999.5  982.4   NA  7.2 -69.8  -95.3     NA  0.0 
1940/02/28 06:00:00  4.23 0.00   NA -0.1   NA -1.5  997.9  982.4   NA  7.1 -69.6  -93.0     NA  0.0 
1940/02/28 12:00:00  1.97 0.00 -1.1 -0.2   NA -1.5  996.2  982.5   NA  6.9 -69.6  -91.9     NA  0.0 
1940/02/28 18:00:00  5.02 0.00   NA -0.3   NA -1.7  992.8  982.6   NA  6.9 -69.6  -89.1     NA  0.0 
1940/02/29 00:00:00  1.86 0.00   NA -0.4   NA -1.8  989.4  982.6   NA  7.0 -69.7  -88.1     NA  0.0 
1940/02/29 06:00:00  1.69 0.00  0.0 -0.4   NA -2.0  983.6  982.6   NA  7.0 -69.6  -87.2     NA  0.0 
1940/02/29 12:00:00  2.15 0.00   NA -0.3   NA -2.1  980.2  982.7   NA  7.1 -69.6  -86.0     NA  0.0 
1940/02/29 18:00:00  3.79 0.13   NA -0.1   NA -2.2  975.8  983.0   NA  7.1 -69.7  -83.9     NA  0.0 
