1785/07/29 12:00:00    NA   NA 13.9   NA 16.7   NA     NA     NA   NA   NA    NA     NA     NA   NA 
1785/07/29 18:00:00    NA   NA 13.9   NA 16.7   NA     NA     NA   NA   NA    NA     NA     NA   NA 
1785/07/30 06:00:00    NA   NA 14.4   NA 16.7   NA     NA     NA   NA   NA    NA     NA     NA   NA 
1785/07/30 12:00:00    NA   NA 14.4   NA 16.7   NA     NA     NA   NA   NA    NA     NA     NA   NA 
1785/07/30 18:00:00    NA   NA 14.4   NA 17.2   NA     NA     NA   NA   NA    NA     NA     NA   NA 
1785/07/31 06:00:00    NA   NA 14.4   NA 15.6   NA     NA     NA   NA   NA    NA     NA     NA   NA 
1785/07/31 12:00:00    NA   NA 14.4   NA 15.6   NA     NA     NA   NA   NA    NA     NA     NA   NA 
1785/07/31 18:00:00    NA   NA 16.7   NA 16.7   NA     NA     NA   NA   NA    NA     NA     NA   NA 
1785/08/01 06:00:00    NA   NA 16.7   NA 17.2   NA     NA     NA   NA   NA    NA     NA     NA   NA 
1785/08/01 11:00:00    NA 0.00 16.7 16.3 17.2 16.1     NA 1017.7   NA  5.7  49.2   -5.0     NA 16.7 
1785/08/01 17:00:00  4.23 0.00 17.8 16.9 15.6 16.3     NA 1017.9   NA  6.0  49.1   -6.2     NA 17.0 
1785/08/02 05:00:00  4.27 0.00 17.8 17.2 17.8 16.7     NA 1018.2   NA  5.9  48.7   -8.7     NA 17.3 
1785/08/02 11:00:00  4.28 0.00 17.8 17.1 17.8 16.6     NA 1018.3   NA  6.0  48.5   -9.8     NA 17.2 
1785/08/02 17:00:00  3.47 0.00 17.2 17.1 17.8 16.6     NA 1018.4   NA  6.0  48.1  -10.7     NA 17.3 
1785/08/03 05:00:00  3.49 0.00 19.4 17.7 15.6 17.0     NA 1018.8   NA  6.1  47.4  -12.3     NA 17.9 
1785/08/03 11:00:00  3.52 0.00 19.4 17.6 15.6 17.0     NA 1018.9   NA  6.2  47.0  -13.2     NA 17.7 
1785/08/03 17:00:00  4.15 0.00 19.4 18.1 15.6 17.4     NA 1019.4   NA  6.1  46.5  -14.1     NA 18.2 
1785/08/04 05:00:00  4.18 0.00 18.9 18.5 18.9 17.8     NA 1019.8   NA  6.1  45.5  -15.9     NA 18.7 
1785/08/04 10:00:00  4.18 0.00 18.9 18.6 18.9 17.9     NA 1020.0   NA  6.1  45.0  -16.8     NA 18.9 
1785/08/04 16:00:00  2.97 0.00 18.9 19.1 15.6 18.3     NA 1020.4   NA  5.9  44.5  -17.2     NA 19.4 
1785/08/05 04:00:00  3.01 0.00 18.3 19.6 19.4 18.9     NA 1020.7   NA  5.7  43.6  -18.1     NA 20.0 
1785/08/05 10:00:00  2.99 0.00 18.3 19.6 19.4 18.9     NA 1020.7   NA  5.7  43.1  -18.6     NA 20.0 
1785/08/05 16:00:00  3.49 0.00 20.0 20.1 18.3 19.4     NA 1021.1   NA  5.6  42.6  -19.2     NA 20.5 
1785/08/06 04:00:00  3.51 0.00 20.0 20.7 21.1 19.9     NA 1021.5   NA  5.5  41.6  -20.4     NA 21.2 
1785/08/06 10:00:00  3.54 0.00 20.0 20.7 21.1 19.9     NA 1021.5   NA  5.5  41.1  -21.0     NA 21.2 
1785/08/06 16:00:00  3.53 0.00 20.6 21.3 21.7 20.5     NA 1021.9   NA  5.3  40.5  -21.5     NA 21.9 
1785/08/07 04:00:00  3.55 0.00 21.1 21.8 21.1 21.0     NA 1022.1   NA  5.1  39.3  -22.4     NA 22.5 
1785/08/07 10:00:00  3.54 0.00 21.1 22.2 21.1 21.3     NA 1022.1   NA  5.0  38.8  -22.9     NA 22.8 
1785/08/07 16:00:00  3.19 0.00 21.1 22.3 20.0 21.4     NA 1022.3   NA  4.9  38.2  -23.4     NA 22.9 
1785/08/08 04:00:00  3.17 0.00 21.7 22.7 22.2 21.8     NA 1022.5   NA  4.7  37.2  -24.2     NA 23.2 
1785/08/08 10:00:00  3.16 0.00 21.7 23.1 22.2 22.1     NA 1022.5   NA  4.7  36.7  -24.6     NA 23.8 
1785/08/08 16:00:00  3.04 0.00 22.2 23.2 22.8 22.2     NA 1022.7   NA  4.6  36.4  -25.3     NA 24.0 
1785/08/09 04:00:00  3.03 0.00 22.8 23.8 22.8 22.7     NA 1022.8   NA  4.6  35.9  -26.6     NA 24.4 
1785/08/09 10:00:00  3.06 0.00 22.8 23.9 22.8 22.8     NA 1023.0   NA  4.5  35.7  -27.2     NA 24.4 
1785/08/09 16:00:00  1.74 0.00 23.3 23.9 22.8 22.8     NA 1023.0   NA  4.5  35.5  -27.6     NA 24.4 
1785/08/10 04:00:00  1.73 0.00 22.8 24.0 21.7 23.0     NA 1023.0   NA  4.4  35.2  -28.3     NA 24.4 
1785/08/10 10:00:00  1.78 0.00 22.8 24.0 21.7 23.0     NA 1023.0   NA  4.4  35.0  -28.7     NA 24.4 
1785/08/10 16:00:00  2.42 0.00 23.9 24.5 25.0 23.3     NA 1023.1   NA  4.4  34.7  -29.1     NA 24.9 
1785/08/11 04:00:00  2.44 0.00 23.3 24.6 23.3 23.5     NA 1023.1   NA  4.3  34.1  -30.0     NA 25.1 
1785/08/11 09:00:00  2.41 0.00 23.3 24.8 23.3 23.6     NA 1022.9   NA  4.3  33.9  -30.5     NA 25.5 
1785/08/11 15:00:00  3.16 0.00 25.0 25.0 24.4 23.8     NA 1023.0   NA  4.3  33.8  -31.2     NA 25.6 
1785/08/12 03:00:00  3.16 0.00 23.9 25.1 24.4 24.0     NA 1023.0   NA  4.2  33.6  -32.7     NA 25.8 
1785/08/12 09:00:00  3.19 0.00 23.9 25.3 24.4 24.1     NA 1023.0   NA  4.1  33.5  -33.4     NA 25.9 
1785/08/12 15:00:00  2.34 0.00 24.4 25.3 24.4 24.1     NA 1023.0   NA  4.1  33.4  -33.9     NA 25.9 
1785/08/13 03:00:00  2.34 0.00 24.4 25.4 24.4 24.3     NA 1023.0   NA  4.1  33.3  -35.0     NA 25.7 
1785/08/13 09:00:00  2.31 0.00 25.6 25.5 25.0 24.4     NA 1023.0   NA  4.1  33.3  -35.5     NA 25.9 
1785/08/13 15:00:00  1.17 0.00 25.0 25.5 25.6 24.4     NA 1023.0   NA  4.1  33.3  -35.8     NA 25.9 
1785/08/14 03:00:00  1.19 0.00 24.4 25.7 24.4 24.5     NA 1022.9   NA  4.1  33.4  -36.3     NA 25.9 
1785/08/14 09:00:00  1.18 0.00 26.1 25.7 27.2 24.5     NA 1022.9   NA  4.1  33.4  -36.6     NA 25.9 
1785/08/14 15:00:00  0.82 0.00 26.1 25.7 27.2 24.5     NA 1022.9   NA  4.1  33.5  -36.8     NA 25.9 
1785/08/15 03:00:00  0.79 0.00 26.1 25.9 25.6 24.7     NA 1022.8   NA  4.1  33.7  -37.0     NA 26.2 
1785/08/15 09:00:00  0.80 0.00 26.1 25.9 26.1 24.7     NA 1022.8   NA  4.1  33.8  -37.2     NA 26.2 
1785/08/15 15:00:00  0.89 0.00 25.6 25.9 26.1 24.7     NA 1022.8   NA  4.1  33.9  -37.3     NA 26.2 
1785/08/16 03:00:00  0.89 0.00 25.6 25.8 26.1 24.6     NA 1022.9   NA  4.3  34.1  -37.6     NA 26.0 
1785/08/16 09:00:00  0.90 0.00 26.7 25.8 27.2 24.6     NA 1022.9   NA  4.3  34.2  -37.8     NA 26.0 
1785/08/16 15:00:00  1.94 0.00 26.7 25.8 27.2 24.6     NA 1022.9   NA  4.3  34.6  -38.0     NA 26.0 
1785/08/17 03:00:00  1.91 0.00 26.1 25.6 26.7 24.5     NA 1022.7   NA  4.6  35.3  -38.3     NA 26.0 
1785/08/17 09:00:00  1.95 0.00 25.6 25.6 26.7 24.5     NA 1022.7   NA  4.6  35.6  -38.5     NA 26.0 
1785/08/17 15:00:00  1.53 0.00 25.6 25.6 26.7 24.5     NA 1022.7   NA  4.6  35.8  -38.8     NA 26.0 
1785/08/18 03:00:00  1.52 0.00 25.6 25.4 26.7 24.4     NA 1022.3   NA  4.9  36.0  -39.5     NA 25.8 
1785/08/18 09:00:00  1.49 0.00 26.1 25.4 26.7 24.4     NA 1022.3   NA  4.9  36.1  -39.8     NA 25.8 
1785/08/18 15:00:00  1.10 0.00 26.1 25.4 26.7 24.4     NA 1022.3   NA  4.9  36.2  -40.0     NA 25.8 
1785/08/19 03:00:00  1.06 0.00 25.0 25.5 25.6 24.5     NA 1022.1   NA  5.0  36.5  -40.4     NA 25.8 
1785/08/19 09:00:00  1.11 0.00 25.0 25.5 26.1 24.5     NA 1022.1   NA  5.0  36.6  -40.6     NA 25.8 
1785/08/19 15:00:00  1.30 0.00 25.0 25.5 25.6 24.5     NA 1022.1   NA  5.0  36.9  -40.6     NA 25.8 
1785/08/20 03:00:00  1.31 0.00 24.4 25.1 25.6 24.2     NA 1021.8   NA  5.3  37.4  -40.8     NA 25.5 
1785/08/20 09:00:00  1.31 0.00 23.9 25.1 25.0 24.2     NA 1021.8   NA  5.3  37.6  -40.8     NA 25.5 
1785/08/20 15:00:00  1.86 0.00 23.9 25.1 25.0 24.2     NA 1021.8   NA  5.3  37.3  -40.9     NA 25.5 
1785/08/21 03:00:00  1.83 0.00 23.3 25.6 22.8 24.6     NA 1021.9   NA  5.1  36.6  -41.1     NA 26.0 
1785/08/21 09:00:00  1.81 0.00 23.9 25.6 25.0 24.6     NA 1021.9   NA  5.1  36.2  -41.2     NA 26.0 
1785/08/21 15:00:00  0.88 0.00 24.4 25.6 25.6 24.6     NA 1021.9   NA  5.1  36.1  -41.4     NA 26.0 
1785/08/22 03:00:00  0.85 0.00 24.4 25.8 25.0 24.8     NA 1022.1   NA  4.9  35.8  -41.6     NA 26.1 
1785/08/22 09:00:00  0.84 0.00 25.0 25.8 26.7 24.8     NA 1022.1   NA  4.9  35.7  -41.6     NA 26.1 
1785/08/22 15:00:00  2.34 0.00 25.0 25.9 26.7 24.9     NA 1022.0   NA  4.9  35.6  -42.2     NA 26.2 
1785/08/23 03:00:00  2.37 0.00 25.0 26.0 26.1 25.0     NA 1021.8   NA  5.0  35.6  -43.3     NA 26.2 
1785/08/23 09:00:00  2.36 0.00 25.0 26.0 26.1 25.0     NA 1021.8   NA  5.0  35.6  -43.9     NA 26.2 
1785/08/23 15:00:00  0.95 0.00 23.9 26.1 25.6 25.0     NA 1021.7   NA  5.0  35.5  -44.1     NA 26.2 
1785/08/24 03:00:00  0.92 0.00 22.8 26.0 23.9 25.0     NA 1021.7   NA  5.0  35.3  -44.5     NA 26.2 
1785/08/24 09:00:00  0.93 0.00 23.3 26.0 23.9 25.0     NA 1021.7   NA  5.0  35.2  -44.6     NA 26.2 
1785/08/24 15:00:00  1.37 0.00 23.3 26.0 23.9 25.0     NA 1021.7   NA  5.0  35.3  -44.9     NA 26.2 
1785/08/25 03:00:00  1.33 0.00 24.4 26.1 26.1 25.1     NA 1021.5   NA  5.1  35.6  -45.5     NA 26.1 
1785/08/25 08:00:00  1.34 0.00 24.4 26.1 26.7 25.1     NA 1021.5   NA  5.1  35.7  -45.8     NA 26.1 
1785/08/25 14:00:00  0.36 0.00 24.4 26.1 26.1 25.1     NA 1021.5   NA  5.1  35.6  -45.9     NA 26.1 
1785/08/26 02:00:00  0.39 0.00 24.4 26.1 26.1 25.1     NA 1021.3   NA  5.1  35.5  -46.0     NA 26.1 
1785/08/26 08:00:00  0.36 0.00 24.4 26.1 26.7 25.1     NA 1021.3   NA  5.1  35.5  -46.1     NA 26.1 
1785/08/26 14:00:00  0.87 0.00 24.4 26.1 26.7 25.1     NA 1021.3   NA  5.1  35.4  -46.3     NA 26.1 
1785/08/27 02:00:00  0.85 0.00 25.0 26.1 26.1 25.1     NA 1021.3   NA  5.1  35.3  -46.6     NA 26.1 
1785/08/27 08:00:00  0.88 0.00 25.6 26.1 27.2 25.1     NA 1021.3   NA  5.1  35.2  -46.8     NA 26.1 
1785/08/27 14:00:00  1.32 0.00 26.1 26.1 27.2 25.1     NA 1021.1   NA  5.1  35.0  -47.0     NA 26.1 
1785/08/28 02:00:00  1.34 0.00 24.4 26.4 25.6 25.3     NA 1021.2   NA  4.8  34.6  -47.4     NA 26.4 
1785/08/28 08:00:00  1.33 0.00 25.6 26.4 25.6 25.3     NA 1021.2   NA  4.8  34.4  -47.5     NA 26.4 
1785/08/28 14:00:00  2.10 0.00 25.6 26.5 25.6 25.4     NA 1021.1   NA  4.8  34.3  -48.0     NA 26.4 
1785/08/29 02:00:00  2.12 0.00 25.6 26.5 25.0 25.4     NA 1020.9   NA  4.8  34.2  -49.0     NA 26.4 
1785/08/29 08:00:00  2.14 0.00 25.6 26.5 26.1 25.4     NA 1020.9   NA  4.8  34.2  -49.5     NA 26.4 
1785/08/29 14:00:00  2.98 0.00 25.6 26.5 25.6 25.4     NA 1020.8   NA  4.8  34.2  -50.2     NA 26.2 
1785/08/30 02:00:00  2.97 0.00 25.6 26.5 25.6 25.5     NA 1020.5   NA  4.9  34.1  -51.6     NA 26.2 
1785/08/30 08:00:00  2.95 0.00 25.6 26.6 25.6 25.5     NA 1020.4   NA  4.9  34.1  -52.3     NA 26.2 
1785/08/30 14:00:00  2.87 0.00 25.6 26.6 25.6 25.5     NA 1020.4   NA  4.9  34.1  -52.9     NA 26.2 
1785/08/31 02:00:00  2.85 0.00 26.1 26.7 26.7 25.6     NA 1020.0   NA  4.9  34.3  -54.3     NA 26.7 
1785/08/31 08:00:00  2.87 0.00 26.7 26.7 26.7 25.6     NA 1020.0   NA  4.9  34.3  -54.9     NA 26.7 
1785/08/31 14:00:00  1.96 0.00 26.1 26.7 27.2 25.6     NA 1019.8   NA  4.9  34.3  -55.4     NA 26.8 
1785/09/01 02:00:00  1.93 0.00 25.6 26.7 27.2 25.6     NA 1019.6   NA  5.0  34.3  -56.3     NA 26.9 
1785/09/01 08:00:00  1.95 0.00 26.7 26.7 28.3 25.6     NA 1019.6   NA  5.0  34.3  -56.7     NA 26.9 
1785/09/01 14:00:00  2.79 0.00 26.7 26.7 28.3 25.7     NA 1019.5   NA  5.0  34.5  -57.4     NA 26.7 
1785/09/02 02:00:00  2.80 0.00 26.7 26.7 27.2 25.7     NA 1019.3   NA  5.1  34.8  -58.6     NA 26.6 
1785/09/02 08:00:00  2.79 0.00 26.7 26.8 28.3 25.7     NA 1019.1   NA  5.2  34.9  -59.3     NA 26.6 
1785/09/02 14:00:00  2.56 0.00 26.7 26.6 28.3 25.5     NA 1019.0   NA  5.5  35.1  -59.8     NA 26.3 
1785/09/03 02:00:00  2.55 0.00 26.7 26.8 28.3 25.5     NA 1018.7   NA  5.6  35.4  -61.0     NA 26.5 
1785/09/03 07:00:00  2.55 0.00 27.2 26.8 28.9 25.5     NA 1018.7   NA  5.6  35.5  -61.6     NA 26.5 
1785/09/03 13:00:00  1.85 0.00 26.7 26.8 28.3 25.5     NA 1018.6   NA  5.7  35.6  -62.0     NA 26.5 
1785/09/04 01:00:00  1.83 0.00 26.7 26.8 27.8 25.5     NA 1018.6   NA  5.7  35.8  -62.9     NA 26.4 
1785/09/04 07:00:00  1.84 0.00 27.2 26.8 28.3 25.5     NA 1018.4   NA  5.7  35.8  -63.3     NA 26.3 
1785/09/04 13:00:00  2.21 0.00 26.7 26.8 28.3 25.5     NA 1018.4   NA  5.7  35.9  -63.8     NA 26.3 
1785/09/05 01:00:00  2.19 0.00 26.7 26.8 27.2 25.4     NA 1018.3   NA  5.7  35.9  -64.8     NA 26.1 
1785/09/05 07:00:00  2.22 0.00 27.2 26.8 27.8 25.4     NA 1018.2   NA  5.7  35.9  -65.4     NA 26.2 
1785/09/05 13:00:00  1.74 0.00 27.2 26.7 27.8 25.0     NA 1018.1   NA  5.9  36.0  -65.8     NA 25.7 
1785/09/06 01:00:00  1.77 0.00 27.2 26.6 26.7 25.0     NA 1018.0   NA  5.9  36.2  -66.6     NA 25.4 
1785/09/06 07:00:00  1.77 0.00 26.7 26.6 25.6 25.0     NA 1018.0   NA  5.9  36.3  -67.0     NA 25.4 
1785/09/06 13:00:00  2.11 0.00 26.7 26.9 26.1 25.4     NA 1018.0   NA  5.7  36.0  -67.2     NA 26.1 
1785/09/07 01:00:00  2.10 0.00 26.7 26.9 30.6 25.3     NA 1018.0   NA  5.7  35.2  -67.6     NA 26.0 
1785/09/07 07:00:00  2.08 0.00 27.2 27.1 25.6 25.6     NA 1018.0   NA  5.5  34.8  -67.8     NA 26.1 
1785/09/07 13:00:00  1.69 0.00 27.2 27.1 25.6 25.6     NA 1018.0   NA  5.5  34.8  -68.2     NA 25.9 
1785/09/08 01:00:00  1.72 0.00 26.1 27.0 23.9 25.6     NA 1017.9   NA  5.5  34.8  -69.0     NA 25.8 
1785/09/08 07:00:00  1.68 0.00 26.1 27.0 23.9 25.6     NA 1017.9   NA  5.6  34.8  -69.4     NA 26.0 
1785/09/08 13:00:00  2.50 0.00 26.1 27.0 23.9 25.6     NA 1017.9   NA  5.6  35.0  -69.9     NA 26.0 
1785/09/09 01:00:00  2.48 0.00 26.1 26.9 23.9 25.2     NA 1017.8   NA  5.8  35.3  -71.0     NA 25.3 
1785/09/09 07:00:00  2.45 0.00 26.7 27.0 25.6 25.2     NA 1017.8   NA  5.8  35.5  -71.5     NA 25.4 
1785/09/09 13:00:00  3.18 0.00 22.8 27.1 25.0 25.1     NA 1017.7   NA  5.8  36.0  -72.0     NA 25.3 
1785/09/10 01:00:00  3.18 0.00 22.8 25.9 25.0 24.1     NA 1017.6   NA  5.9  36.9  -73.0     NA 23.9 
1785/09/10 07:00:00  3.15 0.00 26.1 24.4 25.6 23.2     NA 1017.6   NA  5.9  37.3  -73.6     NA 22.5 
1785/09/10 13:00:00    NA   NA 21.1   NA 25.0   NA     NA     NA   NA   NA    NA     NA     NA   NA 
