1822/04/01 12:00:00   NA   NA  NA
1822/04/02 12:00:00   NA   NA  NA
1822/04/03 12:00:00   NA   NA  NA
1822/04/04 12:00:00   NA   NA  NA
1822/04/05 12:00:00   NA   NA  NA
1822/04/06 12:00:00   NA   NA  NA
1822/04/07 12:00:00   NA   NA  NA
1822/04/08 12:00:00   NA   NA  NA
1822/04/09 12:00:00   NA   NA  NA
1822/04/10 12:00:00   NA   NA  NA
1822/04/11 04:00:00 0.00 0.00 0.00
1822/04/12 04:00:00 0.00 0.00 0.00
1822/04/13 04:00:00 0.00 0.00 0.00
1822/04/14 04:00:00 0.00 0.00 0.00
1822/04/15 03:00:00 0.00 0.00 0.00
1822/04/15 15:00:00 0.00 0.00 0.00
1822/04/16 03:00:00 0.00 0.00 0.00
1822/04/17 03:00:00 0.00 0.00 0.00
1822/04/17 15:00:00 0.00 0.00 0.00
1822/04/18 03:00:00 0.00 0.00 0.00
1822/04/18 15:00:00 0.00 0.00 0.00
1822/04/19 03:00:00 0.00 0.00 0.00
1822/04/19 15:00:00 0.00 0.00 0.00
1822/04/20 02:00:00 0.00 0.00 0.00
1822/04/20 14:00:00 0.00 0.00 0.00
1822/04/21 02:00:00 0.00 0.00 0.00
1822/04/21 15:00:00 0.00 0.00 0.00
1822/04/22 03:00:00 0.00 0.00 0.00
1822/04/23 03:00:00 0.00 0.00 0.00
1822/04/23 15:00:00 0.00 0.00 0.00
1822/04/24 03:00:00 0.00 0.00 0.00
1822/04/24 14:00:00 0.00 0.00 0.00
1822/04/25 02:00:00 0.00 0.00 0.00
1822/04/25 14:00:00 0.00 0.00 0.00
1822/04/26 02:00:00 0.00 0.00 0.00
1822/04/26 14:00:00 0.00 0.00 0.00
1822/04/27 02:00:00 0.00 0.44 0.02
1822/04/28 02:00:00 0.00 0.50 0.03
1822/04/29 02:00:00 0.00 0.83 0.43
1822/04/29 15:00:00 0.00 0.88 0.47
1822/04/30 03:00:00 0.00 0.93 0.50
1822/04/30 15:00:00 0.09 0.96 0.60
1822/05/01 03:00:00 0.19 0.93 0.63
1822/05/01 15:00:00 0.30 0.93 0.71
1822/05/02 03:00:00 0.31 0.92 0.70
1822/05/02 15:00:00 0.00 0.64 0.28
1822/05/03 03:00:00 0.00 0.60 0.22
1822/05/03 15:00:00 0.00 0.51 0.12
1822/05/04 03:00:00 0.00 0.09 0.01
1822/05/04 15:00:00 0.00 0.09 0.01
1822/05/05 03:00:00 0.00 0.00 0.00
1822/05/05 15:00:00 0.00 0.00 0.00
1822/05/06 03:00:00 0.00 0.36 0.07
1822/05/06 15:00:00 0.00 0.51 0.11
1822/05/07 03:00:00 0.00 0.58 0.21
1822/05/07 15:00:00 0.00 0.66 0.27
1822/05/08 03:00:00 0.00 0.67 0.26
1822/05/08 15:00:00 0.00 0.74 0.43
1822/05/09 03:00:00 0.00 0.74 0.43
1822/05/09 15:00:00 0.00 0.74 0.43
1822/05/10 03:00:00 0.00 0.74 0.43
1822/05/10 15:00:00 0.00 0.67 0.26
1822/05/11 03:00:00 0.00 0.68 0.26
1822/05/11 15:00:00 0.00 0.60 0.21
1822/05/12 03:00:00 0.00 0.60 0.21
1822/05/12 15:00:00 0.00 0.60 0.21
1822/05/13 03:00:00 0.00 0.61 0.21
1822/05/13 15:00:00 0.00 0.68 0.26
1822/05/14 03:00:00 0.00 0.68 0.26
1822/05/14 15:00:00 0.00 0.68 0.26
1822/05/15 03:00:00 0.00 0.69 0.26
1822/05/15 15:00:00 0.00 0.69 0.26
1822/05/16 03:00:00 0.00 0.69 0.26
1822/05/16 15:00:00 0.00 0.69 0.26
1822/05/17 03:00:00 0.00 0.69 0.26
1822/05/17 15:00:00 0.00 0.69 0.26
1822/05/18 03:00:00 0.00 0.69 0.26
1822/05/19 03:00:00 0.00 0.69 0.26
1822/05/19 15:00:00 0.00 0.69 0.26
1822/05/20 03:00:00 0.00 0.69 0.26
1822/05/20 15:00:00 0.00 0.17 0.01
1822/05/21 03:00:00 0.00 0.17 0.01
1822/05/21 15:00:00 0.00 0.02 0.00
1822/05/22 03:00:00 0.00 0.05 0.00
1822/05/22 15:00:00 0.00 0.05 0.00
1822/05/23 03:00:00 0.00 0.04 0.01
1822/05/23 15:00:00 0.00 0.04 0.01
1822/05/24 03:00:00 0.00 0.04 0.01
1822/05/24 15:00:00 0.00 0.20 0.01
1822/05/25 03:00:00 0.00 0.19 0.01
1822/05/25 15:00:00 0.00 0.19 0.01
1822/05/26 03:00:00 0.00 0.18 0.01
1822/05/26 15:00:00 0.00 0.18 0.01
1822/05/27 03:00:00 0.00 0.17 0.01
1822/05/27 15:00:00 0.00 0.17 0.01
1822/05/28 03:00:00 0.00 0.16 0.01
1822/05/28 15:00:00 0.00 0.17 0.01
1822/05/29 03:00:00 0.00 0.16 0.01
1822/05/29 15:00:00 0.00 0.19 0.02
1822/05/30 03:00:00 0.00 0.18 0.02
1822/05/30 15:00:00 0.00 0.18 0.02
1822/05/31 03:00:00 0.00 0.14 0.01
1822/05/31 15:00:00 0.00 0.14 0.01
1822/06/01 03:00:00 0.00 0.13 0.01
1822/06/01 15:00:00 0.00 0.13 0.01
1822/06/02 03:00:00 0.00 0.14 0.01
1822/06/02 15:00:00 0.00 0.26 0.03
1822/06/03 04:00:00 0.00 0.25 0.02
1822/06/03 16:00:00 0.00 0.46 0.07
1822/06/04 04:00:00 0.00 0.45 0.07
1822/06/04 16:00:00 0.00 0.66 0.11
1822/06/05 04:00:00 0.00 0.66 0.11
1822/06/05 16:00:00 0.00 0.78 0.17
1822/06/06 04:00:00 0.00 0.77 0.16
1822/06/06 16:00:00 0.00 0.76 0.22
1822/06/07 04:00:00 0.00 0.84 0.30
1822/06/08 12:00:00   NA   NA  NA
1822/06/08 12:00:00   NA   NA  NA
1822/06/09 12:00:00   NA   NA  NA
1822/06/09 12:00:00   NA   NA  NA
1822/06/10 12:00:00   NA   NA  NA
1822/06/10 16:00:00 0.21 0.92 0.61
1822/06/11 04:00:00 0.38 0.92 0.68
1822/06/11 16:00:00 0.38 0.92 0.68
1822/06/12 04:00:00 0.36 0.91 0.68
1822/06/12 16:00:00 0.36 0.91 0.68
1822/06/13 04:00:00 0.35 0.90 0.67
1822/06/13 16:00:00 0.35 0.90 0.67
1822/06/14 04:00:00 0.34 0.89 0.66
1822/06/14 16:00:00 0.34 0.89 0.66
1822/06/15 04:00:00 0.33 0.88 0.65
1822/06/15 16:00:00 0.12 0.87 0.57
1822/06/16 04:00:00 0.11 0.86 0.56
1822/06/17 04:00:00 0.09 0.84 0.55
1822/06/17 16:00:00 0.31 0.85 0.63
1822/06/18 04:00:00 0.31 0.84 0.61
1822/06/18 16:00:00 0.31 0.84 0.61
1822/06/19 04:00:00 0.00 0.74 0.39
1822/06/19 16:00:00 0.00 0.69 0.27
1822/06/20 04:00:00 0.00 0.69 0.27
1822/06/21 04:00:00 0.00 0.73 0.37
1822/06/21 16:00:00 0.00 0.70 0.44
1822/06/22 04:00:00 0.00 0.69 0.43
1822/06/22 16:00:00 0.20 0.73 0.52
1822/06/23 04:00:00 0.19 0.73 0.51
1822/06/23 16:00:00 0.19 0.73 0.51
1822/06/24 04:00:00 0.17 0.73 0.49
1822/06/24 16:00:00 0.00 0.70 0.38
1822/06/25 04:00:00 0.00 0.69 0.36
1822/06/25 16:00:00 0.00 0.69 0.36
1822/06/26 04:00:00 0.00 0.67 0.35
1822/06/26 16:00:00 0.00 0.67 0.35
1822/06/27 04:00:00 0.00 0.66 0.34
1822/06/27 16:00:00 0.00 0.66 0.34
1822/06/28 04:00:00 0.00 0.66 0.23
1822/06/28 16:00:00 0.00 0.65 0.33
1822/06/29 04:00:00 0.00 0.64 0.32
1822/06/29 16:00:00 0.00 0.64 0.32
1822/06/30 04:00:00 0.00 0.63 0.21
1822/06/30 16:00:00 0.00 0.57 0.14
1822/07/01 04:00:00 0.00 0.61 0.20
1822/07/02 04:00:00 0.00 0.60 0.20
1822/07/02 16:00:00 0.00 0.63 0.28
1822/07/03 04:00:00 0.00 0.62 0.27
1822/07/03 16:00:00 0.00 0.62 0.27
1822/07/04 04:00:00 0.00 0.58 0.18
1822/07/05 04:00:00 0.00 0.56 0.17
1822/07/05 16:00:00 0.00 0.60 0.24
1822/07/06 04:00:00 0.00 0.59 0.23
1822/07/06 16:00:00 0.00 0.59 0.23
1822/07/07 04:00:00 0.00 0.51 0.16
1822/07/08 04:00:00 0.00 0.58 0.21
1822/07/09 04:00:00 0.00 0.57 0.19
1822/07/09 16:00:00 0.00 0.62 0.24
1822/07/10 04:00:00 0.00 0.62 0.23
1822/07/10 16:00:00 0.00 0.76 0.28
1822/07/11 04:00:00 0.00 0.76 0.27
1822/07/11 16:00:00 0.00 0.56 0.17
1822/07/12 04:00:00 0.00 0.63 0.20
1822/07/13 04:00:00 0.00 0.62 0.20
1822/07/13 16:00:00 0.00 0.62 0.20
1822/07/14 04:00:00 0.00 0.57 0.15
1822/07/14 16:00:00 0.00 0.44 0.11
1822/07/15 04:00:00 0.00 0.43 0.11
1822/07/16 04:00:00 0.00 0.43 0.11
1822/07/16 16:00:00 0.00 0.43 0.11
1822/07/17 04:00:00 0.00 0.57 0.14
1822/07/18 04:00:00 0.00 0.65 0.18
1822/07/19 04:00:00 0.00 0.41 0.10
1822/07/19 16:00:00 0.00 0.62 0.17
1822/07/20 04:00:00 0.00 0.71 0.18
1822/07/20 16:00:00 0.00 0.77 0.23
1822/07/21 04:00:00 0.00 0.71 0.17
1822/07/21 16:00:00 0.00 0.71 0.17
1822/07/22 04:00:00 0.00 0.71 0.16
1822/07/22 16:00:00 0.00 0.71 0.16
1822/07/23 04:00:00 0.00 0.71 0.16
1822/07/23 16:00:00 0.00 0.76 0.21
1822/07/24 04:00:00 0.00 0.75 0.21
1822/07/25 04:00:00 0.00 0.75 0.20
1822/07/26 04:00:00 0.00 0.74 0.20
1822/07/27 04:00:00 0.00 0.73 0.19
1822/07/28 04:00:00 0.00 0.67 0.13
1822/07/29 04:00:00 0.00 0.52 0.08
1822/07/30 04:00:00 0.00 0.51 0.07
1822/07/31 04:00:00 0.00 0.64 0.12
1822/07/31 16:00:00 0.00 0.50 0.08
1822/08/01 04:00:00 0.00 0.49 0.08
1822/08/01 16:00:00 0.00 0.59 0.11
1822/08/02 04:00:00 0.00 0.64 0.22
1822/08/02 16:00:00 0.00 0.64 0.22
1822/08/03 04:00:00 0.00 0.58 0.11
1822/08/03 16:00:00 0.00 0.72 0.19
1822/08/04 04:00:00 0.00 0.71 0.18
1822/08/04 16:00:00 0.00 0.71 0.18
1822/08/05 04:00:00 0.00 0.70 0.18
1822/08/05 16:00:00 0.00 0.70 0.18
1822/08/06 04:00:00 0.00 0.69 0.17
1822/08/06 16:00:00 0.00 0.69 0.17
1822/08/07 04:00:00 0.00 0.58 0.12
1822/08/07 16:00:00 0.00 0.58 0.12
1822/08/08 04:00:00 0.00 0.51 0.07
1822/08/08 16:00:00 0.00 0.51 0.07
1822/08/09 04:00:00 0.00 0.50 0.04
1822/08/10 04:00:00 0.00 0.53 0.11
1822/08/11 04:00:00 0.01 0.78 0.31
1822/08/12 04:00:00 0.00 0.78 0.30
1822/08/13 04:00:00 0.00 0.78 0.29
1822/08/13 16:00:00 0.00 0.78 0.29
1822/08/14 04:00:00 0.00 0.81 0.31
1822/08/15 04:00:00 0.00 0.76 0.28
1822/08/16 04:00:00 0.00 0.76 0.28
1822/08/17 04:00:00 0.00 0.57 0.18
1822/08/17 16:00:00 0.00 0.57 0.18
1822/08/18 04:00:00 0.00 0.56 0.17
1822/08/19 04:00:00 0.00 0.55 0.17
1822/08/20 04:00:00 0.00 0.54 0.17
1822/08/21 04:00:00 0.00 0.53 0.17
1822/08/22 04:00:00 0.00 0.52 0.16
1822/08/22 16:00:00 0.00 0.52 0.16
1822/08/23 04:00:00 0.00 0.51 0.16
1822/08/23 16:00:00 0.00 0.51 0.16
1822/08/24 04:00:00 0.00 0.50 0.16
1822/08/24 16:00:00 0.00 0.50 0.16
1822/08/25 04:00:00 0.00 0.49 0.16
1822/08/25 16:00:00 0.00 0.49 0.16
1822/08/26 04:00:00 0.00 0.48 0.15
1822/08/26 16:00:00 0.00 0.48 0.15
1822/08/27 04:00:00 0.00 0.29 0.05
1822/08/27 16:00:00 0.00 0.18 0.03
1822/08/28 04:00:00 0.00 0.09 0.01
1822/08/29 04:00:00 0.00 0.01 0.00
1822/08/30 04:00:00 0.00 0.01 0.00
1822/08/31 04:00:00 0.00 0.01 0.00
1822/09/01 04:00:00 0.00 0.00 0.00
1822/09/01 16:00:00 0.00 0.00 0.00
1822/09/02 04:00:00 0.00 0.00 0.00
1822/09/02 16:00:00 0.00 0.00 0.00
1822/09/03 04:00:00 0.00 0.00 0.00
1822/09/03 16:00:00 0.00 0.00 0.00
1822/09/04 04:00:00 0.00 0.00 0.00
1822/09/05 04:00:00 0.00 0.00 0.00
1822/09/06 04:00:00 0.00 0.00 0.00
1822/09/07 03:00:00 0.00 0.00 0.00
1822/09/07 15:00:00 0.00 0.00 0.00
1822/09/08 03:00:00 0.00 0.00 0.00
1822/09/08 15:00:00 0.00 0.00 0.00
1822/09/09 03:00:00 0.00 0.00 0.00
1822/09/09 15:00:00 0.00 0.00 0.00
1822/09/10 03:00:00 0.00 0.00 0.00
1822/09/11 04:00:00 0.00 0.00 0.00
1822/09/12 04:00:00 0.00 0.00 0.00
1822/09/13 03:00:00 0.00 0.00 0.00
1822/09/13 15:00:00 0.00 0.00 0.00
1822/09/14 03:00:00 0.00 0.00 0.00
1822/09/15 03:00:00 0.00 0.00 0.00
1822/09/16 03:00:00 0.00 0.00 0.00
1822/09/17 03:00:00 0.00 0.00 0.00
1822/09/18 03:00:00 0.00 0.00 0.00
1822/09/19 12:00:00   NA   NA  NA
