1822/04/02 12:00:00    NA   NA   NA   NA   NA   NA     NA     NA   NA   NA    NA     NA     NA   NA 
1822/04/03 12:00:00    NA   NA   NA   NA   NA   NA     NA     NA   NA   NA    NA     NA     NA   NA 
1822/04/04 12:00:00    NA   NA   NA   NA   NA   NA     NA     NA   NA   NA    NA     NA     NA   NA 
1822/04/05 12:00:00    NA   NA   NA   NA   NA   NA     NA     NA   NA   NA    NA     NA     NA   NA 
1822/04/06 12:00:00    NA   NA   NA   NA   NA   NA     NA     NA   NA   NA    NA     NA     NA   NA 
1822/04/07 12:00:00    NA   NA   NA   NA   NA   NA     NA     NA   NA   NA    NA     NA     NA   NA 
1822/04/08 12:00:00    NA   NA   NA   NA   NA   NA     NA     NA   NA   NA    NA     NA     NA   NA 
1822/04/09 12:00:00    NA   NA   NA   NA   NA   NA     NA     NA   NA   NA    NA     NA     NA   NA 
1822/04/10 12:00:00    NA   NA   NA   NA   NA   NA     NA     NA   NA   NA    NA     NA     NA   NA 
1822/04/11 04:00:00    NA 0.00   NA  8.9   NA  7.7     NA 1014.5   NA  8.3  57.3   -8.7     NA  8.9 
1822/04/12 04:00:00  2.74 0.00   NA  8.8   NA  7.2     NA 1014.0   NA  8.6  59.4   -9.0     NA  8.3 
1822/04/13 04:00:00  3.14 0.00   NA  8.0   NA  6.1     NA 1013.9   NA  8.8  61.8   -8.5     NA  6.2 
1822/04/14 04:00:00  2.62 0.00   NA  6.5   NA  4.6     NA 1013.7   NA  8.6  63.8   -8.0     NA  5.7 
1822/04/15 03:00:00  1.19 0.00   NA  5.1  0.6  3.8     NA 1013.8   NA  8.5  64.6   -7.0     NA -0.3 
1822/04/15 15:00:00  0.92 0.00   NA  5.1  6.1  3.8     NA 1013.8   NA  8.5  64.8   -6.2     NA -0.3 
1822/04/16 03:00:00  1.64 0.00   NA  4.6   NA  3.3     NA 1013.9   NA  8.4  65.2   -5.2     NA -0.6 
1822/04/17 03:00:00  0.95 0.00   NA  4.7  1.1  3.6     NA 1014.0   NA  8.4  65.8   -4.1     NA -0.7 
1822/04/17 15:00:00  0.74 0.00   NA  4.8  2.2  3.2     NA 1014.0   NA  8.4  66.1   -3.8     NA  0.0 
1822/04/18 03:00:00  1.17 0.00   NA  4.8  1.1  3.3     NA 1014.2   NA  8.4  66.5   -3.3     NA  0.0 
1822/04/18 15:00:00  1.60 0.00   NA  4.6  1.7  2.9     NA 1014.1   NA  8.4  67.1   -2.6     NA  0.0 
1822/04/19 03:00:00  2.87 0.00   NA  4.6  1.1  2.5     NA 1014.2   NA  8.3  68.0   -1.2     NA  0.0 
1822/04/19 15:00:00  3.73 0.00   NA  5.3  3.3  3.5     NA 1013.8   NA  8.3  68.8    2.1     NA  0.0 
1822/04/20 02:00:00  9.17 0.00   NA  5.6  0.0  3.5     NA 1013.1   NA  7.1  68.9   11.2     NA  4.2 
1822/04/20 14:00:00  4.61 0.00   NA  4.8  2.2  2.5     NA 1013.0   NA  5.6  69.1   16.2     NA  2.4 
1822/04/21 02:00:00  6.68 0.00   NA  5.5  1.1  3.0     NA 1013.5   NA  7.8  69.3    8.9     NA -1.0 
1822/04/21 15:00:00  4.41 0.00   NA  4.9  3.3  2.9     NA 1014.0   NA  8.2  69.4    3.6     NA  0.0 
1822/04/22 03:00:00  0.79 0.00   NA  5.0   NA  3.0     NA 1014.1   NA  8.1  69.5    4.5     NA  0.0 
1822/04/23 03:00:00  0.90 0.00   NA  4.7  2.2  2.3     NA 1014.3   NA  8.1  70.1    5.7     NA  0.0 
1822/04/23 15:00:00  1.35 0.00   NA  4.9  5.6  2.3     NA 1014.2   NA  8.1  70.6    6.3     NA  0.0 
1822/04/24 03:00:00  2.19 0.00   NA  4.6  1.7  1.1     NA 1014.5   NA  8.0  71.4    7.4     NA  0.5 
1822/04/24 14:00:00  2.84 0.00   NA  4.0  3.3 -0.0     NA 1014.7   NA  8.1  72.3    8.3     NA  0.5 
1822/04/25 02:00:00  4.09 0.00   NA  3.1  3.3 -1.3     NA 1015.1   NA  8.0  73.9    8.9     NA  0.4 
1822/04/25 14:00:00  3.74 0.00   NA  3.0  4.4 -3.1     NA 1015.6   NA  7.6  75.4    9.2     NA  0.0 
1822/04/26 02:00:00  2.83 0.00   NA  2.9  1.1 -4.4     NA 1016.1   NA  7.4  76.4    8.6     NA  0.0 
1822/04/26 14:00:00  2.84 0.00   NA  2.3  2.2 -5.3     NA 1016.4   NA  7.1  77.5    8.1     NA  0.0 
1822/04/27 02:00:00  3.04 0.22   NA  1.7   NA -6.3     NA 1016.9   NA  6.4  78.7    8.1     NA  0.0 
1822/04/28 02:00:00  1.50 0.55   NA  0.9   NA -7.4     NA 1017.3   NA  6.1  79.9    8.6     NA  0.0 
1822/04/29 02:00:00  0.59 0.79   NA -0.4 -18.9 -8.8     NA 1017.6   NA  6.3  80.3    8.4     NA  0.0 
1822/04/29 15:00:00  0.53 0.80   NA -0.6  0.0 -8.9     NA 1017.7   NA  6.4  80.5    7.4     NA  0.0 
1822/04/30 03:00:00  1.09 0.88   NA -0.9 -18.9 -9.3     NA 1017.8   NA  6.5  80.4    4.9     NA  0.0 
1822/04/30 15:00:00  0.97 0.87   NA -1.0 -12.2 -9.5     NA 1017.9   NA  6.5  80.4    2.6     NA  0.0 
1822/05/01 03:00:00  0.71 0.88   NA -1.1 -17.8 -9.4     NA 1018.0   NA  6.4  80.5    1.2     NA  0.0 
1822/05/01 15:00:00  0.43 0.92   NA -1.4 -13.3 -9.6     NA 1018.0   NA  6.4  80.5    0.2     NA  0.0 
1822/05/02 03:00:00  1.07 0.91   NA -1.3 -15.6 -9.4     NA 1018.1   NA  6.3  80.0    0.6     NA  0.0 
1822/05/02 15:00:00  0.91 0.75   NA -0.7 -7.8 -7.9     NA 1017.8   NA  6.6  79.7    1.4     NA  0.0 
1822/05/03 03:00:00  0.69 0.75   NA -0.6 -6.7 -7.7     NA 1017.8   NA  6.6  79.7    2.9     NA  0.0 
1822/05/03 15:00:00  0.62 0.77   NA -0.6 -3.3 -7.6     NA 1017.8   NA  6.6  79.5    3.8     NA  0.0 
1822/05/04 03:00:00  1.66 0.52   NA -0.0 -10.0 -6.6     NA 1017.6   NA  6.7  78.9    2.8     NA  0.0 
1822/05/04 15:00:00  1.22 0.52   NA -0.0 -6.7 -6.6     NA 1017.6   NA  6.7  78.4    2.4     NA  0.0 
1822/05/05 03:00:00  0.76 0.34   NA  0.7 -10.0 -6.4     NA 1017.6   NA  6.7  78.4    3.9     NA  0.0 
1822/05/05 15:00:00  0.62 0.27   NA  1.0 -4.4 -6.3     NA 1017.5   NA  6.7  78.6    4.9     NA  0.0 
1822/05/06 03:00:00  1.41 0.69   NA -0.3 -6.7 -7.1     NA 1017.8   NA  6.4  79.1    4.4     NA  0.0 
1822/05/06 15:00:00  1.10 0.74   NA -0.5 -3.3 -7.2     NA 1017.9   NA  6.4  79.5    3.8     NA  0.0 
1822/05/07 03:00:00  0.47 0.73   NA -0.6 -11.1 -7.2     NA 1018.0   NA  6.3  79.6    2.8     NA  0.0 
1822/05/07 15:00:00  0.42 0.72   NA -0.6 -3.3 -7.3     NA 1018.0   NA  6.2  79.6    1.9     NA  0.0 
1822/05/08 03:00:00  0.31 0.72   NA -0.6 -15.6 -7.2     NA 1018.1   NA  6.2  79.7    1.4     NA  0.0 
1822/05/08 15:00:00  0.27 0.72   NA -0.8 -11.1 -7.3     NA 1018.1   NA  6.1  79.8    1.0     NA  0.0 
1822/05/09 03:00:00  0.23 0.72   NA -0.8 -22.2 -7.1     NA 1018.1   NA  6.0  79.8    0.4     NA  0.0 
1822/05/09 15:00:00  0.24 0.72   NA -0.8 -16.7 -7.1     NA 1018.1   NA  6.0  79.7    0.2     NA  0.0 
1822/05/10 03:00:00  0.90 0.71   NA -0.7 -20.6 -7.0     NA 1018.1   NA  6.0  79.3    0.6     NA  0.0 
1822/05/10 15:00:00  0.43 0.71   NA -0.6 -13.3 -6.9     NA 1018.1   NA  6.0  79.2    1.1     NA  0.0 
1822/05/11 03:00:00  1.18 0.70   NA -0.6 -13.3 -6.7     NA 1018.1   NA  5.9  79.6    1.6     NA  0.0 
1822/05/11 15:00:00  0.87 0.70   NA -0.5 -10.0 -6.6     NA 1018.0   NA  6.0  80.0    2.0     NA  0.0 
1822/05/12 03:00:00  0.03 0.70   NA -0.5 -11.1 -6.5     NA 1018.0   NA  5.9  80.0    2.0     NA  0.0 
1822/05/12 15:00:00  0.28 0.70   NA -0.5 -8.9 -6.5     NA 1018.0   NA  5.9  79.9    2.0     NA  0.0 
1822/05/13 03:00:00  1.18 0.69   NA -0.5 -8.9 -6.3     NA 1018.0   NA  5.8  79.4    2.0     NA  0.0 
1822/05/13 15:00:00  0.75 0.69   NA -0.6 -5.6 -6.5     NA 1018.1   NA  5.8  79.1    1.9     NA  0.0 
1822/05/14 03:00:00  0.51 0.68   NA -0.5 -10.0 -6.3     NA 1018.0   NA  5.7  79.3    1.4     NA  0.0 
1822/05/14 15:00:00  0.26 0.68   NA -0.5 -5.6 -6.3     NA 1018.0   NA  5.7  79.4    1.1     NA  0.0 
1822/05/15 03:00:00  0.49 0.67   NA -0.5 -10.0 -6.1     NA 1017.9   NA  5.7  79.2    1.1     NA  0.0 
1822/05/15 15:00:00  0.36 0.67   NA -0.5 -6.7 -6.1     NA 1017.9   NA  5.7  79.0    1.1     NA  0.0 
1822/05/16 03:00:00  0.13 0.67   NA -0.5 -5.6 -6.0     NA 1017.9   NA  5.6  79.0    1.4     NA  0.0 
1822/05/16 15:00:00  0.09 0.67   NA -0.5 -3.3 -6.0     NA 1017.9   NA  5.6  79.0    1.6     NA  0.0 
1822/05/17 03:00:00  0.04 0.66   NA -0.5 -4.4 -5.8     NA 1017.8   NA  5.6  79.0    1.5     NA  0.0 
1822/05/17 15:00:00  0.12 0.66   NA -0.5 -3.3 -5.8     NA 1017.8   NA  5.6  79.1    1.4     NA  0.0 
1822/05/18 03:00:00  0.47 0.65   NA -0.5   NA -5.6     NA 1017.7   NA  5.5  79.3    1.2     NA  0.0 
1822/05/19 03:00:00  0.04 0.65   NA -0.5 -6.7 -5.4     NA 1017.6   NA  5.5  79.3    1.0     NA  0.0 
1822/05/19 15:00:00  0.26 0.65   NA -0.5 -3.3 -5.4     NA 1017.6   NA  5.5  79.2    1.0     NA  0.0 
1822/05/20 03:00:00  0.26 0.64   NA -0.5 -6.7 -5.2     NA 1017.4   NA  5.4  79.1    1.0     NA  0.0 
1822/05/20 15:00:00  0.59 0.55   NA -0.3 -4.4 -4.7     NA 1017.3   NA  5.7  78.8    1.1     NA  0.0 
1822/05/21 03:00:00  1.69 0.55   NA -0.3 -3.9 -4.6     NA 1017.2   NA  5.6  78.2    1.6     NA  0.0 
1822/05/21 15:00:00  1.67 0.28   NA  1.0 -3.3 -4.0     NA 1017.1   NA  5.9  77.5    1.8     NA  0.0 
1822/05/22 03:00:00  1.77 0.22   NA  0.7 -4.4 -3.4     NA 1017.0   NA  6.0  76.9    0.8     NA  0.0 
1822/05/22 15:00:00  1.58 0.41   NA  0.4 -1.1 -3.5     NA 1017.1   NA  5.9  76.3   -0.2     NA  0.0 
1822/05/23 03:00:00  1.07 0.23   NA  0.5 -3.3 -2.8     NA 1017.0   NA  6.0  76.0   -1.2     NA  0.0 
1822/05/23 15:00:00  0.85 0.46   NA  0.3 -1.1 -2.8     NA 1017.1   NA  5.9  75.7   -2.1     NA  0.0 
1822/05/24 03:00:00  0.35 0.46   NA  0.3 -3.9 -2.7     NA 1016.9   NA  5.9  75.8   -2.7     NA  0.0 
1822/05/24 15:00:00  0.36 0.51   NA  0.3 -1.1 -2.8     NA 1017.0   NA  5.8  75.7   -3.2     NA  0.0 
1822/05/25 03:00:00  0.98 0.50   NA  0.4 -1.1 -2.7     NA 1016.8   NA  5.8  75.4   -3.7     NA  0.0 
1822/05/25 15:00:00  0.47 0.50   NA  0.4  1.1 -2.7     NA 1016.8   NA  5.8  75.2   -3.9     NA  0.0 
1822/05/26 03:00:00  1.05 0.49   NA  0.4 -2.2 -2.5     NA 1016.7   NA  5.7  75.6   -3.4     NA  0.0 
1822/05/26 15:00:00  0.57 0.49   NA  0.4 -1.1 -2.5     NA 1016.7   NA  5.7  75.8   -3.1     NA  0.0 
1822/05/27 03:00:00  1.06 0.49   NA  0.4  0.0 -2.4     NA 1016.5   NA  5.7  75.4   -3.1     NA  0.0 
1822/05/27 15:00:00  0.67 0.49   NA  0.4  1.1 -2.4     NA 1016.5   NA  5.7  75.1   -3.2     NA  0.0 
1822/05/28 03:00:00  0.57 0.48   NA  0.4  0.0 -2.2     NA 1016.3   NA  5.7  75.3   -3.6     NA  0.0 
1822/05/28 15:00:00  0.43 0.48   NA  0.5  2.2 -2.3     NA 1016.4   NA  5.6  75.4   -4.1     NA  0.0 
1822/05/29 03:00:00  0.40 0.47   NA  0.5  0.0 -2.2     NA 1016.2   NA  5.6  75.3   -4.6     NA  0.0 
1822/05/29 15:00:00  0.35 0.48   NA  0.7  1.1 -2.3     NA 1016.2   NA  5.5  75.2   -5.1     NA  0.0 
1822/05/30 03:00:00  0.20 0.47   NA  0.7  0.0 -2.1     NA 1016.0   NA  5.4  75.2   -5.2     NA  0.0 
1822/05/30 15:00:00  0.26 0.47   NA  0.7  1.7 -2.1     NA 1016.0   NA  5.4  75.1   -5.1     NA  0.0 
1822/05/31 03:00:00  0.61 0.46   NA  0.5 -1.1 -1.5     NA 1015.7   NA  5.7  74.9   -4.5     NA  0.0 
1822/05/31 15:00:00  0.50 0.46   NA  0.5  2.2 -1.5     NA 1015.7   NA  5.7  74.8   -4.1     NA  0.0 
1822/06/01 03:00:00  0.16 0.45   NA  0.6 -1.1 -1.3     NA 1015.5   NA  5.7  74.7   -4.0     NA  0.0 
1822/06/01 15:00:00  0.28 0.45   NA  0.6  0.0 -1.3     NA 1015.5   NA  5.7  74.6   -4.4     NA  0.0 
1822/06/02 03:00:00  1.02 0.44   NA  0.6 -1.1 -1.2     NA 1015.3   NA  5.6  74.6   -5.9     NA  0.0 
1822/06/02 15:00:00  0.86 0.66   NA  0.5  1.1 -1.3     NA 1015.3   NA  5.5  74.6   -7.2     NA  0.0 
1822/06/03 04:00:00  0.38 0.65   NA  0.5 -1.1 -1.1     NA 1015.2   NA  5.4  74.5   -7.7     NA  0.0 
1822/06/03 16:00:00  0.45 0.76   NA  0.5  1.1 -1.1     NA 1015.2   NA  5.4  74.4   -8.2     NA  0.0 
1822/06/04 04:00:00  0.63 0.75   NA  0.5 -1.1 -0.9     NA 1015.0   NA  5.3  74.2   -8.7     NA  0.0 
1822/06/04 16:00:00  0.47 0.77   NA  0.5  0.0 -1.0     NA 1015.0   NA  5.3  74.1   -9.2     NA  0.0 
1822/06/05 04:00:00  0.50 0.77   NA  0.6 -3.9 -0.8     NA 1014.8   NA  5.2  74.2   -9.7     NA  0.0 
1822/06/05 16:00:00  0.41 0.83   NA  0.5  1.1 -0.8     NA 1014.8   NA  5.2  74.3  -10.2     NA  0.0 
1822/06/06 04:00:00  0.36 0.82   NA  0.6 -3.3 -0.6     NA 1014.6   NA  5.1  74.3  -10.7     NA  0.0 
1822/06/06 16:00:00  0.44 0.93   NA -0.1  0.0 -0.7     NA 1014.6   NA  5.0  74.2  -11.3     NA  0.0 
1822/06/07 04:00:00  0.70 0.92   NA  0.1   NA -0.5     NA 1014.4   NA  4.9  74.3  -12.3     NA  0.0 
1822/06/08 12:00:00    NA   NA   NA   NA -2.8   NA     NA     NA   NA   NA    NA     NA     NA   NA 
1822/06/08 12:00:00    NA   NA   NA   NA  1.1   NA     NA     NA   NA   NA    NA     NA     NA   NA 
1822/06/09 12:00:00    NA   NA   NA   NA -2.8   NA     NA     NA   NA   NA    NA     NA     NA   NA 
1822/06/09 12:00:00    NA   NA   NA   NA  2.2   NA     NA     NA   NA   NA    NA     NA     NA   NA 
1822/06/10 12:00:00    NA   NA   NA   NA -2.8   NA     NA     NA   NA   NA    NA     NA     NA   NA 
1822/06/10 16:00:00    NA 0.96   NA -0.5  2.2  0.7     NA 1013.6   NA  4.3  73.9  -16.8     NA  0.0 
1822/06/11 04:00:00  0.43 0.97   NA -0.7 -2.8  1.1     NA 1013.3   NA  3.9  73.8  -17.3     NA  0.0 
1822/06/11 16:00:00  0.47 0.97   NA -0.7  2.2  1.1     NA 1013.3   NA  3.9  73.6  -17.7     NA  0.0 
1822/06/12 04:00:00  0.85 0.97   NA -0.7 -1.1  1.6     NA 1013.2   NA  3.9  73.3  -17.7     NA  0.0 
1822/06/12 16:00:00  0.46 0.97   NA -0.7  4.4  1.6     NA 1013.2   NA  3.9  73.1  -17.7     NA  0.0 
1822/06/13 04:00:00  0.72 0.96   NA -0.6 -1.1  1.8     NA 1013.1   NA  3.9  73.4  -17.3     NA  0.0 
1822/06/13 16:00:00  0.50 0.96   NA -0.6  4.4  1.8     NA 1013.1   NA  3.9  73.6  -17.2     NA  0.0 
1822/06/14 04:00:00  0.30 0.96   NA -0.6  0.0  2.1     NA 1013.0   NA  3.9  73.6  -17.6     NA  0.0 
1822/06/14 16:00:00  0.15 0.96   NA -0.6  6.7  2.1     NA 1013.0   NA  3.9  73.6  -17.8     NA  0.0 
1822/06/15 04:00:00  0.31 0.95   NA -0.6 -1.1  2.4     NA 1012.9   NA  3.9  73.6  -17.4     NA  0.0 
1822/06/15 16:00:00  0.33 0.94   NA -0.3  1.1  2.2     NA 1013.0   NA  4.3  73.5  -16.9     NA  0.0 
1822/06/16 04:00:00  0.43 0.94   NA -0.3   NA  2.4     NA 1012.8   NA  4.3  73.5  -16.4     NA  0.0 
1822/06/17 04:00:00  0.20 0.94   NA -0.2  0.0  2.7     NA 1012.7   NA  4.3  73.3  -16.7     NA  0.0 
1822/06/17 16:00:00  0.41 0.95   NA -0.5  7.8  2.9     NA 1012.6   NA  3.9  73.2  -17.2     NA  0.0 
1822/06/18 04:00:00  0.48 0.94   NA -0.4  1.1  3.0     NA 1012.6   NA  3.9  73.1  -17.7     NA  0.0 
1822/06/18 16:00:00  0.32 0.94   NA -0.4  8.9  3.0     NA 1012.6   NA  3.9  73.0  -17.8     NA  0.0 
1822/06/19 04:00:00  0.78 0.88   NA  0.3  2.2  3.3     NA 1012.5   NA  4.7  72.9  -16.8     NA  0.0 
1822/06/19 16:00:00  0.78 0.82   NA  0.4 10.0  3.2     NA 1012.6   NA  4.9  72.8  -15.9     NA  0.0 
1822/06/20 04:00:00  1.09 0.81   NA  0.5   NA  3.3     NA 1012.5   NA  5.0  72.4  -15.4     NA  0.0 
1822/06/21 04:00:00  0.53 0.87   NA  0.4  6.7  3.6     NA 1012.4   NA  4.7  72.0  -16.3     NA  0.0 
1822/06/21 16:00:00  0.68 0.85   NA  0.5 10.0  3.7     NA 1012.3   NA  4.3  72.0  -17.2     NA  0.0 
1822/06/22 04:00:00  0.42 0.84   NA  0.5  0.0  3.8     NA 1012.2   NA  4.3  72.1  -17.7     NA  0.0 
1822/06/22 16:00:00  0.31 0.87   NA  0.3  6.7  4.0     NA 1012.1   NA  3.9  72.1  -18.1     NA  0.0 
1822/06/23 04:00:00  0.08 0.87   NA  0.3  1.1  4.0     NA 1012.1   NA  3.9  72.0  -18.1     NA  0.0 
1822/06/23 16:00:00  0.05 0.87   NA  0.3  2.2  4.0     NA 1012.1   NA  3.9  72.0  -18.1     NA  0.0 
1822/06/24 04:00:00  0.03 0.86   NA  0.3  0.0  4.0     NA 1012.0   NA  3.9  72.0  -18.1     NA  0.0 
1822/06/24 16:00:00  0.33 0.82   NA  0.5  1.1  4.2     NA 1011.9   NA  4.4  71.9  -18.1     NA  0.0 
1822/06/25 04:00:00  1.18 0.82   NA  0.5 -1.1  4.2     NA 1011.9   NA  4.4  71.4  -18.1     NA  0.0 
1822/06/25 16:00:00  0.88 0.82   NA  0.5  1.1  4.2     NA 1011.9   NA  4.4  71.1  -18.2     NA  0.0 
1822/06/26 04:00:00  0.33 0.81   NA  0.6 -0.6  4.2     NA 1011.9   NA  4.4  71.1  -18.5     NA  0.0 
1822/06/26 16:00:00  0.14 0.81   NA  0.6  1.1  4.2     NA 1011.9   NA  4.4  71.1  -18.7     NA  0.0 
1822/06/27 04:00:00  0.36 0.81   NA  0.6  0.0  4.3     NA 1011.8   NA  4.4  71.1  -18.3     NA  0.0 
1822/06/27 16:00:00  0.28 0.81   NA  0.6  1.1  4.3     NA 1011.8   NA  4.4  71.0  -18.0     NA  0.0 
1822/06/28 04:00:00  0.05 0.74   NA  0.9  0.0  4.2     NA 1011.9   NA  4.8  71.0  -18.0     NA  0.0 
1822/06/28 16:00:00  0.14 0.80   NA  0.7  0.6  4.2     NA 1011.8   NA  4.4  71.1  -18.0     NA  0.0 
1822/06/29 04:00:00  0.60 0.80   NA  0.7 -1.1  4.2     NA 1011.8   NA  4.4  71.3  -18.4     NA  0.0 
1822/06/29 16:00:00  0.37 0.80   NA  0.7  1.1  4.2     NA 1011.8   NA  4.4  71.4  -18.5     NA  0.0 
1822/06/30 04:00:00  0.75 0.73   NA  1.0  0.0  4.2     NA 1011.8   NA  4.8  71.4  -17.6     NA  0.0 
1822/06/30 16:00:00  0.57 0.71   NA  1.0  1.1  4.1     NA 1011.9   NA  5.1  71.3  -16.9     NA  0.0 
1822/07/01 04:00:00  0.44 0.72   NA  1.0   NA  4.1     NA 1011.8   NA  4.8  71.2  -17.0     NA  0.0 
1822/07/02 04:00:00  0.29 0.72   NA  1.0 -1.7  4.1     NA 1011.7   NA  4.8  71.2  -17.7     NA  0.0 
1822/07/02 16:00:00  0.37 0.78   NA  0.8  5.6  4.2     NA 1011.7   NA  4.5  71.2  -18.1     NA  0.0 
1822/07/03 04:00:00  0.17 0.77   NA  0.8  0.6  4.2     NA 1011.7   NA  4.5  71.2  -18.2     NA  0.0 
1822/07/03 16:00:00  0.44 0.77   NA  0.8  1.7  4.2     NA 1011.7   NA  4.5  71.0  -18.2     NA  0.0 
1822/07/04 04:00:00  1.36 0.66   NA  1.4   NA  4.3     NA 1011.6   NA  4.9  70.5  -18.2     NA  0.0 
1822/07/05 04:00:00  0.34 0.65   NA  1.5  0.0  4.2     NA 1011.6   NA  4.9  70.7  -18.1     NA  0.0 
1822/07/05 16:00:00  1.06 0.76   NA  0.9  1.7  4.1     NA 1011.6   NA  4.5  71.1  -18.1     NA  0.0 
1822/07/06 04:00:00  0.22 0.76   NA  0.9  0.0  4.1     NA 1011.6   NA  4.5  71.2  -18.2     NA  0.0 
1822/07/06 16:00:00  0.08 0.76   NA  0.9  1.7  4.1     NA 1011.6   NA  4.5  71.2  -18.2     NA  0.0 
1822/07/07 04:00:00  0.39 0.68   NA  1.1   NA  4.0     NA 1011.6   NA  4.9  71.1  -17.9     NA  0.0 
1822/07/08 04:00:00  0.49 0.74   NA  1.0   NA  4.0     NA 1011.6   NA  4.5  71.3  -19.0     NA  0.0 
1822/07/09 04:00:00  0.79 0.74   NA  1.0 -1.1  4.0     NA 1011.6   NA  4.5  71.9  -18.6     NA  0.0 
1822/07/09 16:00:00  0.83 0.73   NA  1.0  2.2  3.9     NA 1011.6   NA  4.6  72.2  -17.9     NA  0.0 
1822/07/10 04:00:00  0.21 0.72   NA  1.0 -1.1  3.9     NA 1011.6   NA  4.6  72.1  -18.0     NA  0.0 
1822/07/10 16:00:00  0.14 0.78   NA  0.8  1.1  4.1     NA 1011.6   NA  4.1  72.0  -18.0     NA  0.0 
1822/07/11 04:00:00  0.19 0.77   NA  0.9 -1.1  4.1     NA 1011.6   NA  4.1  72.1  -18.2     NA  0.0 
1822/07/11 16:00:00  0.36 0.73   NA  1.1  1.1  3.9     NA 1011.6   NA  4.5  72.0  -18.5     NA  0.0 
1822/07/12 04:00:00  1.58 0.82   NA  0.6   NA  4.1     NA 1011.6   NA  4.1  71.4  -19.3     NA  0.0 
1822/07/13 04:00:00  0.24 0.82   NA  0.7 -1.7  4.1     NA 1011.6   NA  4.1  71.3  -19.5     NA  0.0 
1822/07/13 16:00:00  0.67 0.82   NA  0.7  1.1  4.1     NA 1011.6   NA  4.1  71.5  -19.0     NA  0.0 
1822/07/14 04:00:00  1.07 0.71   NA  1.2  1.1  3.8     NA 1011.5   NA  4.6  71.7  -18.0     NA  0.0 
1822/07/14 16:00:00  0.66 0.63   NA  1.3  3.3  3.8     NA 1011.5   NA  4.9  71.8  -17.2     NA  0.0 
1822/07/15 04:00:00  1.08 0.62   NA  1.3   NA  3.7     NA 1011.5   NA  4.9  71.4  -17.1     NA  0.0 
1822/07/16 04:00:00  0.43 0.61   NA  1.3  1.1  3.7     NA 1011.5   NA  4.9  71.1  -17.4     NA  0.0 
1822/07/16 16:00:00  0.60 0.61   NA  1.3  4.4  3.7     NA 1011.5   NA  4.9  71.3  -17.8     NA  0.0 
1822/07/17 04:00:00  1.98 0.69   NA  1.2   NA  3.7     NA 1011.5   NA  4.6  72.0  -18.6     NA  0.0 
1822/07/18 04:00:00  0.61 0.66   NA  1.1   NA  3.6     NA 1011.5   NA  4.6  72.2  -17.2     NA  0.0 
1822/07/19 04:00:00  1.02 0.59   NA  1.3  4.4  3.6     NA 1011.5   NA  4.9  71.5  -17.9     NA  0.0 
1822/07/19 16:00:00  1.53 0.79   NA  0.7  7.2  3.8     NA 1011.6   NA  4.1  71.1  -19.3     NA  0.0 
1822/07/20 04:00:00  0.98 0.69   NA  1.2 -1.1  4.2     NA 1011.6   NA  4.2  70.9  -20.4     NA  0.0 
1822/07/20 16:00:00  0.80 0.72   NA  1.4  2.2  4.7     NA 1011.6   NA  3.7  70.7  -21.0     NA  0.0 
1822/07/21 04:00:00  1.02 0.69   NA  1.2 -0.6  4.1     NA 1011.6   NA  4.2  70.3  -20.4     NA  0.0 
1822/07/21 16:00:00  0.60 0.69   NA  1.2  3.3  4.1     NA 1011.6   NA  4.2  70.1  -20.1     NA  0.0 
1822/07/22 04:00:00  0.75 0.68   NA  1.2 -1.1  4.1     NA 1011.6   NA  4.2  70.4  -20.2     NA  0.0 
1822/07/22 16:00:00  0.57 0.68   NA  1.2  0.0  4.1     NA 1011.6   NA  4.2  70.6  -20.4     NA  0.0 
1822/07/23 04:00:00  0.42 0.68   NA  1.2 -0.6  4.0     NA 1011.7   NA  4.2  70.6  -20.9     NA  0.0 
1822/07/23 16:00:00  0.34 0.70   NA  1.4  0.6  4.5     NA 1011.7   NA  3.7  70.6  -21.2     NA  0.0 
1822/07/24 04:00:00  0.20 0.70   NA  1.4   NA  4.4     NA 1011.7   NA  3.7  70.5  -21.4     NA  0.0 
1822/07/25 04:00:00  0.22 0.70   NA  1.4   NA  4.4     NA 1011.7   NA  3.7  70.4  -21.8     NA  0.0 
1822/07/26 04:00:00  0.20 0.69   NA  1.4   NA  4.6     NA 1011.7   NA  3.2  70.4  -22.2     NA  0.0 
1822/07/27 04:00:00  0.13 0.69   NA  1.5   NA  4.5     NA 1011.7   NA  3.2  70.3  -22.1     NA  0.0 
1822/07/28 04:00:00  0.66 0.65   NA  1.2   NA  3.8     NA 1011.7   NA  4.2  70.1  -20.8     NA  0.0 
1822/07/29 04:00:00  0.47 0.59   NA  1.9 -0.6  4.1     NA 1011.6   NA  4.5  69.8  -21.1     NA  0.0 
1822/07/30 04:00:00  0.36 0.59   NA  1.9   NA  4.0     NA 1011.6   NA  4.5  69.6  -21.7     NA  0.0 
1822/07/31 04:00:00  0.96 0.63   NA  1.3  0.0  3.6     NA 1011.8   NA  4.2  70.1  -20.1     NA  0.0 
1822/07/31 16:00:00  1.29 0.64   NA  1.3  8.9  3.4     NA 1011.8   NA  4.7  70.5  -19.2     NA  0.0 
1822/08/01 04:00:00  0.81 0.64   NA  1.3  1.1  3.4     NA 1011.8   NA  4.7  70.8  -19.5     NA  0.0 
1822/08/01 16:00:00  0.67 0.75   NA  0.8  4.4  3.1     NA 1011.9   NA  4.1  71.0  -19.9     NA  0.0 
1822/08/02 04:00:00  0.35 0.74   NA  0.9  0.0  3.3     NA 1011.9   NA  3.6  71.1  -20.3     NA  0.0 
1822/08/02 16:00:00  0.36 0.74   NA  0.9  5.6  3.3     NA 1011.9   NA  3.6  71.2  -20.4     NA  0.0 
1822/08/03 04:00:00  1.30 0.74   NA  0.8  1.1  3.0     NA 1011.9   NA  4.1  71.7  -19.8     NA  0.0 
1822/08/03 16:00:00  0.99 0.79   NA  0.6  2.2  2.8     NA 1012.0   NA  3.5  72.0  -19.3     NA  0.0 
1822/08/04 04:00:00  0.04 0.79   NA  0.6  1.1  2.7     NA 1012.0   NA  3.5  72.0  -19.2     NA  0.0 
1822/08/04 16:00:00  0.02 0.79   NA  0.6  2.2  2.7     NA 1012.0   NA  3.5  72.0  -19.2     NA  0.0 
1822/08/05 04:00:00  0.06 0.79   NA  0.6 -1.1  2.6     NA 1012.0   NA  3.5  72.0  -19.2     NA  0.0 
1822/08/05 16:00:00  0.08 0.79   NA  0.6  2.2  2.6     NA 1012.0   NA  3.5  72.0  -19.2     NA  0.0 
1822/08/06 04:00:00  0.19 0.78   NA  0.6 -0.6  2.5     NA 1012.0   NA  3.5  72.1  -19.1     NA  0.0 
1822/08/06 16:00:00  0.15 0.78   NA  0.6  5.6  2.5     NA 1012.0   NA  3.5  72.2  -19.0     NA  0.0 
1822/08/07 04:00:00  0.20 0.65   NA  1.0  0.6  2.4     NA 1012.0   NA  4.0  72.1  -18.9     NA  0.0 
1822/08/07 16:00:00  0.27 0.65   NA  1.0  4.4  2.4     NA 1012.0   NA  4.0  72.1  -18.6     NA  0.0 
1822/08/08 04:00:00  0.60 0.52   NA  1.2  1.1  2.4     NA 1012.0   NA  4.5  72.1  -17.8     NA  0.0 
1822/08/08 16:00:00  0.57 0.52   NA  1.2  3.3  2.4     NA 1012.0   NA  4.5  72.1  -17.1     NA  0.0 
1822/08/09 04:00:00  0.65 0.50   NA  1.2   NA  2.6     NA 1012.0   NA  4.8  72.3  -16.5     NA  0.0 
1822/08/10 04:00:00  0.80 0.63   NA  1.0   NA  2.2     NA 1012.1   NA  4.0  72.2  -18.5     NA  0.0 
1822/08/11 04:00:00  1.01 0.73   NA  0.7   NA  2.7     NA 1012.1   NA  2.9  72.1  -21.1     NA  0.0 
1822/08/12 04:00:00  0.27 0.72   NA  0.7   NA  2.6     NA 1012.0   NA  2.9  72.2  -21.8     NA  0.0 
1822/08/13 04:00:00  0.21 0.71   NA  0.8  0.6  2.5     NA 1012.0   NA  2.9  72.1  -21.3     NA  0.0 
1822/08/13 16:00:00  0.24 0.71   NA  0.8  1.7  2.5     NA 1012.0   NA  2.9  72.0  -21.1     NA  0.0 
1822/08/14 04:00:00  0.19 0.66   NA  1.0   NA  2.7     NA 1011.9   NA  3.4  72.0  -21.2     NA  0.0 
1822/08/15 04:00:00  0.01 0.70   NA  0.8  0.6  2.4     NA 1012.0   NA  2.9  72.0  -21.2     NA  0.0 
1822/08/16 04:00:00  0.07 0.69   NA  0.8   NA  2.3     NA 1012.0   NA  2.9  72.0  -21.1     NA  0.0 
1822/08/17 04:00:00  0.12 0.64   NA  0.7  1.1  2.3     NA 1011.8   NA  3.8  71.9  -21.0     NA  0.0 
1822/08/17 16:00:00  0.14 0.64   NA  0.7  2.2  2.3     NA 1011.8   NA  3.8  71.9  -20.9     NA  0.0 
1822/08/18 04:00:00  0.36 0.63   NA  0.7   NA  2.2     NA 1011.8   NA  3.8  71.9  -20.4     NA  0.0 
1822/08/19 04:00:00  0.13 0.61   NA  0.7   NA  2.1     NA 1011.7   NA  3.8  71.9  -20.1     NA  0.0 
1822/08/20 04:00:00  0.68 0.60   NA  0.7   NA  2.1     NA 1011.7   NA  3.9  71.4  -20.5     NA  0.0 
1822/08/21 04:00:00  0.38 0.59   NA  0.7   NA  2.0     NA 1011.6   NA  3.9  71.1  -20.3     NA  0.0 
1822/08/22 04:00:00  0.58 0.58   NA  0.7  1.1  2.0     NA 1011.5   NA  3.9  71.5  -20.2     NA  0.0 
1822/08/22 16:00:00  0.47 0.58   NA  0.7  2.2  2.0     NA 1011.5   NA  3.9  71.7  -20.3     NA  0.0 
1822/08/23 04:00:00  0.96 0.57   NA  0.7  0.0  1.9     NA 1011.5   NA  3.9  71.3  -20.4     NA  0.0 
1822/08/23 16:00:00  0.60 0.57   NA  0.7  1.1  1.9     NA 1011.5   NA  3.9  71.1  -20.4     NA  0.0 
1822/08/24 04:00:00  0.39 0.55   NA  0.7  0.0  1.8     NA 1011.4   NA  4.0  71.3  -20.5     NA  0.0 
1822/08/24 16:00:00  0.27 0.55   NA  0.7  2.2  1.8     NA 1011.4   NA  4.0  71.4  -20.6     NA  0.0 
1822/08/25 04:00:00  0.10 0.54   NA  0.7  1.7  1.8     NA 1011.3   NA  4.0  71.3  -20.7     NA  0.0 
1822/08/25 16:00:00  0.06 0.54   NA  0.7  3.3  1.8     NA 1011.3   NA  4.0  71.3  -20.7     NA  0.0 
1822/08/26 04:00:00  0.16 0.53   NA  0.7  2.2  1.7     NA 1011.2   NA  4.0  71.4  -20.7     NA  0.0 
1822/08/26 16:00:00  0.19 0.53   NA  0.7  3.3  1.7     NA 1011.2   NA  4.0  71.4  -20.4     NA  0.0 
1822/08/27 04:00:00  0.77 0.53   NA  0.7  1.1  1.7     NA 1011.2   NA  4.5  71.2  -19.7     NA  0.0 
1822/08/27 16:00:00  0.87 0.42   NA  1.1  3.3  1.8     NA 1011.1   NA  4.9  71.1  -18.7     NA  0.0 
1822/08/28 04:00:00  1.26 0.28   NA  1.4   NA  1.9     NA 1011.0   NA  5.3  71.1  -17.2     NA  0.0 
1822/08/29 04:00:00  1.12 0.00   NA  3.3   NA  3.3     NA 1010.7   NA  6.2  70.4  -15.4     NA  0.0 
1822/08/30 04:00:00  0.51 0.00   NA  3.3   NA  3.3     NA 1010.6   NA  6.2  70.0  -15.1     NA  0.0 
1822/08/31 04:00:00  0.28 0.00   NA  3.3   NA  3.3     NA 1010.5   NA  6.3  70.3  -15.0     NA  0.0 
1822/09/01 04:00:00  0.79 0.01   NA  5.3  7.8  4.8     NA 1010.2   NA  6.7  69.8  -13.8     NA  0.0 
1822/09/01 16:00:00  1.44 0.00   NA  5.4  8.9  5.2     NA 1010.2   NA  6.7  69.3  -13.0     NA  0.0 
1822/09/02 04:00:00  1.39 0.00   NA  6.1  7.2  5.5     NA 1010.0   NA  6.9  68.8  -12.6     NA  0.0 
1822/09/02 16:00:00  1.42 0.00   NA  6.1  8.3  5.5     NA 1010.0   NA  6.9  68.3  -12.2     NA  0.0 
1822/09/03 04:00:00  1.54 0.00   NA  6.6  5.6  5.4     NA 1009.9   NA  7.0  67.7  -12.2     NA  0.0 
1822/09/03 16:00:00  1.94 0.00   NA  7.0  7.8  5.8     NA 1009.9   NA  7.0  66.9  -11.8     NA  7.5 
1822/09/04 04:00:00  3.30 0.00   NA  7.6   NA  6.6     NA 1009.8   NA  7.4  65.8  -10.4     NA  5.9 
1822/09/05 04:00:00  2.70 0.00   NA  9.8   NA  8.7     NA 1010.1   NA  7.5  63.7   -9.4     NA  9.7 
1822/09/06 04:00:00  1.77 0.00   NA 10.4   NA  9.7     NA 1010.4   NA  7.6  62.4   -8.5     NA 10.1 
1822/09/07 03:00:00  1.96 0.00   NA 10.7  8.9 10.5     NA 1010.7   NA  7.7  61.1   -7.4     NA 12.2 
1822/09/07 15:00:00  1.87 0.00   NA 11.4 11.1 11.1     NA 1011.0   NA  7.8  60.4   -7.1     NA 11.8 
1822/09/08 03:00:00  1.06 0.00   NA 12.2 10.0 11.6     NA 1011.3   NA  7.9  60.0   -7.2     NA 12.4 
1822/09/08 15:00:00  1.21 0.00   NA 12.2 11.1 11.6     NA 1011.3   NA  7.9  59.5   -7.2     NA 12.4 
1822/09/09 03:00:00  1.55 0.00   NA 12.8  8.9 12.1     NA 1011.9   NA  7.8  58.9   -7.1     NA 12.8 
1822/09/09 15:00:00  1.26 0.00   NA 12.8 11.7 12.1     NA 1011.9   NA  7.8  58.4   -7.1     NA 12.8 
1822/09/10 03:00:00  0.66 0.00   NA 12.7   NA 12.0     NA 1011.8   NA  7.9  58.2   -7.5     NA 12.8 
1822/09/11 04:00:00  0.32 0.00   NA 12.7   NA 12.0     NA 1011.7   NA  7.9  58.3   -8.0     NA 12.7 
1822/09/12 04:00:00  0.77 0.00   NA 13.1   NA 12.4     NA 1012.2   NA  8.1  57.7   -8.0     NA 13.0 
1822/09/13 03:00:00  2.46 0.00   NA 13.6   NA 12.8     NA 1013.6   NA  6.8  55.9   -7.4     NA 14.0 
1822/09/13 15:00:00  2.03 0.00   NA 13.6 14.4 12.8     NA 1013.6   NA  6.8  55.1   -7.1     NA 14.0 
1822/09/14 03:00:00  0.49 0.00   NA 13.6   NA 12.8     NA 1013.5   NA  6.8  55.3   -7.0     NA 14.0 
1822/09/15 03:00:00  0.25 0.00   NA 13.4   NA 12.7     NA 1013.6   NA  6.2  55.4   -6.7     NA 13.8 
1822/09/16 03:00:00  0.46 0.00   NA 13.4   NA 12.7     NA 1013.5   NA  6.2  55.2   -6.2     NA 13.8 
1822/09/17 03:00:00  0.70 0.00   NA 14.0   NA 13.3     NA 1014.2   NA  6.3  54.9   -5.4     NA 14.2 
1822/09/18 03:00:00  1.69 0.00   NA 14.5   NA 13.9     NA 1014.9   NA  6.2  53.7   -4.4     NA 14.8 
1822/09/19 12:00:00    NA   NA   NA   NA   NA   NA     NA     NA   NA   NA    NA     NA     NA   NA 
