1772/11/25 11:00:00  2.72 0.00   NA 18.0 17.8 15.6 1015.2 1016.1 19.0  7.5 -37.2   16.6     NA 17.0 
1772/11/26 11:00:00  2.35 0.00   NA 17.2 20.6 14.0 1008.6 1015.6   NA  8.0 -39.1   16.4     NA 15.0 
1772/11/27 11:00:00  1.38 0.00   NA 16.2 11.1 13.0 1015.5 1015.0  4.6  8.4 -40.1   16.9     NA 13.7 
1772/11/28 11:00:00  1.19 0.00   NA 16.7 15.6 13.3 1012.2 1014.7 19.0  8.4 -41.0   17.1     NA 14.8 
1772/11/29 11:00:00  1.51 0.00   NA 13.2 13.9 10.7 1002.1 1012.9 22.6  9.0 -42.1   17.0     NA 11.2 
1772/11/30 11:00:00  0.76 0.00   NA 13.3 12.8 10.8 1002.1 1012.8   NA  9.0 -42.4   17.7     NA 11.3 
1772/12/01 11:00:00  1.22 0.00   NA 11.5 10.6  9.5  988.7 1011.8 22.6  9.3 -43.4   17.7     NA 10.6 
1772/12/02 11:00:00  0.88 0.00   NA 11.3  9.4  9.7  992.1 1011.5   NA  9.2 -43.9   18.3     NA 10.5 
1772/12/03 11:00:00  0.77 0.00   NA  9.7  9.4  8.4  988.8 1010.5 19.0  9.4 -44.5   18.2     NA  9.3 
1772/12/04 11:00:00  1.68 0.00   NA  8.0  6.9  7.2  999.1 1009.2 19.0  9.7 -45.8   18.1     NA  7.9 
1772/12/05 11:00:00  1.83 0.00   NA  5.4  8.9  5.2 1006.0 1006.2 19.0 10.1 -47.2   17.7     NA  5.9 
1772/12/06 17:00:00  1.62 0.00   NA  4.2   NA  4.2     NA 1004.4 19.0 10.1 -48.7   18.4     NA  4.9 
1772/12/07 11:00:00  1.46 0.00   NA  3.2  5.6  3.3  968.9 1002.8 26.8 10.1 -49.5   18.3     NA  3.9 
1772/12/08 11:00:00  0.83 0.00   NA  2.9  4.4  3.1  979.1 1002.6   NA 10.1 -49.6   19.3     NA  4.2 
1772/12/09 11:00:00  0.58 0.00   NA  2.9  2.2  3.1  992.6 1002.4 19.0 10.1 -49.8   20.0     NA  4.2 
1772/12/10 11:00:00  1.71 0.01   NA  1.3  2.5  1.2  996.2  999.1   NA  9.9 -51.1   20.4     NA  1.9 
1772/12/11 11:00:00  1.14 0.01   NA  1.2  1.1  1.1  992.8  998.9   NA  9.9 -51.9   21.1     NA  1.9 
1772/12/12 11:00:00  1.44 0.01   NA  0.8  1.4  0.7  969.2  997.4  9.3  9.7 -52.9   20.6     NA  1.1 
1772/12/13 11:00:00  1.40 0.00   NA  0.1  0.0 -0.0  972.7  994.2   NA  9.3 -54.0   20.9     NA -0.0 
1772/12/14 11:00:00  1.35 0.00   NA  0.3  0.6  0.0  989.7  994.1  4.6  9.3 -54.9   21.7     NA  0.2 
1772/12/17 10:00:00  0.40 0.00   NA  0.1  0.8  0.0  993.1  992.6 19.0  9.0 -55.3   23.2     NA  0.2 
1772/12/19 10:00:00  1.00 0.00   NA  0.6 -0.4  0.0  986.3  993.6   NA  9.3 -54.3   25.3     NA  0.4 
1772/12/20 10:00:00  2.22 0.00   NA  1.2  1.1  0.5  999.8  993.3 22.6  9.3 -54.0   28.2     NA  0.5 
1772/12/21 06:00:00  1.10 0.00   NA  1.8   NA  1.0     NA  994.6 19.0  9.6 -53.8   29.4     NA  0.8 
1772/12/22 10:00:00  1.29 0.00   NA  1.4  0.6  0.7  989.7  993.2  4.6  9.3 -54.9   30.2     NA  0.8 
1772/12/23 10:00:00  1.20 0.00   NA  1.1  1.1  0.7 1005.0  992.1   NA  8.9 -55.4   31.6     NA  1.1 
1772/12/24 10:00:00  1.41 0.10   NA  0.8  1.7  0.6  996.6  991.3  4.6  8.6 -56.5   31.3     NA  0.7 
1772/12/25 10:00:00  2.10 0.07   NA  0.3  0.3  0.3 1000.1  990.5 19.0  8.2 -57.8   29.5     NA  0.5 
1772/12/27 10:00:00  1.69 0.00   NA  0.1  2.2 -0.1  998.5  989.9  1.0  7.8 -58.3   24.7     NA  0.1 
1772/12/28 11:00:00  1.83 0.00   NA  0.1  1.7 -0.3 1000.2  990.1 19.0  7.8 -58.7   21.9     NA -0.3 
1772/12/29 11:00:00  2.02 0.00   NA  0.1  2.2 -0.3  990.1  989.3   NA  7.3 -59.2   19.0     NA  0.0 
1772/12/30 11:00:00  1.33 0.00   NA  0.1  2.2 -0.0 1000.3  989.4   NA  7.3 -59.4   17.0     NA  0.0 
1773/01/01 11:00:00  1.64 0.10   NA  0.1 -0.3  0.4  981.7  989.1 19.0  7.0 -60.2   12.2     NA  0.0 
1773/01/02 11:00:00  2.06 0.09   NA  0.0 -0.6  0.4 1001.9  989.7   NA  7.5 -59.2    9.8     NA  0.0 
1773/01/04 11:00:00  1.83 0.06   NA  0.3  1.1 -0.1 1000.1  990.5 19.0  7.7 -58.0   14.7     NA  0.4 
1773/01/07 10:00:00  3.27 0.02   NA  0.5  1.7 -0.4 1000.4  989.1 19.0  6.8 -60.7   28.6     NA  0.0 
1773/01/09 10:00:00  2.10 0.00   NA  0.8  1.7  0.8  990.3  989.4  4.6  6.5 -61.6   35.1     NA  0.0 
1773/01/11 10:00:00  1.26 0.00   NA  0.4  1.9  0.5  995.5  989.6  4.6  6.2 -63.2   37.5     NA  0.0 
1773/01/12 09:00:00  1.42 0.23   NA  0.1  1.7  0.3  990.4  989.7   NA  6.0 -64.2   38.2     NA  0.0 
1773/01/14 09:00:00  0.43 0.19   NA  0.6  1.9  1.1  988.7  989.9  1.0  6.3 -64.0   39.6     NA  0.0 
1773/01/17 15:00:00  1.31 0.56   NA -0.6   NA -1.0     NA  991.0 19.0  5.2 -67.2   39.6     NA  0.0 
1773/01/19 09:00:00  2.05 0.23   NA  0.3  1.7  0.7  987.1  989.8  4.6  6.3 -64.5   40.2     NA  0.0 
1773/01/21 09:00:00  1.14 0.00   NA  1.1  1.9  1.0  968.3  989.9  9.3  6.6 -62.8   41.4     NA  0.0 
1773/01/23 09:00:00  2.40 0.00   NA  1.3  2.5  1.1  983.4  990.4 19.0  7.2 -60.1   46.8     NA  0.0 
1773/01/24 09:00:00  2.64 0.00   NA  1.7  1.4  1.6  990.0  992.0 19.0  8.2 -58.4   49.1     NA  2.0 
1773/01/25 05:00:00  1.93 0.00   NA  1.7   NA  1.9     NA  992.1 22.6  8.3 -58.2   51.4     NA  2.2 
1773/01/26 09:00:00  1.04 0.01   NA  1.9  1.7  2.0  957.7  993.0  0.0  8.8 -57.3   50.9     NA  2.1 
1773/01/27 09:00:00  1.03 0.01   NA  2.3  1.7  2.1  979.7  994.0  9.3  9.3 -56.5   50.8     NA  2.3 
1773/01/28 09:00:00  2.67 0.00   NA  2.9  2.5  3.0  996.5  996.4 19.0 10.0 -54.5   51.8     NA  3.5 
1773/01/29 08:00:00  3.05 0.00   NA  3.6  3.3  4.2 1004.7  999.6 22.6 10.5 -52.5   53.6     NA  4.2 
1773/01/30 08:00:00  2.17 0.00   NA  4.0  4.2  4.3 1001.3 1001.4 19.0 10.5 -51.6   55.9     NA  4.7 
1773/01/31 08:00:00  1.19 0.00   NA  4.6  3.8  4.6 1001.2 1003.1   NA 10.5 -50.8   56.8     NA  5.0 
1773/02/01 14:00:00  3.00 0.00   NA  6.4   NA  6.6     NA 1006.2   NA 10.2 -48.1   58.1     NA  6.9 
1773/02/02 08:00:00  1.91 0.00   NA  6.5  7.2  6.6 1012.9 1006.4  9.3 10.2 -48.6   59.6     NA  6.9 
1773/02/03 08:00:00  0.71 0.00   NA  6.4  7.8  6.5 1009.5 1006.6 22.6 10.2 -49.0   60.2     NA  6.7 
1773/02/04 08:00:00  1.14 0.00   NA  5.4  7.2  5.5 1004.5 1005.4 19.0 10.4 -49.3   58.9     NA  5.9 
1773/02/05 08:00:00  0.54 0.00   NA  5.5  5.0  5.4 1002.8 1005.6 19.0 10.4 -49.1   58.3     NA  5.8 
1773/02/06 08:00:00  1.37 0.00   NA  6.6 12.1  6.5  997.6 1007.3 19.0 10.2 -48.1   58.7     NA  6.7 
1773/02/07 08:00:00  2.80 0.00   NA  6.3  6.7  6.4 1006.1 1007.4 19.0 10.1 -48.9   61.8     NA  6.7 
1773/02/08 08:00:00  2.21 0.00   NA  5.1  6.3  5.2  991.0 1006.0   NA 10.3 -49.9   64.0     NA  6.0 
1773/02/10 08:00:00  0.42 0.00   NA  4.5  5.3  4.4  997.8 1004.7 22.6 10.5 -50.1   64.9     NA  5.1 
1773/02/12 07:00:00  2.92 0.00   NA  3.6  3.3  3.9 1001.4 1001.1  4.6 10.6 -52.8   70.6     NA  3.9 
1773/02/13 07:00:00  1.99 0.00   NA  3.2  2.2  3.5 1003.2  999.2  9.3 10.3 -53.9   72.4     NA  3.8 
1773/02/14 07:00:00  2.61 0.00   NA  2.9  1.9  3.0  994.8  995.8   NA 10.3 -55.4   74.8     NA  3.4 
1773/02/15 07:00:00  3.45 0.00   NA  2.2  2.5  2.1  996.7  993.9   NA  9.9 -56.9   78.8     NA  2.4 
1773/02/16 07:00:00  1.56 0.00   NA  2.1  1.1  2.0 1000.1  992.3  2.6  9.6 -57.1   81.0     NA  2.4 
1773/02/17 07:00:00  1.24 0.00   NA  2.1  1.7  2.2  983.2  992.1   NA  9.6 -57.9   82.1     NA  2.4 
1773/02/18 06:00:00  1.19 0.00   NA  2.2  0.6  2.2  986.6  991.9  6.7  9.6 -58.0   83.7     NA  2.3 
1773/02/19 06:00:00  2.79 0.00   NA  2.3  1.7  2.3  990.0  990.1 19.0  9.1 -58.5   87.7     NA  1.8 
1773/02/20 06:00:00  2.71 0.00   NA  2.3  1.7  1.9  993.4  989.6  4.6  9.0 -58.8   91.7     NA  1.7 
1773/02/22 06:00:00  0.80 0.00   NA  1.9  1.4  1.1  976.5  988.1 19.0  8.6 -59.6   93.6     NA  0.0 
1773/02/23 12:00:00  2.47 0.01   NA  1.5   NA -0.4     NA  986.8   NA  7.6 -61.9   95.0     NA  0.0 
1773/02/25 06:00:00  0.78 0.00   NA  1.7  2.5  0.4  983.4  987.1   NA  8.2 -60.8   95.2     NA  0.0 
1773/02/26 12:00:00  1.09 0.01   NA  1.5   NA -0.3     NA  986.6  9.3  7.7 -61.4   97.1     NA  0.0 
1773/02/27 05:00:00  3.38 0.09   NA  1.1  1.4 -1.1  963.2  986.1 22.6  7.4 -62.5  100.3     NA  0.0 
1773/02/28 05:00:00  4.22 0.00   NA  2.2  2.5  1.9 1000.3  987.3   NA  8.9 -60.0  104.7     NA  0.0 
1773/03/01 05:00:00  2.05 0.00   NA  1.9  1.9  1.6  961.4  986.4  2.6  8.4 -60.6  107.7     NA  0.0 
1773/03/03 05:00:00  0.75 0.00   NA  2.0  3.3  1.4 1000.3  986.4  4.6  8.6 -60.3  110.0     NA  0.0 
1773/03/05 04:00:00  2.23 0.00   NA  2.4  2.9  1.3  978.3  986.7   NA  8.7 -60.6  116.8     NA  0.0 
1773/03/06 04:00:00  1.04 0.00   NA  2.4  2.8  1.5  981.7  986.9   NA  8.8 -60.1  118.0     NA  0.0 
1773/03/07 04:00:00  1.45 0.00   NA  2.9  1.4  2.3  968.1  988.1  2.6  9.5 -60.0  120.2     NA  0.0 
1773/03/08 04:00:00  0.64 0.00   NA  2.9  4.4  2.5  979.9  988.3  0.0  9.5 -59.7  121.1     NA  0.0 
1773/03/09 04:00:00  1.63 0.00   NA  3.4  2.8  3.0  969.7  990.3 26.8 10.2 -58.9  123.0     NA  2.1 
1773/03/10 03:00:00  3.46 0.00   NA  3.5  1.7  3.0  983.2  991.1 19.0 10.3 -58.1  127.7     NA  2.6 
1773/03/11 03:00:00  1.82 0.00   NA  3.7  2.8  3.4  988.3  991.7   NA 10.4 -58.1  130.3     NA  3.6 
1773/03/12 03:00:00  1.37 0.00   NA  3.7  4.2  3.5  979.9  992.0  4.6 10.4 -58.9  131.7     NA  3.5 
1773/03/14 03:00:00  1.61 0.00   NA  3.6  0.6  2.7  978.1  993.0 19.0 10.6 -58.4  136.4     NA  3.8 
1773/03/15 03:00:00  2.48 0.00   NA  3.1  1.1  2.5  978.2  991.7   NA 10.2 -59.1  139.8     NA  0.0 
1773/03/16 02:00:00  2.52 0.00   NA  3.5  1.9  3.4  986.6  994.2 19.0 10.7 -58.9  143.5     NA  2.9 
1773/03/17 02:00:00  2.86 0.00   NA  3.1  1.9  3.0  988.3  994.7   NA 10.8 -58.7  147.7     NA  2.8 
1773/03/19 02:00:00  2.79 0.00   NA  5.8  6.1  5.0 1010.1 1000.6 19.0 11.5 -55.0  152.0     NA  5.5 
1773/03/20 02:00:00  3.02 0.00   NA  7.4  7.2  6.8 1008.2 1004.2   NA 11.3 -53.4  154.9     NA  6.7 
1773/03/21 02:00:00  3.30 0.00   NA  9.2  7.8  7.2 1014.8 1007.9 22.6 10.7 -51.2  157.2     NA  8.8 
1773/03/22 01:00:00  2.63 0.00   NA 10.5  8.3  9.3 1011.3 1011.0 19.0  9.9 -49.9  159.5     NA 10.3 
1773/03/23 01:00:00  3.39 0.00   NA 11.9  9.4 11.1 1021.3 1013.1   NA  9.1 -47.8  161.8     NA 11.1 
1773/03/24 01:00:00  2.71 0.00   NA 13.7 11.1 12.3 1014.4 1014.1   NA  8.8 -46.6  164.3     NA 12.7 
1773/03/25 01:00:00  1.71 0.00   NA 14.0 12.2 12.6 1011.0 1014.2   NA  7.5 -46.3  166.2     NA 13.9 
1773/03/26 01:00:00  0.75 0.00   NA 14.7 11.9 13.6 1021.1 1015.1   NA  6.6 -45.8  166.7     NA 14.6 
1773/03/03 01:00:00    NA   NA   NA   NA   NA   NA     NA     NA   NA   NA    NA     NA     NA   NA 
1773/06/10 01:00:00    NA   NA   NA   NA 12.2   NA 1005.7     NA  4.6   NA -43.9     NA     NA   NA 
1773/06/12 00:00:00    NA 0.00   NA 11.0 15.0  9.3 1007.4 1012.0 19.0  9.2 -44.6 -179.2     NA 10.2 
1773/06/13 00:00:00  2.56 0.00   NA 10.9 11.0  9.2 1004.1 1010.6  2.6  9.7 -45.4 -176.7     NA 10.7 
1773/06/14 00:00:00  1.00 0.00   NA 10.7 10.8  8.9 1016.0 1009.5 19.0 10.0 -46.0 -176.0     NA 10.5 
1773/06/16 00:00:00  1.00 0.00   NA 10.6  9.2  8.8 1008.6 1009.3  2.6 10.0 -46.8 -174.0     NA 10.4 
1773/06/16 20:00:00  1.18 0.00   NA 10.4   NA  8.3     NA 1008.2 22.6 10.3 -47.1 -173.0     NA  9.7 
1773/06/18 00:00:00  0.94 0.00   NA 10.6  9.7  8.6 1007.6 1008.9   NA 10.1 -46.3 -172.7     NA 10.0 
1773/06/18 23:00:00  1.98 0.00   NA 11.0  8.9  9.6 1012.6 1009.5 19.0  9.9 -45.9 -170.6     NA 10.2 
1773/06/21 05:00:00  2.12 0.00   NA 11.2  9.2  9.7 1020.9 1009.1  4.6  9.9 -44.5 -165.8     NA  9.8 
1773/06/21 23:00:00  2.15 0.00   NA 11.2 10.3  9.4 1024.3 1008.9   NA  9.9 -44.4 -164.0     NA  9.8 
1773/06/22 23:00:00  1.52 0.00   NA 10.9 11.4  9.3 1024.4 1008.4   NA  9.9 -44.7 -162.4     NA  9.6 
1773/06/23 23:00:00  0.85 0.00   NA 10.8 10.3  9.3 1024.3 1008.2  1.0  9.9 -44.6 -161.5     NA  9.4 
1773/06/24 23:00:00  1.34 0.00   NA 11.3 10.8  9.9  997.2 1008.8 26.8  9.8 -43.6 -161.6     NA 10.0 
1773/06/25 23:00:00  1.84 0.00   NA 11.9   NA 10.6     NA 1009.8 19.0  9.6 -42.9 -163.3     NA 10.3 
1773/06/26 23:00:00  0.43 0.00   NA 11.4 12.9  9.9  990.4 1009.0   NA  9.7 -43.2 -163.1     NA  9.8 
1773/06/28 19:00:00  1.06 0.00   NA 11.6   NA 10.3     NA 1009.2  1.0  9.6 -42.5 -161.2     NA 10.4 
1773/06/29 23:00:00  0.37 0.00   NA 11.4 11.6  9.9  995.4 1009.0  2.6  9.6 -42.8 -160.9     NA 10.2 
1773/06/30 23:00:00  1.49 0.00   NA 10.9 11.0  9.2 1003.9 1008.1 19.0  9.7 -43.1 -159.4     NA  9.3 
1773/07/01 23:00:00  1.59 0.00   NA 10.9  9.4  9.2 1007.3 1007.9  4.6  9.7 -43.1 -157.7     NA  9.4 
1773/07/02 22:00:00  1.43 0.00   NA 10.9  8.3  9.3 1009.0 1007.7   NA  9.7 -43.1 -156.3     NA  9.5 
1773/07/03 22:00:00  1.24 0.00   NA 10.8 10.0  9.3 1002.2 1007.6  4.6  9.7 -43.3 -155.0     NA  9.7 
1773/07/04 22:00:00  1.08 0.00   NA 10.9  9.1  9.3 1005.7 1007.5 19.0  9.7 -44.0 -154.3     NA  9.7 
1773/07/05 22:00:00  2.17 0.00   NA 10.8  8.9  9.1 1010.7 1007.4   NA  9.6 -43.2 -152.2     NA  9.5 
1773/07/07 22:00:00  1.51 0.00   NA 11.6 11.4 10.1  997.0 1008.7  4.6  9.5 -41.4 -150.2     NA 10.2 
1773/07/10 22:00:00  2.15 0.00   NA 10.4 10.6  9.4 1009.0 1007.8   NA  9.5 -43.8 -144.2     NA  9.0 
1773/07/11 21:00:00  2.24 0.00   NA 10.4  8.3  9.4 1025.9 1008.2   NA  9.4 -43.6 -141.9     NA  9.1 
1773/07/12 21:00:00  1.71 0.00   NA 10.2  9.4  9.2 1024.2 1008.4   NA  9.4 -43.3 -140.2     NA  8.9 
1773/07/13 21:00:00  1.11 0.00   NA 10.2  9.7  9.1 1024.2 1008.7   NA  9.4 -43.0 -139.0     NA  9.0 
1773/07/14 21:00:00  0.82 0.00   NA 10.3 10.0  9.3 1009.0 1008.9 19.0  9.4 -43.0 -138.2     NA  9.0 
1773/07/15 21:00:00  0.52 0.00   NA 10.7 11.1 10.0  997.1 1009.8   NA  9.4 -42.6 -138.0     NA  9.5 
1773/07/17 21:00:00  2.85 0.00   NA 12.6  6.8 11.6 1008.7 1012.3 22.6  9.2 -39.7 -133.5     NA 11.4 
1773/07/18 21:00:00  2.33 0.00   NA 13.7 10.0 12.3 1022.0 1013.4  4.6  9.0 -37.9 -133.3     NA 12.4 
1773/07/19 21:00:00  1.76 0.00   NA 14.3 12.2 12.7 1025.3 1014.0   NA  8.9 -36.6 -133.1     NA 13.1 
1773/07/21 21:00:00  2.45 0.00   NA 17.0   NA 16.1     NA 1015.8  9.3  8.2 -32.8 -133.6     NA 16.4 
1773/07/22 21:00:00  2.25 0.00   NA 17.8 15.6 16.5 1001.1 1016.1   NA  8.0 -31.1 -134.2     NA 16.8 
1773/07/23 21:00:00  2.23 0.00   NA 19.2 17.2 17.7 1009.5 1016.7   NA  7.7 -29.4 -134.2     NA 18.3 
1773/07/24 21:00:00  1.65 0.00   NA 19.2 18.1 17.8 1009.5 1016.7 19.0  7.7 -29.8 -135.6     NA 18.3 
1773/07/25 17:00:00  1.17 0.00   NA 19.2   NA 17.9     NA 1016.7   NA  7.7 -29.9 -136.5     NA 18.3 
1773/07/26 21:00:00  1.42 0.00   NA 19.8 19.2 18.4 1011.1 1016.9  4.6  7.5 -28.9 -135.5     NA 18.9 
1773/07/27 21:00:00  1.31 0.00   NA 20.5 19.7 19.0 1031.3 1017.1  1.0  7.4 -27.9 -135.3     NA 19.2 
1773/07/29 17:00:00  0.96 0.00   NA 20.4   NA 18.9     NA 1017.1  4.6  7.4 -27.8 -136.8     NA 19.0 
1773/07/30 21:00:00  1.75 0.00   NA 20.4 21.7 18.9 1011.0 1017.3   NA  7.4 -27.1 -135.2     NA 19.1 
1773/07/31 21:00:00  1.08 0.00   NA 21.1 20.0 19.6 1010.9 1017.5   NA  7.2 -26.3 -134.8     NA 19.7 
1773/08/01 21:00:00  1.87 0.00   NA 21.7 20.3 20.1 1005.7 1017.6   NA  7.1 -25.0 -134.1     NA 20.4 
1773/08/03 21:00:00  1.88 0.00   NA 23.7 21.7 21.9 1014.0 1017.3  2.6  6.6 -22.1 -133.7     NA 22.3 
1773/08/04 21:00:00  1.13 0.00   NA 24.1 23.3 22.5 1030.8 1017.1  4.6  6.5 -21.3 -133.3     NA 23.1 
1773/08/05 21:00:00  1.71 0.00   NA 24.3 24.7 22.9 1030.8 1017.0 12.3  6.4 -20.7 -132.1     NA 23.9 
1773/08/07 03:00:00  1.23 0.00   NA 24.6   NA 23.2     NA 1016.9  2.6  6.4 -19.6 -131.5     NA 24.8 
1773/08/07 21:00:00  3.34 0.00   NA 25.2 23.9 23.7 1017.2 1016.3 12.3  6.4 -18.9 -133.4     NA 24.8 
1773/08/08 21:00:00  3.23 0.00   NA 25.4 23.9 23.9 1020.5 1016.2   NA  6.4 -18.1 -135.9     NA 24.8 
1773/08/10 21:00:00  2.48 0.00   NA 25.9 25.8 24.3 1020.5 1015.5   NA  6.4 -17.4 -139.9     NA 25.6 
1773/08/12 22:00:00  2.23 0.00   NA 25.7 25.8 24.3 1030.6 1015.3 12.3  6.4 -17.2 -143.6     NA 25.7 
1773/08/13 22:00:00  1.57 0.00   NA 25.8 26.4 24.4 1017.1 1015.3   NA  6.4 -17.3 -144.9     NA 25.8 
1773/08/14 22:00:00  2.19 0.00   NA 25.8 26.1 24.6 1017.1 1015.2   NA  6.2 -17.2 -146.7     NA 25.7 
1773/08/15 22:00:00  2.05 0.00   NA 26.0 26.7 24.6 1017.1 1015.1   NA  5.7 -17.8 -148.3     NA 25.7 
1773/08/04 22:00:00    NA   NA   NA   NA   NA   NA     NA     NA   NA   NA    NA     NA     NA   NA 
1773/09/18 22:00:00    NA 0.00   NA 26.1 26.1 24.8 1030.6 1014.6  4.6  6.2 -17.3 -153.2     NA 26.1 
1773/09/19 22:00:00  1.54 0.00   NA 26.1 27.2 24.8 1013.7 1014.6   NA  6.4 -17.7 -154.3     NA 25.7 
1773/09/20 22:00:00  1.47 0.00   NA 25.8 27.2 24.2 1012.1 1014.9   NA  6.5 -18.1 -155.5     NA 25.0 
1773/09/21 22:00:00  1.17 0.00   NA 25.9 27.2 24.3 1013.8 1014.8   NA  6.5 -18.4 -156.4     NA 25.1 
1773/09/22 22:00:00  1.19 0.00   NA 25.8 25.6 24.4 1012.1 1014.8  9.3  6.5 -18.7 -157.3     NA 25.3 
1773/09/23 23:00:00  1.87 0.00   NA 25.3 22.8 24.0 1030.7 1015.2  4.6  6.5 -19.1 -158.8     NA 24.6 
1773/09/24 23:00:00  1.94 0.00   NA 25.3 23.3 24.1 1013.8 1015.1 12.3  6.6 -19.5 -160.4     NA 24.5 
1773/09/25 23:00:00  2.55 0.00   NA 25.3 23.3 24.2 1013.9 1015.0   NA  6.6 -19.9 -162.4     NA 24.3 
1773/09/26 23:00:00  2.30 0.00   NA 24.7 22.8 23.5 1030.8 1015.2   NA  6.7 -20.4 -164.2     NA 23.8 
1773/09/27 23:00:00  2.38 0.00   NA 24.7 21.7 23.4 1030.8 1015.1   NA  6.7 -20.7 -166.2     NA 23.9 
1773/09/28 23:00:00  2.79 0.00   NA 23.8 22.2 22.6 1030.8 1015.3   NA  6.7 -21.1 -168.5     NA 22.7 
1773/09/29 23:00:00  2.25 0.00   NA 23.8 22.2 22.4 1030.9 1015.3   NA  6.7 -21.5 -170.3     NA 22.9 
1773/10/01 00:00:00  2.62 0.00   NA 23.7 21.1 22.2 1017.3 1015.2   NA  6.6 -21.2 -172.6     NA 22.7 
1773/10/02 00:00:00  1.84 0.00   NA 23.5 21.1 22.2 1017.3 1015.2   NA  6.6 -21.4 -174.1     NA 22.6 
1773/10/10 00:00:00  0.22 0.00   NA 23.0 22.8 21.9 1024.2 1015.6  9.3  6.5 -22.5 -174.9     NA 22.2 
1773/10/11 00:00:00  1.58 0.00   NA 23.3 21.1 21.8 1030.9 1015.7   NA  6.6 -22.8 -176.2     NA 22.2 
1773/10/12 00:00:00  1.93 0.00   NA 22.6 20.8 21.1 1022.6 1016.1   NA  6.5 -23.8 -177.4     NA 21.3 
1773/10/13 00:00:00  2.47 0.00   NA 21.5 21.7 19.9 1021.0 1016.8   NA  6.3 -25.6 -178.2     NA 20.5 
1773/10/14 00:00:00  2.33 0.00   NA 20.2 21.1 18.8 1021.1 1017.1  4.6  6.2 -27.2 -179.1     NA 19.8 
1773/10/15 00:00:00  1.97 0.00   NA 19.6 19.4 18.3 1022.9 1017.3   NA  6.2 -28.6 -179.8     NA 19.4 
1773/10/15 00:00:00    NA 0.00   NA 18.6 20.6 17.4 1024.7 1017.5   NA  6.3 -30.2  179.9     NA 18.0 
1773/10/16 00:00:00  1.89 0.00   NA 18.0 20.0 17.0 1023.2 1017.4   NA  6.5 -31.7  179.5     NA 17.7 
1773/10/17 00:00:00  1.29 0.00   NA 17.5 20.6 16.6 1021.6 1017.2  2.6  6.6 -32.7  179.5     NA 17.1 
1773/10/18 00:00:00  1.45 0.00   NA 17.0 18.9 16.3 1021.7 1017.0   NA  6.9 -33.8  179.7     NA 16.6 
1773/10/19 00:00:00  2.80 0.00   NA 16.2 19.4 15.7 1015.1 1016.6   NA  7.6 -36.0  179.8     NA 15.9 
1773/10/20 00:00:00  2.58 0.00   NA 15.6 15.8 15.0 1005.1 1015.6 19.0  7.7 -38.0  179.6     NA 16.2 
1773/10/21 00:00:00  1.77 0.00   NA 14.6 16.7 14.0 1005.2 1014.6   NA  6.3 -39.1  178.6     NA 15.5 
1773/10/05 00:00:00    NA   NA   NA   NA   NA   NA     NA     NA   NA   NA    NA     NA     NA   NA 
1773/11/27 00:00:00    NA 0.00   NA 13.0 16.7 12.6 1014.1 1012.3 19.0  7.1 -43.5  176.0     NA 13.9 
1773/11/30 00:00:00  1.23 0.00   NA 11.4  9.4 11.2 1014.3 1011.1 19.0  7.9 -45.8  178.2     NA 12.0 
1773/12/01 00:00:00  1.96 0.00   NA 10.3  9.7 10.3 1016.1 1009.2 19.0  8.2 -47.1  179.5     NA 11.4 
1773/12/03 00:00:00  1.00 0.00   NA  9.8  8.1  9.5 1012.8 1008.3  2.6  8.4 -48.4 -179.3     NA 10.9 
1773/12/05 00:00:00  0.99 0.00   NA  9.4  8.6  8.9 1009.6 1007.5  2.6  8.6 -49.9 -179.3     NA 10.3 
1773/12/05 00:00:00    NA 0.00   NA  8.9  8.3  8.5 1007.9 1006.2  1.0  8.8 -50.2  179.7     NA 10.2 
1773/12/06 06:00:00  1.33 0.00   NA  8.6   NA  8.1  999.6 1004.9 19.0  9.1 -51.5  180.0     NA 10.0 
1773/12/09 00:00:00  1.95 0.00   NA  7.0  6.1  6.5  998.2  999.4 22.6  9.9 -55.6 -178.9     NA  8.7 
1773/12/10 00:00:00  3.17 0.00   NA  4.9  6.9  4.5  973.0  995.1 19.0  9.5 -58.0 -177.7     NA  5.9 
1773/12/11 00:00:00  1.95 0.00   NA  4.1  2.2  3.6  998.5  993.7 22.6  9.3 -59.2 -175.9     NA  0.0 
1773/12/12 00:00:00  2.64 0.00   NA  3.1  4.4  2.9  985.1  992.4 19.0  9.1 -60.7 -173.1     NA  0.0 
1773/12/12 23:00:00  3.25 0.00   NA  1.2  0.3  1.4  985.3  990.0 19.0  8.6 -62.8 -170.4     NA  0.0 
1773/12/13 23:00:00  1.97 0.00   NA  0.4  0.0  0.6  980.2  988.8 19.0  8.5 -63.7 -167.7     NA  0.0 
1773/12/14 23:00:00  2.91 0.16   NA -0.2  1.3  0.2  985.4  987.5 19.0  8.4 -64.9 -163.3     NA  0.0 
1773/12/15 23:00:00  2.47 0.27   NA -0.6 -0.6 -0.2  978.7  986.5 19.0  8.2 -65.9 -159.3     NA  0.0 
1773/12/16 23:00:00  2.18 0.18   NA -0.4  0.6  0.0  997.2  987.4  4.6  8.4 -64.3 -158.0     NA  0.0 
1773/12/17 22:00:00  1.45 0.18   NA -0.5  0.7 -0.1  985.4  987.3  4.6  8.4 -64.7 -155.7     NA  0.0 
1773/12/18 22:00:00  1.97 0.19   NA -0.5  0.6 -0.1  983.7  987.2  6.7  8.4 -64.7 -152.1     NA  0.0 
1773/12/19 22:00:00  1.49 0.21   NA -0.5  1.1 -0.1  976.9  987.1  6.7  8.3 -64.8 -149.4     NA  0.0 
1773/12/20 22:00:00  1.54 0.32   NA -0.5  0.6 -0.1  990.6  986.5 19.0  8.1 -66.0 -148.5     NA  0.0 
1773/12/21 18:00:00  2.39 0.58   NA -1.0  0.6 -0.3  973.7  985.6 22.6  7.4 -67.1 -145.8     NA  0.0 
1773/12/22 22:00:00  1.33 0.56   NA -0.9  0.8 -0.2  973.7  985.6  6.7  7.4 -67.5 -142.9     NA  0.0 
1773/12/24 03:00:00  2.34 0.67   NA -0.8  0.6 -0.1  982.2  985.7  4.6  7.2 -67.3 -137.2     NA  0.0 
1773/12/25 21:00:00  0.92 0.31   NA -0.6  1.1  0.0  990.6  986.0  9.3  7.5 -66.4 -135.1     NA  0.0 
1773/12/28 21:00:00  0.90 0.04   NA -0.1  1.1  0.3  983.7  986.8 19.0  8.0 -64.3 -134.1     NA  0.0 
1773/12/29 21:00:00  2.50 0.00   NA  0.8  0.7  1.2  971.7  988.1   NA  8.4 -62.4 -133.6     NA  0.0 
1773/12/31 21:00:00  1.82 0.00   NA  2.1  1.4  2.0 1000.3  990.3  4.6  9.0 -59.7 -135.2     NA  0.0 
1774/01/02 21:00:00  1.28 0.00   NA  3.9  3.6  3.1 1000.1  992.6 19.0  9.3 -58.0 -137.2     NA  4.2 
1774/01/03 21:00:00  2.35 0.00   NA  5.0  2.2  4.3  986.5  993.7 19.0  9.5 -56.8 -139.8     NA  5.4 
1774/01/04 21:00:00  2.43 0.00   NA  6.6  7.9  5.2  993.1  996.0 22.6  9.6 -54.9 -139.1     NA  7.1 
1774/01/06 21:00:00  2.32 0.00   NA  8.1  8.3  6.7  992.8  998.6 22.6  9.6 -52.0 -135.5     NA  8.0 
1774/01/07 21:00:00  2.54 0.00   NA  9.3 10.0  7.9  991.0 1001.4  4.6  9.6 -50.6 -133.3     NA  9.6 
1774/01/08 21:00:00  2.68 0.00   NA  9.6  9.9  8.5  999.4 1002.8   NA  9.5 -49.1 -131.0     NA  9.8 
1774/01/09 20:00:00  3.60 0.00   NA  9.9 10.7  9.3 1006.1 1004.4   NA  9.3 -48.3 -127.2     NA 10.4 
1774/01/10 20:00:00  2.07 0.00   NA  9.9 11.4 10.1 1001.0 1004.5  1.0  9.4 -48.1 -124.8     NA 10.6 
1774/01/11 20:00:00  2.24 0.00   NA 10.4 10.0 10.6  999.2 1006.2 19.0  9.2 -47.9 -122.2     NA 10.9 
1774/01/12 20:00:00  2.93 0.00   NA  9.3 10.0  8.4 1007.9 1003.4 19.0  9.6 -49.5 -119.9     NA  9.5 
1774/01/15 20:00:00  2.86 0.00   NA  6.1 10.6  5.4  993.2  993.2 22.6  9.8 -56.1 -122.0     NA  6.2 
1774/01/16 20:00:00  1.90 0.00   NA  5.8  8.8  5.9 1010.2  993.3 19.0  9.8 -56.3 -119.4     NA  6.4 
1774/01/17 20:00:00  3.01 0.00   NA  4.6  5.3  5.3 1007.0  991.1 19.0  9.5 -58.6 -118.2     NA  4.7 
1774/01/18 20:00:00  6.90 0.00   NA  2.0  4.4  1.9  981.9  987.6   NA  8.1 -63.9 -117.0     NA  0.0 
1774/01/20 20:00:00  0.87 0.00   NA  2.6  4.4  2.6  968.3  988.1  0.0  8.5 -62.6 -116.4     NA  0.0 
1774/01/22 20:00:00  1.08 0.00   NA  3.1  2.8  3.7  973.3  988.0  1.0  8.4 -62.1 -112.9     NA  0.0 
1774/01/23 19:00:00  1.61 0.00   NA  3.0  3.6  3.6  968.3  988.0 19.0  8.4 -62.4 -110.4     NA  0.0 
1774/01/24 19:00:00  2.07 0.00   NA  2.5  3.9  2.2  970.1  987.3 19.0  8.1 -63.7 -108.3     NA  0.0 
1774/01/25 19:00:00  2.33 0.00   NA  1.6  5.7  0.2  978.7  986.3  9.3  7.5 -65.4 -109.5     NA  0.0 
1774/01/26 19:00:00  1.54 0.00   NA  0.8  4.4 -0.2 1000.8  986.1  2.6  7.3 -66.6 -109.5     NA  0.0 
1774/01/27 19:00:00  1.18 0.00   NA  0.4  3.1 -0.5  975.4  986.0  6.7  7.0 -67.4 -108.2     NA  0.0 
1774/01/28 19:00:00  2.84 0.23   NA -0.1  2.2 -1.1  978.9  985.7  2.6  6.5 -69.6 -108.2     NA  0.0 
1774/01/29 19:00:00  0.65 0.41   NA -0.7  2.5 -1.5  973.9  985.7  4.6  6.2 -70.0 -107.5     NA  0.0 
1774/01/30 15:00:00  1.83 0.54   NA -1.2  0.3 -1.8  977.3  985.9  4.6  5.9 -71.2 -106.9     NA  0.0 
1774/01/31 19:00:00  2.20 0.16   NA  0.1  1.1 -1.4  980.6  985.3  9.3  6.5 -69.2 -105.7     NA  0.0 
1774/02/01 19:00:00  1.57 0.08   NA  0.3  1.7 -0.8  978.8  985.3  4.6  6.8 -68.0 -105.0     NA  0.0 
1774/02/02 19:00:00  1.31 0.08   NA  1.0  2.8  0.1  975.4  985.3   NA  7.1 -67.1 -103.8     NA  0.0 
1774/02/03 19:00:00  1.61 0.00   NA  1.7  1.7  1.3  980.4  985.2  2.6  7.3 -66.4 -101.1     NA  0.0 
1774/02/04 19:00:00  1.18 0.00   NA  2.3  1.4  1.8  983.8  985.2  2.6  7.6 -65.7  -99.7     NA  0.0 
1774/02/05 19:00:00  2.06 0.00   NA  2.8  3.5  2.3  975.2  985.5 19.0  7.9 -64.1  -99.7     NA  0.0 
1774/02/07 19:00:00  1.98 0.00   NA  4.4  4.4  4.1  971.6  987.5 19.0  8.8 -61.1  -98.2     NA  0.0 
1774/02/08 18:00:00  4.09 0.00   NA  6.1  5.0  5.9  986.6  990.5 19.0  9.7 -58.1  -97.4     NA  6.0 
1774/02/09 18:00:00  3.13 0.00   NA  7.2  8.3  6.7  986.4  994.4 19.0 10.3 -55.6  -97.4     NA  7.1 
1774/02/10 18:00:00  2.61 0.00   NA  8.1  8.3  7.5  996.4  997.8 19.0 10.5 -53.6  -97.4     NA  8.0 
1774/02/11 18:00:00  2.89 0.00   NA  9.4 10.6  8.2  989.4 1001.5 22.6 10.4 -51.6  -95.8     NA 10.1 
1774/02/12 18:00:00  1.78 0.00   NA  9.9  8.6  8.7 1013.0 1003.3  1.0 10.3 -50.2  -95.3     NA 10.6 
1774/02/13 18:00:00  0.59 0.00   NA  9.9 11.1  8.5 1016.4 1003.2 19.0 10.3 -50.2  -96.0     NA 10.5 
1774/02/14 18:00:00  1.13 0.00   NA 10.5 11.7  9.2 1021.4 1005.1   NA 10.1 -49.5  -95.2     NA 11.2 
1774/02/15 18:00:00  0.78 0.00   NA 10.5 12.2  9.2 1033.2 1005.2 19.0 10.0 -49.0  -95.6     NA 11.1 
1774/02/16 18:00:00  1.96 0.00   NA 11.8 13.3 10.2 1012.8 1008.8 19.0  9.6 -47.8  -94.3     NA 12.4 
1774/02/17 18:00:00  1.95 0.00   NA 12.2 12.8 10.8 1012.6 1010.7  9.3  9.2 -46.3  -93.9     NA 12.8 
1774/02/18 18:00:00  2.69 0.00   NA 13.1 10.3 12.2 1010.8 1013.8 19.0  8.4 -44.2  -94.0     NA 13.6 
1774/02/19 18:00:00  2.99 0.00   NA 14.7 14.6 13.8 1027.5 1015.8  4.6  7.7 -42.1  -95.3     NA 15.3 
1774/02/20 18:00:00  2.80 0.00   NA 17.5 18.9 16.3 1029.0 1018.9   NA  6.5 -40.0  -94.6     NA 18.0 
1774/02/21 18:00:00  2.72 0.00   NA 19.1 19.7 18.0 1028.8 1019.7   NA  5.8 -37.9  -94.1     NA 19.1 
1774/02/22 18:00:00  2.39 0.00   NA 20.1 20.6 19.0 1030.3 1020.0  4.6  5.6 -36.2  -94.9     NA 19.3 
1774/02/23 18:00:00  2.27 0.00   NA 19.8 20.6 19.1 1030.4 1019.7  4.6  5.7 -36.7  -97.0     NA 19.3 
1774/02/24 19:00:00  1.92 0.00   NA 18.8 21.7 18.2 1023.7 1019.1  9.3  6.0 -37.4  -98.7     NA 18.5 
1774/02/26 01:00:00  2.04 0.00   NA 18.8 20.6 18.0 1013.6 1018.8  4.6  6.1 -37.9 -101.2     NA 18.3 
1774/02/26 19:00:00  2.39 0.00   NA 19.7 18.3 18.4 1015.1 1019.2 19.0  5.9 -36.6 -102.0     NA 18.9 
1774/02/27 19:00:00  2.33 0.00   NA 21.4 20.0 19.4 1021.8 1019.7  4.6  5.6 -34.9 -102.5     NA 20.8 
1774/02/28 19:00:00  2.27 0.00   NA 22.0 21.9 20.1 1021.6 1019.6   NA  5.5 -33.1 -102.4     NA 21.7 
1774/03/01 19:00:00  0.94 0.00   NA 22.6 22.1 20.7 1021.5 1019.5  1.0  5.4 -32.5 -102.8     NA 22.4 
1774/03/02 19:00:00  1.45 0.00   NA 22.9 23.3 21.3 1019.8 1019.5   NA  5.3 -31.4 -102.5     NA 23.1 
1774/03/04 19:00:00  1.24 0.00   NA 23.5 23.6 22.3 1023.0 1019.3  4.6  5.1 -29.9 -101.0     NA 23.5 
1774/03/06 19:00:00  0.36 0.00   NA 23.6 23.3 22.3 1024.7 1019.2   NA  5.1 -29.4 -101.0     NA 23.5 
1774/03/07 19:00:00  1.76 0.00   NA 23.8 23.6 22.7 1024.6 1018.9   NA  5.1 -28.3 -102.0     NA 23.4 
1774/03/08 19:00:00  2.72 0.00   NA 24.2 24.2 23.0 1024.5 1018.7   NA  5.2 -27.1 -104.0     NA 24.0 
1774/03/11 19:00:00  1.93 0.00   NA 24.9 23.9 23.5 1024.5 1018.5  2.6  5.3 -27.2 -109.0     NA 25.0 
1774/03/06 19:00:00    NA   NA   NA   NA   NA   NA     NA     NA   NA   NA    NA     NA     NA   NA 
1774/03/18 19:00:00    NA 0.00   NA 24.8 24.7 23.7 1024.4 1018.1  2.6  5.4 -26.1 -111.5     NA 25.0 
1774/03/20 20:00:00  2.12 0.00   NA 25.5 25.0 24.4 1020.8 1017.0 12.3  5.4 -23.0 -113.0     NA 25.3 
1774/03/21 20:00:00  2.79 0.00   NA 25.7 25.0 24.6 1020.7 1016.2   NA  5.6 -21.0 -114.0     NA 25.7 
1774/03/22 20:00:00  2.41 0.00   NA 26.0 24.7 24.7 1020.6 1015.5   NA  5.9 -19.3 -114.8     NA 26.2 
1774/03/24 20:00:00  1.95 0.00   NA 26.3 24.4 25.3 1018.8 1014.6  4.6  6.0 -17.1 -117.0     NA 26.6 
1774/03/26 20:00:00  2.52 0.00   NA 26.6 25.8 25.6 1017.0 1013.4   NA  6.3 -14.7 -120.2     NA 27.2 
1774/03/29 20:00:00  2.50 0.00   NA 27.1 27.2 26.2 1011.7 1012.1   NA  6.4 -10.2 -124.0     NA 27.5 
1774/03/30 20:00:00  2.78 0.00   NA 27.5 27.1 26.5 1013.4 1011.7   NA  6.2  -9.4 -126.0     NA 27.9 
1774/04/01 21:00:00  2.43 0.00   NA 27.6 27.2 26.8 1010.0 1011.5   NA  6.1  -9.5 -129.9     NA 27.9 
1774/04/03 21:00:00  2.14 0.00   NA 27.9 27.8 27.0 1013.4 1011.3   NA  5.8  -9.5 -133.3     NA 28.6 
1774/04/05 21:00:00  2.11 0.00   NA 28.0 27.9 27.2 1013.4 1011.1   NA  5.5  -9.6 -136.6     NA 28.6 
1774/04/07 03:00:00  1.69 0.00   NA 28.4   NA 27.3     NA 1010.9   NA  5.0  -9.3 -138.3     NA 28.9 
1774/04/07 21:00:00    NA   NA   NA   NA   NA   NA     NA     NA   NA   NA    NA     NA     NA   NA 
1774/06/06 22:00:00    NA 0.00   NA 27.7 28.1 26.3 1013.7 1013.5 19.0  6.3 -16.8 -154.2     NA 26.6 
1774/06/07 22:00:00  1.73 0.00   NA 27.3 27.4 25.7 1008.6 1013.8   NA  6.5 -17.2 -155.6     NA 26.4 
1774/06/08 22:00:00  0.70 0.00   NA 27.2 26.8 25.7 1012.0 1013.8  2.6  6.5 -17.5 -156.0     NA 26.4 
1774/06/09 22:00:00  0.93 0.00   NA 27.1 27.2 25.7 1008.7 1013.8   NA  6.5 -17.8 -156.7     NA 26.4 
1774/06/11 23:00:00  0.86 0.00   NA 27.1 25.3 25.6 1013.7 1013.8  4.6  6.5 -17.8 -158.2     NA 26.7 
1774/06/13 23:00:00  2.13 0.00   NA 26.7 26.7 25.1     NA 1014.2   NA  6.6 -18.8 -161.5     NA 26.1 
1774/06/14 23:00:00  1.56 0.00   NA 26.7 24.2 25.1 1013.8 1014.1  1.0  6.6 -18.6 -162.8     NA 26.1 
1774/06/16 23:00:00  0.42 0.00   NA 26.7   NA 25.0     NA 1014.2   NA  6.7 -18.1 -163.2     NA 26.0 
1774/06/19 23:00:00  1.64 0.00   NA 26.3 25.0 24.8 1030.7 1014.0  4.6  6.9 -18.4 -167.2     NA 26.0 
1774/06/21 23:00:00  1.54 0.00   NA 26.4 25.3 24.8 1017.2 1014.0   NA  7.0 -18.9 -169.7     NA 25.9 
1774/06/25 00:00:00  1.71 0.00   NA 24.9 26.1 23.4 1030.8 1014.6  2.6  6.8 -20.4 -173.7     NA 24.3 
1774/06/27 00:00:00  0.27 0.00   NA 24.8 23.9 23.1 1017.3 1014.6   NA  6.8 -20.4 -174.1     NA 24.1 
1774/06/28 00:00:00  0.53 0.00   NA 24.8   NA 23.1     NA 1014.6   NA  6.8 -20.2 -174.5     NA 24.1 
1774/07/02 00:00:00  0.49 0.00   NA 25.2 23.9 23.4 1018.9 1014.3  4.6  6.9 -19.9 -176.1     NA 24.0 
1774/07/04 00:00:00  1.17 0.00   NA 25.2 23.3 23.5 1018.9 1014.4   NA  6.9 -19.8 -178.0     NA 23.7 
1774/07/06 00:00:00  0.95 0.00   NA 24.4 24.3 22.8 1030.8 1014.8  4.6  6.9 -20.6 -179.3     NA 23.1 
1774/07/06 00:00:00    NA 0.00   NA 24.6 24.4 22.6 1019.0 1014.8  4.6  6.9 -20.9  179.5     NA 23.3 
1774/07/08 00:00:00  1.33 0.00   NA 24.4 25.6 22.6 1017.3 1014.9 19.0  7.0 -20.7  177.3     NA 23.2 
1774/07/09 00:00:00  1.40 0.00   NA 24.3 25.6 22.6 1010.5 1015.0  2.6  7.0 -20.2  176.2     NA 23.3 
1774/07/10 00:00:00  0.93 0.00   NA 24.8 23.8 23.1 1010.5 1014.7 19.0  7.0 -19.9  175.6     NA 24.0 
1774/07/11 00:00:00  1.99 0.00   NA 25.5 23.3 23.7 1010.4 1014.3   NA  7.0 -18.4  175.0     NA 24.3 
1774/07/13 00:00:00  1.58 0.00   NA 26.2 24.4 24.7 1013.7 1013.6  4.6  7.3 -16.4  173.5     NA 25.3 
1774/07/14 00:00:00  1.53 0.00   NA 26.5 25.6 25.2 1013.6 1013.1   NA  7.5 -15.7  172.6     NA 25.8 
1774/07/15 01:00:00  1.68 0.00   NA 26.5 26.4 25.1 1013.6 1013.1  9.3  7.6 -15.2  171.3     NA 25.6 
1774/07/16 01:00:00  2.45 0.00   NA 26.6 26.1 25.1 1013.6 1013.2 19.0  7.7 -15.1  169.3     NA 25.8 
1774/07/08 01:00:00    NA   NA   NA   NA   NA   NA     NA     NA   NA   NA    NA     NA     NA   NA 
1774/10/02 01:00:00    NA 0.00   NA 22.2 19.2 20.7 1010.7 1016.5  4.6  6.0 -23.3  169.6     NA 22.0 
1774/10/03 01:00:00  1.22 0.00   NA 21.7 20.0 20.1 1007.4 1016.8 19.0  6.1 -24.1  170.2     NA 21.2 
1774/10/04 01:00:00  2.02 0.00   NA 21.3 21.1 19.6 1010.8 1017.0   NA  6.1 -25.4  171.1     NA 20.7 
1774/10/06 01:00:00  1.62 0.00   NA 20.2 18.3 18.8 1021.2 1017.4  0.0  6.2 -27.9  171.7     NA 20.0 
1774/10/08 01:00:00  0.81 0.00   NA 19.6 18.3 18.4 1024.6 1017.6  4.6  6.3 -28.4  170.4     NA 19.6 
1774/10/09 01:00:00  1.37 0.00   NA 19.5 18.1 18.5 1024.6 1017.7   NA  6.3 -28.9  169.3     NA 19.7 
1774/10/10 01:00:00  1.52 0.00   NA 19.6 17.8 18.5 1022.9 1017.7   NA  6.4 -28.9  168.0     NA 19.8 
1774/10/12 01:00:00  1.34 0.00   NA 18.0 19.2 16.9 1021.4 1017.8  4.6  6.8 -31.0  167.8     NA 18.2 
1774/10/13 01:00:00  2.52 0.00   NA 17.3 18.6 16.3 1025.0 1017.7  4.6  6.9 -32.9  168.3     NA 17.2 
1774/10/15 01:00:00  2.17 0.00   NA 15.6 18.6 14.8 1015.0 1017.2  9.3  7.4 -35.5  170.9     NA 16.2 
1774/10/16 00:00:00  3.29 0.00   NA 14.7 17.5 14.2 1008.5 1016.0 19.0  7.8 -37.5  172.7     NA 15.1 
1774/10/17 00:00:00  2.65 0.00   NA 13.8 15.0 13.4 1000.2 1014.9 22.6  6.7 -39.4  173.8     NA 14.6 
1774/10/09 00:00:00    NA   NA   NA   NA   NA   NA     NA     NA   NA   NA    NA     NA     NA   NA 
1774/11/15 00:00:00    NA 0.00   NA  9.0 10.6  9.7  995.8 1008.4  4.6  8.4 -47.5  178.3     NA 10.6 
1774/11/16 00:00:00  3.56 0.00   NA  8.3 10.0  9.0  997.7 1006.2 19.0  8.8 -49.6  175.5     NA  9.9 
1774/11/17 00:00:00  2.81 0.00   NA  8.1 10.2  8.8  994.5 1003.2 22.6  9.5 -51.2  173.3     NA  8.8 
1774/11/18 01:00:00  3.16 0.00   NA  7.7 10.3  7.7  998.0 1001.5  4.6  9.9 -52.7  170.0     NA  8.5 
1774/11/19 01:00:00  3.12 0.00   NA  7.0  9.4  6.4  999.8 1000.0 19.0 10.3 -53.7  166.2     NA  7.1 
1774/11/20 01:00:00  3.10 0.00   NA  5.9   NA  4.5     NA  998.6  4.6 10.2 -54.1  162.2     NA  5.5 
1774/11/21 01:00:00  2.21 0.00   NA  4.4  6.4  3.8  977.9  997.2  4.6 10.0 -55.5  160.5     NA  4.4 
1774/11/22 02:00:00  2.40 0.00   NA  4.2  6.7  3.9     NA  997.5  2.6 10.1 -55.8  157.1     NA  4.1 
1774/11/23 02:00:00  0.72 0.00   NA  4.1  6.9  3.6  998.3  997.6  0.0 10.1 -55.8  156.1     NA  3.9 
1774/11/24 02:00:00  1.79 0.00   NA  3.6  7.8  3.0 1010.1  997.9 19.0 10.1 -55.6  153.6     NA  3.5 
1774/11/25 02:00:00  3.10 0.00   NA  3.2  7.5  2.7 1011.8  998.3 19.0  9.9 -55.1  149.5     NA  3.3 
1774/11/26 02:00:00  3.49 0.00   NA  2.3   NA  3.0     NA  998.4 22.6  9.7 -55.1  144.7     NA  1.9 
1774/11/27 03:00:00  4.09 0.00   NA  3.1  6.9  3.5 1010.1  998.1 22.6  9.8 -55.1  138.9     NA  2.7 
1774/11/29 03:00:00  3.41 0.00   NA  3.3  7.5  3.4 1008.4  996.8  2.6  9.8 -55.4  129.7     NA  2.8 
1774/12/01 04:00:00  0.89 0.00   NA  3.2  7.7  3.0 1001.6  996.3  2.6  9.8 -55.6  127.2     NA  2.5 
1774/12/02 04:00:00  1.83 0.00   NA  3.7  7.2  3.4  999.9  997.2  9.3  9.9 -54.9  125.0     NA  2.7 
1774/12/03 04:00:00  1.48 0.00   NA  3.5  7.2  3.3  991.3  996.7   NA  9.9 -54.0  123.8     NA  2.7 
1774/12/04 04:00:00  2.55 0.00   NA  3.7   NA  3.5     NA  997.5 19.0 10.0 -53.2  120.7     NA  3.2 
1774/12/07 05:00:00  3.01 0.00   NA  2.7  8.1  2.1  999.7  996.0   NA  9.9 -53.3  108.8     NA  2.8 
1774/12/10 05:00:00  1.72 0.00   NA  2.0   NA  1.5     NA  994.0 22.6  9.6 -54.0  102.1     NA  3.0 
1774/12/11 06:00:00  3.85 0.00   NA  2.7  6.7  2.7 1008.2  995.5 19.0 10.0 -53.7   96.9     NA  2.8 
1774/12/12 06:00:00  3.18 0.00   NA  3.0  7.2  2.6 1008.2  995.4  4.6 10.1 -53.4   92.7     NA  2.5 
1774/12/14 06:00:00  2.22 0.00   NA  2.6  8.1  2.4     NA  995.4  9.3 10.3 -53.4   86.9     NA  2.6 
1774/12/16 07:00:00  2.74 0.00   NA  1.3  7.8  1.7  987.9  994.8   NA 10.0 -53.4   79.6     NA  1.3 
1774/12/17 07:00:00  2.57 0.00   NA  2.0  8.3  2.5  987.9  994.4   NA 10.1 -53.4   76.3     NA  1.9 
1774/12/10 07:00:00    NA   NA   NA   NA   NA   NA     NA     NA   NA   NA    NA     NA     NA   NA 
1775/01/04 08:00:00    NA 0.00   NA  2.2 10.6  2.2 1037.2  991.9 19.0  9.8 -55.6   62.2     NA  2.6 
1775/01/05 08:00:00  3.21 0.00   NA  1.6  8.3  1.1 1003.5  990.7 19.0  8.6 -57.1   58.8     NA  2.2 
1775/01/06 14:00:00  2.88 0.00   NA  1.1   NA  1.2     NA  990.5 22.6  7.9 -58.2   53.9     NA  1.8 
1775/01/07 08:00:00  3.61 0.00   NA  1.8   NA  1.5     NA  992.1 19.0  8.9 -56.1   53.6     NA  2.0 
1775/01/08 09:00:00  1.48 0.00   NA  1.9  9.4  1.7  999.9  993.1  4.6  9.3 -55.1   52.2     NA  2.1 
1775/01/09 09:00:00  1.28 0.00   NA  2.2   NA  1.8     NA  994.4 19.0  9.5 -54.7   50.7     NA  2.1 
1775/01/10 05:00:00  1.28 0.00   NA  2.3   NA  1.8     NA  994.6  4.6  9.5 -54.4   49.4     NA  2.4 
1775/01/11 09:00:00  2.71 0.00   NA  2.1   NA  1.8     NA  994.6  4.6  9.2 -54.6   45.2     NA  2.3 
1775/01/12 09:00:00  2.27 0.00   NA  2.2   NA  1.7     NA  994.6   NA  9.1 -54.5   42.1     NA  2.1 
1775/01/13 09:00:00  1.45 0.00   NA  2.1  3.9  1.3  988.0  993.6   NA  8.8 -55.1   40.5     NA  1.9 
1775/01/14 09:00:00  1.74 0.00   NA  2.6  3.1  2.3  994.7  995.9  2.6  9.5 -53.9   39.4     NA  2.4 
1775/01/24 15:00:00    NA   NA   NA   NA   NA   NA     NA     NA   NA   NA    NA     NA     NA   NA 
1775/01/26 06:00:00    NA 0.02   NA  2.8   NA  2.9     NA  995.9 19.0 10.0 -53.6   31.2     NA  2.7 
1775/01/27 16:00:00  5.86 0.00   NA  1.4   NA  0.5     NA  988.4  4.6  7.3 -60.0   30.7     NA  0.0 
1775/01/28 10:00:00  1.11 0.00   NA  1.3  2.8  0.3  986.7  988.2   NA  7.4 -60.1   29.4     NA  0.0 
1775/01/30 10:00:00  0.37 0.00   NA  1.5  2.2  0.6  991.8  988.7 19.0  7.9 -59.5   29.6     NA  0.0 
1775/01/31 10:00:00  1.44 0.00   NA  1.4  2.8  0.4  988.4  988.5  4.6  8.0 -59.2   27.4     NA  0.0 
1775/02/01 10:00:00  1.03 0.00   NA  1.5  3.9  0.6  988.3  989.5  2.6  8.5 -58.4   27.3     NA  0.9 
1775/02/02 10:00:00  0.97 0.00   NA  1.7   NA  0.9     NA  990.5   NA  9.0 -57.7   27.0     NA  1.1 
1775/02/04 10:00:00  0.83 0.00   NA  1.6   NA  1.3     NA  991.5  0.0  9.5 -56.7   25.4     NA  1.4 
1775/02/05 10:00:00  1.37 0.00   NA  1.5  3.3  1.1  976.3  990.2 15.4  9.1 -57.1   23.6     NA  1.3 
1775/02/06 11:00:00  1.91 0.00   NA  1.3  2.5  1.1 1003.6  988.9 19.0  8.6 -58.2   21.6     NA  1.1 
1775/02/07 11:00:00  2.57 0.00   NA  1.2  3.1  0.8  983.2  988.9 22.6  8.5 -58.4   17.8     NA  0.8 
1775/02/09 17:00:00  1.48 0.00   NA  1.0   NA  1.3     NA  989.1  0.0  8.4 -58.5   12.8     NA  0.7 
1775/02/10 11:00:00  2.05 0.00   NA  1.1  1.4  1.1  993.4  989.2 19.0  8.3 -58.2   10.6     NA  0.7 
1775/02/12 12:00:00  1.28 0.00   NA  1.0  3.1  1.4  988.3  989.5  1.0  8.4 -58.3    6.7     NA  0.4 
1775/02/13 12:00:00  1.41 0.00   NA  1.2  1.1  1.9     NA  991.0 19.0  8.8 -58.0    4.8     NA  0.3 
1775/02/14 12:00:00  2.87 0.00   NA  1.4  0.3  1.6  979.8  991.6 22.6  8.9 -57.4    0.7     NA  0.9 
1775/02/15 12:00:00  2.62 0.00   NA  1.3  1.9  2.2  991.6  992.2 19.0  9.2 -56.6    4.2     NA  0.5 
1775/02/16 12:00:00  1.96 0.00   NA  1.5  2.5  2.5  981.3  993.4  0.0  9.5 -55.4    5.9     NA  0.9 
1775/02/17 18:00:00  1.20 0.00   NA  1.7   NA  2.3     NA  994.9 19.0  9.9 -54.3    6.5     NA  1.1 
1775/02/18 11:00:00  2.36 0.00   NA  1.6  2.2  2.0 1001.5  994.7 19.0  9.9 -54.4    8.8     NA  1.3 
1775/02/19 11:00:00  2.43 0.00   NA  1.4  1.4  1.4  998.1  994.4 19.0 10.1 -54.4   12.0     NA  1.4 
1775/02/20 11:00:00  0.81 0.00   NA  1.4  1.9  1.4 1010.0  994.4 19.0 10.1 -54.1   13.0     NA  1.5 
1775/02/22 11:00:00  2.16 0.00   NA  1.6   NA  2.2  989.7  994.1  9.3 10.4 -54.4   18.7     NA  1.5 
1775/02/23 11:00:00  2.64 0.00   NA  1.7  2.2  1.9  996.5  992.4   NA 10.4 -55.2   22.0     NA  1.6 
1775/02/24 10:00:00  2.06 0.00   NA  1.9  1.9  2.0  981.2  994.1 19.0 10.7 -54.4   24.4     NA  2.0 
1775/02/25 10:00:00  2.60 0.00   NA  2.5  1.9  2.2  981.1  997.7   NA 11.0 -52.9   26.5     NA  2.2 
1775/02/26 10:00:00  4.00 0.00   NA  3.9  5.0  4.2 1007.9 1001.4 19.0 11.0 -50.1   28.6     NA  3.3 
1775/03/17 16:00:00  0.30 0.00   NA  7.8   NA  7.3     NA 1008.6  4.6  9.9 -46.7   33.3     NA  7.5 
1775/03/02 10:00:00    NA 0.00   NA  8.1  8.3  7.9 1004.2 1007.8 19.0  9.9 -46.5   31.8     NA  7.8 
1775/03/03 16:00:00  1.56 0.00   NA  9.3   NA  8.6     NA 1009.1 19.0  9.4 -45.1   30.8     NA  8.5 
1775/03/04 10:00:00  3.32 0.00   NA 12.2   NA 11.8     NA 1011.0 19.0  8.4 -43.3   29.8     NA 11.0 
1775/03/06 06:00:00  1.62 0.00   NA 10.3 10.0 10.0     NA 1010.0 19.0  8.8 -44.1   26.8     NA 10.1 
1775/03/07 10:00:00  1.85 0.00   NA 13.8 15.0 13.5 1008.9 1011.7 19.0  7.9 -42.4   26.9     NA 12.9 
1775/03/08 10:00:00  0.88 0.00   NA 15.5 16.1 15.0 1013.9 1012.6  4.6  7.5 -41.8   26.4     NA 15.0 
1775/03/10 10:00:00  0.88 0.00   NA 14.1 17.8 12.7 1000.4 1011.7   NA  7.9 -42.1   24.7     NA 13.4 
1775/03/11 10:00:00  1.73 0.00   NA 17.9 15.3 16.1 1008.8 1013.5  4.6  7.2 -40.9   23.8     NA 17.0 
1775/03/13 10:00:00  1.34 0.00   NA 20.3 16.7 18.8 1018.7 1014.3  2.6  6.8 -38.9   23.6     NA 19.0 
1775/03/14 11:00:00  2.37 0.00   NA 21.6 22.2 20.0     NA 1014.5 19.0  6.7 -37.3   22.2     NA 20.3 
1775/03/16 10:00:00  1.39 0.00   NA 21.3 22.5 20.4 1009.9 1015.0   NA  6.2 -35.3   22.8     NA 20.8 
1775/03/17 11:00:00  1.29 0.00   NA 20.5 20.6 20.1     NA 1015.0  2.6  4.2 -34.8   21.7     NA 19.6 
