1911/09/28 12:00:00   NA   NA  NA
1911/09/28 12:00:00   NA   NA  NA
1911/09/28 13:00:00 0.00 0.00 0.00
1911/09/28 17:00:00 0.00 0.00 0.00
1911/09/28 21:00:00 0.00 0.00 0.00
1911/09/29 01:00:00 0.00 0.00 0.00
1911/09/29 05:00:00 0.00 0.00 0.00
1911/09/29 09:00:00 0.00 0.00 0.00
1911/09/29 13:00:00 0.00 0.00 0.00
1911/09/29 17:00:00 0.00 0.00 0.00
1911/09/29 21:00:00 0.00 0.00 0.00
1911/09/30 01:00:00 0.00 0.00 0.00
1911/09/30 05:00:00 0.00 0.00 0.00
1911/09/30 09:00:00 0.00 0.00 0.00
1911/09/30 13:00:00 0.00 0.00 0.00
1911/09/30 17:00:00 0.00 0.00 0.00
1911/09/30 21:00:00 0.00 0.00 0.00
1911/10/01 01:00:00 0.00 0.00 0.00
1911/10/01 05:00:00 0.00 0.00 0.00
1911/10/01 09:00:00 0.00 0.00 0.00
1911/10/01 13:00:00 0.00 0.00 0.00
1911/10/01 17:00:00 0.00 0.00 0.00
1911/10/01 21:00:00 0.00 0.00 0.00
1911/10/02 01:00:00 0.00 0.00 0.00
1911/10/02 05:00:00 0.00 0.00 0.00
1911/10/02 09:00:00 0.00 0.00 0.00
1911/10/02 13:00:00 0.00 0.00 0.00
1911/10/02 17:00:00 0.00 0.00 0.00
1911/10/02 21:00:00 0.00 0.00 0.00
1911/10/03 01:00:00 0.00 0.00 0.00
1911/10/03 05:00:00 0.00 0.00 0.00
1911/10/03 09:00:00 0.00 0.00 0.00
1911/10/03 13:00:00 0.00 0.00 0.00
1911/10/03 17:00:00 0.00 0.00 0.00
1911/10/03 21:00:00 0.00 0.00 0.00
1911/10/04 01:00:00 0.00 0.00 0.00
1911/10/04 05:00:00 0.00 0.00 0.00
1911/10/04 09:00:00 0.00 0.00 0.00
1911/10/04 14:00:00 0.00 0.00 0.00
1911/10/04 18:00:00 0.00 0.00 0.00
1911/10/04 22:00:00 0.00 0.00 0.00
1911/10/05 02:00:00 0.00 0.00 0.00
1911/10/05 06:00:00 0.00 0.00 0.00
1911/10/05 10:00:00 0.00 0.00 0.00
1911/10/05 14:00:00 0.00 0.00 0.00
1911/10/05 18:00:00 0.00 0.00 0.00
1911/10/05 22:00:00 0.00 0.00 0.00
1911/10/06 02:00:00 0.00 0.00 0.00
1911/10/06 06:00:00 0.00 0.00 0.00
1911/10/06 10:00:00 0.00 0.00 0.00
1911/10/06 14:00:00 0.00 0.00 0.00
1911/10/06 18:00:00 0.00 0.00 0.00
1911/10/06 22:00:00 0.00 0.00 0.00
1911/10/07 02:00:00 0.00 0.00 0.00
1911/10/07 06:00:00 0.00 0.00 0.00
1911/10/07 10:00:00 0.00 0.00 0.00
1911/10/07 14:00:00 0.00 0.00 0.00
1911/10/07 18:00:00 0.00 0.00 0.00
1911/10/07 22:00:00 0.00 0.00 0.00
1911/10/08 02:00:00 0.00 0.00 0.00
1911/10/08 06:00:00 0.00 0.00 0.00
1911/10/08 10:00:00 0.00 0.00 0.00
1911/10/08 14:00:00 0.00 0.00 0.00
1911/10/08 18:00:00 0.00 0.00 0.00
1911/10/08 22:00:00 0.00 0.00 0.00
1911/10/09 02:00:00 0.00 0.00 0.00
1911/10/09 06:00:00 0.00 0.00 0.00
1911/10/09 10:00:00 0.00 0.00 0.00
1911/10/09 15:00:00 0.00 0.00 0.00
1911/10/09 19:00:00 0.00 0.00 0.00
1911/10/09 23:00:00 0.00 0.00 0.00
1911/10/10 03:00:00 0.00 0.00 0.00
1911/10/10 07:00:00 0.00 0.00 0.00
1911/10/10 11:00:00 0.00 0.00 0.00
1911/10/10 15:00:00 0.00 0.00 0.00
1911/10/10 19:00:00 0.00 0.00 0.00
1911/10/10 23:00:00 0.00 0.00 0.00
1911/10/11 03:00:00 0.00 0.00 0.00
1911/10/11 07:00:00 0.00 0.00 0.00
1911/10/11 11:00:00 0.00 0.00 0.00
1911/10/11 15:00:00 0.00 0.00 0.00
1911/10/11 19:00:00 0.00 0.00 0.00
1911/10/11 23:00:00 0.00 0.00 0.00
1911/10/12 03:00:00 0.00 0.00 0.00
1911/10/12 07:00:00 0.00 0.00 0.00
1911/10/12 11:00:00 0.00 0.00 0.00
1911/10/12 16:00:00 0.00 0.00 0.00
1911/10/12 20:00:00 0.00 0.00 0.00
1911/10/13 00:00:00 0.00 0.00 0.00
1911/10/13 04:00:00 0.00 0.00 0.00
1911/10/13 08:00:00 0.00 0.00 0.00
1911/10/13 12:00:00 0.00 0.00 0.00
1911/10/13 16:00:00 0.00 0.00 0.00
1911/10/13 20:00:00 0.00 0.00 0.00
1911/10/14 00:00:00 0.00 0.00 0.00
1911/10/14 04:00:00 0.00 0.00 0.00
1911/10/14 08:00:00 0.00 0.00 0.00
1911/10/14 12:00:00 0.00 0.00 0.00
1911/10/14 16:00:00 0.00 0.00 0.00
1911/10/14 20:00:00 0.00 0.00 0.00
1911/10/15 00:00:00 0.00 0.00 0.00
1911/10/15 04:00:00 0.00 0.00 0.00
1911/10/15 08:00:00 0.00 0.00 0.00
1911/10/15 12:00:00 0.00 0.00 0.00
1911/10/15 16:00:00 0.00 0.00 0.00
1911/10/15 20:00:00 0.00 0.00 0.00
1911/10/16 00:00:00 0.00 0.00 0.00
1911/10/16 04:00:00 0.00 0.00 0.00
1911/10/16 08:00:00 0.00 0.00 0.00
1911/10/16 12:00:00 0.00 0.00 0.00
1911/10/16 17:00:00 0.00 0.00 0.00
1911/10/16 21:00:00 0.00 0.00 0.00
1911/10/17 01:00:00 0.00 0.00 0.00
1911/10/17 05:00:00 0.00 0.00 0.00
1911/10/17 09:00:00 0.00 0.00 0.00
1911/10/17 13:00:00 0.00 0.00 0.00
1911/10/17 17:00:00 0.00 0.00 0.00
1911/10/17 21:00:00 0.00 0.00 0.00
1911/10/18 01:00:00 0.00 0.00 0.00
1911/10/18 05:00:00 0.00 0.00 0.00
1911/10/18 09:00:00 0.00 0.00 0.00
1911/10/18 13:00:00 0.00 0.00 0.00
1911/10/18 17:00:00 0.00 0.00 0.00
1911/10/18 21:00:00 0.00 0.00 0.00
1911/10/19 01:00:00 0.00 0.00 0.00
1911/10/19 05:00:00 0.00 0.00 0.00
1911/10/19 09:00:00 0.00 0.00 0.00
1911/10/19 13:00:00 0.00 0.00 0.00
1911/10/19 17:00:00 0.00 0.00 0.00
1911/10/19 21:00:00 0.00 0.00 0.00
1911/10/20 01:00:00 0.00 0.00 0.00
1911/10/20 05:00:00 0.00 0.00 0.00
1911/10/20 09:00:00 0.00 0.00 0.00
1911/10/20 13:00:00 0.00 0.00 0.00
1911/10/20 18:00:00 0.00 0.00 0.00
1911/10/20 22:00:00 0.00 0.00 0.00
1911/10/21 02:00:00 0.00 0.00 0.00
1911/10/21 06:00:00 0.00 0.00 0.00
1911/10/21 10:00:00 0.00 0.00 0.00
1911/10/21 14:00:00 0.00 0.00 0.00
1911/10/21 18:00:00 0.00 0.00 0.00
1911/10/21 22:00:00 0.00 0.00 0.00
1911/10/22 02:00:00 0.00 0.00 0.00
1911/10/22 06:00:00 0.00 0.00 0.00
1911/10/22 10:00:00 0.00 0.00 0.00
1911/10/22 14:00:00 0.00 0.00 0.00
1911/10/22 18:00:00 0.00 0.00 0.00
1911/10/22 22:00:00 0.00 0.00 0.00
1911/10/23 02:00:00 0.00 0.00 0.00
1911/10/23 06:00:00 0.00 0.00 0.00
1911/10/23 10:00:00 0.00 0.00 0.00
1911/10/23 14:00:00 0.00 0.00 0.00
1911/10/23 18:00:00 0.00 0.00 0.00
1911/10/23 22:00:00 0.00 0.00 0.00
1911/10/24 02:00:00 0.00 0.00 0.00
1911/10/24 06:00:00 0.00 0.00 0.00
1911/10/24 10:00:00 0.00 0.00 0.00
1911/10/24 14:00:00 0.00 0.00 0.00
1911/10/24 19:00:00 0.00 0.00 0.00
1911/10/24 23:00:00 0.00 0.00 0.00
1911/10/25 03:00:00 0.00 0.00 0.00
1911/10/25 07:00:00 0.00 0.00 0.00
1911/10/25 11:00:00 0.00 0.00 0.00
1911/10/25 15:00:00 0.00 0.00 0.00
1911/10/25 19:00:00 0.00 0.00 0.00
1911/10/25 23:00:00 0.00 0.00 0.00
1911/10/26 03:00:00 0.00 0.00 0.00
1911/10/26 07:00:00 0.00 0.00 0.00
1911/10/26 11:00:00 0.00 0.00 0.00
1911/10/26 15:00:00 0.00 0.00 0.00
1911/10/26 19:00:00 0.00 0.00 0.00
1911/10/26 23:00:00 0.00 0.00 0.00
1911/10/27 03:00:00 0.00 0.00 0.00
1911/10/27 07:00:00 0.00 0.00 0.00
1911/10/27 11:00:00 0.00 0.00 0.00
1911/10/27 15:00:00 0.00 0.00 0.00
1911/10/27 19:00:00 0.00 0.00 0.00
1911/10/27 23:00:00 0.00 0.00 0.00
1911/10/28 03:00:00 0.00 0.00 0.00
1911/10/28 07:00:00 0.00 0.00 0.00
1911/10/28 11:00:00 0.00 0.00 0.00
1911/10/28 15:00:00 0.00 0.00 0.00
1911/10/28 20:00:00 0.00 0.00 0.00
1911/10/29 00:00:00 0.00 0.00 0.00
1911/10/29 04:00:00 0.00 0.00 0.00
1911/10/29 08:00:00 0.00 0.00 0.00
1911/10/29 12:00:00 0.00 0.00 0.00
1911/10/29 16:00:00 0.00 0.00 0.00
1911/10/29 20:00:00 0.00 0.00 0.00
1911/10/30 00:00:00 0.00 0.00 0.00
1911/10/30 04:00:00 0.00 0.00 0.00
1911/10/30 08:00:00 0.00 0.00 0.00
1911/10/30 12:00:00 0.00 0.00 0.00
1911/10/30 16:00:00 0.00 0.00 0.00
1911/10/30 20:00:00 0.00 0.00 0.00
1911/10/31 00:00:00 0.00 0.00 0.00
1911/10/31 04:00:00 0.00 0.00 0.00
1911/10/31 08:00:00 0.00 0.00 0.00
1911/10/31 12:00:00 0.00 0.00 0.00
1911/10/31 16:00:00 0.00 0.00 0.00
1911/10/31 20:00:00 0.00 0.00 0.00
1911/11/01 00:00:00 0.00 0.00 0.00
1911/11/01 04:00:00 0.00 0.00 0.00
1911/11/01 08:00:00 0.00 0.00 0.00
1911/11/01 12:00:00 0.00 0.00 0.00
1911/11/01 16:00:00 0.00 0.00 0.00
1911/11/01 21:00:00 0.00 0.00 0.00
1911/11/02 01:00:00 0.00 0.00 0.00
1911/11/02 05:00:00 0.00 0.00 0.00
1911/11/02 09:00:00 0.00 0.00 0.00
1911/11/02 13:00:00 0.00 0.00 0.00
1911/11/02 17:00:00 0.00 0.00 0.00
1911/11/02 21:00:00 0.00 0.00 0.00
1911/11/03 01:00:00 0.00 0.00 0.00
1911/11/03 05:00:00 0.00 0.00 0.00
1911/11/03 09:00:00 0.00 0.00 0.00
1911/11/03 13:00:00 0.00 0.00 0.00
1911/11/03 17:00:00 0.00 0.00 0.00
1911/11/03 21:00:00 0.00 0.00 0.00
1911/11/04 01:00:00   NA   NA  NA
1911/11/04 05:00:00   NA   NA  NA
1911/11/04 09:00:00   NA   NA  NA
1911/11/04 13:00:00   NA   NA  NA
1911/11/04 17:00:00   NA   NA  NA
1911/11/04 21:00:00   NA   NA  NA
1911/12/05 22:00:00 0.00 0.00 0.00
1911/12/06 02:00:00 0.00 0.00 0.00
1911/12/06 06:00:00 0.00 0.00 0.00
1911/12/06 10:00:00 0.00 0.00 0.00
1911/12/06 14:00:00 0.00 0.00 0.00
1911/12/06 18:00:00 0.00 0.00 0.00
1911/12/06 22:00:00 0.00 0.00 0.00
1911/12/07 02:00:00 0.00 0.00 0.00
1911/12/07 06:00:00 0.00 0.00 0.00
1911/12/07 10:00:00 0.00 0.00 0.00
1911/12/07 14:00:00 0.00 0.00 0.00
1911/12/07 18:00:00 0.00 0.00 0.00
1911/12/07 22:00:00 0.00 0.00 0.00
1911/12/08 02:00:00 0.00 0.00 0.00
1911/12/08 06:00:00 0.00 0.00 0.00
1911/12/08 10:00:00 0.00 0.00 0.00
1911/12/08 14:00:00 0.00 0.00 0.00
1911/12/08 18:00:00 0.00 0.00 0.00
1911/12/08 22:00:00 0.00 0.00 0.00
1911/12/09 02:00:00 0.00 0.00 0.00
1911/12/09 06:00:00 0.00 0.00 0.00
1911/12/09 10:00:00 0.00 0.00 0.00
1911/12/09 14:00:00 0.00 0.00 0.00
1911/12/09 18:00:00 0.00 0.00 0.00
1911/12/09 22:00:00 0.00 0.00 0.00
1911/12/10 02:00:00 0.00 0.00 0.00
1911/12/10 06:00:00 0.00 0.00 0.00
1911/12/10 10:00:00 0.00 0.00 0.00
1911/12/10 14:00:00 0.00 0.00 0.00
1911/12/10 18:00:00 0.00 0.00 0.00
1911/12/10 22:00:00 0.00 0.00 0.00
1911/12/11 02:00:00 0.00 0.00 0.00
1911/12/11 06:00:00 0.00 0.00 0.00
1911/12/11 10:00:00 0.00 0.00 0.00
1911/12/11 14:00:00 0.00 0.00 0.00
1911/12/11 18:00:00 0.00 0.00 0.00
1911/12/11 22:00:00 0.00 0.00 0.00
1911/12/12 02:00:00 0.00 0.00 0.00
1911/12/12 06:00:00 0.00 0.00 0.00
1911/12/12 10:00:00 0.00 0.00 0.00
1911/12/12 14:00:00 0.00 0.00 0.00
1911/12/12 18:00:00 0.00 0.00 0.00
1911/12/12 22:00:00 0.00 0.00 0.00
1911/12/13 02:00:00 0.00 0.00 0.00
1911/12/13 06:00:00 0.00 0.00 0.00
1911/12/13 10:00:00 0.00 0.00 0.00
1911/12/13 14:00:00 0.00 0.00 0.00
1911/12/13 18:00:00 0.00 0.00 0.00
1911/12/13 22:00:00 0.00 0.00 0.00
1911/12/14 02:00:00 0.00 0.00 0.00
1911/12/14 06:00:00 0.00 0.00 0.00
1911/12/14 10:00:00 0.00 0.00 0.00
1911/12/14 14:00:00 0.00 0.00 0.00
1911/12/14 18:00:00 0.00 0.00 0.00
1911/12/14 22:00:00 0.00 0.00 0.00
1911/12/15 02:00:00 0.00 0.00 0.00
1911/12/15 06:00:00 0.00 0.00 0.00
1911/12/15 10:00:00 0.00 0.00 0.00
1911/12/15 14:00:00 0.00 0.00 0.00
1911/12/15 18:00:00 0.00 0.00 0.00
1911/12/15 22:00:00 0.00 0.00 0.00
1911/12/16 02:00:00 0.00 0.00 0.00
1911/12/16 06:00:00 0.00 0.00 0.00
1911/12/16 10:00:00 0.00 0.00 0.00
1911/12/16 14:00:00 0.00 0.00 0.00
1911/12/16 18:00:00 0.00 0.00 0.00
1911/12/16 22:00:00 0.00 0.00 0.00
1911/12/17 02:00:00 0.00 0.00 0.00
1911/12/17 06:00:00 0.00 0.00 0.00
1911/12/17 10:00:00 0.00 0.00 0.00
1911/12/17 14:00:00 0.00 0.00 0.00
1911/12/17 18:00:00 0.00 0.00 0.00
1911/12/17 22:00:00 0.00 0.00 0.00
1911/12/18 02:00:00 0.00 0.00 0.00
1911/12/18 06:00:00 0.00 0.00 0.00
1911/12/18 10:00:00 0.00 0.00 0.00
1911/12/18 14:00:00 0.00 0.00 0.00
1911/12/18 18:00:00 0.00 0.00 0.00
1911/12/18 22:00:00 0.00 0.00 0.00
1911/12/19 02:00:00 0.00 0.00 0.00
1911/12/19 06:00:00 0.00 0.00 0.00
1911/12/19 10:00:00 0.00 0.00 0.00
1911/12/19 14:00:00 0.00 0.00 0.00
1911/12/19 18:00:00 0.00 0.00 0.00
1911/12/19 22:00:00 0.00 0.00 0.00
1911/12/20 02:00:00 0.00 0.00 0.00
1911/12/20 06:00:00 0.00 0.00 0.00
1911/12/20 10:00:00 0.00 0.00 0.00
1911/12/20 14:00:00 0.00 0.00 0.00
1911/12/20 18:00:00 0.00 0.00 0.00
1911/12/20 22:00:00 0.00 0.00 0.00
1911/12/21 02:00:00 0.00 0.00 0.00
1911/12/21 06:00:00 0.00 0.00 0.00
1911/12/21 10:00:00 0.00 0.00 0.00
1911/12/21 14:00:00 0.00 0.00 0.00
1911/12/21 18:00:00 0.00 0.00 0.00
1911/12/21 22:00:00 0.00 0.00 0.00
1911/12/22 02:00:00 0.00 0.00 0.00
1911/12/22 06:00:00 0.00 0.00 0.00
1911/12/22 10:00:00 0.00 0.00 0.00
1911/12/22 14:00:00 0.00 0.00 0.00
1911/12/22 18:00:00 0.00 0.00 0.00
1911/12/22 22:00:00 0.00 0.00 0.00
1911/12/23 02:00:00 0.00 0.00 0.00
1911/12/23 06:00:00 0.00 0.00 0.00
1911/12/23 10:00:00 0.00 0.00 0.00
1911/12/23 14:00:00 0.00 0.00 0.00
1911/12/23 18:00:00 0.00 0.00 0.00
1911/12/23 22:00:00 0.00 0.00 0.00
1911/12/24 02:00:00 0.00 0.00 0.00
1911/12/24 06:00:00 0.00 0.00 0.00
1911/12/24 10:00:00 0.00 0.00 0.00
1911/12/24 14:00:00 0.00 0.00 0.00
1911/12/24 18:00:00 0.00 0.00 0.00
1911/12/24 22:00:00 0.00 0.00 0.00
1911/12/25 02:00:00 0.00 0.00 0.00
1911/12/25 06:00:00 0.00 0.00 0.00
1911/12/25 10:00:00 0.00 0.00 0.00
1911/12/25 14:00:00 0.00 0.00 0.00
1911/12/25 18:00:00 0.00 0.00 0.00
1911/12/25 22:00:00 0.00 0.00 0.00
1911/12/26 02:00:00 0.00 0.00 0.00
1911/12/26 06:00:00 0.00 0.00 0.00
1911/12/26 10:00:00 0.00 0.00 0.00
1911/12/26 14:00:00 0.00 0.00 0.00
1911/12/26 18:00:00 0.00 0.00 0.00
1911/12/26 22:00:00 0.00 0.00 0.00
1911/12/27 02:00:00 0.00 0.00 0.00
1911/12/27 06:00:00 0.00 0.00 0.00
1911/12/27 10:00:00 0.00 0.00 0.00
1911/12/27 14:00:00 0.00 0.00 0.00
1911/12/27 18:00:00 0.00 0.00 0.00
1911/12/27 22:00:00 0.00 0.00 0.00
1911/12/28 02:00:00 0.00 0.00 0.00
1911/12/28 06:00:00 0.00 0.00 0.00
1911/12/28 10:00:00 0.00 0.00 0.00
1911/12/28 14:00:00 0.00 0.05 0.00
1911/12/28 18:00:00 0.00 0.05 0.00
1911/12/28 22:00:00 0.00 0.05 0.00
1911/12/29 02:00:00 0.00 0.32 0.03
1911/12/29 06:00:00 0.00 0.20 0.02
1911/12/29 10:00:00 0.00 0.20 0.02
1911/12/29 14:00:00 0.00 0.53 0.08
1911/12/29 18:00:00 0.00 0.53 0.08
1911/12/29 22:00:00 0.00 0.53 0.08
1911/12/30 02:00:00 0.00 0.81 0.19
1911/12/30 06:00:00 0.00 0.81 0.19
1911/12/30 10:00:00 0.00 0.81 0.19
1911/12/30 14:00:00 0.00 0.81 0.19
1911/12/30 18:00:00 0.00 0.91 0.46
1911/12/30 22:00:00 0.00 0.91 0.46
1911/12/31 02:00:00 0.00 0.90 0.45
1911/12/31 06:00:00 0.00 0.91 0.46
1911/12/31 10:00:00 0.00 0.91 0.46
1911/12/31 14:00:00 0.00 0.91 0.46
1911/12/31 18:00:00 0.00 0.91 0.46
1911/12/31 22:00:00 0.00 0.91 0.46
1912/01/01 02:00:00 0.02 0.98 0.43
1912/01/01 06:00:00 0.03 0.97 0.43
1912/01/01 10:00:00 0.03 0.95 0.46
1912/01/01 14:00:00 0.03 0.95 0.46
1912/01/01 18:00:00 0.07 0.89 0.52
1912/01/01 22:00:00 0.04 0.85 0.48
1912/01/02 02:00:00 0.04 0.86 0.48
1912/01/02 06:00:00 0.00 0.77 0.45
1912/01/02 10:00:00 0.00 0.70 0.39
1912/01/02 14:00:00 0.00 0.70 0.39
1912/01/02 18:00:00 0.00 0.64 0.32
1912/01/02 21:00:00 0.00 0.51 0.22
1912/01/03 01:00:00 0.00 0.51 0.21
1912/01/03 05:00:00 0.00 0.46 0.17
1912/01/03 09:00:00 0.00 0.38 0.11
1912/01/03 13:00:00 0.00 0.26 0.06
1912/01/03 17:00:00 0.00 0.26 0.06
1912/01/03 21:00:00 0.00 0.21 0.04
1912/01/04 01:00:00 0.00 0.21 0.04
1912/01/04 05:00:00 0.00 0.21 0.04
1912/01/04 09:00:00 0.00 0.21 0.04
1912/01/04 13:00:00 0.00 0.21 0.04
1912/01/04 17:00:00 0.00 0.21 0.04
1912/01/04 21:00:00 0.00 0.21 0.04
1912/01/05 01:00:00 0.00 0.22 0.04
1912/01/05 05:00:00 0.00 0.22 0.04
1912/01/05 09:00:00 0.00 0.22 0.04
1912/01/05 13:00:00 0.00 0.22 0.04
1912/01/05 17:00:00 0.00 0.22 0.04
1912/01/05 21:00:00 0.00 0.28 0.05
1912/01/06 01:00:00 0.00 0.28 0.05
1912/01/06 05:00:00 0.00 0.28 0.05
1912/01/06 09:00:00 0.01 0.45 0.16
1912/01/06 13:00:00 0.01 0.45 0.16
1912/01/06 17:00:00 0.01 0.45 0.16
1912/01/06 21:00:00 0.01 0.45 0.16
1912/01/07 01:00:00 0.00 0.44 0.15
1912/01/07 05:00:00 0.00 0.44 0.15
1912/01/07 09:00:00 0.00 0.44 0.15
1912/01/07 13:00:00 0.00 0.44 0.15
1912/01/07 17:00:00 0.00 0.44 0.15
1912/01/07 21:00:00 0.00 0.44 0.15
1912/01/08 01:00:00 0.00 0.44 0.15
1912/01/08 05:00:00 0.00 0.44 0.15
1912/01/08 09:00:00 0.00 0.44 0.15
1912/01/08 13:00:00 0.00 0.39 0.12
1912/01/08 17:00:00 0.00 0.39 0.12
1912/01/08 21:00:00 0.00 0.39 0.12
1912/01/09 01:00:00 0.00 0.39 0.12
1912/01/09 05:00:00 0.00 0.41 0.13
1912/01/09 09:00:00 0.00 0.41 0.13
1912/01/09 13:00:00 0.00 0.41 0.13
1912/01/09 17:00:00 0.00 0.41 0.13
1912/01/09 21:00:00 0.00 0.41 0.13
1912/01/10 01:00:00 0.00 0.41 0.13
1912/01/10 05:00:00 0.00 0.41 0.13
1912/01/10 09:00:00 0.00 0.41 0.13
1912/01/10 13:00:00 0.00 0.41 0.13
1912/01/10 17:00:00 0.00 0.41 0.13
1912/01/10 21:00:00 0.00 0.41 0.13
1912/01/11 01:00:00 0.00 0.40 0.13
1912/01/11 05:00:00 0.00 0.40 0.13
1912/01/11 09:00:00 0.00 0.40 0.13
1912/01/11 13:00:00 0.00 0.40 0.13
1912/01/11 17:00:00 0.00 0.40 0.13
1912/01/11 21:00:00 0.00 0.40 0.13
1912/01/12 01:00:00 0.00 0.40 0.12
1912/01/12 05:00:00 0.00 0.40 0.12
1912/01/12 09:00:00 0.00 0.40 0.12
1912/01/12 13:00:00 0.00 0.40 0.12
1912/01/12 17:00:00 0.00 0.40 0.12
1912/01/12 21:00:00 0.00 0.40 0.12
1912/01/13 01:00:00 0.00 0.40 0.12
1912/01/13 05:00:00 0.00 0.40 0.12
1912/01/13 09:00:00 0.00 0.40 0.12
1912/01/13 13:00:00 0.00 0.40 0.12
1912/01/13 17:00:00 0.00 0.40 0.12
1912/01/13 21:00:00 0.00 0.40 0.12
1912/01/14 01:00:00 0.00 0.39 0.11
1912/01/14 05:00:00 0.00 0.39 0.11
1912/01/14 09:00:00 0.00 0.39 0.11
1912/01/14 13:00:00 0.00 0.39 0.11
1912/01/14 17:00:00 0.00 0.39 0.11
1912/01/14 21:00:00 0.00 0.39 0.11
1912/01/15 01:00:00 0.00 0.39 0.11
1912/01/15 05:00:00 0.00 0.39 0.11
1912/01/15 09:00:00 0.00 0.39 0.11
1912/01/15 13:00:00 0.00 0.39 0.11
1912/01/15 17:00:00 0.00 0.39 0.11
1912/01/15 21:00:00 0.00 0.39 0.11
1912/01/16 01:00:00 0.00 0.38 0.11
1912/01/16 05:00:00 0.00 0.38 0.11
1912/01/16 09:00:00 0.00 0.38 0.11
1912/01/16 13:00:00 0.00 0.38 0.11
1912/01/16 17:00:00 0.00 0.38 0.11
1912/01/16 21:00:00 0.00 0.38 0.11
1912/01/17 01:00:00 0.00 0.38 0.10
1912/01/17 05:00:00 0.00 0.38 0.10
1912/01/17 09:00:00 0.00 0.38 0.10
1912/01/17 13:00:00 0.00 0.38 0.10
1912/01/17 17:00:00 0.00 0.38 0.10
1912/01/17 21:00:00 0.00 0.38 0.10
1912/01/18 01:00:00 0.00 0.37 0.10
1912/01/18 05:00:00 0.00 0.37 0.10
1912/01/18 09:00:00 0.00 0.37 0.10
1912/01/18 13:00:00 0.00 0.37 0.10
1912/01/18 17:00:00 0.00 0.37 0.10
1912/01/18 21:00:00 0.00 0.37 0.10
1912/01/19 01:00:00 0.00 0.37 0.09
1912/01/19 05:00:00 0.00 0.37 0.09
1912/01/19 09:00:00 0.00 0.37 0.09
1912/01/19 13:00:00 0.00 0.37 0.09
1912/01/19 17:00:00 0.00 0.37 0.09
1912/01/19 21:00:00 0.00 0.37 0.09
1912/01/20 01:00:00 0.00 0.36 0.09
1912/01/20 05:00:00 0.00 0.36 0.09
1912/01/20 09:00:00 0.00 0.36 0.09
1912/01/20 13:00:00 0.00 0.48 0.09
1912/01/20 17:00:00 0.00 0.97 0.15
1912/01/20 21:00:00 0.00 0.97 0.15
1912/01/21 01:00:00 0.00 0.95 0.14
1912/01/21 05:00:00 0.06 0.99 0.36
1912/01/21 09:00:00 0.06 0.99 0.36
1912/01/21 13:00:00 0.00 0.61 0.11
1912/01/21 17:00:00 0.00 0.61 0.11
1912/01/21 21:00:00 0.00 0.61 0.11
1912/01/22 01:00:00 0.00 0.77 0.27
1912/01/22 05:00:00 0.00 0.88 0.39
1912/01/22 09:00:00 0.00 0.88 0.39
1912/01/22 13:00:00 0.00 0.95 0.58
1912/01/22 17:00:00 0.00 0.94 0.58
1912/01/22 21:00:00 0.00 0.94 0.58
1912/01/23 01:00:00 0.00 0.94 0.52
1912/01/23 05:00:00 0.00 0.94 0.52
1912/01/23 09:00:00 0.09 0.70 0.27
1912/01/23 13:00:00 0.09 0.70 0.27
1912/01/23 17:00:00 0.00 0.82 0.25
1912/01/23 20:00:00 0.00 0.82 0.25
1912/01/24 00:00:00 0.00 0.81 0.25
1912/01/24 04:00:00 0.00 0.81 0.25
1912/01/24 08:00:00 0.00 0.81 0.25
1912/01/24 12:00:00 0.00 0.81 0.25
1912/01/24 16:00:00 0.00 0.81 0.25
1912/01/24 20:00:00 0.00 0.81 0.25
1912/01/25 00:00:00 0.00 0.91 0.36
1912/01/25 04:00:00 0.00 0.91 0.36
1912/01/25 08:00:00 0.08 1.00 0.54
1912/01/25 12:00:00 0.08 1.00 0.54
1912/01/25 16:00:00 0.00 1.00 0.53
1912/01/25 20:00:00 0.00 1.00 0.53
1912/01/26 00:00:00 0.00 1.00 0.52
1912/01/26 04:00:00 0.00 1.00 0.52
1912/01/26 08:00:00 0.00 1.00 0.52
1912/01/26 12:00:00 0.00 0.28 0.06
1912/01/26 16:00:00 0.00 0.28 0.06
1912/01/26 20:00:00 0.00 0.28 0.06
1912/01/27 00:00:00 0.00 0.18 0.04
1912/01/27 04:00:00 0.00 0.18 0.04
1912/01/27 08:00:00 0.00 0.18 0.04
1912/01/27 12:00:00 0.00 0.26 0.06
1912/01/27 16:00:00 0.00 0.26 0.06
1912/01/27 20:00:00 0.00 0.26 0.06
1912/01/28 00:00:00 0.00 0.26 0.06
1912/01/28 04:00:00 0.00 0.26 0.06
1912/01/28 08:00:00 0.00 0.26 0.06
1912/01/28 12:00:00 0.00 0.26 0.06
1912/01/28 16:00:00 0.00 0.26 0.06
1912/01/28 20:00:00 0.00 0.26 0.06
1912/01/29 00:00:00 0.00 0.25 0.05
1912/01/29 04:00:00 0.00 0.25 0.05
1912/01/29 08:00:00 0.00 0.25 0.05
1912/01/29 12:00:00 0.00 0.25 0.05
1912/01/29 16:00:00 0.00 0.25 0.05
1912/01/29 20:00:00 0.00 0.25 0.05
1912/01/30 00:00:00 0.28 0.90 0.67
1912/01/30 04:00:00 0.28 0.90 0.67
1912/01/30 08:00:00 0.28 0.90 0.67
1912/01/30 12:00:00 0.34 0.84 0.60
1912/01/30 16:00:00 0.34 0.84 0.60
1912/01/30 20:00:00 0.34 0.84 0.60
1912/01/31 00:00:00 0.24 0.78 0.49
1912/01/31 04:00:00 0.17 0.79 0.43
1912/01/31 08:00:00 0.02 0.91 0.45
1912/01/31 12:00:00 0.05 0.93 0.40
1912/01/31 16:00:00 0.00 0.94 0.36
1912/01/31 19:00:00 0.00 1.00 0.50
1912/01/31 23:00:00 0.00 1.00 0.50
1912/02/01 03:00:00 0.00 1.00 0.49
1912/02/01 07:00:00 0.00 1.00 0.63
1912/02/01 11:00:00 0.00 1.00 0.63
1912/02/01 15:00:00 0.08 0.94 0.67
1912/02/01 19:00:00 0.00 0.81 0.12
1912/02/01 23:00:00 0.00 0.81 0.12
1912/02/02 03:00:00 0.00 0.57 0.06
1912/02/02 07:00:00 0.00 0.33 0.03
1912/02/02 11:00:00 0.02 0.70 0.33
1912/02/02 15:00:00 0.00 0.75 0.27
1912/02/02 19:00:00 0.03 0.61 0.30
1912/02/02 23:00:00 0.03 0.61 0.30
1912/02/03 03:00:00 0.02 0.60 0.29
1912/02/03 07:00:00 0.00 0.67 0.36
1912/02/03 11:00:00 0.00 0.67 0.36
1912/02/03 15:00:00 0.00 0.67 0.36
1912/02/03 19:00:00 0.00 0.67 0.36
1912/02/03 23:00:00 0.00 0.79 0.34
1912/02/04 03:00:00 0.00 0.80 0.33
1912/02/04 07:00:00 0.00 0.80 0.33
1912/02/04 11:00:00 0.00 0.80 0.33
1912/02/04 15:00:00 0.00 0.94 0.30
1912/02/04 19:00:00 0.00 0.94 0.30
1912/02/04 23:00:00 0.00 0.94 0.30
1912/02/05 03:00:00 0.00 1.00 0.37
1912/02/05 07:00:00 0.00 1.00 0.37
1912/02/05 11:00:00 0.00 1.00 0.37
1912/02/05 15:00:00 0.00 1.00 0.53
1912/02/05 19:00:00 0.00 1.00 0.53
1912/02/05 23:00:00 0.00 1.00 0.53
1912/02/06 03:00:00 0.00 0.95 0.12
1912/02/06 07:00:00 0.00 0.95 0.12
1912/02/06 11:00:00 0.00 0.95 0.12
1912/02/06 15:00:00 0.00 0.95 0.12
1912/02/06 19:00:00 0.00 0.95 0.12
1912/02/06 23:00:00 0.00 0.76 0.13
1912/02/07 03:00:00 0.00 0.76 0.13
1912/02/07 07:00:00 0.00 0.74 0.16
1912/02/07 11:00:00 0.00 0.86 0.18
1912/02/07 15:00:00 0.00 0.95 0.31
1912/02/07 18:00:00 0.00 0.95 0.31
1912/02/07 22:00:00 0.00 1.00 0.34
1912/02/08 02:00:00 0.00 1.00 0.47
1912/02/08 06:00:00 0.00 1.00 0.47
1912/02/08 10:00:00 0.00 1.00 0.56
1912/02/08 14:00:00 0.00 1.00 0.56
1912/02/08 18:00:00 0.00 1.00 0.56
1912/02/08 22:00:00 0.29 0.94 0.60
1912/02/09 02:00:00 0.30 0.94 0.59
1912/02/09 06:00:00 0.30 0.94 0.59
1912/02/09 10:00:00 0.30 0.94 0.59
1912/02/09 14:00:00 0.30 0.94 0.59
1912/02/09 18:00:00 0.30 0.94 0.59
1912/02/09 22:00:00 0.30 0.94 0.59
1912/02/10 02:00:00 0.31 0.93 0.59
1912/02/10 06:00:00 0.31 0.93 0.59
1912/02/10 10:00:00 0.31 0.93 0.59
1912/02/10 14:00:00 0.31 0.93 0.59
1912/02/10 18:00:00 0.31 0.93 0.59
1912/02/10 22:00:00 0.31 0.93 0.59
1912/02/11 02:00:00 0.31 0.93 0.58
1912/02/11 06:00:00 0.31 0.93 0.58
1912/02/11 10:00:00 0.31 0.93 0.58
1912/02/11 14:00:00 0.31 0.93 0.58
1912/02/11 18:00:00 0.31 0.93 0.58
1912/02/11 22:00:00 0.28 0.83 0.49
1912/02/12 02:00:00 0.28 0.82 0.48
1912/02/12 06:00:00 0.02 0.79 0.40
1912/02/12 10:00:00 0.02 0.79 0.40
1912/02/12 14:00:00 0.02 0.79 0.40
1912/02/12 18:00:00 0.00 0.63 0.21
1912/02/12 22:00:00 0.00 0.63 0.21
1912/02/13 02:00:00 0.00 0.56 0.20
1912/02/13 06:00:00 0.00 0.56 0.20
1912/02/13 10:00:00 0.00 0.56 0.20
1912/02/13 14:00:00 0.00 0.56 0.20
1912/02/13 18:00:00 0.00 0.56 0.20
1912/02/13 22:00:00 0.00 0.56 0.20
1912/02/14 02:00:00 0.00 0.87 0.21
1912/02/14 06:00:00 0.00 0.87 0.21
1912/02/14 10:00:00 0.00 0.87 0.21
1912/02/14 14:00:00 0.00 0.87 0.21
1912/02/14 18:00:00 0.00 0.87 0.21
1912/02/14 22:00:00 0.00 0.87 0.21
1912/02/15 02:00:00 0.00 0.87 0.21
1912/02/15 06:00:00 0.00 0.87 0.21
1912/02/15 10:00:00 0.00 0.87 0.21
1912/02/15 14:00:00 0.00 0.87 0.21
1912/02/15 18:00:00 0.00 0.87 0.21
1912/02/15 22:00:00 0.00 0.81 0.38
1912/02/16 02:00:00 0.00 0.80 0.38
1912/02/16 06:00:00 0.00 0.80 0.38
1912/02/16 10:00:00 0.00 0.80 0.38
1912/02/16 14:00:00 0.00 0.80 0.38
1912/02/16 18:00:00 0.00 0.80 0.38
1912/02/16 22:00:00 0.00 0.80 0.38
1912/02/17 02:00:00 0.00 0.79 0.37
1912/02/17 06:00:00 0.00 0.79 0.37
1912/02/17 10:00:00 0.00 0.79 0.37
1912/02/17 14:00:00 0.00 0.79 0.37
1912/02/17 18:00:00 0.00 0.79 0.37
1912/02/17 22:00:00 0.00 0.79 0.37
1912/02/18 02:00:00 0.00 0.78 0.36
1912/02/18 06:00:00 0.00 0.78 0.36
1912/02/18 10:00:00 0.00 0.78 0.36
1912/02/18 14:00:00 0.00 0.78 0.36
1912/02/18 18:00:00 0.00 0.78 0.36
1912/02/18 22:00:00 0.00 0.78 0.36
1912/02/19 02:00:00 0.00 0.77 0.35
1912/02/19 06:00:00 0.00 0.77 0.35
1912/02/19 10:00:00 0.00 0.77 0.35
1912/02/19 14:00:00 0.00 0.77 0.35
1912/02/19 18:00:00 0.00 0.77 0.35
1912/02/19 22:00:00 0.00 0.77 0.35
1912/02/20 02:00:00 0.00 0.76 0.35
1912/02/20 06:00:00 0.00 0.76 0.35
1912/02/20 10:00:00 0.00 0.76 0.35
1912/02/20 14:00:00 0.00 0.76 0.35
1912/02/20 18:00:00 0.00 0.76 0.35
1912/02/20 22:00:00 0.00 0.76 0.35
1912/02/21 02:00:00 0.00 0.75 0.34
1912/02/21 06:00:00 0.00 0.75 0.34
1912/02/21 10:00:00 0.00 0.75 0.34
1912/02/21 14:00:00 0.00 0.75 0.34
1912/02/21 18:00:00 0.00 0.75 0.34
1912/02/21 22:00:00 0.00 0.75 0.34
1912/02/22 02:00:00 0.00 0.74 0.34
1912/02/22 06:00:00 0.00 0.74 0.34
1912/02/22 10:00:00 0.01 0.67 0.33
1912/02/22 14:00:00 0.01 0.67 0.33
1912/02/22 18:00:00 0.01 0.67 0.33
1912/02/22 22:00:00 0.23 0.77 0.41
1912/02/23 02:00:00 0.22 0.77 0.41
1912/02/23 06:00:00 0.00 0.38 0.05
1912/02/23 10:00:00 0.00 0.38 0.05
1912/02/23 14:00:00 0.00 0.38 0.05
1912/02/23 18:00:00 0.00 0.38 0.05
1912/02/23 22:00:00 0.00 0.38 0.05
1912/02/24 02:00:00 0.00 0.39 0.06
1912/02/24 06:00:00 0.00 0.39 0.06
1912/02/24 10:00:00 0.00 0.02 0.01
1912/02/24 14:00:00 0.00 0.02 0.01
1912/02/24 18:00:00 0.00 0.02 0.01
1912/02/24 22:00:00 0.00 0.03 0.01
1912/02/25 02:00:00 0.00 0.03 0.01
1912/02/25 06:00:00 0.00 0.03 0.01
1912/02/25 10:00:00 0.00 0.04 0.01
1912/02/25 14:00:00 0.00 0.04 0.01
1912/02/25 18:00:00 0.00 0.04 0.01
1912/02/25 22:00:00 0.00 0.03 0.01
1912/02/26 02:00:00 0.00 0.01 0.00
1912/02/26 06:00:00 0.00 0.01 0.00
1912/02/26 10:00:00 0.00 0.01 0.00
1912/02/26 14:00:00 0.00 0.01 0.00
1912/02/26 19:00:00 0.00 0.01 0.00
1912/02/26 23:00:00 0.00 0.00 0.00
1912/02/27 03:00:00 0.00 0.02 0.00
1912/02/27 07:00:00 0.00 0.00 0.00
1912/02/27 11:00:00 0.00 0.00 0.00
1912/02/27 15:00:00 0.00 0.00 0.00
1912/02/27 19:00:00 0.00 0.00 0.00
1912/02/27 23:00:00 0.00 0.00 0.00
1912/02/28 03:00:00 0.00 0.00 0.00
1912/02/28 07:00:00 0.00 0.00 0.00
1912/02/28 11:00:00 0.00 0.00 0.00
1912/02/28 15:00:00 0.00 0.00 0.00
1912/02/28 19:00:00 0.00 0.00 0.00
1912/02/28 23:00:00 0.00 0.00 0.00
1912/02/29 03:00:00 0.00 0.00 0.00
1912/02/29 07:00:00 0.00 0.00 0.00
1912/02/29 11:00:00 0.00 0.00 0.00
1912/02/29 15:00:00 0.00 0.00 0.00
1912/02/29 20:00:00 0.00 0.00 0.00
1912/03/01 00:00:00 0.00 0.00 0.00
1912/03/01 04:00:00 0.00 0.00 0.00
1912/03/01 08:00:00 0.00 0.00 0.00
1912/03/01 12:00:00 0.00 0.00 0.00
1912/03/01 16:00:00 0.00 0.00 0.00
1912/03/01 20:00:00 0.00 0.00 0.00
1912/03/02 00:00:00 0.00 0.00 0.00
1912/03/02 04:00:00 0.00 0.00 0.00
1912/03/02 08:00:00 0.00 0.00 0.00
1912/03/02 12:00:00 0.00 0.00 0.00
1912/03/02 16:00:00 0.00 0.00 0.00
1912/03/02 20:00:00 0.00 0.00 0.00
1912/03/03 00:00:00 0.00 0.00 0.00
1912/03/03 04:00:00 0.00 0.00 0.00
1912/03/03 08:00:00 0.00 0.00 0.00
1912/03/03 12:00:00 0.00 0.00 0.00
1912/03/03 16:00:00 0.00 0.00 0.00
1912/03/03 20:00:00 0.00 0.00 0.00
1912/03/04 00:00:00 0.00 0.00 0.00
1912/03/04 04:00:00 0.00 0.00 0.00
1912/03/04 08:00:00 0.00 0.00 0.00
1912/03/04 12:00:00 0.00 0.00 0.00
1912/03/04 16:00:00 0.00 0.00 0.00
1912/03/04 20:00:00 0.00 0.00 0.00
1912/03/05 00:00:00 0.00 0.00 0.00
1912/03/05 04:00:00 0.00 0.00 0.00
1912/03/05 08:00:00 0.00 0.00 0.00
1912/03/05 12:00:00 0.00 0.00 0.00
1912/03/05 16:00:00 0.00 0.00 0.00
1912/03/05 20:00:00 0.00 0.00 0.00
1912/03/06 00:00:00 0.00 0.00 0.00
1912/03/06 04:00:00 0.00 0.00 0.00
1912/03/06 08:00:00 0.00 0.00 0.00
1912/03/06 12:00:00 0.00 0.00 0.00
1912/03/06 16:00:00 0.00 0.00 0.00
1912/03/06 21:00:00 0.00 0.00 0.00
1912/03/07 01:00:00 0.00 0.00 0.00
1912/03/07 05:00:00 0.00 0.00 0.00
1912/03/07 09:00:00 0.00 0.00 0.00
1912/03/07 13:00:00 0.00 0.00 0.00
1912/03/07 17:00:00 0.00 0.00 0.00
1912/03/07 21:00:00 0.00 0.00 0.00
1912/03/08 01:00:00 0.00 0.00 0.00
1912/03/08 05:00:00 0.00 0.00 0.00
1912/03/08 09:00:00 0.00 0.00 0.00
1912/03/08 13:00:00 0.00 0.00 0.00
1912/03/08 17:00:00 0.00 0.00 0.00
1912/03/08 21:00:00 0.00 0.00 0.00
1912/03/09 01:00:00 0.00 0.00 0.00
1912/03/09 05:00:00 0.00 0.00 0.00
1912/03/09 09:00:00 0.00 0.00 0.00
1912/03/09 13:00:00 0.00 0.00 0.00
1912/03/09 17:00:00 0.00 0.00 0.00
1912/03/09 21:00:00 0.00 0.00 0.00
1912/03/10 01:00:00 0.00 0.00 0.00
1912/03/10 05:00:00 0.00 0.00 0.00
1912/03/10 09:00:00 0.00 0.00 0.00
1912/03/10 13:00:00 0.00 0.00 0.00
1912/03/10 17:00:00 0.00 0.00 0.00
1912/03/10 21:00:00 0.00 0.00 0.00
1912/03/11 01:00:00   NA   NA  NA
1912/03/11 05:00:00   NA   NA  NA
1912/03/11 09:00:00   NA   NA  NA
1912/03/11 13:00:00   NA   NA  NA
1912/03/11 17:00:00   NA   NA  NA
1912/03/11 21:00:00   NA   NA  NA
1912/03/12 01:00:00   NA   NA  NA
1912/03/12 05:00:00   NA   NA  NA
1912/03/12 09:00:00   NA   NA  NA
1912/03/12 13:00:00   NA   NA  NA
1912/03/12 17:00:00   NA   NA  NA
1912/03/12 21:00:00   NA   NA  NA
1912/05/19 22:00:00 0.00 0.00 0.00
1912/05/20 02:00:00 0.00 0.00 0.00
1912/05/20 06:00:00 0.00 0.00 0.00
1912/05/20 10:00:00 0.00 0.00 0.00
1912/05/20 14:00:00 0.00 0.00 0.00
1912/05/20 18:00:00 0.00 0.00 0.00
1912/05/20 22:00:00 0.00 0.00 0.00
1912/05/21 02:00:00 0.00 0.00 0.00
1912/05/21 06:00:00 0.00 0.00 0.00
1912/05/21 10:00:00 0.00 0.00 0.00
1912/05/21 14:00:00 0.00 0.00 0.00
1912/05/21 18:00:00 0.00 0.00 0.00
1912/05/21 21:00:00 0.00 0.00 0.00
1912/05/22 01:00:00 0.00 0.00 0.00
1912/05/22 05:00:00 0.00 0.00 0.00
1912/05/22 09:00:00 0.00 0.00 0.00
1912/05/22 13:00:00 0.00 0.00 0.00
1912/05/22 17:00:00 0.00 0.00 0.00
1912/05/22 21:00:00 0.00 0.00 0.00
1912/05/23 01:00:00 0.00 0.00 0.00
1912/05/23 05:00:00 0.00 0.00 0.00
1912/05/23 09:00:00 0.00 0.00 0.00
1912/05/23 13:00:00 0.00 0.00 0.00
1912/05/23 17:00:00 0.00 0.00 0.00
1912/05/23 21:00:00 0.00 0.00 0.00
1912/05/24 01:00:00 0.00 0.00 0.00
1912/05/24 05:00:00 0.00 0.00 0.00
1912/05/24 09:00:00 0.00 0.00 0.00
1912/05/24 13:00:00 0.00 0.00 0.00
1912/05/24 17:00:00 0.00 0.00 0.00
1912/05/24 21:00:00 0.00 0.00 0.00
1912/05/25 01:00:00 0.00 0.00 0.00
1912/05/25 05:00:00 0.00 0.00 0.00
1912/05/25 09:00:00 0.00 0.00 0.00
1912/05/25 13:00:00 0.00 0.00 0.00
1912/05/25 17:00:00 0.00 0.00 0.00
1912/05/25 21:00:00 0.00 0.00 0.00
1912/05/26 01:00:00 0.00 0.00 0.00
1912/05/26 05:00:00 0.00 0.00 0.00
1912/05/26 09:00:00 0.00 0.00 0.00
1912/05/26 13:00:00 0.00 0.00 0.00
1912/05/26 17:00:00 0.00 0.00 0.00
1912/05/26 21:00:00 0.00 0.00 0.00
1912/05/27 01:00:00 0.00 0.00 0.00
1912/05/27 05:00:00 0.00 0.00 0.00
1912/05/27 09:00:00 0.00 0.00 0.00
1912/05/27 13:00:00 0.00 0.00 0.00
1912/05/27 17:00:00 0.00 0.00 0.00
1912/05/27 21:00:00 0.00 0.00 0.00
1912/05/28 01:00:00 0.00 0.00 0.00
1912/05/28 05:00:00 0.00 0.00 0.00
1912/05/28 09:00:00 0.00 0.00 0.00
1912/05/28 13:00:00 0.00 0.00 0.00
1912/05/28 17:00:00 0.00 0.00 0.00
1912/05/28 21:00:00 0.00 0.00 0.00
1912/05/29 01:00:00 0.00 0.00 0.00
1912/05/29 05:00:00 0.00 0.00 0.00
1912/05/29 09:00:00 0.00 0.00 0.00
1912/05/29 13:00:00 0.00 0.00 0.00
1912/05/29 17:00:00 0.00 0.00 0.00
1912/05/29 21:00:00 0.00 0.00 0.00
1912/05/30 01:00:00 0.00 0.00 0.00
1912/05/30 05:00:00 0.00 0.00 0.00
1912/05/30 09:00:00 0.00 0.00 0.00
1912/05/30 13:00:00 0.00 0.00 0.00
1912/05/30 17:00:00 0.00 0.00 0.00
1912/05/30 21:00:00 0.00 0.00 0.00
1912/05/31 01:00:00 0.00 0.00 0.00
1912/05/31 05:00:00 0.00 0.00 0.00
1912/05/31 09:00:00 0.00 0.00 0.00
1912/05/31 13:00:00 0.00 0.00 0.00
1912/05/31 17:00:00 0.00 0.00 0.00
1912/05/31 21:00:00 0.00 0.00 0.00
1912/06/01 01:00:00 0.00 0.00 0.00
1912/06/01 05:00:00 0.00 0.00 0.00
1912/06/01 09:00:00 0.00 0.00 0.00
1912/06/01 13:00:00 0.00 0.00 0.00
1912/06/01 17:00:00 0.00 0.00 0.00
1912/06/01 21:00:00 0.00 0.00 0.00
1912/06/02 01:00:00 0.00 0.00 0.00
1912/06/02 05:00:00 0.00 0.00 0.00
1912/06/02 09:00:00 0.00 0.00 0.00
1912/06/02 13:00:00 0.00 0.00 0.00
1912/06/02 17:00:00 0.00 0.00 0.00
1912/06/02 21:00:00 0.00 0.00 0.00
1912/06/03 01:00:00 0.00 0.00 0.00
1912/06/03 05:00:00 0.00 0.00 0.00
1912/06/03 09:00:00 0.00 0.00 0.00
1912/06/03 13:00:00 0.00 0.00 0.00
1912/06/03 17:00:00 0.00 0.00 0.00
1912/06/03 21:00:00 0.00 0.00 0.00
1912/06/04 01:00:00 0.00 0.00 0.00
1912/06/04 05:00:00 0.00 0.00 0.00
1912/06/04 09:00:00 0.00 0.00 0.00
1912/06/04 13:00:00 0.00 0.00 0.00
1912/06/04 17:00:00 0.00 0.00 0.00
1912/06/04 22:00:00 0.00 0.00 0.00
1912/06/05 02:00:00 0.00 0.00 0.00
1912/06/05 06:00:00 0.00 0.00 0.00
1912/06/05 10:00:00 0.00 0.00 0.00
1912/06/05 14:00:00 0.00 0.00 0.00
1912/06/05 18:00:00 0.00 0.00 0.00
1912/06/05 22:00:00 0.00 0.00 0.00
1912/06/06 02:00:00 0.00 0.00 0.00
1912/06/06 06:00:00 0.00 0.00 0.00
1912/06/06 10:00:00 0.00 0.00 0.00
1912/06/06 14:00:00 0.00 0.00 0.00
1912/06/06 18:00:00 0.00 0.00 0.00
1912/06/06 22:00:00 0.00 0.00 0.00
1912/06/07 02:00:00 0.00 0.00 0.00
1912/06/07 06:00:00 0.00 0.00 0.00
1912/06/07 10:00:00 0.00 0.00 0.00
1912/06/07 14:00:00 0.00 0.00 0.00
1912/06/07 18:00:00 0.00 0.00 0.00
1912/06/07 22:00:00 0.00 0.00 0.00
1912/06/08 02:00:00 0.00 0.00 0.00
1912/06/08 06:00:00 0.00 0.00 0.00
1912/06/08 10:00:00 0.00 0.00 0.00
1912/06/08 14:00:00 0.00 0.00 0.00
1912/06/08 18:00:00 0.00 0.00 0.00
1912/06/08 22:00:00 0.00 0.00 0.00
1912/06/09 02:00:00 0.00 0.00 0.00
1912/06/09 06:00:00 0.00 0.00 0.00
1912/06/09 10:00:00 0.00 0.00 0.00
1912/06/09 14:00:00 0.00 0.00 0.00
1912/06/09 18:00:00 0.00 0.00 0.00
1912/06/09 22:00:00 0.00 0.00 0.00
1912/06/10 02:00:00 0.00 0.00 0.00
1912/06/10 06:00:00 0.00 0.00 0.00
1912/06/10 10:00:00 0.00 0.00 0.00
1912/06/10 14:00:00 0.00 0.00 0.00
1912/06/10 18:00:00 0.00 0.00 0.00
1912/06/10 22:00:00 0.00 0.00 0.00
1912/06/11 02:00:00 0.00 0.00 0.00
1912/06/11 06:00:00 0.00 0.00 0.00
1912/06/11 10:00:00 0.00 0.00 0.00
1912/06/11 14:00:00 0.00 0.00 0.00
1912/06/11 18:00:00 0.00 0.00 0.00
1912/06/11 22:00:00 0.00 0.00 0.00
1912/06/12 02:00:00 0.00 0.00 0.00
1912/06/12 06:00:00 0.00 0.00 0.00
1912/06/12 10:00:00 0.00 0.00 0.00
1912/06/12 14:00:00 0.00 0.00 0.00
1912/06/12 18:00:00 0.00 0.00 0.00
1912/06/12 22:00:00 0.00 0.00 0.00
1912/06/13 02:00:00 0.00 0.00 0.00
1912/06/13 06:00:00 0.00 0.00 0.00
1912/06/13 10:00:00 0.00 0.00 0.00
1912/06/13 14:00:00 0.00 0.00 0.00
1912/06/13 18:00:00 0.00 0.00 0.00
1912/06/13 22:00:00 0.00 0.00 0.00
1912/06/14 02:00:00 0.00 0.00 0.00
1912/06/14 06:00:00 0.00 0.00 0.00
1912/06/14 10:00:00 0.00 0.00 0.00
1912/06/14 14:00:00 0.00 0.00 0.00
1912/06/14 18:00:00 0.00 0.00 0.00
1912/06/14 22:00:00 0.00 0.00 0.00
1912/06/15 02:00:00 0.00 0.00 0.00
1912/06/15 06:00:00 0.00 0.00 0.00
1912/06/15 10:00:00 0.00 0.00 0.00
1912/06/15 14:00:00 0.00 0.00 0.00
1912/06/15 18:00:00 0.00 0.00 0.00
1912/06/15 22:00:00 0.00 0.00 0.00
1912/06/16 02:00:00 0.00 0.00 0.00
1912/06/16 06:00:00 0.00 0.00 0.00
1912/06/16 10:00:00 0.00 0.00 0.00
1912/06/16 14:00:00 0.00 0.00 0.00
1912/06/16 18:00:00 0.00 0.00 0.00
1912/06/16 22:00:00 0.00 0.00 0.00
1912/06/17 02:00:00 0.00 0.00 0.00
1912/06/17 06:00:00 0.00 0.00 0.00
1912/06/17 10:00:00 0.00 0.00 0.00
1912/06/17 14:00:00 0.00 0.00 0.00
1912/06/17 18:00:00 0.00 0.00 0.00
1912/06/17 22:00:00 0.00 0.00 0.00
1912/06/18 02:00:00 0.00 0.00 0.00
1912/06/18 06:00:00 0.00 0.00 0.00
1912/06/18 10:00:00 0.00 0.00 0.00
1912/06/18 14:00:00 0.00 0.00 0.00
1912/06/18 18:00:00 0.00 0.00 0.00
1912/06/18 22:00:00 0.00 0.00 0.00
1912/06/19 02:00:00 0.00 0.00 0.00
1912/06/19 06:00:00 0.00 0.00 0.00
1912/06/19 10:00:00 0.00 0.00 0.00
1912/06/19 14:00:00 0.00 0.00 0.00
1912/06/19 18:00:00 0.00 0.00 0.00
1912/06/19 22:00:00 0.00 0.00 0.00
1912/06/20 02:00:00 0.00 0.00 0.00
1912/06/20 06:00:00 0.00 0.00 0.00
1912/06/20 10:00:00 0.00 0.00 0.00
1912/06/20 14:00:00 0.00 0.00 0.00
1912/06/20 18:00:00 0.00 0.00 0.00
1912/06/20 22:00:00 0.00 0.00 0.00
1912/06/21 02:00:00 0.00 0.00 0.00
1912/06/21 06:00:00 0.00 0.00 0.00
1912/06/21 10:00:00 0.00 0.00 0.00
1912/06/21 14:00:00 0.00 0.00 0.00
1912/06/21 18:00:00 0.00 0.00 0.00
1912/06/21 22:00:00 0.00 0.00 0.00
1912/06/22 02:00:00 0.00 0.00 0.00
1912/06/22 06:00:00 0.00 0.00 0.00
1912/06/22 10:00:00 0.00 0.00 0.00
1912/06/22 14:00:00 0.00 0.00 0.00
1912/06/22 18:00:00 0.00 0.00 0.00
1912/06/22 22:00:00 0.00 0.00 0.00
1912/06/23 02:00:00 0.00 0.00 0.00
1912/06/23 06:00:00 0.00 0.00 0.00
1912/06/23 10:00:00 0.00 0.00 0.00
1912/06/23 14:00:00 0.00 0.00 0.00
1912/06/23 18:00:00 0.00 0.00 0.00
1912/06/23 22:00:00 0.00 0.00 0.00
1912/06/24 02:00:00 0.00 0.00 0.00
1912/06/24 06:00:00 0.00 0.00 0.00
1912/06/24 10:00:00 0.00 0.00 0.00
1912/06/24 14:00:00 0.00 0.00 0.00
1912/06/24 18:00:00 0.00 0.00 0.00
1912/06/24 23:00:00 0.00 0.00 0.00
1912/06/25 03:00:00 0.00 0.00 0.00
1912/06/25 07:00:00 0.00 0.00 0.00
1912/06/25 11:00:00 0.00 0.00 0.00
1912/06/25 15:00:00 0.00 0.00 0.00
1912/06/25 19:00:00 0.00 0.00 0.00
1912/06/25 23:00:00 0.00 0.00 0.00
1912/06/26 03:00:00 0.00 0.00 0.00
1912/06/26 07:00:00 0.00 0.00 0.00
1912/06/26 11:00:00 0.00 0.00 0.00
1912/06/26 15:00:00 0.00 0.00 0.00
1912/06/26 19:00:00 0.00 0.00 0.00
1912/06/26 23:00:00 0.00 0.00 0.00
1912/06/27 03:00:00 0.00 0.00 0.00
1912/06/27 07:00:00 0.00 0.00 0.00
1912/06/27 11:00:00 0.00 0.00 0.00
1912/06/27 15:00:00 0.00 0.00 0.00
1912/06/27 19:00:00 0.00 0.00 0.00
1912/06/27 23:00:00 0.00 0.00 0.00
1912/06/28 03:00:00 0.00 0.00 0.00
1912/06/28 07:00:00 0.00 0.00 0.00
1912/06/28 11:00:00 0.00 0.00 0.00
1912/06/28 15:00:00 0.00 0.00 0.00
1912/06/28 19:00:00 0.00 0.00 0.00
1912/06/28 23:00:00 0.00 0.00 0.00
1912/06/29 03:00:00 0.00 0.00 0.00
1912/06/29 07:00:00 0.00 0.00 0.00
1912/06/29 11:00:00 0.00 0.00 0.00
1912/06/29 15:00:00 0.00 0.00 0.00
1912/06/29 19:00:00 0.00 0.00 0.00
1912/06/29 23:00:00 0.00 0.00 0.00
1912/06/30 03:00:00 0.00 0.00 0.00
1912/06/30 07:00:00 0.00 0.00 0.00
1912/06/30 11:00:00 0.00 0.00 0.00
1912/06/30 15:00:00 0.00 0.00 0.00
1912/06/30 19:00:00 0.00 0.00 0.00
1912/06/30 23:00:00 0.00 0.00 0.00
1912/07/01 03:00:00 0.00 0.00 0.00
1912/07/01 07:00:00 0.00 0.00 0.00
1912/07/01 11:00:00 0.00 0.00 0.00
1912/07/01 15:00:00 0.00 0.00 0.00
1912/07/01 19:00:00 0.00 0.00 0.00
1912/07/01 23:00:00 0.00 0.00 0.00
1912/07/02 03:00:00 0.00 0.00 0.00
1912/07/02 07:00:00 0.00 0.00 0.00
1912/07/02 11:00:00 0.00 0.00 0.00
1912/07/02 15:00:00 0.00 0.00 0.00
1912/07/02 19:00:00 0.00 0.00 0.00
1912/07/02 23:00:00 0.00 0.00 0.00
1912/07/03 03:00:00 0.00 0.00 0.00
1912/07/03 07:00:00 0.00 0.00 0.00
1912/07/03 11:00:00 0.00 0.00 0.00
1912/07/03 15:00:00 0.00 0.00 0.00
1912/07/03 19:00:00 0.00 0.00 0.00
1912/07/03 23:00:00 0.00 0.00 0.00
1912/07/04 03:00:00 0.00 0.00 0.00
1912/07/04 07:00:00 0.00 0.00 0.00
1912/07/04 11:00:00 0.00 0.00 0.00
1912/07/04 15:00:00 0.00 0.00 0.00
1912/07/04 19:00:00 0.00 0.00 0.00
1912/07/04 23:00:00 0.00 0.00 0.00
1912/07/05 03:00:00 0.00 0.00 0.00
1912/07/05 07:00:00 0.00 0.00 0.00
1912/07/05 11:00:00 0.00 0.00 0.00
1912/07/05 15:00:00 0.00 0.00 0.00
1912/07/05 19:00:00 0.00 0.00 0.00
1912/07/05 23:00:00 0.00 0.00 0.00
1912/07/06 03:00:00 0.00 0.00 0.00
1912/07/06 07:00:00 0.00 0.00 0.00
1912/07/06 11:00:00 0.00 0.00 0.00
1912/07/06 15:00:00 0.00 0.00 0.00
1912/07/06 19:00:00 0.00 0.00 0.00
1912/07/06 23:00:00 0.00 0.00 0.00
1912/07/07 03:00:00 0.00 0.00 0.00
1912/07/07 07:00:00 0.00 0.00 0.00
1912/07/07 11:00:00 0.00 0.00 0.00
1912/07/07 15:00:00 0.00 0.00 0.00
1912/07/07 19:00:00 0.00 0.00 0.00
1912/07/07 23:00:00 0.00 0.00 0.00
1912/07/08 03:00:00 0.00 0.00 0.00
1912/07/08 07:00:00 0.00 0.00 0.00
1912/07/08 11:00:00 0.00 0.00 0.00
1912/07/08 15:00:00 0.00 0.00 0.00
1912/07/08 19:00:00 0.00 0.00 0.00
1912/07/08 23:00:00 0.00 0.00 0.00
1912/07/09 03:00:00 0.00 0.00 0.00
1912/07/09 07:00:00 0.00 0.00 0.00
1912/07/09 11:00:00 0.00 0.00 0.00
1912/07/09 15:00:00 0.00 0.00 0.00
1912/07/09 19:00:00 0.00 0.00 0.00
1912/07/09 23:00:00 0.00 0.00 0.00
1912/07/10 03:00:00 0.00 0.00 0.00
1912/07/10 07:00:00 0.00 0.00 0.00
1912/07/10 11:00:00 0.00 0.00 0.00
1912/07/10 15:00:00 0.00 0.00 0.00
1912/07/10 19:00:00 0.00 0.00 0.00
1912/07/10 23:00:00 0.00 0.00 0.00
1912/07/11 03:00:00   NA   NA  NA
1912/07/11 07:00:00   NA   NA  NA
1912/07/11 11:00:00   NA   NA  NA
1912/07/11 15:00:00   NA   NA  NA
1912/07/11 19:00:00   NA   NA  NA
1912/11/02 23:00:00   NA   NA  NA
1912/11/03 03:00:00   NA   NA  NA
1912/11/03 07:00:00   NA   NA  NA
1912/11/03 11:00:00   NA   NA  NA
1912/11/03 15:00:00   NA   NA  NA
1912/11/03 19:00:00   NA   NA  NA
1912/11/03 21:00:00 0.00 0.00 0.00
1912/11/04 01:00:00 0.00 0.00 0.00
1912/11/04 05:00:00 0.00 0.00 0.00
1912/11/04 09:00:00 0.00 0.00 0.00
1912/11/04 13:00:00 0.00 0.00 0.00
1912/11/04 17:00:00 0.00 0.00 0.00
1912/11/04 21:00:00 0.00 0.00 0.00
1912/11/05 01:00:00 0.00 0.00 0.00
1912/11/05 05:00:00 0.00 0.00 0.00
1912/11/05 09:00:00 0.00 0.00 0.00
1912/11/05 13:00:00 0.00 0.00 0.00
1912/11/05 17:00:00 0.00 0.00 0.00
1912/11/05 22:00:00 0.00 0.00 0.00
1912/11/06 02:00:00 0.00 0.00 0.00
1912/11/06 06:00:00 0.00 0.00 0.00
1912/11/06 10:00:00 0.00 0.00 0.00
1912/11/06 14:00:00 0.00 0.00 0.00
1912/11/06 18:00:00 0.00 0.00 0.00
1912/11/06 22:00:00 0.00 0.00 0.00
1912/11/07 02:00:00 0.00 0.00 0.00
1912/11/07 06:00:00 0.00 0.00 0.00
1912/11/07 10:00:00 0.00 0.00 0.00
1912/11/07 14:00:00 0.00 0.00 0.00
1912/11/07 18:00:00 0.00 0.00 0.00
1912/11/07 22:00:00 0.00 0.00 0.00
1912/11/08 02:00:00 0.00 0.00 0.00
1912/11/08 06:00:00 0.00 0.00 0.00
1912/11/08 10:00:00 0.00 0.00 0.00
1912/11/08 14:00:00 0.00 0.00 0.00
1912/11/08 18:00:00 0.00 0.00 0.00
1912/11/08 22:00:00 0.00 0.00 0.00
1912/11/09 02:00:00 0.00 0.00 0.00
1912/11/09 06:00:00 0.00 0.00 0.00
1912/11/09 10:00:00 0.00 0.00 0.00
1912/11/09 14:00:00 0.00 0.00 0.00
1912/11/09 18:00:00 0.00 0.00 0.00
1912/11/09 21:00:00 0.00 0.00 0.00
1912/11/10 01:00:00 0.00 0.00 0.00
1912/11/10 05:00:00 0.00 0.00 0.00
1912/11/10 09:00:00 0.00 0.00 0.00
1912/11/10 13:00:00 0.00 0.00 0.00
1912/11/10 17:00:00 0.00 0.00 0.00
1912/11/10 21:00:00 0.00 0.00 0.00
1912/11/11 01:00:00 0.00 0.00 0.00
1912/11/11 05:00:00 0.00 0.00 0.00
1912/11/11 09:00:00 0.00 0.00 0.00
1912/11/11 13:00:00 0.00 0.00 0.00
1912/11/11 17:00:00 0.00 0.00 0.00
1912/11/11 21:00:00 0.00 0.00 0.00
1912/11/12 01:00:00 0.00 0.00 0.00
1912/11/12 05:00:00 0.00 0.00 0.00
1912/11/12 09:00:00 0.00 0.00 0.00
1912/11/12 13:00:00 0.00 0.00 0.00
1912/11/12 17:00:00 0.00 0.00 0.00
1912/11/12 21:00:00 0.00 0.00 0.00
1912/11/13 01:00:00 0.00 0.00 0.00
1912/11/13 05:00:00 0.00 0.00 0.00
1912/11/13 09:00:00 0.00 0.00 0.00
1912/11/13 13:00:00 0.00 0.00 0.00
1912/11/13 17:00:00 0.00 0.00 0.00
1912/11/13 21:00:00 0.00 0.00 0.00
1912/11/14 01:00:00 0.00 0.00 0.00
1912/11/14 05:00:00 0.00 0.00 0.00
1912/11/14 09:00:00 0.00 0.00 0.00
1912/11/14 13:00:00 0.00 0.00 0.00
1912/11/14 17:00:00 0.00 0.00 0.00
1912/11/14 21:00:00 0.00 0.00 0.00
1912/11/15 01:00:00 0.00 0.00 0.00
1912/11/15 05:00:00 0.00 0.00 0.00
1912/11/15 09:00:00 0.00 0.00 0.00
1912/11/15 13:00:00 0.00 0.00 0.00
1912/11/15 17:00:00 0.00 0.00 0.00
1912/11/15 21:00:00 0.00 0.00 0.00
1912/11/16 01:00:00 0.00 0.00 0.00
1912/11/16 05:00:00 0.00 0.00 0.00
1912/11/16 09:00:00 0.00 0.00 0.00
1912/11/16 13:00:00 0.00 0.00 0.00
1912/11/16 17:00:00 0.00 0.00 0.00
1912/11/16 21:00:00 0.00 0.00 0.00
1912/11/17 01:00:00 0.00 0.00 0.00
1912/11/17 05:00:00 0.00 0.00 0.00
1912/11/17 09:00:00 0.00 0.00 0.00
1912/11/17 13:00:00 0.00 0.00 0.00
1912/11/17 17:00:00 0.00 0.00 0.00
1912/11/17 21:00:00 0.00 0.00 0.00
1912/11/18 01:00:00 0.00 0.00 0.00
1912/11/18 05:00:00 0.00 0.00 0.00
1912/11/18 09:00:00 0.00 0.00 0.00
1912/11/18 13:00:00 0.00 0.00 0.00
1912/11/18 17:00:00 0.00 0.00 0.00
1912/11/18 21:00:00 0.00 0.00 0.00
1912/11/19 01:00:00 0.00 0.00 0.00
1912/11/19 05:00:00 0.00 0.00 0.00
1912/11/19 09:00:00 0.00 0.00 0.00
1912/11/19 13:00:00 0.00 0.00 0.00
1912/11/19 17:00:00 0.00 0.00 0.00
1912/11/19 22:00:00 0.00 0.00 0.00
1912/11/20 02:00:00 0.00 0.00 0.00
1912/11/20 06:00:00 0.00 0.00 0.00
1912/11/20 10:00:00 0.00 0.00 0.00
1912/11/20 14:00:00 0.00 0.00 0.00
1912/11/20 18:00:00 0.00 0.00 0.00
1912/11/20 22:00:00 0.00 0.00 0.00
1912/11/21 02:00:00 0.00 0.00 0.00
1912/11/21 06:00:00 0.00 0.00 0.00
1912/11/21 10:00:00 0.00 0.00 0.00
1912/11/21 14:00:00 0.00 0.00 0.00
1912/11/21 18:00:00 0.00 0.00 0.00
1912/11/21 22:00:00 0.00 0.00 0.00
1912/11/22 02:00:00 0.00 0.00 0.00
1912/11/22 06:00:00 0.00 0.00 0.00
1912/11/22 10:00:00 0.00 0.00 0.00
1912/11/22 14:00:00 0.00 0.00 0.00
1912/11/22 18:00:00 0.00 0.00 0.00
1912/11/22 22:00:00 0.00 0.00 0.00
1912/11/23 02:00:00 0.00 0.00 0.00
1912/11/23 06:00:00 0.00 0.00 0.00
1912/11/23 10:00:00 0.00 0.00 0.00
1912/11/23 14:00:00 0.00 0.00 0.00
1912/11/23 18:00:00 0.00 0.00 0.00
1912/11/23 22:00:00 0.00 0.00 0.00
1912/11/24 02:00:00 0.00 0.00 0.00
1912/11/24 06:00:00 0.00 0.00 0.00
1912/11/24 10:00:00 0.00 0.00 0.00
1912/11/24 14:00:00 0.00 0.00 0.00
1912/11/24 18:00:00 0.00 0.00 0.00
1912/11/24 22:00:00 0.00 0.00 0.00
1912/11/25 02:00:00 0.00 0.00 0.00
1912/11/25 06:00:00 0.00 0.00 0.00
1912/11/25 10:00:00 0.00 0.00 0.00
1912/11/25 14:00:00 0.00 0.00 0.00
1912/11/25 18:00:00 0.00 0.00 0.00
1912/11/25 22:00:00 0.00 0.00 0.00
1912/11/26 02:00:00 0.00 0.00 0.00
1912/11/26 06:00:00 0.00 0.00 0.00
1912/11/26 10:00:00 0.00 0.00 0.00
1912/11/26 14:00:00 0.00 0.00 0.00
1912/11/26 18:00:00 0.00 0.00 0.00
1912/11/26 22:00:00 0.00 0.00 0.00
1912/11/27 02:00:00 0.00 0.00 0.00
1912/11/27 06:00:00 0.00 0.00 0.00
1912/11/27 10:00:00 0.00 0.00 0.00
1912/11/27 14:00:00 0.00 0.00 0.00
1912/11/27 18:00:00 0.00 0.00 0.00
1912/11/27 22:00:00 0.00 0.00 0.00
1912/11/28 02:00:00 0.00 0.00 0.00
1912/11/28 06:00:00 0.00 0.00 0.00
1912/11/28 10:00:00 0.00 0.00 0.00
1912/11/28 14:00:00 0.00 0.00 0.00
1912/11/28 18:00:00 0.00 0.00 0.00
1912/11/28 23:00:00 0.00 0.00 0.00
1912/11/29 03:00:00 0.00 0.00 0.00
1912/11/29 07:00:00 0.00 0.00 0.00
1912/11/29 11:00:00 0.00 0.00 0.00
1912/11/29 15:00:00 0.00 0.00 0.00
1912/11/29 19:00:00 0.00 0.00 0.00
1912/11/29 23:00:00 0.00 0.00 0.00
1912/11/30 03:00:00 0.00 0.00 0.00
1912/11/30 07:00:00 0.00 0.00 0.00
1912/11/30 11:00:00 0.00 0.00 0.00
1912/11/30 15:00:00 0.00 0.00 0.00
1912/11/30 19:00:00 0.00 0.00 0.00
1912/11/30 22:00:00 0.00 0.00 0.00
1912/12/01 02:00:00 0.00 0.00 0.00
1912/12/01 06:00:00 0.00 0.00 0.00
1912/12/01 10:00:00 0.00 0.00 0.00
1912/12/01 14:00:00 0.00 0.00 0.00
1912/12/01 18:00:00 0.00 0.00 0.00
1912/12/01 22:00:00 0.00 0.00 0.00
1912/12/02 02:00:00 0.00 0.00 0.00
1912/12/02 06:00:00 0.00 0.00 0.00
1912/12/02 10:00:00 0.00 0.00 0.00
1912/12/02 14:00:00 0.00 0.00 0.00
1912/12/02 18:00:00 0.00 0.00 0.00
1912/12/02 22:00:00 0.00 0.00 0.00
1912/12/03 02:00:00 0.00 0.00 0.00
1912/12/03 06:00:00 0.00 0.00 0.00
1912/12/03 10:00:00 0.00 0.00 0.00
1912/12/03 14:00:00 0.00 0.00 0.00
1912/12/03 18:00:00 0.00 0.00 0.00
1912/12/03 22:00:00 0.00 0.00 0.00
1912/12/04 02:00:00 0.00 0.00 0.00
1912/12/04 06:00:00 0.00 0.00 0.00
1912/12/04 10:00:00 0.00 0.00 0.00
1912/12/04 14:00:00 0.00 0.00 0.00
1912/12/04 18:00:00 0.00 0.00 0.00
1912/12/04 22:00:00 0.00 0.00 0.00
1912/12/05 02:00:00 0.00 0.00 0.00
1912/12/05 06:00:00 0.00 0.00 0.00
1912/12/05 10:00:00 0.00 0.00 0.00
1912/12/05 14:00:00 0.00 0.00 0.00
1912/12/05 18:00:00 0.00 0.00 0.00
1912/12/05 21:00:00 0.00 0.00 0.00
1912/12/06 01:00:00 0.00 0.00 0.00
1912/12/06 05:00:00 0.00 0.00 0.00
1912/12/06 09:00:00 0.00 0.00 0.00
1912/12/06 13:00:00 0.00 0.00 0.00
1912/12/06 17:00:00 0.00 0.00 0.00
1912/12/06 21:00:00 0.00 0.00 0.00
1912/12/07 01:00:00 0.00 0.00 0.00
1912/12/07 05:00:00 0.00 0.00 0.00
1912/12/07 09:00:00 0.00 0.00 0.00
1912/12/07 13:00:00 0.00 0.00 0.00
1912/12/07 17:00:00 0.00 0.00 0.00
1912/12/07 21:00:00 0.00 0.00 0.00
1912/12/08 01:00:00 0.00 0.00 0.00
1912/12/08 05:00:00 0.00 0.00 0.00
1912/12/08 09:00:00 0.00 0.00 0.00
1912/12/08 13:00:00 0.00 0.00 0.00
1912/12/08 17:00:00 0.00 0.00 0.00
1912/12/08 21:00:00 0.00 0.00 0.00
1912/12/09 01:00:00 0.00 0.00 0.00
1912/12/09 05:00:00 0.00 0.00 0.00
1912/12/09 09:00:00 0.00 0.00 0.00
1912/12/09 13:00:00 0.00 0.00 0.00
1912/12/09 17:00:00 0.00 0.00 0.00
1912/12/09 21:00:00 0.00 0.00 0.00
1912/12/10 01:00:00 0.00 0.00 0.00
1912/12/10 05:00:00 0.00 0.00 0.00
1912/12/10 09:00:00 0.00 0.00 0.00
1912/12/10 13:00:00 0.00 0.00 0.00
1912/12/10 17:00:00 0.00 0.00 0.00
1912/12/10 21:00:00 0.00 0.00 0.00
1912/12/11 01:00:00 0.00 0.00 0.00
1912/12/11 05:00:00 0.00 0.00 0.00
1912/12/11 09:00:00 0.00 0.00 0.00
1912/12/11 13:00:00 0.00 0.00 0.00
1912/12/11 17:00:00 0.00 0.00 0.00
1912/12/11 21:00:00 0.00 0.00 0.00
1912/12/12 01:00:00 0.00 0.00 0.00
1912/12/12 05:00:00 0.00 0.00 0.00
1912/12/12 09:00:00 0.00 0.00 0.00
1912/12/12 13:00:00 0.00 0.00 0.00
1912/12/12 17:00:00 0.00 0.00 0.00
1912/12/12 21:00:00 0.00 0.00 0.00
1912/12/13 01:00:00 0.00 0.00 0.00
1912/12/13 05:00:00 0.00 0.00 0.00
1912/12/13 09:00:00 0.00 0.00 0.00
1912/12/13 13:00:00 0.00 0.00 0.00
1912/12/13 17:00:00 0.00 0.00 0.00
1912/12/13 21:00:00 0.00 0.00 0.00
1912/12/14 01:00:00   NA   NA  NA
1912/12/14 05:00:00   NA   NA  NA
1912/12/14 09:00:00   NA   NA  NA
1912/12/14 13:00:00   NA   NA  NA
1912/12/14 17:00:00   NA   NA  NA
1912/12/26 21:00:00   NA   NA  NA
1912/12/27 01:00:00   NA   NA  NA
1912/12/27 05:00:00   NA   NA  NA
1912/12/27 09:00:00   NA   NA  NA
1912/12/27 13:00:00   NA   NA  NA
1912/12/27 17:00:00   NA   NA  NA
1912/12/27 21:00:00 0.00 0.00 0.00
1912/12/28 01:00:00 0.00 0.00 0.00
1912/12/28 05:00:00 0.00 0.00 0.00
1912/12/28 09:00:00 0.00 0.00 0.00
1912/12/28 13:00:00 0.00 0.00 0.00
1912/12/28 17:00:00 0.00 0.00 0.00
1912/12/28 21:00:00 0.00 0.00 0.00
1912/12/29 01:00:00 0.00 0.00 0.00
1912/12/29 05:00:00 0.00 0.00 0.00
1912/12/29 09:00:00 0.00 0.00 0.00
1912/12/29 13:00:00 0.00 0.00 0.00
1912/12/29 17:00:00 0.00 0.00 0.00
1912/12/29 21:00:00 0.00 0.00 0.00
1912/12/30 01:00:00 0.00 0.00 0.00
1912/12/30 05:00:00 0.00 0.00 0.00
1912/12/30 09:00:00 0.00 0.00 0.00
1912/12/30 13:00:00 0.00 0.00 0.00
1912/12/30 17:00:00 0.00 0.00 0.00
1912/12/30 21:00:00 0.00 0.00 0.00
1912/12/31 01:00:00 0.00 0.00 0.00
1912/12/31 05:00:00 0.00 0.00 0.00
1912/12/31 09:00:00 0.00 0.00 0.00
1912/12/31 13:00:00 0.00 0.00 0.00
1912/12/31 17:00:00 0.00 0.00 0.00
1912/12/31 21:00:00 0.00 0.00 0.00
1913/01/01 01:00:00 0.00 0.00 0.00
1913/01/01 05:00:00 0.00 0.00 0.00
1913/01/01 09:00:00 0.00 0.00 0.00
1913/01/01 13:00:00 0.00 0.00 0.00
1913/01/01 17:00:00 0.00 0.00 0.00
1913/01/01 21:00:00 0.00 0.00 0.00
1913/01/02 01:00:00 0.00 0.00 0.00
1913/01/02 05:00:00 0.00 0.00 0.00
1913/01/02 09:00:00 0.00 0.00 0.00
1913/01/02 13:00:00 0.00 0.00 0.00
1913/01/02 17:00:00 0.00 0.00 0.00
1913/01/02 21:00:00 0.00 0.00 0.00
1913/01/03 01:00:00 0.00 0.00 0.00
1913/01/03 05:00:00 0.00 0.00 0.00
1913/01/03 09:00:00 0.00 0.00 0.00
1913/01/03 13:00:00 0.00 0.00 0.00
1913/01/03 17:00:00 0.00 0.00 0.00
1913/01/03 21:00:00 0.00 0.00 0.00
1913/01/04 01:00:00 0.00 0.00 0.00
1913/01/04 05:00:00 0.00 0.00 0.00
1913/01/04 09:00:00 0.00 0.00 0.00
1913/01/04 13:00:00 0.00 0.00 0.00
1913/01/04 17:00:00 0.00 0.00 0.00
1913/01/04 21:00:00 0.00 0.00 0.00
1913/01/05 01:00:00 0.00 0.00 0.00
1913/01/05 05:00:00 0.00 0.00 0.00
1913/01/05 09:00:00 0.00 0.00 0.00
1913/01/05 13:00:00 0.00 0.00 0.00
1913/01/05 17:00:00 0.00 0.00 0.00
1913/01/05 21:00:00 0.00 0.00 0.00
1913/01/06 01:00:00 0.00 0.00 0.00
1913/01/06 05:00:00 0.00 0.00 0.00
1913/01/06 09:00:00 0.00 0.00 0.00
1913/01/06 13:00:00 0.00 0.00 0.00
1913/01/06 17:00:00 0.00 0.00 0.00
1913/01/06 21:00:00 0.00 0.00 0.00
1913/01/07 01:00:00 0.00 0.00 0.00
1913/01/07 05:00:00 0.00 0.00 0.00
1913/01/07 09:00:00 0.00 0.00 0.00
1913/01/07 13:00:00 0.00 0.00 0.00
1913/01/07 17:00:00 0.00 0.00 0.00
1913/01/07 21:00:00 0.00 0.00 0.00
1913/01/08 01:00:00 0.00 0.00 0.00
1913/01/08 05:00:00 0.00 0.00 0.00
1913/01/08 09:00:00 0.00 0.00 0.00
1913/01/08 13:00:00 0.00 0.00 0.00
1913/01/08 17:00:00 0.00 0.01 0.00
1913/01/08 21:00:00 0.00 0.01 0.00
1913/01/09 01:00:00 0.00 0.01 0.00
1913/01/09 05:00:00 0.00 0.01 0.00
1913/01/09 09:00:00 0.00 0.01 0.00
1913/01/09 13:00:00 0.00 0.01 0.00
1913/01/09 17:00:00 0.00 0.01 0.00
1913/01/09 21:00:00 0.00 0.01 0.00
1913/01/10 01:00:00 0.00 0.01 0.00
1913/01/10 05:00:00 0.00 0.01 0.00
1913/01/10 09:00:00 0.00 0.01 0.00
1913/01/10 13:00:00 0.00 0.01 0.00
1913/01/10 17:00:00 0.00 0.01 0.00
1913/01/10 21:00:00 0.00 0.02 0.00
1913/01/11 01:00:00 0.00 0.01 0.00
1913/01/11 05:00:00 0.00 0.01 0.00
1913/01/11 09:00:00 0.00 0.01 0.00
1913/01/11 13:00:00 0.00 0.01 0.00
1913/01/11 17:00:00 0.00 0.51 0.16
1913/01/11 21:00:00 0.00 0.51 0.16
1913/01/12 01:00:00 0.00 0.51 0.15
1913/01/12 05:00:00 0.00 0.45 0.09
1913/01/12 09:00:00 0.00 0.45 0.09
1913/01/12 13:00:00 0.00 0.31 0.03
1913/01/12 17:00:00 0.00 0.42 0.14
1913/01/12 21:00:00 0.00 0.39 0.11
1913/01/13 01:00:00 0.00 0.38 0.11
1913/01/13 05:00:00 0.00 0.38 0.11
1913/01/13 09:00:00 0.00 0.38 0.11
1913/01/13 13:00:00 0.00 0.40 0.12
1913/01/13 17:00:00 0.00 0.40 0.12
1913/01/13 21:00:00 0.00 0.40 0.12
1913/01/14 01:00:00 0.00 0.39 0.11
1913/01/14 05:00:00 0.00 0.39 0.11
1913/01/14 09:00:00 0.00 0.39 0.11
1913/01/14 13:00:00 0.00 0.39 0.11
1913/01/14 17:00:00 0.00 0.39 0.11
1913/01/14 21:00:00 0.00 0.39 0.11
1913/01/15 01:00:00 0.00 0.39 0.11
1913/01/15 05:00:00 0.00 0.39 0.11
1913/01/15 09:00:00 0.00 0.39 0.11
1913/01/15 13:00:00 0.00 0.39 0.11
1913/01/15 17:00:00 0.00 0.39 0.11
1913/01/15 21:00:00 0.00 0.39 0.11
1913/01/16 01:00:00 0.00 0.38 0.11
1913/01/16 05:00:00 0.00 0.38 0.11
1913/01/16 09:00:00 0.00 0.38 0.11
1913/01/16 13:00:00 0.00 0.38 0.11
1913/01/16 17:00:00 0.00 0.38 0.11
1913/01/16 21:00:00 0.00 0.38 0.11
1913/01/17 01:00:00 0.00 0.38 0.10
1913/01/17 05:00:00 0.00 0.38 0.10
1913/01/17 09:00:00 0.00 0.38 0.10
1913/01/17 13:00:00 0.00 0.38 0.10
1913/01/17 17:00:00 0.00 0.38 0.10
1913/01/17 21:00:00 0.00 0.38 0.10
1913/01/18 01:00:00 0.00 0.37 0.10
1913/01/18 05:00:00 0.00 0.37 0.10
1913/01/18 09:00:00 0.00 0.37 0.10
1913/01/18 13:00:00 0.00 0.37 0.10
1913/01/18 17:00:00 0.00 0.37 0.10
1913/01/18 21:00:00 0.00 0.37 0.10
1913/01/19 01:00:00 0.00 0.37 0.09
1913/01/19 05:00:00 0.00 0.37 0.09
1913/01/19 09:00:00 0.00 0.37 0.09
1913/01/19 13:00:00 0.00 0.37 0.09
1913/01/19 17:00:00 0.00 0.37 0.09
1913/01/19 21:00:00 0.00 0.37 0.09
1913/01/20 01:00:00 0.00 0.36 0.09
1913/01/20 05:00:00 0.00 0.36 0.09
1913/01/20 09:00:00 0.00 0.36 0.09
1913/01/20 13:00:00 0.00 0.36 0.09
1913/01/20 17:00:00 0.00 0.36 0.09
1913/01/20 21:00:00 0.00 0.36 0.09
1913/01/21 01:00:00 0.00 0.35 0.09
1913/01/21 05:00:00 0.00 0.35 0.09
1913/01/21 09:00:00 0.00 0.35 0.09
1913/01/21 13:00:00 0.00 0.35 0.09
1913/01/21 17:00:00 0.00 0.35 0.09
1913/01/21 21:00:00 0.00 0.35 0.09
1913/01/22 01:00:00 0.00 0.35 0.09
1913/01/22 05:00:00 0.00 0.35 0.09
1913/01/22 09:00:00 0.00 0.35 0.09
1913/01/22 13:00:00 0.00 0.35 0.09
1913/01/22 17:00:00 0.00 0.35 0.09
1913/01/22 21:00:00 0.00 0.35 0.09
1913/01/23 01:00:00 0.00 0.34 0.08
1913/01/23 05:00:00 0.00 0.34 0.08
1913/01/23 09:00:00 0.00 0.34 0.08
1913/01/23 13:00:00 0.00 0.34 0.08
1913/01/23 17:00:00 0.00 0.34 0.08
1913/01/23 21:00:00 0.00 0.34 0.08
1913/01/24 01:00:00 0.00 0.33 0.08
1913/01/24 05:00:00 0.00 0.33 0.08
1913/01/24 09:00:00 0.00 0.33 0.08
1913/01/24 13:00:00 0.00 0.33 0.08
1913/01/24 17:00:00 0.00 0.33 0.08
1913/01/24 21:00:00 0.00 0.33 0.08
1913/01/25 01:00:00 0.00 0.33 0.08
1913/01/25 05:00:00 0.00 0.30 0.08
1913/01/25 09:00:00 0.00 0.30 0.08
1913/01/25 13:00:00 0.00 0.30 0.08
1913/01/25 17:00:00 0.00 0.30 0.08
1913/01/25 21:00:00 0.00 0.30 0.08
1913/01/26 01:00:00 0.00 0.29 0.07
1913/01/26 05:00:00 0.00 0.29 0.07
1913/01/26 09:00:00 0.00 0.29 0.07
1913/01/26 13:00:00 0.00 0.29 0.07
1913/01/26 17:00:00 0.00 0.29 0.07
1913/01/26 21:00:00 0.00 0.29 0.07
1913/01/27 01:00:00 0.00 0.28 0.07
1913/01/27 05:00:00 0.00 0.28 0.07
1913/01/27 09:00:00 0.00 0.28 0.07
1913/01/27 13:00:00 0.00 0.28 0.07
1913/01/27 17:00:00 0.00 0.28 0.07
1913/01/27 21:00:00 0.00 0.28 0.07
1913/01/28 01:00:00 0.00 0.27 0.07
1913/01/28 05:00:00 0.00 0.27 0.07
1913/01/28 09:00:00 0.00 0.27 0.07
1913/01/28 13:00:00 0.00 0.27 0.07
1913/01/28 17:00:00 0.00 0.27 0.07
1913/01/28 21:00:00 0.00 0.27 0.07
1913/01/29 01:00:00 0.00 0.26 0.07
1913/01/29 05:00:00 0.00 0.26 0.07
1913/01/29 09:00:00 0.00 0.26 0.07
1913/01/29 13:00:00 0.00 0.26 0.07
1913/01/29 17:00:00 0.00 0.26 0.07
1913/01/29 21:00:00 0.00 0.26 0.07
1913/01/30 01:00:00 0.00 0.25 0.06
1913/01/30 05:00:00 0.00 0.25 0.06
1913/01/30 09:00:00 0.00 0.31 0.10
1913/01/30 13:00:00 0.00 0.31 0.10
1913/01/30 17:00:00 0.00 0.31 0.10
1913/01/30 21:00:00 0.32 0.99 0.66
1913/01/31 01:00:00 0.31 1.00 0.65
1913/01/31 05:00:00 0.00 0.30 0.10
1913/01/31 09:00:00 0.00 0.30 0.10
1913/01/31 13:00:00 0.00 0.30 0.10
1913/01/31 17:00:00 0.00 0.30 0.10
1913/01/31 21:00:00 0.00 0.30 0.10
1913/02/01 01:00:00 0.00 0.30 0.10
1913/02/01 05:00:00 0.00 0.24 0.06
1913/02/01 09:00:00 0.00 0.24 0.06
1913/02/01 13:00:00 0.00 0.28 0.06
1913/02/01 17:00:00 0.00 0.28 0.06
1913/02/01 21:00:00 0.00 0.28 0.06
1913/02/02 01:00:00 0.00 0.28 0.05
1913/02/02 05:00:00 0.00 0.28 0.05
1913/02/02 09:00:00 0.00 0.28 0.05
1913/02/02 13:00:00 0.00 0.28 0.05
1913/02/02 17:00:00 0.00 0.28 0.05
1913/02/02 21:00:00 0.00 0.28 0.05
1913/02/03 01:00:00 0.00 0.27 0.05
1913/02/03 05:00:00 0.00 0.27 0.05
1913/02/03 09:00:00 0.00 0.27 0.05
1913/02/03 13:00:00 0.00 0.27 0.05
1913/02/03 17:00:00 0.00 0.27 0.05
1913/02/03 21:00:00 0.00 0.27 0.05
1913/02/04 01:00:00 0.00 0.27 0.05
1913/02/04 05:00:00 0.00 0.27 0.05
1913/02/04 09:00:00 0.00 0.27 0.05
1913/02/04 13:00:00 0.00 0.27 0.05
1913/02/04 17:00:00 0.00 0.27 0.05
1913/02/04 21:00:00 0.00 0.27 0.05
1913/02/05 01:00:00 0.00 0.27 0.05
1913/02/05 05:00:00 0.00 0.27 0.05
1913/02/05 09:00:00 0.00 0.27 0.05
1913/02/05 13:00:00 0.00 0.27 0.05
1913/02/05 17:00:00 0.00 0.27 0.05
1913/02/05 21:00:00 0.00 0.27 0.05
1913/02/06 01:00:00 0.00 0.27 0.05
1913/02/06 05:00:00 0.00 0.27 0.05
1913/02/06 09:00:00 0.00 0.27 0.05
1913/02/06 13:00:00 0.00 0.27 0.05
1913/02/06 17:00:00 0.00 0.27 0.05
1913/02/06 21:00:00 0.00 0.27 0.05
1913/02/07 01:00:00 0.00 0.27 0.05
1913/02/07 05:00:00 0.00 0.27 0.05
1913/02/07 09:00:00 0.00 0.27 0.05
1913/02/07 13:00:00 0.00 0.27 0.05
1913/02/07 17:00:00 0.00 0.27 0.05
1913/02/07 21:00:00 0.00 0.27 0.05
1913/02/08 01:00:00 0.00 0.27 0.05
1913/02/08 05:00:00 0.00 0.27 0.05
1913/02/08 09:00:00 0.00 0.27 0.05
1913/02/08 13:00:00 0.00 0.27 0.05
1913/02/08 17:00:00 0.00 0.27 0.05
1913/02/08 21:00:00 0.00 0.27 0.05
1913/02/09 01:00:00 0.00 0.27 0.05
1913/02/09 05:00:00 0.00 0.27 0.05
1913/02/09 09:00:00 0.00 0.27 0.05
1913/02/09 13:00:00 0.00 0.27 0.05
1913/02/09 17:00:00 0.00 0.27 0.05
1913/02/09 21:00:00 0.00 0.27 0.05
1913/02/10 01:00:00 0.00 0.27 0.05
1913/02/10 05:00:00 0.00 0.27 0.05
1913/02/10 09:00:00 0.00 0.27 0.05
1913/02/10 13:00:00 0.00 0.27 0.05
1913/02/10 17:00:00 0.00 0.21 0.02
1913/02/10 21:00:00 0.00 0.21 0.02
1913/02/11 01:00:00 0.00 0.21 0.02
1913/02/11 05:00:00 0.00 0.21 0.02
1913/02/11 09:00:00 0.00 0.19 0.02
1913/02/11 13:00:00 0.00 0.02 0.00
1913/02/11 17:00:00 0.00 0.02 0.00
1913/02/11 21:00:00 0.00 0.02 0.01
1913/02/12 01:00:00 0.00 0.02 0.01
1913/02/12 05:00:00 0.00 0.02 0.01
1913/02/12 09:00:00 0.00 0.03 0.00
1913/02/12 13:00:00 0.00 0.03 0.00
1913/02/12 17:00:00 0.00 0.03 0.00
1913/02/12 21:00:00 0.00 0.03 0.00
1913/02/13 01:00:00 0.00 0.02 0.00
1913/02/13 05:00:00 0.00 0.02 0.00
1913/02/13 09:00:00 0.00 0.02 0.00
1913/02/13 13:00:00 0.00 0.02 0.00
1913/02/13 17:00:00 0.00 0.23 0.01
1913/02/13 21:00:00 0.00 0.23 0.01
1913/02/14 01:00:00 0.00 0.20 0.01
1913/02/14 05:00:00 0.00 0.03 0.00
1913/02/14 09:00:00 0.00 0.03 0.00
1913/02/14 13:00:00 0.00 0.02 0.01
1913/02/14 17:00:00 0.00 0.02 0.00
1913/02/14 20:00:00 0.00 0.02 0.00
1913/02/15 00:00:00 0.00 0.02 0.00
1913/02/15 04:00:00 0.00 0.18 0.01
1913/02/15 08:00:00 0.00 0.17 0.01
1913/02/15 12:00:00 0.00 0.23 0.02
1913/02/15 16:00:00 0.00 0.16 0.01
1913/02/15 20:00:00 0.00 0.02 0.01
1913/02/16 00:00:00 0.00 0.02 0.01
1913/02/16 04:00:00 0.00 0.03 0.00
1913/02/16 08:00:00 0.00 0.02 0.00
1913/02/16 12:00:00 0.00 0.03 0.00
1913/02/16 16:00:00 0.00 0.13 0.01
1913/02/16 19:00:00 0.00 0.33 0.04
1913/02/16 23:00:00 0.00 0.73 0.11
1913/02/17 03:00:00 0.00 0.70 0.10
1913/02/17 07:00:00 0.00 0.54 0.03
1913/02/17 11:00:00 0.00 0.41 0.02
1913/02/17 15:00:00 0.00 0.23 0.01
1913/02/17 19:00:00 0.00 0.02 0.01
1913/02/17 23:00:00 0.00 0.02 0.01
1913/02/18 03:00:00 0.00 0.16 0.01
1913/02/18 07:00:00 0.00 0.02 0.01
1913/02/18 11:00:00 0.00 0.35 0.05
1913/02/18 15:00:00 0.00 0.79 0.10
1913/02/18 19:00:00 0.00 0.66 0.10
1913/02/18 23:00:00 0.00 0.73 0.12
1913/02/19 03:00:00 0.00 0.83 0.13
1913/02/19 07:00:00 0.00 0.89 0.25
1913/02/19 11:00:00 0.00 0.94 0.29
1913/02/19 15:00:00 0.00 0.65 0.05
1913/02/19 18:00:00 0.00 0.65 0.05
1913/02/19 22:00:00 0.00 0.73 0.07
1913/02/20 02:00:00 0.00 0.70 0.07
1913/02/20 06:00:00 0.00 0.60 0.08
1913/02/20 10:00:00 0.00 0.60 0.08
1913/02/20 14:00:00 0.00 0.43 0.06
1913/02/20 18:00:00 0.00 0.43 0.06
1913/02/20 22:00:00 0.00 0.41 0.06
1913/02/21 02:00:00 0.00 0.40 0.06
1913/02/21 06:00:00 0.00 0.40 0.06
1913/02/21 10:00:00 0.00 0.42 0.05
1913/02/21 14:00:00 0.00 0.42 0.05
1913/02/21 18:00:00 0.00 0.42 0.05
1913/02/21 22:00:00 0.00 0.42 0.05
1913/02/22 02:00:00 0.00 0.41 0.05
1913/02/22 06:00:00 0.00 0.41 0.05
1913/02/22 10:00:00 0.00 0.41 0.05
1913/02/22 14:00:00 0.01 0.67 0.33
1913/02/22 18:00:00 0.01 0.67 0.33
1913/02/22 22:00:00 0.01 0.67 0.33
1913/02/23 02:00:00 0.00 0.72 0.33
1913/02/23 06:00:00 0.00 0.72 0.33
1913/02/23 10:00:00 0.00 0.72 0.33
1913/02/23 14:00:00 0.00 0.72 0.33
1913/02/23 18:00:00 0.00 0.72 0.33
1913/02/23 22:00:00 0.00 0.81 0.24
1913/02/24 02:00:00 0.00 0.52 0.20
1913/02/24 06:00:00 0.00 0.52 0.20
1913/02/24 10:00:00 0.00 0.52 0.20
1913/02/24 14:00:00 0.00 0.52 0.20
1913/02/24 18:00:00 0.00 0.52 0.18
1913/02/24 22:00:00 0.00 0.52 0.18
1913/02/25 02:00:00 0.00 0.52 0.18
1913/02/25 06:00:00 0.00 0.52 0.18
1913/02/25 10:00:00 0.00 0.29 0.03
1913/02/25 14:00:00 0.00 0.29 0.03
1913/02/25 18:00:00 0.00 0.29 0.03
1913/02/25 22:00:00 0.00 0.02 0.01
1913/02/26 02:00:00 0.00 0.02 0.01
1913/02/26 06:00:00 0.00 0.01 0.00
1913/02/26 10:00:00 0.00 0.01 0.00
1913/02/26 14:00:00 0.00 0.01 0.00
1913/02/26 18:00:00 0.00 0.01 0.00
1913/02/26 22:00:00 0.00 0.01 0.00
1913/02/27 02:00:00 0.00 0.01 0.00
1913/02/27 06:00:00 0.00 0.01 0.00
1913/02/27 10:00:00 0.00 0.01 0.00
1913/02/27 14:00:00 0.00 0.00 0.00
1913/02/27 18:00:00 0.00 0.00 0.00
1913/02/27 22:00:00 0.00 0.00 0.00
1913/02/28 02:00:00 0.00 0.00 0.00
1913/02/28 06:00:00 0.00 0.00 0.00
1913/02/28 10:00:00 0.00 0.00 0.00
1913/02/28 14:00:00 0.00 0.00 0.00
1913/02/28 18:00:00 0.00 0.00 0.00
1913/02/28 22:00:00 0.00 0.00 0.00
1913/03/01 02:00:00 0.00 0.00 0.00
1913/03/01 06:00:00 0.00 0.00 0.00
1913/03/01 10:00:00 0.00 0.00 0.00
1913/03/01 14:00:00 0.00 0.00 0.00
1913/03/01 18:00:00 0.00 0.00 0.00
1913/03/01 22:00:00 0.00 0.00 0.00
1913/03/02 02:00:00 0.00 0.00 0.00
1913/03/02 06:00:00 0.00 0.00 0.00
1913/03/02 10:00:00 0.00 0.00 0.00
1913/03/02 14:00:00 0.00 0.00 0.00
1913/03/02 19:00:00 0.00 0.00 0.00
1913/03/02 23:00:00 0.00 0.00 0.00
1913/03/03 03:00:00 0.00 0.00 0.00
1913/03/03 07:00:00 0.00 0.00 0.00
1913/03/03 11:00:00 0.00 0.00 0.00
1913/03/03 15:00:00 0.00 0.00 0.00
1913/03/03 19:00:00 0.00 0.00 0.00
1913/03/03 23:00:00 0.00 0.00 0.00
1913/03/04 03:00:00 0.00 0.00 0.00
1913/03/04 07:00:00 0.00 0.00 0.00
1913/03/04 11:00:00 0.00 0.00 0.00
1913/03/04 15:00:00 0.00 0.00 0.00
1913/03/04 19:00:00 0.00 0.00 0.00
1913/03/04 23:00:00 0.00 0.00 0.00
1913/03/05 03:00:00 0.00 0.00 0.00
1913/03/05 07:00:00 0.00 0.00 0.00
1913/03/05 11:00:00 0.00 0.00 0.00
1913/03/05 15:00:00 0.00 0.00 0.00
1913/03/05 20:00:00 0.00 0.00 0.00
1913/03/06 00:00:00 0.00 0.00 0.00
1913/03/06 04:00:00 0.00 0.00 0.00
1913/03/06 08:00:00 0.00 0.00 0.00
1913/03/06 12:00:00 0.00 0.00 0.00
1913/03/06 16:00:00 0.00 0.00 0.00
1913/03/06 20:00:00 0.00 0.00 0.00
1913/03/07 00:00:00 0.00 0.00 0.00
1913/03/07 04:00:00 0.00 0.00 0.00
1913/03/07 08:00:00 0.00 0.00 0.00
1913/03/07 12:00:00 0.00 0.00 0.00
1913/03/07 16:00:00 0.00 0.00 0.00
1913/03/07 20:00:00 0.00 0.00 0.00
1913/03/08 00:00:00 0.00 0.00 0.00
1913/03/08 04:00:00 0.00 0.00 0.00
1913/03/08 08:00:00 0.00 0.00 0.00
1913/03/08 12:00:00 0.00 0.00 0.00
1913/03/08 16:00:00 0.00 0.00 0.00
1913/03/08 20:00:00 0.00 0.00 0.00
1913/03/09 00:00:00 0.00 0.00 0.00
1913/03/09 04:00:00 0.00 0.00 0.00
1913/03/09 08:00:00 0.00 0.00 0.00
1913/03/09 12:00:00 0.00 0.00 0.00
1913/03/09 16:00:00 0.00 0.00 0.00
1913/03/09 21:00:00 0.00 0.00 0.00
1913/03/10 01:00:00 0.00 0.00 0.00
1913/03/10 05:00:00 0.00 0.00 0.00
1913/03/10 09:00:00 0.00 0.00 0.00
1913/03/10 13:00:00 0.00 0.00 0.00
1913/03/10 17:00:00 0.00 0.00 0.00
1913/03/10 21:00:00 0.00 0.00 0.00
1913/03/11 01:00:00 0.00 0.00 0.00
1913/03/11 05:00:00 0.00 0.00 0.00
1913/03/11 09:00:00 0.00 0.00 0.00
1913/03/11 13:00:00 0.00 0.00 0.00
1913/03/11 17:00:00 0.00 0.00 0.00
1913/03/11 21:00:00 0.00 0.00 0.00
1913/03/12 01:00:00 0.00 0.00 0.00
1913/03/12 05:00:00 0.00 0.00 0.00
1913/03/12 09:00:00 0.00 0.00 0.00
1913/03/12 13:00:00 0.00 0.00 0.00
1913/03/12 17:00:00 0.00 0.00 0.00
1913/03/12 21:00:00 0.00 0.00 0.00
1913/03/13 01:00:00 0.00 0.00 0.00
1913/03/13 05:00:00 0.00 0.00 0.00
1913/03/13 09:00:00 0.00 0.00 0.00
1913/03/13 13:00:00 0.00 0.00 0.00
1913/03/13 17:00:00 0.00 0.00 0.00
1913/03/13 21:00:00 0.00 0.00 0.00
1913/03/14 01:00:00 0.00 0.00 0.00
1913/03/14 05:00:00 0.00 0.00 0.00
1913/03/14 09:00:00 0.00 0.00 0.00
1913/03/14 13:00:00 0.00 0.00 0.00
1913/03/14 17:00:00 0.00 0.00 0.00
1913/03/14 21:00:00 0.00 0.00 0.00
1913/03/15 01:00:00 0.00 0.00 0.00
1913/03/15 05:00:00 0.00 0.00 0.00
1913/03/15 09:00:00 0.00 0.00 0.00
1913/03/15 13:00:00 0.00 0.00 0.00
1913/11/19 13:00:00 0.00 0.00 0.00
1913/11/19 17:00:00 0.00 0.00 0.00
1913/11/19 21:00:00 0.00 0.00 0.00
1913/11/20 01:00:00 0.00 0.00 0.00
1913/11/20 05:00:00 0.00 0.00 0.00
1913/11/20 09:00:00 0.00 0.00 0.00
1913/11/20 13:00:00 0.00 0.00 0.00
1913/11/20 17:00:00 0.00 0.00 0.00
1913/11/20 21:00:00 0.00 0.00 0.00
1913/11/21 01:00:00 0.00 0.00 0.00
1913/11/21 05:00:00 0.00 0.00 0.00
1913/11/21 09:00:00 0.00 0.00 0.00
1913/11/21 13:00:00 0.00 0.00 0.00
1913/11/21 17:00:00 0.00 0.00 0.00
1913/11/21 21:00:00 0.00 0.00 0.00
1913/11/22 01:00:00 0.00 0.00 0.00
1913/11/22 05:00:00 0.00 0.00 0.00
1913/11/22 09:00:00 0.00 0.00 0.00
1913/11/22 13:00:00 0.00 0.00 0.00
1913/11/22 17:00:00 0.00 0.00 0.00
1913/11/22 21:00:00 0.00 0.00 0.00
1913/11/23 01:00:00 0.00 0.00 0.00
1913/11/23 05:00:00 0.00 0.00 0.00
1913/11/23 09:00:00 0.00 0.00 0.00
1913/11/23 13:00:00 0.00 0.00 0.00
1913/11/23 17:00:00 0.00 0.00 0.00
1913/11/23 21:00:00 0.00 0.00 0.00
1913/11/24 01:00:00 0.00 0.00 0.00
1913/11/24 05:00:00 0.00 0.00 0.00
1913/11/24 09:00:00 0.00 0.00 0.00
1913/11/24 13:00:00 0.00 0.00 0.00
1913/11/24 17:00:00 0.00 0.00 0.00
1913/11/24 21:00:00 0.00 0.00 0.00
1913/11/25 01:00:00 0.00 0.00 0.00
1913/11/25 05:00:00 0.00 0.00 0.00
1913/11/25 09:00:00 0.00 0.00 0.00
1913/11/25 13:00:00 0.00 0.00 0.00
1913/11/25 17:00:00 0.00 0.00 0.00
1913/11/25 21:00:00 0.00 0.00 0.00
1913/11/26 01:00:00 0.00 0.00 0.00
1913/11/26 05:00:00 0.00 0.00 0.00
1913/11/26 09:00:00 0.00 0.00 0.00
1913/11/26 13:00:00 0.00 0.00 0.00
1913/11/26 17:00:00 0.00 0.00 0.00
1913/11/26 22:00:00 0.00 0.00 0.00
1913/11/27 02:00:00 0.00 0.00 0.00
1913/11/27 06:00:00 0.00 0.00 0.00
1913/11/27 10:00:00 0.00 0.00 0.00
1913/11/27 14:00:00 0.00 0.00 0.00
1913/11/27 18:00:00 0.00 0.00 0.00
1913/11/27 22:00:00 0.00 0.00 0.00
1913/11/28 02:00:00 0.00 0.00 0.00
1913/11/28 06:00:00 0.00 0.00 0.00
1913/11/28 10:00:00 0.00 0.00 0.00
1913/11/28 14:00:00 0.00 0.00 0.00
1913/11/28 18:00:00 0.00 0.00 0.00
1913/11/28 22:00:00 0.00 0.00 0.00
1913/11/29 02:00:00 0.00 0.00 0.00
1913/11/29 06:00:00 0.00 0.00 0.00
1913/11/29 10:00:00 0.00 0.00 0.00
1913/11/29 14:00:00 0.00 0.00 0.00
1913/11/29 18:00:00 0.00 0.00 0.00
1913/11/29 22:00:00 0.00 0.00 0.00
1913/11/30 02:00:00 0.00 0.00 0.00
1913/11/30 06:00:00 0.00 0.00 0.00
1913/11/30 10:00:00 0.00 0.00 0.00
1913/11/30 14:00:00 0.00 0.00 0.00
1913/11/30 18:00:00 0.00 0.00 0.00
1913/11/30 22:00:00 0.00 0.00 0.00
1913/12/01 02:00:00 0.00 0.00 0.00
1913/12/01 06:00:00 0.00 0.00 0.00
1913/12/01 10:00:00 0.00 0.00 0.00
1913/12/01 14:00:00 0.00 0.00 0.00
1913/12/01 18:00:00 0.00 0.00 0.00
1913/12/01 22:00:00 0.00 0.00 0.00
1913/12/02 02:00:00 0.00 0.00 0.00
1913/12/02 06:00:00 0.00 0.00 0.00
1913/12/02 10:00:00 0.00 0.00 0.00
1913/12/02 14:00:00 0.00 0.00 0.00
1913/12/02 18:00:00 0.00 0.00 0.00
1913/12/02 22:00:00 0.00 0.00 0.00
1913/12/03 02:00:00 0.00 0.00 0.00
1913/12/03 06:00:00 0.00 0.00 0.00
1913/12/03 10:00:00 0.00 0.00 0.00
1913/12/03 14:00:00 0.00 0.00 0.00
1913/12/03 18:00:00 0.00 0.00 0.00
1913/12/03 22:00:00 0.00 0.00 0.00
1913/12/04 02:00:00 0.00 0.00 0.00
1913/12/04 06:00:00 0.00 0.00 0.00
1913/12/04 10:00:00 0.00 0.00 0.00
1913/12/04 14:00:00 0.00 0.00 0.00
1913/12/04 18:00:00 0.00 0.00 0.00
1913/12/04 22:00:00 0.00 0.00 0.00
1913/12/05 02:00:00 0.00 0.00 0.00
1913/12/05 06:00:00 0.00 0.00 0.00
1913/12/05 10:00:00 0.00 0.00 0.00
1913/12/05 14:00:00 0.00 0.00 0.00
1913/12/05 18:00:00 0.00 0.00 0.00
1913/12/05 22:00:00 0.00 0.00 0.00
1913/12/06 02:00:00 0.00 0.00 0.00
1913/12/06 06:00:00 0.00 0.00 0.00
1913/12/06 10:00:00 0.00 0.00 0.00
1913/12/06 14:00:00 0.00 0.00 0.00
1913/12/06 18:00:00 0.00 0.00 0.00
1913/12/06 22:00:00 0.00 0.00 0.00
1913/12/07 02:00:00 0.00 0.00 0.00
1913/12/07 06:00:00 0.00 0.00 0.00
1913/12/07 10:00:00 0.00 0.00 0.00
1913/12/07 14:00:00 0.00 0.00 0.00
1913/12/07 18:00:00 0.00 0.00 0.00
1913/12/07 22:00:00 0.00 0.00 0.00
1913/12/08 02:00:00 0.00 0.00 0.00
1913/12/08 06:00:00 0.00 0.00 0.00
1913/12/08 10:00:00 0.00 0.00 0.00
1913/12/08 14:00:00 0.00 0.00 0.00
1913/12/08 18:00:00 0.00 0.00 0.00
1913/12/08 22:00:00 0.00 0.00 0.00
1913/12/09 02:00:00 0.00 0.00 0.00
1913/12/09 06:00:00 0.00 0.01 0.00
1913/12/09 10:00:00 0.00 0.01 0.00
1913/12/09 14:00:00 0.00 0.05 0.01
1913/12/09 18:00:00 0.00 0.05 0.01
1913/12/09 22:00:00 0.00 0.05 0.01
1913/12/10 02:00:00 0.00 0.06 0.01
1913/12/10 06:00:00 0.00 0.06 0.01
1913/12/10 10:00:00 0.00 0.05 0.01
1913/12/10 14:00:00 0.00 0.24 0.03
1913/12/10 18:00:00 0.00 0.24 0.03
1913/12/10 22:00:00 0.00 0.24 0.03
1913/12/11 02:00:00 0.00 0.44 0.09
1913/12/11 06:00:00 0.00 0.44 0.09
1913/12/11 10:00:00 0.00 0.40 0.05
1913/12/11 14:00:00 0.00 0.40 0.05
1913/12/11 18:00:00 0.00 0.44 0.05
1913/12/11 21:00:00 0.00 0.44 0.05
1913/12/12 01:00:00 0.00 0.55 0.16
1913/12/12 05:00:00 0.00 0.55 0.16
1913/12/12 09:00:00 0.00 0.55 0.16
1913/12/12 13:00:00 0.00 0.55 0.16
1913/12/12 17:00:00 0.00 0.41 0.11
1913/12/12 21:00:00 0.00 0.59 0.16
1913/12/13 01:00:00 0.00 0.52 0.13
1913/12/13 05:00:00 0.00 0.52 0.13
1913/12/13 09:00:00 0.00 0.44 0.09
1913/12/13 13:00:00 0.00 0.44 0.09
1913/12/13 17:00:00 0.00 0.40 0.14
1913/12/13 21:00:00 0.00 0.40 0.14
1913/12/14 01:00:00 0.00 0.39 0.13
1913/12/14 05:00:00 0.00 0.39 0.13
1913/12/14 09:00:00 0.00 0.39 0.13
1913/12/14 13:00:00 0.00 0.39 0.13
1913/12/14 17:00:00 0.00 0.39 0.13
1913/12/14 21:00:00 0.00 0.39 0.13
1913/12/15 01:00:00 0.00 0.38 0.13
1913/12/15 05:00:00 0.00 0.38 0.13
1913/12/15 09:00:00 0.00 0.38 0.13
1913/12/15 13:00:00 0.00 0.38 0.13
1913/12/15 17:00:00 0.00 0.38 0.13
1913/12/15 21:00:00 0.00 0.38 0.13
1913/12/16 01:00:00 0.00 0.37 0.12
1913/12/16 05:00:00 0.00 0.37 0.12
1913/12/16 09:00:00 0.00 0.37 0.12
1913/12/16 13:00:00 0.00 0.37 0.12
1913/12/16 17:00:00 0.00 0.37 0.12
1913/12/16 21:00:00 0.00 0.37 0.12
1913/12/17 01:00:00 0.00 0.36 0.11
1913/12/17 05:00:00 0.00 0.36 0.11
1913/12/17 09:00:00 0.00 0.36 0.11
1913/12/17 13:00:00 0.00 0.36 0.11
1913/12/17 17:00:00 0.00 0.36 0.11
1913/12/17 21:00:00 0.00 0.36 0.11
1913/12/18 01:00:00 0.00 0.35 0.11
1913/12/18 05:00:00 0.00 0.35 0.11
1913/12/18 09:00:00 0.00 0.35 0.11
1913/12/18 13:00:00 0.00 0.35 0.11
1913/12/18 17:00:00 0.00 0.35 0.11
1913/12/18 21:00:00 0.00 0.35 0.11
1913/12/19 01:00:00 0.00 0.34 0.11
1913/12/19 05:00:00 0.00 0.38 0.07
1913/12/19 09:00:00 0.00 0.38 0.07
1913/12/19 13:00:00 0.00 0.38 0.07
1913/12/19 17:00:00 0.00 0.38 0.07
1913/12/19 21:00:00 0.00 0.38 0.07
1913/12/20 01:00:00 0.00 0.38 0.07
1913/12/20 05:00:00 0.00 0.38 0.07
1913/12/20 09:00:00 0.00 0.38 0.07
1913/12/20 13:00:00 0.00 0.38 0.07
1913/12/20 17:00:00 0.00 0.38 0.07
1913/12/20 21:00:00 0.00 0.38 0.07
1913/12/21 01:00:00 0.00 0.37 0.07
1913/12/21 05:00:00 0.00 0.37 0.07
1913/12/21 09:00:00 0.00 0.37 0.07
1913/12/21 13:00:00 0.00 0.37 0.07
1913/12/21 17:00:00 0.00 0.37 0.07
1913/12/21 21:00:00 0.00 0.37 0.07
1913/12/22 01:00:00 0.00 0.36 0.07
1913/12/22 05:00:00 0.00 0.36 0.07
1913/12/22 09:00:00 0.00 0.36 0.07
1913/12/22 13:00:00 0.00 0.36 0.07
1913/12/22 17:00:00 0.00 0.36 0.07
1913/12/22 21:00:00 0.00 0.36 0.07
1913/12/23 01:00:00 0.00 0.36 0.07
1913/12/23 05:00:00 0.00 0.36 0.07
1913/12/23 09:00:00 0.00 0.36 0.07
1913/12/23 13:00:00 0.00 0.36 0.07
1913/12/23 17:00:00 0.00 0.36 0.07
1913/12/23 21:00:00 0.00 0.36 0.07
1913/12/24 01:00:00 0.00 0.35 0.07
1913/12/24 05:00:00 0.00 0.35 0.07
1913/12/24 09:00:00 0.00 0.35 0.07
1913/12/24 13:00:00 0.00 0.35 0.07
1913/12/24 17:00:00 0.00 0.35 0.07
1913/12/24 21:00:00 0.00 0.35 0.07
1913/12/25 01:00:00 0.00 0.35 0.07
1913/12/25 05:00:00 0.00 0.35 0.07
1913/12/25 09:00:00 0.00 0.35 0.07
1913/12/25 13:00:00 0.00 0.35 0.07
1913/12/25 17:00:00 0.00 0.35 0.07
1913/12/25 21:00:00 0.00 0.35 0.07
1913/12/26 01:00:00 0.00 0.34 0.07
1913/12/26 05:00:00 0.00 0.34 0.07
1913/12/26 09:00:00 0.00 0.34 0.07
1913/12/26 13:00:00 0.00 0.47 0.11
1913/12/26 17:00:00 0.00 0.47 0.11
1913/12/26 21:00:00 0.00 0.47 0.11
1913/12/27 01:00:00 0.00 0.47 0.12
1913/12/27 05:00:00 0.00 0.47 0.12
1913/12/27 09:00:00 0.00 0.47 0.12
1913/12/27 13:00:00 0.00 0.57 0.15
1913/12/27 17:00:00 0.00 0.57 0.15
1913/12/27 21:00:00 0.28 0.85 0.60
1913/12/28 01:00:00 0.00 0.57 0.15
1913/12/28 05:00:00 0.00 0.57 0.15
1913/12/28 09:00:00 0.00 0.57 0.15
1913/12/28 13:00:00 0.00 0.57 0.15
1913/12/28 17:00:00 0.00 0.57 0.15
1913/12/28 21:00:00 0.00 0.57 0.15
1913/12/29 01:00:00 0.00 0.57 0.15
1913/12/29 05:00:00 0.00 0.57 0.15
1913/12/29 09:00:00 0.00 0.57 0.15
1913/12/29 13:00:00 0.00 0.57 0.15
1913/12/29 17:00:00 0.00 0.57 0.15
1913/12/29 21:00:00 0.00 0.57 0.15
1913/12/30 01:00:00 0.00 0.57 0.15
1913/12/30 05:00:00 0.00 0.57 0.15
1913/12/30 09:00:00 0.00 0.46 0.12
1913/12/30 13:00:00 0.00 0.46 0.12
1913/12/30 17:00:00 0.00 0.46 0.12
1913/12/30 21:00:00 0.00 0.32 0.07
1913/12/31 01:00:00 0.00 0.32 0.07
1913/12/31 05:00:00 0.00 0.32 0.07
1913/12/31 09:00:00 0.00 0.30 0.08
1913/12/31 13:00:00 0.00 0.30 0.08
1913/12/31 17:00:00 0.00 0.30 0.08
1913/12/31 21:00:00 0.00 0.56 0.16
1914/01/01 01:00:00 0.00 0.55 0.19
1914/01/01 05:00:00 0.00 0.55 0.19
1914/01/01 09:00:00 0.00 0.55 0.19
1914/01/01 13:00:00 0.04 1.00 0.26
1914/01/01 17:00:00 0.00 0.30 0.08
1914/01/01 21:00:00 0.00 0.30 0.08
1914/01/02 01:00:00 0.03 0.74 0.21
1914/01/02 05:00:00 0.03 0.74 0.21
1914/01/02 09:00:00 0.06 0.96 0.45
1914/01/02 13:00:00 0.06 0.96 0.45
1914/01/02 17:00:00 0.18 0.98 0.56
1914/01/02 21:00:00 0.18 0.98 0.56
1914/01/03 01:00:00 0.16 0.98 0.55
1914/01/03 05:00:00 0.18 1.00 0.71
1914/01/03 09:00:00 0.18 1.00 0.71
1914/01/03 13:00:00 0.17 1.00 0.68
1914/01/03 17:00:00 0.05 0.48 0.21
1914/01/03 20:00:00 0.02 0.60 0.22
1914/01/04 00:00:00 0.01 0.59 0.21
1914/01/04 04:00:00 0.00 0.51 0.16
1914/01/04 08:00:00 0.00 0.51 0.16
1914/01/04 12:00:00 0.00 0.51 0.16
1914/01/04 16:00:00 0.00 0.51 0.12
1914/01/04 20:00:00 0.00 0.51 0.12
1914/01/05 00:00:00 0.00 0.51 0.12
1914/01/05 04:00:00 0.00 0.60 0.12
1914/01/05 08:00:00 0.00 0.60 0.12
1914/01/05 12:00:00 0.00 0.60 0.15
1914/01/05 16:00:00 0.00 0.60 0.15
1914/01/05 20:00:00 0.00 0.60 0.15
1914/01/06 00:00:00 0.02 0.40 0.14
1914/01/06 04:00:00 0.02 0.40 0.14
1914/01/06 08:00:00 0.02 0.36 0.13
1914/01/06 12:00:00 0.02 0.36 0.13
1914/01/06 16:00:00 0.01 0.42 0.15
1914/01/06 20:00:00 0.01 0.42 0.15
1914/01/07 00:00:00 0.03 0.45 0.19
1914/01/07 04:00:00 0.03 0.45 0.19
1914/01/07 08:00:00 0.03 0.45 0.19
1914/01/07 12:00:00 0.03 0.45 0.19
1914/01/07 16:00:00 0.03 0.45 0.19
1914/01/07 20:00:00 0.00 0.53 0.15
1914/01/08 00:00:00 0.00 0.51 0.14
1914/01/08 04:00:00 0.00 0.51 0.14
1914/01/08 08:00:00 0.00 0.33 0.05
1914/01/08 12:00:00 0.00 0.33 0.05
1914/01/08 16:00:00 0.00 0.26 0.05
1914/01/08 20:00:00 0.30 0.97 0.62
1914/01/09 00:00:00 0.24 1.00 0.64
1914/01/09 04:00:00 0.24 1.00 0.64
1914/01/09 08:00:00 0.25 1.00 0.61
1914/01/09 12:00:00 0.25 1.00 0.61
1914/01/09 16:00:00 0.25 1.00 0.61
1914/01/09 20:00:00 0.00 0.94 0.54
1914/01/10 00:00:00 0.00 0.94 0.53
1914/01/10 04:00:00 0.00 1.00 0.56
1914/01/10 08:00:00 0.02 1.00 0.59
1914/01/10 12:00:00 0.00 0.88 0.14
1914/01/10 16:00:00 0.00 0.96 0.21
1914/01/10 19:00:00 0.00 0.96 0.21
1914/01/10 23:00:00 0.00 0.82 0.22
1914/01/11 03:00:00 0.00 0.68 0.20
1914/01/11 07:00:00 0.00 0.68 0.20
1914/01/11 11:00:00 0.00 0.50 0.15
1914/01/11 15:00:00 0.00 0.44 0.09
1914/01/11 19:00:00 0.00 0.44 0.09
1914/01/11 23:00:00 0.00 0.41 0.09
1914/01/12 03:00:00 0.00 0.39 0.06
1914/01/12 07:00:00 0.00 0.39 0.06
1914/01/12 11:00:00 0.00 0.47 0.08
1914/01/12 15:00:00 0.00 0.55 0.08
1914/01/12 19:00:00 0.00 0.65 0.07
1914/01/12 23:00:00 0.00 0.65 0.07
1914/01/13 03:00:00 0.00 0.80 0.09
1914/01/13 07:00:00 0.00 0.80 0.19
1914/01/13 11:00:00 0.00 0.90 0.27
1914/01/13 15:00:00 0.00 0.90 0.27
1914/01/13 18:00:00 0.00 0.96 0.32
1914/01/13 22:00:00 0.00 0.96 0.32
1914/01/14 02:00:00 0.00 0.57 0.07
1914/01/14 06:00:00 0.00 0.57 0.07
1914/01/14 10:00:00 0.00 0.72 0.13
1914/01/14 14:00:00 0.00 0.72 0.13
1914/01/14 18:00:00 0.00 0.88 0.20
1914/01/14 22:00:00   NA   NA  NA
1914/01/15 02:00:00   NA   NA  NA
1914/01/15 06:00:00   NA   NA  NA
