1699/10/08 12:00:00    NA   NA   NA   NA 11.9   NA 1019.7     NA   NA   NA    NA     NA     NA   NA 
1699/10/09 12:00:00    NA 0.00   NA 14.7 11.9 14.1 1016.3 1016.3   NA  8.0  49.2   -5.7     NA 14.5 
1699/10/10 12:00:00  3.30 0.00   NA 16.0 13.8 15.3 1006.0 1016.5  9.3  7.9  47.6   -8.6     NA 15.9 
1699/10/11 12:00:00  1.89 0.00   NA 16.5 14.4 15.7 1005.9 1016.7  2.6  8.0  46.6  -10.2     NA 16.3 
1699/10/12 12:00:00  1.72 0.00   NA 16.9 14.2 16.0 1009.2 1016.9   NA  8.0  45.4  -11.1     NA 16.7 
1699/10/13 12:00:00  0.79 0.00   NA 17.2 14.9 16.3 1009.1 1017.2 15.4  8.0  45.0  -11.8     NA 17.0 
1699/10/14 12:00:00  2.41 0.00   NA 17.7 13.8 16.8 1012.4 1017.3   NA  7.9  43.6  -13.5     NA 17.3 
1699/10/15 12:00:00  2.31 0.00   NA 18.1 15.1 17.1 1008.9 1017.5   NA  7.8  42.0  -14.7     NA 17.8 
1699/10/16 11:00:00  2.34 0.00   NA 19.2 14.2 18.1 1005.3 1018.2  9.3  7.4  40.5  -15.8     NA 18.7 
1699/10/17 11:00:00  0.90 0.00   NA 19.7 16.1 18.5  900.4 1018.5   NA  7.2  39.9  -16.2     NA 19.4 
1699/10/18 11:00:00  1.60 0.00   NA 20.1 17.1 18.8 1005.2 1018.5  9.3  6.9  38.6  -15.9     NA 19.4 
1699/10/19 11:00:00  1.24 0.00   NA 20.6 18.0 19.2  994.9 1018.7   NA  6.7  37.7  -16.2     NA 20.0 
1699/10/20 11:00:00  0.70 0.00   NA 20.6 17.1 19.2  994.9 1018.7   NA  6.8  37.2  -16.3     NA 19.9 
1699/10/21 11:00:00  2.49 0.00   NA 21.4 16.1 19.9 1004.9 1018.9   NA  6.3  35.2  -16.5     NA 20.7 
1699/10/22 11:00:00  2.51 0.00   NA 22.0 18.3 20.5 1004.7 1018.9 19.0  5.4  33.5  -17.5     NA 21.9 
1699/10/23 11:00:00  1.94 0.00   NA 22.1 19.7 20.8  974.2 1018.6   NA  5.2  32.2  -16.6     NA 22.0 
1699/10/24 11:00:00  1.99 0.00   NA 22.6 20.2 21.4 1004.5 1018.4   NA  5.6  30.9  -17.6     NA 22.4 
1699/10/25 11:00:00  2.05 0.00   NA 22.7 19.9 21.5  997.6 1018.2   NA  5.0  29.3  -17.5     NA 22.7 
1699/10/26 11:00:00  2.73 0.00   NA 23.3 20.7 22.2 1011.0 1017.9   NA  5.5  27.6  -19.0     NA 23.3 
1699/10/27 11:00:00  3.23 0.00   NA 23.6 21.1 22.4 1007.4 1017.2   NA  5.9  25.1  -19.5     NA 23.7 
1699/10/28 11:00:00  3.07 0.00   NA 23.4 22.3 22.4 1010.7 1015.9   NA  6.6  22.8  -19.9     NA 24.1 
1699/10/29 11:00:00  3.21 0.00   NA 24.3 23.5 23.1 1007.1 1015.3 19.0  7.0  20.3  -20.4     NA 24.8 
1699/10/30 11:00:00  3.06 0.00   NA 25.4 24.7 24.1 1007.0 1014.6   NA  7.2  18.0  -20.9     NA 25.6 
1699/10/31 11:00:00  2.05 0.00   NA 26.2 25.2 25.0 1003.6 1014.1   NA  6.8  16.9  -22.2     NA 26.1 
1699/11/01 11:00:00    NA   NA   NA   NA 25.4   NA 1006.9     NA   NA   NA    NA     NA     NA   NA 
1699/11/03 11:00:00    NA   NA   NA   NA 25.7   NA 1003.5     NA   NA   NA  16.3     NA     NA   NA 
1699/11/04 11:00:00    NA 0.00   NA 26.8 25.7 25.6 1000.1 1013.6   NA  6.0  14.8  -23.5     NA 26.7 
1699/11/08 11:00:00  0.59 0.00   NA 27.3 26.6 26.0 1003.4 1013.3   NA  6.1  13.3  -22.4     NA 27.1 
1699/11/09 11:00:00  2.23 0.00   NA 28.1 26.8 26.9 1003.3 1012.7   NA  4.7  11.9  -21.4     NA 28.0 
1699/11/10 11:00:00  2.36 0.00   NA 28.4 26.8 27.2 1003.3 1012.4   NA  3.8  10.3  -20.4     NA 28.2 
1699/11/11 11:00:00  2.34 0.00   NA 28.5 27.3 27.2  999.9 1012.2  9.3  2.7   8.8  -19.4     NA 28.4 
1699/11/12 11:00:00  1.56 0.00   NA 28.4 28.0 27.2  999.8 1012.0   NA  2.5   7.7  -18.9     NA 28.3 
1699/11/13 11:00:00  1.80 0.00   NA 28.2 27.6 26.9  999.8 1012.0   NA  2.7   6.3  -18.7     NA 27.9 
1699/11/14 11:00:00  1.41 0.00   NA 27.9 26.1 26.6 1003.2 1011.9  2.6  3.0   5.2  -18.4     NA 27.2 
1699/11/15 11:00:00  0.23 0.00   NA 27.9 26.8 26.6 1003.2 1011.9   NA  3.0   5.2  -18.6     NA 27.2 
1699/11/16 11:00:00  0.42 0.00   NA 27.7 26.6 26.3 1003.1 1011.9  0.0  3.7   4.9  -18.8     NA 26.9 
1699/11/17 11:00:00  0.52 0.00   NA 27.7 26.1 26.3 1003.1 1011.9  0.0  3.6   4.5  -18.9     NA 26.8 
1699/11/18 11:00:00  0.45 0.00   NA 27.9 26.4 26.3 1003.1 1011.9  0.0  3.7   4.2  -19.2     NA 26.7 
1699/11/19 11:00:00  1.03 0.00   NA 27.5 26.4 26.0 1003.1 1011.9   NA  4.4   3.8  -19.8     NA 26.6 
1699/11/20 11:00:00  0.54 0.00   NA 27.5 24.9 26.0  999.8 1011.9  2.6  4.4   3.3  -19.8     NA 26.6 
1699/11/21 11:00:00  1.31 0.00   NA 27.3 25.7 25.9  999.7 1012.0  9.3  5.2   2.7  -20.6     NA 27.0 
1699/11/22 11:00:00  0.93 0.00   NA 27.3 25.2 26.0 1003.1 1011.9  9.3  5.2   2.4  -21.2     NA 27.0 
1699/11/23 11:00:00  0.43 0.00   NA 27.3 25.9 26.0 1003.1 1011.9   NA  5.2   2.1  -21.4     NA 27.0 
1699/11/24 11:00:00  0.76 0.00   NA 26.8 24.9 25.8 1003.1 1012.0  6.7  5.7   1.7  -21.9     NA 26.9 
1699/11/25 11:00:00  1.40 0.00   NA 26.6 25.4 25.6 1003.1 1012.0   NA  6.1   0.9  -22.7     NA 26.7 
1699/11/26 11:00:00  1.30 0.00   NA 26.6 25.2 25.7 1003.1 1011.9   NA  6.2   0.2  -23.4     NA 26.9 
1699/11/27 11:00:00  0.96 0.00   NA 26.6 24.9 25.6 1003.1 1012.0 12.3  6.4  -0.1  -24.1     NA 27.2 
1699/11/28 11:00:00  1.88 0.00   NA 26.6 24.9 25.7 1003.1 1012.1   NA  6.6  -1.4  -24.7     NA 27.2 
1699/11/29 11:00:00  1.56 0.00   NA 26.7 24.9 25.7 1003.1 1012.2 12.3  6.9  -2.3  -25.5     NA 27.1 
1699/11/30 11:00:00  1.50 0.00   NA 26.6   NA 25.7     NA 1012.3   NA  7.1  -3.2  -26.2     NA 26.7 
1699/12/01 11:00:00  1.12 0.00   NA 26.6 24.0 25.7 1003.1 1012.3  6.7  7.1  -3.8  -26.8     NA 26.7 
1699/12/02 11:00:00  1.56 0.00   NA 26.6 24.5 25.6 1004.0 1012.3 15.4  7.2  -5.0  -27.2     NA 26.8 
1699/12/03 11:00:00  1.53 0.00   NA 26.6 24.9 25.5 1004.9 1012.7 15.4  7.3  -6.1  -27.5     NA 26.9 
1699/12/04 11:00:00  1.68 0.00   NA 26.5 24.7 25.4 1003.2 1012.9   NA  7.3  -7.4  -27.9     NA 27.4 
1699/12/05 11:00:00  1.27 0.00   NA 26.6 24.5 25.6 1003.2 1013.0   NA  7.2  -8.3  -28.2     NA 27.4 
1699/12/06 11:00:00  1.18 0.00   NA 26.4 24.5 25.6  937.4 1013.2   NA  7.2  -9.2  -28.4     NA 27.1 
1699/12/07 11:00:00  2.22 0.00   NA 26.3 25.4 25.6  937.4 1013.4  9.3  7.1 -10.9  -28.6     NA 26.9 
1699/12/08 11:00:00  2.50 0.00   NA 26.3 25.4 25.5 1006.8 1013.9 19.0  6.9 -12.8  -28.4     NA 26.5 
1699/12/09 11:00:00  2.25 0.00   NA 26.2 25.4 25.2 1006.8 1014.4   NA  6.7 -14.6  -28.3     NA 26.4 
1699/12/10 11:00:00  2.29 0.00   NA 25.9 25.7 25.0 1008.6 1014.9   NA  6.3 -16.4  -28.5     NA 26.5 
1699/12/11 11:00:00  2.03 0.00   NA 25.9 25.2 24.9 1010.4 1015.2   NA  6.2 -17.9  -28.8     NA 26.7 
1699/12/12 11:00:00  1.68 0.00   NA 25.9 25.1 25.1 1010.4 1015.4   NA  5.8 -19.1  -29.4     NA 26.3 
1699/12/13 10:00:00  1.63 0.00   NA 25.8 25.9 25.0 1008.8 1015.4  4.6  5.8 -20.0  -30.3     NA 25.7 
1699/12/14 10:00:00  1.69 0.00   NA 25.9 26.6 25.1 1008.9 1015.1  4.6  5.9 -21.0  -31.2     NA 25.6 
1699/12/15 10:00:00  7.54 0.00   NA 25.7 25.9 25.0 1007.2 1013.5  4.6  6.7 -21.8  -37.5     NA 25.8 
1699/12/16 10:00:00  2.74 0.00   NA 25.2 25.9 24.6 1005.6 1013.0   NA  6.9 -22.7  -39.5     NA 25.3 
1699/12/17 10:00:00  1.43 0.00   NA 24.7 24.9 24.4 1007.3 1012.7 12.3  6.4 -22.7  -40.7     NA 24.8 
1699/12/18 10:00:00  0.18 0.00   NA 24.8 25.7 24.4 1003.9 1012.6  6.7  6.4 -22.8  -40.9     NA 24.8 
1699/12/19 10:00:00  1.92 0.00   NA 24.2 24.2 24.1 1003.9 1012.1   NA  3.4 -22.8  -42.5     NA 23.8 
1699/12/20 10:00:00  0.83 0.00   NA 24.2 24.0 24.2 1002.2 1012.1   NA  3.4 -22.2  -42.8     NA 23.8 
1699/12/21 10:00:00  0.34 0.00   NA 24.4 24.9 24.0 1000.5 1011.8   NA  2.4 -22.3  -43.1     NA 25.1 
1699/12/22 10:00:00  0.35 0.00   NA 24.5   NA 24.0     NA 1011.8   NA  2.4 -22.5  -43.3     NA 25.2 
1699/12/23 10:00:00  1.56 0.00   NA 24.5 24.7 24.1 1003.9 1011.7   NA  2.9 -23.0  -44.5     NA 25.2 
1699/12/24 10:00:00  0.28 0.00   NA 24.6 24.5 24.2 1005.6 1011.7   NA  2.9 -23.1  -44.7     NA 25.2 
1700/01/09 10:00:00    NA   NA   NA   NA   NA   NA     NA     NA   NA   NA -23.3     NA     NA   NA 
1700/01/10 09:00:00    NA 0.00   NA 25.3   NA 24.9     NA 1011.3  4.6  2.3 -23.8  -45.2     NA 25.6 
1700/01/11 09:00:00  0.44 0.00   NA 25.4   NA 25.0     NA 1011.4  6.7  3.8 -24.1  -45.2     NA 25.9 
1700/01/12 10:00:00  0.82 0.00   NA 25.5   NA 25.0     NA 1011.6  4.6  4.3 -24.5  -44.6     NA 25.8 
1700/01/13 10:00:00  0.86 0.00   NA 25.6   NA 25.0     NA 1011.8  4.6  5.2 -25.1  -44.8     NA 26.0 
1700/01/14 09:00:00  1.52 0.00   NA 25.5   NA 24.9     NA 1011.7  9.3  5.4 -26.2  -45.2     NA 26.2 
1700/01/15 09:00:00  0.93 0.00   NA 25.6 25.9 24.9 1007.6 1011.7   NA  5.4 -26.8  -45.6     NA 26.2 
1700/01/16 09:00:00  0.83 0.00   NA 25.4   NA 24.6     NA 1011.7  4.6  5.6 -27.3  -46.1     NA 25.6 
1700/01/17 09:00:00  0.88 0.00   NA 25.5   NA 24.7     NA 1011.7   NA  5.6 -27.9  -46.3     NA 25.6 
1700/01/18 09:00:00  0.71 0.00   NA 25.2 22.3 24.3 1011.1 1011.9   NA  5.9 -28.5  -46.5     NA 25.5 
1700/01/19 09:00:00  1.04 0.00   NA 24.8 23.5 23.8 1009.4 1012.0  9.3  6.1 -29.2  -46.8     NA 25.2 
1700/01/20 09:00:00  1.86 0.00   NA 24.6 23.0 23.7 1006.2 1012.0   NA  6.5 -30.5  -47.6     NA 24.9 
1700/01/21 09:00:00  1.75 0.00   NA 24.2 22.3 23.4 1004.6 1012.0  9.3  6.7 -31.8  -48.2     NA 24.6 
1700/01/22 09:00:00  2.78 0.00   NA 23.1 22.8 22.2 1011.5 1012.0 19.0  6.6 -33.7  -49.4     NA 23.8 
1700/01/23 09:00:00  2.75 0.00   NA 22.1 21.8 21.1 1006.6 1011.9   NA  6.6 -35.6  -50.6     NA 22.9 
1700/01/24 09:00:00  2.12 0.00   NA 21.1 21.1 20.1 1005.0 1011.4   NA  6.7 -37.2  -51.1     NA 22.0 
1700/01/25 09:00:00  0.72 0.00   NA 21.1 19.0 20.1 1013.6 1011.4   NA  6.7 -37.7  -51.1     NA 22.0 
1700/01/26 09:00:00  0.59 0.00   NA 20.4 18.5 19.4 1011.9 1011.2   NA  6.9 -38.1  -51.5     NA 21.0 
1700/01/27 09:00:00  1.74 0.00   NA 19.7 21.6 18.5 1008.6 1011.1 19.0  7.1 -39.5  -51.4     NA 20.4 
1700/01/28 09:00:00  2.87 0.00   NA 17.5 21.1 16.7 1002.1 1010.1   NA  7.6 -41.7  -51.2     NA 18.7 
1700/01/29 09:00:00  1.46 0.00   NA 16.6 16.9 15.8 1008.9 1009.6   NA  7.9 -42.5  -50.2     NA 17.0 
1700/01/30 09:00:00  1.05 0.00   NA 15.5 18.8 15.0 1009.0 1009.1  4.6  8.1 -43.2  -49.5     NA 15.6 
1700/01/31 09:00:00  1.51 0.00   NA 14.7 18.0 14.4 1009.1 1008.5   NA  8.3 -44.4  -49.5     NA 15.4 
1700/02/01 09:00:00  2.52 0.00   NA 13.5 16.4 13.0  994.0 1006.8   NA  8.6 -46.3  -49.5     NA 13.8 
1700/02/02 09:00:00  2.21 0.00   NA 12.3 15.2 12.2  992.5 1006.0   NA  8.7 -47.8  -48.2     NA 12.4 
1700/02/03 09:00:00  1.90 0.00   NA  9.3 12.8  9.8  982.4 1004.1   NA  8.7 -49.1  -47.1     NA  9.5 
1700/02/04 10:00:00  1.86 0.00   NA 10.6  7.1 10.1 1004.4 1005.3   NA  8.8 -48.7  -44.9     NA 10.7 
1700/02/05 10:00:00  1.46 0.00   NA  8.5  7.3  8.6 1006.2 1004.3  9.3  8.8 -49.6  -43.8     NA  9.3 
1700/02/06 10:00:00  1.58 0.00   NA  7.0  7.3  7.6 1001.2 1003.4  4.6  8.8 -50.8  -43.1     NA  8.3 
1700/02/07 10:00:00  1.27 0.00   NA  5.2  5.2  6.0 1006.3 1002.3 15.4  8.8 -51.0  -41.6     NA  6.3 
1700/02/08 10:00:00  2.31 0.00   NA  4.9  6.7  5.3  997.9 1002.1 19.0  9.1 -51.7  -38.9     NA  5.7 
1700/02/09 10:00:00  1.59 0.00   NA  4.9  3.0  5.2 1003.0 1001.9   NA  9.3 -51.9  -36.9     NA  5.7 
1700/02/10 10:00:00  1.02 0.00   NA  4.3  3.3  4.3 1008.1 1000.7   NA  9.2 -52.1  -35.7     NA  5.2 
1700/02/11 10:00:00  0.54 0.00   NA  4.3  4.0  4.3  996.3 1000.9 19.0  9.2 -52.4  -35.2     NA  5.2 
1700/02/12 10:00:00  0.78 0.00   NA  5.2  3.8  4.9  989.4 1001.9 15.4  9.4 -51.9  -34.7     NA  5.7 
1700/02/13 10:00:00  1.46 0.00   NA  5.9  4.0  5.9  979.2 1003.0   NA  9.4 -51.0  -33.6     NA  6.2 
1700/02/14 10:00:00  0.82 0.00   NA  5.9  3.5  5.9  985.9 1003.1   NA  9.4 -50.4  -33.1     NA  6.2 
1700/02/15 10:00:00  0.71 0.00   NA  7.2  5.0  7.1  972.3 1004.3   NA  9.4 -49.9  -32.8     NA  6.9 
1700/02/16 10:00:00  2.34 0.00   NA  8.5  6.9  8.4 1002.7 1005.5   NA  9.3 -48.2  -32.0     NA  8.2 
1700/02/17 10:00:00  1.43 0.00   NA  8.9  7.6  9.5  995.8 1006.7   NA  9.3 -47.4  -30.8     NA  9.4 
1700/02/18 11:00:00  1.84 0.00   NA  9.5  7.8 10.0  999.1 1008.0 19.0  9.2 -46.3  -29.3     NA 10.4 
1700/02/19 11:00:00  1.81 0.00   NA 10.6  9.0 10.5 1002.4 1009.4   NA  9.0 -45.2  -28.1     NA 11.0 
1700/02/20 11:00:00  1.74 0.00   NA 11.5  9.9 11.3 1005.7 1010.6   NA  8.9 -44.2  -26.9     NA 12.0 
1700/02/21 11:00:00  1.06 0.00   NA 12.8 12.3 12.4  995.5 1011.7 15.4  8.7 -43.9  -25.8     NA 13.1 
1700/02/22 11:00:00  1.56 0.00   NA 12.8  9.9 12.5 1007.3 1011.8   NA  8.7 -43.1  -24.6     NA 13.0 
1700/02/23 11:00:00  1.50 0.00   NA 14.0 11.9 13.9 1010.6 1012.9 19.0  8.5 -42.2  -23.5     NA 14.2 
1700/02/24 11:00:00  1.94 0.00   NA 15.9 13.0 15.9 1012.2 1014.9   NA  7.9 -40.9  -22.4     NA 16.6 
1700/02/25 11:00:00  1.99 0.00   NA 16.6 14.2 16.5 1012.0 1015.8 12.3  7.5 -39.6  -21.3     NA 17.1 
1700/02/26 11:00:00  2.12 0.00   NA 17.6 16.6 17.2 1011.9 1016.5   NA  7.2 -38.3  -20.1     NA 17.7 
1700/02/27 11:00:00  1.78 0.00   NA 18.7 17.6 17.8 1008.4 1017.1   NA  7.0 -37.4  -18.8     NA 18.8 
1700/02/28 12:00:00  5.45 0.00   NA 19.2 15.2 18.3 1010.1 1018.1   NA  6.6 -36.7  -13.3     NA 19.3 
1700/03/01 12:00:00  2.30 0.00   NA 18.8 15.4 18.1 1016.8 1018.2 19.0  6.7 -36.2  -11.2     NA 19.1 
1700/03/02 12:00:00  1.24 0.00   NA 18.7 15.4 17.9 1011.7 1018.2   NA  6.8 -36.0  -10.0     NA 19.0 
1700/03/03 12:00:00  1.63 0.00   NA 18.9 17.6 17.6 1015.1 1018.4  9.3  6.9 -36.1   -8.4     NA 19.0 
1700/03/04 12:00:00  1.07 0.00   NA 19.9 18.0 18.4 1015.1 1018.9  4.6  6.6 -35.9   -7.4     NA 20.0 
1700/03/05 12:00:00  2.14 0.00   NA 20.0 17.6 18.3 1011.7 1019.1  9.3  6.5 -35.9   -5.4     NA 19.2 
1700/03/06 12:00:00  1.55 0.00   NA 19.8 15.9 18.2 1008.3 1019.1   NA  6.4 -35.6   -3.9     NA 18.9 
1700/03/07 12:00:00  1.64 0.00   NA 20.4 17.1 18.6 1004.8 1019.3 19.0  6.0 -34.7   -2.8     NA 19.9 
1700/03/08 12:00:00  2.47 0.00   NA 20.9 15.4 19.0 1004.7 1019.3 15.4  5.6 -33.3   -1.2     NA 20.7 
1700/03/09 12:00:00  2.61 0.00   NA 22.3 15.7 20.3 1007.9 1019.3   NA  5.2 -31.3   -1.3     NA 22.1 
1700/03/11 12:00:00  1.11 0.00   NA 22.6 17.6 21.3 1007.8 1019.2   NA  5.3 -29.6   -1.4     NA 23.0 
1700/03/11 12:00:00    NA 0.00   NA 22.8 18.8 21.6 1007.7 1018.9   NA  5.4 -28.1   -1.4     NA 23.4 
1700/03/12 12:00:00  1.75 0.00   NA 23.3 19.5 22.0 1010.9 1018.3 15.4  5.7 -26.8   -1.5     NA 23.5 
1700/03/13 12:00:00  1.99 0.00   NA 23.5 19.7 22.1 1017.6 1018.0  9.3  6.0 -25.2   -1.6     NA 23.7 
1700/03/14 12:00:00  2.23 0.00   NA 23.4 20.7 22.3 1014.1 1017.2 19.0  6.5 -23.5   -1.8     NA 23.9 
1700/03/15 12:00:00  1.97 0.00   NA 23.6 21.1 22.5 1014.0 1016.3   NA  7.0 -22.0   -1.9     NA 24.0 
1700/03/16 12:00:00  2.07 0.00   NA 23.9 21.8 22.8 1013.9 1016.0 19.0  7.0 -20.4   -2.3     NA 24.3 
1700/03/17 12:00:00  2.65 0.00   NA 24.2 22.3 23.0 1013.8 1015.2 19.0  7.1 -18.4   -2.9     NA 24.5 
1700/03/18 12:00:00  2.35 0.00   NA 24.7 22.4 23.5 1012.0 1014.5   NA  7.0 -16.7   -3.4     NA 25.0 
1700/03/19 12:00:00  1.49 0.00   NA 24.8 22.8 23.6 1013.6 1014.6  9.3  7.0 -16.0   -4.4     NA 25.1 
1700/03/20 12:00:00  1.89 0.00   NA 25.1 22.6 23.9 1013.6 1014.3 15.4  7.0 -15.9   -5.9     NA 25.2 
1700/03/21 12:00:00  1.51 0.00   NA 25.3 23.5 24.0 1010.3 1014.4  9.3  7.0 -15.9   -7.1     NA 25.9 
1700/03/22 12:00:00  1.11 0.00   NA 25.3   NA 24.0     NA 1014.5  6.7  7.0 -15.9   -8.0     NA 26.1 
1700/04/11 12:00:00  0.04 0.00   NA 24.9   NA 23.5     NA 1015.1  9.3  6.9 -16.3   -7.5     NA 24.9 
1700/04/12 12:00:00  2.20 0.00   NA 25.1   NA 23.5     NA 1015.2 19.0  6.8 -16.9   -9.2     NA 25.3 
1700/04/13 12:00:00  2.24 0.00   NA 24.7   NA 23.4     NA 1015.6 19.0  6.5 -17.4  -10.9     NA 25.3 
1700/04/14 12:00:00  2.56 0.00   NA 24.9   NA 23.5     NA 1016.0 19.0  6.2 -18.0  -12.9     NA 25.3 
1700/04/15 11:00:00  2.78 0.00   NA 25.3   NA 23.8     NA 1015.9   NA  6.1 -18.6  -15.0     NA 25.7 
1700/04/16 11:00:00  2.80 0.00   NA 25.3   NA 24.0     NA 1016.1   NA  5.8 -19.3  -17.2     NA 26.1 
1700/04/17 11:00:00  2.11 0.00   NA 25.3   NA 24.3     NA 1016.1 15.4  5.8 -19.8  -18.8     NA 26.2 
1700/04/18 11:00:00  1.71 0.00   NA 25.6   NA 24.7     NA 1016.2  4.6  5.7 -20.2  -20.2     NA 26.2 
1700/04/19 11:00:00  1.50 0.00   NA 26.0   NA 25.0     NA 1016.2  4.6  5.7 -20.4  -21.4     NA 25.9 
1700/04/20 11:00:00  1.24 0.00   NA 26.2   NA 25.1     NA 1016.1  4.6  5.7 -20.4  -22.4     NA 25.8 
1700/04/21 11:00:00  1.44 0.00   NA 26.3   NA 25.1     NA 1016.0  4.6  5.7 -20.4  -23.6     NA 25.7 
1700/04/22 11:00:00  2.06 0.00   NA 26.8   NA 25.4     NA 1015.9   NA  5.7 -20.4  -25.3     NA 26.0 
1700/04/23 11:00:00  1.21 0.00   NA 27.0   NA 25.6     NA 1015.8  4.6  5.6 -20.4  -26.3     NA 26.1 
1700/04/24 11:00:00  0.37 0.00   NA 27.0   NA 25.6     NA 1015.9   NA  5.6 -20.4  -26.6     NA 26.1 
1700/04/25 11:00:00  0.87 0.00   NA 27.1   NA 25.8     NA 1015.8  2.6  5.6 -20.4  -27.4     NA 26.2 
1700/05/01 11:00:00  0.52 0.00   NA 26.7   NA 25.5     NA 1015.9   NA  5.7 -20.2  -29.9     NA 26.2 
1700/05/02 10:00:00  2.07 0.00   NA 27.2   NA 25.6     NA 1015.3   NA  5.7 -18.8  -30.6     NA 27.0 
1700/05/03 10:00:00  2.28 0.00   NA 27.3   NA 25.8     NA 1015.0   NA  5.8 -17.1  -30.9     NA 27.3 
1700/05/04 10:00:00  2.43 0.00   NA 27.4   NA 26.2     NA 1014.4   NA  6.0 -15.2  -31.3     NA 27.2 
1700/05/05 10:00:00  1.77 0.00   NA 27.5   NA 26.5     NA 1013.9   NA  6.3 -13.9  -31.7     NA 27.3 
1700/05/06 10:00:00  2.26 0.00   NA 27.8   NA 26.6     NA 1013.7   NA  6.3 -12.2  -32.0     NA 27.6 
1700/05/07 10:00:00  2.44 0.00   NA 28.0   NA 26.8     NA 1013.1   NA  6.4 -10.3  -32.3     NA 27.6 
1700/05/08 10:00:00  2.30 0.00   NA 28.2   NA 27.0     NA 1012.7   NA  5.9  -8.7  -33.1     NA 27.7 
1700/05/09 10:00:00  1.76 0.00   NA 28.1   NA 26.9     NA 1012.8   NA  5.3  -8.3  -34.4     NA 27.7 
1700/05/15 10:00:00    NA   NA   NA   NA   NA   NA     NA     NA   NA   NA  -8.2     NA     NA   NA 
1700/05/16 10:00:00    NA 0.00   NA 28.1   NA 26.9     NA 1012.7  6.7  4.6  -6.4  -35.0     NA 27.8 
1700/05/17 10:00:00  2.47 0.00   NA 28.1   NA 26.9     NA 1012.4  9.3  6.8  -4.5  -35.4     NA 28.2 
1700/05/18 10:00:00  2.47 0.00   NA 28.1   NA 26.8     NA 1012.3 19.0  6.1  -3.0  -36.5     NA 28.5 
1700/05/19 10:00:00  1.86 0.00   NA 28.1   NA 26.9     NA 1012.3  9.3  6.3  -2.1  -37.6     NA 28.4 
1700/05/20 10:00:00  2.23 0.00   NA 28.1   NA 26.8     NA 1012.3 12.3  6.2  -1.1  -39.0     NA 28.3 
1700/05/21 10:00:00  2.13 0.00   NA 28.0   NA 26.7     NA 1012.2 19.0  5.9   0.0  -40.3     NA 28.3 
1700/05/22 10:00:00  2.23 0.00   NA 27.8   NA 26.4     NA 1012.4  4.6  5.3   1.6  -40.9     NA 27.5 
1700/05/23 10:00:00  4.76 0.00   NA 27.8   NA 26.6     NA 1012.4   NA  5.6   2.7  -44.5     NA 27.8 
1700/05/24 09:00:00  1.04 0.00   NA 27.8   NA 26.5     NA 1012.6  0.0  5.8   3.2  -45.0     NA 27.4 
1700/05/25 09:00:00  2.84 0.00   NA 27.6   NA 26.3     NA 1012.9   NA  6.6   5.4  -45.6     NA 27.4 
1700/05/26 09:00:00  2.92 0.00   NA 27.5   NA 26.3     NA 1013.5 19.0  7.6   7.2  -46.9     NA 27.1 
1700/05/27 09:00:00  3.97 0.00   NA 27.5   NA 26.5     NA 1013.8 12.3  7.8   8.4  -49.8     NA 27.6 
1700/05/28 09:00:00  2.70 0.00   NA 27.5   NA 26.5     NA 1014.1   NA  7.9   9.5  -51.6     NA 27.7 
1700/05/29 09:00:00  2.82 0.00   NA 27.5   NA 26.5     NA 1014.4 19.0  7.9  10.9  -53.3     NA 27.7 
1700/05/30 09:00:00  2.93 0.00   NA 27.4   NA 26.4     NA 1015.2 19.0  7.9  12.5  -55.0     NA 27.6 
1700/05/31 09:00:00  2.62 0.00   NA 27.4   NA 26.6     NA 1015.5 12.3  7.7  13.1  -57.0     NA 28.0 
1700/06/05 09:00:00  0.78 0.00   NA 27.6   NA 26.9     NA 1015.7  9.3  7.4  14.7  -59.6     NA 27.9 
1700/06/06 09:00:00  2.65 0.00   NA 27.5   NA 26.7     NA 1016.6 19.0  7.1  16.8  -59.5     NA 28.2 
1700/06/07 08:00:00  1.79 0.00   NA 27.6   NA 26.7     NA 1016.4   NA  6.9  16.9  -60.9     NA 28.2 
1700/06/08 08:00:00  1.60 0.00   NA 27.7   NA 26.8     NA 1016.6   NA  6.7  17.3  -62.1     NA 28.1 
1700/06/21 08:00:00  0.14 0.00   NA 27.8   NA 27.0     NA 1017.2   NA  7.0  18.5  -63.0     NA 28.4 
1700/06/22 08:00:00  2.41 0.00   NA 27.5   NA 26.7     NA 1018.1   NA  6.4  20.3  -63.4     NA 27.7 
1700/06/23 08:00:00  2.47 0.00   NA 27.3   NA 26.5     NA 1018.9   NA  5.6  22.2  -63.8     NA 27.4 
1700/06/24 08:00:00  2.09 0.00   NA 27.3   NA 26.4     NA 1019.3   NA  5.3  23.8  -64.0     NA 27.3 
1700/06/25 08:00:00  2.26 0.00   NA 27.3   NA 26.1     NA 1019.8   NA  4.7  25.6  -64.2     NA 27.1 
1700/06/26 08:00:00  1.62 0.00   NA 27.1   NA 26.0     NA 1020.0   NA  4.5  26.8  -64.3     NA 27.1 
1700/06/27 08:00:00  1.56 0.00   NA 26.6   NA 25.5     NA 1020.3   NA  4.4  28.0  -64.5     NA 27.1 
1700/06/28 08:00:00  1.49 0.00   NA 26.3   NA 25.3     NA 1020.4   NA  4.6  29.2  -64.8     NA 26.7 
1700/06/29 08:00:00  1.21 0.00   NA 26.0   NA 25.0     NA 1020.4   NA  4.8  30.1  -64.5     NA 26.3 
1700/06/30 08:00:00  1.25 0.00   NA 25.7   NA 24.8     NA 1020.2   NA  5.1  31.1  -64.5     NA 25.7 
1700/07/01 08:00:00  1.26 0.00   NA 25.8   NA 24.9     NA 1020.3   NA  5.1  31.9  -64.0     NA 25.8 
1700/07/02 08:00:00  0.66 0.00   NA 25.5   NA 24.6     NA 1020.4   NA  5.4  32.4  -63.8     NA 25.7 
1700/07/23 08:00:00  0.04 0.00   NA 26.9   NA 25.8     NA 1020.6   NA  5.2  33.0  -63.6     NA 27.2 
1700/07/24 08:00:00  1.72 0.00   NA 26.6   NA 25.5     NA 1019.9   NA  5.8  34.2  -64.3     NA 26.4 
1700/07/25 08:00:00  2.56 0.00   NA 26.5   NA 25.2     NA 1018.8   NA  6.2  36.0  -65.3     NA 26.0 
1700/07/26 08:00:00  1.79 0.00   NA 26.4   NA 24.9     NA 1018.4   NA  6.1  37.4  -65.7     NA 26.0 
1700/07/27 08:00:00  1.02 0.00   NA 26.5   NA 24.9     NA 1018.2   NA  6.0  37.9  -66.4     NA 25.9 
1700/07/28 08:00:00  1.29 0.00   NA 25.9   NA 24.0     NA 1017.6   NA  5.5  38.6  -67.3     NA 25.4 
1700/07/29 08:00:00  1.38 0.00   NA 26.0   NA 24.2     NA 1017.8   NA  5.7  38.2  -66.1     NA 25.4 
1700/07/30 08:00:00  1.26 0.00   NA 24.2   NA 22.7     NA 1017.4   NA  5.2  39.1  -66.3     NA 23.8 
1700/07/31 08:00:00  1.79 0.00   NA 20.8   NA 20.6     NA 1017.0   NA  4.7  40.5  -66.7     NA 21.3 
1700/08/01 08:00:00  1.98 0.00   NA 20.2   NA 19.7     NA 1016.8   NA  5.0  41.0  -64.8     NA 19.6 
1700/08/02 08:00:00  1.20 0.00   NA 21.2   NA 20.5     NA 1016.9  6.7  5.2  41.5  -63.7     NA 20.8 
1700/08/03 08:00:00  0.17 0.00   NA 21.3   NA 20.5     NA 1016.9   NA  5.3  41.4  -63.5     NA 20.9 
1700/08/04 08:00:00  0.85 0.00   NA 21.8   NA 21.0     NA 1017.1  4.6  5.4  41.7  -62.7     NA 21.9 
1700/08/05 08:00:00  1.76 0.00   NA 19.5   NA 19.6     NA 1016.8  9.3  5.6  42.4  -61.1     NA 20.0 
1700/08/06 09:00:00  1.98 0.00   NA 17.9   NA 18.4     NA 1016.6   NA  5.9  43.4  -59.5     NA 18.6 
1700/08/07 09:00:00  1.36 0.00   NA 18.3   NA 18.6     NA 1016.8  9.3  5.8  43.3  -58.0     NA 19.1 
1700/08/08 09:00:00  0.60 0.00   NA 18.6   NA 18.8     NA 1017.0  6.7  5.8  43.6  -57.5     NA 19.4 
1700/08/09 09:00:00  1.10 0.00   NA 16.9   NA 17.4     NA 1016.6  2.6  5.9  44.4  -57.0     NA 18.0 
1700/08/10 09:00:00  2.47 0.00   NA 15.6   NA 16.2     NA 1016.3   NA  6.1  45.9  -55.4     NA 16.9 
1700/08/11 09:00:00  1.31 0.00   NA 14.5   NA 15.3     NA 1015.9 19.0  5.9  46.7  -54.4     NA 15.3 
1700/08/12 09:00:00    NA   NA   NA   NA   NA   NA     NA     NA 15.4   NA  46.4     NA     NA   NA 
1700/08/13 09:00:00    NA 0.00   NA 13.6   NA 14.4     NA 1015.5  2.6  5.6  47.1  -53.6     NA 15.4 
1700/08/18 09:00:00  0.05 0.00   NA 13.8   NA 14.5     NA 1015.5 19.0  5.6  47.0  -53.3     NA 15.4 
1700/08/19 09:00:00  2.84 0.00   NA 13.3   NA 13.7     NA 1016.0   NA  6.8  47.9  -50.3     NA 14.5 
1700/08/20 09:00:00  2.42 0.00   NA 12.1   NA 12.6     NA 1015.7 12.3  7.0  48.6  -47.8     NA 12.7 
1700/08/21 10:00:00  2.58 0.00   NA 13.6   NA 13.1     NA 1015.4 19.0  7.3  49.1  -44.7     NA 13.1 
1700/08/22 10:00:00  3.73 0.00   NA 15.9   NA 14.8     NA 1015.7   NA  7.7  49.8  -40.3     NA 14.9 
1700/08/23 10:00:00  2.56 0.00   NA 15.6   NA 14.9     NA 1015.8   NA  7.7  49.9  -37.2     NA 15.4 
1700/08/24 10:00:00  1.39 0.00   NA 15.6   NA 14.9     NA 1015.9   NA  7.7  49.1  -36.2     NA 15.2 
1700/08/25 10:00:00  3.02 0.00   NA 15.7   NA 15.2     NA 1016.1   NA  7.7  49.5  -32.6     NA 15.1 
1700/08/26 10:00:00  1.87 0.00   NA 16.0   NA 15.3     NA 1016.2   NA  7.7  49.8  -30.4     NA 15.6 
1700/08/27 11:00:00  0.65 0.00   NA 16.0   NA 15.4     NA 1016.3   NA  7.7  49.8  -29.6     NA 15.8 
1700/08/28 11:00:00  1.45 0.00   NA 15.3   NA 14.6     NA 1015.7   NA  7.9  50.3  -28.0     NA 15.0 
1700/08/29 11:00:00  1.73 0.00   NA 15.6   NA 14.9     NA 1015.9  9.3  7.8  50.4  -25.9     NA 15.0 
1700/08/30 11:00:00  2.00 0.00   NA 15.8   NA 15.1     NA 1016.1  9.3  7.8  50.1  -23.5     NA 15.0 
1700/08/31 11:00:00  3.06 0.00   NA 16.7   NA 15.9     NA 1017.1   NA  7.6  49.6  -19.9     NA 16.2 
1700/09/01 11:00:00  2.22 0.00   NA 16.7   NA 16.0     NA 1017.2 19.0  7.5  49.4  -17.3     NA 16.3 
1700/09/02 11:00:00  0.78 0.00   NA 16.7   NA 16.0     NA 1017.3   NA  7.4  49.1  -16.5     NA 16.3 
1700/09/03 12:00:00  1.90 0.00   NA 16.7   NA 16.0     NA 1017.4 15.4  7.2  49.3  -14.1     NA 16.3 
1700/09/04 12:00:00  1.41 0.00   NA 16.7   NA 16.0     NA 1017.5   NA  7.0  49.3  -12.5     NA 16.3 
1700/09/05 12:00:00  1.89 0.00   NA 16.6   NA 15.9     NA 1017.5  9.3  6.9  49.6  -10.2     NA 16.2 
1700/09/06 12:00:00  2.81 0.00   NA 16.5   NA 15.8     NA 1017.3 19.0  6.5  49.8   -6.9     NA 16.5 
