1912/12/14 00:00:00 0.00 0.00 0.00
1912/12/14 04:00:00 0.00 0.00 0.00
1912/12/14 08:00:00 0.00 0.00 0.00
1912/12/14 12:00:00 0.00 0.00 0.00
1912/12/14 16:00:00 0.00 0.00 0.00
1912/12/14 20:00:00 0.00 0.00 0.00
1912/12/15 00:00:00 0.00 0.00 0.00
1912/12/15 04:00:00 0.00 0.00 0.00
1912/12/15 08:00:00 0.00 0.00 0.00
1912/12/15 12:00:00 0.00 0.00 0.00
1912/12/15 16:00:00 0.00 0.00 0.00
1912/12/15 20:00:00 0.00 0.00 0.00
1912/12/16 00:00:00 0.00 0.00 0.00
1912/12/16 04:00:00 0.00 0.00 0.00
1912/12/16 08:00:00 0.00 0.00 0.00
1912/12/16 12:00:00 0.00 0.00 0.00
1912/12/16 16:00:00 0.00 0.00 0.00
1912/12/16 20:00:00 0.00 0.00 0.00
1912/12/17 00:00:00 0.00 0.00 0.00
1912/12/17 04:00:00 0.00 0.00 0.00
1912/12/17 08:00:00 0.00 0.00 0.00
1912/12/17 12:00:00 0.00 0.00 0.00
1912/12/17 16:00:00 0.00 0.00 0.00
1912/12/17 20:00:00 0.00 0.00 0.00
1912/12/18 00:00:00 0.00 0.00 0.00
1912/12/18 04:00:00 0.00 0.00 0.00
1912/12/18 08:00:00 0.00 0.00 0.00
1912/12/18 12:00:00 0.00 0.00 0.00
1912/12/18 16:00:00 0.00 0.00 0.00
1912/12/18 20:00:00 0.00 0.00 0.00
1912/12/19 00:00:00 0.00 0.00 0.00
1912/12/19 04:00:00 0.00 0.00 0.00
1912/12/19 08:00:00 0.00 0.00 0.00
1912/12/19 12:00:00 0.00 0.00 0.00
1912/12/19 16:00:00 0.00 0.00 0.00
1912/12/19 20:00:00 0.00 0.00 0.00
1912/12/20 00:00:00 0.00 0.00 0.00
1912/12/20 04:00:00 0.00 0.00 0.00
1912/12/20 08:00:00 0.00 0.00 0.00
1912/12/20 12:00:00 0.00 0.00 0.00
1912/12/20 16:00:00 0.00 0.00 0.00
1912/12/20 20:00:00 0.00 0.00 0.00
1912/12/21 00:00:00 0.00 0.00 0.00
1912/12/21 04:00:00 0.00 0.00 0.00
1912/12/21 08:00:00 0.00 0.00 0.00
1912/12/21 12:00:00 0.00 0.00 0.00
1912/12/21 16:00:00 0.00 0.00 0.00
1912/12/21 20:00:00 0.00 0.00 0.00
1912/12/22 00:00:00 0.00 0.00 0.00
1912/12/22 04:00:00 0.00 0.00 0.00
1912/12/22 08:00:00 0.00 0.00 0.00
1912/12/22 12:00:00 0.00 0.00 0.00
1912/12/22 16:00:00 0.00 0.00 0.00
1912/12/22 20:00:00 0.00 0.00 0.00
1912/12/23 00:00:00 0.00 0.00 0.00
1912/12/23 04:00:00 0.00 0.00 0.00
1912/12/23 08:00:00 0.00 0.00 0.00
1912/12/23 12:00:00 0.00 0.00 0.00
1912/12/23 16:00:00 0.00 0.00 0.00
1912/12/23 20:00:00 0.00 0.00 0.00
1912/12/24 00:00:00 0.00 0.00 0.00
1912/12/24 04:00:00 0.00 0.00 0.00
1912/12/24 08:00:00 0.00 0.00 0.00
1912/12/24 12:00:00 0.00 0.00 0.00
1912/12/24 16:00:00 0.00 0.00 0.00
1912/12/24 20:00:00 0.00 0.06 0.00
1912/12/25 00:00:00 0.00 0.06 0.00
1912/12/25 04:00:00 0.00 0.06 0.00
1912/12/25 08:00:00 0.00 0.08 0.01
1912/12/25 12:00:00 0.00 0.08 0.01
1912/12/25 16:00:00 0.00 0.08 0.01
1912/12/25 20:00:00 0.00 0.09 0.02
1912/12/26 00:00:00 0.00 0.10 0.02
1912/12/26 04:00:00 0.00 0.16 0.03
1912/12/26 08:00:00 0.00 0.16 0.03
1912/12/26 12:00:00 0.00 0.16 0.03
1912/12/26 16:00:00 0.00 0.37 0.07
1912/12/26 20:00:00 0.00 0.43 0.08
1912/12/27 00:00:00 0.00 0.41 0.07
1912/12/27 04:00:00 0.00 0.58 0.19
1912/12/27 08:00:00 0.00 0.58 0.19
1912/12/27 12:00:00 0.00 0.58 0.19
1912/12/27 16:00:00 0.00 0.79 0.38
1912/12/27 20:00:00 0.00 0.79 0.38
1912/12/28 00:00:00 0.00 0.78 0.36
1912/12/28 04:00:00 0.00 0.87 0.48
1912/12/28 08:00:00 0.00 0.87 0.48
1912/12/28 12:00:00 0.00 0.87 0.48
1912/12/28 16:00:00 0.00 0.87 0.48
1912/12/28 20:00:00 0.00 0.89 0.57
1912/12/29 00:00:00 0.00 0.89 0.55
1912/12/29 04:00:00 0.00 0.89 0.55
1912/12/29 08:00:00 0.00 0.89 0.55
1912/12/29 12:00:00 0.25 0.90 0.63
1912/12/29 16:00:00 0.25 0.90 0.63
1912/12/29 20:00:00 0.25 0.90 0.63
1912/12/30 00:00:00 0.23 0.90 0.62
1912/12/30 04:00:00 0.23 0.90 0.62
1912/12/30 08:00:00 0.23 0.90 0.62
1912/12/30 12:00:00 0.48 0.96 0.71
1912/12/30 16:00:00 0.48 0.96 0.71
1912/12/30 20:00:00 0.48 0.96 0.71
1912/12/31 00:00:00 0.47 0.96 0.69
1912/12/31 04:00:00 0.47 0.96 0.69
1912/12/31 08:00:00 0.47 0.96 0.69
1912/12/31 12:00:00 0.47 0.96 0.69
1912/12/31 16:00:00 0.47 0.96 0.69
1912/12/31 20:00:00 0.47 0.96 0.69
1913/01/01 00:00:00 0.24 1.00 0.62
1913/01/01 04:00:00 0.24 1.00 0.62
1913/01/01 08:00:00 0.25 1.00 0.62
1913/01/01 12:00:00 0.25 1.00 0.62
1913/01/01 16:00:00 0.25 1.00 0.62
1913/01/01 20:00:00 0.25 1.00 0.62
1913/01/02 00:00:00 0.22 1.00 0.60
1913/01/02 04:00:00 0.22 1.00 0.60
1913/01/02 08:00:00 0.22 1.00 0.60
1913/01/02 12:00:00 0.22 1.00 0.60
1913/01/02 20:00:00 0.22 1.00 0.60
1913/01/03 00:00:00 0.18 1.00 0.59
1913/01/03 04:00:00 0.19 1.00 0.59
1913/01/03 08:00:00 0.19 1.00 0.59
1913/01/03 20:00:00 0.19 1.00 0.59
1913/01/04 00:00:00 0.16 1.00 0.58
1913/01/04 04:00:00 0.16 1.00 0.58
1913/01/04 08:00:00 0.15 1.00 0.58
1913/01/04 12:00:00 0.15 1.00 0.58
1913/01/04 16:00:00 0.15 1.00 0.58
1913/01/04 20:00:00 0.15 1.00 0.58
1913/01/05 00:00:00 0.13 1.00 0.56
1913/01/05 04:00:00 0.13 1.00 0.56
1913/01/05 08:00:00 0.13 1.00 0.56
1913/01/05 12:00:00 0.13 1.00 0.56
1913/01/05 20:00:00 0.13 1.00 0.56
1913/01/06 00:00:00 0.10 1.00 0.55
1913/01/06 04:00:00 0.10 1.00 0.55
1913/01/06 08:00:00 0.10 1.00 0.55
1913/01/06 12:00:00 0.10 1.00 0.55
1913/01/06 20:00:00 0.10 1.00 0.55
1913/01/07 00:00:00 0.08 0.99 0.54
1913/01/07 04:00:00 0.08 0.99 0.54
1913/01/07 08:00:00 0.08 0.99 0.54
1913/01/07 16:00:00 0.08 0.99 0.54
1913/01/07 20:00:00 0.08 0.99 0.54
1913/01/08 00:00:00 0.06 0.97 0.51
1913/01/08 04:00:00 0.06 0.97 0.51
1913/01/08 08:00:00 0.06 0.97 0.51
1913/01/08 12:00:00 0.06 0.97 0.51
1913/01/08 20:00:00 0.06 0.97 0.51
1913/01/09 00:00:00 0.04 0.97 0.50
1913/01/09 04:00:00 0.04 1.00 0.49
1913/01/09 08:00:00 0.04 1.00 0.49
1913/01/09 14:00:00 0.04 1.00 0.49
1913/01/09 16:00:00 0.04 1.00 0.49
1913/01/09 20:00:00 0.04 1.00 0.49
1913/01/10 00:00:00 0.02 1.00 0.47
1913/01/10 04:00:00 0.02 1.00 0.47
1913/01/10 08:00:00 0.02 1.00 0.47
1913/01/10 12:00:00 0.02 1.00 0.47
1913/01/10 20:00:00 0.02 1.00 0.47
1913/01/11 00:00:00 0.00 1.00 0.46
1913/01/11 04:00:00 0.00 1.00 0.46
1913/01/11 08:00:00 0.00 0.97 0.58
1913/01/11 12:00:00 0.00 0.97 0.58
1913/01/11 20:00:00 0.00 0.97 0.58
1913/01/12 00:00:00 0.00 0.97 0.57
1913/01/12 04:00:00 0.00 0.97 0.57
1913/01/12 08:00:00 0.00 0.97 0.57
1913/01/12 12:00:00 0.00 0.97 0.57
1913/01/12 16:00:00 0.00 0.97 0.53
1913/01/12 20:00:00 0.00 0.97 0.53
1913/01/13 00:00:00 0.00 0.97 0.52
1913/01/13 04:00:00 0.00 0.95 0.47
1913/01/13 08:00:00 0.00 0.95 0.47
1913/01/13 12:00:00 0.00 0.98 0.44
1913/01/13 20:00:00 0.00 0.97 0.39
1913/01/14 00:00:00 0.00 0.96 0.38
1913/01/14 04:00:00 0.00 0.91 0.33
1913/01/14 08:00:00 0.00 0.88 0.28
1913/01/14 12:00:00 0.00 0.81 0.20
1913/01/14 16:00:00 0.00 0.70 0.18
1913/01/14 20:00:00 0.00 0.64 0.13
1913/01/15 00:00:00 0.00 0.63 0.13
1913/01/15 04:00:00 0.00 0.77 0.07
1913/01/15 08:00:00 0.00 0.79 0.04
1913/01/15 12:00:00 0.00 0.83 0.04
1913/01/15 16:00:00 0.00 0.77 0.03
1913/01/15 20:00:00 0.00 0.58 0.03
1913/01/16 00:00:00 0.00 0.63 0.03
1913/01/16 04:00:00 0.00 0.69 0.03
1913/01/16 08:00:00 0.00 0.70 0.05
1913/01/16 12:00:00 0.00 0.75 0.10
1913/01/16 16:00:00 0.00 0.70 0.21
1913/01/16 20:00:00 0.00 0.70 0.21
1913/01/17 00:00:00 0.00 0.83 0.28
1913/01/17 04:00:00 0.00 0.83 0.28
1913/01/17 08:00:00 0.00 0.94 0.40
1913/01/17 12:00:00 0.00 0.94 0.40
1913/01/17 16:00:00 0.18 0.98 0.59
1913/01/17 20:00:00 0.18 0.98 0.59
1913/01/18 00:00:00 0.17 0.97 0.57
1913/01/18 11:00:00 0.17 0.97 0.57
1913/01/18 20:00:00 0.17 0.97 0.57
1913/01/19 00:00:00 0.15 0.96 0.55
1913/01/19 04:00:00 0.15 0.96 0.55
1913/01/19 08:00:00 0.15 0.96 0.55
1913/01/19 16:00:00 0.15 0.96 0.55
1913/01/19 20:00:00 0.15 0.96 0.55
1913/01/20 00:00:00 0.14 0.95 0.54
1913/01/20 08:00:00 0.14 0.95 0.54
1913/01/20 20:00:00 0.14 0.95 0.54
1913/01/21 00:00:00 0.12 0.93 0.52
1913/01/21 04:00:00 0.12 0.97 0.60
1913/01/21 08:00:00 0.12 0.97 0.60
1913/01/21 12:00:00 0.12 0.97 0.60
1913/01/21 16:00:00 0.12 0.97 0.60
1913/01/21 20:00:00 0.12 0.97 0.60
1913/01/22 00:00:00 0.20 1.00 0.62
1913/01/22 04:00:00 0.20 1.00 0.62
1913/01/22 08:00:00 0.17 1.00 0.60
1913/01/22 12:00:00 0.17 1.00 0.60
1913/01/22 16:00:00 0.17 1.00 0.60
1913/01/22 20:00:00 0.17 1.00 0.60
1913/01/23 00:00:00 0.19 1.00 0.70
1913/01/23 04:00:00 0.16 1.00 0.58
1913/01/23 08:00:00 0.05 1.00 0.50
1913/01/23 12:00:00 0.03 0.97 0.42
1913/01/23 16:00:00 0.00 0.90 0.32
1913/01/23 20:00:00 0.00 0.90 0.32
1913/01/24 00:00:00 0.00 0.89 0.31
1913/01/24 04:00:00 0.00 0.89 0.31
1913/01/24 08:00:00 0.06 0.72 0.30
1913/01/24 12:00:00 0.06 0.72 0.30
1913/01/24 16:00:00 0.06 0.72 0.30
1913/01/24 20:00:00 0.06 0.72 0.30
1913/01/25 00:00:00 0.04 0.71 0.29
1913/01/25 04:00:00 0.12 0.73 0.37
1913/01/25 08:00:00 0.15 0.72 0.44
1913/01/25 12:00:00 0.00 0.76 0.23
1913/01/25 16:00:00 0.00 0.80 0.42
1913/01/25 20:00:00 0.00 0.80 0.42
1913/01/26 00:00:00 0.00 0.80 0.40
1913/01/26 04:00:00 0.00 0.95 0.35
1913/01/26 08:00:00 0.00 0.95 0.35
1913/01/26 12:00:00 0.00 0.93 0.21
1913/01/26 16:00:00 0.00 0.85 0.05
1913/01/26 20:00:00 0.00 0.85 0.05
1913/01/27 00:00:00 0.00 0.71 0.05
1913/01/27 04:00:00 0.00 0.56 0.03
1913/01/27 08:00:00 0.00 0.56 0.03
1913/01/27 12:00:00 0.00 0.36 0.02
1913/01/27 16:00:00 0.00 0.36 0.02
1913/01/27 20:00:00 0.00 0.36 0.02
1913/01/28 00:00:00 0.00 0.62 0.03
1913/01/28 04:00:00 0.00 0.62 0.03
1913/01/28 08:00:00 0.00 0.62 0.03
1913/01/28 12:00:00 0.00 0.57 0.05
1913/01/28 16:00:00 0.00 0.57 0.05
1913/01/28 20:00:00 0.00 0.57 0.05
1913/01/29 00:00:00 0.00 0.48 0.11
1913/01/29 04:00:00 0.00 0.46 0.13
1913/01/29 08:00:00 0.00 0.49 0.13
1913/01/29 12:00:00 0.00 0.64 0.17
1913/01/29 16:00:00 0.00 0.61 0.22
1913/01/29 20:00:00 0.00 0.78 0.28
1913/01/30 00:00:00 0.00 0.86 0.29
1913/01/30 04:00:00 0.00 0.91 0.17
1913/01/30 08:00:00 0.00 0.85 0.20
1913/01/30 12:00:00 0.00 0.78 0.23
1913/01/30 16:00:00 0.00 0.70 0.24
1913/01/30 20:00:00 0.00 0.55 0.12
1913/01/31 00:00:00 0.00 0.54 0.12
1913/01/31 04:00:00 0.00 0.81 0.14
1913/01/31 08:00:00 0.00 0.85 0.20
1913/01/31 12:00:00 0.00 0.37 0.05
1913/01/31 16:00:00 0.00 0.37 0.05
1913/01/31 20:00:00 0.00 0.37 0.05
1913/02/01 00:00:00 0.00 0.33 0.05
1913/02/01 04:00:00 0.00 0.13 0.01
1913/02/01 08:00:00 0.00 0.13 0.01
1913/02/01 12:00:00 0.00 0.13 0.01
1913/02/01 16:00:00 0.00 0.01 0.00
1913/02/01 20:00:00 0.00 0.01 0.00
1913/02/02 00:00:00 0.00 0.01 0.00
1913/02/02 04:00:00 0.00 0.01 0.00
1913/02/02 08:00:00 0.00 0.01 0.00
1913/02/02 12:00:00 0.00 0.00 0.00
1913/02/02 20:00:00 0.00 0.00 0.00
1913/02/03 00:00:00 0.00 0.00 0.00
1913/02/03 04:00:00 0.00 0.00 0.00
1913/02/03 08:00:00 0.00 0.00 0.00
1913/02/03 12:00:00 0.00 0.00 0.00
1913/02/03 16:00:00 0.00 0.00 0.00
1913/02/03 20:00:00 0.00 0.00 0.00
1913/02/04 00:00:00 0.00 0.00 0.00
1913/02/04 04:00:00 0.00 0.00 0.00
1913/02/04 08:00:00 0.00 0.00 0.00
1913/02/04 12:00:00 0.00 0.00 0.00
1913/02/04 16:00:00 0.00 0.00 0.00
1913/02/04 20:00:00 0.00 0.00 0.00
1913/02/05 00:00:00 0.00 0.00 0.00
1913/02/05 04:00:00 0.00 0.00 0.00
1913/02/05 08:00:00 0.00 0.00 0.00
1913/02/05 12:00:00 0.00 0.00 0.00
1913/02/05 16:00:00 0.00 0.00 0.00
1913/02/05 20:00:00 0.00 0.00 0.00
1913/02/06 00:00:00 0.00 0.00 0.00
1913/02/06 04:00:00 0.00 0.00 0.00
1913/02/06 08:00:00 0.00 0.00 0.00
1913/02/06 12:00:00 0.00 0.00 0.00
1913/02/06 16:00:00 0.00 0.00 0.00
1913/02/06 20:00:00 0.00 0.00 0.00
1913/02/07 00:00:00 0.00 0.00 0.00
1913/02/07 04:00:00 0.00 0.00 0.00
1913/02/07 08:00:00 0.00 0.00 0.00
1913/02/07 12:00:00 0.00 0.00 0.00
1913/02/07 16:00:00 0.00 0.00 0.00
1913/02/07 20:00:00 0.00 0.00 0.00
1913/02/08 00:00:00 0.00 0.00 0.00
1913/02/08 04:00:00 0.00 0.00 0.00
1913/02/08 08:00:00 0.00 0.00 0.00
1913/02/08 12:00:00 0.00 0.00 0.00
1913/02/08 16:00:00 0.00 0.00 0.00
1913/02/08 20:00:00 0.00 0.00 0.00
1913/02/09 00:00:00 0.00 0.00 0.00
1913/02/09 04:00:00 0.00 0.00 0.00
1913/02/09 08:00:00 0.00 0.00 0.00
1913/02/09 12:00:00 0.00 0.00 0.00
1913/02/09 16:00:00 0.00 0.00 0.00
1913/02/09 20:00:00 0.00 0.00 0.00
1913/02/10 00:00:00 0.00 0.00 0.00
1913/02/10 04:00:00   NA   NA  NA
1913/02/10 08:00:00   NA   NA  NA
1913/02/10 12:00:00   NA   NA  NA
1913/02/10 16:00:00   NA   NA  NA
1913/02/10 20:00:00   NA   NA  NA
1913/02/11 00:00:00   NA   NA  NA
1913/02/11 04:00:00   NA   NA  NA
1913/02/11 08:00:00   NA   NA  NA
1913/02/11 12:00:00   NA   NA  NA
1913/02/11 16:00:00   NA   NA  NA
