1912/12/14 04:00:00  1.72 0.00 14.6 14.1 17.5 13.7 1020.2 1012.2  0.8  5.6 -43.6  173.6     NA 14.6 
1912/12/14 08:00:00  3.32 0.00 13.4 13.3 12.8 13.0 1021.2 1011.7  4.3  6.4 -44.1  173.6     NA 14.0 
1912/12/14 12:00:00  2.47 0.00   NA 13.3   NA 13.0     NA 1011.7  0.4  6.4 -44.0  173.2     NA 14.0 
1912/12/14 16:00:00  2.44 0.00   NA 13.3 12.1 13.0 1019.2 1011.7  2.4  6.4 -44.3  173.4     NA 14.0 
1912/12/14 20:00:00  2.40 0.00 12.2 13.3 11.6 13.0 1018.2 1011.7  4.3  6.4 -44.5  173.6     NA 14.0 
1912/12/15 00:00:00  2.44 0.00 12.2 13.4 12.2 13.0 1015.1 1011.7  5.5  6.4 -44.8  173.8     NA 14.0 
1912/12/15 04:00:00  5.53 0.00 11.8 12.6 13.3 12.2 1011.1 1011.1  6.7  7.0 -45.4  174.5     NA 13.0 
1912/12/15 08:00:00  3.12 0.00   NA 12.6 13.3 12.2 1007.0 1011.1  9.3  7.0 -45.7  174.7     NA 13.0 
1912/12/15 12:00:00  3.26 0.00   NA 11.8 12.2 11.4 1001.6 1010.3  9.3  7.5 -46.1  175.1     NA 12.3 
1912/12/15 16:00:00  3.32 0.00   NA 11.8 12.2 11.4 1000.2 1010.3  4.3  7.5 -46.4  175.5     NA 12.3 
1912/12/15 20:00:00  3.28 0.00 11.3 11.8 11.1 11.4 1001.9 1010.3 10.8  7.5 -46.8  175.8     NA 12.3 
1912/12/16 00:00:00  3.30 0.00 10.8 11.2 11.1 10.8 1000.9 1009.6 10.8  7.7 -47.1  176.2     NA 11.9 
1912/12/16 04:00:00  3.17 0.00 11.1 11.2 11.7 10.8  999.2 1009.6 13.9  7.7 -47.4  176.5     NA 11.9 
1912/12/16 08:00:00  3.23 0.00   NA 11.2 11.9 10.8  999.5 1009.6 18.9  7.7 -47.8  176.9     NA 11.9 
1912/12/16 12:00:00  3.16 0.00   NA 10.6  9.2 10.2  998.5 1008.8 22.6  8.0 -48.1  177.2     NA 11.6 
1912/12/16 16:00:00  3.22 0.00   NA 10.6  8.9 10.2  999.2 1008.8 20.7  8.0 -48.5  177.5     NA 11.6 
1912/12/16 20:00:00  3.15 0.00  9.0 10.6  9.7 10.2 1000.6 1008.8 15.5  8.0 -48.8  177.9     NA 11.6 
1912/12/17 00:00:00  3.43 0.00  8.8 10.1 10.3  9.4 1000.2 1008.0 12.3  8.3 -49.2  178.2     NA 11.2 
1912/12/17 04:00:00  4.04 0.00  8.4 10.1  9.9  9.4  999.2 1008.0 12.3  8.3 -49.6  178.6     NA 11.2 
1912/12/17 08:00:00  2.92 0.00  7.7 10.1  8.7  9.5  997.2 1008.1  9.3  8.3 -49.9  179.1     NA 10.9 
1912/12/17 12:00:00  3.41 0.00   NA  9.6  8.9  8.7  995.1 1007.0 12.3  8.6 -50.3  179.5     NA 10.7 
1912/12/17 16:00:00  3.50 0.00   NA  9.6  8.9  8.7  991.1 1007.0 15.5  8.6 -50.6  179.9     NA 10.7 
1912/12/17 20:00:00  3.42 0.00  8.4  9.3  8.8  8.0  989.1 1005.7 12.3  9.0 -51.0 -179.7     NA 10.2 
1912/12/18 00:00:00  3.42 0.00   NA  9.3  9.2  8.0  985.7 1005.8  4.3  9.0 -51.4 -179.3     NA 10.2 
1912/12/18 04:00:00  2.63 0.00   NA  9.3  9.3  8.0  983.6 1005.8  6.7  9.0 -51.7 -179.1     NA 10.2 
1912/12/18 08:00:00  2.70 0.00   NA  9.5  8.7  8.1  981.6 1005.9  2.4  9.0 -52.0 -178.8     NA  9.9 
1912/12/18 12:00:00  2.22 0.00   NA  9.0  7.8  7.7  980.9 1004.5  6.7  9.3 -52.2 -178.5     NA  9.5 
1912/12/18 16:00:00  2.30 0.00   NA  9.0  6.7  7.7  981.3 1004.5 24.5  9.3 -52.5 -178.2     NA  9.5 
1912/12/18 20:00:00  2.21 0.00   NA  9.2  7.0  7.8  986.0 1004.6 22.6  9.3 -52.7 -178.0     NA  9.5 
1912/12/19 00:00:00  2.27 0.00   NA  9.3  7.2  7.9  989.4 1004.6 18.9  9.3 -52.9 -177.7     NA  9.6 
1912/12/19 04:00:00  1.29 0.00   NA  8.6  6.9  7.5  995.8 1003.3 12.3  9.6 -53.1 -177.5     NA  9.1 
1912/12/19 08:00:00  1.38 0.00   NA  8.6  6.3  7.5  996.2 1003.3   NA  9.6 -53.2 -177.4     NA  9.1 
1912/12/19 12:00:00  1.28 0.00   NA  8.6  5.7  7.5  991.8 1003.3  2.4  9.6 -53.4 -177.2     NA  9.1 
1912/12/19 16:00:00  1.28 0.00   NA  8.6  6.1  7.5  988.4 1003.3  8.0  9.6 -53.5 -177.1     NA  9.1 
1912/12/19 20:00:00  1.37 0.00   NA  8.8  5.6  7.6  985.3 1003.4  9.3  9.6 -53.6 -176.9     NA  9.1 
1912/12/20 00:00:00  1.28 0.00   NA  8.9  5.9  7.7  984.3 1003.4 12.3  9.6 -53.8 -176.8     NA  9.2 
1912/12/20 04:00:00  1.28 0.00   NA  8.9  6.2  7.7  983.3 1003.4 15.5  9.6 -53.9 -177.0     NA  9.2 
1912/12/20 08:00:00  1.28 0.00  7.2  8.2  5.8  7.2  986.7 1002.0 15.5  9.7 -54.0 -177.2     NA  9.1 
1912/12/20 12:00:00  1.23 0.00   NA  8.2  5.0  7.2  989.1 1002.0 15.5  9.7 -54.1 -177.4     NA  9.1 
1912/12/20 16:00:00  1.27 0.00   NA  8.2  5.6  7.2  993.8 1002.0 15.5  9.7 -54.2 -177.6     NA  9.1 
1912/12/20 20:00:00  1.27 0.00   NA  8.2  5.2  7.2  996.2 1002.0 12.3  9.7 -54.3 -177.8     NA  9.1 
1912/12/21 00:00:00  2.22 0.00   NA  8.2  6.0  7.3  998.2 1002.0 12.3  9.7 -54.5 -177.4     NA  9.1 
1912/12/21 04:00:00  2.87 0.00   NA  8.3  5.7  7.3 1000.2 1002.1  6.7  9.7 -54.6 -176.8     NA  8.9 
1912/12/21 08:00:00  1.71 0.00  6.7  8.3  6.0  7.3 1002.9 1002.1  4.3  9.7 -54.6 -176.4     NA  8.9 
1912/12/21 12:00:00  1.37 0.00   NA  8.3  5.0  7.3 1004.3 1002.1  4.3  9.7 -54.8 -176.2     NA  8.9 
1912/12/21 16:00:00  1.43 0.00   NA  8.3  4.9  7.4 1008.0 1002.1  8.0  9.7 -54.9 -176.0     NA  9.0 
1912/12/21 20:00:00  1.34 0.00   NA  7.6  5.0  6.9 1011.4 1000.7  9.3  9.7 -55.0 -175.8     NA  8.6 
1912/12/22 00:00:00  1.42 0.00   NA  7.6  5.6  6.9 1014.1 1000.8  9.3  9.7 -55.2 -175.6     NA  8.6 
1912/12/22 04:00:00  2.69 0.00   NA  7.6  7.3  6.9 1016.1 1000.8  9.3  9.7 -55.4 -175.1     NA  8.6 
1912/12/22 08:00:00  2.64 0.00  6.4  7.6  6.2  7.0 1018.5 1000.7  5.5  9.7 -55.6 -174.6     NA  8.5 
1912/12/22 12:00:00  2.77 0.00   NA  7.6  5.6  7.0 1017.5 1000.7  3.3  9.7 -55.9 -174.2     NA  8.5 
1912/12/22 16:00:00  2.77 0.00   NA  6.8  6.0  6.2 1016.8  999.3 10.8  9.6 -56.2 -173.9     NA  7.6 
1912/12/22 20:00:00  2.76 0.00   NA  6.8  6.9  6.2 1012.4  999.3  9.3  9.6 -56.5 -173.5     NA  7.6 
1912/12/23 00:00:00  2.75 0.00  6.1  6.8  6.2  6.3 1006.0  999.3 13.9  9.6 -56.8 -173.2     NA  7.6 
1912/12/23 04:00:00  4.62 0.00   NA  6.0  5.0  5.3  997.5  997.8 22.6  9.5 -57.2 -172.5     NA  6.9 
1912/12/23 08:00:00  4.57 0.00   NA  5.8  6.2  5.2  990.7  997.7 20.7  9.4 -57.7 -171.8     NA  6.7 
1912/12/23 12:00:00  4.64 0.00   NA  5.0  5.6  4.4  990.1  996.3  8.0  9.3 -58.2 -171.2     NA  6.0 
1912/12/23 16:00:00  4.53 0.00   NA  4.9  5.0  4.2  989.7  996.2 18.9  9.3 -58.7 -170.5     NA  5.9 
1912/12/23 20:00:00  4.53 0.00   NA  3.8  3.9  3.4  988.7  994.7 18.9  9.1 -59.1 -169.8     NA  0.0 
1912/12/24 00:00:00  2.80 0.00   NA  3.8  4.4  3.5  987.4  994.8 18.9  9.1 -59.5 -169.6     NA  0.0 
1912/12/24 04:00:00  2.78 0.00   NA  3.8  3.9  3.5  987.4  994.8 17.2  9.1 -59.8 -169.4     NA  0.0 
1912/12/24 08:00:00  2.78 0.00   NA  2.9  3.3  2.9  987.0  993.5  9.3  8.9 -60.2 -169.2     NA  0.0 
1912/12/24 12:00:00  2.78 0.00   NA  2.9  2.5  2.9  985.7  993.5  8.0  8.9 -60.5 -169.0     NA  0.0 
1912/12/24 16:00:00  2.79 0.00   NA  2.8  2.2  2.8  983.3  993.4 13.9  8.9 -60.9 -168.9     NA  0.0 
1912/12/24 20:00:00  2.78 0.00  1.0  1.9  0.7  2.2  984.6  992.4 12.3  8.6 -61.2 -168.7     NA  0.0 
1912/12/25 00:00:00  2.77 0.00  0.6  2.0  1.2  2.2  985.3  992.5  8.0  8.6 -61.6 -168.5     NA  0.0 
1912/12/25 04:00:00  3.26 0.00  0.2  2.0 -0.6  2.2  985.3  992.5  8.0  8.6 -62.0 -168.1     NA  0.0 
1912/12/25 08:00:00  3.24 0.00   NA  1.2  0.5  1.5  984.3  991.3  2.4  8.4 -62.3 -167.8     NA  0.0 
1912/12/25 12:00:00  2.72 0.00   NA  1.2  0.6  1.5  984.6  991.3  9.3  8.4 -62.6 -167.4     NA  0.0 
1912/12/25 16:00:00  2.78 0.00   NA  1.2  0.3  1.5  986.0  991.3  9.3  8.4 -63.0 -167.0     NA  0.0 
1912/12/25 20:00:00  2.70 0.02 -0.4  0.7  0.4  1.0  986.7  990.2  9.3  8.3 -63.3 -166.7     NA  0.0 
1912/12/26 00:00:00  3.48 0.02 -0.5  0.7  0.1  1.0  986.0  990.3  9.3  8.3 -63.7 -166.6     NA  0.0 
1912/12/26 04:00:00  3.17 0.03 -0.6  0.3  0.0  0.6  985.0  989.3  9.3  8.1 -64.1 -166.6     NA  0.0 
1912/12/26 08:00:00  3.25 0.03   NA  0.3  0.1  0.6  983.0  989.3  6.7  8.1 -64.5 -166.5     NA  0.0 
1912/12/26 12:00:00  3.41 0.03 -0.7  0.3 -0.5  0.6  983.0  989.3  9.3  8.1 -65.0 -166.3     NA  0.0 
1912/12/26 16:00:00  3.49 0.20   NA -0.2 -0.4  0.3  981.3  988.5 12.3  7.9 -65.4 -166.0     NA  0.0 
1912/12/26 20:00:00  1.78 0.15 -0.1 -0.2 -0.6  0.2  979.6  988.4  4.3  7.9 -65.7 -166.0     NA  0.0 
1912/12/27 00:00:00  1.78 0.15 -0.4 -0.2   NA  0.3  975.2  988.5  3.3  7.9 -65.9 -165.9     NA  0.0 
1912/12/27 04:00:00  2.41 0.30 -0.6 -0.3  0.4  0.0  972.8  988.1  3.3  7.6 -66.2 -166.0     NA  0.0 
1912/12/27 08:00:00  2.41 0.30   NA -0.3 -0.1  0.0  975.8  988.1  2.4  7.6 -66.5 -166.1     NA  0.0 
1912/12/27 12:00:00  2.56 0.30   NA -0.3 -0.8  0.0  980.9  988.1  3.3  7.6 -66.8 -166.2     NA  0.0 
1912/12/27 16:00:00  2.55 0.35   NA -0.5 -0.8 -0.2  981.3  987.6  6.7  7.3 -67.2 -166.3     NA  0.0 
1912/12/27 20:00:00  2.63 0.35 -0.9 -0.5 -0.9 -0.2  977.9  987.6  6.7  7.3 -67.5 -166.3     NA  0.0 
1912/12/28 00:00:00  2.56 0.34 -0.9 -0.5 -0.6 -0.1  973.5  987.7  8.0  7.3 -67.8 -166.4     NA  0.0 
1912/12/28 04:00:00  2.41 0.45 -0.9 -0.7 -0.4 -0.3  970.4  987.1  5.5  6.9 -68.1 -166.3     NA  0.0 
1912/12/28 08:00:00  2.40 0.45   NA -0.7 -0.7 -0.3  966.0  987.1  3.3  6.9 -68.5 -166.2    0.3  0.0 
1912/12/28 12:00:00  1.39 0.45   NA -0.7 -1.3 -0.3  964.0  987.1  5.5  6.9 -68.6 -166.2     NA  0.0 
1912/12/28 16:00:00  1.47 0.45   NA -0.7 -1.8 -0.3  963.7  987.1  9.3  6.9 -68.8 -166.2     NA  0.0 
1912/12/28 20:00:00  3.10 0.56 -1.2 -0.9 -0.6 -0.4  963.3  986.6  8.0  6.6 -69.2 -166.2     NA  0.0 
1912/12/29 00:00:00  2.01 0.54 -1.4 -0.9 -1.2 -0.4  967.0  986.7  3.3  6.6 -69.5 -166.2     NA  0.0 
1912/12/29 04:00:00  1.47 0.54   NA -0.9   NA -0.4  968.7  986.7  0.0  6.6 -69.7 -166.2     NA  0.0 
1912/12/29 08:00:00  1.39 0.54 -1.7 -0.9 -2.3 -0.4  969.8  986.7  0.0  6.6 -69.9 -166.3     NA  0.0 
1912/12/29 12:00:00  1.62 0.65   NA -1.1 -2.5 -0.6  970.1  986.4  0.0  6.3 -70.1 -166.3     NA  0.0 
1912/12/29 16:00:00  1.62 0.65   NA -1.1 -2.9 -0.6  970.4  986.4  0.8  6.3 -70.3 -166.3     NA  0.0 
1912/12/29 20:00:00  1.62 0.65   NA -1.1  0.1 -0.6  971.4  986.4  0.0  6.3 -70.5 -166.3     NA  0.0 
1912/12/30 00:00:00  1.16 0.62   NA -1.1 -0.7 -0.6  972.8  986.6  0.8  6.2 -70.6 -166.2    0.0  0.0 
1912/12/30 04:00:00  1.24 0.62   NA -1.1 -1.2 -0.6  974.8  986.6  0.8  6.2 -70.8 -166.2     NA  0.0 
1912/12/30 08:00:00  1.24 0.62 -1.7 -1.1  0.1 -0.6  976.5  986.6  0.4  6.2 -71.0 -166.2     NA  0.0 
1912/12/30 12:00:00  0.46 0.69   NA -1.3 -4.2 -0.8  979.2  986.5  0.4  6.0 -71.0 -166.2     NA  0.0 
1912/12/30 16:00:00  0.39 0.69   NA -1.3 -4.4 -0.8  981.9  986.5  2.4  6.0 -71.1 -166.2     NA  0.0 
1912/12/30 20:00:00  0.46 0.69   NA -1.3 -2.3 -0.8  984.0  986.5  4.3  6.0 -71.1 -166.2     NA  0.0 
1912/12/31 00:00:00  0.78 0.66   NA -1.2 -0.3 -0.8  986.7  986.6  4.3  5.9 -71.2 -166.2     NA  0.0 
1912/12/31 04:00:00  0.65 0.66   NA -1.2  0.3 -0.8  985.3  986.6  4.3  5.9 -71.3 -166.1     NA  0.0 
1912/12/31 08:00:00  0.64 0.66 -1.7 -1.2 -2.8 -0.8  984.6  986.6  3.3  5.9 -71.4 -166.1     NA  0.0 
1912/12/31 12:00:00  0.39 0.66   NA -1.2 -7.1 -0.8  983.6  986.6  1.6  5.9 -71.4 -166.0     NA  0.0 
1912/12/31 16:00:00  0.31 0.66   NA -1.2 -6.5 -0.8  983.0  986.6  2.4  5.9 -71.5 -166.0     NA  0.0 
1912/12/31 20:00:00  0.39 0.66   NA -1.2 -3.9 -0.8  982.6  986.6  4.3  5.9 -71.5 -166.0     NA  0.0 
1913/01/01 00:00:00  0.39 0.64   NA -1.2   NA -0.7  982.3  986.8  4.3  5.8 -71.6 -166.0     NA  0.0 
1913/01/01 04:00:00  0.09 0.64 -1.7 -1.2 -1.7 -0.7  981.3  986.8  8.0  5.8 -71.6 -166.0     NA  0.0 
1913/01/01 08:00:00  0.09 0.62   NA -1.2 -3.7 -0.7  979.9  986.7  6.7  5.8 -71.6 -166.0     NA  0.0 
1913/01/01 12:00:00  0.08 0.62   NA -1.2 -4.9 -0.7  978.9  986.7  6.7  5.8 -71.6 -166.0     NA  0.0 
1913/01/01 16:00:00  0.05 0.62   NA -1.2 -4.0 -0.7  977.2  986.7  9.3  5.8 -71.6 -166.0     NA  0.0 
1913/01/01 20:00:00  0.08 0.62 -1.8 -1.2 -2.9 -0.7  976.2  986.7  9.3  5.8 -71.6 -165.9     NA  0.0 
1913/01/02 00:00:00  0.09 0.59   NA -1.2   NA -0.7  975.2  986.8  6.7  5.8 -71.6 -165.9     NA  0.0 
1913/01/02 04:00:00  0.16 0.59   NA -1.2 -1.7 -0.7  972.8  986.8  9.3  5.8 -71.6 -165.9     NA  0.0 
1913/01/02 08:00:00  0.24 0.59 -1.8 -1.2 -3.0 -0.7  973.8  986.8 15.5  5.8 -71.6 -166.0     NA  0.0 
1913/01/02 12:00:00  0.16 0.59   NA -1.2 -3.3 -0.7  975.2  986.8  9.3  5.8 -71.5 -166.0     NA  0.0 
1913/01/02 20:00:00  0.20 0.59   NA -1.2 -2.1 -0.7  975.2  986.8 10.8  5.8 -71.5 -166.0     NA  0.0 
1913/01/03 00:00:00  0.16 0.58 -1.8 -1.1 -1.6 -0.7  976.9  987.0 10.8  5.7 -71.5 -166.0     NA  0.0 
1913/01/03 04:00:00  0.07 0.56   NA -1.1 -2.6 -0.6  977.5  986.9  8.0  5.7 -71.5 -166.0     NA  0.0 
1913/01/03 08:00:00  0.07 0.56   NA -1.1 -3.3 -0.6  977.5  986.9  4.3  5.7 -71.5 -165.9     NA  0.0 
1913/01/03 20:00:00  0.07 0.56   NA -1.1 -2.8 -0.6  979.9  986.9  2.4  5.7 -71.5 -165.9     NA  0.0 
1913/01/04 00:00:00  0.07 0.54   NA -1.1 -0.6 -0.6  979.2  987.0  1.6  5.7 -71.5 -165.8     NA  0.0 
1913/01/04 04:00:00  0.29 0.54   NA -1.1 -0.6 -0.6  979.9  987.0  1.6  5.7 -71.5 -165.9     NA  0.0 
1913/01/04 08:00:00  0.26 0.57   NA -1.1 -1.4 -0.6  980.2  987.1  3.3  5.7 -71.5 -166.0     NA  0.0 
1913/01/04 12:00:00  0.29 0.57   NA -1.1 -2.2 -0.6  981.3  987.1  3.3  5.7 -71.5 -166.1     NA  0.0 
1913/01/04 16:00:00  0.29 0.57   NA -1.1 -1.9 -0.6  981.9  987.1  2.4  5.7 -71.5 -166.2     NA  0.0 
1913/01/04 20:00:00  0.26 0.57   NA -1.1 -0.8 -0.6  982.6  987.1  4.3  5.7 -71.6 -166.3     NA  0.0 
1913/01/05 00:00:00  0.29 0.55   NA -1.0  0.6 -0.6  984.0  987.2  2.4  5.7 -71.6 -166.4     NA  0.0 
1913/01/05 04:00:00  0.57 0.55   NA -1.0  0.9 -0.6  985.0  987.2  2.4  5.7 -71.6 -166.6     NA  0.0 
1913/01/05 08:00:00  0.58 0.55   NA -1.0 -1.1 -0.6  985.0  987.2  0.4  5.7 -71.7 -166.8     NA  0.0 
1913/01/05 12:00:00  0.00 0.55   NA -1.0 -1.9 -0.6  986.0  987.2  0.8  5.7 -71.7 -166.8     NA  0.0 
1913/01/05 20:00:00  0.01 0.55   NA -1.0 -2.2 -0.6  983.6  987.2  0.8  5.7 -71.7 -166.8     NA  0.0 
1913/01/06 00:00:00  0.00 0.54   NA -1.0 -0.6 -0.6  982.3  987.4  0.8  5.7 -71.7 -166.8     NA  0.0 
1913/01/06 04:00:00  0.08 0.54   NA -1.0  0.5 -0.6  980.6  987.4  0.8  5.7 -71.7 -166.8     NA  0.0 
1913/01/06 08:00:00  0.08 0.54   NA -1.0 -3.7 -0.6  980.6  987.4  2.4  5.7 -71.7 -166.8     NA  0.0 
1913/01/06 12:00:00  0.08 0.54   NA -1.0   NA -0.6  981.9  987.4  2.4  5.7 -71.7 -166.8     NA  0.0 
1913/01/06 20:00:00  0.08 0.54   NA -1.0 -2.5 -0.6  986.7  987.4  5.5  5.7 -71.6 -166.8     NA  0.0 
1913/01/07 00:00:00  0.08 0.52 -1.7 -0.9 -0.6 -0.6  988.0  987.5  5.5  5.7 -71.6 -166.8     NA  0.0 
1913/01/07 04:00:00  0.00 0.52   NA -0.9 -2.7 -0.6  988.7  987.5  4.3  5.7 -71.6 -166.8     NA  0.0 
1913/01/07 08:00:00  0.08 0.52   NA -0.9 -2.7 -0.6  988.4  987.5  4.3  5.7 -71.6 -166.8     NA  0.0 
1913/01/07 16:00:00  0.04 0.52   NA -0.9 -2.8 -0.6  987.0  987.5  4.3  5.7 -71.6 -166.8     NA  0.0 
1913/01/07 20:00:00  0.50 0.52   NA -0.9 -1.8 -0.6  987.0  987.5  6.7  5.7 -71.6 -166.9     NA  0.0 
1913/01/08 00:00:00  0.50 0.52   NA -0.9 -2.0 -0.6  986.7  987.7  8.0  5.7 -71.7 -167.1     NA  0.0 
1913/01/08 04:00:00  0.74 0.52   NA -0.9 -3.1 -0.6  986.7  987.7  9.3  5.7 -71.8 -167.3     NA  0.0 
1913/01/08 08:00:00  0.74 0.52   NA -0.9 -2.8 -0.6  977.2  987.7  6.7  5.7 -71.8 -167.5     NA  0.0 
1913/01/08 12:00:00  0.41 0.52   NA -0.9 -3.2 -0.6  979.6  987.7 13.9  5.7 -71.8 -167.7     NA  0.0 
1913/01/08 20:00:00  0.42 0.52   NA -0.9 -3.4 -0.6  985.7  987.7 13.9  5.7 -71.7 -168.0     NA  0.0 
1913/01/09 00:00:00  0.00 0.51 -1.7 -0.9 -2.0 -0.6  989.1  987.8 12.3  5.7 -71.7 -168.0    0.0  0.0 
1913/01/09 04:00:00  0.42 0.51   NA -0.9 -0.8 -0.6  992.4  987.9  9.3  5.7 -71.8 -168.1     NA  0.0 
1913/01/09 08:00:00  0.42 0.51   NA -0.9 -1.3 -0.6  996.2  987.9  5.5  5.7 -71.8 -168.2     NA  0.0 
1913/01/09 14:00:00  0.43 0.51   NA -0.9 -2.1 -0.6  995.1  987.9  6.7  5.7 -71.9 -168.4     NA  0.0 
1913/01/09 16:00:00  0.42 0.51   NA -0.9 -0.9 -0.6  995.1  987.9  4.3  5.7 -71.9 -168.4     NA  0.0 
1913/01/09 20:00:00  0.42 0.51   NA -0.9 -1.0 -0.6  994.8  987.9  4.3  5.7 -71.9 -168.6     NA  0.0 
1913/01/10 00:00:00  0.42 0.49   NA -0.8  0.2 -0.7  995.8  988.0  4.3  5.7 -72.0 -168.7     NA  0.0 
1913/01/10 04:00:00  0.02 0.49 -1.8 -0.8  0.6 -0.7  995.1  988.0  8.0  5.7 -72.0 -168.7     NA  0.0 
1913/01/10 08:00:00  0.00 0.49   NA -0.8  0.3 -0.7  994.8  988.0 10.8  5.7 -72.0 -168.7     NA  0.0 
1913/01/10 12:00:00  0.02 0.49   NA -0.8  0.2 -0.7  995.1  988.0 10.8  5.7 -72.0 -168.7     NA  0.0 
1913/01/10 20:00:00  0.04 0.49   NA -0.8   NA -0.7  998.2  988.0  9.3  5.7 -72.0 -168.7     NA  0.0 
1913/01/11 00:00:00  0.02 0.48 -1.6 -0.8 -0.7 -0.7  998.9  988.1  6.7  5.7 -72.0 -168.7     NA  0.0 
1913/01/11 04:00:00  0.23 0.48   NA -0.8 -1.5 -0.7  998.2  988.1  6.7  5.7 -72.0 -168.6     NA  0.0 
1913/01/11 08:00:00  0.23 0.56   NA -0.9   NA -0.8  997.5  988.1  5.5  5.5 -72.0 -168.5     NA  0.0 
1913/01/11 12:00:00  0.19 0.56   NA -0.9   NA -0.8  996.2  988.1  4.3  5.5 -72.0 -168.5     NA  0.0 
1913/01/11 20:00:00  0.23 0.56   NA -0.9 -0.9 -0.8  992.8  988.1 15.5  5.5 -72.0 -168.3     NA  0.0 
1913/01/12 00:00:00  0.15 0.55   NA -0.8 -0.3 -0.8  992.4  988.1 15.5  5.5 -72.0 -168.3     NA  0.0 
1913/01/12 04:00:00  0.68 0.55   NA -0.8  0.0 -0.8  992.4  988.1  9.3  5.5 -72.1 -168.5     NA  0.0 
1913/01/12 08:00:00  0.66 0.55   NA -0.8 -0.3 -0.8  993.1  988.1  6.7  5.5 -72.1 -168.7     NA  0.0 
1913/01/12 12:00:00  0.68 0.55   NA -0.8 -1.1 -0.8  993.8  988.1  4.3  5.5 -72.2 -168.9     NA  0.0 
1913/01/12 16:00:00  0.73 0.53   NA -0.8 -0.8 -0.8  994.8  988.3  6.7  5.5 -72.2 -169.1     NA  0.0 
1913/01/12 20:00:00  0.66 0.53   NA -0.8 -0.3 -0.8  995.8  988.3  4.3  5.5 -72.3 -169.3     NA  0.0 
1913/01/13 00:00:00  0.68 0.51   NA -0.7   NA -0.8  994.5  988.4  4.3  5.5 -72.4 -169.5     NA  0.0 
1913/01/13 04:00:00  1.37 0.46   NA -0.7   NA -0.8  994.5  988.5  0.8  5.5 -72.4 -170.1     NA  0.0 
1913/01/13 08:00:00  1.41 0.46   NA -0.7   NA -0.8  993.8  988.5  0.0  5.5 -72.5 -170.6     NA  0.0 
1913/01/13 12:00:00  1.36 0.39   NA -0.6 -0.3 -0.8  993.5  988.6  0.8  5.5 -72.6 -171.2     NA  0.0 
1913/01/13 20:00:00  1.37 0.34   NA -0.5 -1.2 -0.8  990.4  988.8  4.3  5.5 -72.7 -172.3     NA  0.0 
1913/01/14 00:00:00  1.37 0.33   NA -0.5 -0.6 -0.8  989.7  988.8  2.4  5.5 -72.8 -172.8     NA  0.0 
1913/01/14 04:00:00  2.52 0.25 -0.8 -0.4 -0.7 -0.8  988.4  988.9  4.3  5.6 -72.9 -173.8     NA  0.0 
1913/01/14 08:00:00  2.44 0.15   NA -0.4 -1.2 -1.1  990.7  989.0   NA  5.4 -73.1 -174.6     NA  0.0 
1913/01/14 12:00:00  2.49 0.11   NA -0.4 -3.2 -1.0  987.7  989.2  9.3  5.5 -73.3 -175.5     NA  0.0 
1913/01/14 16:00:00  2.41 0.14   NA -0.3 -2.8 -1.0  987.0  989.4  6.7  5.5 -73.5 -176.4     NA  0.0 
1913/01/14 20:00:00  2.45 0.00 -0.7 -0.3 -3.3 -1.0  987.4  989.5  6.7  5.6 -73.7 -177.3     NA  0.0 
1913/01/15 00:00:00  0.94 0.00 -0.6 -0.3 -3.1 -1.1  987.7  989.6  6.7  5.6 -73.8 -177.2     NA  0.0 
1913/01/15 04:00:00  4.62 0.00 -0.6 -0.3 -3.1 -1.5  987.7  989.9  8.0  5.6 -74.1 -179.1     NA  0.0 
1913/01/15 08:00:00  4.55 0.00   NA -0.2 -2.5 -1.6  989.1  990.1  9.3  5.7 -74.4  179.1     NA  0.0 
1913/01/15 12:00:00  2.46 0.00   NA -0.2 -2.5 -1.6  990.1  990.3  9.3  5.7 -74.6  178.1     NA  0.0 
1913/01/15 16:00:00  2.43 0.00   NA -0.1 -1.9 -1.6  991.4  990.5 10.8  5.7 -74.8  177.2     NA  0.0 
1913/01/15 20:00:00  2.27 0.00  0.8  0.0 -2.0 -1.8  992.8  990.8 10.8  5.7 -75.0  176.4     NA  0.0 
1913/01/16 00:00:00  2.72 0.00   NA  0.0 -1.6 -1.9  994.8  991.1  9.3  5.6 -75.2  175.3     NA  0.0 
1913/01/16 04:00:00  4.48 0.00  0.8  0.1 -0.6 -2.0  996.2  991.5  4.3  5.3 -75.4  173.1     NA  0.0 
1913/01/16 08:00:00  2.86 0.00  1.7  0.1 -0.3 -2.0  996.8  992.0  6.7  4.9 -75.6  171.9     NA  0.0 
1913/01/16 12:00:00  2.77 0.00   NA  0.1   NA -2.0  996.5  992.2  6.7  4.6 -75.8  170.7     NA  0.0 
1913/01/16 16:00:00  2.81 0.00   NA -0.1 -0.3 -2.0  996.2  992.6  4.3  4.1 -76.0  169.5     NA  0.0 
1913/01/16 20:00:00  1.13 0.00  0.6 -0.1   NA -2.0  996.2  992.6  0.0  4.1 -76.2  169.2     NA  0.0 
1913/01/17 00:00:00  1.96 0.00   NA -0.1   NA -2.2  995.8  992.8  0.8  3.7 -76.4  168.7     NA  0.0 
1913/01/17 04:00:00  1.66 0.00  2.0 -0.1   NA -2.2  994.8  992.8  0.0  3.7 -76.6  168.3     NA  0.0 
1913/01/17 08:00:00  1.65 0.00  2.5 -0.2 -1.1 -2.3  995.8  993.0  2.4  3.4 -76.8  167.9     NA  0.0 
1913/01/17 12:00:00  1.65 0.00   NA -0.2 -4.4 -2.3  995.5  993.0  0.8  3.4 -77.0  167.4     NA  0.0 
1913/01/17 16:00:00  1.71 0.00   NA -0.2 -3.8 -2.3  994.8  993.2  0.0  2.6 -77.2  167.0    0.2  0.0 
1913/01/17 20:00:00  1.64 0.00  0.3 -0.5 -2.2 -2.3  994.5  993.4  0.0  2.3 -77.4  166.6     NA  0.0 
1913/01/18 00:00:00  1.63 0.00   NA -0.5 -1.8 -2.5  995.8  993.4  0.0  2.4 -77.5  166.2     NA  0.0 
1913/01/18 11:00:00  0.00 0.00  1.4 -0.5 -2.7 -2.5  995.5  993.4  3.3  2.4 -77.5  166.2     NA  0.0 
1913/01/18 20:00:00  0.00 0.00   NA -0.5 -2.2 -2.5  994.5  993.4  1.6  2.4 -77.5  166.2     NA  0.0 
1913/01/19 00:00:00  0.00 0.00   NA -0.4 -0.2 -2.8  996.2  993.3  2.4  2.4 -77.5  166.2     NA  0.0 
1913/01/19 04:00:00  0.46 0.00  0.8 -0.4 -1.2 -2.8  997.9  993.3  6.7  2.4 -77.6  166.1     NA  0.0 
1913/01/19 08:00:00  0.39 0.00   NA -0.4 -4.4 -2.8  999.2  993.3  2.4  2.4 -77.7  166.1     NA  0.0 
1913/01/19 16:00:00  0.46 0.00   NA -0.4 -2.4 -2.8  998.5  993.3  0.8  2.4 -77.8  166.1     NA  0.0 
1913/01/19 20:00:00  0.00 0.00  0.3 -0.4 -8.6 -2.8  998.2  993.3  2.4  2.4 -77.8  166.1     NA  0.0 
1913/01/20 00:00:00  0.00 0.00   NA -0.4 -4.2 -3.2  998.2  993.2  2.4  2.4 -77.8  166.1     NA  0.0 
1913/01/20 08:00:00  0.00 0.00   NA -0.4 -4.8 -3.2  997.2  993.2  2.4  2.4 -77.8  166.1     NA  0.0 
1913/01/20 20:00:00  0.00 0.00 -0.4 -0.4 -3.9 -3.2  995.5  993.2  0.0  2.4 -77.8  166.1     NA  0.0 
1913/01/21 00:00:00  0.00 0.00 -0.2 -0.4 -0.6 -3.5  994.1  993.0   NA  2.4 -77.8  166.1     NA  0.0 
1913/01/21 04:00:00  0.83 0.00 -0.1 -0.6 -1.1 -3.5  995.1  993.2  1.6  2.2 -77.7  165.9     NA  0.0 
1913/01/21 08:00:00  0.91 0.00  0.2 -0.6 -5.6 -3.5  995.1  993.2  1.6  2.2 -77.6  165.8     NA  0.0 
1913/01/21 12:00:00  0.84 0.00   NA -0.6 -9.4 -3.5  995.8  993.2  2.4  2.2 -77.5  165.6     NA  0.0 
1913/01/21 16:00:00  0.91 0.00   NA -0.6 -7.0 -3.5  995.5  993.2  6.7  2.2 -77.4  165.4     NA  0.0 
1913/01/21 20:00:00  0.84 0.00  1.1 -0.6  1.7 -3.5  994.8  993.2  0.8  2.2 -77.3  165.2     NA  0.0 
1913/01/22 00:00:00  0.91 0.00 -0.4 -0.8  1.8 -3.7     NA  993.2   NA  2.0 -77.2  165.0     NA  0.0 
1913/01/22 04:00:00  0.84 0.00 -0.6 -0.8 -2.7 -3.7  995.1  993.2  2.4  2.0 -77.0  164.8     NA  0.0 
1913/01/22 08:00:00  0.84 0.00   NA -0.8 -3.2 -3.7  995.5  993.0  5.5  2.6 -77.0  164.6     NA  0.0 
1913/01/22 12:00:00  0.92 0.00   NA -0.8 -7.8 -3.7  995.1  993.0   NA  2.6 -76.8  164.4     NA  0.0 
1913/01/22 16:00:00  0.84 0.00  0.0 -0.8   NA -3.7  995.1  993.0  2.4  2.6 -76.7  164.2     NA  0.0 
1913/01/22 20:00:00  0.91 0.00   NA -0.8 -2.1 -3.7  995.8  993.0  0.0  2.6 -76.6  164.0     NA  0.0 
1913/01/23 00:00:00  0.84 0.00   NA -0.9  2.2 -4.0  996.5  993.0   NA  2.2 -76.5  163.8     NA  0.0 
1913/01/23 04:00:00  1.53 0.00   NA -0.8   NA -4.0  997.9  992.9   NA  2.7 -76.5  164.7     NA  0.0 
1913/01/23 08:00:00  1.55 0.00   NA -0.6   NA -4.0  997.5  992.8   NA  2.9 -76.4  165.5     NA  0.0 
1913/01/23 12:00:00  1.54 0.00   NA -0.4 -1.1 -4.1  997.9  992.6  1.6  3.2 -76.4  166.3     NA  0.0 
1913/01/23 16:00:00  1.54 0.00   NA -0.2 -4.3 -4.2  997.9  992.4  4.3  3.6 -76.3  167.1     NA  0.0 
1913/01/23 20:00:00  1.12 0.00 -1.7 -0.2   NA -4.2  999.5  992.4  0.0  3.6 -76.2  167.3     NA  0.0 
1913/01/24 00:00:00  1.12 0.00   NA -0.2 -2.8 -4.6  999.9  992.3  0.8  3.6 -76.0  167.4     NA  0.0 
1913/01/24 04:00:00  0.43 0.00   NA -0.2 -3.3 -4.6 1000.9  992.3  0.8  3.6 -76.0  167.6     NA  0.0 
1913/01/24 08:00:00  0.43 0.00   NA -0.2 -4.2 -4.4 1000.9  992.1   NA  3.7 -76.0  167.8     NA  0.0 
1913/01/24 12:00:00  0.71 0.00   NA -0.2 -4.7 -4.4 1000.9  992.1  0.8  3.7 -75.9  167.7     NA  0.0 
1913/01/24 16:00:00  0.71 0.00   NA -0.2 -6.3 -4.4 1001.2  992.1  0.0  3.7 -75.8  167.6     NA  0.0 
1913/01/24 20:00:00  0.71 0.00 -1.4 -0.2   NA -4.4 1001.6  992.1  0.0  3.7 -75.7  167.5     NA  0.0 
1913/01/25 00:00:00  0.43 0.00   NA -0.2  0.6 -4.8 1001.9  991.9  0.0  3.8 -75.7  167.4     NA  0.0 
1913/01/25 04:00:00  3.72 0.00   NA -0.3 -0.1 -4.7 1001.6  992.1   NA  3.4 -75.3  166.1     NA  0.0 
1913/01/25 08:00:00  0.59 0.00   NA -0.4 -1.6 -4.6 1000.9  992.2  2.4  3.0 -75.2  165.9     NA  0.0 
1913/01/25 12:00:00  2.59 0.00   NA -0.3 -2.8 -4.6 1000.9  992.4  4.3  2.8 -75.0  164.9     NA  0.0 
1913/01/25 16:00:00  0.76 0.00   NA -0.5 -7.2 -4.5 1001.9  992.1  2.4  2.3 -75.0  165.2     NA  0.0 
1913/01/25 20:00:00  0.74 0.00  0.7 -0.5 -4.8 -4.5 1001.6  992.1  2.4  2.3 -75.0  165.6     NA  0.0 
1913/01/26 00:00:00  0.77 0.00   NA -0.5 -3.6 -4.8 1000.9  991.9  2.4  2.3 -74.9  165.9     NA  0.0 
1913/01/26 04:00:00  4.30 0.00   NA -0.3   NA -4.8 1000.2  991.4  1.6  3.8 -74.9  168.1    0.1  0.0 
1913/01/26 08:00:00  2.01 0.00   NA -0.3 -1.1 -4.8 1000.9  991.4   NA  3.8 -74.6  168.6     NA  0.0 
1913/01/26 12:00:00  3.99 0.00   NA -0.1 -1.7 -4.4 1001.6  991.1  2.4  4.7 -74.4  170.3     NA  0.0 
1913/01/26 16:00:00  4.02 0.00   NA -0.1 -1.2 -4.1 1001.9  990.7  2.4  5.5 -74.2  172.1     NA  0.0 
1913/01/26 20:00:00  1.70 0.00  1.1 -0.1   NA -4.1 1002.3  990.7  4.3  5.5 -74.0  172.5     NA  0.0 
1913/01/27 00:00:00  1.64 0.00   NA -0.2  1.7 -3.7 1001.9  990.5  4.3  5.5 -73.9  173.0     NA  0.0 
1913/01/27 04:00:00  3.06 0.00   NA -0.1 -0.6 -3.7  999.9  990.4  6.7  5.8 -73.5  173.5     NA  0.0 
1913/01/27 08:00:00  3.00 0.00   NA -0.1  1.4 -3.7  998.5  990.4  4.3  5.8 -73.1  174.0     NA  0.0 
1913/01/27 12:00:00  3.07 0.04   NA -0.3  0.3 -3.1  996.2  990.2  4.3  6.3 -72.8  174.5     NA  0.0 
1913/01/27 16:00:00  3.09 0.04   NA -0.3  0.0 -3.1  995.8  990.2  6.7  6.3 -72.4  175.0     NA  0.0 
1913/01/27 20:00:00  1.85 0.04 -0.8 -0.3  0.4 -3.1  998.2  990.2  6.7  6.3 -72.1  175.0     NA  0.0 
1913/01/28 00:00:00  1.85 0.13 -0.7 -0.3  1.2 -2.7 1000.6  990.0  6.7  6.7 -71.9  175.0     NA  0.0 
1913/01/28 04:00:00  2.55 0.13 -0.6 -0.3 -0.3 -2.7 1000.9  990.0  6.7  6.7 -71.6  175.0     NA  0.0 
1913/01/28 08:00:00  2.55 0.13 -0.6 -0.3  0.0 -2.7 1001.6  990.0  4.3  6.7 -71.2  174.9     NA  0.0 
1913/01/28 12:00:00  2.47 0.12   NA -0.3  0.2 -2.1 1001.6  990.0  4.3  6.9 -70.9  174.9     NA  0.0 
1913/01/28 16:00:00  2.55 0.12   NA -0.3 -0.3 -2.1  999.2  990.0  4.3  6.9 -70.6  174.9     NA  0.0 
1913/01/28 20:00:00  2.55 0.12 -0.6 -0.3  0.2 -2.1  997.9  990.0  2.4  6.9 -70.3  174.9     NA  0.0 
1913/01/29 00:00:00  2.55 0.11 -0.4 -0.2  0.6 -1.8  995.1  990.1  1.6  7.0 -69.9  174.9     NA  0.0 
1913/01/29 04:00:00  3.43 0.11 -0.6 -0.2 -0.2 -1.8  990.4  990.2  2.4  7.0 -69.7  173.8     NA  0.0 
1913/01/29 08:00:00  3.43 0.11   NA -0.2 -0.6 -1.9  990.4  990.3  9.3  7.0 -69.4  172.8     NA  0.0 
1913/01/29 12:00:00  3.48 0.13   NA -0.2 -0.9 -2.0  987.0  990.4 12.3  7.0 -69.1  171.8     NA  0.0 
1913/01/29 16:00:00  3.54 0.18   NA -0.1 -0.6 -1.5  989.1  990.9 20.7  7.0 -68.8  170.8     NA  0.0 
1913/01/29 20:00:00  3.54 0.24   NA -0.2 -1.0 -1.5  992.8  991.0 12.3  7.0 -68.6  169.8     NA  0.0 
1913/01/30 00:00:00  3.54 0.28   NA -0.2 -0.9 -1.7  995.8  990.9 12.3  7.0 -68.3  168.8     NA  0.0 
1913/01/30 04:00:00  4.34 0.24   NA -0.1 -0.6 -0.9  994.8  991.3 12.3  7.1 -67.8  168.3     NA  0.0 
1913/01/30 08:00:00  4.28 0.24   NA -0.1 -0.3 -1.1  993.5  991.3  6.7  7.0 -67.2  167.8     NA  0.0 
1913/01/30 12:00:00  2.96 0.27   NA -0.1 -0.4 -1.3  992.1  991.3  4.3  7.0 -67.1  166.8     NA  0.0 
1913/01/30 16:00:00  2.95 0.29   NA -0.1 -0.3 -1.3  991.4  991.4 12.3  6.9 -67.0  165.9     NA  0.0 
1913/01/30 20:00:00  4.52 0.14   NA  0.1 -0.3 -0.5  989.4  991.7  9.3  7.0 -66.6  164.8     NA  0.0 
1913/01/31 00:00:00  4.63 0.25   NA  0.1  0.0 -0.6  987.7  991.5 12.3  7.1 -66.2  163.7     NA  0.0 
1913/01/31 04:00:00  8.52 0.08   NA  0.3  0.6 -0.3  986.3  991.8 12.3  7.1 -65.7  161.3     NA  0.0 
1913/01/31 08:00:00  8.69 0.10   NA  0.2  0.6 -0.8  986.3  991.7 12.3  7.0 -65.2  158.9     NA  0.0 
1913/01/31 12:00:00  2.16 0.00   NA  0.8  0.4  0.1  987.4  992.1  9.3  7.3 -64.9  158.9     NA  0.0 
1913/01/31 16:00:00  2.16 0.00   NA  0.8  0.1  0.1  989.1  992.1  4.3  7.3 -64.6  158.9     NA  0.0 
1913/01/31 20:00:00  2.08 0.00   NA  0.8  0.7  0.1  991.8  992.1   NA  7.3 -64.3  158.9     NA  0.0 
1913/02/01 00:00:00  2.16 0.00  1.4  0.8  1.7  0.0  993.8  992.0  4.3  7.3 -64.1  158.9     NA  0.0 
1913/02/01 04:00:00  2.47 0.00  1.7  1.4  2.2  0.9  995.5  992.7  4.3  7.7 -63.8  158.9     NA  0.0 
1913/02/01 08:00:00  2.47 0.00  2.1  1.4  2.2  0.9  996.8  992.7  3.3  7.7 -63.4  158.9     NA  0.0 
1913/02/01 12:00:00  2.47 0.00   NA  1.4  3.2  0.9  995.8  992.7  3.3  7.7 -63.1  158.9     NA  0.0 
1913/02/01 16:00:00  2.47 0.00   NA  2.0  1.7  1.7  990.7  993.4 15.5  8.0 -62.8  158.9    0.1  0.0 
1913/02/01 20:00:00  2.47 0.00  2.2  2.0  3.9  1.7  987.0  993.4 12.3  8.0 -62.5  158.9    0.0  0.0 
1913/02/02 00:00:00  2.47 0.00   NA  2.0  4.0  1.7  985.3  993.3  4.3  8.1 -62.1  158.9     NA  0.0 
1913/02/02 04:00:00  4.10 0.00   NA  2.4  3.8  2.6  985.0  994.0  3.3  8.5 -61.7  158.2     NA  0.0 
1913/02/02 08:00:00  4.05 0.00  2.8  2.5  2.9  2.7  983.3  993.9  0.8  8.4 -61.3  157.6     NA  0.0 
1913/02/02 12:00:00  3.55 0.00   NA  3.1  1.8  3.6  981.9  994.7  2.4  8.8 -60.8  157.6     NA  0.0 
1913/02/02 20:00:00  3.51 0.00  3.2  3.7  1.7  4.3  981.6  995.6  9.3  9.1 -59.9  157.6     NA  0.0 
1913/02/03 00:00:00  3.47 0.00  3.9  3.7  2.6  4.3  983.6  995.5 10.8  9.1 -59.5  157.6     NA  0.0 
1913/02/03 04:00:00  5.05 0.00  5.0  4.4  4.2  5.0  984.6  996.7  9.3  9.3 -58.8  157.7     NA  5.5 
1913/02/03 08:00:00  4.01 0.00  5.0  4.6  4.0  4.9  982.6  996.9  4.3  9.3 -58.4  158.1     NA  5.8 
1913/02/03 12:00:00  2.01 0.00   NA  4.6  4.9  4.9  982.3  996.9  9.3  9.3 -58.1  158.3     NA  5.8 
1913/02/03 16:00:00  1.96 0.00   NA  5.1  5.0  5.5  983.3  998.1  9.3  9.5 -57.9  158.6    0.0  6.3 
1913/02/03 20:00:00  2.01 0.00  4.9  5.1  5.1  5.5  986.0  998.1 12.3  9.5 -57.7  158.8     NA  6.3 
1913/02/04 00:00:00  3.34 0.00  5.0  5.2  5.6  5.4  988.0  998.2 15.5  9.5 -57.3  159.1     NA  6.3 
1913/02/04 04:00:00  7.16 0.00   NA  5.7  6.1  5.9  992.1  999.6 18.9  9.7 -56.5  160.1     NA  6.8 
1913/02/04 08:00:00  2.50 0.00   NA  5.7  6.1  5.9  994.8  999.6 12.3  9.7 -56.3  160.5     NA  6.8 
1913/02/04 12:00:00  2.53 0.00   NA  5.7  5.8  5.9  996.5  999.6 10.8  9.7 -56.0  160.9     NA  6.8 
1913/02/04 16:00:00  2.51 0.00   NA  6.8  5.9  6.7  995.5 1001.1  8.0  9.9 -55.8  161.2     NA  7.5 
1913/02/04 20:00:00  2.54 0.00  5.0  6.8  6.7  6.7  992.4 1001.1  4.3  9.9 -55.5  161.6     NA  7.5 
1913/02/05 00:00:00  2.52 0.00  5.0  7.1  7.8  6.9  986.3 1001.4  6.7 10.0 -55.3  162.0     NA  7.6 
1913/02/05 04:00:00  2.26 0.00   NA  7.1  8.1  6.9  978.2 1001.4 12.3 10.0 -55.1  162.5     NA  7.6 
1913/02/05 08:00:00  2.23 0.00   NA  7.1  8.9  6.9  974.2 1001.4 18.9 10.0 -55.0  162.9     NA  7.6 
1913/02/05 12:00:00  2.27 0.00   NA  8.1   NA  7.4  978.6 1002.9 26.4 10.1 -54.9  163.3     NA  8.6 
1913/02/05 16:00:00  2.24 0.00   NA  8.1  6.7  7.4  987.7 1002.9 18.9 10.1 -54.7  163.8    0.0  8.6 
1913/02/05 20:00:00  2.28 0.00   NA  8.2  6.7  7.5  994.8 1003.1 18.9 10.2 -54.6  164.2     NA  8.6 
1913/02/06 00:00:00  3.11 0.00   NA  8.2  8.9  7.5 1000.6 1003.2 15.5 10.2 -54.4  164.8     NA  8.6 
1913/02/06 04:00:00  1.65 0.00   NA  8.3  9.3  7.8 1003.9 1003.4 15.5 10.2 -54.2  165.1     NA  8.6 
1913/02/06 08:00:00  4.98 0.00   NA  8.8  9.4  8.2 1007.0 1004.6 15.5 10.2 -53.7  165.7     NA  9.1 
1913/02/06 12:00:00  4.94 0.00   NA  8.9  9.6  8.6 1011.1 1004.8 15.5 10.2 -53.2  166.4     NA  9.0 
1913/02/06 16:00:00  5.03 0.00   NA  9.4  9.4  9.4 1012.8 1006.1  6.7 10.1 -52.7  167.0     NA  9.7 
1913/02/06 20:00:00  3.70 0.00  9.3  9.4  9.6  9.4 1013.4 1006.1  5.5 10.1 -52.3  167.5     NA  9.7 
1913/02/07 00:00:00  3.71 0.00  9.4 10.0 10.1 10.1 1013.8 1007.6  8.0  9.8 -51.9  168.0     NA 10.2 
1913/02/07 04:00:00  4.24 0.00 10.0 10.0 10.8 10.1 1014.1 1007.6  4.3  9.8 -51.5  168.5     NA 10.2 
1913/02/07 08:00:00  4.27 0.00 10.0 10.5 10.6 10.7 1014.4 1008.9  2.4  9.5 -51.0  168.9     NA 10.8 
1913/02/07 12:00:00  3.17 0.00   NA 10.7 10.1 10.7 1013.1 1009.0  4.3  9.4 -50.6  169.2     NA 11.1 
1913/02/07 16:00:00  3.26 0.00   NA 10.7 10.0 10.7 1012.1 1009.0  6.7  9.4 -50.2  169.5     NA 11.1 
1913/02/07 20:00:00  3.18 0.00 10.6 11.3 10.1 11.2 1013.4 1010.0  6.7  9.0 -49.9  169.8     NA 11.4 
1913/02/08 00:00:00  3.62 0.00 10.7 11.3 11.1 11.2 1014.1 1010.1  6.7  9.1 -49.4  170.0     NA 11.3 
1913/02/08 04:00:00  4.13 0.00 11.0 11.9 11.6 11.7 1014.8 1010.9  6.7  8.5 -48.9  170.1     NA 12.0 
1913/02/08 08:00:00  4.05 0.00 11.1 11.9 11.1 11.7 1014.8 1010.9  6.7  8.5 -48.4  170.2     NA 12.0 
1913/02/08 12:00:00  1.81 0.00   NA 11.9 11.2 11.7 1016.8 1010.9  6.7  8.5 -48.1  170.3     NA 12.0 
1913/02/08 16:00:00  1.88 0.00   NA 12.6 11.7 12.2 1017.2 1011.7  9.3  7.6 -47.9  170.4     NA 12.9 
1913/02/08 20:00:00  1.81 0.00 11.9 12.6 12.2 12.2 1019.2 1011.7  4.3  7.6 -47.7  170.5     NA 12.9 
1913/02/09 00:00:00  7.64 0.00 12.7 13.4 13.2 12.7 1019.2 1012.6  2.4  5.7 -46.7  170.7     NA 13.8 
1913/02/09 04:00:00  2.60 0.00 13.3 13.4 17.8 12.7 1019.5 1012.6  2.4  5.7 -46.4  170.9     NA 13.8 
1913/02/09 08:00:00  2.65 0.00 12.8 13.2 16.1 12.8 1018.2 1012.6  6.7  6.7 -46.1  171.1     NA 13.8 
1913/02/09 12:00:00  2.60 0.00   NA 14.0 16.0 13.5 1015.8 1013.4  4.3  5.4 -45.8  171.3     NA 14.9 
1913/02/09 16:00:00  2.60 0.00   NA 14.0 15.6 13.5 1013.4 1013.4  2.4  5.4 -45.5  171.5     NA 14.9 
1913/02/09 20:00:00  2.66 0.00 15.0 14.0 16.4 13.5 1013.4 1013.4  0.8  5.4 -45.1  171.7     NA 14.9 
1913/02/10 00:00:00  2.61 0.00 15.4 14.5 16.1 14.3 1012.1 1014.1  1.6  4.0 -44.8  171.8     NA 15.9 
1913/02/10 04:00:00    NA   NA 16.1   NA 16.0   NA 1009.7     NA  0.8   NA    NA     NA     NA   NA 
1913/02/10 08:00:00    NA   NA 16.1   NA 15.7   NA 1009.0     NA  0.8   NA    NA     NA     NA   NA 
1913/02/10 12:00:00    NA   NA   NA   NA 15.1   NA 1008.7     NA  0.4   NA    NA     NA     NA   NA 
1913/02/10 16:00:00    NA   NA   NA   NA 15.6   NA 1006.7     NA  2.4   NA    NA     NA     NA   NA 
1913/02/10 20:00:00    NA   NA 15.6   NA 17.2   NA 1005.3     NA  0.8   NA    NA     NA     NA   NA 
1913/02/11 00:00:00    NA   NA 16.1   NA 18.1   NA 1001.6     NA  1.6   NA    NA     NA     NA   NA 
1913/02/11 04:00:00    NA   NA 16.8   NA 21.8   NA  986.7     NA  1.6   NA    NA     NA     NA   NA 
1913/02/11 08:00:00    NA   NA 15.6   NA 19.4   NA  994.1     NA  3.3   NA    NA     NA     NA   NA 
1913/02/11 12:00:00    NA   NA   NA   NA 20.6   NA  996.5     NA  5.5   NA    NA     NA     NA   NA 
1913/02/11 16:00:00    NA   NA   NA   NA 18.3   NA  996.5     NA  4.3   NA    NA     NA     NA   NA 
