1918/03/26 16:00:00  2.08 0.00   NA 15.6   NA 16.1 1021.9 1015.4 -35.0  -73.2 
1918/03/27 16:00:00  3.50 0.00 15.0 18.0   NA 18.0 1024.6 1015.8 -32.6  -74.6 
1918/03/28 16:00:00  4.06 0.00 15.0 19.6 19.4 19.5 1023.2 1016.3 -29.9  -76.7 
1918/03/29 16:00:00  3.88 0.00 15.5 20.1 20.5 20.6 1021.5 1017.0 -27.7  -79.0 
1918/03/30 16:00:00  2.48 0.00   NA 20.5 22.5 21.0 1020.2 1017.0 -26.4  -80.5 
1918/03/31 16:00:00  2.01 0.00 15.0 20.9 23.0 21.2 1021.2 1017.1 -25.3  -81.8 
1918/04/01 16:00:00  2.48 0.00 20.0 21.4 23.0 20.8 1021.6 1017.2 -24.6  -83.8 
1918/04/02 16:00:00  2.70 0.00 20.5 22.0 23.5 21.3 1022.2 1017.3 -23.9  -86.0 
1918/04/03 16:00:00  3.13 0.00 19.0 22.4 22.3 22.1 1021.2 1017.6 -23.5  -88.6 
1918/04/04 16:00:00  2.79 0.00 18.0 22.7 22.3 22.6 1021.6 1017.8 -23.5  -90.9 
1918/04/05 16:00:00  2.41 0.00 19.0 23.0 24.0 22.9 1020.8 1017.8 -23.7  -93.0 
1918/04/06 16:00:00  1.72 0.00 19.0 23.1 24.0 22.9 1020.2 1017.8 -23.7  -94.4 
1918/04/07 16:00:00  1.75 0.00 20.5 23.1 25.0 22.8 1020.4 1017.8 -23.8  -95.9 
1918/04/08 16:00:00  2.57 0.00   NA 23.5 26.0 23.0 1019.5 1017.7 -23.9  -98.1 
1918/04/09 16:00:00  2.94 0.00   NA 23.7   NA 22.9 1015.9 1018.0 -24.4 -100.5 
1918/04/10 16:00:00  2.84 0.00   NA 23.7   NA 23.1 1017.5 1018.3 -25.3 -102.8 
1918/04/11 16:00:00  2.70 0.00   NA 23.7   NA 23.1 1021.6 1018.4 -26.2 -104.9 
1918/04/12 16:00:00  2.13 0.00   NA 24.0   NA 23.4 1025.9 1018.2 -26.6 -106.7 
1918/04/13 16:00:00  2.99 0.00   NA 24.2   NA 23.7 1023.5 1017.9 -26.9 -109.2 
1918/04/16 16:00:00  2.19 0.00   NA 24.3   NA 24.1 1021.6 1017.6 -25.8 -110.7 
1918/04/17 16:00:00  3.04 0.00   NA 25.2   NA 25.0 1019.5 1016.9 -23.8 -112.0 
1918/04/18 16:00:00  3.02 0.00   NA 25.5   NA 25.1 1017.2 1016.2 -21.9 -113.5 
1918/04/19 16:00:00  3.16 0.00   NA 25.7   NA 25.5 1017.0 1015.6 -19.8 -115.0 
1918/04/20 16:00:00  2.20 0.00   NA 25.9   NA 25.7 1018.6 1015.2 -18.4 -116.0 
1918/04/21 16:00:00  3.20 0.00   NA 26.1   NA 26.2 1019.5 1014.5 -16.4 -117.5 
1918/04/22 16:00:00  3.71 0.00   NA 26.6   NA 26.4 1018.6 1013.8 -14.2 -119.4 
1918/04/23 16:00:00  3.58 0.00 24.0 27.0 26.0 26.9 1017.9 1012.7 -12.0 -121.1 
1918/04/24 16:00:00  3.41 0.00 23.5 27.5 28.3 27.2 1014.6 1012.1  -9.8 -122.7 
1918/04/25 16:00:00  2.73 0.00 25.0 27.5 30.0 27.3 1012.6 1011.9  -8.1 -123.9 
1918/04/26 16:00:00  2.91 0.00 25.5 27.7 30.0 27.3 1012.6 1011.5  -6.1 -125.1 
1918/04/27 16:00:00  2.88 0.00 26.0 27.7 30.0 27.6 1011.9 1011.1  -4.1 -126.0 
1918/04/28 16:00:00  2.79 0.00 25.0 27.3 30.0 27.7 1012.9 1011.0  -2.1 -126.8 
1918/04/29 16:00:00  2.04 0.00 26.0 26.7 29.5 27.0 1012.2 1010.8  -0.6 -127.4 
1918/04/30 16:00:00  0.80 0.00 24.5 26.5 26.5 26.8 1012.6 1010.9   0.0 -127.5 
1918/05/01 16:00:00  2.52 0.00 25.0 26.7 30.0 27.0 1011.9 1011.0   1.9 -127.9 
1918/05/02 16:00:00  2.98 0.00 26.0 27.8 31.5 28.3 1011.9 1011.2   4.1 -128.7 
1918/05/03 16:00:00  2.66 0.00 26.0 27.6 26.0 27.8 1011.9 1011.7   6.1 -129.3 
1918/05/04 16:00:00  3.65 0.00 28.0 27.5 29.5 27.6 1012.2 1012.3   8.2 -131.2 
1918/05/05 16:00:00  3.38 0.00 24.6 27.0 28.6 27.1 1011.1 1012.6   9.9 -133.2 
1918/05/06 16:00:00  2.71 0.00 25.5 26.6 28.0 26.8 1011.3 1013.0  11.0 -135.1 
1918/05/07 16:00:00  3.23 0.00 23.0 26.1 26.2 25.9 1013.3 1014.0  12.2 -137.3 
1918/05/08 16:00:00  3.73 0.00 26.0 25.5 27.0 25.8 1015.1 1014.4  13.8 -139.8 
1918/05/09 16:00:00  4.44 0.00 24.5 24.7 27.0 25.3 1016.6 1015.4  15.7 -142.8 
1918/05/10 16:00:00  3.92 0.00 24.0 24.4 26.0 25.2 1016.6 1016.6  17.0 -145.6 
1918/05/11 16:00:00  3.15 0.00 23.5 24.1 26.5 24.7 1017.5 1017.1  18.2 -147.9 
1918/05/12 16:00:00  2.43 0.00 23.5 24.4 25.0 24.8 1015.9 1017.0  18.8 -149.8 
1918/05/13 16:00:00  1.81 0.00 23.0 24.5 26.3 24.6 1017.5 1017.5  19.4 -151.1 
1918/05/14 16:00:00  1.74 0.00 23.0 24.8 23.0 25.0 1016.8 1017.4  19.7 -152.5 
1918/05/15 16:00:00  2.73 0.00 23.0 24.7 26.0 25.2 1017.6 1017.7  20.4 -154.6 
1918/05/16 16:00:00  2.85 0.00 24.0 25.0 24.5 25.5 1015.9 1017.5  20.5 -157.0 
1918/05/26 16:00:00  3.54 0.00 24.0 25.6 25.0 25.7 1018.6 1017.1  20.9 -160.8 
1918/05/27 16:00:00  2.47 0.00 23.7 25.7 25.9 26.3 1015.9 1017.1  20.6 -162.9 
1918/05/28 16:00:00  1.88 0.00 25.0 25.9 26.5 26.2 1016.6 1017.0  20.4 -164.4 
1918/05/30 16:00:00  0.88 0.00 25.0 26.0 26.5 26.8 1016.6 1016.9  20.1 -167.6 
1918/05/31 16:00:00  2.50 0.00 26.0 26.5 27.0 26.9 1016.2 1015.9  18.8 -169.1 
1918/06/01 16:00:00  2.83 0.00 24.0 26.8 26.0 27.3 1015.9 1015.4  17.8 -171.1 
1918/06/02 16:00:00  2.89 0.00 24.8 26.9 27.3 28.1 1015.5 1015.3  17.8 -173.5 
1918/06/03 16:00:00  2.29 0.00 24.0 26.9 28.0 28.2 1023.9 1015.3  17.8 -175.3 
1918/06/04 16:00:00  2.35 0.00 25.0 27.0 27.0 28.1 1013.3 1015.2  17.8 -177.3 
1918/06/05 16:00:00  2.68 0.00 25.0 27.1 29.0 28.0 1013.9 1015.1  17.8 -179.5 
1918/06/07 16:00:00  1.26 0.00 25.0 27.5 27.5 28.3 1014.9 1015.0  17.8  178.5 
1918/06/08 16:00:00  3.12 0.00 24.8 27.4 27.0 29.0 1016.6 1014.7  17.8  175.9 
1918/06/09 16:00:00  2.82 0.00 24.6 27.5 27.4 28.6 1016.6 1014.5  17.8  173.6 
1918/06/10 16:00:00  2.46 0.00 24.5 27.5 27.5 28.8 1016.6 1014.4  17.8  171.6 
1918/06/11 16:00:00  2.61 0.00 27.0 27.6 28.0 28.7 1016.6 1014.2  17.9  169.5 
1918/06/12 16:00:00  2.36 0.00 27.0 27.7 30.5 28.7 1016.0 1014.4  18.7  167.8 
1918/06/13 16:00:00  2.58 0.00 30.4 27.9 33.0 28.9 1013.9 1014.6  19.5  165.8 
1918/06/14 16:00:00  3.28 0.00 28.5 28.1 29.5 29.0 1013.3 1014.7  20.3  163.2 
1918/06/15 16:00:00  3.18 0.00 28.0 28.1 29.0 28.9 1014.2 1014.6  21.1  160.7 
1918/06/16 16:00:00  3.20 0.00 27.0 28.2 29.0 28.5 1013.3 1014.6  22.2  158.3 
1918/06/17 16:00:00  2.99 0.00 28.0 28.2 29.0 28.7 1011.9 1014.5  23.4  156.2 
1918/06/18 16:00:00  3.15 0.00   NA 27.9 28.0 28.5 1011.9 1014.2  24.0  153.6 
1918/06/19 16:00:00  3.33 0.00 26.5 28.1 27.5 29.1 1014.6 1013.6  24.4  150.8 
1918/06/20 16:00:00  1.01 0.00 25.5 28.1 28.5 29.1 1014.2 1013.4  24.4  150.0 
1918/06/21 16:00:00  4.77 0.00 26.4 27.2 32.5 28.1 1015.1 1012.8  26.1  146.4 
1918/06/22 16:00:00  2.98 0.00 26.7 26.5 29.0 27.1 1015.1 1012.2  28.0  144.8 
1918/06/23 16:00:00  1.59 0.00 26.0 24.9 27.0 25.8 1014.6 1011.9  29.2  144.7 
1918/06/24 16:00:00  3.26 0.00 24.0 24.0 25.8 25.4 1011.9 1011.2  31.3  143.0 
1918/06/25 16:00:00  2.73 0.00 24.1 24.1 25.8 24.9 1010.9 1010.9  33.0  141.5 
1918/06/26 16:00:00  3.19 0.00 21.3 22.9 22.3 23.9 1006.2 1010.2  35.0  139.7 
